[2022-06-17 12:36:36,937] {processor.py:153} INFO - Started process (PID=15701) to work on /home/jarret/data-engineering-bootcamp/workspace/airflow-code-review/venv/lib/python3.7/site-packages/airflow/example_dags/plugins/workday.py
[2022-06-17 12:36:36,938] {processor.py:641} INFO - Processing file /home/jarret/data-engineering-bootcamp/workspace/airflow-code-review/venv/lib/python3.7/site-packages/airflow/example_dags/plugins/workday.py for tasks to queue
[2022-06-17 12:36:36,939] {logging_mixin.py:115} INFO - [2022-06-17 12:36:36,938] {dagbag.py:507} INFO - Filling up the DagBag from /home/jarret/data-engineering-bootcamp/workspace/airflow-code-review/venv/lib/python3.7/site-packages/airflow/example_dags/plugins/workday.py
[2022-06-17 12:36:36,941] {processor.py:653} WARNING - No viable dags retrieved from /home/jarret/data-engineering-bootcamp/workspace/airflow-code-review/venv/lib/python3.7/site-packages/airflow/example_dags/plugins/workday.py
[2022-06-17 12:36:36,948] {processor.py:161} INFO - Processing /home/jarret/data-engineering-bootcamp/workspace/airflow-code-review/venv/lib/python3.7/site-packages/airflow/example_dags/plugins/workday.py took 0.014 seconds
[2022-06-17 12:37:56,906] {processor.py:153} INFO - Started process (PID=15748) to work on /home/jarret/data-engineering-bootcamp/workspace/airflow-code-review/venv/lib/python3.7/site-packages/airflow/example_dags/plugins/workday.py
[2022-06-17 12:37:56,908] {processor.py:641} INFO - Processing file /home/jarret/data-engineering-bootcamp/workspace/airflow-code-review/venv/lib/python3.7/site-packages/airflow/example_dags/plugins/workday.py for tasks to queue
[2022-06-17 12:37:56,909] {logging_mixin.py:115} INFO - [2022-06-17 12:37:56,908] {dagbag.py:507} INFO - Filling up the DagBag from /home/jarret/data-engineering-bootcamp/workspace/airflow-code-review/venv/lib/python3.7/site-packages/airflow/example_dags/plugins/workday.py
[2022-06-17 12:37:56,910] {processor.py:653} WARNING - No viable dags retrieved from /home/jarret/data-engineering-bootcamp/workspace/airflow-code-review/venv/lib/python3.7/site-packages/airflow/example_dags/plugins/workday.py
[2022-06-17 12:37:56,916] {processor.py:161} INFO - Processing /home/jarret/data-engineering-bootcamp/workspace/airflow-code-review/venv/lib/python3.7/site-packages/airflow/example_dags/plugins/workday.py took 0.013 seconds
[2022-06-17 12:39:00,428] {processor.py:153} INFO - Started process (PID=15807) to work on /home/jarret/data-engineering-bootcamp/workspace/airflow-code-review/venv/lib/python3.7/site-packages/airflow/example_dags/plugins/workday.py
[2022-06-17 12:39:00,430] {processor.py:641} INFO - Processing file /home/jarret/data-engineering-bootcamp/workspace/airflow-code-review/venv/lib/python3.7/site-packages/airflow/example_dags/plugins/workday.py for tasks to queue
[2022-06-17 12:39:00,431] {logging_mixin.py:115} INFO - [2022-06-17 12:39:00,430] {dagbag.py:507} INFO - Filling up the DagBag from /home/jarret/data-engineering-bootcamp/workspace/airflow-code-review/venv/lib/python3.7/site-packages/airflow/example_dags/plugins/workday.py
[2022-06-17 12:39:00,433] {processor.py:653} WARNING - No viable dags retrieved from /home/jarret/data-engineering-bootcamp/workspace/airflow-code-review/venv/lib/python3.7/site-packages/airflow/example_dags/plugins/workday.py
[2022-06-17 12:39:00,439] {processor.py:161} INFO - Processing /home/jarret/data-engineering-bootcamp/workspace/airflow-code-review/venv/lib/python3.7/site-packages/airflow/example_dags/plugins/workday.py took 0.014 seconds
[2022-06-17 12:39:53,330] {processor.py:153} INFO - Started process (PID=15853) to work on /home/jarret/data-engineering-bootcamp/workspace/airflow-code-review/venv/lib/python3.7/site-packages/airflow/example_dags/plugins/workday.py
[2022-06-17 12:39:53,952] {processor.py:641} INFO - Processing file /home/jarret/data-engineering-bootcamp/workspace/airflow-code-review/venv/lib/python3.7/site-packages/airflow/example_dags/plugins/workday.py for tasks to queue
[2022-06-17 12:39:53,952] {logging_mixin.py:115} INFO - [2022-06-17 12:39:53,952] {dagbag.py:507} INFO - Filling up the DagBag from /home/jarret/data-engineering-bootcamp/workspace/airflow-code-review/venv/lib/python3.7/site-packages/airflow/example_dags/plugins/workday.py
[2022-06-17 12:39:53,955] {processor.py:653} WARNING - No viable dags retrieved from /home/jarret/data-engineering-bootcamp/workspace/airflow-code-review/venv/lib/python3.7/site-packages/airflow/example_dags/plugins/workday.py
[2022-06-17 12:39:53,961] {processor.py:161} INFO - Processing /home/jarret/data-engineering-bootcamp/workspace/airflow-code-review/venv/lib/python3.7/site-packages/airflow/example_dags/plugins/workday.py took 0.632 seconds
[2022-06-17 12:41:02,689] {processor.py:153} INFO - Started process (PID=15955) to work on /home/jarret/data-engineering-bootcamp/workspace/airflow-code-review/venv/lib/python3.7/site-packages/airflow/example_dags/plugins/workday.py
[2022-06-17 12:41:02,713] {processor.py:641} INFO - Processing file /home/jarret/data-engineering-bootcamp/workspace/airflow-code-review/venv/lib/python3.7/site-packages/airflow/example_dags/plugins/workday.py for tasks to queue
[2022-06-17 12:41:02,714] {logging_mixin.py:115} INFO - [2022-06-17 12:41:02,714] {dagbag.py:507} INFO - Filling up the DagBag from /home/jarret/data-engineering-bootcamp/workspace/airflow-code-review/venv/lib/python3.7/site-packages/airflow/example_dags/plugins/workday.py
[2022-06-17 12:41:02,716] {processor.py:653} WARNING - No viable dags retrieved from /home/jarret/data-engineering-bootcamp/workspace/airflow-code-review/venv/lib/python3.7/site-packages/airflow/example_dags/plugins/workday.py
[2022-06-17 12:41:02,730] {processor.py:161} INFO - Processing /home/jarret/data-engineering-bootcamp/workspace/airflow-code-review/venv/lib/python3.7/site-packages/airflow/example_dags/plugins/workday.py took 0.045 seconds
[2022-06-17 12:41:47,472] {processor.py:153} INFO - Started process (PID=15998) to work on /home/jarret/data-engineering-bootcamp/workspace/airflow-code-review/venv/lib/python3.7/site-packages/airflow/example_dags/plugins/workday.py
[2022-06-17 12:41:47,483] {processor.py:641} INFO - Processing file /home/jarret/data-engineering-bootcamp/workspace/airflow-code-review/venv/lib/python3.7/site-packages/airflow/example_dags/plugins/workday.py for tasks to queue
[2022-06-17 12:41:47,484] {logging_mixin.py:115} INFO - [2022-06-17 12:41:47,484] {dagbag.py:507} INFO - Filling up the DagBag from /home/jarret/data-engineering-bootcamp/workspace/airflow-code-review/venv/lib/python3.7/site-packages/airflow/example_dags/plugins/workday.py
[2022-06-17 12:41:47,485] {processor.py:653} WARNING - No viable dags retrieved from /home/jarret/data-engineering-bootcamp/workspace/airflow-code-review/venv/lib/python3.7/site-packages/airflow/example_dags/plugins/workday.py
[2022-06-17 12:41:47,491] {processor.py:161} INFO - Processing /home/jarret/data-engineering-bootcamp/workspace/airflow-code-review/venv/lib/python3.7/site-packages/airflow/example_dags/plugins/workday.py took 0.023 seconds
[2022-06-17 12:42:53,001] {processor.py:153} INFO - Started process (PID=16082) to work on /home/jarret/data-engineering-bootcamp/workspace/airflow-code-review/venv/lib/python3.7/site-packages/airflow/example_dags/plugins/workday.py
[2022-06-17 12:42:53,052] {processor.py:641} INFO - Processing file /home/jarret/data-engineering-bootcamp/workspace/airflow-code-review/venv/lib/python3.7/site-packages/airflow/example_dags/plugins/workday.py for tasks to queue
[2022-06-17 12:42:53,052] {logging_mixin.py:115} INFO - [2022-06-17 12:42:53,052] {dagbag.py:507} INFO - Filling up the DagBag from /home/jarret/data-engineering-bootcamp/workspace/airflow-code-review/venv/lib/python3.7/site-packages/airflow/example_dags/plugins/workday.py
[2022-06-17 12:42:53,055] {processor.py:653} WARNING - No viable dags retrieved from /home/jarret/data-engineering-bootcamp/workspace/airflow-code-review/venv/lib/python3.7/site-packages/airflow/example_dags/plugins/workday.py
[2022-06-17 12:42:53,061] {processor.py:161} INFO - Processing /home/jarret/data-engineering-bootcamp/workspace/airflow-code-review/venv/lib/python3.7/site-packages/airflow/example_dags/plugins/workday.py took 0.063 seconds
[2022-06-17 12:43:57,312] {processor.py:153} INFO - Started process (PID=16201) to work on /home/jarret/data-engineering-bootcamp/workspace/airflow-code-review/venv/lib/python3.7/site-packages/airflow/example_dags/plugins/workday.py
[2022-06-17 12:43:57,314] {processor.py:641} INFO - Processing file /home/jarret/data-engineering-bootcamp/workspace/airflow-code-review/venv/lib/python3.7/site-packages/airflow/example_dags/plugins/workday.py for tasks to queue
[2022-06-17 12:43:57,315] {logging_mixin.py:115} INFO - [2022-06-17 12:43:57,315] {dagbag.py:507} INFO - Filling up the DagBag from /home/jarret/data-engineering-bootcamp/workspace/airflow-code-review/venv/lib/python3.7/site-packages/airflow/example_dags/plugins/workday.py
[2022-06-17 12:43:57,317] {processor.py:653} WARNING - No viable dags retrieved from /home/jarret/data-engineering-bootcamp/workspace/airflow-code-review/venv/lib/python3.7/site-packages/airflow/example_dags/plugins/workday.py
[2022-06-17 12:43:57,329] {processor.py:161} INFO - Processing /home/jarret/data-engineering-bootcamp/workspace/airflow-code-review/venv/lib/python3.7/site-packages/airflow/example_dags/plugins/workday.py took 0.019 seconds
[2022-06-17 12:45:07,226] {processor.py:153} INFO - Started process (PID=16300) to work on /home/jarret/data-engineering-bootcamp/workspace/airflow-code-review/venv/lib/python3.7/site-packages/airflow/example_dags/plugins/workday.py
[2022-06-17 12:45:07,768] {processor.py:641} INFO - Processing file /home/jarret/data-engineering-bootcamp/workspace/airflow-code-review/venv/lib/python3.7/site-packages/airflow/example_dags/plugins/workday.py for tasks to queue
[2022-06-17 12:45:07,768] {logging_mixin.py:115} INFO - [2022-06-17 12:45:07,768] {dagbag.py:507} INFO - Filling up the DagBag from /home/jarret/data-engineering-bootcamp/workspace/airflow-code-review/venv/lib/python3.7/site-packages/airflow/example_dags/plugins/workday.py
[2022-06-17 12:45:07,770] {processor.py:653} WARNING - No viable dags retrieved from /home/jarret/data-engineering-bootcamp/workspace/airflow-code-review/venv/lib/python3.7/site-packages/airflow/example_dags/plugins/workday.py
[2022-06-17 12:45:07,778] {processor.py:161} INFO - Processing /home/jarret/data-engineering-bootcamp/workspace/airflow-code-review/venv/lib/python3.7/site-packages/airflow/example_dags/plugins/workday.py took 0.555 seconds
[2022-06-17 12:46:22,884] {processor.py:153} INFO - Started process (PID=16437) to work on /home/jarret/data-engineering-bootcamp/workspace/airflow-code-review/venv/lib/python3.7/site-packages/airflow/example_dags/plugins/workday.py
[2022-06-17 12:46:23,067] {processor.py:641} INFO - Processing file /home/jarret/data-engineering-bootcamp/workspace/airflow-code-review/venv/lib/python3.7/site-packages/airflow/example_dags/plugins/workday.py for tasks to queue
[2022-06-17 12:46:23,068] {logging_mixin.py:115} INFO - [2022-06-17 12:46:23,068] {dagbag.py:507} INFO - Filling up the DagBag from /home/jarret/data-engineering-bootcamp/workspace/airflow-code-review/venv/lib/python3.7/site-packages/airflow/example_dags/plugins/workday.py
[2022-06-17 12:46:23,070] {processor.py:653} WARNING - No viable dags retrieved from /home/jarret/data-engineering-bootcamp/workspace/airflow-code-review/venv/lib/python3.7/site-packages/airflow/example_dags/plugins/workday.py
[2022-06-17 12:46:23,086] {processor.py:161} INFO - Processing /home/jarret/data-engineering-bootcamp/workspace/airflow-code-review/venv/lib/python3.7/site-packages/airflow/example_dags/plugins/workday.py took 0.205 seconds
[2022-06-17 12:47:20,245] {processor.py:153} INFO - Started process (PID=16496) to work on /home/jarret/data-engineering-bootcamp/workspace/airflow-code-review/venv/lib/python3.7/site-packages/airflow/example_dags/plugins/workday.py
[2022-06-17 12:47:20,256] {processor.py:641} INFO - Processing file /home/jarret/data-engineering-bootcamp/workspace/airflow-code-review/venv/lib/python3.7/site-packages/airflow/example_dags/plugins/workday.py for tasks to queue
[2022-06-17 12:47:20,257] {logging_mixin.py:115} INFO - [2022-06-17 12:47:20,257] {dagbag.py:507} INFO - Filling up the DagBag from /home/jarret/data-engineering-bootcamp/workspace/airflow-code-review/venv/lib/python3.7/site-packages/airflow/example_dags/plugins/workday.py
[2022-06-17 12:47:20,259] {processor.py:653} WARNING - No viable dags retrieved from /home/jarret/data-engineering-bootcamp/workspace/airflow-code-review/venv/lib/python3.7/site-packages/airflow/example_dags/plugins/workday.py
[2022-06-17 12:47:20,268] {processor.py:161} INFO - Processing /home/jarret/data-engineering-bootcamp/workspace/airflow-code-review/venv/lib/python3.7/site-packages/airflow/example_dags/plugins/workday.py took 0.027 seconds
[2022-06-17 12:48:30,089] {processor.py:153} INFO - Started process (PID=16546) to work on /home/jarret/data-engineering-bootcamp/workspace/airflow-code-review/venv/lib/python3.7/site-packages/airflow/example_dags/plugins/workday.py
[2022-06-17 12:48:30,167] {processor.py:641} INFO - Processing file /home/jarret/data-engineering-bootcamp/workspace/airflow-code-review/venv/lib/python3.7/site-packages/airflow/example_dags/plugins/workday.py for tasks to queue
[2022-06-17 12:48:30,168] {logging_mixin.py:115} INFO - [2022-06-17 12:48:30,168] {dagbag.py:507} INFO - Filling up the DagBag from /home/jarret/data-engineering-bootcamp/workspace/airflow-code-review/venv/lib/python3.7/site-packages/airflow/example_dags/plugins/workday.py
[2022-06-17 12:48:30,170] {processor.py:653} WARNING - No viable dags retrieved from /home/jarret/data-engineering-bootcamp/workspace/airflow-code-review/venv/lib/python3.7/site-packages/airflow/example_dags/plugins/workday.py
[2022-06-17 12:48:30,182] {processor.py:161} INFO - Processing /home/jarret/data-engineering-bootcamp/workspace/airflow-code-review/venv/lib/python3.7/site-packages/airflow/example_dags/plugins/workday.py took 0.095 seconds
[2022-06-17 12:49:48,658] {processor.py:153} INFO - Started process (PID=16681) to work on /home/jarret/data-engineering-bootcamp/workspace/airflow-code-review/venv/lib/python3.7/site-packages/airflow/example_dags/plugins/workday.py
[2022-06-17 12:49:48,845] {processor.py:641} INFO - Processing file /home/jarret/data-engineering-bootcamp/workspace/airflow-code-review/venv/lib/python3.7/site-packages/airflow/example_dags/plugins/workday.py for tasks to queue
[2022-06-17 12:49:48,846] {logging_mixin.py:115} INFO - [2022-06-17 12:49:48,845] {dagbag.py:507} INFO - Filling up the DagBag from /home/jarret/data-engineering-bootcamp/workspace/airflow-code-review/venv/lib/python3.7/site-packages/airflow/example_dags/plugins/workday.py
[2022-06-17 12:49:48,848] {processor.py:653} WARNING - No viable dags retrieved from /home/jarret/data-engineering-bootcamp/workspace/airflow-code-review/venv/lib/python3.7/site-packages/airflow/example_dags/plugins/workday.py
[2022-06-17 12:49:48,858] {processor.py:161} INFO - Processing /home/jarret/data-engineering-bootcamp/workspace/airflow-code-review/venv/lib/python3.7/site-packages/airflow/example_dags/plugins/workday.py took 0.203 seconds
[2022-06-17 12:50:46,437] {processor.py:153} INFO - Started process (PID=16768) to work on /home/jarret/data-engineering-bootcamp/workspace/airflow-code-review/venv/lib/python3.7/site-packages/airflow/example_dags/plugins/workday.py
[2022-06-17 12:50:46,475] {processor.py:641} INFO - Processing file /home/jarret/data-engineering-bootcamp/workspace/airflow-code-review/venv/lib/python3.7/site-packages/airflow/example_dags/plugins/workday.py for tasks to queue
[2022-06-17 12:50:46,475] {logging_mixin.py:115} INFO - [2022-06-17 12:50:46,475] {dagbag.py:507} INFO - Filling up the DagBag from /home/jarret/data-engineering-bootcamp/workspace/airflow-code-review/venv/lib/python3.7/site-packages/airflow/example_dags/plugins/workday.py
[2022-06-17 12:50:46,478] {processor.py:653} WARNING - No viable dags retrieved from /home/jarret/data-engineering-bootcamp/workspace/airflow-code-review/venv/lib/python3.7/site-packages/airflow/example_dags/plugins/workday.py
[2022-06-17 12:50:46,488] {processor.py:161} INFO - Processing /home/jarret/data-engineering-bootcamp/workspace/airflow-code-review/venv/lib/python3.7/site-packages/airflow/example_dags/plugins/workday.py took 0.054 seconds
[2022-06-17 12:51:57,358] {processor.py:153} INFO - Started process (PID=16897) to work on /home/jarret/data-engineering-bootcamp/workspace/airflow-code-review/venv/lib/python3.7/site-packages/airflow/example_dags/plugins/workday.py
[2022-06-17 12:51:57,359] {processor.py:641} INFO - Processing file /home/jarret/data-engineering-bootcamp/workspace/airflow-code-review/venv/lib/python3.7/site-packages/airflow/example_dags/plugins/workday.py for tasks to queue
[2022-06-17 12:51:57,360] {logging_mixin.py:115} INFO - [2022-06-17 12:51:57,359] {dagbag.py:507} INFO - Filling up the DagBag from /home/jarret/data-engineering-bootcamp/workspace/airflow-code-review/venv/lib/python3.7/site-packages/airflow/example_dags/plugins/workday.py
[2022-06-17 12:51:57,362] {processor.py:653} WARNING - No viable dags retrieved from /home/jarret/data-engineering-bootcamp/workspace/airflow-code-review/venv/lib/python3.7/site-packages/airflow/example_dags/plugins/workday.py
[2022-06-17 12:51:57,369] {processor.py:161} INFO - Processing /home/jarret/data-engineering-bootcamp/workspace/airflow-code-review/venv/lib/python3.7/site-packages/airflow/example_dags/plugins/workday.py took 0.014 seconds
[2022-06-17 12:52:54,755] {processor.py:153} INFO - Started process (PID=16965) to work on /home/jarret/data-engineering-bootcamp/workspace/airflow-code-review/venv/lib/python3.7/site-packages/airflow/example_dags/plugins/workday.py
[2022-06-17 12:52:54,768] {processor.py:641} INFO - Processing file /home/jarret/data-engineering-bootcamp/workspace/airflow-code-review/venv/lib/python3.7/site-packages/airflow/example_dags/plugins/workday.py for tasks to queue
[2022-06-17 12:52:54,768] {logging_mixin.py:115} INFO - [2022-06-17 12:52:54,768] {dagbag.py:507} INFO - Filling up the DagBag from /home/jarret/data-engineering-bootcamp/workspace/airflow-code-review/venv/lib/python3.7/site-packages/airflow/example_dags/plugins/workday.py
[2022-06-17 12:52:54,769] {processor.py:653} WARNING - No viable dags retrieved from /home/jarret/data-engineering-bootcamp/workspace/airflow-code-review/venv/lib/python3.7/site-packages/airflow/example_dags/plugins/workday.py
[2022-06-17 12:52:54,776] {processor.py:161} INFO - Processing /home/jarret/data-engineering-bootcamp/workspace/airflow-code-review/venv/lib/python3.7/site-packages/airflow/example_dags/plugins/workday.py took 0.023 seconds
[2022-06-17 12:54:09,988] {processor.py:153} INFO - Started process (PID=17048) to work on /home/jarret/data-engineering-bootcamp/workspace/airflow-code-review/venv/lib/python3.7/site-packages/airflow/example_dags/plugins/workday.py
[2022-06-17 12:54:10,054] {processor.py:641} INFO - Processing file /home/jarret/data-engineering-bootcamp/workspace/airflow-code-review/venv/lib/python3.7/site-packages/airflow/example_dags/plugins/workday.py for tasks to queue
[2022-06-17 12:54:10,055] {logging_mixin.py:115} INFO - [2022-06-17 12:54:10,055] {dagbag.py:507} INFO - Filling up the DagBag from /home/jarret/data-engineering-bootcamp/workspace/airflow-code-review/venv/lib/python3.7/site-packages/airflow/example_dags/plugins/workday.py
[2022-06-17 12:54:10,057] {processor.py:653} WARNING - No viable dags retrieved from /home/jarret/data-engineering-bootcamp/workspace/airflow-code-review/venv/lib/python3.7/site-packages/airflow/example_dags/plugins/workday.py
[2022-06-17 12:54:10,070] {processor.py:161} INFO - Processing /home/jarret/data-engineering-bootcamp/workspace/airflow-code-review/venv/lib/python3.7/site-packages/airflow/example_dags/plugins/workday.py took 0.085 seconds
[2022-06-17 12:55:08,419] {processor.py:153} INFO - Started process (PID=17093) to work on /home/jarret/data-engineering-bootcamp/workspace/airflow-code-review/venv/lib/python3.7/site-packages/airflow/example_dags/plugins/workday.py
[2022-06-17 12:55:08,421] {processor.py:641} INFO - Processing file /home/jarret/data-engineering-bootcamp/workspace/airflow-code-review/venv/lib/python3.7/site-packages/airflow/example_dags/plugins/workday.py for tasks to queue
[2022-06-17 12:55:08,421] {logging_mixin.py:115} INFO - [2022-06-17 12:55:08,421] {dagbag.py:507} INFO - Filling up the DagBag from /home/jarret/data-engineering-bootcamp/workspace/airflow-code-review/venv/lib/python3.7/site-packages/airflow/example_dags/plugins/workday.py
[2022-06-17 12:55:08,422] {processor.py:653} WARNING - No viable dags retrieved from /home/jarret/data-engineering-bootcamp/workspace/airflow-code-review/venv/lib/python3.7/site-packages/airflow/example_dags/plugins/workday.py
[2022-06-17 12:55:08,429] {processor.py:161} INFO - Processing /home/jarret/data-engineering-bootcamp/workspace/airflow-code-review/venv/lib/python3.7/site-packages/airflow/example_dags/plugins/workday.py took 0.013 seconds
[2022-06-17 12:56:02,649] {processor.py:153} INFO - Started process (PID=17149) to work on /home/jarret/data-engineering-bootcamp/workspace/airflow-code-review/venv/lib/python3.7/site-packages/airflow/example_dags/plugins/workday.py
[2022-06-17 12:56:02,650] {processor.py:641} INFO - Processing file /home/jarret/data-engineering-bootcamp/workspace/airflow-code-review/venv/lib/python3.7/site-packages/airflow/example_dags/plugins/workday.py for tasks to queue
[2022-06-17 12:56:02,651] {logging_mixin.py:115} INFO - [2022-06-17 12:56:02,651] {dagbag.py:507} INFO - Filling up the DagBag from /home/jarret/data-engineering-bootcamp/workspace/airflow-code-review/venv/lib/python3.7/site-packages/airflow/example_dags/plugins/workday.py
[2022-06-17 12:56:02,653] {processor.py:653} WARNING - No viable dags retrieved from /home/jarret/data-engineering-bootcamp/workspace/airflow-code-review/venv/lib/python3.7/site-packages/airflow/example_dags/plugins/workday.py
[2022-06-17 12:56:02,664] {processor.py:161} INFO - Processing /home/jarret/data-engineering-bootcamp/workspace/airflow-code-review/venv/lib/python3.7/site-packages/airflow/example_dags/plugins/workday.py took 0.019 seconds
[2022-06-17 12:56:55,173] {processor.py:153} INFO - Started process (PID=17229) to work on /home/jarret/data-engineering-bootcamp/workspace/airflow-code-review/venv/lib/python3.7/site-packages/airflow/example_dags/plugins/workday.py
[2022-06-17 12:56:55,175] {processor.py:641} INFO - Processing file /home/jarret/data-engineering-bootcamp/workspace/airflow-code-review/venv/lib/python3.7/site-packages/airflow/example_dags/plugins/workday.py for tasks to queue
[2022-06-17 12:56:55,175] {logging_mixin.py:115} INFO - [2022-06-17 12:56:55,175] {dagbag.py:507} INFO - Filling up the DagBag from /home/jarret/data-engineering-bootcamp/workspace/airflow-code-review/venv/lib/python3.7/site-packages/airflow/example_dags/plugins/workday.py
[2022-06-17 12:56:55,177] {processor.py:653} WARNING - No viable dags retrieved from /home/jarret/data-engineering-bootcamp/workspace/airflow-code-review/venv/lib/python3.7/site-packages/airflow/example_dags/plugins/workday.py
[2022-06-17 12:56:55,185] {processor.py:161} INFO - Processing /home/jarret/data-engineering-bootcamp/workspace/airflow-code-review/venv/lib/python3.7/site-packages/airflow/example_dags/plugins/workday.py took 0.016 seconds
[2022-06-17 12:58:22,159] {processor.py:153} INFO - Started process (PID=17301) to work on /home/jarret/data-engineering-bootcamp/workspace/airflow-code-review/venv/lib/python3.7/site-packages/airflow/example_dags/plugins/workday.py
[2022-06-17 12:58:22,230] {processor.py:641} INFO - Processing file /home/jarret/data-engineering-bootcamp/workspace/airflow-code-review/venv/lib/python3.7/site-packages/airflow/example_dags/plugins/workday.py for tasks to queue
[2022-06-17 12:58:22,231] {logging_mixin.py:115} INFO - [2022-06-17 12:58:22,231] {dagbag.py:507} INFO - Filling up the DagBag from /home/jarret/data-engineering-bootcamp/workspace/airflow-code-review/venv/lib/python3.7/site-packages/airflow/example_dags/plugins/workday.py
[2022-06-17 12:58:22,233] {processor.py:653} WARNING - No viable dags retrieved from /home/jarret/data-engineering-bootcamp/workspace/airflow-code-review/venv/lib/python3.7/site-packages/airflow/example_dags/plugins/workday.py
[2022-06-17 12:58:22,242] {processor.py:161} INFO - Processing /home/jarret/data-engineering-bootcamp/workspace/airflow-code-review/venv/lib/python3.7/site-packages/airflow/example_dags/plugins/workday.py took 0.085 seconds
[2022-06-17 12:59:12,049] {processor.py:153} INFO - Started process (PID=17401) to work on /home/jarret/data-engineering-bootcamp/workspace/airflow-code-review/venv/lib/python3.7/site-packages/airflow/example_dags/plugins/workday.py
[2022-06-17 12:59:12,050] {processor.py:641} INFO - Processing file /home/jarret/data-engineering-bootcamp/workspace/airflow-code-review/venv/lib/python3.7/site-packages/airflow/example_dags/plugins/workday.py for tasks to queue
[2022-06-17 12:59:12,051] {logging_mixin.py:115} INFO - [2022-06-17 12:59:12,051] {dagbag.py:507} INFO - Filling up the DagBag from /home/jarret/data-engineering-bootcamp/workspace/airflow-code-review/venv/lib/python3.7/site-packages/airflow/example_dags/plugins/workday.py
[2022-06-17 12:59:12,053] {processor.py:653} WARNING - No viable dags retrieved from /home/jarret/data-engineering-bootcamp/workspace/airflow-code-review/venv/lib/python3.7/site-packages/airflow/example_dags/plugins/workday.py
[2022-06-17 12:59:12,059] {processor.py:161} INFO - Processing /home/jarret/data-engineering-bootcamp/workspace/airflow-code-review/venv/lib/python3.7/site-packages/airflow/example_dags/plugins/workday.py took 0.013 seconds
[2022-06-17 12:59:50,925] {processor.py:153} INFO - Started process (PID=17477) to work on /home/jarret/data-engineering-bootcamp/workspace/airflow-code-review/venv/lib/python3.7/site-packages/airflow/example_dags/plugins/workday.py
[2022-06-17 12:59:50,926] {processor.py:641} INFO - Processing file /home/jarret/data-engineering-bootcamp/workspace/airflow-code-review/venv/lib/python3.7/site-packages/airflow/example_dags/plugins/workday.py for tasks to queue
[2022-06-17 12:59:50,927] {logging_mixin.py:115} INFO - [2022-06-17 12:59:50,927] {dagbag.py:507} INFO - Filling up the DagBag from /home/jarret/data-engineering-bootcamp/workspace/airflow-code-review/venv/lib/python3.7/site-packages/airflow/example_dags/plugins/workday.py
[2022-06-17 12:59:50,929] {processor.py:653} WARNING - No viable dags retrieved from /home/jarret/data-engineering-bootcamp/workspace/airflow-code-review/venv/lib/python3.7/site-packages/airflow/example_dags/plugins/workday.py
[2022-06-17 12:59:50,937] {processor.py:161} INFO - Processing /home/jarret/data-engineering-bootcamp/workspace/airflow-code-review/venv/lib/python3.7/site-packages/airflow/example_dags/plugins/workday.py took 0.015 seconds
[2022-06-17 13:00:36,077] {processor.py:153} INFO - Started process (PID=17540) to work on /home/jarret/data-engineering-bootcamp/workspace/airflow-code-review/venv/lib/python3.7/site-packages/airflow/example_dags/plugins/workday.py
[2022-06-17 13:00:36,202] {processor.py:641} INFO - Processing file /home/jarret/data-engineering-bootcamp/workspace/airflow-code-review/venv/lib/python3.7/site-packages/airflow/example_dags/plugins/workday.py for tasks to queue
[2022-06-17 13:00:36,202] {logging_mixin.py:115} INFO - [2022-06-17 13:00:36,202] {dagbag.py:507} INFO - Filling up the DagBag from /home/jarret/data-engineering-bootcamp/workspace/airflow-code-review/venv/lib/python3.7/site-packages/airflow/example_dags/plugins/workday.py
[2022-06-17 13:00:36,204] {processor.py:653} WARNING - No viable dags retrieved from /home/jarret/data-engineering-bootcamp/workspace/airflow-code-review/venv/lib/python3.7/site-packages/airflow/example_dags/plugins/workday.py
[2022-06-17 13:00:36,216] {processor.py:161} INFO - Processing /home/jarret/data-engineering-bootcamp/workspace/airflow-code-review/venv/lib/python3.7/site-packages/airflow/example_dags/plugins/workday.py took 0.143 seconds
[2022-06-17 13:01:36,926] {processor.py:153} INFO - Started process (PID=17639) to work on /home/jarret/data-engineering-bootcamp/workspace/airflow-code-review/venv/lib/python3.7/site-packages/airflow/example_dags/plugins/workday.py
[2022-06-17 13:01:36,946] {processor.py:641} INFO - Processing file /home/jarret/data-engineering-bootcamp/workspace/airflow-code-review/venv/lib/python3.7/site-packages/airflow/example_dags/plugins/workday.py for tasks to queue
[2022-06-17 13:01:36,947] {logging_mixin.py:115} INFO - [2022-06-17 13:01:36,947] {dagbag.py:507} INFO - Filling up the DagBag from /home/jarret/data-engineering-bootcamp/workspace/airflow-code-review/venv/lib/python3.7/site-packages/airflow/example_dags/plugins/workday.py
[2022-06-17 13:01:36,948] {processor.py:653} WARNING - No viable dags retrieved from /home/jarret/data-engineering-bootcamp/workspace/airflow-code-review/venv/lib/python3.7/site-packages/airflow/example_dags/plugins/workday.py
[2022-06-17 13:01:36,956] {processor.py:161} INFO - Processing /home/jarret/data-engineering-bootcamp/workspace/airflow-code-review/venv/lib/python3.7/site-packages/airflow/example_dags/plugins/workday.py took 0.032 seconds
[2022-06-17 13:02:23,737] {processor.py:153} INFO - Started process (PID=17733) to work on /home/jarret/data-engineering-bootcamp/workspace/airflow-code-review/venv/lib/python3.7/site-packages/airflow/example_dags/plugins/workday.py
[2022-06-17 13:02:23,738] {processor.py:641} INFO - Processing file /home/jarret/data-engineering-bootcamp/workspace/airflow-code-review/venv/lib/python3.7/site-packages/airflow/example_dags/plugins/workday.py for tasks to queue
[2022-06-17 13:02:23,739] {logging_mixin.py:115} INFO - [2022-06-17 13:02:23,739] {dagbag.py:507} INFO - Filling up the DagBag from /home/jarret/data-engineering-bootcamp/workspace/airflow-code-review/venv/lib/python3.7/site-packages/airflow/example_dags/plugins/workday.py
[2022-06-17 13:02:23,741] {processor.py:653} WARNING - No viable dags retrieved from /home/jarret/data-engineering-bootcamp/workspace/airflow-code-review/venv/lib/python3.7/site-packages/airflow/example_dags/plugins/workday.py
[2022-06-17 13:02:23,754] {processor.py:161} INFO - Processing /home/jarret/data-engineering-bootcamp/workspace/airflow-code-review/venv/lib/python3.7/site-packages/airflow/example_dags/plugins/workday.py took 0.020 seconds
[2022-06-17 13:03:04,674] {processor.py:153} INFO - Started process (PID=17816) to work on /home/jarret/data-engineering-bootcamp/workspace/airflow-code-review/venv/lib/python3.7/site-packages/airflow/example_dags/plugins/workday.py
[2022-06-17 13:03:04,680] {processor.py:641} INFO - Processing file /home/jarret/data-engineering-bootcamp/workspace/airflow-code-review/venv/lib/python3.7/site-packages/airflow/example_dags/plugins/workday.py for tasks to queue
[2022-06-17 13:03:04,681] {logging_mixin.py:115} INFO - [2022-06-17 13:03:04,681] {dagbag.py:507} INFO - Filling up the DagBag from /home/jarret/data-engineering-bootcamp/workspace/airflow-code-review/venv/lib/python3.7/site-packages/airflow/example_dags/plugins/workday.py
[2022-06-17 13:03:04,683] {processor.py:653} WARNING - No viable dags retrieved from /home/jarret/data-engineering-bootcamp/workspace/airflow-code-review/venv/lib/python3.7/site-packages/airflow/example_dags/plugins/workday.py
[2022-06-17 13:03:04,693] {processor.py:161} INFO - Processing /home/jarret/data-engineering-bootcamp/workspace/airflow-code-review/venv/lib/python3.7/site-packages/airflow/example_dags/plugins/workday.py took 0.023 seconds
[2022-06-17 13:04:09,565] {processor.py:153} INFO - Started process (PID=17927) to work on /home/jarret/data-engineering-bootcamp/workspace/airflow-code-review/venv/lib/python3.7/site-packages/airflow/example_dags/plugins/workday.py
[2022-06-17 13:04:09,566] {processor.py:641} INFO - Processing file /home/jarret/data-engineering-bootcamp/workspace/airflow-code-review/venv/lib/python3.7/site-packages/airflow/example_dags/plugins/workday.py for tasks to queue
[2022-06-17 13:04:09,566] {logging_mixin.py:115} INFO - [2022-06-17 13:04:09,566] {dagbag.py:507} INFO - Filling up the DagBag from /home/jarret/data-engineering-bootcamp/workspace/airflow-code-review/venv/lib/python3.7/site-packages/airflow/example_dags/plugins/workday.py
[2022-06-17 13:04:09,567] {processor.py:653} WARNING - No viable dags retrieved from /home/jarret/data-engineering-bootcamp/workspace/airflow-code-review/venv/lib/python3.7/site-packages/airflow/example_dags/plugins/workday.py
[2022-06-17 13:04:09,574] {processor.py:161} INFO - Processing /home/jarret/data-engineering-bootcamp/workspace/airflow-code-review/venv/lib/python3.7/site-packages/airflow/example_dags/plugins/workday.py took 0.012 seconds
[2022-06-17 13:05:17,992] {processor.py:153} INFO - Started process (PID=17998) to work on /home/jarret/data-engineering-bootcamp/workspace/airflow-code-review/venv/lib/python3.7/site-packages/airflow/example_dags/plugins/workday.py
[2022-06-17 13:05:17,994] {processor.py:641} INFO - Processing file /home/jarret/data-engineering-bootcamp/workspace/airflow-code-review/venv/lib/python3.7/site-packages/airflow/example_dags/plugins/workday.py for tasks to queue
[2022-06-17 13:05:17,994] {logging_mixin.py:115} INFO - [2022-06-17 13:05:17,994] {dagbag.py:507} INFO - Filling up the DagBag from /home/jarret/data-engineering-bootcamp/workspace/airflow-code-review/venv/lib/python3.7/site-packages/airflow/example_dags/plugins/workday.py
[2022-06-17 13:05:17,996] {processor.py:653} WARNING - No viable dags retrieved from /home/jarret/data-engineering-bootcamp/workspace/airflow-code-review/venv/lib/python3.7/site-packages/airflow/example_dags/plugins/workday.py
[2022-06-17 13:05:18,003] {processor.py:161} INFO - Processing /home/jarret/data-engineering-bootcamp/workspace/airflow-code-review/venv/lib/python3.7/site-packages/airflow/example_dags/plugins/workday.py took 0.014 seconds
[2022-06-17 13:06:10,708] {processor.py:153} INFO - Started process (PID=18041) to work on /home/jarret/data-engineering-bootcamp/workspace/airflow-code-review/venv/lib/python3.7/site-packages/airflow/example_dags/plugins/workday.py
[2022-06-17 13:06:10,709] {processor.py:641} INFO - Processing file /home/jarret/data-engineering-bootcamp/workspace/airflow-code-review/venv/lib/python3.7/site-packages/airflow/example_dags/plugins/workday.py for tasks to queue
[2022-06-17 13:06:10,709] {logging_mixin.py:115} INFO - [2022-06-17 13:06:10,709] {dagbag.py:507} INFO - Filling up the DagBag from /home/jarret/data-engineering-bootcamp/workspace/airflow-code-review/venv/lib/python3.7/site-packages/airflow/example_dags/plugins/workday.py
[2022-06-17 13:06:10,710] {processor.py:653} WARNING - No viable dags retrieved from /home/jarret/data-engineering-bootcamp/workspace/airflow-code-review/venv/lib/python3.7/site-packages/airflow/example_dags/plugins/workday.py
[2022-06-17 13:06:10,717] {processor.py:161} INFO - Processing /home/jarret/data-engineering-bootcamp/workspace/airflow-code-review/venv/lib/python3.7/site-packages/airflow/example_dags/plugins/workday.py took 0.012 seconds
[2022-06-17 13:06:49,433] {processor.py:153} INFO - Started process (PID=18103) to work on /home/jarret/data-engineering-bootcamp/workspace/airflow-code-review/venv/lib/python3.7/site-packages/airflow/example_dags/plugins/workday.py
[2022-06-17 13:06:49,472] {processor.py:641} INFO - Processing file /home/jarret/data-engineering-bootcamp/workspace/airflow-code-review/venv/lib/python3.7/site-packages/airflow/example_dags/plugins/workday.py for tasks to queue
[2022-06-17 13:06:49,473] {logging_mixin.py:115} INFO - [2022-06-17 13:06:49,473] {dagbag.py:507} INFO - Filling up the DagBag from /home/jarret/data-engineering-bootcamp/workspace/airflow-code-review/venv/lib/python3.7/site-packages/airflow/example_dags/plugins/workday.py
[2022-06-17 13:06:49,475] {processor.py:653} WARNING - No viable dags retrieved from /home/jarret/data-engineering-bootcamp/workspace/airflow-code-review/venv/lib/python3.7/site-packages/airflow/example_dags/plugins/workday.py
[2022-06-17 13:06:49,486] {processor.py:161} INFO - Processing /home/jarret/data-engineering-bootcamp/workspace/airflow-code-review/venv/lib/python3.7/site-packages/airflow/example_dags/plugins/workday.py took 0.057 seconds
[2022-06-17 13:07:26,281] {processor.py:153} INFO - Started process (PID=18178) to work on /home/jarret/data-engineering-bootcamp/workspace/airflow-code-review/venv/lib/python3.7/site-packages/airflow/example_dags/plugins/workday.py
[2022-06-17 13:07:26,285] {processor.py:641} INFO - Processing file /home/jarret/data-engineering-bootcamp/workspace/airflow-code-review/venv/lib/python3.7/site-packages/airflow/example_dags/plugins/workday.py for tasks to queue
[2022-06-17 13:07:26,286] {logging_mixin.py:115} INFO - [2022-06-17 13:07:26,286] {dagbag.py:507} INFO - Filling up the DagBag from /home/jarret/data-engineering-bootcamp/workspace/airflow-code-review/venv/lib/python3.7/site-packages/airflow/example_dags/plugins/workday.py
[2022-06-17 13:07:26,288] {processor.py:653} WARNING - No viable dags retrieved from /home/jarret/data-engineering-bootcamp/workspace/airflow-code-review/venv/lib/python3.7/site-packages/airflow/example_dags/plugins/workday.py
[2022-06-17 13:07:26,297] {processor.py:161} INFO - Processing /home/jarret/data-engineering-bootcamp/workspace/airflow-code-review/venv/lib/python3.7/site-packages/airflow/example_dags/plugins/workday.py took 0.019 seconds
[2022-06-17 13:08:04,614] {processor.py:153} INFO - Started process (PID=18252) to work on /home/jarret/data-engineering-bootcamp/workspace/airflow-code-review/venv/lib/python3.7/site-packages/airflow/example_dags/plugins/workday.py
[2022-06-17 13:08:04,615] {processor.py:641} INFO - Processing file /home/jarret/data-engineering-bootcamp/workspace/airflow-code-review/venv/lib/python3.7/site-packages/airflow/example_dags/plugins/workday.py for tasks to queue
[2022-06-17 13:08:04,616] {logging_mixin.py:115} INFO - [2022-06-17 13:08:04,616] {dagbag.py:507} INFO - Filling up the DagBag from /home/jarret/data-engineering-bootcamp/workspace/airflow-code-review/venv/lib/python3.7/site-packages/airflow/example_dags/plugins/workday.py
[2022-06-17 13:08:04,618] {processor.py:653} WARNING - No viable dags retrieved from /home/jarret/data-engineering-bootcamp/workspace/airflow-code-review/venv/lib/python3.7/site-packages/airflow/example_dags/plugins/workday.py
[2022-06-17 13:08:04,625] {processor.py:161} INFO - Processing /home/jarret/data-engineering-bootcamp/workspace/airflow-code-review/venv/lib/python3.7/site-packages/airflow/example_dags/plugins/workday.py took 0.014 seconds
[2022-06-17 13:08:47,651] {processor.py:153} INFO - Started process (PID=18348) to work on /home/jarret/data-engineering-bootcamp/workspace/airflow-code-review/venv/lib/python3.7/site-packages/airflow/example_dags/plugins/workday.py
[2022-06-17 13:08:47,652] {processor.py:641} INFO - Processing file /home/jarret/data-engineering-bootcamp/workspace/airflow-code-review/venv/lib/python3.7/site-packages/airflow/example_dags/plugins/workday.py for tasks to queue
[2022-06-17 13:08:47,652] {logging_mixin.py:115} INFO - [2022-06-17 13:08:47,652] {dagbag.py:507} INFO - Filling up the DagBag from /home/jarret/data-engineering-bootcamp/workspace/airflow-code-review/venv/lib/python3.7/site-packages/airflow/example_dags/plugins/workday.py
[2022-06-17 13:08:47,654] {processor.py:653} WARNING - No viable dags retrieved from /home/jarret/data-engineering-bootcamp/workspace/airflow-code-review/venv/lib/python3.7/site-packages/airflow/example_dags/plugins/workday.py
[2022-06-17 13:08:47,661] {processor.py:161} INFO - Processing /home/jarret/data-engineering-bootcamp/workspace/airflow-code-review/venv/lib/python3.7/site-packages/airflow/example_dags/plugins/workday.py took 0.013 seconds
[2022-06-17 13:09:25,379] {processor.py:153} INFO - Started process (PID=18425) to work on /home/jarret/data-engineering-bootcamp/workspace/airflow-code-review/venv/lib/python3.7/site-packages/airflow/example_dags/plugins/workday.py
[2022-06-17 13:09:25,380] {processor.py:641} INFO - Processing file /home/jarret/data-engineering-bootcamp/workspace/airflow-code-review/venv/lib/python3.7/site-packages/airflow/example_dags/plugins/workday.py for tasks to queue
[2022-06-17 13:09:25,380] {logging_mixin.py:115} INFO - [2022-06-17 13:09:25,380] {dagbag.py:507} INFO - Filling up the DagBag from /home/jarret/data-engineering-bootcamp/workspace/airflow-code-review/venv/lib/python3.7/site-packages/airflow/example_dags/plugins/workday.py
[2022-06-17 13:09:25,381] {processor.py:653} WARNING - No viable dags retrieved from /home/jarret/data-engineering-bootcamp/workspace/airflow-code-review/venv/lib/python3.7/site-packages/airflow/example_dags/plugins/workday.py
[2022-06-17 13:09:25,387] {processor.py:161} INFO - Processing /home/jarret/data-engineering-bootcamp/workspace/airflow-code-review/venv/lib/python3.7/site-packages/airflow/example_dags/plugins/workday.py took 0.012 seconds
[2022-06-17 13:10:15,319] {processor.py:153} INFO - Started process (PID=18493) to work on /home/jarret/data-engineering-bootcamp/workspace/airflow-code-review/venv/lib/python3.7/site-packages/airflow/example_dags/plugins/workday.py
[2022-06-17 13:10:15,381] {processor.py:641} INFO - Processing file /home/jarret/data-engineering-bootcamp/workspace/airflow-code-review/venv/lib/python3.7/site-packages/airflow/example_dags/plugins/workday.py for tasks to queue
[2022-06-17 13:10:15,382] {logging_mixin.py:115} INFO - [2022-06-17 13:10:15,382] {dagbag.py:507} INFO - Filling up the DagBag from /home/jarret/data-engineering-bootcamp/workspace/airflow-code-review/venv/lib/python3.7/site-packages/airflow/example_dags/plugins/workday.py
[2022-06-17 13:10:15,384] {processor.py:653} WARNING - No viable dags retrieved from /home/jarret/data-engineering-bootcamp/workspace/airflow-code-review/venv/lib/python3.7/site-packages/airflow/example_dags/plugins/workday.py
[2022-06-17 13:10:15,394] {processor.py:161} INFO - Processing /home/jarret/data-engineering-bootcamp/workspace/airflow-code-review/venv/lib/python3.7/site-packages/airflow/example_dags/plugins/workday.py took 0.077 seconds
[2022-06-17 13:11:08,631] {processor.py:153} INFO - Started process (PID=18598) to work on /home/jarret/data-engineering-bootcamp/workspace/airflow-code-review/venv/lib/python3.7/site-packages/airflow/example_dags/plugins/workday.py
[2022-06-17 13:11:08,637] {processor.py:641} INFO - Processing file /home/jarret/data-engineering-bootcamp/workspace/airflow-code-review/venv/lib/python3.7/site-packages/airflow/example_dags/plugins/workday.py for tasks to queue
[2022-06-17 13:11:08,637] {logging_mixin.py:115} INFO - [2022-06-17 13:11:08,637] {dagbag.py:507} INFO - Filling up the DagBag from /home/jarret/data-engineering-bootcamp/workspace/airflow-code-review/venv/lib/python3.7/site-packages/airflow/example_dags/plugins/workday.py
[2022-06-17 13:11:08,638] {processor.py:653} WARNING - No viable dags retrieved from /home/jarret/data-engineering-bootcamp/workspace/airflow-code-review/venv/lib/python3.7/site-packages/airflow/example_dags/plugins/workday.py
[2022-06-17 13:11:08,645] {processor.py:161} INFO - Processing /home/jarret/data-engineering-bootcamp/workspace/airflow-code-review/venv/lib/python3.7/site-packages/airflow/example_dags/plugins/workday.py took 0.016 seconds
[2022-06-17 13:11:56,367] {processor.py:153} INFO - Started process (PID=18695) to work on /home/jarret/data-engineering-bootcamp/workspace/airflow-code-review/venv/lib/python3.7/site-packages/airflow/example_dags/plugins/workday.py
[2022-06-17 13:11:56,409] {processor.py:641} INFO - Processing file /home/jarret/data-engineering-bootcamp/workspace/airflow-code-review/venv/lib/python3.7/site-packages/airflow/example_dags/plugins/workday.py for tasks to queue
[2022-06-17 13:11:56,410] {logging_mixin.py:115} INFO - [2022-06-17 13:11:56,410] {dagbag.py:507} INFO - Filling up the DagBag from /home/jarret/data-engineering-bootcamp/workspace/airflow-code-review/venv/lib/python3.7/site-packages/airflow/example_dags/plugins/workday.py
[2022-06-17 13:11:56,412] {processor.py:653} WARNING - No viable dags retrieved from /home/jarret/data-engineering-bootcamp/workspace/airflow-code-review/venv/lib/python3.7/site-packages/airflow/example_dags/plugins/workday.py
[2022-06-17 13:11:56,420] {processor.py:161} INFO - Processing /home/jarret/data-engineering-bootcamp/workspace/airflow-code-review/venv/lib/python3.7/site-packages/airflow/example_dags/plugins/workday.py took 0.056 seconds
[2022-06-17 13:12:36,609] {processor.py:153} INFO - Started process (PID=18775) to work on /home/jarret/data-engineering-bootcamp/workspace/airflow-code-review/venv/lib/python3.7/site-packages/airflow/example_dags/plugins/workday.py
[2022-06-17 13:12:36,700] {processor.py:641} INFO - Processing file /home/jarret/data-engineering-bootcamp/workspace/airflow-code-review/venv/lib/python3.7/site-packages/airflow/example_dags/plugins/workday.py for tasks to queue
[2022-06-17 13:12:36,701] {logging_mixin.py:115} INFO - [2022-06-17 13:12:36,700] {dagbag.py:507} INFO - Filling up the DagBag from /home/jarret/data-engineering-bootcamp/workspace/airflow-code-review/venv/lib/python3.7/site-packages/airflow/example_dags/plugins/workday.py
[2022-06-17 13:12:36,703] {processor.py:653} WARNING - No viable dags retrieved from /home/jarret/data-engineering-bootcamp/workspace/airflow-code-review/venv/lib/python3.7/site-packages/airflow/example_dags/plugins/workday.py
[2022-06-17 13:12:36,710] {processor.py:161} INFO - Processing /home/jarret/data-engineering-bootcamp/workspace/airflow-code-review/venv/lib/python3.7/site-packages/airflow/example_dags/plugins/workday.py took 0.105 seconds
[2022-06-17 13:13:21,722] {processor.py:153} INFO - Started process (PID=18848) to work on /home/jarret/data-engineering-bootcamp/workspace/airflow-code-review/venv/lib/python3.7/site-packages/airflow/example_dags/plugins/workday.py
[2022-06-17 13:13:21,728] {processor.py:641} INFO - Processing file /home/jarret/data-engineering-bootcamp/workspace/airflow-code-review/venv/lib/python3.7/site-packages/airflow/example_dags/plugins/workday.py for tasks to queue
[2022-06-17 13:13:21,728] {logging_mixin.py:115} INFO - [2022-06-17 13:13:21,728] {dagbag.py:507} INFO - Filling up the DagBag from /home/jarret/data-engineering-bootcamp/workspace/airflow-code-review/venv/lib/python3.7/site-packages/airflow/example_dags/plugins/workday.py
[2022-06-17 13:13:21,729] {processor.py:653} WARNING - No viable dags retrieved from /home/jarret/data-engineering-bootcamp/workspace/airflow-code-review/venv/lib/python3.7/site-packages/airflow/example_dags/plugins/workday.py
[2022-06-17 13:13:21,736] {processor.py:161} INFO - Processing /home/jarret/data-engineering-bootcamp/workspace/airflow-code-review/venv/lib/python3.7/site-packages/airflow/example_dags/plugins/workday.py took 0.017 seconds
[2022-06-17 13:14:12,556] {processor.py:153} INFO - Started process (PID=18940) to work on /home/jarret/data-engineering-bootcamp/workspace/airflow-code-review/venv/lib/python3.7/site-packages/airflow/example_dags/plugins/workday.py
[2022-06-17 13:14:12,565] {processor.py:641} INFO - Processing file /home/jarret/data-engineering-bootcamp/workspace/airflow-code-review/venv/lib/python3.7/site-packages/airflow/example_dags/plugins/workday.py for tasks to queue
[2022-06-17 13:14:12,565] {logging_mixin.py:115} INFO - [2022-06-17 13:14:12,565] {dagbag.py:507} INFO - Filling up the DagBag from /home/jarret/data-engineering-bootcamp/workspace/airflow-code-review/venv/lib/python3.7/site-packages/airflow/example_dags/plugins/workday.py
[2022-06-17 13:14:12,566] {processor.py:653} WARNING - No viable dags retrieved from /home/jarret/data-engineering-bootcamp/workspace/airflow-code-review/venv/lib/python3.7/site-packages/airflow/example_dags/plugins/workday.py
[2022-06-17 13:14:12,573] {processor.py:161} INFO - Processing /home/jarret/data-engineering-bootcamp/workspace/airflow-code-review/venv/lib/python3.7/site-packages/airflow/example_dags/plugins/workday.py took 0.020 seconds
[2022-06-17 13:15:01,594] {processor.py:153} INFO - Started process (PID=18987) to work on /home/jarret/data-engineering-bootcamp/workspace/airflow-code-review/venv/lib/python3.7/site-packages/airflow/example_dags/plugins/workday.py
[2022-06-17 13:15:01,602] {processor.py:641} INFO - Processing file /home/jarret/data-engineering-bootcamp/workspace/airflow-code-review/venv/lib/python3.7/site-packages/airflow/example_dags/plugins/workday.py for tasks to queue
[2022-06-17 13:15:01,603] {logging_mixin.py:115} INFO - [2022-06-17 13:15:01,603] {dagbag.py:507} INFO - Filling up the DagBag from /home/jarret/data-engineering-bootcamp/workspace/airflow-code-review/venv/lib/python3.7/site-packages/airflow/example_dags/plugins/workday.py
[2022-06-17 13:15:01,605] {processor.py:653} WARNING - No viable dags retrieved from /home/jarret/data-engineering-bootcamp/workspace/airflow-code-review/venv/lib/python3.7/site-packages/airflow/example_dags/plugins/workday.py
[2022-06-17 13:15:01,612] {processor.py:161} INFO - Processing /home/jarret/data-engineering-bootcamp/workspace/airflow-code-review/venv/lib/python3.7/site-packages/airflow/example_dags/plugins/workday.py took 0.021 seconds
[2022-06-17 13:15:39,999] {processor.py:153} INFO - Started process (PID=19017) to work on /home/jarret/data-engineering-bootcamp/workspace/airflow-code-review/venv/lib/python3.7/site-packages/airflow/example_dags/plugins/workday.py
[2022-06-17 13:15:40,000] {processor.py:641} INFO - Processing file /home/jarret/data-engineering-bootcamp/workspace/airflow-code-review/venv/lib/python3.7/site-packages/airflow/example_dags/plugins/workday.py for tasks to queue
[2022-06-17 13:15:40,001] {logging_mixin.py:115} INFO - [2022-06-17 13:15:40,000] {dagbag.py:507} INFO - Filling up the DagBag from /home/jarret/data-engineering-bootcamp/workspace/airflow-code-review/venv/lib/python3.7/site-packages/airflow/example_dags/plugins/workday.py
[2022-06-17 13:15:40,003] {processor.py:653} WARNING - No viable dags retrieved from /home/jarret/data-engineering-bootcamp/workspace/airflow-code-review/venv/lib/python3.7/site-packages/airflow/example_dags/plugins/workday.py
[2022-06-17 13:15:40,013] {processor.py:161} INFO - Processing /home/jarret/data-engineering-bootcamp/workspace/airflow-code-review/venv/lib/python3.7/site-packages/airflow/example_dags/plugins/workday.py took 0.017 seconds
[2022-06-17 13:16:23,647] {processor.py:153} INFO - Started process (PID=19058) to work on /home/jarret/data-engineering-bootcamp/workspace/airflow-code-review/venv/lib/python3.7/site-packages/airflow/example_dags/plugins/workday.py
[2022-06-17 13:16:23,703] {processor.py:641} INFO - Processing file /home/jarret/data-engineering-bootcamp/workspace/airflow-code-review/venv/lib/python3.7/site-packages/airflow/example_dags/plugins/workday.py for tasks to queue
[2022-06-17 13:16:23,704] {logging_mixin.py:115} INFO - [2022-06-17 13:16:23,704] {dagbag.py:507} INFO - Filling up the DagBag from /home/jarret/data-engineering-bootcamp/workspace/airflow-code-review/venv/lib/python3.7/site-packages/airflow/example_dags/plugins/workday.py
[2022-06-17 13:16:23,706] {processor.py:653} WARNING - No viable dags retrieved from /home/jarret/data-engineering-bootcamp/workspace/airflow-code-review/venv/lib/python3.7/site-packages/airflow/example_dags/plugins/workday.py
[2022-06-17 13:16:23,719] {processor.py:161} INFO - Processing /home/jarret/data-engineering-bootcamp/workspace/airflow-code-review/venv/lib/python3.7/site-packages/airflow/example_dags/plugins/workday.py took 0.076 seconds
[2022-06-17 13:17:00,627] {processor.py:153} INFO - Started process (PID=19089) to work on /home/jarret/data-engineering-bootcamp/workspace/airflow-code-review/venv/lib/python3.7/site-packages/airflow/example_dags/plugins/workday.py
[2022-06-17 13:17:00,628] {processor.py:641} INFO - Processing file /home/jarret/data-engineering-bootcamp/workspace/airflow-code-review/venv/lib/python3.7/site-packages/airflow/example_dags/plugins/workday.py for tasks to queue
[2022-06-17 13:17:00,629] {logging_mixin.py:115} INFO - [2022-06-17 13:17:00,629] {dagbag.py:507} INFO - Filling up the DagBag from /home/jarret/data-engineering-bootcamp/workspace/airflow-code-review/venv/lib/python3.7/site-packages/airflow/example_dags/plugins/workday.py
[2022-06-17 13:17:00,631] {processor.py:653} WARNING - No viable dags retrieved from /home/jarret/data-engineering-bootcamp/workspace/airflow-code-review/venv/lib/python3.7/site-packages/airflow/example_dags/plugins/workday.py
[2022-06-17 13:17:00,639] {processor.py:161} INFO - Processing /home/jarret/data-engineering-bootcamp/workspace/airflow-code-review/venv/lib/python3.7/site-packages/airflow/example_dags/plugins/workday.py took 0.015 seconds
[2022-06-17 13:17:53,462] {processor.py:153} INFO - Started process (PID=19156) to work on /home/jarret/data-engineering-bootcamp/workspace/airflow-code-review/venv/lib/python3.7/site-packages/airflow/example_dags/plugins/workday.py
[2022-06-17 13:17:53,472] {processor.py:641} INFO - Processing file /home/jarret/data-engineering-bootcamp/workspace/airflow-code-review/venv/lib/python3.7/site-packages/airflow/example_dags/plugins/workday.py for tasks to queue
[2022-06-17 13:17:53,472] {logging_mixin.py:115} INFO - [2022-06-17 13:17:53,472] {dagbag.py:507} INFO - Filling up the DagBag from /home/jarret/data-engineering-bootcamp/workspace/airflow-code-review/venv/lib/python3.7/site-packages/airflow/example_dags/plugins/workday.py
[2022-06-17 13:17:53,473] {processor.py:653} WARNING - No viable dags retrieved from /home/jarret/data-engineering-bootcamp/workspace/airflow-code-review/venv/lib/python3.7/site-packages/airflow/example_dags/plugins/workday.py
[2022-06-17 13:17:53,479] {processor.py:161} INFO - Processing /home/jarret/data-engineering-bootcamp/workspace/airflow-code-review/venv/lib/python3.7/site-packages/airflow/example_dags/plugins/workday.py took 0.021 seconds
[2022-06-17 13:18:35,282] {processor.py:153} INFO - Started process (PID=19190) to work on /home/jarret/data-engineering-bootcamp/workspace/airflow-code-review/venv/lib/python3.7/site-packages/airflow/example_dags/plugins/workday.py
[2022-06-17 13:18:35,284] {processor.py:641} INFO - Processing file /home/jarret/data-engineering-bootcamp/workspace/airflow-code-review/venv/lib/python3.7/site-packages/airflow/example_dags/plugins/workday.py for tasks to queue
[2022-06-17 13:18:35,285] {logging_mixin.py:115} INFO - [2022-06-17 13:18:35,285] {dagbag.py:507} INFO - Filling up the DagBag from /home/jarret/data-engineering-bootcamp/workspace/airflow-code-review/venv/lib/python3.7/site-packages/airflow/example_dags/plugins/workday.py
[2022-06-17 13:18:35,287] {processor.py:653} WARNING - No viable dags retrieved from /home/jarret/data-engineering-bootcamp/workspace/airflow-code-review/venv/lib/python3.7/site-packages/airflow/example_dags/plugins/workday.py
[2022-06-17 13:18:35,298] {processor.py:161} INFO - Processing /home/jarret/data-engineering-bootcamp/workspace/airflow-code-review/venv/lib/python3.7/site-packages/airflow/example_dags/plugins/workday.py took 0.019 seconds
[2022-06-17 13:19:14,941] {processor.py:153} INFO - Started process (PID=19224) to work on /home/jarret/data-engineering-bootcamp/workspace/airflow-code-review/venv/lib/python3.7/site-packages/airflow/example_dags/plugins/workday.py
[2022-06-17 13:19:14,942] {processor.py:641} INFO - Processing file /home/jarret/data-engineering-bootcamp/workspace/airflow-code-review/venv/lib/python3.7/site-packages/airflow/example_dags/plugins/workday.py for tasks to queue
[2022-06-17 13:19:14,943] {logging_mixin.py:115} INFO - [2022-06-17 13:19:14,942] {dagbag.py:507} INFO - Filling up the DagBag from /home/jarret/data-engineering-bootcamp/workspace/airflow-code-review/venv/lib/python3.7/site-packages/airflow/example_dags/plugins/workday.py
[2022-06-17 13:19:14,945] {processor.py:653} WARNING - No viable dags retrieved from /home/jarret/data-engineering-bootcamp/workspace/airflow-code-review/venv/lib/python3.7/site-packages/airflow/example_dags/plugins/workday.py
[2022-06-17 13:19:14,951] {processor.py:161} INFO - Processing /home/jarret/data-engineering-bootcamp/workspace/airflow-code-review/venv/lib/python3.7/site-packages/airflow/example_dags/plugins/workday.py took 0.013 seconds
[2022-06-17 13:19:59,609] {processor.py:153} INFO - Started process (PID=19280) to work on /home/jarret/data-engineering-bootcamp/workspace/airflow-code-review/venv/lib/python3.7/site-packages/airflow/example_dags/plugins/workday.py
[2022-06-17 13:19:59,701] {processor.py:641} INFO - Processing file /home/jarret/data-engineering-bootcamp/workspace/airflow-code-review/venv/lib/python3.7/site-packages/airflow/example_dags/plugins/workday.py for tasks to queue
[2022-06-17 13:19:59,702] {logging_mixin.py:115} INFO - [2022-06-17 13:19:59,702] {dagbag.py:507} INFO - Filling up the DagBag from /home/jarret/data-engineering-bootcamp/workspace/airflow-code-review/venv/lib/python3.7/site-packages/airflow/example_dags/plugins/workday.py
[2022-06-17 13:19:59,705] {processor.py:653} WARNING - No viable dags retrieved from /home/jarret/data-engineering-bootcamp/workspace/airflow-code-review/venv/lib/python3.7/site-packages/airflow/example_dags/plugins/workday.py
[2022-06-17 13:19:59,718] {processor.py:161} INFO - Processing /home/jarret/data-engineering-bootcamp/workspace/airflow-code-review/venv/lib/python3.7/site-packages/airflow/example_dags/plugins/workday.py took 0.112 seconds
[2022-06-17 13:20:41,844] {processor.py:153} INFO - Started process (PID=19363) to work on /home/jarret/data-engineering-bootcamp/workspace/airflow-code-review/venv/lib/python3.7/site-packages/airflow/example_dags/plugins/workday.py
[2022-06-17 13:20:41,871] {processor.py:641} INFO - Processing file /home/jarret/data-engineering-bootcamp/workspace/airflow-code-review/venv/lib/python3.7/site-packages/airflow/example_dags/plugins/workday.py for tasks to queue
[2022-06-17 13:20:41,871] {logging_mixin.py:115} INFO - [2022-06-17 13:20:41,871] {dagbag.py:507} INFO - Filling up the DagBag from /home/jarret/data-engineering-bootcamp/workspace/airflow-code-review/venv/lib/python3.7/site-packages/airflow/example_dags/plugins/workday.py
[2022-06-17 13:20:41,872] {processor.py:653} WARNING - No viable dags retrieved from /home/jarret/data-engineering-bootcamp/workspace/airflow-code-review/venv/lib/python3.7/site-packages/airflow/example_dags/plugins/workday.py
[2022-06-17 13:20:41,881] {processor.py:161} INFO - Processing /home/jarret/data-engineering-bootcamp/workspace/airflow-code-review/venv/lib/python3.7/site-packages/airflow/example_dags/plugins/workday.py took 0.039 seconds
[2022-06-17 13:21:32,038] {processor.py:153} INFO - Started process (PID=19456) to work on /home/jarret/data-engineering-bootcamp/workspace/airflow-code-review/venv/lib/python3.7/site-packages/airflow/example_dags/plugins/workday.py
[2022-06-17 13:21:32,055] {processor.py:641} INFO - Processing file /home/jarret/data-engineering-bootcamp/workspace/airflow-code-review/venv/lib/python3.7/site-packages/airflow/example_dags/plugins/workday.py for tasks to queue
[2022-06-17 13:21:32,055] {logging_mixin.py:115} INFO - [2022-06-17 13:21:32,055] {dagbag.py:507} INFO - Filling up the DagBag from /home/jarret/data-engineering-bootcamp/workspace/airflow-code-review/venv/lib/python3.7/site-packages/airflow/example_dags/plugins/workday.py
[2022-06-17 13:21:32,056] {processor.py:653} WARNING - No viable dags retrieved from /home/jarret/data-engineering-bootcamp/workspace/airflow-code-review/venv/lib/python3.7/site-packages/airflow/example_dags/plugins/workday.py
[2022-06-17 13:21:32,063] {processor.py:161} INFO - Processing /home/jarret/data-engineering-bootcamp/workspace/airflow-code-review/venv/lib/python3.7/site-packages/airflow/example_dags/plugins/workday.py took 0.028 seconds
[2022-06-17 13:22:26,506] {processor.py:153} INFO - Started process (PID=19565) to work on /home/jarret/data-engineering-bootcamp/workspace/airflow-code-review/venv/lib/python3.7/site-packages/airflow/example_dags/plugins/workday.py
[2022-06-17 13:22:26,519] {processor.py:641} INFO - Processing file /home/jarret/data-engineering-bootcamp/workspace/airflow-code-review/venv/lib/python3.7/site-packages/airflow/example_dags/plugins/workday.py for tasks to queue
[2022-06-17 13:22:26,519] {logging_mixin.py:115} INFO - [2022-06-17 13:22:26,519] {dagbag.py:507} INFO - Filling up the DagBag from /home/jarret/data-engineering-bootcamp/workspace/airflow-code-review/venv/lib/python3.7/site-packages/airflow/example_dags/plugins/workday.py
[2022-06-17 13:22:26,520] {processor.py:653} WARNING - No viable dags retrieved from /home/jarret/data-engineering-bootcamp/workspace/airflow-code-review/venv/lib/python3.7/site-packages/airflow/example_dags/plugins/workday.py
[2022-06-17 13:22:26,527] {processor.py:161} INFO - Processing /home/jarret/data-engineering-bootcamp/workspace/airflow-code-review/venv/lib/python3.7/site-packages/airflow/example_dags/plugins/workday.py took 0.023 seconds
[2022-06-17 13:23:04,826] {processor.py:153} INFO - Started process (PID=19622) to work on /home/jarret/data-engineering-bootcamp/workspace/airflow-code-review/venv/lib/python3.7/site-packages/airflow/example_dags/plugins/workday.py
[2022-06-17 13:23:04,828] {processor.py:641} INFO - Processing file /home/jarret/data-engineering-bootcamp/workspace/airflow-code-review/venv/lib/python3.7/site-packages/airflow/example_dags/plugins/workday.py for tasks to queue
[2022-06-17 13:23:04,828] {logging_mixin.py:115} INFO - [2022-06-17 13:23:04,828] {dagbag.py:507} INFO - Filling up the DagBag from /home/jarret/data-engineering-bootcamp/workspace/airflow-code-review/venv/lib/python3.7/site-packages/airflow/example_dags/plugins/workday.py
[2022-06-17 13:23:04,830] {processor.py:653} WARNING - No viable dags retrieved from /home/jarret/data-engineering-bootcamp/workspace/airflow-code-review/venv/lib/python3.7/site-packages/airflow/example_dags/plugins/workday.py
[2022-06-17 13:23:04,841] {processor.py:161} INFO - Processing /home/jarret/data-engineering-bootcamp/workspace/airflow-code-review/venv/lib/python3.7/site-packages/airflow/example_dags/plugins/workday.py took 0.018 seconds
[2022-06-17 13:23:43,088] {processor.py:153} INFO - Started process (PID=19704) to work on /home/jarret/data-engineering-bootcamp/workspace/airflow-code-review/venv/lib/python3.7/site-packages/airflow/example_dags/plugins/workday.py
[2022-06-17 13:23:43,102] {processor.py:641} INFO - Processing file /home/jarret/data-engineering-bootcamp/workspace/airflow-code-review/venv/lib/python3.7/site-packages/airflow/example_dags/plugins/workday.py for tasks to queue
[2022-06-17 13:23:43,103] {logging_mixin.py:115} INFO - [2022-06-17 13:23:43,102] {dagbag.py:507} INFO - Filling up the DagBag from /home/jarret/data-engineering-bootcamp/workspace/airflow-code-review/venv/lib/python3.7/site-packages/airflow/example_dags/plugins/workday.py
[2022-06-17 13:23:43,104] {processor.py:653} WARNING - No viable dags retrieved from /home/jarret/data-engineering-bootcamp/workspace/airflow-code-review/venv/lib/python3.7/site-packages/airflow/example_dags/plugins/workday.py
[2022-06-17 13:23:43,110] {processor.py:161} INFO - Processing /home/jarret/data-engineering-bootcamp/workspace/airflow-code-review/venv/lib/python3.7/site-packages/airflow/example_dags/plugins/workday.py took 0.025 seconds
[2022-06-17 13:24:39,862] {processor.py:153} INFO - Started process (PID=19806) to work on /home/jarret/data-engineering-bootcamp/workspace/airflow-code-review/venv/lib/python3.7/site-packages/airflow/example_dags/plugins/workday.py
[2022-06-17 13:24:39,880] {processor.py:641} INFO - Processing file /home/jarret/data-engineering-bootcamp/workspace/airflow-code-review/venv/lib/python3.7/site-packages/airflow/example_dags/plugins/workday.py for tasks to queue
[2022-06-17 13:24:39,881] {logging_mixin.py:115} INFO - [2022-06-17 13:24:39,881] {dagbag.py:507} INFO - Filling up the DagBag from /home/jarret/data-engineering-bootcamp/workspace/airflow-code-review/venv/lib/python3.7/site-packages/airflow/example_dags/plugins/workday.py
[2022-06-17 13:24:39,882] {processor.py:653} WARNING - No viable dags retrieved from /home/jarret/data-engineering-bootcamp/workspace/airflow-code-review/venv/lib/python3.7/site-packages/airflow/example_dags/plugins/workday.py
[2022-06-17 13:24:39,891] {processor.py:161} INFO - Processing /home/jarret/data-engineering-bootcamp/workspace/airflow-code-review/venv/lib/python3.7/site-packages/airflow/example_dags/plugins/workday.py took 0.032 seconds
[2022-06-17 13:25:36,066] {processor.py:153} INFO - Started process (PID=19914) to work on /home/jarret/data-engineering-bootcamp/workspace/airflow-code-review/venv/lib/python3.7/site-packages/airflow/example_dags/plugins/workday.py
[2022-06-17 13:25:36,076] {processor.py:641} INFO - Processing file /home/jarret/data-engineering-bootcamp/workspace/airflow-code-review/venv/lib/python3.7/site-packages/airflow/example_dags/plugins/workday.py for tasks to queue
[2022-06-17 13:25:36,076] {logging_mixin.py:115} INFO - [2022-06-17 13:25:36,076] {dagbag.py:507} INFO - Filling up the DagBag from /home/jarret/data-engineering-bootcamp/workspace/airflow-code-review/venv/lib/python3.7/site-packages/airflow/example_dags/plugins/workday.py
[2022-06-17 13:25:36,078] {processor.py:653} WARNING - No viable dags retrieved from /home/jarret/data-engineering-bootcamp/workspace/airflow-code-review/venv/lib/python3.7/site-packages/airflow/example_dags/plugins/workday.py
[2022-06-17 13:25:36,087] {processor.py:161} INFO - Processing /home/jarret/data-engineering-bootcamp/workspace/airflow-code-review/venv/lib/python3.7/site-packages/airflow/example_dags/plugins/workday.py took 0.024 seconds
[2022-06-17 13:26:11,337] {processor.py:153} INFO - Started process (PID=19989) to work on /home/jarret/data-engineering-bootcamp/workspace/airflow-code-review/venv/lib/python3.7/site-packages/airflow/example_dags/plugins/workday.py
[2022-06-17 13:26:11,338] {processor.py:641} INFO - Processing file /home/jarret/data-engineering-bootcamp/workspace/airflow-code-review/venv/lib/python3.7/site-packages/airflow/example_dags/plugins/workday.py for tasks to queue
[2022-06-17 13:26:11,339] {logging_mixin.py:115} INFO - [2022-06-17 13:26:11,339] {dagbag.py:507} INFO - Filling up the DagBag from /home/jarret/data-engineering-bootcamp/workspace/airflow-code-review/venv/lib/python3.7/site-packages/airflow/example_dags/plugins/workday.py
[2022-06-17 13:26:11,341] {processor.py:653} WARNING - No viable dags retrieved from /home/jarret/data-engineering-bootcamp/workspace/airflow-code-review/venv/lib/python3.7/site-packages/airflow/example_dags/plugins/workday.py
[2022-06-17 13:26:11,351] {processor.py:161} INFO - Processing /home/jarret/data-engineering-bootcamp/workspace/airflow-code-review/venv/lib/python3.7/site-packages/airflow/example_dags/plugins/workday.py took 0.017 seconds
[2022-06-17 13:26:52,815] {processor.py:153} INFO - Started process (PID=20074) to work on /home/jarret/data-engineering-bootcamp/workspace/airflow-code-review/venv/lib/python3.7/site-packages/airflow/example_dags/plugins/workday.py
[2022-06-17 13:26:52,839] {processor.py:641} INFO - Processing file /home/jarret/data-engineering-bootcamp/workspace/airflow-code-review/venv/lib/python3.7/site-packages/airflow/example_dags/plugins/workday.py for tasks to queue
[2022-06-17 13:26:52,839] {logging_mixin.py:115} INFO - [2022-06-17 13:26:52,839] {dagbag.py:507} INFO - Filling up the DagBag from /home/jarret/data-engineering-bootcamp/workspace/airflow-code-review/venv/lib/python3.7/site-packages/airflow/example_dags/plugins/workday.py
[2022-06-17 13:26:52,841] {processor.py:653} WARNING - No viable dags retrieved from /home/jarret/data-engineering-bootcamp/workspace/airflow-code-review/venv/lib/python3.7/site-packages/airflow/example_dags/plugins/workday.py
[2022-06-17 13:26:52,849] {processor.py:161} INFO - Processing /home/jarret/data-engineering-bootcamp/workspace/airflow-code-review/venv/lib/python3.7/site-packages/airflow/example_dags/plugins/workday.py took 0.038 seconds
[2022-06-17 13:27:36,905] {processor.py:153} INFO - Started process (PID=20163) to work on /home/jarret/data-engineering-bootcamp/workspace/airflow-code-review/venv/lib/python3.7/site-packages/airflow/example_dags/plugins/workday.py
[2022-06-17 13:27:36,954] {processor.py:641} INFO - Processing file /home/jarret/data-engineering-bootcamp/workspace/airflow-code-review/venv/lib/python3.7/site-packages/airflow/example_dags/plugins/workday.py for tasks to queue
[2022-06-17 13:27:36,955] {logging_mixin.py:115} INFO - [2022-06-17 13:27:36,955] {dagbag.py:507} INFO - Filling up the DagBag from /home/jarret/data-engineering-bootcamp/workspace/airflow-code-review/venv/lib/python3.7/site-packages/airflow/example_dags/plugins/workday.py
[2022-06-17 13:27:36,957] {processor.py:653} WARNING - No viable dags retrieved from /home/jarret/data-engineering-bootcamp/workspace/airflow-code-review/venv/lib/python3.7/site-packages/airflow/example_dags/plugins/workday.py
[2022-06-17 13:27:36,971] {processor.py:161} INFO - Processing /home/jarret/data-engineering-bootcamp/workspace/airflow-code-review/venv/lib/python3.7/site-packages/airflow/example_dags/plugins/workday.py took 0.069 seconds
[2022-06-17 13:28:18,185] {processor.py:153} INFO - Started process (PID=20245) to work on /home/jarret/data-engineering-bootcamp/workspace/airflow-code-review/venv/lib/python3.7/site-packages/airflow/example_dags/plugins/workday.py
[2022-06-17 13:28:18,188] {processor.py:641} INFO - Processing file /home/jarret/data-engineering-bootcamp/workspace/airflow-code-review/venv/lib/python3.7/site-packages/airflow/example_dags/plugins/workday.py for tasks to queue
[2022-06-17 13:28:18,188] {logging_mixin.py:115} INFO - [2022-06-17 13:28:18,188] {dagbag.py:507} INFO - Filling up the DagBag from /home/jarret/data-engineering-bootcamp/workspace/airflow-code-review/venv/lib/python3.7/site-packages/airflow/example_dags/plugins/workday.py
[2022-06-17 13:28:18,190] {processor.py:653} WARNING - No viable dags retrieved from /home/jarret/data-engineering-bootcamp/workspace/airflow-code-review/venv/lib/python3.7/site-packages/airflow/example_dags/plugins/workday.py
[2022-06-17 13:28:18,197] {processor.py:161} INFO - Processing /home/jarret/data-engineering-bootcamp/workspace/airflow-code-review/venv/lib/python3.7/site-packages/airflow/example_dags/plugins/workday.py took 0.015 seconds
[2022-06-17 13:28:56,723] {processor.py:153} INFO - Started process (PID=20279) to work on /home/jarret/data-engineering-bootcamp/workspace/airflow-code-review/venv/lib/python3.7/site-packages/airflow/example_dags/plugins/workday.py
[2022-06-17 13:28:56,732] {processor.py:641} INFO - Processing file /home/jarret/data-engineering-bootcamp/workspace/airflow-code-review/venv/lib/python3.7/site-packages/airflow/example_dags/plugins/workday.py for tasks to queue
[2022-06-17 13:28:56,732] {logging_mixin.py:115} INFO - [2022-06-17 13:28:56,732] {dagbag.py:507} INFO - Filling up the DagBag from /home/jarret/data-engineering-bootcamp/workspace/airflow-code-review/venv/lib/python3.7/site-packages/airflow/example_dags/plugins/workday.py
[2022-06-17 13:28:56,734] {processor.py:653} WARNING - No viable dags retrieved from /home/jarret/data-engineering-bootcamp/workspace/airflow-code-review/venv/lib/python3.7/site-packages/airflow/example_dags/plugins/workday.py
[2022-06-17 13:28:56,744] {processor.py:161} INFO - Processing /home/jarret/data-engineering-bootcamp/workspace/airflow-code-review/venv/lib/python3.7/site-packages/airflow/example_dags/plugins/workday.py took 0.023 seconds
[2022-06-17 13:29:38,063] {processor.py:153} INFO - Started process (PID=20519) to work on /home/jarret/data-engineering-bootcamp/workspace/airflow-code-review/venv/lib/python3.7/site-packages/airflow/example_dags/plugins/workday.py
[2022-06-17 13:29:38,077] {processor.py:641} INFO - Processing file /home/jarret/data-engineering-bootcamp/workspace/airflow-code-review/venv/lib/python3.7/site-packages/airflow/example_dags/plugins/workday.py for tasks to queue
[2022-06-17 13:29:38,078] {logging_mixin.py:115} INFO - [2022-06-17 13:29:38,077] {dagbag.py:507} INFO - Filling up the DagBag from /home/jarret/data-engineering-bootcamp/workspace/airflow-code-review/venv/lib/python3.7/site-packages/airflow/example_dags/plugins/workday.py
[2022-06-17 13:29:38,080] {processor.py:653} WARNING - No viable dags retrieved from /home/jarret/data-engineering-bootcamp/workspace/airflow-code-review/venv/lib/python3.7/site-packages/airflow/example_dags/plugins/workday.py
[2022-06-17 13:29:38,095] {processor.py:161} INFO - Processing /home/jarret/data-engineering-bootcamp/workspace/airflow-code-review/venv/lib/python3.7/site-packages/airflow/example_dags/plugins/workday.py took 0.036 seconds
[2022-06-17 13:30:28,869] {processor.py:153} INFO - Started process (PID=20602) to work on /home/jarret/data-engineering-bootcamp/workspace/airflow-code-review/venv/lib/python3.7/site-packages/airflow/example_dags/plugins/workday.py
[2022-06-17 13:30:28,870] {processor.py:641} INFO - Processing file /home/jarret/data-engineering-bootcamp/workspace/airflow-code-review/venv/lib/python3.7/site-packages/airflow/example_dags/plugins/workday.py for tasks to queue
[2022-06-17 13:30:28,871] {logging_mixin.py:115} INFO - [2022-06-17 13:30:28,871] {dagbag.py:507} INFO - Filling up the DagBag from /home/jarret/data-engineering-bootcamp/workspace/airflow-code-review/venv/lib/python3.7/site-packages/airflow/example_dags/plugins/workday.py
[2022-06-17 13:30:28,873] {processor.py:653} WARNING - No viable dags retrieved from /home/jarret/data-engineering-bootcamp/workspace/airflow-code-review/venv/lib/python3.7/site-packages/airflow/example_dags/plugins/workday.py
[2022-06-17 13:30:28,885] {processor.py:161} INFO - Processing /home/jarret/data-engineering-bootcamp/workspace/airflow-code-review/venv/lib/python3.7/site-packages/airflow/example_dags/plugins/workday.py took 0.019 seconds
[2022-06-17 13:31:14,977] {processor.py:153} INFO - Started process (PID=20774) to work on /home/jarret/data-engineering-bootcamp/workspace/airflow-code-review/venv/lib/python3.7/site-packages/airflow/example_dags/plugins/workday.py
[2022-06-17 13:31:14,989] {processor.py:641} INFO - Processing file /home/jarret/data-engineering-bootcamp/workspace/airflow-code-review/venv/lib/python3.7/site-packages/airflow/example_dags/plugins/workday.py for tasks to queue
[2022-06-17 13:31:14,990] {logging_mixin.py:115} INFO - [2022-06-17 13:31:14,990] {dagbag.py:507} INFO - Filling up the DagBag from /home/jarret/data-engineering-bootcamp/workspace/airflow-code-review/venv/lib/python3.7/site-packages/airflow/example_dags/plugins/workday.py
[2022-06-17 13:31:14,991] {processor.py:653} WARNING - No viable dags retrieved from /home/jarret/data-engineering-bootcamp/workspace/airflow-code-review/venv/lib/python3.7/site-packages/airflow/example_dags/plugins/workday.py
[2022-06-17 13:31:14,997] {processor.py:161} INFO - Processing /home/jarret/data-engineering-bootcamp/workspace/airflow-code-review/venv/lib/python3.7/site-packages/airflow/example_dags/plugins/workday.py took 0.022 seconds
[2022-06-17 13:32:06,773] {processor.py:153} INFO - Started process (PID=21550) to work on /home/jarret/data-engineering-bootcamp/workspace/airflow-code-review/venv/lib/python3.7/site-packages/airflow/example_dags/plugins/workday.py
[2022-06-17 13:32:06,780] {processor.py:641} INFO - Processing file /home/jarret/data-engineering-bootcamp/workspace/airflow-code-review/venv/lib/python3.7/site-packages/airflow/example_dags/plugins/workday.py for tasks to queue
[2022-06-17 13:32:06,780] {logging_mixin.py:115} INFO - [2022-06-17 13:32:06,780] {dagbag.py:507} INFO - Filling up the DagBag from /home/jarret/data-engineering-bootcamp/workspace/airflow-code-review/venv/lib/python3.7/site-packages/airflow/example_dags/plugins/workday.py
[2022-06-17 13:32:06,781] {processor.py:653} WARNING - No viable dags retrieved from /home/jarret/data-engineering-bootcamp/workspace/airflow-code-review/venv/lib/python3.7/site-packages/airflow/example_dags/plugins/workday.py
[2022-06-17 13:32:06,788] {processor.py:161} INFO - Processing /home/jarret/data-engineering-bootcamp/workspace/airflow-code-review/venv/lib/python3.7/site-packages/airflow/example_dags/plugins/workday.py took 0.018 seconds
[2022-06-17 13:32:44,953] {processor.py:153} INFO - Started process (PID=22294) to work on /home/jarret/data-engineering-bootcamp/workspace/airflow-code-review/venv/lib/python3.7/site-packages/airflow/example_dags/plugins/workday.py
[2022-06-17 13:32:44,954] {processor.py:641} INFO - Processing file /home/jarret/data-engineering-bootcamp/workspace/airflow-code-review/venv/lib/python3.7/site-packages/airflow/example_dags/plugins/workday.py for tasks to queue
[2022-06-17 13:32:44,954] {logging_mixin.py:115} INFO - [2022-06-17 13:32:44,954] {dagbag.py:507} INFO - Filling up the DagBag from /home/jarret/data-engineering-bootcamp/workspace/airflow-code-review/venv/lib/python3.7/site-packages/airflow/example_dags/plugins/workday.py
[2022-06-17 13:32:44,956] {processor.py:653} WARNING - No viable dags retrieved from /home/jarret/data-engineering-bootcamp/workspace/airflow-code-review/venv/lib/python3.7/site-packages/airflow/example_dags/plugins/workday.py
[2022-06-17 13:32:44,969] {processor.py:161} INFO - Processing /home/jarret/data-engineering-bootcamp/workspace/airflow-code-review/venv/lib/python3.7/site-packages/airflow/example_dags/plugins/workday.py took 0.019 seconds
[2022-06-17 13:33:35,621] {processor.py:153} INFO - Started process (PID=22977) to work on /home/jarret/data-engineering-bootcamp/workspace/airflow-code-review/venv/lib/python3.7/site-packages/airflow/example_dags/plugins/workday.py
[2022-06-17 13:33:35,634] {processor.py:641} INFO - Processing file /home/jarret/data-engineering-bootcamp/workspace/airflow-code-review/venv/lib/python3.7/site-packages/airflow/example_dags/plugins/workday.py for tasks to queue
[2022-06-17 13:33:35,634] {logging_mixin.py:115} INFO - [2022-06-17 13:33:35,634] {dagbag.py:507} INFO - Filling up the DagBag from /home/jarret/data-engineering-bootcamp/workspace/airflow-code-review/venv/lib/python3.7/site-packages/airflow/example_dags/plugins/workday.py
[2022-06-17 13:33:35,635] {processor.py:653} WARNING - No viable dags retrieved from /home/jarret/data-engineering-bootcamp/workspace/airflow-code-review/venv/lib/python3.7/site-packages/airflow/example_dags/plugins/workday.py
[2022-06-17 13:33:35,642] {processor.py:161} INFO - Processing /home/jarret/data-engineering-bootcamp/workspace/airflow-code-review/venv/lib/python3.7/site-packages/airflow/example_dags/plugins/workday.py took 0.023 seconds
[2022-06-17 13:34:23,255] {processor.py:153} INFO - Started process (PID=23077) to work on /home/jarret/data-engineering-bootcamp/workspace/airflow-code-review/venv/lib/python3.7/site-packages/airflow/example_dags/plugins/workday.py
[2022-06-17 13:34:23,264] {processor.py:641} INFO - Processing file /home/jarret/data-engineering-bootcamp/workspace/airflow-code-review/venv/lib/python3.7/site-packages/airflow/example_dags/plugins/workday.py for tasks to queue
[2022-06-17 13:34:23,264] {logging_mixin.py:115} INFO - [2022-06-17 13:34:23,264] {dagbag.py:507} INFO - Filling up the DagBag from /home/jarret/data-engineering-bootcamp/workspace/airflow-code-review/venv/lib/python3.7/site-packages/airflow/example_dags/plugins/workday.py
[2022-06-17 13:34:23,266] {processor.py:653} WARNING - No viable dags retrieved from /home/jarret/data-engineering-bootcamp/workspace/airflow-code-review/venv/lib/python3.7/site-packages/airflow/example_dags/plugins/workday.py
[2022-06-17 13:34:23,272] {processor.py:161} INFO - Processing /home/jarret/data-engineering-bootcamp/workspace/airflow-code-review/venv/lib/python3.7/site-packages/airflow/example_dags/plugins/workday.py took 0.021 seconds
