[2022-06-17 12:36:36,162] {processor.py:153} INFO - Started process (PID=15700) to work on /home/jarret/data-engineering-bootcamp/workspace/airflow-code-review/venv/lib/python3.7/site-packages/airflow/example_dags/subdags/subdag.py
[2022-06-17 12:36:36,162] {processor.py:641} INFO - Processing file /home/jarret/data-engineering-bootcamp/workspace/airflow-code-review/venv/lib/python3.7/site-packages/airflow/example_dags/subdags/subdag.py for tasks to queue
[2022-06-17 12:36:36,163] {logging_mixin.py:115} INFO - [2022-06-17 12:36:36,163] {dagbag.py:507} INFO - Filling up the DagBag from /home/jarret/data-engineering-bootcamp/workspace/airflow-code-review/venv/lib/python3.7/site-packages/airflow/example_dags/subdags/subdag.py
[2022-06-17 12:36:36,164] {processor.py:653} WARNING - No viable dags retrieved from /home/jarret/data-engineering-bootcamp/workspace/airflow-code-review/venv/lib/python3.7/site-packages/airflow/example_dags/subdags/subdag.py
[2022-06-17 12:36:36,170] {processor.py:161} INFO - Processing /home/jarret/data-engineering-bootcamp/workspace/airflow-code-review/venv/lib/python3.7/site-packages/airflow/example_dags/subdags/subdag.py took 0.011 seconds
[2022-06-17 12:37:55,765] {processor.py:153} INFO - Started process (PID=15747) to work on /home/jarret/data-engineering-bootcamp/workspace/airflow-code-review/venv/lib/python3.7/site-packages/airflow/example_dags/subdags/subdag.py
[2022-06-17 12:37:55,806] {processor.py:641} INFO - Processing file /home/jarret/data-engineering-bootcamp/workspace/airflow-code-review/venv/lib/python3.7/site-packages/airflow/example_dags/subdags/subdag.py for tasks to queue
[2022-06-17 12:37:55,807] {logging_mixin.py:115} INFO - [2022-06-17 12:37:55,807] {dagbag.py:507} INFO - Filling up the DagBag from /home/jarret/data-engineering-bootcamp/workspace/airflow-code-review/venv/lib/python3.7/site-packages/airflow/example_dags/subdags/subdag.py
[2022-06-17 12:37:55,808] {processor.py:653} WARNING - No viable dags retrieved from /home/jarret/data-engineering-bootcamp/workspace/airflow-code-review/venv/lib/python3.7/site-packages/airflow/example_dags/subdags/subdag.py
[2022-06-17 12:37:55,818] {processor.py:161} INFO - Processing /home/jarret/data-engineering-bootcamp/workspace/airflow-code-review/venv/lib/python3.7/site-packages/airflow/example_dags/subdags/subdag.py took 0.056 seconds
[2022-06-17 12:38:59,288] {processor.py:153} INFO - Started process (PID=15805) to work on /home/jarret/data-engineering-bootcamp/workspace/airflow-code-review/venv/lib/python3.7/site-packages/airflow/example_dags/subdags/subdag.py
[2022-06-17 12:38:59,290] {processor.py:641} INFO - Processing file /home/jarret/data-engineering-bootcamp/workspace/airflow-code-review/venv/lib/python3.7/site-packages/airflow/example_dags/subdags/subdag.py for tasks to queue
[2022-06-17 12:38:59,290] {logging_mixin.py:115} INFO - [2022-06-17 12:38:59,290] {dagbag.py:507} INFO - Filling up the DagBag from /home/jarret/data-engineering-bootcamp/workspace/airflow-code-review/venv/lib/python3.7/site-packages/airflow/example_dags/subdags/subdag.py
[2022-06-17 12:38:59,292] {processor.py:653} WARNING - No viable dags retrieved from /home/jarret/data-engineering-bootcamp/workspace/airflow-code-review/venv/lib/python3.7/site-packages/airflow/example_dags/subdags/subdag.py
[2022-06-17 12:38:59,299] {processor.py:161} INFO - Processing /home/jarret/data-engineering-bootcamp/workspace/airflow-code-review/venv/lib/python3.7/site-packages/airflow/example_dags/subdags/subdag.py took 0.014 seconds
[2022-06-17 12:39:52,193] {processor.py:153} INFO - Started process (PID=15852) to work on /home/jarret/data-engineering-bootcamp/workspace/airflow-code-review/venv/lib/python3.7/site-packages/airflow/example_dags/subdags/subdag.py
[2022-06-17 12:39:52,210] {processor.py:641} INFO - Processing file /home/jarret/data-engineering-bootcamp/workspace/airflow-code-review/venv/lib/python3.7/site-packages/airflow/example_dags/subdags/subdag.py for tasks to queue
[2022-06-17 12:39:52,211] {logging_mixin.py:115} INFO - [2022-06-17 12:39:52,211] {dagbag.py:507} INFO - Filling up the DagBag from /home/jarret/data-engineering-bootcamp/workspace/airflow-code-review/venv/lib/python3.7/site-packages/airflow/example_dags/subdags/subdag.py
[2022-06-17 12:39:52,212] {processor.py:653} WARNING - No viable dags retrieved from /home/jarret/data-engineering-bootcamp/workspace/airflow-code-review/venv/lib/python3.7/site-packages/airflow/example_dags/subdags/subdag.py
[2022-06-17 12:39:52,220] {processor.py:161} INFO - Processing /home/jarret/data-engineering-bootcamp/workspace/airflow-code-review/venv/lib/python3.7/site-packages/airflow/example_dags/subdags/subdag.py took 0.030 seconds
[2022-06-17 12:41:01,428] {processor.py:153} INFO - Started process (PID=15954) to work on /home/jarret/data-engineering-bootcamp/workspace/airflow-code-review/venv/lib/python3.7/site-packages/airflow/example_dags/subdags/subdag.py
[2022-06-17 12:41:01,430] {processor.py:641} INFO - Processing file /home/jarret/data-engineering-bootcamp/workspace/airflow-code-review/venv/lib/python3.7/site-packages/airflow/example_dags/subdags/subdag.py for tasks to queue
[2022-06-17 12:41:01,430] {logging_mixin.py:115} INFO - [2022-06-17 12:41:01,430] {dagbag.py:507} INFO - Filling up the DagBag from /home/jarret/data-engineering-bootcamp/workspace/airflow-code-review/venv/lib/python3.7/site-packages/airflow/example_dags/subdags/subdag.py
[2022-06-17 12:41:01,432] {processor.py:653} WARNING - No viable dags retrieved from /home/jarret/data-engineering-bootcamp/workspace/airflow-code-review/venv/lib/python3.7/site-packages/airflow/example_dags/subdags/subdag.py
[2022-06-17 12:41:01,443] {processor.py:161} INFO - Processing /home/jarret/data-engineering-bootcamp/workspace/airflow-code-review/venv/lib/python3.7/site-packages/airflow/example_dags/subdags/subdag.py took 0.018 seconds
[2022-06-17 12:41:46,127] {processor.py:153} INFO - Started process (PID=15997) to work on /home/jarret/data-engineering-bootcamp/workspace/airflow-code-review/venv/lib/python3.7/site-packages/airflow/example_dags/subdags/subdag.py
[2022-06-17 12:41:46,153] {processor.py:641} INFO - Processing file /home/jarret/data-engineering-bootcamp/workspace/airflow-code-review/venv/lib/python3.7/site-packages/airflow/example_dags/subdags/subdag.py for tasks to queue
[2022-06-17 12:41:46,154] {logging_mixin.py:115} INFO - [2022-06-17 12:41:46,154] {dagbag.py:507} INFO - Filling up the DagBag from /home/jarret/data-engineering-bootcamp/workspace/airflow-code-review/venv/lib/python3.7/site-packages/airflow/example_dags/subdags/subdag.py
[2022-06-17 12:41:46,156] {processor.py:653} WARNING - No viable dags retrieved from /home/jarret/data-engineering-bootcamp/workspace/airflow-code-review/venv/lib/python3.7/site-packages/airflow/example_dags/subdags/subdag.py
[2022-06-17 12:41:46,171] {processor.py:161} INFO - Processing /home/jarret/data-engineering-bootcamp/workspace/airflow-code-review/venv/lib/python3.7/site-packages/airflow/example_dags/subdags/subdag.py took 0.046 seconds
[2022-06-17 12:42:52,242] {processor.py:153} INFO - Started process (PID=16081) to work on /home/jarret/data-engineering-bootcamp/workspace/airflow-code-review/venv/lib/python3.7/site-packages/airflow/example_dags/subdags/subdag.py
[2022-06-17 12:42:52,257] {processor.py:641} INFO - Processing file /home/jarret/data-engineering-bootcamp/workspace/airflow-code-review/venv/lib/python3.7/site-packages/airflow/example_dags/subdags/subdag.py for tasks to queue
[2022-06-17 12:42:52,257] {logging_mixin.py:115} INFO - [2022-06-17 12:42:52,257] {dagbag.py:507} INFO - Filling up the DagBag from /home/jarret/data-engineering-bootcamp/workspace/airflow-code-review/venv/lib/python3.7/site-packages/airflow/example_dags/subdags/subdag.py
[2022-06-17 12:42:52,258] {processor.py:653} WARNING - No viable dags retrieved from /home/jarret/data-engineering-bootcamp/workspace/airflow-code-review/venv/lib/python3.7/site-packages/airflow/example_dags/subdags/subdag.py
[2022-06-17 12:42:52,265] {processor.py:161} INFO - Processing /home/jarret/data-engineering-bootcamp/workspace/airflow-code-review/venv/lib/python3.7/site-packages/airflow/example_dags/subdags/subdag.py took 0.026 seconds
[2022-06-17 12:43:56,174] {processor.py:153} INFO - Started process (PID=16200) to work on /home/jarret/data-engineering-bootcamp/workspace/airflow-code-review/venv/lib/python3.7/site-packages/airflow/example_dags/subdags/subdag.py
[2022-06-17 12:43:56,203] {processor.py:641} INFO - Processing file /home/jarret/data-engineering-bootcamp/workspace/airflow-code-review/venv/lib/python3.7/site-packages/airflow/example_dags/subdags/subdag.py for tasks to queue
[2022-06-17 12:43:56,204] {logging_mixin.py:115} INFO - [2022-06-17 12:43:56,204] {dagbag.py:507} INFO - Filling up the DagBag from /home/jarret/data-engineering-bootcamp/workspace/airflow-code-review/venv/lib/python3.7/site-packages/airflow/example_dags/subdags/subdag.py
[2022-06-17 12:43:56,205] {processor.py:653} WARNING - No viable dags retrieved from /home/jarret/data-engineering-bootcamp/workspace/airflow-code-review/venv/lib/python3.7/site-packages/airflow/example_dags/subdags/subdag.py
[2022-06-17 12:43:56,211] {processor.py:161} INFO - Processing /home/jarret/data-engineering-bootcamp/workspace/airflow-code-review/venv/lib/python3.7/site-packages/airflow/example_dags/subdags/subdag.py took 0.040 seconds
[2022-06-17 12:45:06,503] {processor.py:153} INFO - Started process (PID=16299) to work on /home/jarret/data-engineering-bootcamp/workspace/airflow-code-review/venv/lib/python3.7/site-packages/airflow/example_dags/subdags/subdag.py
[2022-06-17 12:45:06,505] {processor.py:641} INFO - Processing file /home/jarret/data-engineering-bootcamp/workspace/airflow-code-review/venv/lib/python3.7/site-packages/airflow/example_dags/subdags/subdag.py for tasks to queue
[2022-06-17 12:45:06,505] {logging_mixin.py:115} INFO - [2022-06-17 12:45:06,505] {dagbag.py:507} INFO - Filling up the DagBag from /home/jarret/data-engineering-bootcamp/workspace/airflow-code-review/venv/lib/python3.7/site-packages/airflow/example_dags/subdags/subdag.py
[2022-06-17 12:45:06,507] {processor.py:653} WARNING - No viable dags retrieved from /home/jarret/data-engineering-bootcamp/workspace/airflow-code-review/venv/lib/python3.7/site-packages/airflow/example_dags/subdags/subdag.py
[2022-06-17 12:45:06,515] {processor.py:161} INFO - Processing /home/jarret/data-engineering-bootcamp/workspace/airflow-code-review/venv/lib/python3.7/site-packages/airflow/example_dags/subdags/subdag.py took 0.015 seconds
[2022-06-17 12:46:21,742] {processor.py:153} INFO - Started process (PID=16436) to work on /home/jarret/data-engineering-bootcamp/workspace/airflow-code-review/venv/lib/python3.7/site-packages/airflow/example_dags/subdags/subdag.py
[2022-06-17 12:46:21,784] {processor.py:641} INFO - Processing file /home/jarret/data-engineering-bootcamp/workspace/airflow-code-review/venv/lib/python3.7/site-packages/airflow/example_dags/subdags/subdag.py for tasks to queue
[2022-06-17 12:46:21,784] {logging_mixin.py:115} INFO - [2022-06-17 12:46:21,784] {dagbag.py:507} INFO - Filling up the DagBag from /home/jarret/data-engineering-bootcamp/workspace/airflow-code-review/venv/lib/python3.7/site-packages/airflow/example_dags/subdags/subdag.py
[2022-06-17 12:46:21,786] {processor.py:653} WARNING - No viable dags retrieved from /home/jarret/data-engineering-bootcamp/workspace/airflow-code-review/venv/lib/python3.7/site-packages/airflow/example_dags/subdags/subdag.py
[2022-06-17 12:46:21,798] {processor.py:161} INFO - Processing /home/jarret/data-engineering-bootcamp/workspace/airflow-code-review/venv/lib/python3.7/site-packages/airflow/example_dags/subdags/subdag.py took 0.059 seconds
[2022-06-17 12:47:18,989] {processor.py:153} INFO - Started process (PID=16495) to work on /home/jarret/data-engineering-bootcamp/workspace/airflow-code-review/venv/lib/python3.7/site-packages/airflow/example_dags/subdags/subdag.py
[2022-06-17 12:47:18,999] {processor.py:641} INFO - Processing file /home/jarret/data-engineering-bootcamp/workspace/airflow-code-review/venv/lib/python3.7/site-packages/airflow/example_dags/subdags/subdag.py for tasks to queue
[2022-06-17 12:47:18,999] {logging_mixin.py:115} INFO - [2022-06-17 12:47:18,999] {dagbag.py:507} INFO - Filling up the DagBag from /home/jarret/data-engineering-bootcamp/workspace/airflow-code-review/venv/lib/python3.7/site-packages/airflow/example_dags/subdags/subdag.py
[2022-06-17 12:47:19,001] {processor.py:653} WARNING - No viable dags retrieved from /home/jarret/data-engineering-bootcamp/workspace/airflow-code-review/venv/lib/python3.7/site-packages/airflow/example_dags/subdags/subdag.py
[2022-06-17 12:47:19,010] {processor.py:161} INFO - Processing /home/jarret/data-engineering-bootcamp/workspace/airflow-code-review/venv/lib/python3.7/site-packages/airflow/example_dags/subdags/subdag.py took 0.024 seconds
[2022-06-17 12:48:29,533] {processor.py:153} INFO - Started process (PID=16545) to work on /home/jarret/data-engineering-bootcamp/workspace/airflow-code-review/venv/lib/python3.7/site-packages/airflow/example_dags/subdags/subdag.py
[2022-06-17 12:48:29,784] {processor.py:641} INFO - Processing file /home/jarret/data-engineering-bootcamp/workspace/airflow-code-review/venv/lib/python3.7/site-packages/airflow/example_dags/subdags/subdag.py for tasks to queue
[2022-06-17 12:48:29,785] {logging_mixin.py:115} INFO - [2022-06-17 12:48:29,785] {dagbag.py:507} INFO - Filling up the DagBag from /home/jarret/data-engineering-bootcamp/workspace/airflow-code-review/venv/lib/python3.7/site-packages/airflow/example_dags/subdags/subdag.py
[2022-06-17 12:48:29,787] {processor.py:653} WARNING - No viable dags retrieved from /home/jarret/data-engineering-bootcamp/workspace/airflow-code-review/venv/lib/python3.7/site-packages/airflow/example_dags/subdags/subdag.py
[2022-06-17 12:48:29,796] {processor.py:161} INFO - Processing /home/jarret/data-engineering-bootcamp/workspace/airflow-code-review/venv/lib/python3.7/site-packages/airflow/example_dags/subdags/subdag.py took 0.266 seconds
[2022-06-17 12:49:47,991] {processor.py:153} INFO - Started process (PID=16674) to work on /home/jarret/data-engineering-bootcamp/workspace/airflow-code-review/venv/lib/python3.7/site-packages/airflow/example_dags/subdags/subdag.py
[2022-06-17 12:49:47,992] {processor.py:641} INFO - Processing file /home/jarret/data-engineering-bootcamp/workspace/airflow-code-review/venv/lib/python3.7/site-packages/airflow/example_dags/subdags/subdag.py for tasks to queue
[2022-06-17 12:49:47,993] {logging_mixin.py:115} INFO - [2022-06-17 12:49:47,993] {dagbag.py:507} INFO - Filling up the DagBag from /home/jarret/data-engineering-bootcamp/workspace/airflow-code-review/venv/lib/python3.7/site-packages/airflow/example_dags/subdags/subdag.py
[2022-06-17 12:49:47,994] {processor.py:653} WARNING - No viable dags retrieved from /home/jarret/data-engineering-bootcamp/workspace/airflow-code-review/venv/lib/python3.7/site-packages/airflow/example_dags/subdags/subdag.py
[2022-06-17 12:49:48,004] {processor.py:161} INFO - Processing /home/jarret/data-engineering-bootcamp/workspace/airflow-code-review/venv/lib/python3.7/site-packages/airflow/example_dags/subdags/subdag.py took 0.016 seconds
[2022-06-17 12:50:45,916] {processor.py:153} INFO - Started process (PID=16767) to work on /home/jarret/data-engineering-bootcamp/workspace/airflow-code-review/venv/lib/python3.7/site-packages/airflow/example_dags/subdags/subdag.py
[2022-06-17 12:50:45,991] {processor.py:641} INFO - Processing file /home/jarret/data-engineering-bootcamp/workspace/airflow-code-review/venv/lib/python3.7/site-packages/airflow/example_dags/subdags/subdag.py for tasks to queue
[2022-06-17 12:50:45,992] {logging_mixin.py:115} INFO - [2022-06-17 12:50:45,992] {dagbag.py:507} INFO - Filling up the DagBag from /home/jarret/data-engineering-bootcamp/workspace/airflow-code-review/venv/lib/python3.7/site-packages/airflow/example_dags/subdags/subdag.py
[2022-06-17 12:50:45,993] {processor.py:653} WARNING - No viable dags retrieved from /home/jarret/data-engineering-bootcamp/workspace/airflow-code-review/venv/lib/python3.7/site-packages/airflow/example_dags/subdags/subdag.py
[2022-06-17 12:50:46,006] {processor.py:161} INFO - Processing /home/jarret/data-engineering-bootcamp/workspace/airflow-code-review/venv/lib/python3.7/site-packages/airflow/example_dags/subdags/subdag.py took 0.094 seconds
[2022-06-17 12:51:56,220] {processor.py:153} INFO - Started process (PID=16896) to work on /home/jarret/data-engineering-bootcamp/workspace/airflow-code-review/venv/lib/python3.7/site-packages/airflow/example_dags/subdags/subdag.py
[2022-06-17 12:51:56,222] {processor.py:641} INFO - Processing file /home/jarret/data-engineering-bootcamp/workspace/airflow-code-review/venv/lib/python3.7/site-packages/airflow/example_dags/subdags/subdag.py for tasks to queue
[2022-06-17 12:51:56,222] {logging_mixin.py:115} INFO - [2022-06-17 12:51:56,222] {dagbag.py:507} INFO - Filling up the DagBag from /home/jarret/data-engineering-bootcamp/workspace/airflow-code-review/venv/lib/python3.7/site-packages/airflow/example_dags/subdags/subdag.py
[2022-06-17 12:51:56,223] {processor.py:653} WARNING - No viable dags retrieved from /home/jarret/data-engineering-bootcamp/workspace/airflow-code-review/venv/lib/python3.7/site-packages/airflow/example_dags/subdags/subdag.py
[2022-06-17 12:51:56,230] {processor.py:161} INFO - Processing /home/jarret/data-engineering-bootcamp/workspace/airflow-code-review/venv/lib/python3.7/site-packages/airflow/example_dags/subdags/subdag.py took 0.013 seconds
[2022-06-17 12:52:53,999] {processor.py:153} INFO - Started process (PID=16964) to work on /home/jarret/data-engineering-bootcamp/workspace/airflow-code-review/venv/lib/python3.7/site-packages/airflow/example_dags/subdags/subdag.py
[2022-06-17 12:52:54,001] {processor.py:641} INFO - Processing file /home/jarret/data-engineering-bootcamp/workspace/airflow-code-review/venv/lib/python3.7/site-packages/airflow/example_dags/subdags/subdag.py for tasks to queue
[2022-06-17 12:52:54,002] {logging_mixin.py:115} INFO - [2022-06-17 12:52:54,002] {dagbag.py:507} INFO - Filling up the DagBag from /home/jarret/data-engineering-bootcamp/workspace/airflow-code-review/venv/lib/python3.7/site-packages/airflow/example_dags/subdags/subdag.py
[2022-06-17 12:52:54,004] {processor.py:653} WARNING - No viable dags retrieved from /home/jarret/data-engineering-bootcamp/workspace/airflow-code-review/venv/lib/python3.7/site-packages/airflow/example_dags/subdags/subdag.py
[2022-06-17 12:52:54,010] {processor.py:161} INFO - Processing /home/jarret/data-engineering-bootcamp/workspace/airflow-code-review/venv/lib/python3.7/site-packages/airflow/example_dags/subdags/subdag.py took 0.015 seconds
[2022-06-17 12:54:08,847] {processor.py:153} INFO - Started process (PID=17047) to work on /home/jarret/data-engineering-bootcamp/workspace/airflow-code-review/venv/lib/python3.7/site-packages/airflow/example_dags/subdags/subdag.py
[2022-06-17 12:54:08,849] {processor.py:641} INFO - Processing file /home/jarret/data-engineering-bootcamp/workspace/airflow-code-review/venv/lib/python3.7/site-packages/airflow/example_dags/subdags/subdag.py for tasks to queue
[2022-06-17 12:54:08,850] {logging_mixin.py:115} INFO - [2022-06-17 12:54:08,849] {dagbag.py:507} INFO - Filling up the DagBag from /home/jarret/data-engineering-bootcamp/workspace/airflow-code-review/venv/lib/python3.7/site-packages/airflow/example_dags/subdags/subdag.py
[2022-06-17 12:54:08,851] {processor.py:653} WARNING - No viable dags retrieved from /home/jarret/data-engineering-bootcamp/workspace/airflow-code-review/venv/lib/python3.7/site-packages/airflow/example_dags/subdags/subdag.py
[2022-06-17 12:54:08,859] {processor.py:161} INFO - Processing /home/jarret/data-engineering-bootcamp/workspace/airflow-code-review/venv/lib/python3.7/site-packages/airflow/example_dags/subdags/subdag.py took 0.015 seconds
[2022-06-17 12:55:07,282] {processor.py:153} INFO - Started process (PID=17092) to work on /home/jarret/data-engineering-bootcamp/workspace/airflow-code-review/venv/lib/python3.7/site-packages/airflow/example_dags/subdags/subdag.py
[2022-06-17 12:55:07,341] {processor.py:641} INFO - Processing file /home/jarret/data-engineering-bootcamp/workspace/airflow-code-review/venv/lib/python3.7/site-packages/airflow/example_dags/subdags/subdag.py for tasks to queue
[2022-06-17 12:55:07,341] {logging_mixin.py:115} INFO - [2022-06-17 12:55:07,341] {dagbag.py:507} INFO - Filling up the DagBag from /home/jarret/data-engineering-bootcamp/workspace/airflow-code-review/venv/lib/python3.7/site-packages/airflow/example_dags/subdags/subdag.py
[2022-06-17 12:55:07,343] {processor.py:653} WARNING - No viable dags retrieved from /home/jarret/data-engineering-bootcamp/workspace/airflow-code-review/venv/lib/python3.7/site-packages/airflow/example_dags/subdags/subdag.py
[2022-06-17 12:55:07,356] {processor.py:161} INFO - Processing /home/jarret/data-engineering-bootcamp/workspace/airflow-code-review/venv/lib/python3.7/site-packages/airflow/example_dags/subdags/subdag.py took 0.075 seconds
[2022-06-17 12:56:01,236] {processor.py:153} INFO - Started process (PID=17141) to work on /home/jarret/data-engineering-bootcamp/workspace/airflow-code-review/venv/lib/python3.7/site-packages/airflow/example_dags/subdags/subdag.py
[2022-06-17 12:56:01,974] {processor.py:641} INFO - Processing file /home/jarret/data-engineering-bootcamp/workspace/airflow-code-review/venv/lib/python3.7/site-packages/airflow/example_dags/subdags/subdag.py for tasks to queue
[2022-06-17 12:56:01,975] {logging_mixin.py:115} INFO - [2022-06-17 12:56:01,975] {dagbag.py:507} INFO - Filling up the DagBag from /home/jarret/data-engineering-bootcamp/workspace/airflow-code-review/venv/lib/python3.7/site-packages/airflow/example_dags/subdags/subdag.py
[2022-06-17 12:56:01,976] {processor.py:653} WARNING - No viable dags retrieved from /home/jarret/data-engineering-bootcamp/workspace/airflow-code-review/venv/lib/python3.7/site-packages/airflow/example_dags/subdags/subdag.py
[2022-06-17 12:56:01,989] {processor.py:161} INFO - Processing /home/jarret/data-engineering-bootcamp/workspace/airflow-code-review/venv/lib/python3.7/site-packages/airflow/example_dags/subdags/subdag.py took 0.756 seconds
[2022-06-17 12:56:54,031] {processor.py:153} INFO - Started process (PID=17228) to work on /home/jarret/data-engineering-bootcamp/workspace/airflow-code-review/venv/lib/python3.7/site-packages/airflow/example_dags/subdags/subdag.py
[2022-06-17 12:56:54,043] {processor.py:641} INFO - Processing file /home/jarret/data-engineering-bootcamp/workspace/airflow-code-review/venv/lib/python3.7/site-packages/airflow/example_dags/subdags/subdag.py for tasks to queue
[2022-06-17 12:56:54,044] {logging_mixin.py:115} INFO - [2022-06-17 12:56:54,044] {dagbag.py:507} INFO - Filling up the DagBag from /home/jarret/data-engineering-bootcamp/workspace/airflow-code-review/venv/lib/python3.7/site-packages/airflow/example_dags/subdags/subdag.py
[2022-06-17 12:56:54,045] {processor.py:653} WARNING - No viable dags retrieved from /home/jarret/data-engineering-bootcamp/workspace/airflow-code-review/venv/lib/python3.7/site-packages/airflow/example_dags/subdags/subdag.py
[2022-06-17 12:56:54,055] {processor.py:161} INFO - Processing /home/jarret/data-engineering-bootcamp/workspace/airflow-code-review/venv/lib/python3.7/site-packages/airflow/example_dags/subdags/subdag.py took 0.027 seconds
[2022-06-17 12:58:20,931] {processor.py:153} INFO - Started process (PID=17292) to work on /home/jarret/data-engineering-bootcamp/workspace/airflow-code-review/venv/lib/python3.7/site-packages/airflow/example_dags/subdags/subdag.py
[2022-06-17 12:58:21,088] {processor.py:641} INFO - Processing file /home/jarret/data-engineering-bootcamp/workspace/airflow-code-review/venv/lib/python3.7/site-packages/airflow/example_dags/subdags/subdag.py for tasks to queue
[2022-06-17 12:58:21,089] {logging_mixin.py:115} INFO - [2022-06-17 12:58:21,089] {dagbag.py:507} INFO - Filling up the DagBag from /home/jarret/data-engineering-bootcamp/workspace/airflow-code-review/venv/lib/python3.7/site-packages/airflow/example_dags/subdags/subdag.py
[2022-06-17 12:58:21,090] {processor.py:653} WARNING - No viable dags retrieved from /home/jarret/data-engineering-bootcamp/workspace/airflow-code-review/venv/lib/python3.7/site-packages/airflow/example_dags/subdags/subdag.py
[2022-06-17 12:58:21,098] {processor.py:161} INFO - Processing /home/jarret/data-engineering-bootcamp/workspace/airflow-code-review/venv/lib/python3.7/site-packages/airflow/example_dags/subdags/subdag.py took 0.170 seconds
[2022-06-17 12:59:11,766] {processor.py:153} INFO - Started process (PID=17394) to work on /home/jarret/data-engineering-bootcamp/workspace/airflow-code-review/venv/lib/python3.7/site-packages/airflow/example_dags/subdags/subdag.py
[2022-06-17 12:59:11,778] {processor.py:641} INFO - Processing file /home/jarret/data-engineering-bootcamp/workspace/airflow-code-review/venv/lib/python3.7/site-packages/airflow/example_dags/subdags/subdag.py for tasks to queue
[2022-06-17 12:59:11,778] {logging_mixin.py:115} INFO - [2022-06-17 12:59:11,778] {dagbag.py:507} INFO - Filling up the DagBag from /home/jarret/data-engineering-bootcamp/workspace/airflow-code-review/venv/lib/python3.7/site-packages/airflow/example_dags/subdags/subdag.py
[2022-06-17 12:59:11,779] {processor.py:653} WARNING - No viable dags retrieved from /home/jarret/data-engineering-bootcamp/workspace/airflow-code-review/venv/lib/python3.7/site-packages/airflow/example_dags/subdags/subdag.py
[2022-06-17 12:59:11,785] {processor.py:161} INFO - Processing /home/jarret/data-engineering-bootcamp/workspace/airflow-code-review/venv/lib/python3.7/site-packages/airflow/example_dags/subdags/subdag.py took 0.023 seconds
[2022-06-17 12:59:50,405] {processor.py:153} INFO - Started process (PID=17476) to work on /home/jarret/data-engineering-bootcamp/workspace/airflow-code-review/venv/lib/python3.7/site-packages/airflow/example_dags/subdags/subdag.py
[2022-06-17 12:59:50,409] {processor.py:641} INFO - Processing file /home/jarret/data-engineering-bootcamp/workspace/airflow-code-review/venv/lib/python3.7/site-packages/airflow/example_dags/subdags/subdag.py for tasks to queue
[2022-06-17 12:59:50,409] {logging_mixin.py:115} INFO - [2022-06-17 12:59:50,409] {dagbag.py:507} INFO - Filling up the DagBag from /home/jarret/data-engineering-bootcamp/workspace/airflow-code-review/venv/lib/python3.7/site-packages/airflow/example_dags/subdags/subdag.py
[2022-06-17 12:59:50,410] {processor.py:653} WARNING - No viable dags retrieved from /home/jarret/data-engineering-bootcamp/workspace/airflow-code-review/venv/lib/python3.7/site-packages/airflow/example_dags/subdags/subdag.py
[2022-06-17 12:59:50,416] {processor.py:161} INFO - Processing /home/jarret/data-engineering-bootcamp/workspace/airflow-code-review/venv/lib/python3.7/site-packages/airflow/example_dags/subdags/subdag.py took 0.014 seconds
[2022-06-17 13:00:34,935] {processor.py:153} INFO - Started process (PID=17539) to work on /home/jarret/data-engineering-bootcamp/workspace/airflow-code-review/venv/lib/python3.7/site-packages/airflow/example_dags/subdags/subdag.py
[2022-06-17 13:00:34,944] {processor.py:641} INFO - Processing file /home/jarret/data-engineering-bootcamp/workspace/airflow-code-review/venv/lib/python3.7/site-packages/airflow/example_dags/subdags/subdag.py for tasks to queue
[2022-06-17 13:00:34,944] {logging_mixin.py:115} INFO - [2022-06-17 13:00:34,944] {dagbag.py:507} INFO - Filling up the DagBag from /home/jarret/data-engineering-bootcamp/workspace/airflow-code-review/venv/lib/python3.7/site-packages/airflow/example_dags/subdags/subdag.py
[2022-06-17 13:00:34,945] {processor.py:653} WARNING - No viable dags retrieved from /home/jarret/data-engineering-bootcamp/workspace/airflow-code-review/venv/lib/python3.7/site-packages/airflow/example_dags/subdags/subdag.py
[2022-06-17 13:00:34,951] {processor.py:161} INFO - Processing /home/jarret/data-engineering-bootcamp/workspace/airflow-code-review/venv/lib/python3.7/site-packages/airflow/example_dags/subdags/subdag.py took 0.019 seconds
[2022-06-17 13:01:35,790] {processor.py:153} INFO - Started process (PID=17637) to work on /home/jarret/data-engineering-bootcamp/workspace/airflow-code-review/venv/lib/python3.7/site-packages/airflow/example_dags/subdags/subdag.py
[2022-06-17 13:01:35,796] {processor.py:641} INFO - Processing file /home/jarret/data-engineering-bootcamp/workspace/airflow-code-review/venv/lib/python3.7/site-packages/airflow/example_dags/subdags/subdag.py for tasks to queue
[2022-06-17 13:01:35,797] {logging_mixin.py:115} INFO - [2022-06-17 13:01:35,797] {dagbag.py:507} INFO - Filling up the DagBag from /home/jarret/data-engineering-bootcamp/workspace/airflow-code-review/venv/lib/python3.7/site-packages/airflow/example_dags/subdags/subdag.py
[2022-06-17 13:01:35,798] {processor.py:653} WARNING - No viable dags retrieved from /home/jarret/data-engineering-bootcamp/workspace/airflow-code-review/venv/lib/python3.7/site-packages/airflow/example_dags/subdags/subdag.py
[2022-06-17 13:01:35,804] {processor.py:161} INFO - Processing /home/jarret/data-engineering-bootcamp/workspace/airflow-code-review/venv/lib/python3.7/site-packages/airflow/example_dags/subdags/subdag.py took 0.015 seconds
[2022-06-17 13:02:22,738] {processor.py:153} INFO - Started process (PID=17732) to work on /home/jarret/data-engineering-bootcamp/workspace/airflow-code-review/venv/lib/python3.7/site-packages/airflow/example_dags/subdags/subdag.py
[2022-06-17 13:02:22,739] {processor.py:641} INFO - Processing file /home/jarret/data-engineering-bootcamp/workspace/airflow-code-review/venv/lib/python3.7/site-packages/airflow/example_dags/subdags/subdag.py for tasks to queue
[2022-06-17 13:02:22,739] {logging_mixin.py:115} INFO - [2022-06-17 13:02:22,739] {dagbag.py:507} INFO - Filling up the DagBag from /home/jarret/data-engineering-bootcamp/workspace/airflow-code-review/venv/lib/python3.7/site-packages/airflow/example_dags/subdags/subdag.py
[2022-06-17 13:02:22,740] {processor.py:653} WARNING - No viable dags retrieved from /home/jarret/data-engineering-bootcamp/workspace/airflow-code-review/venv/lib/python3.7/site-packages/airflow/example_dags/subdags/subdag.py
[2022-06-17 13:02:22,746] {processor.py:161} INFO - Processing /home/jarret/data-engineering-bootcamp/workspace/airflow-code-review/venv/lib/python3.7/site-packages/airflow/example_dags/subdags/subdag.py took 0.010 seconds
[2022-06-17 13:03:03,924] {processor.py:153} INFO - Started process (PID=17815) to work on /home/jarret/data-engineering-bootcamp/workspace/airflow-code-review/venv/lib/python3.7/site-packages/airflow/example_dags/subdags/subdag.py
[2022-06-17 13:03:03,926] {processor.py:641} INFO - Processing file /home/jarret/data-engineering-bootcamp/workspace/airflow-code-review/venv/lib/python3.7/site-packages/airflow/example_dags/subdags/subdag.py for tasks to queue
[2022-06-17 13:03:03,926] {logging_mixin.py:115} INFO - [2022-06-17 13:03:03,926] {dagbag.py:507} INFO - Filling up the DagBag from /home/jarret/data-engineering-bootcamp/workspace/airflow-code-review/venv/lib/python3.7/site-packages/airflow/example_dags/subdags/subdag.py
[2022-06-17 13:03:03,927] {processor.py:653} WARNING - No viable dags retrieved from /home/jarret/data-engineering-bootcamp/workspace/airflow-code-review/venv/lib/python3.7/site-packages/airflow/example_dags/subdags/subdag.py
[2022-06-17 13:03:03,933] {processor.py:161} INFO - Processing /home/jarret/data-engineering-bootcamp/workspace/airflow-code-review/venv/lib/python3.7/site-packages/airflow/example_dags/subdags/subdag.py took 0.012 seconds
[2022-06-17 13:04:08,431] {processor.py:153} INFO - Started process (PID=17926) to work on /home/jarret/data-engineering-bootcamp/workspace/airflow-code-review/venv/lib/python3.7/site-packages/airflow/example_dags/subdags/subdag.py
[2022-06-17 13:04:08,433] {processor.py:641} INFO - Processing file /home/jarret/data-engineering-bootcamp/workspace/airflow-code-review/venv/lib/python3.7/site-packages/airflow/example_dags/subdags/subdag.py for tasks to queue
[2022-06-17 13:04:08,434] {logging_mixin.py:115} INFO - [2022-06-17 13:04:08,433] {dagbag.py:507} INFO - Filling up the DagBag from /home/jarret/data-engineering-bootcamp/workspace/airflow-code-review/venv/lib/python3.7/site-packages/airflow/example_dags/subdags/subdag.py
[2022-06-17 13:04:08,435] {processor.py:653} WARNING - No viable dags retrieved from /home/jarret/data-engineering-bootcamp/workspace/airflow-code-review/venv/lib/python3.7/site-packages/airflow/example_dags/subdags/subdag.py
[2022-06-17 13:04:08,445] {processor.py:161} INFO - Processing /home/jarret/data-engineering-bootcamp/workspace/airflow-code-review/venv/lib/python3.7/site-packages/airflow/example_dags/subdags/subdag.py took 0.017 seconds
[2022-06-17 13:05:17,301] {processor.py:153} INFO - Started process (PID=17997) to work on /home/jarret/data-engineering-bootcamp/workspace/airflow-code-review/venv/lib/python3.7/site-packages/airflow/example_dags/subdags/subdag.py
[2022-06-17 13:05:17,302] {processor.py:641} INFO - Processing file /home/jarret/data-engineering-bootcamp/workspace/airflow-code-review/venv/lib/python3.7/site-packages/airflow/example_dags/subdags/subdag.py for tasks to queue
[2022-06-17 13:05:17,303] {logging_mixin.py:115} INFO - [2022-06-17 13:05:17,303] {dagbag.py:507} INFO - Filling up the DagBag from /home/jarret/data-engineering-bootcamp/workspace/airflow-code-review/venv/lib/python3.7/site-packages/airflow/example_dags/subdags/subdag.py
[2022-06-17 13:05:17,305] {processor.py:653} WARNING - No viable dags retrieved from /home/jarret/data-engineering-bootcamp/workspace/airflow-code-review/venv/lib/python3.7/site-packages/airflow/example_dags/subdags/subdag.py
[2022-06-17 13:05:17,312] {processor.py:161} INFO - Processing /home/jarret/data-engineering-bootcamp/workspace/airflow-code-review/venv/lib/python3.7/site-packages/airflow/example_dags/subdags/subdag.py took 0.014 seconds
[2022-06-17 13:06:09,570] {processor.py:153} INFO - Started process (PID=18040) to work on /home/jarret/data-engineering-bootcamp/workspace/airflow-code-review/venv/lib/python3.7/site-packages/airflow/example_dags/subdags/subdag.py
[2022-06-17 13:06:09,571] {processor.py:641} INFO - Processing file /home/jarret/data-engineering-bootcamp/workspace/airflow-code-review/venv/lib/python3.7/site-packages/airflow/example_dags/subdags/subdag.py for tasks to queue
[2022-06-17 13:06:09,571] {logging_mixin.py:115} INFO - [2022-06-17 13:06:09,571] {dagbag.py:507} INFO - Filling up the DagBag from /home/jarret/data-engineering-bootcamp/workspace/airflow-code-review/venv/lib/python3.7/site-packages/airflow/example_dags/subdags/subdag.py
[2022-06-17 13:06:09,572] {processor.py:653} WARNING - No viable dags retrieved from /home/jarret/data-engineering-bootcamp/workspace/airflow-code-review/venv/lib/python3.7/site-packages/airflow/example_dags/subdags/subdag.py
[2022-06-17 13:06:09,579] {processor.py:161} INFO - Processing /home/jarret/data-engineering-bootcamp/workspace/airflow-code-review/venv/lib/python3.7/site-packages/airflow/example_dags/subdags/subdag.py took 0.010 seconds
[2022-06-17 13:06:49,285] {processor.py:153} INFO - Started process (PID=18102) to work on /home/jarret/data-engineering-bootcamp/workspace/airflow-code-review/venv/lib/python3.7/site-packages/airflow/example_dags/subdags/subdag.py
[2022-06-17 13:06:49,289] {processor.py:641} INFO - Processing file /home/jarret/data-engineering-bootcamp/workspace/airflow-code-review/venv/lib/python3.7/site-packages/airflow/example_dags/subdags/subdag.py for tasks to queue
[2022-06-17 13:06:49,289] {logging_mixin.py:115} INFO - [2022-06-17 13:06:49,289] {dagbag.py:507} INFO - Filling up the DagBag from /home/jarret/data-engineering-bootcamp/workspace/airflow-code-review/venv/lib/python3.7/site-packages/airflow/example_dags/subdags/subdag.py
[2022-06-17 13:06:49,291] {processor.py:653} WARNING - No viable dags retrieved from /home/jarret/data-engineering-bootcamp/workspace/airflow-code-review/venv/lib/python3.7/site-packages/airflow/example_dags/subdags/subdag.py
[2022-06-17 13:06:49,302] {processor.py:161} INFO - Processing /home/jarret/data-engineering-bootcamp/workspace/airflow-code-review/venv/lib/python3.7/site-packages/airflow/example_dags/subdags/subdag.py took 0.020 seconds
[2022-06-17 13:07:25,973] {processor.py:153} INFO - Started process (PID=18177) to work on /home/jarret/data-engineering-bootcamp/workspace/airflow-code-review/venv/lib/python3.7/site-packages/airflow/example_dags/subdags/subdag.py
[2022-06-17 13:07:25,993] {processor.py:641} INFO - Processing file /home/jarret/data-engineering-bootcamp/workspace/airflow-code-review/venv/lib/python3.7/site-packages/airflow/example_dags/subdags/subdag.py for tasks to queue
[2022-06-17 13:07:25,994] {logging_mixin.py:115} INFO - [2022-06-17 13:07:25,994] {dagbag.py:507} INFO - Filling up the DagBag from /home/jarret/data-engineering-bootcamp/workspace/airflow-code-review/venv/lib/python3.7/site-packages/airflow/example_dags/subdags/subdag.py
[2022-06-17 13:07:25,995] {processor.py:653} WARNING - No viable dags retrieved from /home/jarret/data-engineering-bootcamp/workspace/airflow-code-review/venv/lib/python3.7/site-packages/airflow/example_dags/subdags/subdag.py
[2022-06-17 13:07:26,001] {processor.py:161} INFO - Processing /home/jarret/data-engineering-bootcamp/workspace/airflow-code-review/venv/lib/python3.7/site-packages/airflow/example_dags/subdags/subdag.py took 0.031 seconds
[2022-06-17 13:08:03,478] {processor.py:153} INFO - Started process (PID=18251) to work on /home/jarret/data-engineering-bootcamp/workspace/airflow-code-review/venv/lib/python3.7/site-packages/airflow/example_dags/subdags/subdag.py
[2022-06-17 13:08:03,479] {processor.py:641} INFO - Processing file /home/jarret/data-engineering-bootcamp/workspace/airflow-code-review/venv/lib/python3.7/site-packages/airflow/example_dags/subdags/subdag.py for tasks to queue
[2022-06-17 13:08:03,479] {logging_mixin.py:115} INFO - [2022-06-17 13:08:03,479] {dagbag.py:507} INFO - Filling up the DagBag from /home/jarret/data-engineering-bootcamp/workspace/airflow-code-review/venv/lib/python3.7/site-packages/airflow/example_dags/subdags/subdag.py
[2022-06-17 13:08:03,480] {processor.py:653} WARNING - No viable dags retrieved from /home/jarret/data-engineering-bootcamp/workspace/airflow-code-review/venv/lib/python3.7/site-packages/airflow/example_dags/subdags/subdag.py
[2022-06-17 13:08:03,486] {processor.py:161} INFO - Processing /home/jarret/data-engineering-bootcamp/workspace/airflow-code-review/venv/lib/python3.7/site-packages/airflow/example_dags/subdags/subdag.py took 0.012 seconds
[2022-06-17 13:08:46,513] {processor.py:153} INFO - Started process (PID=18347) to work on /home/jarret/data-engineering-bootcamp/workspace/airflow-code-review/venv/lib/python3.7/site-packages/airflow/example_dags/subdags/subdag.py
[2022-06-17 13:08:46,514] {processor.py:641} INFO - Processing file /home/jarret/data-engineering-bootcamp/workspace/airflow-code-review/venv/lib/python3.7/site-packages/airflow/example_dags/subdags/subdag.py for tasks to queue
[2022-06-17 13:08:46,514] {logging_mixin.py:115} INFO - [2022-06-17 13:08:46,514] {dagbag.py:507} INFO - Filling up the DagBag from /home/jarret/data-engineering-bootcamp/workspace/airflow-code-review/venv/lib/python3.7/site-packages/airflow/example_dags/subdags/subdag.py
[2022-06-17 13:08:46,515] {processor.py:653} WARNING - No viable dags retrieved from /home/jarret/data-engineering-bootcamp/workspace/airflow-code-review/venv/lib/python3.7/site-packages/airflow/example_dags/subdags/subdag.py
[2022-06-17 13:08:46,521] {processor.py:161} INFO - Processing /home/jarret/data-engineering-bootcamp/workspace/airflow-code-review/venv/lib/python3.7/site-packages/airflow/example_dags/subdags/subdag.py took 0.011 seconds
[2022-06-17 13:09:24,240] {processor.py:153} INFO - Started process (PID=18424) to work on /home/jarret/data-engineering-bootcamp/workspace/airflow-code-review/venv/lib/python3.7/site-packages/airflow/example_dags/subdags/subdag.py
[2022-06-17 13:09:24,256] {processor.py:641} INFO - Processing file /home/jarret/data-engineering-bootcamp/workspace/airflow-code-review/venv/lib/python3.7/site-packages/airflow/example_dags/subdags/subdag.py for tasks to queue
[2022-06-17 13:09:24,256] {logging_mixin.py:115} INFO - [2022-06-17 13:09:24,256] {dagbag.py:507} INFO - Filling up the DagBag from /home/jarret/data-engineering-bootcamp/workspace/airflow-code-review/venv/lib/python3.7/site-packages/airflow/example_dags/subdags/subdag.py
[2022-06-17 13:09:24,257] {processor.py:653} WARNING - No viable dags retrieved from /home/jarret/data-engineering-bootcamp/workspace/airflow-code-review/venv/lib/python3.7/site-packages/airflow/example_dags/subdags/subdag.py
[2022-06-17 13:09:24,263] {processor.py:161} INFO - Processing /home/jarret/data-engineering-bootcamp/workspace/airflow-code-review/venv/lib/python3.7/site-packages/airflow/example_dags/subdags/subdag.py took 0.025 seconds
[2022-06-17 13:10:14,911] {processor.py:153} INFO - Started process (PID=18492) to work on /home/jarret/data-engineering-bootcamp/workspace/airflow-code-review/venv/lib/python3.7/site-packages/airflow/example_dags/subdags/subdag.py
[2022-06-17 13:10:14,923] {processor.py:641} INFO - Processing file /home/jarret/data-engineering-bootcamp/workspace/airflow-code-review/venv/lib/python3.7/site-packages/airflow/example_dags/subdags/subdag.py for tasks to queue
[2022-06-17 13:10:14,923] {logging_mixin.py:115} INFO - [2022-06-17 13:10:14,923] {dagbag.py:507} INFO - Filling up the DagBag from /home/jarret/data-engineering-bootcamp/workspace/airflow-code-review/venv/lib/python3.7/site-packages/airflow/example_dags/subdags/subdag.py
[2022-06-17 13:10:14,924] {processor.py:653} WARNING - No viable dags retrieved from /home/jarret/data-engineering-bootcamp/workspace/airflow-code-review/venv/lib/python3.7/site-packages/airflow/example_dags/subdags/subdag.py
[2022-06-17 13:10:14,930] {processor.py:161} INFO - Processing /home/jarret/data-engineering-bootcamp/workspace/airflow-code-review/venv/lib/python3.7/site-packages/airflow/example_dags/subdags/subdag.py took 0.022 seconds
[2022-06-17 13:11:07,497] {processor.py:153} INFO - Started process (PID=18597) to work on /home/jarret/data-engineering-bootcamp/workspace/airflow-code-review/venv/lib/python3.7/site-packages/airflow/example_dags/subdags/subdag.py
[2022-06-17 13:11:07,504] {processor.py:641} INFO - Processing file /home/jarret/data-engineering-bootcamp/workspace/airflow-code-review/venv/lib/python3.7/site-packages/airflow/example_dags/subdags/subdag.py for tasks to queue
[2022-06-17 13:11:07,505] {logging_mixin.py:115} INFO - [2022-06-17 13:11:07,505] {dagbag.py:507} INFO - Filling up the DagBag from /home/jarret/data-engineering-bootcamp/workspace/airflow-code-review/venv/lib/python3.7/site-packages/airflow/example_dags/subdags/subdag.py
[2022-06-17 13:11:07,507] {processor.py:653} WARNING - No viable dags retrieved from /home/jarret/data-engineering-bootcamp/workspace/airflow-code-review/venv/lib/python3.7/site-packages/airflow/example_dags/subdags/subdag.py
[2022-06-17 13:11:07,517] {processor.py:161} INFO - Processing /home/jarret/data-engineering-bootcamp/workspace/airflow-code-review/venv/lib/python3.7/site-packages/airflow/example_dags/subdags/subdag.py took 0.023 seconds
[2022-06-17 13:11:55,232] {processor.py:153} INFO - Started process (PID=18694) to work on /home/jarret/data-engineering-bootcamp/workspace/airflow-code-review/venv/lib/python3.7/site-packages/airflow/example_dags/subdags/subdag.py
[2022-06-17 13:11:55,244] {processor.py:641} INFO - Processing file /home/jarret/data-engineering-bootcamp/workspace/airflow-code-review/venv/lib/python3.7/site-packages/airflow/example_dags/subdags/subdag.py for tasks to queue
[2022-06-17 13:11:55,245] {logging_mixin.py:115} INFO - [2022-06-17 13:11:55,245] {dagbag.py:507} INFO - Filling up the DagBag from /home/jarret/data-engineering-bootcamp/workspace/airflow-code-review/venv/lib/python3.7/site-packages/airflow/example_dags/subdags/subdag.py
[2022-06-17 13:11:55,246] {processor.py:653} WARNING - No viable dags retrieved from /home/jarret/data-engineering-bootcamp/workspace/airflow-code-review/venv/lib/python3.7/site-packages/airflow/example_dags/subdags/subdag.py
[2022-06-17 13:11:55,258] {processor.py:161} INFO - Processing /home/jarret/data-engineering-bootcamp/workspace/airflow-code-review/venv/lib/python3.7/site-packages/airflow/example_dags/subdags/subdag.py took 0.029 seconds
[2022-06-17 13:12:36,397] {processor.py:153} INFO - Started process (PID=18774) to work on /home/jarret/data-engineering-bootcamp/workspace/airflow-code-review/venv/lib/python3.7/site-packages/airflow/example_dags/subdags/subdag.py
[2022-06-17 13:12:36,436] {processor.py:641} INFO - Processing file /home/jarret/data-engineering-bootcamp/workspace/airflow-code-review/venv/lib/python3.7/site-packages/airflow/example_dags/subdags/subdag.py for tasks to queue
[2022-06-17 13:12:36,436] {logging_mixin.py:115} INFO - [2022-06-17 13:12:36,436] {dagbag.py:507} INFO - Filling up the DagBag from /home/jarret/data-engineering-bootcamp/workspace/airflow-code-review/venv/lib/python3.7/site-packages/airflow/example_dags/subdags/subdag.py
[2022-06-17 13:12:36,438] {processor.py:653} WARNING - No viable dags retrieved from /home/jarret/data-engineering-bootcamp/workspace/airflow-code-review/venv/lib/python3.7/site-packages/airflow/example_dags/subdags/subdag.py
[2022-06-17 13:12:36,451] {processor.py:161} INFO - Processing /home/jarret/data-engineering-bootcamp/workspace/airflow-code-review/venv/lib/python3.7/site-packages/airflow/example_dags/subdags/subdag.py took 0.057 seconds
[2022-06-17 13:13:21,246] {processor.py:153} INFO - Started process (PID=18846) to work on /home/jarret/data-engineering-bootcamp/workspace/airflow-code-review/venv/lib/python3.7/site-packages/airflow/example_dags/subdags/subdag.py
[2022-06-17 13:13:21,253] {processor.py:641} INFO - Processing file /home/jarret/data-engineering-bootcamp/workspace/airflow-code-review/venv/lib/python3.7/site-packages/airflow/example_dags/subdags/subdag.py for tasks to queue
[2022-06-17 13:13:21,254] {logging_mixin.py:115} INFO - [2022-06-17 13:13:21,254] {dagbag.py:507} INFO - Filling up the DagBag from /home/jarret/data-engineering-bootcamp/workspace/airflow-code-review/venv/lib/python3.7/site-packages/airflow/example_dags/subdags/subdag.py
[2022-06-17 13:13:21,256] {processor.py:653} WARNING - No viable dags retrieved from /home/jarret/data-engineering-bootcamp/workspace/airflow-code-review/venv/lib/python3.7/site-packages/airflow/example_dags/subdags/subdag.py
[2022-06-17 13:13:21,269] {processor.py:161} INFO - Processing /home/jarret/data-engineering-bootcamp/workspace/airflow-code-review/venv/lib/python3.7/site-packages/airflow/example_dags/subdags/subdag.py took 0.026 seconds
[2022-06-17 13:13:58,605] {processor.py:153} INFO - Started process (PID=18914) to work on /home/jarret/data-engineering-bootcamp/workspace/airflow-code-review/venv/lib/python3.7/site-packages/airflow/example_dags/subdags/subdag.py
[2022-06-17 13:13:58,612] {processor.py:641} INFO - Processing file /home/jarret/data-engineering-bootcamp/workspace/airflow-code-review/venv/lib/python3.7/site-packages/airflow/example_dags/subdags/subdag.py for tasks to queue
[2022-06-17 13:13:58,612] {logging_mixin.py:115} INFO - [2022-06-17 13:13:58,612] {dagbag.py:507} INFO - Filling up the DagBag from /home/jarret/data-engineering-bootcamp/workspace/airflow-code-review/venv/lib/python3.7/site-packages/airflow/example_dags/subdags/subdag.py
[2022-06-17 13:13:58,613] {processor.py:653} WARNING - No viable dags retrieved from /home/jarret/data-engineering-bootcamp/workspace/airflow-code-review/venv/lib/python3.7/site-packages/airflow/example_dags/subdags/subdag.py
[2022-06-17 13:13:58,620] {processor.py:161} INFO - Processing /home/jarret/data-engineering-bootcamp/workspace/airflow-code-review/venv/lib/python3.7/site-packages/airflow/example_dags/subdags/subdag.py took 0.018 seconds
[2022-06-17 13:14:47,568] {processor.py:153} INFO - Started process (PID=18973) to work on /home/jarret/data-engineering-bootcamp/workspace/airflow-code-review/venv/lib/python3.7/site-packages/airflow/example_dags/subdags/subdag.py
[2022-06-17 13:14:47,613] {processor.py:641} INFO - Processing file /home/jarret/data-engineering-bootcamp/workspace/airflow-code-review/venv/lib/python3.7/site-packages/airflow/example_dags/subdags/subdag.py for tasks to queue
[2022-06-17 13:14:47,613] {logging_mixin.py:115} INFO - [2022-06-17 13:14:47,613] {dagbag.py:507} INFO - Filling up the DagBag from /home/jarret/data-engineering-bootcamp/workspace/airflow-code-review/venv/lib/python3.7/site-packages/airflow/example_dags/subdags/subdag.py
[2022-06-17 13:14:47,615] {processor.py:653} WARNING - No viable dags retrieved from /home/jarret/data-engineering-bootcamp/workspace/airflow-code-review/venv/lib/python3.7/site-packages/airflow/example_dags/subdags/subdag.py
[2022-06-17 13:14:47,628] {processor.py:161} INFO - Processing /home/jarret/data-engineering-bootcamp/workspace/airflow-code-review/venv/lib/python3.7/site-packages/airflow/example_dags/subdags/subdag.py took 0.061 seconds
[2022-06-17 13:15:39,657] {processor.py:153} INFO - Started process (PID=19016) to work on /home/jarret/data-engineering-bootcamp/workspace/airflow-code-review/venv/lib/python3.7/site-packages/airflow/example_dags/subdags/subdag.py
[2022-06-17 13:15:39,663] {processor.py:641} INFO - Processing file /home/jarret/data-engineering-bootcamp/workspace/airflow-code-review/venv/lib/python3.7/site-packages/airflow/example_dags/subdags/subdag.py for tasks to queue
[2022-06-17 13:15:39,664] {logging_mixin.py:115} INFO - [2022-06-17 13:15:39,664] {dagbag.py:507} INFO - Filling up the DagBag from /home/jarret/data-engineering-bootcamp/workspace/airflow-code-review/venv/lib/python3.7/site-packages/airflow/example_dags/subdags/subdag.py
[2022-06-17 13:15:39,665] {processor.py:653} WARNING - No viable dags retrieved from /home/jarret/data-engineering-bootcamp/workspace/airflow-code-review/venv/lib/python3.7/site-packages/airflow/example_dags/subdags/subdag.py
[2022-06-17 13:15:39,672] {processor.py:161} INFO - Processing /home/jarret/data-engineering-bootcamp/workspace/airflow-code-review/venv/lib/python3.7/site-packages/airflow/example_dags/subdags/subdag.py took 0.019 seconds
[2022-06-17 13:16:22,505] {processor.py:153} INFO - Started process (PID=19057) to work on /home/jarret/data-engineering-bootcamp/workspace/airflow-code-review/venv/lib/python3.7/site-packages/airflow/example_dags/subdags/subdag.py
[2022-06-17 13:16:22,511] {processor.py:641} INFO - Processing file /home/jarret/data-engineering-bootcamp/workspace/airflow-code-review/venv/lib/python3.7/site-packages/airflow/example_dags/subdags/subdag.py for tasks to queue
[2022-06-17 13:16:22,512] {logging_mixin.py:115} INFO - [2022-06-17 13:16:22,512] {dagbag.py:507} INFO - Filling up the DagBag from /home/jarret/data-engineering-bootcamp/workspace/airflow-code-review/venv/lib/python3.7/site-packages/airflow/example_dags/subdags/subdag.py
[2022-06-17 13:16:22,513] {processor.py:653} WARNING - No viable dags retrieved from /home/jarret/data-engineering-bootcamp/workspace/airflow-code-review/venv/lib/python3.7/site-packages/airflow/example_dags/subdags/subdag.py
[2022-06-17 13:16:22,522] {processor.py:161} INFO - Processing /home/jarret/data-engineering-bootcamp/workspace/airflow-code-review/venv/lib/python3.7/site-packages/airflow/example_dags/subdags/subdag.py took 0.019 seconds
[2022-06-17 13:16:59,484] {processor.py:153} INFO - Started process (PID=19087) to work on /home/jarret/data-engineering-bootcamp/workspace/airflow-code-review/venv/lib/python3.7/site-packages/airflow/example_dags/subdags/subdag.py
[2022-06-17 13:16:59,486] {processor.py:641} INFO - Processing file /home/jarret/data-engineering-bootcamp/workspace/airflow-code-review/venv/lib/python3.7/site-packages/airflow/example_dags/subdags/subdag.py for tasks to queue
[2022-06-17 13:16:59,487] {logging_mixin.py:115} INFO - [2022-06-17 13:16:59,486] {dagbag.py:507} INFO - Filling up the DagBag from /home/jarret/data-engineering-bootcamp/workspace/airflow-code-review/venv/lib/python3.7/site-packages/airflow/example_dags/subdags/subdag.py
[2022-06-17 13:16:59,488] {processor.py:653} WARNING - No viable dags retrieved from /home/jarret/data-engineering-bootcamp/workspace/airflow-code-review/venv/lib/python3.7/site-packages/airflow/example_dags/subdags/subdag.py
[2022-06-17 13:16:59,497] {processor.py:161} INFO - Processing /home/jarret/data-engineering-bootcamp/workspace/airflow-code-review/venv/lib/python3.7/site-packages/airflow/example_dags/subdags/subdag.py took 0.015 seconds
[2022-06-17 13:17:52,322] {processor.py:153} INFO - Started process (PID=19155) to work on /home/jarret/data-engineering-bootcamp/workspace/airflow-code-review/venv/lib/python3.7/site-packages/airflow/example_dags/subdags/subdag.py
[2022-06-17 13:17:52,331] {processor.py:641} INFO - Processing file /home/jarret/data-engineering-bootcamp/workspace/airflow-code-review/venv/lib/python3.7/site-packages/airflow/example_dags/subdags/subdag.py for tasks to queue
[2022-06-17 13:17:52,332] {logging_mixin.py:115} INFO - [2022-06-17 13:17:52,332] {dagbag.py:507} INFO - Filling up the DagBag from /home/jarret/data-engineering-bootcamp/workspace/airflow-code-review/venv/lib/python3.7/site-packages/airflow/example_dags/subdags/subdag.py
[2022-06-17 13:17:52,334] {processor.py:653} WARNING - No viable dags retrieved from /home/jarret/data-engineering-bootcamp/workspace/airflow-code-review/venv/lib/python3.7/site-packages/airflow/example_dags/subdags/subdag.py
[2022-06-17 13:17:52,342] {processor.py:161} INFO - Processing /home/jarret/data-engineering-bootcamp/workspace/airflow-code-review/venv/lib/python3.7/site-packages/airflow/example_dags/subdags/subdag.py took 0.023 seconds
[2022-06-17 13:18:34,148] {processor.py:153} INFO - Started process (PID=19189) to work on /home/jarret/data-engineering-bootcamp/workspace/airflow-code-review/venv/lib/python3.7/site-packages/airflow/example_dags/subdags/subdag.py
[2022-06-17 13:18:34,149] {processor.py:641} INFO - Processing file /home/jarret/data-engineering-bootcamp/workspace/airflow-code-review/venv/lib/python3.7/site-packages/airflow/example_dags/subdags/subdag.py for tasks to queue
[2022-06-17 13:18:34,150] {logging_mixin.py:115} INFO - [2022-06-17 13:18:34,150] {dagbag.py:507} INFO - Filling up the DagBag from /home/jarret/data-engineering-bootcamp/workspace/airflow-code-review/venv/lib/python3.7/site-packages/airflow/example_dags/subdags/subdag.py
[2022-06-17 13:18:34,151] {processor.py:653} WARNING - No viable dags retrieved from /home/jarret/data-engineering-bootcamp/workspace/airflow-code-review/venv/lib/python3.7/site-packages/airflow/example_dags/subdags/subdag.py
[2022-06-17 13:18:34,159] {processor.py:161} INFO - Processing /home/jarret/data-engineering-bootcamp/workspace/airflow-code-review/venv/lib/python3.7/site-packages/airflow/example_dags/subdags/subdag.py took 0.013 seconds
[2022-06-17 13:19:13,804] {processor.py:153} INFO - Started process (PID=19223) to work on /home/jarret/data-engineering-bootcamp/workspace/airflow-code-review/venv/lib/python3.7/site-packages/airflow/example_dags/subdags/subdag.py
[2022-06-17 13:19:13,813] {processor.py:641} INFO - Processing file /home/jarret/data-engineering-bootcamp/workspace/airflow-code-review/venv/lib/python3.7/site-packages/airflow/example_dags/subdags/subdag.py for tasks to queue
[2022-06-17 13:19:13,813] {logging_mixin.py:115} INFO - [2022-06-17 13:19:13,813] {dagbag.py:507} INFO - Filling up the DagBag from /home/jarret/data-engineering-bootcamp/workspace/airflow-code-review/venv/lib/python3.7/site-packages/airflow/example_dags/subdags/subdag.py
[2022-06-17 13:19:13,814] {processor.py:653} WARNING - No viable dags retrieved from /home/jarret/data-engineering-bootcamp/workspace/airflow-code-review/venv/lib/python3.7/site-packages/airflow/example_dags/subdags/subdag.py
[2022-06-17 13:19:13,820] {processor.py:161} INFO - Processing /home/jarret/data-engineering-bootcamp/workspace/airflow-code-review/venv/lib/python3.7/site-packages/airflow/example_dags/subdags/subdag.py took 0.019 seconds
[2022-06-17 13:19:58,470] {processor.py:153} INFO - Started process (PID=19279) to work on /home/jarret/data-engineering-bootcamp/workspace/airflow-code-review/venv/lib/python3.7/site-packages/airflow/example_dags/subdags/subdag.py
[2022-06-17 13:19:58,493] {processor.py:641} INFO - Processing file /home/jarret/data-engineering-bootcamp/workspace/airflow-code-review/venv/lib/python3.7/site-packages/airflow/example_dags/subdags/subdag.py for tasks to queue
[2022-06-17 13:19:58,494] {logging_mixin.py:115} INFO - [2022-06-17 13:19:58,494] {dagbag.py:507} INFO - Filling up the DagBag from /home/jarret/data-engineering-bootcamp/workspace/airflow-code-review/venv/lib/python3.7/site-packages/airflow/example_dags/subdags/subdag.py
[2022-06-17 13:19:58,494] {processor.py:653} WARNING - No viable dags retrieved from /home/jarret/data-engineering-bootcamp/workspace/airflow-code-review/venv/lib/python3.7/site-packages/airflow/example_dags/subdags/subdag.py
[2022-06-17 13:19:58,502] {processor.py:161} INFO - Processing /home/jarret/data-engineering-bootcamp/workspace/airflow-code-review/venv/lib/python3.7/site-packages/airflow/example_dags/subdags/subdag.py took 0.035 seconds
[2022-06-17 13:20:40,579] {processor.py:153} INFO - Started process (PID=19354) to work on /home/jarret/data-engineering-bootcamp/workspace/airflow-code-review/venv/lib/python3.7/site-packages/airflow/example_dags/subdags/subdag.py
[2022-06-17 13:20:40,585] {processor.py:641} INFO - Processing file /home/jarret/data-engineering-bootcamp/workspace/airflow-code-review/venv/lib/python3.7/site-packages/airflow/example_dags/subdags/subdag.py for tasks to queue
[2022-06-17 13:20:40,586] {logging_mixin.py:115} INFO - [2022-06-17 13:20:40,586] {dagbag.py:507} INFO - Filling up the DagBag from /home/jarret/data-engineering-bootcamp/workspace/airflow-code-review/venv/lib/python3.7/site-packages/airflow/example_dags/subdags/subdag.py
[2022-06-17 13:20:40,586] {processor.py:653} WARNING - No viable dags retrieved from /home/jarret/data-engineering-bootcamp/workspace/airflow-code-review/venv/lib/python3.7/site-packages/airflow/example_dags/subdags/subdag.py
[2022-06-17 13:20:40,593] {processor.py:161} INFO - Processing /home/jarret/data-engineering-bootcamp/workspace/airflow-code-review/venv/lib/python3.7/site-packages/airflow/example_dags/subdags/subdag.py took 0.017 seconds
[2022-06-17 13:21:30,232] {processor.py:153} INFO - Started process (PID=19455) to work on /home/jarret/data-engineering-bootcamp/workspace/airflow-code-review/venv/lib/python3.7/site-packages/airflow/example_dags/subdags/subdag.py
[2022-06-17 13:21:30,239] {processor.py:641} INFO - Processing file /home/jarret/data-engineering-bootcamp/workspace/airflow-code-review/venv/lib/python3.7/site-packages/airflow/example_dags/subdags/subdag.py for tasks to queue
[2022-06-17 13:21:30,240] {logging_mixin.py:115} INFO - [2022-06-17 13:21:30,240] {dagbag.py:507} INFO - Filling up the DagBag from /home/jarret/data-engineering-bootcamp/workspace/airflow-code-review/venv/lib/python3.7/site-packages/airflow/example_dags/subdags/subdag.py
[2022-06-17 13:21:30,241] {processor.py:653} WARNING - No viable dags retrieved from /home/jarret/data-engineering-bootcamp/workspace/airflow-code-review/venv/lib/python3.7/site-packages/airflow/example_dags/subdags/subdag.py
[2022-06-17 13:21:30,249] {processor.py:161} INFO - Processing /home/jarret/data-engineering-bootcamp/workspace/airflow-code-review/venv/lib/python3.7/site-packages/airflow/example_dags/subdags/subdag.py took 0.021 seconds
[2022-06-17 13:22:25,399] {processor.py:153} INFO - Started process (PID=19564) to work on /home/jarret/data-engineering-bootcamp/workspace/airflow-code-review/venv/lib/python3.7/site-packages/airflow/example_dags/subdags/subdag.py
[2022-06-17 13:22:25,411] {processor.py:641} INFO - Processing file /home/jarret/data-engineering-bootcamp/workspace/airflow-code-review/venv/lib/python3.7/site-packages/airflow/example_dags/subdags/subdag.py for tasks to queue
[2022-06-17 13:22:25,411] {logging_mixin.py:115} INFO - [2022-06-17 13:22:25,411] {dagbag.py:507} INFO - Filling up the DagBag from /home/jarret/data-engineering-bootcamp/workspace/airflow-code-review/venv/lib/python3.7/site-packages/airflow/example_dags/subdags/subdag.py
[2022-06-17 13:22:25,412] {processor.py:653} WARNING - No viable dags retrieved from /home/jarret/data-engineering-bootcamp/workspace/airflow-code-review/venv/lib/python3.7/site-packages/airflow/example_dags/subdags/subdag.py
[2022-06-17 13:22:25,418] {processor.py:161} INFO - Processing /home/jarret/data-engineering-bootcamp/workspace/airflow-code-review/venv/lib/python3.7/site-packages/airflow/example_dags/subdags/subdag.py took 0.022 seconds
[2022-06-17 13:23:03,694] {processor.py:153} INFO - Started process (PID=19621) to work on /home/jarret/data-engineering-bootcamp/workspace/airflow-code-review/venv/lib/python3.7/site-packages/airflow/example_dags/subdags/subdag.py
[2022-06-17 13:23:03,696] {processor.py:641} INFO - Processing file /home/jarret/data-engineering-bootcamp/workspace/airflow-code-review/venv/lib/python3.7/site-packages/airflow/example_dags/subdags/subdag.py for tasks to queue
[2022-06-17 13:23:03,696] {logging_mixin.py:115} INFO - [2022-06-17 13:23:03,696] {dagbag.py:507} INFO - Filling up the DagBag from /home/jarret/data-engineering-bootcamp/workspace/airflow-code-review/venv/lib/python3.7/site-packages/airflow/example_dags/subdags/subdag.py
[2022-06-17 13:23:03,697] {processor.py:653} WARNING - No viable dags retrieved from /home/jarret/data-engineering-bootcamp/workspace/airflow-code-review/venv/lib/python3.7/site-packages/airflow/example_dags/subdags/subdag.py
[2022-06-17 13:23:03,705] {processor.py:161} INFO - Processing /home/jarret/data-engineering-bootcamp/workspace/airflow-code-review/venv/lib/python3.7/site-packages/airflow/example_dags/subdags/subdag.py took 0.014 seconds
[2022-06-17 13:23:42,065] {processor.py:153} INFO - Started process (PID=19703) to work on /home/jarret/data-engineering-bootcamp/workspace/airflow-code-review/venv/lib/python3.7/site-packages/airflow/example_dags/subdags/subdag.py
[2022-06-17 13:23:42,078] {processor.py:641} INFO - Processing file /home/jarret/data-engineering-bootcamp/workspace/airflow-code-review/venv/lib/python3.7/site-packages/airflow/example_dags/subdags/subdag.py for tasks to queue
[2022-06-17 13:23:42,079] {logging_mixin.py:115} INFO - [2022-06-17 13:23:42,079] {dagbag.py:507} INFO - Filling up the DagBag from /home/jarret/data-engineering-bootcamp/workspace/airflow-code-review/venv/lib/python3.7/site-packages/airflow/example_dags/subdags/subdag.py
[2022-06-17 13:23:42,080] {processor.py:653} WARNING - No viable dags retrieved from /home/jarret/data-engineering-bootcamp/workspace/airflow-code-review/venv/lib/python3.7/site-packages/airflow/example_dags/subdags/subdag.py
[2022-06-17 13:23:42,088] {processor.py:161} INFO - Processing /home/jarret/data-engineering-bootcamp/workspace/airflow-code-review/venv/lib/python3.7/site-packages/airflow/example_dags/subdags/subdag.py took 0.026 seconds
[2022-06-17 13:24:38,724] {processor.py:153} INFO - Started process (PID=19805) to work on /home/jarret/data-engineering-bootcamp/workspace/airflow-code-review/venv/lib/python3.7/site-packages/airflow/example_dags/subdags/subdag.py
[2022-06-17 13:24:38,731] {processor.py:641} INFO - Processing file /home/jarret/data-engineering-bootcamp/workspace/airflow-code-review/venv/lib/python3.7/site-packages/airflow/example_dags/subdags/subdag.py for tasks to queue
[2022-06-17 13:24:38,731] {logging_mixin.py:115} INFO - [2022-06-17 13:24:38,731] {dagbag.py:507} INFO - Filling up the DagBag from /home/jarret/data-engineering-bootcamp/workspace/airflow-code-review/venv/lib/python3.7/site-packages/airflow/example_dags/subdags/subdag.py
[2022-06-17 13:24:38,732] {processor.py:653} WARNING - No viable dags retrieved from /home/jarret/data-engineering-bootcamp/workspace/airflow-code-review/venv/lib/python3.7/site-packages/airflow/example_dags/subdags/subdag.py
[2022-06-17 13:24:38,739] {processor.py:161} INFO - Processing /home/jarret/data-engineering-bootcamp/workspace/airflow-code-review/venv/lib/python3.7/site-packages/airflow/example_dags/subdags/subdag.py took 0.017 seconds
[2022-06-17 13:25:34,933] {processor.py:153} INFO - Started process (PID=19913) to work on /home/jarret/data-engineering-bootcamp/workspace/airflow-code-review/venv/lib/python3.7/site-packages/airflow/example_dags/subdags/subdag.py
[2022-06-17 13:25:34,939] {processor.py:641} INFO - Processing file /home/jarret/data-engineering-bootcamp/workspace/airflow-code-review/venv/lib/python3.7/site-packages/airflow/example_dags/subdags/subdag.py for tasks to queue
[2022-06-17 13:25:34,940] {logging_mixin.py:115} INFO - [2022-06-17 13:25:34,939] {dagbag.py:507} INFO - Filling up the DagBag from /home/jarret/data-engineering-bootcamp/workspace/airflow-code-review/venv/lib/python3.7/site-packages/airflow/example_dags/subdags/subdag.py
[2022-06-17 13:25:34,941] {processor.py:653} WARNING - No viable dags retrieved from /home/jarret/data-engineering-bootcamp/workspace/airflow-code-review/venv/lib/python3.7/site-packages/airflow/example_dags/subdags/subdag.py
[2022-06-17 13:25:34,949] {processor.py:161} INFO - Processing /home/jarret/data-engineering-bootcamp/workspace/airflow-code-review/venv/lib/python3.7/site-packages/airflow/example_dags/subdags/subdag.py took 0.020 seconds
[2022-06-17 13:26:10,719] {processor.py:153} INFO - Started process (PID=19988) to work on /home/jarret/data-engineering-bootcamp/workspace/airflow-code-review/venv/lib/python3.7/site-packages/airflow/example_dags/subdags/subdag.py
[2022-06-17 13:26:10,719] {processor.py:641} INFO - Processing file /home/jarret/data-engineering-bootcamp/workspace/airflow-code-review/venv/lib/python3.7/site-packages/airflow/example_dags/subdags/subdag.py for tasks to queue
[2022-06-17 13:26:10,720] {logging_mixin.py:115} INFO - [2022-06-17 13:26:10,720] {dagbag.py:507} INFO - Filling up the DagBag from /home/jarret/data-engineering-bootcamp/workspace/airflow-code-review/venv/lib/python3.7/site-packages/airflow/example_dags/subdags/subdag.py
[2022-06-17 13:26:10,721] {processor.py:653} WARNING - No viable dags retrieved from /home/jarret/data-engineering-bootcamp/workspace/airflow-code-review/venv/lib/python3.7/site-packages/airflow/example_dags/subdags/subdag.py
[2022-06-17 13:26:10,727] {processor.py:161} INFO - Processing /home/jarret/data-engineering-bootcamp/workspace/airflow-code-review/venv/lib/python3.7/site-packages/airflow/example_dags/subdags/subdag.py took 0.012 seconds
[2022-06-17 13:26:52,553] {processor.py:153} INFO - Started process (PID=20073) to work on /home/jarret/data-engineering-bootcamp/workspace/airflow-code-review/venv/lib/python3.7/site-packages/airflow/example_dags/subdags/subdag.py
[2022-06-17 13:26:52,588] {processor.py:641} INFO - Processing file /home/jarret/data-engineering-bootcamp/workspace/airflow-code-review/venv/lib/python3.7/site-packages/airflow/example_dags/subdags/subdag.py for tasks to queue
[2022-06-17 13:26:52,589] {logging_mixin.py:115} INFO - [2022-06-17 13:26:52,589] {dagbag.py:507} INFO - Filling up the DagBag from /home/jarret/data-engineering-bootcamp/workspace/airflow-code-review/venv/lib/python3.7/site-packages/airflow/example_dags/subdags/subdag.py
[2022-06-17 13:26:52,591] {processor.py:653} WARNING - No viable dags retrieved from /home/jarret/data-engineering-bootcamp/workspace/airflow-code-review/venv/lib/python3.7/site-packages/airflow/example_dags/subdags/subdag.py
[2022-06-17 13:26:52,602] {processor.py:161} INFO - Processing /home/jarret/data-engineering-bootcamp/workspace/airflow-code-review/venv/lib/python3.7/site-packages/airflow/example_dags/subdags/subdag.py took 0.052 seconds
[2022-06-17 13:27:35,754] {processor.py:153} INFO - Started process (PID=20162) to work on /home/jarret/data-engineering-bootcamp/workspace/airflow-code-review/venv/lib/python3.7/site-packages/airflow/example_dags/subdags/subdag.py
[2022-06-17 13:27:35,755] {processor.py:641} INFO - Processing file /home/jarret/data-engineering-bootcamp/workspace/airflow-code-review/venv/lib/python3.7/site-packages/airflow/example_dags/subdags/subdag.py for tasks to queue
[2022-06-17 13:27:35,755] {logging_mixin.py:115} INFO - [2022-06-17 13:27:35,755] {dagbag.py:507} INFO - Filling up the DagBag from /home/jarret/data-engineering-bootcamp/workspace/airflow-code-review/venv/lib/python3.7/site-packages/airflow/example_dags/subdags/subdag.py
[2022-06-17 13:27:35,756] {processor.py:653} WARNING - No viable dags retrieved from /home/jarret/data-engineering-bootcamp/workspace/airflow-code-review/venv/lib/python3.7/site-packages/airflow/example_dags/subdags/subdag.py
[2022-06-17 13:27:35,762] {processor.py:161} INFO - Processing /home/jarret/data-engineering-bootcamp/workspace/airflow-code-review/venv/lib/python3.7/site-packages/airflow/example_dags/subdags/subdag.py took 0.012 seconds
[2022-06-17 13:28:16,872] {processor.py:153} INFO - Started process (PID=20244) to work on /home/jarret/data-engineering-bootcamp/workspace/airflow-code-review/venv/lib/python3.7/site-packages/airflow/example_dags/subdags/subdag.py
[2022-06-17 13:28:16,879] {processor.py:641} INFO - Processing file /home/jarret/data-engineering-bootcamp/workspace/airflow-code-review/venv/lib/python3.7/site-packages/airflow/example_dags/subdags/subdag.py for tasks to queue
[2022-06-17 13:28:16,880] {logging_mixin.py:115} INFO - [2022-06-17 13:28:16,880] {dagbag.py:507} INFO - Filling up the DagBag from /home/jarret/data-engineering-bootcamp/workspace/airflow-code-review/venv/lib/python3.7/site-packages/airflow/example_dags/subdags/subdag.py
[2022-06-17 13:28:16,880] {processor.py:653} WARNING - No viable dags retrieved from /home/jarret/data-engineering-bootcamp/workspace/airflow-code-review/venv/lib/python3.7/site-packages/airflow/example_dags/subdags/subdag.py
[2022-06-17 13:28:16,887] {processor.py:161} INFO - Processing /home/jarret/data-engineering-bootcamp/workspace/airflow-code-review/venv/lib/python3.7/site-packages/airflow/example_dags/subdags/subdag.py took 0.017 seconds
[2022-06-17 13:28:56,106] {processor.py:153} INFO - Started process (PID=20278) to work on /home/jarret/data-engineering-bootcamp/workspace/airflow-code-review/venv/lib/python3.7/site-packages/airflow/example_dags/subdags/subdag.py
[2022-06-17 13:28:56,115] {processor.py:641} INFO - Processing file /home/jarret/data-engineering-bootcamp/workspace/airflow-code-review/venv/lib/python3.7/site-packages/airflow/example_dags/subdags/subdag.py for tasks to queue
[2022-06-17 13:28:56,116] {logging_mixin.py:115} INFO - [2022-06-17 13:28:56,115] {dagbag.py:507} INFO - Filling up the DagBag from /home/jarret/data-engineering-bootcamp/workspace/airflow-code-review/venv/lib/python3.7/site-packages/airflow/example_dags/subdags/subdag.py
[2022-06-17 13:28:56,117] {processor.py:653} WARNING - No viable dags retrieved from /home/jarret/data-engineering-bootcamp/workspace/airflow-code-review/venv/lib/python3.7/site-packages/airflow/example_dags/subdags/subdag.py
[2022-06-17 13:28:56,127] {processor.py:161} INFO - Processing /home/jarret/data-engineering-bootcamp/workspace/airflow-code-review/venv/lib/python3.7/site-packages/airflow/example_dags/subdags/subdag.py took 0.025 seconds
[2022-06-17 13:29:36,923] {processor.py:153} INFO - Started process (PID=20518) to work on /home/jarret/data-engineering-bootcamp/workspace/airflow-code-review/venv/lib/python3.7/site-packages/airflow/example_dags/subdags/subdag.py
[2022-06-17 13:29:36,935] {processor.py:641} INFO - Processing file /home/jarret/data-engineering-bootcamp/workspace/airflow-code-review/venv/lib/python3.7/site-packages/airflow/example_dags/subdags/subdag.py for tasks to queue
[2022-06-17 13:29:36,936] {logging_mixin.py:115} INFO - [2022-06-17 13:29:36,936] {dagbag.py:507} INFO - Filling up the DagBag from /home/jarret/data-engineering-bootcamp/workspace/airflow-code-review/venv/lib/python3.7/site-packages/airflow/example_dags/subdags/subdag.py
[2022-06-17 13:29:36,938] {processor.py:653} WARNING - No viable dags retrieved from /home/jarret/data-engineering-bootcamp/workspace/airflow-code-review/venv/lib/python3.7/site-packages/airflow/example_dags/subdags/subdag.py
[2022-06-17 13:29:36,946] {processor.py:161} INFO - Processing /home/jarret/data-engineering-bootcamp/workspace/airflow-code-review/venv/lib/python3.7/site-packages/airflow/example_dags/subdags/subdag.py took 0.027 seconds
[2022-06-17 13:30:27,730] {processor.py:153} INFO - Started process (PID=20601) to work on /home/jarret/data-engineering-bootcamp/workspace/airflow-code-review/venv/lib/python3.7/site-packages/airflow/example_dags/subdags/subdag.py
[2022-06-17 13:30:27,732] {processor.py:641} INFO - Processing file /home/jarret/data-engineering-bootcamp/workspace/airflow-code-review/venv/lib/python3.7/site-packages/airflow/example_dags/subdags/subdag.py for tasks to queue
[2022-06-17 13:30:27,732] {logging_mixin.py:115} INFO - [2022-06-17 13:30:27,732] {dagbag.py:507} INFO - Filling up the DagBag from /home/jarret/data-engineering-bootcamp/workspace/airflow-code-review/venv/lib/python3.7/site-packages/airflow/example_dags/subdags/subdag.py
[2022-06-17 13:30:27,733] {processor.py:653} WARNING - No viable dags retrieved from /home/jarret/data-engineering-bootcamp/workspace/airflow-code-review/venv/lib/python3.7/site-packages/airflow/example_dags/subdags/subdag.py
[2022-06-17 13:30:27,740] {processor.py:161} INFO - Processing /home/jarret/data-engineering-bootcamp/workspace/airflow-code-review/venv/lib/python3.7/site-packages/airflow/example_dags/subdags/subdag.py took 0.013 seconds
[2022-06-17 13:31:13,841] {processor.py:153} INFO - Started process (PID=20773) to work on /home/jarret/data-engineering-bootcamp/workspace/airflow-code-review/venv/lib/python3.7/site-packages/airflow/example_dags/subdags/subdag.py
[2022-06-17 13:31:13,848] {processor.py:641} INFO - Processing file /home/jarret/data-engineering-bootcamp/workspace/airflow-code-review/venv/lib/python3.7/site-packages/airflow/example_dags/subdags/subdag.py for tasks to queue
[2022-06-17 13:31:13,849] {logging_mixin.py:115} INFO - [2022-06-17 13:31:13,849] {dagbag.py:507} INFO - Filling up the DagBag from /home/jarret/data-engineering-bootcamp/workspace/airflow-code-review/venv/lib/python3.7/site-packages/airflow/example_dags/subdags/subdag.py
[2022-06-17 13:31:13,851] {processor.py:653} WARNING - No viable dags retrieved from /home/jarret/data-engineering-bootcamp/workspace/airflow-code-review/venv/lib/python3.7/site-packages/airflow/example_dags/subdags/subdag.py
[2022-06-17 13:31:13,861] {processor.py:161} INFO - Processing /home/jarret/data-engineering-bootcamp/workspace/airflow-code-review/venv/lib/python3.7/site-packages/airflow/example_dags/subdags/subdag.py took 0.023 seconds
[2022-06-17 13:31:49,982] {processor.py:153} INFO - Started process (PID=21063) to work on /home/jarret/data-engineering-bootcamp/workspace/airflow-code-review/venv/lib/python3.7/site-packages/airflow/example_dags/subdags/subdag.py
[2022-06-17 13:31:49,997] {processor.py:641} INFO - Processing file /home/jarret/data-engineering-bootcamp/workspace/airflow-code-review/venv/lib/python3.7/site-packages/airflow/example_dags/subdags/subdag.py for tasks to queue
[2022-06-17 13:31:49,998] {logging_mixin.py:115} INFO - [2022-06-17 13:31:49,998] {dagbag.py:507} INFO - Filling up the DagBag from /home/jarret/data-engineering-bootcamp/workspace/airflow-code-review/venv/lib/python3.7/site-packages/airflow/example_dags/subdags/subdag.py
[2022-06-17 13:31:49,999] {processor.py:653} WARNING - No viable dags retrieved from /home/jarret/data-engineering-bootcamp/workspace/airflow-code-review/venv/lib/python3.7/site-packages/airflow/example_dags/subdags/subdag.py
[2022-06-17 13:31:50,010] {processor.py:161} INFO - Processing /home/jarret/data-engineering-bootcamp/workspace/airflow-code-review/venv/lib/python3.7/site-packages/airflow/example_dags/subdags/subdag.py took 0.031 seconds
[2022-06-17 13:32:30,176] {processor.py:153} INFO - Started process (PID=21805) to work on /home/jarret/data-engineering-bootcamp/workspace/airflow-code-review/venv/lib/python3.7/site-packages/airflow/example_dags/subdags/subdag.py
[2022-06-17 13:32:30,186] {processor.py:641} INFO - Processing file /home/jarret/data-engineering-bootcamp/workspace/airflow-code-review/venv/lib/python3.7/site-packages/airflow/example_dags/subdags/subdag.py for tasks to queue
[2022-06-17 13:32:30,187] {logging_mixin.py:115} INFO - [2022-06-17 13:32:30,187] {dagbag.py:507} INFO - Filling up the DagBag from /home/jarret/data-engineering-bootcamp/workspace/airflow-code-review/venv/lib/python3.7/site-packages/airflow/example_dags/subdags/subdag.py
[2022-06-17 13:32:30,189] {processor.py:653} WARNING - No viable dags retrieved from /home/jarret/data-engineering-bootcamp/workspace/airflow-code-review/venv/lib/python3.7/site-packages/airflow/example_dags/subdags/subdag.py
[2022-06-17 13:32:30,198] {processor.py:161} INFO - Processing /home/jarret/data-engineering-bootcamp/workspace/airflow-code-review/venv/lib/python3.7/site-packages/airflow/example_dags/subdags/subdag.py took 0.026 seconds
[2022-06-17 13:33:14,441] {processor.py:153} INFO - Started process (PID=22313) to work on /home/jarret/data-engineering-bootcamp/workspace/airflow-code-review/venv/lib/python3.7/site-packages/airflow/example_dags/subdags/subdag.py
[2022-06-17 13:33:14,450] {processor.py:641} INFO - Processing file /home/jarret/data-engineering-bootcamp/workspace/airflow-code-review/venv/lib/python3.7/site-packages/airflow/example_dags/subdags/subdag.py for tasks to queue
[2022-06-17 13:33:14,451] {logging_mixin.py:115} INFO - [2022-06-17 13:33:14,451] {dagbag.py:507} INFO - Filling up the DagBag from /home/jarret/data-engineering-bootcamp/workspace/airflow-code-review/venv/lib/python3.7/site-packages/airflow/example_dags/subdags/subdag.py
[2022-06-17 13:33:14,451] {processor.py:653} WARNING - No viable dags retrieved from /home/jarret/data-engineering-bootcamp/workspace/airflow-code-review/venv/lib/python3.7/site-packages/airflow/example_dags/subdags/subdag.py
[2022-06-17 13:33:14,458] {processor.py:161} INFO - Processing /home/jarret/data-engineering-bootcamp/workspace/airflow-code-review/venv/lib/python3.7/site-packages/airflow/example_dags/subdags/subdag.py took 0.021 seconds
[2022-06-17 13:34:06,479] {processor.py:153} INFO - Started process (PID=23060) to work on /home/jarret/data-engineering-bootcamp/workspace/airflow-code-review/venv/lib/python3.7/site-packages/airflow/example_dags/subdags/subdag.py
[2022-06-17 13:34:06,487] {processor.py:641} INFO - Processing file /home/jarret/data-engineering-bootcamp/workspace/airflow-code-review/venv/lib/python3.7/site-packages/airflow/example_dags/subdags/subdag.py for tasks to queue
[2022-06-17 13:34:06,487] {logging_mixin.py:115} INFO - [2022-06-17 13:34:06,487] {dagbag.py:507} INFO - Filling up the DagBag from /home/jarret/data-engineering-bootcamp/workspace/airflow-code-review/venv/lib/python3.7/site-packages/airflow/example_dags/subdags/subdag.py
[2022-06-17 13:34:06,488] {processor.py:653} WARNING - No viable dags retrieved from /home/jarret/data-engineering-bootcamp/workspace/airflow-code-review/venv/lib/python3.7/site-packages/airflow/example_dags/subdags/subdag.py
[2022-06-17 13:34:06,494] {processor.py:161} INFO - Processing /home/jarret/data-engineering-bootcamp/workspace/airflow-code-review/venv/lib/python3.7/site-packages/airflow/example_dags/subdags/subdag.py took 0.017 seconds
