[2022-06-17 12:37:24,242] {processor.py:153} INFO - Started process (PID=15728) to work on /home/jarret/data-engineering-bootcamp/workspace/airflow-code-review/venv/lib/python3.7/site-packages/airflow/example_dags/example_branch_datetime_operator.py
[2022-06-17 12:37:24,242] {processor.py:641} INFO - Processing file /home/jarret/data-engineering-bootcamp/workspace/airflow-code-review/venv/lib/python3.7/site-packages/airflow/example_dags/example_branch_datetime_operator.py for tasks to queue
[2022-06-17 12:37:24,243] {logging_mixin.py:115} INFO - [2022-06-17 12:37:24,243] {dagbag.py:507} INFO - Filling up the DagBag from /home/jarret/data-engineering-bootcamp/workspace/airflow-code-review/venv/lib/python3.7/site-packages/airflow/example_dags/example_branch_datetime_operator.py
[2022-06-17 12:37:24,254] {processor.py:651} INFO - DAG(s) dict_keys(['example_branch_datetime_operator_2']) retrieved from /home/jarret/data-engineering-bootcamp/workspace/airflow-code-review/venv/lib/python3.7/site-packages/airflow/example_dags/example_branch_datetime_operator.py
[2022-06-17 12:37:24,534] {logging_mixin.py:115} INFO - [2022-06-17 12:37:24,533] {manager.py:508} INFO - Created Permission View: can read on DAG:example_branch_datetime_operator_2
[2022-06-17 12:37:24,967] {logging_mixin.py:115} INFO - [2022-06-17 12:37:24,966] {manager.py:508} INFO - Created Permission View: can delete on DAG:example_branch_datetime_operator_2
[2022-06-17 12:37:25,083] {logging_mixin.py:115} INFO - [2022-06-17 12:37:25,083] {manager.py:508} INFO - Created Permission View: can edit on DAG:example_branch_datetime_operator_2
[2022-06-17 12:37:25,084] {logging_mixin.py:115} INFO - [2022-06-17 12:37:25,084] {dag.py:2379} INFO - Sync 1 DAGs
[2022-06-17 12:37:25,097] {logging_mixin.py:115} INFO - [2022-06-17 12:37:25,097] {dag.py:2398} INFO - Creating ORM DAG for example_branch_datetime_operator_2
[2022-06-17 12:37:25,107] {logging_mixin.py:115} INFO - [2022-06-17 12:37:25,106] {dag.py:2931} INFO - Setting next_dagrun for example_branch_datetime_operator_2 to 2022-06-16T00:00:00+00:00, run_after=2022-06-17T00:00:00+00:00
[2022-06-17 12:37:25,267] {processor.py:161} INFO - Processing /home/jarret/data-engineering-bootcamp/workspace/airflow-code-review/venv/lib/python3.7/site-packages/airflow/example_dags/example_branch_datetime_operator.py took 1.029 seconds
[2022-06-17 12:38:39,477] {processor.py:153} INFO - Started process (PID=15791) to work on /home/jarret/data-engineering-bootcamp/workspace/airflow-code-review/venv/lib/python3.7/site-packages/airflow/example_dags/example_branch_datetime_operator.py
[2022-06-17 12:38:39,480] {processor.py:641} INFO - Processing file /home/jarret/data-engineering-bootcamp/workspace/airflow-code-review/venv/lib/python3.7/site-packages/airflow/example_dags/example_branch_datetime_operator.py for tasks to queue
[2022-06-17 12:38:39,480] {logging_mixin.py:115} INFO - [2022-06-17 12:38:39,480] {dagbag.py:507} INFO - Filling up the DagBag from /home/jarret/data-engineering-bootcamp/workspace/airflow-code-review/venv/lib/python3.7/site-packages/airflow/example_dags/example_branch_datetime_operator.py
[2022-06-17 12:38:39,485] {processor.py:651} INFO - DAG(s) dict_keys(['example_branch_datetime_operator_2']) retrieved from /home/jarret/data-engineering-bootcamp/workspace/airflow-code-review/venv/lib/python3.7/site-packages/airflow/example_dags/example_branch_datetime_operator.py
[2022-06-17 12:38:39,495] {logging_mixin.py:115} INFO - [2022-06-17 12:38:39,495] {dag.py:2379} INFO - Sync 1 DAGs
[2022-06-17 12:38:39,512] {logging_mixin.py:115} INFO - [2022-06-17 12:38:39,511] {dag.py:2931} INFO - Setting next_dagrun for example_branch_datetime_operator_2 to 2022-06-16T00:00:00+00:00, run_after=2022-06-17T00:00:00+00:00
[2022-06-17 12:38:40,039] {processor.py:161} INFO - Processing /home/jarret/data-engineering-bootcamp/workspace/airflow-code-review/venv/lib/python3.7/site-packages/airflow/example_dags/example_branch_datetime_operator.py took 0.565 seconds
[2022-06-17 12:39:35,287] {processor.py:153} INFO - Started process (PID=15838) to work on /home/jarret/data-engineering-bootcamp/workspace/airflow-code-review/venv/lib/python3.7/site-packages/airflow/example_dags/example_branch_datetime_operator.py
[2022-06-17 12:39:35,529] {processor.py:641} INFO - Processing file /home/jarret/data-engineering-bootcamp/workspace/airflow-code-review/venv/lib/python3.7/site-packages/airflow/example_dags/example_branch_datetime_operator.py for tasks to queue
[2022-06-17 12:39:35,530] {logging_mixin.py:115} INFO - [2022-06-17 12:39:35,530] {dagbag.py:507} INFO - Filling up the DagBag from /home/jarret/data-engineering-bootcamp/workspace/airflow-code-review/venv/lib/python3.7/site-packages/airflow/example_dags/example_branch_datetime_operator.py
[2022-06-17 12:39:35,537] {processor.py:651} INFO - DAG(s) dict_keys(['example_branch_datetime_operator_2']) retrieved from /home/jarret/data-engineering-bootcamp/workspace/airflow-code-review/venv/lib/python3.7/site-packages/airflow/example_dags/example_branch_datetime_operator.py
[2022-06-17 12:39:35,548] {logging_mixin.py:115} INFO - [2022-06-17 12:39:35,548] {dag.py:2379} INFO - Sync 1 DAGs
[2022-06-17 12:39:35,565] {logging_mixin.py:115} INFO - [2022-06-17 12:39:35,565] {dag.py:2931} INFO - Setting next_dagrun for example_branch_datetime_operator_2 to 2022-06-16T00:00:00+00:00, run_after=2022-06-17T00:00:00+00:00
[2022-06-17 12:39:35,783] {processor.py:161} INFO - Processing /home/jarret/data-engineering-bootcamp/workspace/airflow-code-review/venv/lib/python3.7/site-packages/airflow/example_dags/example_branch_datetime_operator.py took 0.498 seconds
[2022-06-17 12:40:33,651] {processor.py:153} INFO - Started process (PID=15902) to work on /home/jarret/data-engineering-bootcamp/workspace/airflow-code-review/venv/lib/python3.7/site-packages/airflow/example_dags/example_branch_datetime_operator.py
[2022-06-17 12:40:33,652] {processor.py:641} INFO - Processing file /home/jarret/data-engineering-bootcamp/workspace/airflow-code-review/venv/lib/python3.7/site-packages/airflow/example_dags/example_branch_datetime_operator.py for tasks to queue
[2022-06-17 12:40:33,653] {logging_mixin.py:115} INFO - [2022-06-17 12:40:33,653] {dagbag.py:507} INFO - Filling up the DagBag from /home/jarret/data-engineering-bootcamp/workspace/airflow-code-review/venv/lib/python3.7/site-packages/airflow/example_dags/example_branch_datetime_operator.py
[2022-06-17 12:40:33,661] {processor.py:651} INFO - DAG(s) dict_keys(['example_branch_datetime_operator_2']) retrieved from /home/jarret/data-engineering-bootcamp/workspace/airflow-code-review/venv/lib/python3.7/site-packages/airflow/example_dags/example_branch_datetime_operator.py
[2022-06-17 12:40:33,672] {logging_mixin.py:115} INFO - [2022-06-17 12:40:33,672] {dag.py:2379} INFO - Sync 1 DAGs
[2022-06-17 12:40:33,689] {logging_mixin.py:115} INFO - [2022-06-17 12:40:33,689] {dag.py:2931} INFO - Setting next_dagrun for example_branch_datetime_operator_2 to 2022-06-16T00:00:00+00:00, run_after=2022-06-17T00:00:00+00:00
[2022-06-17 12:40:34,003] {processor.py:161} INFO - Processing /home/jarret/data-engineering-bootcamp/workspace/airflow-code-review/venv/lib/python3.7/site-packages/airflow/example_dags/example_branch_datetime_operator.py took 0.356 seconds
[2022-06-17 12:41:28,530] {processor.py:153} INFO - Started process (PID=15981) to work on /home/jarret/data-engineering-bootcamp/workspace/airflow-code-review/venv/lib/python3.7/site-packages/airflow/example_dags/example_branch_datetime_operator.py
[2022-06-17 12:41:28,535] {processor.py:641} INFO - Processing file /home/jarret/data-engineering-bootcamp/workspace/airflow-code-review/venv/lib/python3.7/site-packages/airflow/example_dags/example_branch_datetime_operator.py for tasks to queue
[2022-06-17 12:41:28,535] {logging_mixin.py:115} INFO - [2022-06-17 12:41:28,535] {dagbag.py:507} INFO - Filling up the DagBag from /home/jarret/data-engineering-bootcamp/workspace/airflow-code-review/venv/lib/python3.7/site-packages/airflow/example_dags/example_branch_datetime_operator.py
[2022-06-17 12:41:28,540] {processor.py:651} INFO - DAG(s) dict_keys(['example_branch_datetime_operator_2']) retrieved from /home/jarret/data-engineering-bootcamp/workspace/airflow-code-review/venv/lib/python3.7/site-packages/airflow/example_dags/example_branch_datetime_operator.py
[2022-06-17 12:41:28,551] {logging_mixin.py:115} INFO - [2022-06-17 12:41:28,551] {dag.py:2379} INFO - Sync 1 DAGs
[2022-06-17 12:41:28,567] {logging_mixin.py:115} INFO - [2022-06-17 12:41:28,567] {dag.py:2931} INFO - Setting next_dagrun for example_branch_datetime_operator_2 to 2022-06-16T00:00:00+00:00, run_after=2022-06-17T00:00:00+00:00
[2022-06-17 12:41:28,675] {processor.py:161} INFO - Processing /home/jarret/data-engineering-bootcamp/workspace/airflow-code-review/venv/lib/python3.7/site-packages/airflow/example_dags/example_branch_datetime_operator.py took 0.148 seconds
[2022-06-17 12:43:11,198] {processor.py:153} INFO - Started process (PID=16112) to work on /home/jarret/data-engineering-bootcamp/workspace/airflow-code-review/venv/lib/python3.7/site-packages/airflow/example_dags/example_branch_datetime_operator.py
[2022-06-17 12:43:11,204] {processor.py:641} INFO - Processing file /home/jarret/data-engineering-bootcamp/workspace/airflow-code-review/venv/lib/python3.7/site-packages/airflow/example_dags/example_branch_datetime_operator.py for tasks to queue
[2022-06-17 12:43:11,205] {logging_mixin.py:115} INFO - [2022-06-17 12:43:11,205] {dagbag.py:507} INFO - Filling up the DagBag from /home/jarret/data-engineering-bootcamp/workspace/airflow-code-review/venv/lib/python3.7/site-packages/airflow/example_dags/example_branch_datetime_operator.py
[2022-06-17 12:43:11,211] {processor.py:651} INFO - DAG(s) dict_keys(['example_branch_datetime_operator_2']) retrieved from /home/jarret/data-engineering-bootcamp/workspace/airflow-code-review/venv/lib/python3.7/site-packages/airflow/example_dags/example_branch_datetime_operator.py
[2022-06-17 12:43:11,222] {logging_mixin.py:115} INFO - [2022-06-17 12:43:11,222] {dag.py:2379} INFO - Sync 1 DAGs
[2022-06-17 12:43:11,240] {logging_mixin.py:115} INFO - [2022-06-17 12:43:11,240] {dag.py:2931} INFO - Setting next_dagrun for example_branch_datetime_operator_2 to 2022-06-16T00:00:00+00:00, run_after=2022-06-17T00:00:00+00:00
[2022-06-17 12:43:12,569] {processor.py:161} INFO - Processing /home/jarret/data-engineering-bootcamp/workspace/airflow-code-review/venv/lib/python3.7/site-packages/airflow/example_dags/example_branch_datetime_operator.py took 1.374 seconds
[2022-06-17 12:44:13,141] {processor.py:153} INFO - Started process (PID=16210) to work on /home/jarret/data-engineering-bootcamp/workspace/airflow-code-review/venv/lib/python3.7/site-packages/airflow/example_dags/example_branch_datetime_operator.py
[2022-06-17 12:44:13,142] {processor.py:641} INFO - Processing file /home/jarret/data-engineering-bootcamp/workspace/airflow-code-review/venv/lib/python3.7/site-packages/airflow/example_dags/example_branch_datetime_operator.py for tasks to queue
[2022-06-17 12:44:13,142] {logging_mixin.py:115} INFO - [2022-06-17 12:44:13,142] {dagbag.py:507} INFO - Filling up the DagBag from /home/jarret/data-engineering-bootcamp/workspace/airflow-code-review/venv/lib/python3.7/site-packages/airflow/example_dags/example_branch_datetime_operator.py
[2022-06-17 12:44:13,147] {processor.py:651} INFO - DAG(s) dict_keys(['example_branch_datetime_operator_2']) retrieved from /home/jarret/data-engineering-bootcamp/workspace/airflow-code-review/venv/lib/python3.7/site-packages/airflow/example_dags/example_branch_datetime_operator.py
[2022-06-17 12:44:13,158] {logging_mixin.py:115} INFO - [2022-06-17 12:44:13,158] {dag.py:2379} INFO - Sync 1 DAGs
[2022-06-17 12:44:13,174] {logging_mixin.py:115} INFO - [2022-06-17 12:44:13,174] {dag.py:2931} INFO - Setting next_dagrun for example_branch_datetime_operator_2 to 2022-06-16T00:00:00+00:00, run_after=2022-06-17T00:00:00+00:00
[2022-06-17 12:44:13,888] {processor.py:161} INFO - Processing /home/jarret/data-engineering-bootcamp/workspace/airflow-code-review/venv/lib/python3.7/site-packages/airflow/example_dags/example_branch_datetime_operator.py took 0.749 seconds
[2022-06-17 12:45:21,701] {processor.py:153} INFO - Started process (PID=16328) to work on /home/jarret/data-engineering-bootcamp/workspace/airflow-code-review/venv/lib/python3.7/site-packages/airflow/example_dags/example_branch_datetime_operator.py
[2022-06-17 12:45:21,702] {processor.py:641} INFO - Processing file /home/jarret/data-engineering-bootcamp/workspace/airflow-code-review/venv/lib/python3.7/site-packages/airflow/example_dags/example_branch_datetime_operator.py for tasks to queue
[2022-06-17 12:45:21,703] {logging_mixin.py:115} INFO - [2022-06-17 12:45:21,703] {dagbag.py:507} INFO - Filling up the DagBag from /home/jarret/data-engineering-bootcamp/workspace/airflow-code-review/venv/lib/python3.7/site-packages/airflow/example_dags/example_branch_datetime_operator.py
[2022-06-17 12:45:21,709] {processor.py:651} INFO - DAG(s) dict_keys(['example_branch_datetime_operator_2']) retrieved from /home/jarret/data-engineering-bootcamp/workspace/airflow-code-review/venv/lib/python3.7/site-packages/airflow/example_dags/example_branch_datetime_operator.py
[2022-06-17 12:45:21,719] {logging_mixin.py:115} INFO - [2022-06-17 12:45:21,719] {dag.py:2379} INFO - Sync 1 DAGs
[2022-06-17 12:45:21,736] {logging_mixin.py:115} INFO - [2022-06-17 12:45:21,736] {dag.py:2931} INFO - Setting next_dagrun for example_branch_datetime_operator_2 to 2022-06-16T00:00:00+00:00, run_after=2022-06-17T00:00:00+00:00
[2022-06-17 12:45:23,337] {processor.py:161} INFO - Processing /home/jarret/data-engineering-bootcamp/workspace/airflow-code-review/venv/lib/python3.7/site-packages/airflow/example_dags/example_branch_datetime_operator.py took 1.637 seconds
[2022-06-17 12:46:33,706] {processor.py:153} INFO - Started process (PID=16458) to work on /home/jarret/data-engineering-bootcamp/workspace/airflow-code-review/venv/lib/python3.7/site-packages/airflow/example_dags/example_branch_datetime_operator.py
[2022-06-17 12:46:33,731] {processor.py:641} INFO - Processing file /home/jarret/data-engineering-bootcamp/workspace/airflow-code-review/venv/lib/python3.7/site-packages/airflow/example_dags/example_branch_datetime_operator.py for tasks to queue
[2022-06-17 12:46:33,732] {logging_mixin.py:115} INFO - [2022-06-17 12:46:33,732] {dagbag.py:507} INFO - Filling up the DagBag from /home/jarret/data-engineering-bootcamp/workspace/airflow-code-review/venv/lib/python3.7/site-packages/airflow/example_dags/example_branch_datetime_operator.py
[2022-06-17 12:46:33,739] {processor.py:651} INFO - DAG(s) dict_keys(['example_branch_datetime_operator_2']) retrieved from /home/jarret/data-engineering-bootcamp/workspace/airflow-code-review/venv/lib/python3.7/site-packages/airflow/example_dags/example_branch_datetime_operator.py
[2022-06-17 12:46:33,750] {logging_mixin.py:115} INFO - [2022-06-17 12:46:33,750] {dag.py:2379} INFO - Sync 1 DAGs
[2022-06-17 12:46:33,767] {logging_mixin.py:115} INFO - [2022-06-17 12:46:33,767] {dag.py:2931} INFO - Setting next_dagrun for example_branch_datetime_operator_2 to 2022-06-16T00:00:00+00:00, run_after=2022-06-17T00:00:00+00:00
[2022-06-17 12:46:33,944] {processor.py:161} INFO - Processing /home/jarret/data-engineering-bootcamp/workspace/airflow-code-review/venv/lib/python3.7/site-packages/airflow/example_dags/example_branch_datetime_operator.py took 0.241 seconds
[2022-06-17 12:47:34,048] {processor.py:153} INFO - Started process (PID=16507) to work on /home/jarret/data-engineering-bootcamp/workspace/airflow-code-review/venv/lib/python3.7/site-packages/airflow/example_dags/example_branch_datetime_operator.py
[2022-06-17 12:47:34,161] {processor.py:641} INFO - Processing file /home/jarret/data-engineering-bootcamp/workspace/airflow-code-review/venv/lib/python3.7/site-packages/airflow/example_dags/example_branch_datetime_operator.py for tasks to queue
[2022-06-17 12:47:34,161] {logging_mixin.py:115} INFO - [2022-06-17 12:47:34,161] {dagbag.py:507} INFO - Filling up the DagBag from /home/jarret/data-engineering-bootcamp/workspace/airflow-code-review/venv/lib/python3.7/site-packages/airflow/example_dags/example_branch_datetime_operator.py
[2022-06-17 12:47:34,172] {processor.py:651} INFO - DAG(s) dict_keys(['example_branch_datetime_operator_2']) retrieved from /home/jarret/data-engineering-bootcamp/workspace/airflow-code-review/venv/lib/python3.7/site-packages/airflow/example_dags/example_branch_datetime_operator.py
[2022-06-17 12:47:34,182] {logging_mixin.py:115} INFO - [2022-06-17 12:47:34,182] {dag.py:2379} INFO - Sync 1 DAGs
[2022-06-17 12:47:34,199] {logging_mixin.py:115} INFO - [2022-06-17 12:47:34,199] {dag.py:2931} INFO - Setting next_dagrun for example_branch_datetime_operator_2 to 2022-06-16T00:00:00+00:00, run_after=2022-06-17T00:00:00+00:00
[2022-06-17 12:47:34,561] {processor.py:161} INFO - Processing /home/jarret/data-engineering-bootcamp/workspace/airflow-code-review/venv/lib/python3.7/site-packages/airflow/example_dags/example_branch_datetime_operator.py took 0.517 seconds
[2022-06-17 12:48:47,947] {processor.py:153} INFO - Started process (PID=16568) to work on /home/jarret/data-engineering-bootcamp/workspace/airflow-code-review/venv/lib/python3.7/site-packages/airflow/example_dags/example_branch_datetime_operator.py
[2022-06-17 12:48:48,020] {processor.py:641} INFO - Processing file /home/jarret/data-engineering-bootcamp/workspace/airflow-code-review/venv/lib/python3.7/site-packages/airflow/example_dags/example_branch_datetime_operator.py for tasks to queue
[2022-06-17 12:48:48,021] {logging_mixin.py:115} INFO - [2022-06-17 12:48:48,021] {dagbag.py:507} INFO - Filling up the DagBag from /home/jarret/data-engineering-bootcamp/workspace/airflow-code-review/venv/lib/python3.7/site-packages/airflow/example_dags/example_branch_datetime_operator.py
[2022-06-17 12:48:48,031] {processor.py:651} INFO - DAG(s) dict_keys(['example_branch_datetime_operator_2']) retrieved from /home/jarret/data-engineering-bootcamp/workspace/airflow-code-review/venv/lib/python3.7/site-packages/airflow/example_dags/example_branch_datetime_operator.py
[2022-06-17 12:48:48,042] {logging_mixin.py:115} INFO - [2022-06-17 12:48:48,042] {dag.py:2379} INFO - Sync 1 DAGs
[2022-06-17 12:48:48,059] {logging_mixin.py:115} INFO - [2022-06-17 12:48:48,059] {dag.py:2931} INFO - Setting next_dagrun for example_branch_datetime_operator_2 to 2022-06-16T00:00:00+00:00, run_after=2022-06-17T00:00:00+00:00
[2022-06-17 12:48:48,593] {processor.py:161} INFO - Processing /home/jarret/data-engineering-bootcamp/workspace/airflow-code-review/venv/lib/python3.7/site-packages/airflow/example_dags/example_branch_datetime_operator.py took 0.649 seconds
[2022-06-17 12:50:01,183] {processor.py:153} INFO - Started process (PID=16702) to work on /home/jarret/data-engineering-bootcamp/workspace/airflow-code-review/venv/lib/python3.7/site-packages/airflow/example_dags/example_branch_datetime_operator.py
[2022-06-17 12:50:01,574] {processor.py:641} INFO - Processing file /home/jarret/data-engineering-bootcamp/workspace/airflow-code-review/venv/lib/python3.7/site-packages/airflow/example_dags/example_branch_datetime_operator.py for tasks to queue
[2022-06-17 12:50:01,575] {logging_mixin.py:115} INFO - [2022-06-17 12:50:01,575] {dagbag.py:507} INFO - Filling up the DagBag from /home/jarret/data-engineering-bootcamp/workspace/airflow-code-review/venv/lib/python3.7/site-packages/airflow/example_dags/example_branch_datetime_operator.py
[2022-06-17 12:50:01,586] {processor.py:651} INFO - DAG(s) dict_keys(['example_branch_datetime_operator_2']) retrieved from /home/jarret/data-engineering-bootcamp/workspace/airflow-code-review/venv/lib/python3.7/site-packages/airflow/example_dags/example_branch_datetime_operator.py
[2022-06-17 12:50:01,600] {logging_mixin.py:115} INFO - [2022-06-17 12:50:01,600] {dag.py:2379} INFO - Sync 1 DAGs
[2022-06-17 12:50:01,618] {logging_mixin.py:115} INFO - [2022-06-17 12:50:01,618] {dag.py:2931} INFO - Setting next_dagrun for example_branch_datetime_operator_2 to 2022-06-16T00:00:00+00:00, run_after=2022-06-17T00:00:00+00:00
[2022-06-17 12:50:01,766] {processor.py:161} INFO - Processing /home/jarret/data-engineering-bootcamp/workspace/airflow-code-review/venv/lib/python3.7/site-packages/airflow/example_dags/example_branch_datetime_operator.py took 0.585 seconds
[2022-06-17 12:51:00,480] {processor.py:153} INFO - Started process (PID=16795) to work on /home/jarret/data-engineering-bootcamp/workspace/airflow-code-review/venv/lib/python3.7/site-packages/airflow/example_dags/example_branch_datetime_operator.py
[2022-06-17 12:51:00,488] {processor.py:641} INFO - Processing file /home/jarret/data-engineering-bootcamp/workspace/airflow-code-review/venv/lib/python3.7/site-packages/airflow/example_dags/example_branch_datetime_operator.py for tasks to queue
[2022-06-17 12:51:00,488] {logging_mixin.py:115} INFO - [2022-06-17 12:51:00,488] {dagbag.py:507} INFO - Filling up the DagBag from /home/jarret/data-engineering-bootcamp/workspace/airflow-code-review/venv/lib/python3.7/site-packages/airflow/example_dags/example_branch_datetime_operator.py
[2022-06-17 12:51:00,493] {processor.py:651} INFO - DAG(s) dict_keys(['example_branch_datetime_operator_2']) retrieved from /home/jarret/data-engineering-bootcamp/workspace/airflow-code-review/venv/lib/python3.7/site-packages/airflow/example_dags/example_branch_datetime_operator.py
[2022-06-17 12:51:00,504] {logging_mixin.py:115} INFO - [2022-06-17 12:51:00,504] {dag.py:2379} INFO - Sync 1 DAGs
[2022-06-17 12:51:00,521] {logging_mixin.py:115} INFO - [2022-06-17 12:51:00,521] {dag.py:2931} INFO - Setting next_dagrun for example_branch_datetime_operator_2 to 2022-06-16T00:00:00+00:00, run_after=2022-06-17T00:00:00+00:00
[2022-06-17 12:51:00,858] {processor.py:161} INFO - Processing /home/jarret/data-engineering-bootcamp/workspace/airflow-code-review/venv/lib/python3.7/site-packages/airflow/example_dags/example_branch_datetime_operator.py took 0.381 seconds
[2022-06-17 12:52:09,001] {processor.py:153} INFO - Started process (PID=16918) to work on /home/jarret/data-engineering-bootcamp/workspace/airflow-code-review/venv/lib/python3.7/site-packages/airflow/example_dags/example_branch_datetime_operator.py
[2022-06-17 12:52:09,007] {processor.py:641} INFO - Processing file /home/jarret/data-engineering-bootcamp/workspace/airflow-code-review/venv/lib/python3.7/site-packages/airflow/example_dags/example_branch_datetime_operator.py for tasks to queue
[2022-06-17 12:52:09,008] {logging_mixin.py:115} INFO - [2022-06-17 12:52:09,008] {dagbag.py:507} INFO - Filling up the DagBag from /home/jarret/data-engineering-bootcamp/workspace/airflow-code-review/venv/lib/python3.7/site-packages/airflow/example_dags/example_branch_datetime_operator.py
[2022-06-17 12:52:09,013] {processor.py:651} INFO - DAG(s) dict_keys(['example_branch_datetime_operator_2']) retrieved from /home/jarret/data-engineering-bootcamp/workspace/airflow-code-review/venv/lib/python3.7/site-packages/airflow/example_dags/example_branch_datetime_operator.py
[2022-06-17 12:52:09,023] {logging_mixin.py:115} INFO - [2022-06-17 12:52:09,023] {dag.py:2379} INFO - Sync 1 DAGs
[2022-06-17 12:52:09,039] {logging_mixin.py:115} INFO - [2022-06-17 12:52:09,039] {dag.py:2931} INFO - Setting next_dagrun for example_branch_datetime_operator_2 to 2022-06-16T00:00:00+00:00, run_after=2022-06-17T00:00:00+00:00
[2022-06-17 12:52:09,933] {processor.py:161} INFO - Processing /home/jarret/data-engineering-bootcamp/workspace/airflow-code-review/venv/lib/python3.7/site-packages/airflow/example_dags/example_branch_datetime_operator.py took 0.936 seconds
[2022-06-17 12:53:07,999] {processor.py:153} INFO - Started process (PID=16975) to work on /home/jarret/data-engineering-bootcamp/workspace/airflow-code-review/venv/lib/python3.7/site-packages/airflow/example_dags/example_branch_datetime_operator.py
[2022-06-17 12:53:08,125] {processor.py:641} INFO - Processing file /home/jarret/data-engineering-bootcamp/workspace/airflow-code-review/venv/lib/python3.7/site-packages/airflow/example_dags/example_branch_datetime_operator.py for tasks to queue
[2022-06-17 12:53:08,125] {logging_mixin.py:115} INFO - [2022-06-17 12:53:08,125] {dagbag.py:507} INFO - Filling up the DagBag from /home/jarret/data-engineering-bootcamp/workspace/airflow-code-review/venv/lib/python3.7/site-packages/airflow/example_dags/example_branch_datetime_operator.py
[2022-06-17 12:53:08,136] {processor.py:651} INFO - DAG(s) dict_keys(['example_branch_datetime_operator_2']) retrieved from /home/jarret/data-engineering-bootcamp/workspace/airflow-code-review/venv/lib/python3.7/site-packages/airflow/example_dags/example_branch_datetime_operator.py
[2022-06-17 12:53:08,146] {logging_mixin.py:115} INFO - [2022-06-17 12:53:08,146] {dag.py:2379} INFO - Sync 1 DAGs
[2022-06-17 12:53:08,163] {logging_mixin.py:115} INFO - [2022-06-17 12:53:08,163] {dag.py:2931} INFO - Setting next_dagrun for example_branch_datetime_operator_2 to 2022-06-16T00:00:00+00:00, run_after=2022-06-17T00:00:00+00:00
[2022-06-17 12:53:09,351] {processor.py:161} INFO - Processing /home/jarret/data-engineering-bootcamp/workspace/airflow-code-review/venv/lib/python3.7/site-packages/airflow/example_dags/example_branch_datetime_operator.py took 1.356 seconds
[2022-06-17 12:54:23,855] {processor.py:153} INFO - Started process (PID=17058) to work on /home/jarret/data-engineering-bootcamp/workspace/airflow-code-review/venv/lib/python3.7/site-packages/airflow/example_dags/example_branch_datetime_operator.py
[2022-06-17 12:54:23,866] {processor.py:641} INFO - Processing file /home/jarret/data-engineering-bootcamp/workspace/airflow-code-review/venv/lib/python3.7/site-packages/airflow/example_dags/example_branch_datetime_operator.py for tasks to queue
[2022-06-17 12:54:23,866] {logging_mixin.py:115} INFO - [2022-06-17 12:54:23,866] {dagbag.py:507} INFO - Filling up the DagBag from /home/jarret/data-engineering-bootcamp/workspace/airflow-code-review/venv/lib/python3.7/site-packages/airflow/example_dags/example_branch_datetime_operator.py
[2022-06-17 12:54:23,871] {processor.py:651} INFO - DAG(s) dict_keys(['example_branch_datetime_operator_2']) retrieved from /home/jarret/data-engineering-bootcamp/workspace/airflow-code-review/venv/lib/python3.7/site-packages/airflow/example_dags/example_branch_datetime_operator.py
[2022-06-17 12:54:23,882] {logging_mixin.py:115} INFO - [2022-06-17 12:54:23,882] {dag.py:2379} INFO - Sync 1 DAGs
[2022-06-17 12:54:23,898] {logging_mixin.py:115} INFO - [2022-06-17 12:54:23,898] {dag.py:2931} INFO - Setting next_dagrun for example_branch_datetime_operator_2 to 2022-06-16T00:00:00+00:00, run_after=2022-06-17T00:00:00+00:00
[2022-06-17 12:54:24,732] {processor.py:161} INFO - Processing /home/jarret/data-engineering-bootcamp/workspace/airflow-code-review/venv/lib/python3.7/site-packages/airflow/example_dags/example_branch_datetime_operator.py took 0.880 seconds
[2022-06-17 12:55:22,037] {processor.py:153} INFO - Started process (PID=17102) to work on /home/jarret/data-engineering-bootcamp/workspace/airflow-code-review/venv/lib/python3.7/site-packages/airflow/example_dags/example_branch_datetime_operator.py
[2022-06-17 12:55:22,372] {processor.py:641} INFO - Processing file /home/jarret/data-engineering-bootcamp/workspace/airflow-code-review/venv/lib/python3.7/site-packages/airflow/example_dags/example_branch_datetime_operator.py for tasks to queue
[2022-06-17 12:55:22,373] {logging_mixin.py:115} INFO - [2022-06-17 12:55:22,373] {dagbag.py:507} INFO - Filling up the DagBag from /home/jarret/data-engineering-bootcamp/workspace/airflow-code-review/venv/lib/python3.7/site-packages/airflow/example_dags/example_branch_datetime_operator.py
[2022-06-17 12:55:22,385] {processor.py:651} INFO - DAG(s) dict_keys(['example_branch_datetime_operator_2']) retrieved from /home/jarret/data-engineering-bootcamp/workspace/airflow-code-review/venv/lib/python3.7/site-packages/airflow/example_dags/example_branch_datetime_operator.py
[2022-06-17 12:55:22,395] {logging_mixin.py:115} INFO - [2022-06-17 12:55:22,395] {dag.py:2379} INFO - Sync 1 DAGs
[2022-06-17 12:55:22,412] {logging_mixin.py:115} INFO - [2022-06-17 12:55:22,412] {dag.py:2931} INFO - Setting next_dagrun for example_branch_datetime_operator_2 to 2022-06-16T00:00:00+00:00, run_after=2022-06-17T00:00:00+00:00
[2022-06-17 12:55:22,619] {processor.py:161} INFO - Processing /home/jarret/data-engineering-bootcamp/workspace/airflow-code-review/venv/lib/python3.7/site-packages/airflow/example_dags/example_branch_datetime_operator.py took 0.585 seconds
[2022-06-17 12:56:15,980] {processor.py:153} INFO - Started process (PID=17169) to work on /home/jarret/data-engineering-bootcamp/workspace/airflow-code-review/venv/lib/python3.7/site-packages/airflow/example_dags/example_branch_datetime_operator.py
[2022-06-17 12:56:16,009] {processor.py:641} INFO - Processing file /home/jarret/data-engineering-bootcamp/workspace/airflow-code-review/venv/lib/python3.7/site-packages/airflow/example_dags/example_branch_datetime_operator.py for tasks to queue
[2022-06-17 12:56:16,010] {logging_mixin.py:115} INFO - [2022-06-17 12:56:16,010] {dagbag.py:507} INFO - Filling up the DagBag from /home/jarret/data-engineering-bootcamp/workspace/airflow-code-review/venv/lib/python3.7/site-packages/airflow/example_dags/example_branch_datetime_operator.py
[2022-06-17 12:56:16,021] {processor.py:651} INFO - DAG(s) dict_keys(['example_branch_datetime_operator_2']) retrieved from /home/jarret/data-engineering-bootcamp/workspace/airflow-code-review/venv/lib/python3.7/site-packages/airflow/example_dags/example_branch_datetime_operator.py
[2022-06-17 12:56:16,034] {logging_mixin.py:115} INFO - [2022-06-17 12:56:16,034] {dag.py:2379} INFO - Sync 1 DAGs
[2022-06-17 12:56:16,050] {logging_mixin.py:115} INFO - [2022-06-17 12:56:16,050] {dag.py:2931} INFO - Setting next_dagrun for example_branch_datetime_operator_2 to 2022-06-16T00:00:00+00:00, run_after=2022-06-17T00:00:00+00:00
[2022-06-17 12:56:16,873] {processor.py:161} INFO - Processing /home/jarret/data-engineering-bootcamp/workspace/airflow-code-review/venv/lib/python3.7/site-packages/airflow/example_dags/example_branch_datetime_operator.py took 0.896 seconds
[2022-06-17 12:57:18,757] {processor.py:153} INFO - Started process (PID=17242) to work on /home/jarret/data-engineering-bootcamp/workspace/airflow-code-review/venv/lib/python3.7/site-packages/airflow/example_dags/example_branch_datetime_operator.py
[2022-06-17 12:57:18,812] {processor.py:641} INFO - Processing file /home/jarret/data-engineering-bootcamp/workspace/airflow-code-review/venv/lib/python3.7/site-packages/airflow/example_dags/example_branch_datetime_operator.py for tasks to queue
[2022-06-17 12:57:18,813] {logging_mixin.py:115} INFO - [2022-06-17 12:57:18,813] {dagbag.py:507} INFO - Filling up the DagBag from /home/jarret/data-engineering-bootcamp/workspace/airflow-code-review/venv/lib/python3.7/site-packages/airflow/example_dags/example_branch_datetime_operator.py
[2022-06-17 12:57:18,821] {processor.py:651} INFO - DAG(s) dict_keys(['example_branch_datetime_operator_2']) retrieved from /home/jarret/data-engineering-bootcamp/workspace/airflow-code-review/venv/lib/python3.7/site-packages/airflow/example_dags/example_branch_datetime_operator.py
[2022-06-17 12:57:18,832] {logging_mixin.py:115} INFO - [2022-06-17 12:57:18,832] {dag.py:2379} INFO - Sync 1 DAGs
[2022-06-17 12:57:18,849] {logging_mixin.py:115} INFO - [2022-06-17 12:57:18,849] {dag.py:2931} INFO - Setting next_dagrun for example_branch_datetime_operator_2 to 2022-06-16T00:00:00+00:00, run_after=2022-06-17T00:00:00+00:00
[2022-06-17 12:57:19,866] {processor.py:161} INFO - Processing /home/jarret/data-engineering-bootcamp/workspace/airflow-code-review/venv/lib/python3.7/site-packages/airflow/example_dags/example_branch_datetime_operator.py took 1.113 seconds
[2022-06-17 12:58:35,090] {processor.py:153} INFO - Started process (PID=17324) to work on /home/jarret/data-engineering-bootcamp/workspace/airflow-code-review/venv/lib/python3.7/site-packages/airflow/example_dags/example_branch_datetime_operator.py
[2022-06-17 12:58:35,108] {processor.py:641} INFO - Processing file /home/jarret/data-engineering-bootcamp/workspace/airflow-code-review/venv/lib/python3.7/site-packages/airflow/example_dags/example_branch_datetime_operator.py for tasks to queue
[2022-06-17 12:58:35,109] {logging_mixin.py:115} INFO - [2022-06-17 12:58:35,109] {dagbag.py:507} INFO - Filling up the DagBag from /home/jarret/data-engineering-bootcamp/workspace/airflow-code-review/venv/lib/python3.7/site-packages/airflow/example_dags/example_branch_datetime_operator.py
[2022-06-17 12:58:35,122] {processor.py:651} INFO - DAG(s) dict_keys(['example_branch_datetime_operator_2']) retrieved from /home/jarret/data-engineering-bootcamp/workspace/airflow-code-review/venv/lib/python3.7/site-packages/airflow/example_dags/example_branch_datetime_operator.py
[2022-06-17 12:58:35,133] {logging_mixin.py:115} INFO - [2022-06-17 12:58:35,133] {dag.py:2379} INFO - Sync 1 DAGs
[2022-06-17 12:58:35,149] {logging_mixin.py:115} INFO - [2022-06-17 12:58:35,149] {dag.py:2931} INFO - Setting next_dagrun for example_branch_datetime_operator_2 to 2022-06-16T00:00:00+00:00, run_after=2022-06-17T00:00:00+00:00
[2022-06-17 12:58:35,288] {processor.py:161} INFO - Processing /home/jarret/data-engineering-bootcamp/workspace/airflow-code-review/venv/lib/python3.7/site-packages/airflow/example_dags/example_branch_datetime_operator.py took 0.201 seconds
[2022-06-17 12:59:40,163] {processor.py:153} INFO - Started process (PID=17454) to work on /home/jarret/data-engineering-bootcamp/workspace/airflow-code-review/venv/lib/python3.7/site-packages/airflow/example_dags/example_branch_datetime_operator.py
[2022-06-17 12:59:40,175] {processor.py:641} INFO - Processing file /home/jarret/data-engineering-bootcamp/workspace/airflow-code-review/venv/lib/python3.7/site-packages/airflow/example_dags/example_branch_datetime_operator.py for tasks to queue
[2022-06-17 12:59:40,176] {logging_mixin.py:115} INFO - [2022-06-17 12:59:40,175] {dagbag.py:507} INFO - Filling up the DagBag from /home/jarret/data-engineering-bootcamp/workspace/airflow-code-review/venv/lib/python3.7/site-packages/airflow/example_dags/example_branch_datetime_operator.py
[2022-06-17 12:59:40,180] {processor.py:651} INFO - DAG(s) dict_keys(['example_branch_datetime_operator_2']) retrieved from /home/jarret/data-engineering-bootcamp/workspace/airflow-code-review/venv/lib/python3.7/site-packages/airflow/example_dags/example_branch_datetime_operator.py
[2022-06-17 12:59:40,190] {logging_mixin.py:115} INFO - [2022-06-17 12:59:40,190] {dag.py:2379} INFO - Sync 1 DAGs
[2022-06-17 12:59:40,206] {logging_mixin.py:115} INFO - [2022-06-17 12:59:40,206] {dag.py:2931} INFO - Setting next_dagrun for example_branch_datetime_operator_2 to 2022-06-16T00:00:00+00:00, run_after=2022-06-17T00:00:00+00:00
[2022-06-17 12:59:40,338] {processor.py:161} INFO - Processing /home/jarret/data-engineering-bootcamp/workspace/airflow-code-review/venv/lib/python3.7/site-packages/airflow/example_dags/example_branch_datetime_operator.py took 0.178 seconds
[2022-06-17 13:00:49,195] {processor.py:153} INFO - Started process (PID=17550) to work on /home/jarret/data-engineering-bootcamp/workspace/airflow-code-review/venv/lib/python3.7/site-packages/airflow/example_dags/example_branch_datetime_operator.py
[2022-06-17 13:00:49,198] {processor.py:641} INFO - Processing file /home/jarret/data-engineering-bootcamp/workspace/airflow-code-review/venv/lib/python3.7/site-packages/airflow/example_dags/example_branch_datetime_operator.py for tasks to queue
[2022-06-17 13:00:49,198] {logging_mixin.py:115} INFO - [2022-06-17 13:00:49,198] {dagbag.py:507} INFO - Filling up the DagBag from /home/jarret/data-engineering-bootcamp/workspace/airflow-code-review/venv/lib/python3.7/site-packages/airflow/example_dags/example_branch_datetime_operator.py
[2022-06-17 13:00:49,204] {processor.py:651} INFO - DAG(s) dict_keys(['example_branch_datetime_operator_2']) retrieved from /home/jarret/data-engineering-bootcamp/workspace/airflow-code-review/venv/lib/python3.7/site-packages/airflow/example_dags/example_branch_datetime_operator.py
[2022-06-17 13:00:49,215] {logging_mixin.py:115} INFO - [2022-06-17 13:00:49,215] {dag.py:2379} INFO - Sync 1 DAGs
[2022-06-17 13:00:49,234] {logging_mixin.py:115} INFO - [2022-06-17 13:00:49,234] {dag.py:2931} INFO - Setting next_dagrun for example_branch_datetime_operator_2 to 2022-06-16T00:00:00+00:00, run_after=2022-06-17T00:00:00+00:00
[2022-06-17 13:00:49,549] {processor.py:161} INFO - Processing /home/jarret/data-engineering-bootcamp/workspace/airflow-code-review/venv/lib/python3.7/site-packages/airflow/example_dags/example_branch_datetime_operator.py took 0.355 seconds
[2022-06-17 13:01:47,413] {processor.py:153} INFO - Started process (PID=17660) to work on /home/jarret/data-engineering-bootcamp/workspace/airflow-code-review/venv/lib/python3.7/site-packages/airflow/example_dags/example_branch_datetime_operator.py
[2022-06-17 13:01:47,416] {processor.py:641} INFO - Processing file /home/jarret/data-engineering-bootcamp/workspace/airflow-code-review/venv/lib/python3.7/site-packages/airflow/example_dags/example_branch_datetime_operator.py for tasks to queue
[2022-06-17 13:01:47,417] {logging_mixin.py:115} INFO - [2022-06-17 13:01:47,417] {dagbag.py:507} INFO - Filling up the DagBag from /home/jarret/data-engineering-bootcamp/workspace/airflow-code-review/venv/lib/python3.7/site-packages/airflow/example_dags/example_branch_datetime_operator.py
[2022-06-17 13:01:47,427] {processor.py:651} INFO - DAG(s) dict_keys(['example_branch_datetime_operator_2']) retrieved from /home/jarret/data-engineering-bootcamp/workspace/airflow-code-review/venv/lib/python3.7/site-packages/airflow/example_dags/example_branch_datetime_operator.py
[2022-06-17 13:01:47,437] {logging_mixin.py:115} INFO - [2022-06-17 13:01:47,437] {dag.py:2379} INFO - Sync 1 DAGs
[2022-06-17 13:01:47,453] {logging_mixin.py:115} INFO - [2022-06-17 13:01:47,453] {dag.py:2931} INFO - Setting next_dagrun for example_branch_datetime_operator_2 to 2022-06-16T00:00:00+00:00, run_after=2022-06-17T00:00:00+00:00
[2022-06-17 13:01:48,889] {processor.py:161} INFO - Processing /home/jarret/data-engineering-bootcamp/workspace/airflow-code-review/venv/lib/python3.7/site-packages/airflow/example_dags/example_branch_datetime_operator.py took 1.478 seconds
[2022-06-17 13:02:51,761] {processor.py:153} INFO - Started process (PID=17785) to work on /home/jarret/data-engineering-bootcamp/workspace/airflow-code-review/venv/lib/python3.7/site-packages/airflow/example_dags/example_branch_datetime_operator.py
[2022-06-17 13:02:51,787] {processor.py:641} INFO - Processing file /home/jarret/data-engineering-bootcamp/workspace/airflow-code-review/venv/lib/python3.7/site-packages/airflow/example_dags/example_branch_datetime_operator.py for tasks to queue
[2022-06-17 13:02:51,788] {logging_mixin.py:115} INFO - [2022-06-17 13:02:51,788] {dagbag.py:507} INFO - Filling up the DagBag from /home/jarret/data-engineering-bootcamp/workspace/airflow-code-review/venv/lib/python3.7/site-packages/airflow/example_dags/example_branch_datetime_operator.py
[2022-06-17 13:02:51,795] {processor.py:651} INFO - DAG(s) dict_keys(['example_branch_datetime_operator_2']) retrieved from /home/jarret/data-engineering-bootcamp/workspace/airflow-code-review/venv/lib/python3.7/site-packages/airflow/example_dags/example_branch_datetime_operator.py
[2022-06-17 13:02:51,808] {logging_mixin.py:115} INFO - [2022-06-17 13:02:51,808] {dag.py:2379} INFO - Sync 1 DAGs
[2022-06-17 13:02:51,824] {logging_mixin.py:115} INFO - [2022-06-17 13:02:51,824] {dag.py:2931} INFO - Setting next_dagrun for example_branch_datetime_operator_2 to 2022-06-16T00:00:00+00:00, run_after=2022-06-17T00:00:00+00:00
[2022-06-17 13:02:52,765] {processor.py:161} INFO - Processing /home/jarret/data-engineering-bootcamp/workspace/airflow-code-review/venv/lib/python3.7/site-packages/airflow/example_dags/example_branch_datetime_operator.py took 1.007 seconds
[2022-06-17 13:03:56,371] {processor.py:153} INFO - Started process (PID=17903) to work on /home/jarret/data-engineering-bootcamp/workspace/airflow-code-review/venv/lib/python3.7/site-packages/airflow/example_dags/example_branch_datetime_operator.py
[2022-06-17 13:03:56,387] {processor.py:641} INFO - Processing file /home/jarret/data-engineering-bootcamp/workspace/airflow-code-review/venv/lib/python3.7/site-packages/airflow/example_dags/example_branch_datetime_operator.py for tasks to queue
[2022-06-17 13:03:56,387] {logging_mixin.py:115} INFO - [2022-06-17 13:03:56,387] {dagbag.py:507} INFO - Filling up the DagBag from /home/jarret/data-engineering-bootcamp/workspace/airflow-code-review/venv/lib/python3.7/site-packages/airflow/example_dags/example_branch_datetime_operator.py
[2022-06-17 13:03:56,392] {processor.py:651} INFO - DAG(s) dict_keys(['example_branch_datetime_operator_2']) retrieved from /home/jarret/data-engineering-bootcamp/workspace/airflow-code-review/venv/lib/python3.7/site-packages/airflow/example_dags/example_branch_datetime_operator.py
[2022-06-17 13:03:56,403] {logging_mixin.py:115} INFO - [2022-06-17 13:03:56,402] {dag.py:2379} INFO - Sync 1 DAGs
[2022-06-17 13:03:56,419] {logging_mixin.py:115} INFO - [2022-06-17 13:03:56,419] {dag.py:2931} INFO - Setting next_dagrun for example_branch_datetime_operator_2 to 2022-06-16T00:00:00+00:00, run_after=2022-06-17T00:00:00+00:00
[2022-06-17 13:03:57,807] {processor.py:161} INFO - Processing /home/jarret/data-engineering-bootcamp/workspace/airflow-code-review/venv/lib/python3.7/site-packages/airflow/example_dags/example_branch_datetime_operator.py took 1.440 seconds
[2022-06-17 13:05:02,646] {processor.py:153} INFO - Started process (PID=17986) to work on /home/jarret/data-engineering-bootcamp/workspace/airflow-code-review/venv/lib/python3.7/site-packages/airflow/example_dags/example_branch_datetime_operator.py
[2022-06-17 13:05:02,719] {processor.py:641} INFO - Processing file /home/jarret/data-engineering-bootcamp/workspace/airflow-code-review/venv/lib/python3.7/site-packages/airflow/example_dags/example_branch_datetime_operator.py for tasks to queue
[2022-06-17 13:05:02,720] {logging_mixin.py:115} INFO - [2022-06-17 13:05:02,720] {dagbag.py:507} INFO - Filling up the DagBag from /home/jarret/data-engineering-bootcamp/workspace/airflow-code-review/venv/lib/python3.7/site-packages/airflow/example_dags/example_branch_datetime_operator.py
[2022-06-17 13:05:02,728] {processor.py:651} INFO - DAG(s) dict_keys(['example_branch_datetime_operator_2']) retrieved from /home/jarret/data-engineering-bootcamp/workspace/airflow-code-review/venv/lib/python3.7/site-packages/airflow/example_dags/example_branch_datetime_operator.py
[2022-06-17 13:05:02,739] {logging_mixin.py:115} INFO - [2022-06-17 13:05:02,739] {dag.py:2379} INFO - Sync 1 DAGs
[2022-06-17 13:05:02,755] {logging_mixin.py:115} INFO - [2022-06-17 13:05:02,755] {dag.py:2931} INFO - Setting next_dagrun for example_branch_datetime_operator_2 to 2022-06-16T00:00:00+00:00, run_after=2022-06-17T00:00:00+00:00
[2022-06-17 13:05:02,959] {processor.py:161} INFO - Processing /home/jarret/data-engineering-bootcamp/workspace/airflow-code-review/venv/lib/python3.7/site-packages/airflow/example_dags/example_branch_datetime_operator.py took 0.316 seconds
[2022-06-17 13:06:01,952] {processor.py:153} INFO - Started process (PID=18035) to work on /home/jarret/data-engineering-bootcamp/workspace/airflow-code-review/venv/lib/python3.7/site-packages/airflow/example_dags/example_branch_datetime_operator.py
[2022-06-17 13:06:01,962] {processor.py:641} INFO - Processing file /home/jarret/data-engineering-bootcamp/workspace/airflow-code-review/venv/lib/python3.7/site-packages/airflow/example_dags/example_branch_datetime_operator.py for tasks to queue
[2022-06-17 13:06:01,963] {logging_mixin.py:115} INFO - [2022-06-17 13:06:01,963] {dagbag.py:507} INFO - Filling up the DagBag from /home/jarret/data-engineering-bootcamp/workspace/airflow-code-review/venv/lib/python3.7/site-packages/airflow/example_dags/example_branch_datetime_operator.py
[2022-06-17 13:06:01,973] {processor.py:651} INFO - DAG(s) dict_keys(['example_branch_datetime_operator_2']) retrieved from /home/jarret/data-engineering-bootcamp/workspace/airflow-code-review/venv/lib/python3.7/site-packages/airflow/example_dags/example_branch_datetime_operator.py
[2022-06-17 13:06:01,987] {logging_mixin.py:115} INFO - [2022-06-17 13:06:01,987] {dag.py:2379} INFO - Sync 1 DAGs
[2022-06-17 13:06:02,004] {logging_mixin.py:115} INFO - [2022-06-17 13:06:02,004] {dag.py:2931} INFO - Setting next_dagrun for example_branch_datetime_operator_2 to 2022-06-16T00:00:00+00:00, run_after=2022-06-17T00:00:00+00:00
[2022-06-17 13:06:02,129] {processor.py:161} INFO - Processing /home/jarret/data-engineering-bootcamp/workspace/airflow-code-review/venv/lib/python3.7/site-packages/airflow/example_dags/example_branch_datetime_operator.py took 0.180 seconds
[2022-06-17 13:06:59,574] {processor.py:153} INFO - Started process (PID=18122) to work on /home/jarret/data-engineering-bootcamp/workspace/airflow-code-review/venv/lib/python3.7/site-packages/airflow/example_dags/example_branch_datetime_operator.py
[2022-06-17 13:06:59,580] {processor.py:641} INFO - Processing file /home/jarret/data-engineering-bootcamp/workspace/airflow-code-review/venv/lib/python3.7/site-packages/airflow/example_dags/example_branch_datetime_operator.py for tasks to queue
[2022-06-17 13:06:59,580] {logging_mixin.py:115} INFO - [2022-06-17 13:06:59,580] {dagbag.py:507} INFO - Filling up the DagBag from /home/jarret/data-engineering-bootcamp/workspace/airflow-code-review/venv/lib/python3.7/site-packages/airflow/example_dags/example_branch_datetime_operator.py
[2022-06-17 13:06:59,585] {processor.py:651} INFO - DAG(s) dict_keys(['example_branch_datetime_operator_2']) retrieved from /home/jarret/data-engineering-bootcamp/workspace/airflow-code-review/venv/lib/python3.7/site-packages/airflow/example_dags/example_branch_datetime_operator.py
[2022-06-17 13:06:59,596] {logging_mixin.py:115} INFO - [2022-06-17 13:06:59,596] {dag.py:2379} INFO - Sync 1 DAGs
[2022-06-17 13:06:59,614] {logging_mixin.py:115} INFO - [2022-06-17 13:06:59,614] {dag.py:2931} INFO - Setting next_dagrun for example_branch_datetime_operator_2 to 2022-06-16T00:00:00+00:00, run_after=2022-06-17T00:00:00+00:00
[2022-06-17 13:06:59,730] {processor.py:161} INFO - Processing /home/jarret/data-engineering-bootcamp/workspace/airflow-code-review/venv/lib/python3.7/site-packages/airflow/example_dags/example_branch_datetime_operator.py took 0.159 seconds
[2022-06-17 13:07:50,720] {processor.py:153} INFO - Started process (PID=18230) to work on /home/jarret/data-engineering-bootcamp/workspace/airflow-code-review/venv/lib/python3.7/site-packages/airflow/example_dags/example_branch_datetime_operator.py
[2022-06-17 13:07:50,729] {processor.py:641} INFO - Processing file /home/jarret/data-engineering-bootcamp/workspace/airflow-code-review/venv/lib/python3.7/site-packages/airflow/example_dags/example_branch_datetime_operator.py for tasks to queue
[2022-06-17 13:07:50,730] {logging_mixin.py:115} INFO - [2022-06-17 13:07:50,730] {dagbag.py:507} INFO - Filling up the DagBag from /home/jarret/data-engineering-bootcamp/workspace/airflow-code-review/venv/lib/python3.7/site-packages/airflow/example_dags/example_branch_datetime_operator.py
[2022-06-17 13:07:50,735] {processor.py:651} INFO - DAG(s) dict_keys(['example_branch_datetime_operator_2']) retrieved from /home/jarret/data-engineering-bootcamp/workspace/airflow-code-review/venv/lib/python3.7/site-packages/airflow/example_dags/example_branch_datetime_operator.py
[2022-06-17 13:07:50,746] {logging_mixin.py:115} INFO - [2022-06-17 13:07:50,746] {dag.py:2379} INFO - Sync 1 DAGs
[2022-06-17 13:07:50,764] {logging_mixin.py:115} INFO - [2022-06-17 13:07:50,763] {dag.py:2931} INFO - Setting next_dagrun for example_branch_datetime_operator_2 to 2022-06-16T00:00:00+00:00, run_after=2022-06-17T00:00:00+00:00
[2022-06-17 13:07:50,954] {processor.py:161} INFO - Processing /home/jarret/data-engineering-bootcamp/workspace/airflow-code-review/venv/lib/python3.7/site-packages/airflow/example_dags/example_branch_datetime_operator.py took 0.237 seconds
[2022-06-17 13:08:38,412] {processor.py:153} INFO - Started process (PID=18326) to work on /home/jarret/data-engineering-bootcamp/workspace/airflow-code-review/venv/lib/python3.7/site-packages/airflow/example_dags/example_branch_datetime_operator.py
[2022-06-17 13:08:38,422] {processor.py:641} INFO - Processing file /home/jarret/data-engineering-bootcamp/workspace/airflow-code-review/venv/lib/python3.7/site-packages/airflow/example_dags/example_branch_datetime_operator.py for tasks to queue
[2022-06-17 13:08:38,423] {logging_mixin.py:115} INFO - [2022-06-17 13:08:38,423] {dagbag.py:507} INFO - Filling up the DagBag from /home/jarret/data-engineering-bootcamp/workspace/airflow-code-review/venv/lib/python3.7/site-packages/airflow/example_dags/example_branch_datetime_operator.py
[2022-06-17 13:08:38,431] {processor.py:651} INFO - DAG(s) dict_keys(['example_branch_datetime_operator_2']) retrieved from /home/jarret/data-engineering-bootcamp/workspace/airflow-code-review/venv/lib/python3.7/site-packages/airflow/example_dags/example_branch_datetime_operator.py
[2022-06-17 13:08:38,442] {logging_mixin.py:115} INFO - [2022-06-17 13:08:38,442] {dag.py:2379} INFO - Sync 1 DAGs
[2022-06-17 13:08:38,461] {logging_mixin.py:115} INFO - [2022-06-17 13:08:38,460] {dag.py:2931} INFO - Setting next_dagrun for example_branch_datetime_operator_2 to 2022-06-16T00:00:00+00:00, run_after=2022-06-17T00:00:00+00:00
[2022-06-17 13:08:38,578] {processor.py:161} INFO - Processing /home/jarret/data-engineering-bootcamp/workspace/airflow-code-review/venv/lib/python3.7/site-packages/airflow/example_dags/example_branch_datetime_operator.py took 0.170 seconds
[2022-06-17 13:09:26,516] {processor.py:153} INFO - Started process (PID=18432) to work on /home/jarret/data-engineering-bootcamp/workspace/airflow-code-review/venv/lib/python3.7/site-packages/airflow/example_dags/example_branch_datetime_operator.py
[2022-06-17 13:09:26,557] {processor.py:641} INFO - Processing file /home/jarret/data-engineering-bootcamp/workspace/airflow-code-review/venv/lib/python3.7/site-packages/airflow/example_dags/example_branch_datetime_operator.py for tasks to queue
[2022-06-17 13:09:26,558] {logging_mixin.py:115} INFO - [2022-06-17 13:09:26,558] {dagbag.py:507} INFO - Filling up the DagBag from /home/jarret/data-engineering-bootcamp/workspace/airflow-code-review/venv/lib/python3.7/site-packages/airflow/example_dags/example_branch_datetime_operator.py
[2022-06-17 13:09:26,566] {processor.py:651} INFO - DAG(s) dict_keys(['example_branch_datetime_operator_2']) retrieved from /home/jarret/data-engineering-bootcamp/workspace/airflow-code-review/venv/lib/python3.7/site-packages/airflow/example_dags/example_branch_datetime_operator.py
[2022-06-17 13:09:26,576] {logging_mixin.py:115} INFO - [2022-06-17 13:09:26,576] {dag.py:2379} INFO - Sync 1 DAGs
[2022-06-17 13:09:26,594] {logging_mixin.py:115} INFO - [2022-06-17 13:09:26,594] {dag.py:2931} INFO - Setting next_dagrun for example_branch_datetime_operator_2 to 2022-06-16T00:00:00+00:00, run_after=2022-06-17T00:00:00+00:00
[2022-06-17 13:09:27,201] {processor.py:161} INFO - Processing /home/jarret/data-engineering-bootcamp/workspace/airflow-code-review/venv/lib/python3.7/site-packages/airflow/example_dags/example_branch_datetime_operator.py took 0.689 seconds
[2022-06-17 13:10:20,263] {processor.py:153} INFO - Started process (PID=18496) to work on /home/jarret/data-engineering-bootcamp/workspace/airflow-code-review/venv/lib/python3.7/site-packages/airflow/example_dags/example_branch_datetime_operator.py
[2022-06-17 13:10:20,271] {processor.py:641} INFO - Processing file /home/jarret/data-engineering-bootcamp/workspace/airflow-code-review/venv/lib/python3.7/site-packages/airflow/example_dags/example_branch_datetime_operator.py for tasks to queue
[2022-06-17 13:10:20,271] {logging_mixin.py:115} INFO - [2022-06-17 13:10:20,271] {dagbag.py:507} INFO - Filling up the DagBag from /home/jarret/data-engineering-bootcamp/workspace/airflow-code-review/venv/lib/python3.7/site-packages/airflow/example_dags/example_branch_datetime_operator.py
[2022-06-17 13:10:20,278] {processor.py:651} INFO - DAG(s) dict_keys(['example_branch_datetime_operator_2']) retrieved from /home/jarret/data-engineering-bootcamp/workspace/airflow-code-review/venv/lib/python3.7/site-packages/airflow/example_dags/example_branch_datetime_operator.py
[2022-06-17 13:10:20,290] {logging_mixin.py:115} INFO - [2022-06-17 13:10:20,290] {dag.py:2379} INFO - Sync 1 DAGs
[2022-06-17 13:10:20,310] {logging_mixin.py:115} INFO - [2022-06-17 13:10:20,310] {dag.py:2931} INFO - Setting next_dagrun for example_branch_datetime_operator_2 to 2022-06-16T00:00:00+00:00, run_after=2022-06-17T00:00:00+00:00
[2022-06-17 13:10:20,427] {processor.py:161} INFO - Processing /home/jarret/data-engineering-bootcamp/workspace/airflow-code-review/venv/lib/python3.7/site-packages/airflow/example_dags/example_branch_datetime_operator.py took 0.166 seconds
[2022-06-17 13:11:15,618] {processor.py:153} INFO - Started process (PID=18610) to work on /home/jarret/data-engineering-bootcamp/workspace/airflow-code-review/venv/lib/python3.7/site-packages/airflow/example_dags/example_branch_datetime_operator.py
[2022-06-17 13:11:15,619] {processor.py:641} INFO - Processing file /home/jarret/data-engineering-bootcamp/workspace/airflow-code-review/venv/lib/python3.7/site-packages/airflow/example_dags/example_branch_datetime_operator.py for tasks to queue
[2022-06-17 13:11:15,620] {logging_mixin.py:115} INFO - [2022-06-17 13:11:15,620] {dagbag.py:507} INFO - Filling up the DagBag from /home/jarret/data-engineering-bootcamp/workspace/airflow-code-review/venv/lib/python3.7/site-packages/airflow/example_dags/example_branch_datetime_operator.py
[2022-06-17 13:11:15,631] {processor.py:651} INFO - DAG(s) dict_keys(['example_branch_datetime_operator_2']) retrieved from /home/jarret/data-engineering-bootcamp/workspace/airflow-code-review/venv/lib/python3.7/site-packages/airflow/example_dags/example_branch_datetime_operator.py
[2022-06-17 13:11:15,642] {logging_mixin.py:115} INFO - [2022-06-17 13:11:15,642] {dag.py:2379} INFO - Sync 1 DAGs
[2022-06-17 13:11:15,659] {logging_mixin.py:115} INFO - [2022-06-17 13:11:15,659] {dag.py:2931} INFO - Setting next_dagrun for example_branch_datetime_operator_2 to 2022-06-16T00:00:00+00:00, run_after=2022-06-17T00:00:00+00:00
[2022-06-17 13:11:15,802] {processor.py:161} INFO - Processing /home/jarret/data-engineering-bootcamp/workspace/airflow-code-review/venv/lib/python3.7/site-packages/airflow/example_dags/example_branch_datetime_operator.py took 0.187 seconds
[2022-06-17 13:12:03,883] {processor.py:153} INFO - Started process (PID=18716) to work on /home/jarret/data-engineering-bootcamp/workspace/airflow-code-review/venv/lib/python3.7/site-packages/airflow/example_dags/example_branch_datetime_operator.py
[2022-06-17 13:12:03,907] {processor.py:641} INFO - Processing file /home/jarret/data-engineering-bootcamp/workspace/airflow-code-review/venv/lib/python3.7/site-packages/airflow/example_dags/example_branch_datetime_operator.py for tasks to queue
[2022-06-17 13:12:03,908] {logging_mixin.py:115} INFO - [2022-06-17 13:12:03,908] {dagbag.py:507} INFO - Filling up the DagBag from /home/jarret/data-engineering-bootcamp/workspace/airflow-code-review/venv/lib/python3.7/site-packages/airflow/example_dags/example_branch_datetime_operator.py
[2022-06-17 13:12:03,914] {processor.py:651} INFO - DAG(s) dict_keys(['example_branch_datetime_operator_2']) retrieved from /home/jarret/data-engineering-bootcamp/workspace/airflow-code-review/venv/lib/python3.7/site-packages/airflow/example_dags/example_branch_datetime_operator.py
[2022-06-17 13:12:03,925] {logging_mixin.py:115} INFO - [2022-06-17 13:12:03,925] {dag.py:2379} INFO - Sync 1 DAGs
[2022-06-17 13:12:03,943] {logging_mixin.py:115} INFO - [2022-06-17 13:12:03,943] {dag.py:2931} INFO - Setting next_dagrun for example_branch_datetime_operator_2 to 2022-06-16T00:00:00+00:00, run_after=2022-06-17T00:00:00+00:00
[2022-06-17 13:12:04,250] {processor.py:161} INFO - Processing /home/jarret/data-engineering-bootcamp/workspace/airflow-code-review/venv/lib/python3.7/site-packages/airflow/example_dags/example_branch_datetime_operator.py took 0.370 seconds
[2022-06-17 13:13:09,702] {processor.py:153} INFO - Started process (PID=18837) to work on /home/jarret/data-engineering-bootcamp/workspace/airflow-code-review/venv/lib/python3.7/site-packages/airflow/example_dags/example_branch_datetime_operator.py
[2022-06-17 13:13:09,703] {processor.py:641} INFO - Processing file /home/jarret/data-engineering-bootcamp/workspace/airflow-code-review/venv/lib/python3.7/site-packages/airflow/example_dags/example_branch_datetime_operator.py for tasks to queue
[2022-06-17 13:13:09,704] {logging_mixin.py:115} INFO - [2022-06-17 13:13:09,704] {dagbag.py:507} INFO - Filling up the DagBag from /home/jarret/data-engineering-bootcamp/workspace/airflow-code-review/venv/lib/python3.7/site-packages/airflow/example_dags/example_branch_datetime_operator.py
[2022-06-17 13:13:09,710] {processor.py:651} INFO - DAG(s) dict_keys(['example_branch_datetime_operator_2']) retrieved from /home/jarret/data-engineering-bootcamp/workspace/airflow-code-review/venv/lib/python3.7/site-packages/airflow/example_dags/example_branch_datetime_operator.py
[2022-06-17 13:13:09,721] {logging_mixin.py:115} INFO - [2022-06-17 13:13:09,721] {dag.py:2379} INFO - Sync 1 DAGs
[2022-06-17 13:13:09,739] {logging_mixin.py:115} INFO - [2022-06-17 13:13:09,738] {dag.py:2931} INFO - Setting next_dagrun for example_branch_datetime_operator_2 to 2022-06-16T00:00:00+00:00, run_after=2022-06-17T00:00:00+00:00
[2022-06-17 13:13:09,873] {processor.py:161} INFO - Processing /home/jarret/data-engineering-bootcamp/workspace/airflow-code-review/venv/lib/python3.7/site-packages/airflow/example_dags/example_branch_datetime_operator.py took 0.174 seconds
[2022-06-17 13:14:03,243] {processor.py:153} INFO - Started process (PID=18927) to work on /home/jarret/data-engineering-bootcamp/workspace/airflow-code-review/venv/lib/python3.7/site-packages/airflow/example_dags/example_branch_datetime_operator.py
[2022-06-17 13:14:03,257] {processor.py:641} INFO - Processing file /home/jarret/data-engineering-bootcamp/workspace/airflow-code-review/venv/lib/python3.7/site-packages/airflow/example_dags/example_branch_datetime_operator.py for tasks to queue
[2022-06-17 13:14:03,257] {logging_mixin.py:115} INFO - [2022-06-17 13:14:03,257] {dagbag.py:507} INFO - Filling up the DagBag from /home/jarret/data-engineering-bootcamp/workspace/airflow-code-review/venv/lib/python3.7/site-packages/airflow/example_dags/example_branch_datetime_operator.py
[2022-06-17 13:14:03,262] {processor.py:651} INFO - DAG(s) dict_keys(['example_branch_datetime_operator_2']) retrieved from /home/jarret/data-engineering-bootcamp/workspace/airflow-code-review/venv/lib/python3.7/site-packages/airflow/example_dags/example_branch_datetime_operator.py
[2022-06-17 13:14:03,273] {logging_mixin.py:115} INFO - [2022-06-17 13:14:03,272] {dag.py:2379} INFO - Sync 1 DAGs
[2022-06-17 13:14:03,290] {logging_mixin.py:115} INFO - [2022-06-17 13:14:03,290] {dag.py:2931} INFO - Setting next_dagrun for example_branch_datetime_operator_2 to 2022-06-16T00:00:00+00:00, run_after=2022-06-17T00:00:00+00:00
[2022-06-17 13:14:04,404] {processor.py:161} INFO - Processing /home/jarret/data-engineering-bootcamp/workspace/airflow-code-review/venv/lib/python3.7/site-packages/airflow/example_dags/example_branch_datetime_operator.py took 1.163 seconds
[2022-06-17 13:14:53,115] {processor.py:153} INFO - Started process (PID=18977) to work on /home/jarret/data-engineering-bootcamp/workspace/airflow-code-review/venv/lib/python3.7/site-packages/airflow/example_dags/example_branch_datetime_operator.py
[2022-06-17 13:14:53,138] {processor.py:641} INFO - Processing file /home/jarret/data-engineering-bootcamp/workspace/airflow-code-review/venv/lib/python3.7/site-packages/airflow/example_dags/example_branch_datetime_operator.py for tasks to queue
[2022-06-17 13:14:53,139] {logging_mixin.py:115} INFO - [2022-06-17 13:14:53,139] {dagbag.py:507} INFO - Filling up the DagBag from /home/jarret/data-engineering-bootcamp/workspace/airflow-code-review/venv/lib/python3.7/site-packages/airflow/example_dags/example_branch_datetime_operator.py
[2022-06-17 13:14:53,149] {processor.py:651} INFO - DAG(s) dict_keys(['example_branch_datetime_operator_2']) retrieved from /home/jarret/data-engineering-bootcamp/workspace/airflow-code-review/venv/lib/python3.7/site-packages/airflow/example_dags/example_branch_datetime_operator.py
[2022-06-17 13:14:53,160] {logging_mixin.py:115} INFO - [2022-06-17 13:14:53,160] {dag.py:2379} INFO - Sync 1 DAGs
[2022-06-17 13:14:53,178] {logging_mixin.py:115} INFO - [2022-06-17 13:14:53,178] {dag.py:2931} INFO - Setting next_dagrun for example_branch_datetime_operator_2 to 2022-06-16T00:00:00+00:00, run_after=2022-06-17T00:00:00+00:00
[2022-06-17 13:14:53,568] {processor.py:161} INFO - Processing /home/jarret/data-engineering-bootcamp/workspace/airflow-code-review/venv/lib/python3.7/site-packages/airflow/example_dags/example_branch_datetime_operator.py took 0.457 seconds
[2022-06-17 13:15:45,237] {processor.py:153} INFO - Started process (PID=19023) to work on /home/jarret/data-engineering-bootcamp/workspace/airflow-code-review/venv/lib/python3.7/site-packages/airflow/example_dags/example_branch_datetime_operator.py
[2022-06-17 13:15:45,238] {processor.py:641} INFO - Processing file /home/jarret/data-engineering-bootcamp/workspace/airflow-code-review/venv/lib/python3.7/site-packages/airflow/example_dags/example_branch_datetime_operator.py for tasks to queue
[2022-06-17 13:15:45,239] {logging_mixin.py:115} INFO - [2022-06-17 13:15:45,239] {dagbag.py:507} INFO - Filling up the DagBag from /home/jarret/data-engineering-bootcamp/workspace/airflow-code-review/venv/lib/python3.7/site-packages/airflow/example_dags/example_branch_datetime_operator.py
[2022-06-17 13:15:45,247] {processor.py:651} INFO - DAG(s) dict_keys(['example_branch_datetime_operator_2']) retrieved from /home/jarret/data-engineering-bootcamp/workspace/airflow-code-review/venv/lib/python3.7/site-packages/airflow/example_dags/example_branch_datetime_operator.py
[2022-06-17 13:15:45,257] {logging_mixin.py:115} INFO - [2022-06-17 13:15:45,257] {dag.py:2379} INFO - Sync 1 DAGs
[2022-06-17 13:15:45,275] {logging_mixin.py:115} INFO - [2022-06-17 13:15:45,275] {dag.py:2931} INFO - Setting next_dagrun for example_branch_datetime_operator_2 to 2022-06-16T00:00:00+00:00, run_after=2022-06-17T00:00:00+00:00
[2022-06-17 13:15:45,391] {processor.py:161} INFO - Processing /home/jarret/data-engineering-bootcamp/workspace/airflow-code-review/venv/lib/python3.7/site-packages/airflow/example_dags/example_branch_datetime_operator.py took 0.157 seconds
[2022-06-17 13:16:29,326] {processor.py:153} INFO - Started process (PID=19063) to work on /home/jarret/data-engineering-bootcamp/workspace/airflow-code-review/venv/lib/python3.7/site-packages/airflow/example_dags/example_branch_datetime_operator.py
[2022-06-17 13:16:29,327] {processor.py:641} INFO - Processing file /home/jarret/data-engineering-bootcamp/workspace/airflow-code-review/venv/lib/python3.7/site-packages/airflow/example_dags/example_branch_datetime_operator.py for tasks to queue
[2022-06-17 13:16:29,328] {logging_mixin.py:115} INFO - [2022-06-17 13:16:29,328] {dagbag.py:507} INFO - Filling up the DagBag from /home/jarret/data-engineering-bootcamp/workspace/airflow-code-review/venv/lib/python3.7/site-packages/airflow/example_dags/example_branch_datetime_operator.py
[2022-06-17 13:16:29,337] {processor.py:651} INFO - DAG(s) dict_keys(['example_branch_datetime_operator_2']) retrieved from /home/jarret/data-engineering-bootcamp/workspace/airflow-code-review/venv/lib/python3.7/site-packages/airflow/example_dags/example_branch_datetime_operator.py
[2022-06-17 13:16:29,350] {logging_mixin.py:115} INFO - [2022-06-17 13:16:29,350] {dag.py:2379} INFO - Sync 1 DAGs
[2022-06-17 13:16:29,368] {logging_mixin.py:115} INFO - [2022-06-17 13:16:29,368] {dag.py:2931} INFO - Setting next_dagrun for example_branch_datetime_operator_2 to 2022-06-16T00:00:00+00:00, run_after=2022-06-17T00:00:00+00:00
[2022-06-17 13:16:29,941] {processor.py:161} INFO - Processing /home/jarret/data-engineering-bootcamp/workspace/airflow-code-review/venv/lib/python3.7/site-packages/airflow/example_dags/example_branch_datetime_operator.py took 0.619 seconds
[2022-06-17 13:17:19,399] {processor.py:153} INFO - Started process (PID=19105) to work on /home/jarret/data-engineering-bootcamp/workspace/airflow-code-review/venv/lib/python3.7/site-packages/airflow/example_dags/example_branch_datetime_operator.py
[2022-06-17 13:17:19,406] {processor.py:641} INFO - Processing file /home/jarret/data-engineering-bootcamp/workspace/airflow-code-review/venv/lib/python3.7/site-packages/airflow/example_dags/example_branch_datetime_operator.py for tasks to queue
[2022-06-17 13:17:19,406] {logging_mixin.py:115} INFO - [2022-06-17 13:17:19,406] {dagbag.py:507} INFO - Filling up the DagBag from /home/jarret/data-engineering-bootcamp/workspace/airflow-code-review/venv/lib/python3.7/site-packages/airflow/example_dags/example_branch_datetime_operator.py
[2022-06-17 13:17:19,411] {processor.py:651} INFO - DAG(s) dict_keys(['example_branch_datetime_operator_2']) retrieved from /home/jarret/data-engineering-bootcamp/workspace/airflow-code-review/venv/lib/python3.7/site-packages/airflow/example_dags/example_branch_datetime_operator.py
[2022-06-17 13:17:19,422] {logging_mixin.py:115} INFO - [2022-06-17 13:17:19,422] {dag.py:2379} INFO - Sync 1 DAGs
[2022-06-17 13:17:19,439] {logging_mixin.py:115} INFO - [2022-06-17 13:17:19,439] {dag.py:2931} INFO - Setting next_dagrun for example_branch_datetime_operator_2 to 2022-06-16T00:00:00+00:00, run_after=2022-06-17T00:00:00+00:00
[2022-06-17 13:17:19,579] {processor.py:161} INFO - Processing /home/jarret/data-engineering-bootcamp/workspace/airflow-code-review/venv/lib/python3.7/site-packages/airflow/example_dags/example_branch_datetime_operator.py took 0.183 seconds
[2022-06-17 13:18:20,324] {processor.py:153} INFO - Started process (PID=19177) to work on /home/jarret/data-engineering-bootcamp/workspace/airflow-code-review/venv/lib/python3.7/site-packages/airflow/example_dags/example_branch_datetime_operator.py
[2022-06-17 13:18:20,332] {processor.py:641} INFO - Processing file /home/jarret/data-engineering-bootcamp/workspace/airflow-code-review/venv/lib/python3.7/site-packages/airflow/example_dags/example_branch_datetime_operator.py for tasks to queue
[2022-06-17 13:18:20,333] {logging_mixin.py:115} INFO - [2022-06-17 13:18:20,333] {dagbag.py:507} INFO - Filling up the DagBag from /home/jarret/data-engineering-bootcamp/workspace/airflow-code-review/venv/lib/python3.7/site-packages/airflow/example_dags/example_branch_datetime_operator.py
[2022-06-17 13:18:20,345] {processor.py:651} INFO - DAG(s) dict_keys(['example_branch_datetime_operator_2']) retrieved from /home/jarret/data-engineering-bootcamp/workspace/airflow-code-review/venv/lib/python3.7/site-packages/airflow/example_dags/example_branch_datetime_operator.py
[2022-06-17 13:18:20,358] {logging_mixin.py:115} INFO - [2022-06-17 13:18:20,358] {dag.py:2379} INFO - Sync 1 DAGs
[2022-06-17 13:18:20,379] {logging_mixin.py:115} INFO - [2022-06-17 13:18:20,379] {dag.py:2931} INFO - Setting next_dagrun for example_branch_datetime_operator_2 to 2022-06-16T00:00:00+00:00, run_after=2022-06-17T00:00:00+00:00
[2022-06-17 13:18:21,125] {processor.py:161} INFO - Processing /home/jarret/data-engineering-bootcamp/workspace/airflow-code-review/venv/lib/python3.7/site-packages/airflow/example_dags/example_branch_datetime_operator.py took 0.806 seconds
[2022-06-17 13:19:19,909] {processor.py:153} INFO - Started process (PID=19228) to work on /home/jarret/data-engineering-bootcamp/workspace/airflow-code-review/venv/lib/python3.7/site-packages/airflow/example_dags/example_branch_datetime_operator.py
[2022-06-17 13:19:19,918] {processor.py:641} INFO - Processing file /home/jarret/data-engineering-bootcamp/workspace/airflow-code-review/venv/lib/python3.7/site-packages/airflow/example_dags/example_branch_datetime_operator.py for tasks to queue
[2022-06-17 13:19:19,919] {logging_mixin.py:115} INFO - [2022-06-17 13:19:19,919] {dagbag.py:507} INFO - Filling up the DagBag from /home/jarret/data-engineering-bootcamp/workspace/airflow-code-review/venv/lib/python3.7/site-packages/airflow/example_dags/example_branch_datetime_operator.py
[2022-06-17 13:19:19,924] {processor.py:651} INFO - DAG(s) dict_keys(['example_branch_datetime_operator_2']) retrieved from /home/jarret/data-engineering-bootcamp/workspace/airflow-code-review/venv/lib/python3.7/site-packages/airflow/example_dags/example_branch_datetime_operator.py
[2022-06-17 13:19:19,934] {logging_mixin.py:115} INFO - [2022-06-17 13:19:19,934] {dag.py:2379} INFO - Sync 1 DAGs
[2022-06-17 13:19:19,952] {logging_mixin.py:115} INFO - [2022-06-17 13:19:19,952] {dag.py:2931} INFO - Setting next_dagrun for example_branch_datetime_operator_2 to 2022-06-16T00:00:00+00:00, run_after=2022-06-17T00:00:00+00:00
[2022-06-17 13:19:21,401] {processor.py:161} INFO - Processing /home/jarret/data-engineering-bootcamp/workspace/airflow-code-review/venv/lib/python3.7/site-packages/airflow/example_dags/example_branch_datetime_operator.py took 1.495 seconds
[2022-06-17 13:20:08,973] {processor.py:153} INFO - Started process (PID=19295) to work on /home/jarret/data-engineering-bootcamp/workspace/airflow-code-review/venv/lib/python3.7/site-packages/airflow/example_dags/example_branch_datetime_operator.py
[2022-06-17 13:20:08,974] {processor.py:641} INFO - Processing file /home/jarret/data-engineering-bootcamp/workspace/airflow-code-review/venv/lib/python3.7/site-packages/airflow/example_dags/example_branch_datetime_operator.py for tasks to queue
[2022-06-17 13:20:08,975] {logging_mixin.py:115} INFO - [2022-06-17 13:20:08,975] {dagbag.py:507} INFO - Filling up the DagBag from /home/jarret/data-engineering-bootcamp/workspace/airflow-code-review/venv/lib/python3.7/site-packages/airflow/example_dags/example_branch_datetime_operator.py
[2022-06-17 13:20:08,979] {processor.py:651} INFO - DAG(s) dict_keys(['example_branch_datetime_operator_2']) retrieved from /home/jarret/data-engineering-bootcamp/workspace/airflow-code-review/venv/lib/python3.7/site-packages/airflow/example_dags/example_branch_datetime_operator.py
[2022-06-17 13:20:08,990] {logging_mixin.py:115} INFO - [2022-06-17 13:20:08,990] {dag.py:2379} INFO - Sync 1 DAGs
[2022-06-17 13:20:09,008] {logging_mixin.py:115} INFO - [2022-06-17 13:20:09,008] {dag.py:2931} INFO - Setting next_dagrun for example_branch_datetime_operator_2 to 2022-06-16T00:00:00+00:00, run_after=2022-06-17T00:00:00+00:00
[2022-06-17 13:20:09,125] {processor.py:161} INFO - Processing /home/jarret/data-engineering-bootcamp/workspace/airflow-code-review/venv/lib/python3.7/site-packages/airflow/example_dags/example_branch_datetime_operator.py took 0.155 seconds
[2022-06-17 13:21:16,454] {processor.py:153} INFO - Started process (PID=19425) to work on /home/jarret/data-engineering-bootcamp/workspace/airflow-code-review/venv/lib/python3.7/site-packages/airflow/example_dags/example_branch_datetime_operator.py
[2022-06-17 13:21:16,455] {processor.py:641} INFO - Processing file /home/jarret/data-engineering-bootcamp/workspace/airflow-code-review/venv/lib/python3.7/site-packages/airflow/example_dags/example_branch_datetime_operator.py for tasks to queue
[2022-06-17 13:21:16,456] {logging_mixin.py:115} INFO - [2022-06-17 13:21:16,456] {dagbag.py:507} INFO - Filling up the DagBag from /home/jarret/data-engineering-bootcamp/workspace/airflow-code-review/venv/lib/python3.7/site-packages/airflow/example_dags/example_branch_datetime_operator.py
[2022-06-17 13:21:16,463] {processor.py:651} INFO - DAG(s) dict_keys(['example_branch_datetime_operator_2']) retrieved from /home/jarret/data-engineering-bootcamp/workspace/airflow-code-review/venv/lib/python3.7/site-packages/airflow/example_dags/example_branch_datetime_operator.py
[2022-06-17 13:21:16,475] {logging_mixin.py:115} INFO - [2022-06-17 13:21:16,475] {dag.py:2379} INFO - Sync 1 DAGs
[2022-06-17 13:21:16,495] {logging_mixin.py:115} INFO - [2022-06-17 13:21:16,495] {dag.py:2931} INFO - Setting next_dagrun for example_branch_datetime_operator_2 to 2022-06-16T00:00:00+00:00, run_after=2022-06-17T00:00:00+00:00
[2022-06-17 13:21:16,966] {processor.py:161} INFO - Processing /home/jarret/data-engineering-bootcamp/workspace/airflow-code-review/venv/lib/python3.7/site-packages/airflow/example_dags/example_branch_datetime_operator.py took 0.515 seconds
[2022-06-17 13:22:12,203] {processor.py:153} INFO - Started process (PID=19538) to work on /home/jarret/data-engineering-bootcamp/workspace/airflow-code-review/venv/lib/python3.7/site-packages/airflow/example_dags/example_branch_datetime_operator.py
[2022-06-17 13:22:12,212] {processor.py:641} INFO - Processing file /home/jarret/data-engineering-bootcamp/workspace/airflow-code-review/venv/lib/python3.7/site-packages/airflow/example_dags/example_branch_datetime_operator.py for tasks to queue
[2022-06-17 13:22:12,213] {logging_mixin.py:115} INFO - [2022-06-17 13:22:12,213] {dagbag.py:507} INFO - Filling up the DagBag from /home/jarret/data-engineering-bootcamp/workspace/airflow-code-review/venv/lib/python3.7/site-packages/airflow/example_dags/example_branch_datetime_operator.py
[2022-06-17 13:22:12,219] {processor.py:651} INFO - DAG(s) dict_keys(['example_branch_datetime_operator_2']) retrieved from /home/jarret/data-engineering-bootcamp/workspace/airflow-code-review/venv/lib/python3.7/site-packages/airflow/example_dags/example_branch_datetime_operator.py
[2022-06-17 13:22:12,229] {logging_mixin.py:115} INFO - [2022-06-17 13:22:12,229] {dag.py:2379} INFO - Sync 1 DAGs
[2022-06-17 13:22:12,247] {logging_mixin.py:115} INFO - [2022-06-17 13:22:12,247] {dag.py:2931} INFO - Setting next_dagrun for example_branch_datetime_operator_2 to 2022-06-16T00:00:00+00:00, run_after=2022-06-17T00:00:00+00:00
[2022-06-17 13:22:12,370] {processor.py:161} INFO - Processing /home/jarret/data-engineering-bootcamp/workspace/airflow-code-review/venv/lib/python3.7/site-packages/airflow/example_dags/example_branch_datetime_operator.py took 0.171 seconds
[2022-06-17 13:23:07,980] {processor.py:153} INFO - Started process (PID=19631) to work on /home/jarret/data-engineering-bootcamp/workspace/airflow-code-review/venv/lib/python3.7/site-packages/airflow/example_dags/example_branch_datetime_operator.py
[2022-06-17 13:23:07,981] {processor.py:641} INFO - Processing file /home/jarret/data-engineering-bootcamp/workspace/airflow-code-review/venv/lib/python3.7/site-packages/airflow/example_dags/example_branch_datetime_operator.py for tasks to queue
[2022-06-17 13:23:07,981] {logging_mixin.py:115} INFO - [2022-06-17 13:23:07,981] {dagbag.py:507} INFO - Filling up the DagBag from /home/jarret/data-engineering-bootcamp/workspace/airflow-code-review/venv/lib/python3.7/site-packages/airflow/example_dags/example_branch_datetime_operator.py
[2022-06-17 13:23:07,989] {processor.py:651} INFO - DAG(s) dict_keys(['example_branch_datetime_operator_2']) retrieved from /home/jarret/data-engineering-bootcamp/workspace/airflow-code-review/venv/lib/python3.7/site-packages/airflow/example_dags/example_branch_datetime_operator.py
[2022-06-17 13:23:08,000] {logging_mixin.py:115} INFO - [2022-06-17 13:23:08,000] {dag.py:2379} INFO - Sync 1 DAGs
[2022-06-17 13:23:08,017] {logging_mixin.py:115} INFO - [2022-06-17 13:23:08,017] {dag.py:2931} INFO - Setting next_dagrun for example_branch_datetime_operator_2 to 2022-06-16T00:00:00+00:00, run_after=2022-06-17T00:00:00+00:00
[2022-06-17 13:23:08,139] {processor.py:161} INFO - Processing /home/jarret/data-engineering-bootcamp/workspace/airflow-code-review/venv/lib/python3.7/site-packages/airflow/example_dags/example_branch_datetime_operator.py took 0.162 seconds
[2022-06-17 13:24:18,016] {processor.py:153} INFO - Started process (PID=19769) to work on /home/jarret/data-engineering-bootcamp/workspace/airflow-code-review/venv/lib/python3.7/site-packages/airflow/example_dags/example_branch_datetime_operator.py
[2022-06-17 13:24:18,017] {processor.py:641} INFO - Processing file /home/jarret/data-engineering-bootcamp/workspace/airflow-code-review/venv/lib/python3.7/site-packages/airflow/example_dags/example_branch_datetime_operator.py for tasks to queue
[2022-06-17 13:24:18,018] {logging_mixin.py:115} INFO - [2022-06-17 13:24:18,018] {dagbag.py:507} INFO - Filling up the DagBag from /home/jarret/data-engineering-bootcamp/workspace/airflow-code-review/venv/lib/python3.7/site-packages/airflow/example_dags/example_branch_datetime_operator.py
[2022-06-17 13:24:18,026] {processor.py:651} INFO - DAG(s) dict_keys(['example_branch_datetime_operator_2']) retrieved from /home/jarret/data-engineering-bootcamp/workspace/airflow-code-review/venv/lib/python3.7/site-packages/airflow/example_dags/example_branch_datetime_operator.py
[2022-06-17 13:24:18,037] {logging_mixin.py:115} INFO - [2022-06-17 13:24:18,037] {dag.py:2379} INFO - Sync 1 DAGs
[2022-06-17 13:24:18,055] {logging_mixin.py:115} INFO - [2022-06-17 13:24:18,055] {dag.py:2931} INFO - Setting next_dagrun for example_branch_datetime_operator_2 to 2022-06-16T00:00:00+00:00, run_after=2022-06-17T00:00:00+00:00
[2022-06-17 13:24:19,430] {processor.py:161} INFO - Processing /home/jarret/data-engineering-bootcamp/workspace/airflow-code-review/venv/lib/python3.7/site-packages/airflow/example_dags/example_branch_datetime_operator.py took 1.417 seconds
[2022-06-17 13:25:22,269] {processor.py:153} INFO - Started process (PID=19891) to work on /home/jarret/data-engineering-bootcamp/workspace/airflow-code-review/venv/lib/python3.7/site-packages/airflow/example_dags/example_branch_datetime_operator.py
[2022-06-17 13:25:22,270] {processor.py:641} INFO - Processing file /home/jarret/data-engineering-bootcamp/workspace/airflow-code-review/venv/lib/python3.7/site-packages/airflow/example_dags/example_branch_datetime_operator.py for tasks to queue
[2022-06-17 13:25:22,270] {logging_mixin.py:115} INFO - [2022-06-17 13:25:22,270] {dagbag.py:507} INFO - Filling up the DagBag from /home/jarret/data-engineering-bootcamp/workspace/airflow-code-review/venv/lib/python3.7/site-packages/airflow/example_dags/example_branch_datetime_operator.py
[2022-06-17 13:25:22,282] {processor.py:651} INFO - DAG(s) dict_keys(['example_branch_datetime_operator_2']) retrieved from /home/jarret/data-engineering-bootcamp/workspace/airflow-code-review/venv/lib/python3.7/site-packages/airflow/example_dags/example_branch_datetime_operator.py
[2022-06-17 13:25:22,293] {logging_mixin.py:115} INFO - [2022-06-17 13:25:22,293] {dag.py:2379} INFO - Sync 1 DAGs
[2022-06-17 13:25:22,311] {logging_mixin.py:115} INFO - [2022-06-17 13:25:22,311] {dag.py:2931} INFO - Setting next_dagrun for example_branch_datetime_operator_2 to 2022-06-16T00:00:00+00:00, run_after=2022-06-17T00:00:00+00:00
[2022-06-17 13:25:23,648] {processor.py:161} INFO - Processing /home/jarret/data-engineering-bootcamp/workspace/airflow-code-review/venv/lib/python3.7/site-packages/airflow/example_dags/example_branch_datetime_operator.py took 1.382 seconds
[2022-06-17 13:26:14,306] {processor.py:153} INFO - Started process (PID=19998) to work on /home/jarret/data-engineering-bootcamp/workspace/airflow-code-review/venv/lib/python3.7/site-packages/airflow/example_dags/example_branch_datetime_operator.py
[2022-06-17 13:26:14,308] {processor.py:641} INFO - Processing file /home/jarret/data-engineering-bootcamp/workspace/airflow-code-review/venv/lib/python3.7/site-packages/airflow/example_dags/example_branch_datetime_operator.py for tasks to queue
[2022-06-17 13:26:14,308] {logging_mixin.py:115} INFO - [2022-06-17 13:26:14,308] {dagbag.py:507} INFO - Filling up the DagBag from /home/jarret/data-engineering-bootcamp/workspace/airflow-code-review/venv/lib/python3.7/site-packages/airflow/example_dags/example_branch_datetime_operator.py
[2022-06-17 13:26:14,319] {processor.py:651} INFO - DAG(s) dict_keys(['example_branch_datetime_operator_2']) retrieved from /home/jarret/data-engineering-bootcamp/workspace/airflow-code-review/venv/lib/python3.7/site-packages/airflow/example_dags/example_branch_datetime_operator.py
[2022-06-17 13:26:14,329] {logging_mixin.py:115} INFO - [2022-06-17 13:26:14,329] {dag.py:2379} INFO - Sync 1 DAGs
[2022-06-17 13:26:14,347] {logging_mixin.py:115} INFO - [2022-06-17 13:26:14,347] {dag.py:2931} INFO - Setting next_dagrun for example_branch_datetime_operator_2 to 2022-06-16T00:00:00+00:00, run_after=2022-06-17T00:00:00+00:00
[2022-06-17 13:26:14,783] {processor.py:161} INFO - Processing /home/jarret/data-engineering-bootcamp/workspace/airflow-code-review/venv/lib/python3.7/site-packages/airflow/example_dags/example_branch_datetime_operator.py took 0.480 seconds
[2022-06-17 13:27:01,941] {processor.py:153} INFO - Started process (PID=20096) to work on /home/jarret/data-engineering-bootcamp/workspace/airflow-code-review/venv/lib/python3.7/site-packages/airflow/example_dags/example_branch_datetime_operator.py
[2022-06-17 13:27:01,985] {processor.py:641} INFO - Processing file /home/jarret/data-engineering-bootcamp/workspace/airflow-code-review/venv/lib/python3.7/site-packages/airflow/example_dags/example_branch_datetime_operator.py for tasks to queue
[2022-06-17 13:27:01,986] {logging_mixin.py:115} INFO - [2022-06-17 13:27:01,986] {dagbag.py:507} INFO - Filling up the DagBag from /home/jarret/data-engineering-bootcamp/workspace/airflow-code-review/venv/lib/python3.7/site-packages/airflow/example_dags/example_branch_datetime_operator.py
[2022-06-17 13:27:01,993] {processor.py:651} INFO - DAG(s) dict_keys(['example_branch_datetime_operator_2']) retrieved from /home/jarret/data-engineering-bootcamp/workspace/airflow-code-review/venv/lib/python3.7/site-packages/airflow/example_dags/example_branch_datetime_operator.py
[2022-06-17 13:27:02,003] {logging_mixin.py:115} INFO - [2022-06-17 13:27:02,003] {dag.py:2379} INFO - Sync 1 DAGs
[2022-06-17 13:27:02,021] {logging_mixin.py:115} INFO - [2022-06-17 13:27:02,021] {dag.py:2931} INFO - Setting next_dagrun for example_branch_datetime_operator_2 to 2022-06-16T00:00:00+00:00, run_after=2022-06-17T00:00:00+00:00
[2022-06-17 13:27:03,193] {processor.py:161} INFO - Processing /home/jarret/data-engineering-bootcamp/workspace/airflow-code-review/venv/lib/python3.7/site-packages/airflow/example_dags/example_branch_datetime_operator.py took 1.256 seconds
[2022-06-17 13:28:04,971] {processor.py:153} INFO - Started process (PID=20224) to work on /home/jarret/data-engineering-bootcamp/workspace/airflow-code-review/venv/lib/python3.7/site-packages/airflow/example_dags/example_branch_datetime_operator.py
[2022-06-17 13:28:04,972] {processor.py:641} INFO - Processing file /home/jarret/data-engineering-bootcamp/workspace/airflow-code-review/venv/lib/python3.7/site-packages/airflow/example_dags/example_branch_datetime_operator.py for tasks to queue
[2022-06-17 13:28:04,973] {logging_mixin.py:115} INFO - [2022-06-17 13:28:04,973] {dagbag.py:507} INFO - Filling up the DagBag from /home/jarret/data-engineering-bootcamp/workspace/airflow-code-review/venv/lib/python3.7/site-packages/airflow/example_dags/example_branch_datetime_operator.py
[2022-06-17 13:28:04,983] {processor.py:651} INFO - DAG(s) dict_keys(['example_branch_datetime_operator_2']) retrieved from /home/jarret/data-engineering-bootcamp/workspace/airflow-code-review/venv/lib/python3.7/site-packages/airflow/example_dags/example_branch_datetime_operator.py
[2022-06-17 13:28:04,997] {logging_mixin.py:115} INFO - [2022-06-17 13:28:04,997] {dag.py:2379} INFO - Sync 1 DAGs
[2022-06-17 13:28:05,015] {logging_mixin.py:115} INFO - [2022-06-17 13:28:05,015] {dag.py:2931} INFO - Setting next_dagrun for example_branch_datetime_operator_2 to 2022-06-16T00:00:00+00:00, run_after=2022-06-17T00:00:00+00:00
[2022-06-17 13:28:05,153] {processor.py:161} INFO - Processing /home/jarret/data-engineering-bootcamp/workspace/airflow-code-review/venv/lib/python3.7/site-packages/airflow/example_dags/example_branch_datetime_operator.py took 0.185 seconds
[2022-06-17 13:29:06,729] {processor.py:153} INFO - Started process (PID=20288) to work on /home/jarret/data-engineering-bootcamp/workspace/airflow-code-review/venv/lib/python3.7/site-packages/airflow/example_dags/example_branch_datetime_operator.py
[2022-06-17 13:29:06,730] {processor.py:641} INFO - Processing file /home/jarret/data-engineering-bootcamp/workspace/airflow-code-review/venv/lib/python3.7/site-packages/airflow/example_dags/example_branch_datetime_operator.py for tasks to queue
[2022-06-17 13:29:06,731] {logging_mixin.py:115} INFO - [2022-06-17 13:29:06,731] {dagbag.py:507} INFO - Filling up the DagBag from /home/jarret/data-engineering-bootcamp/workspace/airflow-code-review/venv/lib/python3.7/site-packages/airflow/example_dags/example_branch_datetime_operator.py
[2022-06-17 13:29:06,740] {processor.py:651} INFO - DAG(s) dict_keys(['example_branch_datetime_operator_2']) retrieved from /home/jarret/data-engineering-bootcamp/workspace/airflow-code-review/venv/lib/python3.7/site-packages/airflow/example_dags/example_branch_datetime_operator.py
[2022-06-17 13:29:06,753] {logging_mixin.py:115} INFO - [2022-06-17 13:29:06,753] {dag.py:2379} INFO - Sync 1 DAGs
[2022-06-17 13:29:06,771] {logging_mixin.py:115} INFO - [2022-06-17 13:29:06,771] {dag.py:2931} INFO - Setting next_dagrun for example_branch_datetime_operator_2 to 2022-06-16T00:00:00+00:00, run_after=2022-06-17T00:00:00+00:00
[2022-06-17 13:29:06,905] {processor.py:161} INFO - Processing /home/jarret/data-engineering-bootcamp/workspace/airflow-code-review/venv/lib/python3.7/site-packages/airflow/example_dags/example_branch_datetime_operator.py took 0.180 seconds
[2022-06-17 13:30:00,903] {processor.py:153} INFO - Started process (PID=20537) to work on /home/jarret/data-engineering-bootcamp/workspace/airflow-code-review/venv/lib/python3.7/site-packages/airflow/example_dags/example_branch_datetime_operator.py
[2022-06-17 13:30:00,912] {processor.py:641} INFO - Processing file /home/jarret/data-engineering-bootcamp/workspace/airflow-code-review/venv/lib/python3.7/site-packages/airflow/example_dags/example_branch_datetime_operator.py for tasks to queue
[2022-06-17 13:30:00,912] {logging_mixin.py:115} INFO - [2022-06-17 13:30:00,912] {dagbag.py:507} INFO - Filling up the DagBag from /home/jarret/data-engineering-bootcamp/workspace/airflow-code-review/venv/lib/python3.7/site-packages/airflow/example_dags/example_branch_datetime_operator.py
[2022-06-17 13:30:00,917] {processor.py:651} INFO - DAG(s) dict_keys(['example_branch_datetime_operator_2']) retrieved from /home/jarret/data-engineering-bootcamp/workspace/airflow-code-review/venv/lib/python3.7/site-packages/airflow/example_dags/example_branch_datetime_operator.py
[2022-06-17 13:30:00,927] {logging_mixin.py:115} INFO - [2022-06-17 13:30:00,927] {dag.py:2379} INFO - Sync 1 DAGs
[2022-06-17 13:30:00,945] {logging_mixin.py:115} INFO - [2022-06-17 13:30:00,945] {dag.py:2931} INFO - Setting next_dagrun for example_branch_datetime_operator_2 to 2022-06-16T00:00:00+00:00, run_after=2022-06-17T00:00:00+00:00
[2022-06-17 13:30:01,252] {processor.py:161} INFO - Processing /home/jarret/data-engineering-bootcamp/workspace/airflow-code-review/venv/lib/python3.7/site-packages/airflow/example_dags/example_branch_datetime_operator.py took 0.352 seconds
[2022-06-17 13:31:05,200] {processor.py:153} INFO - Started process (PID=20668) to work on /home/jarret/data-engineering-bootcamp/workspace/airflow-code-review/venv/lib/python3.7/site-packages/airflow/example_dags/example_branch_datetime_operator.py
[2022-06-17 13:31:05,201] {processor.py:641} INFO - Processing file /home/jarret/data-engineering-bootcamp/workspace/airflow-code-review/venv/lib/python3.7/site-packages/airflow/example_dags/example_branch_datetime_operator.py for tasks to queue
[2022-06-17 13:31:05,202] {logging_mixin.py:115} INFO - [2022-06-17 13:31:05,202] {dagbag.py:507} INFO - Filling up the DagBag from /home/jarret/data-engineering-bootcamp/workspace/airflow-code-review/venv/lib/python3.7/site-packages/airflow/example_dags/example_branch_datetime_operator.py
[2022-06-17 13:31:05,211] {processor.py:651} INFO - DAG(s) dict_keys(['example_branch_datetime_operator_2']) retrieved from /home/jarret/data-engineering-bootcamp/workspace/airflow-code-review/venv/lib/python3.7/site-packages/airflow/example_dags/example_branch_datetime_operator.py
[2022-06-17 13:31:05,224] {logging_mixin.py:115} INFO - [2022-06-17 13:31:05,224] {dag.py:2379} INFO - Sync 1 DAGs
[2022-06-17 13:31:05,242] {logging_mixin.py:115} INFO - [2022-06-17 13:31:05,241] {dag.py:2931} INFO - Setting next_dagrun for example_branch_datetime_operator_2 to 2022-06-16T00:00:00+00:00, run_after=2022-06-17T00:00:00+00:00
[2022-06-17 13:31:05,378] {processor.py:161} INFO - Processing /home/jarret/data-engineering-bootcamp/workspace/airflow-code-review/venv/lib/python3.7/site-packages/airflow/example_dags/example_branch_datetime_operator.py took 0.181 seconds
[2022-06-17 13:31:59,526] {processor.py:153} INFO - Started process (PID=21542) to work on /home/jarret/data-engineering-bootcamp/workspace/airflow-code-review/venv/lib/python3.7/site-packages/airflow/example_dags/example_branch_datetime_operator.py
[2022-06-17 13:31:59,527] {processor.py:641} INFO - Processing file /home/jarret/data-engineering-bootcamp/workspace/airflow-code-review/venv/lib/python3.7/site-packages/airflow/example_dags/example_branch_datetime_operator.py for tasks to queue
[2022-06-17 13:31:59,528] {logging_mixin.py:115} INFO - [2022-06-17 13:31:59,528] {dagbag.py:507} INFO - Filling up the DagBag from /home/jarret/data-engineering-bootcamp/workspace/airflow-code-review/venv/lib/python3.7/site-packages/airflow/example_dags/example_branch_datetime_operator.py
[2022-06-17 13:31:59,535] {processor.py:651} INFO - DAG(s) dict_keys(['example_branch_datetime_operator_2']) retrieved from /home/jarret/data-engineering-bootcamp/workspace/airflow-code-review/venv/lib/python3.7/site-packages/airflow/example_dags/example_branch_datetime_operator.py
[2022-06-17 13:31:59,546] {logging_mixin.py:115} INFO - [2022-06-17 13:31:59,546] {dag.py:2379} INFO - Sync 1 DAGs
[2022-06-17 13:31:59,563] {logging_mixin.py:115} INFO - [2022-06-17 13:31:59,563] {dag.py:2931} INFO - Setting next_dagrun for example_branch_datetime_operator_2 to 2022-06-16T00:00:00+00:00, run_after=2022-06-17T00:00:00+00:00
[2022-06-17 13:31:59,691] {processor.py:161} INFO - Processing /home/jarret/data-engineering-bootcamp/workspace/airflow-code-review/venv/lib/python3.7/site-packages/airflow/example_dags/example_branch_datetime_operator.py took 0.168 seconds
[2022-06-17 13:32:58,465] {processor.py:153} INFO - Started process (PID=22303) to work on /home/jarret/data-engineering-bootcamp/workspace/airflow-code-review/venv/lib/python3.7/site-packages/airflow/example_dags/example_branch_datetime_operator.py
[2022-06-17 13:32:58,466] {processor.py:641} INFO - Processing file /home/jarret/data-engineering-bootcamp/workspace/airflow-code-review/venv/lib/python3.7/site-packages/airflow/example_dags/example_branch_datetime_operator.py for tasks to queue
[2022-06-17 13:32:58,467] {logging_mixin.py:115} INFO - [2022-06-17 13:32:58,467] {dagbag.py:507} INFO - Filling up the DagBag from /home/jarret/data-engineering-bootcamp/workspace/airflow-code-review/venv/lib/python3.7/site-packages/airflow/example_dags/example_branch_datetime_operator.py
[2022-06-17 13:32:58,478] {processor.py:651} INFO - DAG(s) dict_keys(['example_branch_datetime_operator_2']) retrieved from /home/jarret/data-engineering-bootcamp/workspace/airflow-code-review/venv/lib/python3.7/site-packages/airflow/example_dags/example_branch_datetime_operator.py
[2022-06-17 13:32:58,491] {logging_mixin.py:115} INFO - [2022-06-17 13:32:58,490] {dag.py:2379} INFO - Sync 1 DAGs
[2022-06-17 13:32:58,509] {logging_mixin.py:115} INFO - [2022-06-17 13:32:58,509] {dag.py:2931} INFO - Setting next_dagrun for example_branch_datetime_operator_2 to 2022-06-16T00:00:00+00:00, run_after=2022-06-17T00:00:00+00:00
[2022-06-17 13:32:58,677] {processor.py:161} INFO - Processing /home/jarret/data-engineering-bootcamp/workspace/airflow-code-review/venv/lib/python3.7/site-packages/airflow/example_dags/example_branch_datetime_operator.py took 0.216 seconds
[2022-06-17 13:33:55,463] {processor.py:153} INFO - Started process (PID=23039) to work on /home/jarret/data-engineering-bootcamp/workspace/airflow-code-review/venv/lib/python3.7/site-packages/airflow/example_dags/example_branch_datetime_operator.py
[2022-06-17 13:33:55,464] {processor.py:641} INFO - Processing file /home/jarret/data-engineering-bootcamp/workspace/airflow-code-review/venv/lib/python3.7/site-packages/airflow/example_dags/example_branch_datetime_operator.py for tasks to queue
[2022-06-17 13:33:55,465] {logging_mixin.py:115} INFO - [2022-06-17 13:33:55,465] {dagbag.py:507} INFO - Filling up the DagBag from /home/jarret/data-engineering-bootcamp/workspace/airflow-code-review/venv/lib/python3.7/site-packages/airflow/example_dags/example_branch_datetime_operator.py
[2022-06-17 13:33:55,470] {processor.py:651} INFO - DAG(s) dict_keys(['example_branch_datetime_operator_2']) retrieved from /home/jarret/data-engineering-bootcamp/workspace/airflow-code-review/venv/lib/python3.7/site-packages/airflow/example_dags/example_branch_datetime_operator.py
[2022-06-17 13:33:55,483] {logging_mixin.py:115} INFO - [2022-06-17 13:33:55,483] {dag.py:2379} INFO - Sync 1 DAGs
[2022-06-17 13:33:55,504] {logging_mixin.py:115} INFO - [2022-06-17 13:33:55,503] {dag.py:2931} INFO - Setting next_dagrun for example_branch_datetime_operator_2 to 2022-06-16T00:00:00+00:00, run_after=2022-06-17T00:00:00+00:00
[2022-06-17 13:33:55,863] {processor.py:161} INFO - Processing /home/jarret/data-engineering-bootcamp/workspace/airflow-code-review/venv/lib/python3.7/site-packages/airflow/example_dags/example_branch_datetime_operator.py took 0.401 seconds
