[2022-06-17 12:37:07,814] {processor.py:153} INFO - Started process (PID=15717) to work on /home/jarret/data-engineering-bootcamp/workspace/airflow-code-review/venv/lib/python3.7/site-packages/airflow/example_dags/example_latest_only.py
[2022-06-17 12:37:07,815] {processor.py:641} INFO - Processing file /home/jarret/data-engineering-bootcamp/workspace/airflow-code-review/venv/lib/python3.7/site-packages/airflow/example_dags/example_latest_only.py for tasks to queue
[2022-06-17 12:37:07,815] {logging_mixin.py:115} INFO - [2022-06-17 12:37:07,815] {dagbag.py:507} INFO - Filling up the DagBag from /home/jarret/data-engineering-bootcamp/workspace/airflow-code-review/venv/lib/python3.7/site-packages/airflow/example_dags/example_latest_only.py
[2022-06-17 12:37:07,818] {processor.py:651} INFO - DAG(s) dict_keys(['latest_only']) retrieved from /home/jarret/data-engineering-bootcamp/workspace/airflow-code-review/venv/lib/python3.7/site-packages/airflow/example_dags/example_latest_only.py
[2022-06-17 12:37:08,306] {logging_mixin.py:115} INFO - [2022-06-17 12:37:08,306] {manager.py:508} INFO - Created Permission View: can read on DAG:latest_only
[2022-06-17 12:37:08,440] {logging_mixin.py:115} INFO - [2022-06-17 12:37:08,440] {manager.py:508} INFO - Created Permission View: can delete on DAG:latest_only
[2022-06-17 12:37:08,556] {logging_mixin.py:115} INFO - [2022-06-17 12:37:08,556] {manager.py:508} INFO - Created Permission View: can edit on DAG:latest_only
[2022-06-17 12:37:08,556] {logging_mixin.py:115} INFO - [2022-06-17 12:37:08,556] {dag.py:2379} INFO - Sync 1 DAGs
[2022-06-17 12:37:08,563] {logging_mixin.py:115} INFO - [2022-06-17 12:37:08,563] {dag.py:2398} INFO - Creating ORM DAG for latest_only
[2022-06-17 12:37:08,571] {logging_mixin.py:115} INFO - [2022-06-17 12:37:08,571] {dag.py:2931} INFO - Setting next_dagrun for latest_only to 2022-06-17T15:37:08.571656+00:00, run_after=2022-06-17T19:37:08.571656+00:00
[2022-06-17 12:37:08,714] {processor.py:161} INFO - Processing /home/jarret/data-engineering-bootcamp/workspace/airflow-code-review/venv/lib/python3.7/site-packages/airflow/example_dags/example_latest_only.py took 0.903 seconds
[2022-06-17 12:38:16,003] {processor.py:153} INFO - Started process (PID=15775) to work on /home/jarret/data-engineering-bootcamp/workspace/airflow-code-review/venv/lib/python3.7/site-packages/airflow/example_dags/example_latest_only.py
[2022-06-17 12:38:16,581] {processor.py:641} INFO - Processing file /home/jarret/data-engineering-bootcamp/workspace/airflow-code-review/venv/lib/python3.7/site-packages/airflow/example_dags/example_latest_only.py for tasks to queue
[2022-06-17 12:38:16,582] {logging_mixin.py:115} INFO - [2022-06-17 12:38:16,582] {dagbag.py:507} INFO - Filling up the DagBag from /home/jarret/data-engineering-bootcamp/workspace/airflow-code-review/venv/lib/python3.7/site-packages/airflow/example_dags/example_latest_only.py
[2022-06-17 12:38:16,589] {processor.py:651} INFO - DAG(s) dict_keys(['latest_only']) retrieved from /home/jarret/data-engineering-bootcamp/workspace/airflow-code-review/venv/lib/python3.7/site-packages/airflow/example_dags/example_latest_only.py
[2022-06-17 12:38:16,599] {logging_mixin.py:115} INFO - [2022-06-17 12:38:16,599] {dag.py:2379} INFO - Sync 1 DAGs
[2022-06-17 12:38:16,615] {logging_mixin.py:115} INFO - [2022-06-17 12:38:16,615] {dag.py:2931} INFO - Setting next_dagrun for latest_only to 2022-06-17T15:38:16.614968+00:00, run_after=2022-06-17T19:38:16.614968+00:00
[2022-06-17 12:38:16,755] {processor.py:161} INFO - Processing /home/jarret/data-engineering-bootcamp/workspace/airflow-code-review/venv/lib/python3.7/site-packages/airflow/example_dags/example_latest_only.py took 0.756 seconds
[2022-06-17 12:39:14,713] {processor.py:153} INFO - Started process (PID=15826) to work on /home/jarret/data-engineering-bootcamp/workspace/airflow-code-review/venv/lib/python3.7/site-packages/airflow/example_dags/example_latest_only.py
[2022-06-17 12:39:14,714] {processor.py:641} INFO - Processing file /home/jarret/data-engineering-bootcamp/workspace/airflow-code-review/venv/lib/python3.7/site-packages/airflow/example_dags/example_latest_only.py for tasks to queue
[2022-06-17 12:39:14,715] {logging_mixin.py:115} INFO - [2022-06-17 12:39:14,715] {dagbag.py:507} INFO - Filling up the DagBag from /home/jarret/data-engineering-bootcamp/workspace/airflow-code-review/venv/lib/python3.7/site-packages/airflow/example_dags/example_latest_only.py
[2022-06-17 12:39:14,718] {processor.py:651} INFO - DAG(s) dict_keys(['latest_only']) retrieved from /home/jarret/data-engineering-bootcamp/workspace/airflow-code-review/venv/lib/python3.7/site-packages/airflow/example_dags/example_latest_only.py
[2022-06-17 12:39:14,728] {logging_mixin.py:115} INFO - [2022-06-17 12:39:14,728] {dag.py:2379} INFO - Sync 1 DAGs
[2022-06-17 12:39:14,743] {logging_mixin.py:115} INFO - [2022-06-17 12:39:14,743] {dag.py:2931} INFO - Setting next_dagrun for latest_only to 2022-06-17T15:39:14.743629+00:00, run_after=2022-06-17T19:39:14.743629+00:00
[2022-06-17 12:39:15,967] {processor.py:161} INFO - Processing /home/jarret/data-engineering-bootcamp/workspace/airflow-code-review/venv/lib/python3.7/site-packages/airflow/example_dags/example_latest_only.py took 1.257 seconds
[2022-06-17 12:40:20,089] {processor.py:153} INFO - Started process (PID=15876) to work on /home/jarret/data-engineering-bootcamp/workspace/airflow-code-review/venv/lib/python3.7/site-packages/airflow/example_dags/example_latest_only.py
[2022-06-17 12:40:20,223] {processor.py:641} INFO - Processing file /home/jarret/data-engineering-bootcamp/workspace/airflow-code-review/venv/lib/python3.7/site-packages/airflow/example_dags/example_latest_only.py for tasks to queue
[2022-06-17 12:40:20,224] {logging_mixin.py:115} INFO - [2022-06-17 12:40:20,224] {dagbag.py:507} INFO - Filling up the DagBag from /home/jarret/data-engineering-bootcamp/workspace/airflow-code-review/venv/lib/python3.7/site-packages/airflow/example_dags/example_latest_only.py
[2022-06-17 12:40:20,230] {processor.py:651} INFO - DAG(s) dict_keys(['latest_only']) retrieved from /home/jarret/data-engineering-bootcamp/workspace/airflow-code-review/venv/lib/python3.7/site-packages/airflow/example_dags/example_latest_only.py
[2022-06-17 12:40:20,242] {logging_mixin.py:115} INFO - [2022-06-17 12:40:20,242] {dag.py:2379} INFO - Sync 1 DAGs
[2022-06-17 12:40:20,257] {logging_mixin.py:115} INFO - [2022-06-17 12:40:20,257] {dag.py:2931} INFO - Setting next_dagrun for latest_only to 2022-06-17T15:40:20.257129+00:00, run_after=2022-06-17T19:40:20.257129+00:00
[2022-06-17 12:40:21,284] {processor.py:161} INFO - Processing /home/jarret/data-engineering-bootcamp/workspace/airflow-code-review/venv/lib/python3.7/site-packages/airflow/example_dags/example_latest_only.py took 1.197 seconds
[2022-06-17 12:41:21,256] {processor.py:153} INFO - Started process (PID=15974) to work on /home/jarret/data-engineering-bootcamp/workspace/airflow-code-review/venv/lib/python3.7/site-packages/airflow/example_dags/example_latest_only.py
[2022-06-17 12:41:21,263] {processor.py:641} INFO - Processing file /home/jarret/data-engineering-bootcamp/workspace/airflow-code-review/venv/lib/python3.7/site-packages/airflow/example_dags/example_latest_only.py for tasks to queue
[2022-06-17 12:41:21,264] {logging_mixin.py:115} INFO - [2022-06-17 12:41:21,264] {dagbag.py:507} INFO - Filling up the DagBag from /home/jarret/data-engineering-bootcamp/workspace/airflow-code-review/venv/lib/python3.7/site-packages/airflow/example_dags/example_latest_only.py
[2022-06-17 12:41:21,270] {processor.py:651} INFO - DAG(s) dict_keys(['latest_only']) retrieved from /home/jarret/data-engineering-bootcamp/workspace/airflow-code-review/venv/lib/python3.7/site-packages/airflow/example_dags/example_latest_only.py
[2022-06-17 12:41:21,280] {logging_mixin.py:115} INFO - [2022-06-17 12:41:21,280] {dag.py:2379} INFO - Sync 1 DAGs
[2022-06-17 12:41:21,296] {logging_mixin.py:115} INFO - [2022-06-17 12:41:21,296] {dag.py:2931} INFO - Setting next_dagrun for latest_only to 2022-06-17T15:41:21.295990+00:00, run_after=2022-06-17T19:41:21.295990+00:00
[2022-06-17 12:41:21,419] {processor.py:161} INFO - Processing /home/jarret/data-engineering-bootcamp/workspace/airflow-code-review/venv/lib/python3.7/site-packages/airflow/example_dags/example_latest_only.py took 0.164 seconds
[2022-06-17 12:42:13,764] {processor.py:153} INFO - Started process (PID=16014) to work on /home/jarret/data-engineering-bootcamp/workspace/airflow-code-review/venv/lib/python3.7/site-packages/airflow/example_dags/example_latest_only.py
[2022-06-17 12:42:13,787] {processor.py:641} INFO - Processing file /home/jarret/data-engineering-bootcamp/workspace/airflow-code-review/venv/lib/python3.7/site-packages/airflow/example_dags/example_latest_only.py for tasks to queue
[2022-06-17 12:42:13,787] {logging_mixin.py:115} INFO - [2022-06-17 12:42:13,787] {dagbag.py:507} INFO - Filling up the DagBag from /home/jarret/data-engineering-bootcamp/workspace/airflow-code-review/venv/lib/python3.7/site-packages/airflow/example_dags/example_latest_only.py
[2022-06-17 12:42:13,791] {processor.py:651} INFO - DAG(s) dict_keys(['latest_only']) retrieved from /home/jarret/data-engineering-bootcamp/workspace/airflow-code-review/venv/lib/python3.7/site-packages/airflow/example_dags/example_latest_only.py
[2022-06-17 12:42:13,804] {logging_mixin.py:115} INFO - [2022-06-17 12:42:13,804] {dag.py:2379} INFO - Sync 1 DAGs
[2022-06-17 12:42:13,819] {logging_mixin.py:115} INFO - [2022-06-17 12:42:13,819] {dag.py:2931} INFO - Setting next_dagrun for latest_only to 2022-06-17T15:42:13.818972+00:00, run_after=2022-06-17T19:42:13.818972+00:00
[2022-06-17 12:42:14,283] {processor.py:161} INFO - Processing /home/jarret/data-engineering-bootcamp/workspace/airflow-code-review/venv/lib/python3.7/site-packages/airflow/example_dags/example_latest_only.py took 0.522 seconds
[2022-06-17 12:43:43,985] {processor.py:153} INFO - Started process (PID=16180) to work on /home/jarret/data-engineering-bootcamp/workspace/airflow-code-review/venv/lib/python3.7/site-packages/airflow/example_dags/example_latest_only.py
[2022-06-17 12:43:43,992] {processor.py:641} INFO - Processing file /home/jarret/data-engineering-bootcamp/workspace/airflow-code-review/venv/lib/python3.7/site-packages/airflow/example_dags/example_latest_only.py for tasks to queue
[2022-06-17 12:43:43,992] {logging_mixin.py:115} INFO - [2022-06-17 12:43:43,992] {dagbag.py:507} INFO - Filling up the DagBag from /home/jarret/data-engineering-bootcamp/workspace/airflow-code-review/venv/lib/python3.7/site-packages/airflow/example_dags/example_latest_only.py
[2022-06-17 12:43:43,996] {processor.py:651} INFO - DAG(s) dict_keys(['latest_only']) retrieved from /home/jarret/data-engineering-bootcamp/workspace/airflow-code-review/venv/lib/python3.7/site-packages/airflow/example_dags/example_latest_only.py
[2022-06-17 12:43:44,007] {logging_mixin.py:115} INFO - [2022-06-17 12:43:44,007] {dag.py:2379} INFO - Sync 1 DAGs
[2022-06-17 12:43:44,023] {logging_mixin.py:115} INFO - [2022-06-17 12:43:44,023] {dag.py:2931} INFO - Setting next_dagrun for latest_only to 2022-06-17T15:43:44.023311+00:00, run_after=2022-06-17T19:43:44.023311+00:00
[2022-06-17 12:43:45,107] {processor.py:161} INFO - Processing /home/jarret/data-engineering-bootcamp/workspace/airflow-code-review/venv/lib/python3.7/site-packages/airflow/example_dags/example_latest_only.py took 1.124 seconds
[2022-06-17 12:44:48,399] {processor.py:153} INFO - Started process (PID=16271) to work on /home/jarret/data-engineering-bootcamp/workspace/airflow-code-review/venv/lib/python3.7/site-packages/airflow/example_dags/example_latest_only.py
[2022-06-17 12:44:48,424] {processor.py:641} INFO - Processing file /home/jarret/data-engineering-bootcamp/workspace/airflow-code-review/venv/lib/python3.7/site-packages/airflow/example_dags/example_latest_only.py for tasks to queue
[2022-06-17 12:44:48,424] {logging_mixin.py:115} INFO - [2022-06-17 12:44:48,424] {dagbag.py:507} INFO - Filling up the DagBag from /home/jarret/data-engineering-bootcamp/workspace/airflow-code-review/venv/lib/python3.7/site-packages/airflow/example_dags/example_latest_only.py
[2022-06-17 12:44:48,428] {processor.py:651} INFO - DAG(s) dict_keys(['latest_only']) retrieved from /home/jarret/data-engineering-bootcamp/workspace/airflow-code-review/venv/lib/python3.7/site-packages/airflow/example_dags/example_latest_only.py
[2022-06-17 12:44:48,441] {logging_mixin.py:115} INFO - [2022-06-17 12:44:48,441] {dag.py:2379} INFO - Sync 1 DAGs
[2022-06-17 12:44:48,456] {logging_mixin.py:115} INFO - [2022-06-17 12:44:48,456] {dag.py:2931} INFO - Setting next_dagrun for latest_only to 2022-06-17T15:44:48.456448+00:00, run_after=2022-06-17T19:44:48.456448+00:00
[2022-06-17 12:44:49,632] {processor.py:161} INFO - Processing /home/jarret/data-engineering-bootcamp/workspace/airflow-code-review/venv/lib/python3.7/site-packages/airflow/example_dags/example_latest_only.py took 1.236 seconds
[2022-06-17 12:45:52,877] {processor.py:153} INFO - Started process (PID=16387) to work on /home/jarret/data-engineering-bootcamp/workspace/airflow-code-review/venv/lib/python3.7/site-packages/airflow/example_dags/example_latest_only.py
[2022-06-17 12:45:52,878] {processor.py:641} INFO - Processing file /home/jarret/data-engineering-bootcamp/workspace/airflow-code-review/venv/lib/python3.7/site-packages/airflow/example_dags/example_latest_only.py for tasks to queue
[2022-06-17 12:45:52,878] {logging_mixin.py:115} INFO - [2022-06-17 12:45:52,878] {dagbag.py:507} INFO - Filling up the DagBag from /home/jarret/data-engineering-bootcamp/workspace/airflow-code-review/venv/lib/python3.7/site-packages/airflow/example_dags/example_latest_only.py
[2022-06-17 12:45:52,881] {processor.py:651} INFO - DAG(s) dict_keys(['latest_only']) retrieved from /home/jarret/data-engineering-bootcamp/workspace/airflow-code-review/venv/lib/python3.7/site-packages/airflow/example_dags/example_latest_only.py
[2022-06-17 12:45:52,893] {logging_mixin.py:115} INFO - [2022-06-17 12:45:52,893] {dag.py:2379} INFO - Sync 1 DAGs
[2022-06-17 12:45:52,909] {logging_mixin.py:115} INFO - [2022-06-17 12:45:52,909] {dag.py:2931} INFO - Setting next_dagrun for latest_only to 2022-06-17T15:45:52.909231+00:00, run_after=2022-06-17T19:45:52.909231+00:00
[2022-06-17 12:45:53,767] {processor.py:161} INFO - Processing /home/jarret/data-engineering-bootcamp/workspace/airflow-code-review/venv/lib/python3.7/site-packages/airflow/example_dags/example_latest_only.py took 0.893 seconds
[2022-06-17 12:47:05,186] {processor.py:153} INFO - Started process (PID=16487) to work on /home/jarret/data-engineering-bootcamp/workspace/airflow-code-review/venv/lib/python3.7/site-packages/airflow/example_dags/example_latest_only.py
[2022-06-17 12:47:05,187] {processor.py:641} INFO - Processing file /home/jarret/data-engineering-bootcamp/workspace/airflow-code-review/venv/lib/python3.7/site-packages/airflow/example_dags/example_latest_only.py for tasks to queue
[2022-06-17 12:47:05,188] {logging_mixin.py:115} INFO - [2022-06-17 12:47:05,188] {dagbag.py:507} INFO - Filling up the DagBag from /home/jarret/data-engineering-bootcamp/workspace/airflow-code-review/venv/lib/python3.7/site-packages/airflow/example_dags/example_latest_only.py
[2022-06-17 12:47:05,192] {processor.py:651} INFO - DAG(s) dict_keys(['latest_only']) retrieved from /home/jarret/data-engineering-bootcamp/workspace/airflow-code-review/venv/lib/python3.7/site-packages/airflow/example_dags/example_latest_only.py
[2022-06-17 12:47:05,203] {logging_mixin.py:115} INFO - [2022-06-17 12:47:05,203] {dag.py:2379} INFO - Sync 1 DAGs
[2022-06-17 12:47:05,218] {logging_mixin.py:115} INFO - [2022-06-17 12:47:05,218] {dag.py:2931} INFO - Setting next_dagrun for latest_only to 2022-06-17T15:47:05.218581+00:00, run_after=2022-06-17T19:47:05.218581+00:00
[2022-06-17 12:47:06,149] {processor.py:161} INFO - Processing /home/jarret/data-engineering-bootcamp/workspace/airflow-code-review/venv/lib/python3.7/site-packages/airflow/example_dags/example_latest_only.py took 0.965 seconds
[2022-06-17 12:48:09,401] {processor.py:153} INFO - Started process (PID=16530) to work on /home/jarret/data-engineering-bootcamp/workspace/airflow-code-review/venv/lib/python3.7/site-packages/airflow/example_dags/example_latest_only.py
[2022-06-17 12:48:09,406] {processor.py:641} INFO - Processing file /home/jarret/data-engineering-bootcamp/workspace/airflow-code-review/venv/lib/python3.7/site-packages/airflow/example_dags/example_latest_only.py for tasks to queue
[2022-06-17 12:48:09,406] {logging_mixin.py:115} INFO - [2022-06-17 12:48:09,406] {dagbag.py:507} INFO - Filling up the DagBag from /home/jarret/data-engineering-bootcamp/workspace/airflow-code-review/venv/lib/python3.7/site-packages/airflow/example_dags/example_latest_only.py
[2022-06-17 12:48:09,409] {processor.py:651} INFO - DAG(s) dict_keys(['latest_only']) retrieved from /home/jarret/data-engineering-bootcamp/workspace/airflow-code-review/venv/lib/python3.7/site-packages/airflow/example_dags/example_latest_only.py
[2022-06-17 12:48:09,420] {logging_mixin.py:115} INFO - [2022-06-17 12:48:09,420] {dag.py:2379} INFO - Sync 1 DAGs
[2022-06-17 12:48:09,436] {logging_mixin.py:115} INFO - [2022-06-17 12:48:09,436] {dag.py:2931} INFO - Setting next_dagrun for latest_only to 2022-06-17T15:48:09.436021+00:00, run_after=2022-06-17T19:48:09.436021+00:00
[2022-06-17 12:48:10,199] {processor.py:161} INFO - Processing /home/jarret/data-engineering-bootcamp/workspace/airflow-code-review/venv/lib/python3.7/site-packages/airflow/example_dags/example_latest_only.py took 0.800 seconds
[2022-06-17 12:49:29,633] {processor.py:153} INFO - Started process (PID=16642) to work on /home/jarret/data-engineering-bootcamp/workspace/airflow-code-review/venv/lib/python3.7/site-packages/airflow/example_dags/example_latest_only.py
[2022-06-17 12:49:29,658] {processor.py:641} INFO - Processing file /home/jarret/data-engineering-bootcamp/workspace/airflow-code-review/venv/lib/python3.7/site-packages/airflow/example_dags/example_latest_only.py for tasks to queue
[2022-06-17 12:49:29,658] {logging_mixin.py:115} INFO - [2022-06-17 12:49:29,658] {dagbag.py:507} INFO - Filling up the DagBag from /home/jarret/data-engineering-bootcamp/workspace/airflow-code-review/venv/lib/python3.7/site-packages/airflow/example_dags/example_latest_only.py
[2022-06-17 12:49:29,662] {processor.py:651} INFO - DAG(s) dict_keys(['latest_only']) retrieved from /home/jarret/data-engineering-bootcamp/workspace/airflow-code-review/venv/lib/python3.7/site-packages/airflow/example_dags/example_latest_only.py
[2022-06-17 12:49:29,675] {logging_mixin.py:115} INFO - [2022-06-17 12:49:29,675] {dag.py:2379} INFO - Sync 1 DAGs
[2022-06-17 12:49:29,690] {logging_mixin.py:115} INFO - [2022-06-17 12:49:29,690] {dag.py:2931} INFO - Setting next_dagrun for latest_only to 2022-06-17T15:49:29.690366+00:00, run_after=2022-06-17T19:49:29.690366+00:00
[2022-06-17 12:49:31,099] {processor.py:161} INFO - Processing /home/jarret/data-engineering-bootcamp/workspace/airflow-code-review/venv/lib/python3.7/site-packages/airflow/example_dags/example_latest_only.py took 1.469 seconds
[2022-06-17 12:50:29,717] {processor.py:153} INFO - Started process (PID=16742) to work on /home/jarret/data-engineering-bootcamp/workspace/airflow-code-review/venv/lib/python3.7/site-packages/airflow/example_dags/example_latest_only.py
[2022-06-17 12:50:29,744] {processor.py:641} INFO - Processing file /home/jarret/data-engineering-bootcamp/workspace/airflow-code-review/venv/lib/python3.7/site-packages/airflow/example_dags/example_latest_only.py for tasks to queue
[2022-06-17 12:50:29,744] {logging_mixin.py:115} INFO - [2022-06-17 12:50:29,744] {dagbag.py:507} INFO - Filling up the DagBag from /home/jarret/data-engineering-bootcamp/workspace/airflow-code-review/venv/lib/python3.7/site-packages/airflow/example_dags/example_latest_only.py
[2022-06-17 12:50:29,747] {processor.py:651} INFO - DAG(s) dict_keys(['latest_only']) retrieved from /home/jarret/data-engineering-bootcamp/workspace/airflow-code-review/venv/lib/python3.7/site-packages/airflow/example_dags/example_latest_only.py
[2022-06-17 12:50:29,758] {logging_mixin.py:115} INFO - [2022-06-17 12:50:29,758] {dag.py:2379} INFO - Sync 1 DAGs
[2022-06-17 12:50:29,773] {logging_mixin.py:115} INFO - [2022-06-17 12:50:29,773] {dag.py:2931} INFO - Setting next_dagrun for latest_only to 2022-06-17T15:50:29.773320+00:00, run_after=2022-06-17T19:50:29.773320+00:00
[2022-06-17 12:50:31,145] {processor.py:161} INFO - Processing /home/jarret/data-engineering-bootcamp/workspace/airflow-code-review/venv/lib/python3.7/site-packages/airflow/example_dags/example_latest_only.py took 1.431 seconds
[2022-06-17 12:51:34,852] {processor.py:153} INFO - Started process (PID=16858) to work on /home/jarret/data-engineering-bootcamp/workspace/airflow-code-review/venv/lib/python3.7/site-packages/airflow/example_dags/example_latest_only.py
[2022-06-17 12:51:35,012] {processor.py:641} INFO - Processing file /home/jarret/data-engineering-bootcamp/workspace/airflow-code-review/venv/lib/python3.7/site-packages/airflow/example_dags/example_latest_only.py for tasks to queue
[2022-06-17 12:51:35,012] {logging_mixin.py:115} INFO - [2022-06-17 12:51:35,012] {dagbag.py:507} INFO - Filling up the DagBag from /home/jarret/data-engineering-bootcamp/workspace/airflow-code-review/venv/lib/python3.7/site-packages/airflow/example_dags/example_latest_only.py
[2022-06-17 12:51:35,019] {processor.py:651} INFO - DAG(s) dict_keys(['latest_only']) retrieved from /home/jarret/data-engineering-bootcamp/workspace/airflow-code-review/venv/lib/python3.7/site-packages/airflow/example_dags/example_latest_only.py
[2022-06-17 12:51:35,034] {logging_mixin.py:115} INFO - [2022-06-17 12:51:35,034] {dag.py:2379} INFO - Sync 1 DAGs
[2022-06-17 12:51:35,049] {logging_mixin.py:115} INFO - [2022-06-17 12:51:35,049] {dag.py:2931} INFO - Setting next_dagrun for latest_only to 2022-06-17T15:51:35.049280+00:00, run_after=2022-06-17T19:51:35.049280+00:00
[2022-06-17 12:51:36,221] {processor.py:161} INFO - Processing /home/jarret/data-engineering-bootcamp/workspace/airflow-code-review/venv/lib/python3.7/site-packages/airflow/example_dags/example_latest_only.py took 1.372 seconds
[2022-06-17 12:52:37,961] {processor.py:153} INFO - Started process (PID=16952) to work on /home/jarret/data-engineering-bootcamp/workspace/airflow-code-review/venv/lib/python3.7/site-packages/airflow/example_dags/example_latest_only.py
[2022-06-17 12:52:38,392] {processor.py:641} INFO - Processing file /home/jarret/data-engineering-bootcamp/workspace/airflow-code-review/venv/lib/python3.7/site-packages/airflow/example_dags/example_latest_only.py for tasks to queue
[2022-06-17 12:52:38,393] {logging_mixin.py:115} INFO - [2022-06-17 12:52:38,393] {dagbag.py:507} INFO - Filling up the DagBag from /home/jarret/data-engineering-bootcamp/workspace/airflow-code-review/venv/lib/python3.7/site-packages/airflow/example_dags/example_latest_only.py
[2022-06-17 12:52:38,397] {processor.py:651} INFO - DAG(s) dict_keys(['latest_only']) retrieved from /home/jarret/data-engineering-bootcamp/workspace/airflow-code-review/venv/lib/python3.7/site-packages/airflow/example_dags/example_latest_only.py
[2022-06-17 12:52:38,411] {logging_mixin.py:115} INFO - [2022-06-17 12:52:38,411] {dag.py:2379} INFO - Sync 1 DAGs
[2022-06-17 12:52:38,429] {logging_mixin.py:115} INFO - [2022-06-17 12:52:38,428] {dag.py:2931} INFO - Setting next_dagrun for latest_only to 2022-06-17T15:52:38.428734+00:00, run_after=2022-06-17T19:52:38.428734+00:00
[2022-06-17 12:52:38,824] {processor.py:161} INFO - Processing /home/jarret/data-engineering-bootcamp/workspace/airflow-code-review/venv/lib/python3.7/site-packages/airflow/example_dags/example_latest_only.py took 0.865 seconds
[2022-06-17 12:53:43,817] {processor.py:153} INFO - Started process (PID=17010) to work on /home/jarret/data-engineering-bootcamp/workspace/airflow-code-review/venv/lib/python3.7/site-packages/airflow/example_dags/example_latest_only.py
[2022-06-17 12:53:43,819] {processor.py:641} INFO - Processing file /home/jarret/data-engineering-bootcamp/workspace/airflow-code-review/venv/lib/python3.7/site-packages/airflow/example_dags/example_latest_only.py for tasks to queue
[2022-06-17 12:53:43,820] {logging_mixin.py:115} INFO - [2022-06-17 12:53:43,820] {dagbag.py:507} INFO - Filling up the DagBag from /home/jarret/data-engineering-bootcamp/workspace/airflow-code-review/venv/lib/python3.7/site-packages/airflow/example_dags/example_latest_only.py
[2022-06-17 12:53:43,823] {processor.py:651} INFO - DAG(s) dict_keys(['latest_only']) retrieved from /home/jarret/data-engineering-bootcamp/workspace/airflow-code-review/venv/lib/python3.7/site-packages/airflow/example_dags/example_latest_only.py
[2022-06-17 12:53:43,833] {logging_mixin.py:115} INFO - [2022-06-17 12:53:43,833] {dag.py:2379} INFO - Sync 1 DAGs
[2022-06-17 12:53:43,848] {logging_mixin.py:115} INFO - [2022-06-17 12:53:43,848] {dag.py:2931} INFO - Setting next_dagrun for latest_only to 2022-06-17T15:53:43.848556+00:00, run_after=2022-06-17T19:53:43.848556+00:00
[2022-06-17 12:53:44,090] {processor.py:161} INFO - Processing /home/jarret/data-engineering-bootcamp/workspace/airflow-code-review/venv/lib/python3.7/site-packages/airflow/example_dags/example_latest_only.py took 0.276 seconds
[2022-06-17 12:54:54,516] {processor.py:153} INFO - Started process (PID=17080) to work on /home/jarret/data-engineering-bootcamp/workspace/airflow-code-review/venv/lib/python3.7/site-packages/airflow/example_dags/example_latest_only.py
[2022-06-17 12:54:54,545] {processor.py:641} INFO - Processing file /home/jarret/data-engineering-bootcamp/workspace/airflow-code-review/venv/lib/python3.7/site-packages/airflow/example_dags/example_latest_only.py for tasks to queue
[2022-06-17 12:54:54,545] {logging_mixin.py:115} INFO - [2022-06-17 12:54:54,545] {dagbag.py:507} INFO - Filling up the DagBag from /home/jarret/data-engineering-bootcamp/workspace/airflow-code-review/venv/lib/python3.7/site-packages/airflow/example_dags/example_latest_only.py
[2022-06-17 12:54:54,549] {processor.py:651} INFO - DAG(s) dict_keys(['latest_only']) retrieved from /home/jarret/data-engineering-bootcamp/workspace/airflow-code-review/venv/lib/python3.7/site-packages/airflow/example_dags/example_latest_only.py
[2022-06-17 12:54:54,563] {logging_mixin.py:115} INFO - [2022-06-17 12:54:54,563] {dag.py:2379} INFO - Sync 1 DAGs
[2022-06-17 12:54:54,578] {logging_mixin.py:115} INFO - [2022-06-17 12:54:54,578] {dag.py:2931} INFO - Setting next_dagrun for latest_only to 2022-06-17T15:54:54.578092+00:00, run_after=2022-06-17T19:54:54.578092+00:00
[2022-06-17 12:54:55,279] {processor.py:161} INFO - Processing /home/jarret/data-engineering-bootcamp/workspace/airflow-code-review/venv/lib/python3.7/site-packages/airflow/example_dags/example_latest_only.py took 0.765 seconds
[2022-06-17 12:55:50,938] {processor.py:153} INFO - Started process (PID=17122) to work on /home/jarret/data-engineering-bootcamp/workspace/airflow-code-review/venv/lib/python3.7/site-packages/airflow/example_dags/example_latest_only.py
[2022-06-17 12:55:50,939] {processor.py:641} INFO - Processing file /home/jarret/data-engineering-bootcamp/workspace/airflow-code-review/venv/lib/python3.7/site-packages/airflow/example_dags/example_latest_only.py for tasks to queue
[2022-06-17 12:55:50,940] {logging_mixin.py:115} INFO - [2022-06-17 12:55:50,940] {dagbag.py:507} INFO - Filling up the DagBag from /home/jarret/data-engineering-bootcamp/workspace/airflow-code-review/venv/lib/python3.7/site-packages/airflow/example_dags/example_latest_only.py
[2022-06-17 12:55:50,946] {processor.py:651} INFO - DAG(s) dict_keys(['latest_only']) retrieved from /home/jarret/data-engineering-bootcamp/workspace/airflow-code-review/venv/lib/python3.7/site-packages/airflow/example_dags/example_latest_only.py
[2022-06-17 12:55:50,957] {logging_mixin.py:115} INFO - [2022-06-17 12:55:50,957] {dag.py:2379} INFO - Sync 1 DAGs
[2022-06-17 12:55:50,972] {logging_mixin.py:115} INFO - [2022-06-17 12:55:50,972] {dag.py:2931} INFO - Setting next_dagrun for latest_only to 2022-06-17T15:55:50.972056+00:00, run_after=2022-06-17T19:55:50.972056+00:00
[2022-06-17 12:55:51,098] {processor.py:161} INFO - Processing /home/jarret/data-engineering-bootcamp/workspace/airflow-code-review/venv/lib/python3.7/site-packages/airflow/example_dags/example_latest_only.py took 0.163 seconds
[2022-06-17 12:56:43,514] {processor.py:153} INFO - Started process (PID=17222) to work on /home/jarret/data-engineering-bootcamp/workspace/airflow-code-review/venv/lib/python3.7/site-packages/airflow/example_dags/example_latest_only.py
[2022-06-17 12:56:43,515] {processor.py:641} INFO - Processing file /home/jarret/data-engineering-bootcamp/workspace/airflow-code-review/venv/lib/python3.7/site-packages/airflow/example_dags/example_latest_only.py for tasks to queue
[2022-06-17 12:56:43,515] {logging_mixin.py:115} INFO - [2022-06-17 12:56:43,515] {dagbag.py:507} INFO - Filling up the DagBag from /home/jarret/data-engineering-bootcamp/workspace/airflow-code-review/venv/lib/python3.7/site-packages/airflow/example_dags/example_latest_only.py
[2022-06-17 12:56:43,522] {processor.py:651} INFO - DAG(s) dict_keys(['latest_only']) retrieved from /home/jarret/data-engineering-bootcamp/workspace/airflow-code-review/venv/lib/python3.7/site-packages/airflow/example_dags/example_latest_only.py
[2022-06-17 12:56:43,533] {logging_mixin.py:115} INFO - [2022-06-17 12:56:43,533] {dag.py:2379} INFO - Sync 1 DAGs
[2022-06-17 12:56:43,549] {logging_mixin.py:115} INFO - [2022-06-17 12:56:43,549] {dag.py:2931} INFO - Setting next_dagrun for latest_only to 2022-06-17T15:56:43.549320+00:00, run_after=2022-06-17T19:56:43.549320+00:00
[2022-06-17 12:56:44,197] {processor.py:161} INFO - Processing /home/jarret/data-engineering-bootcamp/workspace/airflow-code-review/venv/lib/python3.7/site-packages/airflow/example_dags/example_latest_only.py took 0.686 seconds
[2022-06-17 12:57:47,386] {processor.py:153} INFO - Started process (PID=17263) to work on /home/jarret/data-engineering-bootcamp/workspace/airflow-code-review/venv/lib/python3.7/site-packages/airflow/example_dags/example_latest_only.py
[2022-06-17 12:57:47,409] {processor.py:641} INFO - Processing file /home/jarret/data-engineering-bootcamp/workspace/airflow-code-review/venv/lib/python3.7/site-packages/airflow/example_dags/example_latest_only.py for tasks to queue
[2022-06-17 12:57:47,410] {logging_mixin.py:115} INFO - [2022-06-17 12:57:47,410] {dagbag.py:507} INFO - Filling up the DagBag from /home/jarret/data-engineering-bootcamp/workspace/airflow-code-review/venv/lib/python3.7/site-packages/airflow/example_dags/example_latest_only.py
[2022-06-17 12:57:47,417] {processor.py:651} INFO - DAG(s) dict_keys(['latest_only']) retrieved from /home/jarret/data-engineering-bootcamp/workspace/airflow-code-review/venv/lib/python3.7/site-packages/airflow/example_dags/example_latest_only.py
[2022-06-17 12:57:47,430] {logging_mixin.py:115} INFO - [2022-06-17 12:57:47,430] {dag.py:2379} INFO - Sync 1 DAGs
[2022-06-17 12:57:47,446] {logging_mixin.py:115} INFO - [2022-06-17 12:57:47,445] {dag.py:2931} INFO - Setting next_dagrun for latest_only to 2022-06-17T15:57:47.445734+00:00, run_after=2022-06-17T19:57:47.445734+00:00
[2022-06-17 12:57:48,988] {processor.py:161} INFO - Processing /home/jarret/data-engineering-bootcamp/workspace/airflow-code-review/venv/lib/python3.7/site-packages/airflow/example_dags/example_latest_only.py took 1.606 seconds
[2022-06-17 12:58:55,535] {processor.py:153} INFO - Started process (PID=17361) to work on /home/jarret/data-engineering-bootcamp/workspace/airflow-code-review/venv/lib/python3.7/site-packages/airflow/example_dags/example_latest_only.py
[2022-06-17 12:58:55,545] {processor.py:641} INFO - Processing file /home/jarret/data-engineering-bootcamp/workspace/airflow-code-review/venv/lib/python3.7/site-packages/airflow/example_dags/example_latest_only.py for tasks to queue
[2022-06-17 12:58:55,546] {logging_mixin.py:115} INFO - [2022-06-17 12:58:55,546] {dagbag.py:507} INFO - Filling up the DagBag from /home/jarret/data-engineering-bootcamp/workspace/airflow-code-review/venv/lib/python3.7/site-packages/airflow/example_dags/example_latest_only.py
[2022-06-17 12:58:55,552] {processor.py:651} INFO - DAG(s) dict_keys(['latest_only']) retrieved from /home/jarret/data-engineering-bootcamp/workspace/airflow-code-review/venv/lib/python3.7/site-packages/airflow/example_dags/example_latest_only.py
[2022-06-17 12:58:55,563] {logging_mixin.py:115} INFO - [2022-06-17 12:58:55,562] {dag.py:2379} INFO - Sync 1 DAGs
[2022-06-17 12:58:55,577] {logging_mixin.py:115} INFO - [2022-06-17 12:58:55,577] {dag.py:2931} INFO - Setting next_dagrun for latest_only to 2022-06-17T15:58:55.577655+00:00, run_after=2022-06-17T19:58:55.577655+00:00
[2022-06-17 12:58:55,730] {processor.py:161} INFO - Processing /home/jarret/data-engineering-bootcamp/workspace/airflow-code-review/venv/lib/python3.7/site-packages/airflow/example_dags/example_latest_only.py took 0.198 seconds
[2022-06-17 12:59:37,921] {processor.py:153} INFO - Started process (PID=17452) to work on /home/jarret/data-engineering-bootcamp/workspace/airflow-code-review/venv/lib/python3.7/site-packages/airflow/example_dags/example_latest_only.py
[2022-06-17 12:59:37,931] {processor.py:641} INFO - Processing file /home/jarret/data-engineering-bootcamp/workspace/airflow-code-review/venv/lib/python3.7/site-packages/airflow/example_dags/example_latest_only.py for tasks to queue
[2022-06-17 12:59:37,931] {logging_mixin.py:115} INFO - [2022-06-17 12:59:37,931] {dagbag.py:507} INFO - Filling up the DagBag from /home/jarret/data-engineering-bootcamp/workspace/airflow-code-review/venv/lib/python3.7/site-packages/airflow/example_dags/example_latest_only.py
[2022-06-17 12:59:37,934] {processor.py:651} INFO - DAG(s) dict_keys(['latest_only']) retrieved from /home/jarret/data-engineering-bootcamp/workspace/airflow-code-review/venv/lib/python3.7/site-packages/airflow/example_dags/example_latest_only.py
[2022-06-17 12:59:37,946] {logging_mixin.py:115} INFO - [2022-06-17 12:59:37,946] {dag.py:2379} INFO - Sync 1 DAGs
[2022-06-17 12:59:37,963] {logging_mixin.py:115} INFO - [2022-06-17 12:59:37,963] {dag.py:2931} INFO - Setting next_dagrun for latest_only to 2022-06-17T15:59:37.963143+00:00, run_after=2022-06-17T19:59:37.963143+00:00
[2022-06-17 12:59:38,113] {processor.py:161} INFO - Processing /home/jarret/data-engineering-bootcamp/workspace/airflow-code-review/venv/lib/python3.7/site-packages/airflow/example_dags/example_latest_only.py took 0.193 seconds
[2022-06-17 13:00:45,222] {processor.py:153} INFO - Started process (PID=17548) to work on /home/jarret/data-engineering-bootcamp/workspace/airflow-code-review/venv/lib/python3.7/site-packages/airflow/example_dags/example_latest_only.py
[2022-06-17 13:00:45,233] {processor.py:641} INFO - Processing file /home/jarret/data-engineering-bootcamp/workspace/airflow-code-review/venv/lib/python3.7/site-packages/airflow/example_dags/example_latest_only.py for tasks to queue
[2022-06-17 13:00:45,234] {logging_mixin.py:115} INFO - [2022-06-17 13:00:45,234] {dagbag.py:507} INFO - Filling up the DagBag from /home/jarret/data-engineering-bootcamp/workspace/airflow-code-review/venv/lib/python3.7/site-packages/airflow/example_dags/example_latest_only.py
[2022-06-17 13:00:45,240] {processor.py:651} INFO - DAG(s) dict_keys(['latest_only']) retrieved from /home/jarret/data-engineering-bootcamp/workspace/airflow-code-review/venv/lib/python3.7/site-packages/airflow/example_dags/example_latest_only.py
[2022-06-17 13:00:45,256] {logging_mixin.py:115} INFO - [2022-06-17 13:00:45,256] {dag.py:2379} INFO - Sync 1 DAGs
[2022-06-17 13:00:45,271] {logging_mixin.py:115} INFO - [2022-06-17 13:00:45,271] {dag.py:2931} INFO - Setting next_dagrun for latest_only to 2022-06-17T16:00:45.271067+00:00, run_after=2022-06-17T20:00:45.271067+00:00
[2022-06-17 13:00:45,381] {processor.py:161} INFO - Processing /home/jarret/data-engineering-bootcamp/workspace/airflow-code-review/venv/lib/python3.7/site-packages/airflow/example_dags/example_latest_only.py took 0.163 seconds
[2022-06-17 13:01:44,749] {processor.py:153} INFO - Started process (PID=17652) to work on /home/jarret/data-engineering-bootcamp/workspace/airflow-code-review/venv/lib/python3.7/site-packages/airflow/example_dags/example_latest_only.py
[2022-06-17 13:01:44,751] {processor.py:641} INFO - Processing file /home/jarret/data-engineering-bootcamp/workspace/airflow-code-review/venv/lib/python3.7/site-packages/airflow/example_dags/example_latest_only.py for tasks to queue
[2022-06-17 13:01:44,751] {logging_mixin.py:115} INFO - [2022-06-17 13:01:44,751] {dagbag.py:507} INFO - Filling up the DagBag from /home/jarret/data-engineering-bootcamp/workspace/airflow-code-review/venv/lib/python3.7/site-packages/airflow/example_dags/example_latest_only.py
[2022-06-17 13:01:44,757] {processor.py:651} INFO - DAG(s) dict_keys(['latest_only']) retrieved from /home/jarret/data-engineering-bootcamp/workspace/airflow-code-review/venv/lib/python3.7/site-packages/airflow/example_dags/example_latest_only.py
[2022-06-17 13:01:44,768] {logging_mixin.py:115} INFO - [2022-06-17 13:01:44,768] {dag.py:2379} INFO - Sync 1 DAGs
[2022-06-17 13:01:44,786] {logging_mixin.py:115} INFO - [2022-06-17 13:01:44,786] {dag.py:2931} INFO - Setting next_dagrun for latest_only to 2022-06-17T16:01:44.785808+00:00, run_after=2022-06-17T20:01:44.785808+00:00
[2022-06-17 13:01:45,633] {processor.py:161} INFO - Processing /home/jarret/data-engineering-bootcamp/workspace/airflow-code-review/venv/lib/python3.7/site-packages/airflow/example_dags/example_latest_only.py took 0.887 seconds
[2022-06-17 13:02:45,430] {processor.py:153} INFO - Started process (PID=17775) to work on /home/jarret/data-engineering-bootcamp/workspace/airflow-code-review/venv/lib/python3.7/site-packages/airflow/example_dags/example_latest_only.py
[2022-06-17 13:02:45,453] {processor.py:641} INFO - Processing file /home/jarret/data-engineering-bootcamp/workspace/airflow-code-review/venv/lib/python3.7/site-packages/airflow/example_dags/example_latest_only.py for tasks to queue
[2022-06-17 13:02:45,453] {logging_mixin.py:115} INFO - [2022-06-17 13:02:45,453] {dagbag.py:507} INFO - Filling up the DagBag from /home/jarret/data-engineering-bootcamp/workspace/airflow-code-review/venv/lib/python3.7/site-packages/airflow/example_dags/example_latest_only.py
[2022-06-17 13:02:45,457] {processor.py:651} INFO - DAG(s) dict_keys(['latest_only']) retrieved from /home/jarret/data-engineering-bootcamp/workspace/airflow-code-review/venv/lib/python3.7/site-packages/airflow/example_dags/example_latest_only.py
[2022-06-17 13:02:45,469] {logging_mixin.py:115} INFO - [2022-06-17 13:02:45,469] {dag.py:2379} INFO - Sync 1 DAGs
[2022-06-17 13:02:45,484] {logging_mixin.py:115} INFO - [2022-06-17 13:02:45,484] {dag.py:2931} INFO - Setting next_dagrun for latest_only to 2022-06-17T16:02:45.484331+00:00, run_after=2022-06-17T20:02:45.484331+00:00
[2022-06-17 13:02:47,184] {processor.py:161} INFO - Processing /home/jarret/data-engineering-bootcamp/workspace/airflow-code-review/venv/lib/python3.7/site-packages/airflow/example_dags/example_latest_only.py took 1.757 seconds
[2022-06-17 13:03:50,906] {processor.py:153} INFO - Started process (PID=17893) to work on /home/jarret/data-engineering-bootcamp/workspace/airflow-code-review/venv/lib/python3.7/site-packages/airflow/example_dags/example_latest_only.py
[2022-06-17 13:03:50,907] {processor.py:641} INFO - Processing file /home/jarret/data-engineering-bootcamp/workspace/airflow-code-review/venv/lib/python3.7/site-packages/airflow/example_dags/example_latest_only.py for tasks to queue
[2022-06-17 13:03:50,907] {logging_mixin.py:115} INFO - [2022-06-17 13:03:50,907] {dagbag.py:507} INFO - Filling up the DagBag from /home/jarret/data-engineering-bootcamp/workspace/airflow-code-review/venv/lib/python3.7/site-packages/airflow/example_dags/example_latest_only.py
[2022-06-17 13:03:50,910] {processor.py:651} INFO - DAG(s) dict_keys(['latest_only']) retrieved from /home/jarret/data-engineering-bootcamp/workspace/airflow-code-review/venv/lib/python3.7/site-packages/airflow/example_dags/example_latest_only.py
[2022-06-17 13:03:50,920] {logging_mixin.py:115} INFO - [2022-06-17 13:03:50,920] {dag.py:2379} INFO - Sync 1 DAGs
[2022-06-17 13:03:50,935] {logging_mixin.py:115} INFO - [2022-06-17 13:03:50,935] {dag.py:2931} INFO - Setting next_dagrun for latest_only to 2022-06-17T16:03:50.935448+00:00, run_after=2022-06-17T20:03:50.935448+00:00
[2022-06-17 13:03:51,202] {processor.py:161} INFO - Processing /home/jarret/data-engineering-bootcamp/workspace/airflow-code-review/venv/lib/python3.7/site-packages/airflow/example_dags/example_latest_only.py took 0.299 seconds
[2022-06-17 13:04:55,312] {processor.py:153} INFO - Started process (PID=17980) to work on /home/jarret/data-engineering-bootcamp/workspace/airflow-code-review/venv/lib/python3.7/site-packages/airflow/example_dags/example_latest_only.py
[2022-06-17 13:04:55,313] {processor.py:641} INFO - Processing file /home/jarret/data-engineering-bootcamp/workspace/airflow-code-review/venv/lib/python3.7/site-packages/airflow/example_dags/example_latest_only.py for tasks to queue
[2022-06-17 13:04:55,314] {logging_mixin.py:115} INFO - [2022-06-17 13:04:55,314] {dagbag.py:507} INFO - Filling up the DagBag from /home/jarret/data-engineering-bootcamp/workspace/airflow-code-review/venv/lib/python3.7/site-packages/airflow/example_dags/example_latest_only.py
[2022-06-17 13:04:55,318] {processor.py:651} INFO - DAG(s) dict_keys(['latest_only']) retrieved from /home/jarret/data-engineering-bootcamp/workspace/airflow-code-review/venv/lib/python3.7/site-packages/airflow/example_dags/example_latest_only.py
[2022-06-17 13:04:55,329] {logging_mixin.py:115} INFO - [2022-06-17 13:04:55,329] {dag.py:2379} INFO - Sync 1 DAGs
[2022-06-17 13:04:55,344] {logging_mixin.py:115} INFO - [2022-06-17 13:04:55,344] {dag.py:2931} INFO - Setting next_dagrun for latest_only to 2022-06-17T16:04:55.343803+00:00, run_after=2022-06-17T20:04:55.343803+00:00
[2022-06-17 13:04:55,783] {processor.py:161} INFO - Processing /home/jarret/data-engineering-bootcamp/workspace/airflow-code-review/venv/lib/python3.7/site-packages/airflow/example_dags/example_latest_only.py took 0.475 seconds
[2022-06-17 13:05:42,699] {processor.py:153} INFO - Started process (PID=18023) to work on /home/jarret/data-engineering-bootcamp/workspace/airflow-code-review/venv/lib/python3.7/site-packages/airflow/example_dags/example_latest_only.py
[2022-06-17 13:05:42,700] {processor.py:641} INFO - Processing file /home/jarret/data-engineering-bootcamp/workspace/airflow-code-review/venv/lib/python3.7/site-packages/airflow/example_dags/example_latest_only.py for tasks to queue
[2022-06-17 13:05:42,701] {logging_mixin.py:115} INFO - [2022-06-17 13:05:42,701] {dagbag.py:507} INFO - Filling up the DagBag from /home/jarret/data-engineering-bootcamp/workspace/airflow-code-review/venv/lib/python3.7/site-packages/airflow/example_dags/example_latest_only.py
[2022-06-17 13:05:42,705] {processor.py:651} INFO - DAG(s) dict_keys(['latest_only']) retrieved from /home/jarret/data-engineering-bootcamp/workspace/airflow-code-review/venv/lib/python3.7/site-packages/airflow/example_dags/example_latest_only.py
[2022-06-17 13:05:42,716] {logging_mixin.py:115} INFO - [2022-06-17 13:05:42,716] {dag.py:2379} INFO - Sync 1 DAGs
[2022-06-17 13:05:42,731] {logging_mixin.py:115} INFO - [2022-06-17 13:05:42,731] {dag.py:2931} INFO - Setting next_dagrun for latest_only to 2022-06-17T16:05:42.731507+00:00, run_after=2022-06-17T20:05:42.731507+00:00
[2022-06-17 13:05:43,143] {processor.py:161} INFO - Processing /home/jarret/data-engineering-bootcamp/workspace/airflow-code-review/venv/lib/python3.7/site-packages/airflow/example_dags/example_latest_only.py took 0.448 seconds
[2022-06-17 13:06:43,855] {processor.py:153} INFO - Started process (PID=18092) to work on /home/jarret/data-engineering-bootcamp/workspace/airflow-code-review/venv/lib/python3.7/site-packages/airflow/example_dags/example_latest_only.py
[2022-06-17 13:06:43,856] {processor.py:641} INFO - Processing file /home/jarret/data-engineering-bootcamp/workspace/airflow-code-review/venv/lib/python3.7/site-packages/airflow/example_dags/example_latest_only.py for tasks to queue
[2022-06-17 13:06:43,856] {logging_mixin.py:115} INFO - [2022-06-17 13:06:43,856] {dagbag.py:507} INFO - Filling up the DagBag from /home/jarret/data-engineering-bootcamp/workspace/airflow-code-review/venv/lib/python3.7/site-packages/airflow/example_dags/example_latest_only.py
[2022-06-17 13:06:43,860] {processor.py:651} INFO - DAG(s) dict_keys(['latest_only']) retrieved from /home/jarret/data-engineering-bootcamp/workspace/airflow-code-review/venv/lib/python3.7/site-packages/airflow/example_dags/example_latest_only.py
[2022-06-17 13:06:43,871] {logging_mixin.py:115} INFO - [2022-06-17 13:06:43,871] {dag.py:2379} INFO - Sync 1 DAGs
[2022-06-17 13:06:43,886] {logging_mixin.py:115} INFO - [2022-06-17 13:06:43,886] {dag.py:2931} INFO - Setting next_dagrun for latest_only to 2022-06-17T16:06:43.886009+00:00, run_after=2022-06-17T20:06:43.886009+00:00
[2022-06-17 13:06:44,021] {processor.py:161} INFO - Processing /home/jarret/data-engineering-bootcamp/workspace/airflow-code-review/venv/lib/python3.7/site-packages/airflow/example_dags/example_latest_only.py took 0.169 seconds
[2022-06-17 13:07:36,583] {processor.py:153} INFO - Started process (PID=18199) to work on /home/jarret/data-engineering-bootcamp/workspace/airflow-code-review/venv/lib/python3.7/site-packages/airflow/example_dags/example_latest_only.py
[2022-06-17 13:07:36,595] {processor.py:641} INFO - Processing file /home/jarret/data-engineering-bootcamp/workspace/airflow-code-review/venv/lib/python3.7/site-packages/airflow/example_dags/example_latest_only.py for tasks to queue
[2022-06-17 13:07:36,595] {logging_mixin.py:115} INFO - [2022-06-17 13:07:36,595] {dagbag.py:507} INFO - Filling up the DagBag from /home/jarret/data-engineering-bootcamp/workspace/airflow-code-review/venv/lib/python3.7/site-packages/airflow/example_dags/example_latest_only.py
[2022-06-17 13:07:36,598] {processor.py:651} INFO - DAG(s) dict_keys(['latest_only']) retrieved from /home/jarret/data-engineering-bootcamp/workspace/airflow-code-review/venv/lib/python3.7/site-packages/airflow/example_dags/example_latest_only.py
[2022-06-17 13:07:36,609] {logging_mixin.py:115} INFO - [2022-06-17 13:07:36,608] {dag.py:2379} INFO - Sync 1 DAGs
[2022-06-17 13:07:36,624] {logging_mixin.py:115} INFO - [2022-06-17 13:07:36,623] {dag.py:2931} INFO - Setting next_dagrun for latest_only to 2022-06-17T16:07:36.623730+00:00, run_after=2022-06-17T20:07:36.623730+00:00
[2022-06-17 13:07:36,751] {processor.py:161} INFO - Processing /home/jarret/data-engineering-bootcamp/workspace/airflow-code-review/venv/lib/python3.7/site-packages/airflow/example_dags/example_latest_only.py took 0.170 seconds
[2022-06-17 13:08:26,363] {processor.py:153} INFO - Started process (PID=18305) to work on /home/jarret/data-engineering-bootcamp/workspace/airflow-code-review/venv/lib/python3.7/site-packages/airflow/example_dags/example_latest_only.py
[2022-06-17 13:08:26,364] {processor.py:641} INFO - Processing file /home/jarret/data-engineering-bootcamp/workspace/airflow-code-review/venv/lib/python3.7/site-packages/airflow/example_dags/example_latest_only.py for tasks to queue
[2022-06-17 13:08:26,365] {logging_mixin.py:115} INFO - [2022-06-17 13:08:26,365] {dagbag.py:507} INFO - Filling up the DagBag from /home/jarret/data-engineering-bootcamp/workspace/airflow-code-review/venv/lib/python3.7/site-packages/airflow/example_dags/example_latest_only.py
[2022-06-17 13:08:26,371] {processor.py:651} INFO - DAG(s) dict_keys(['latest_only']) retrieved from /home/jarret/data-engineering-bootcamp/workspace/airflow-code-review/venv/lib/python3.7/site-packages/airflow/example_dags/example_latest_only.py
[2022-06-17 13:08:26,384] {logging_mixin.py:115} INFO - [2022-06-17 13:08:26,384] {dag.py:2379} INFO - Sync 1 DAGs
[2022-06-17 13:08:26,400] {logging_mixin.py:115} INFO - [2022-06-17 13:08:26,400] {dag.py:2931} INFO - Setting next_dagrun for latest_only to 2022-06-17T16:08:26.400546+00:00, run_after=2022-06-17T20:08:26.400546+00:00
[2022-06-17 13:08:26,528] {processor.py:161} INFO - Processing /home/jarret/data-engineering-bootcamp/workspace/airflow-code-review/venv/lib/python3.7/site-packages/airflow/example_dags/example_latest_only.py took 0.169 seconds
[2022-06-17 13:09:13,365] {processor.py:153} INFO - Started process (PID=18403) to work on /home/jarret/data-engineering-bootcamp/workspace/airflow-code-review/venv/lib/python3.7/site-packages/airflow/example_dags/example_latest_only.py
[2022-06-17 13:09:13,366] {processor.py:641} INFO - Processing file /home/jarret/data-engineering-bootcamp/workspace/airflow-code-review/venv/lib/python3.7/site-packages/airflow/example_dags/example_latest_only.py for tasks to queue
[2022-06-17 13:09:13,367] {logging_mixin.py:115} INFO - [2022-06-17 13:09:13,367] {dagbag.py:507} INFO - Filling up the DagBag from /home/jarret/data-engineering-bootcamp/workspace/airflow-code-review/venv/lib/python3.7/site-packages/airflow/example_dags/example_latest_only.py
[2022-06-17 13:09:13,370] {processor.py:651} INFO - DAG(s) dict_keys(['latest_only']) retrieved from /home/jarret/data-engineering-bootcamp/workspace/airflow-code-review/venv/lib/python3.7/site-packages/airflow/example_dags/example_latest_only.py
[2022-06-17 13:09:13,380] {logging_mixin.py:115} INFO - [2022-06-17 13:09:13,380] {dag.py:2379} INFO - Sync 1 DAGs
[2022-06-17 13:09:13,395] {logging_mixin.py:115} INFO - [2022-06-17 13:09:13,395] {dag.py:2931} INFO - Setting next_dagrun for latest_only to 2022-06-17T16:09:13.395303+00:00, run_after=2022-06-17T20:09:13.395303+00:00
[2022-06-17 13:09:14,255] {processor.py:161} INFO - Processing /home/jarret/data-engineering-bootcamp/workspace/airflow-code-review/venv/lib/python3.7/site-packages/airflow/example_dags/example_latest_only.py took 0.891 seconds
[2022-06-17 13:10:01,315] {processor.py:153} INFO - Started process (PID=18479) to work on /home/jarret/data-engineering-bootcamp/workspace/airflow-code-review/venv/lib/python3.7/site-packages/airflow/example_dags/example_latest_only.py
[2022-06-17 13:10:01,327] {processor.py:641} INFO - Processing file /home/jarret/data-engineering-bootcamp/workspace/airflow-code-review/venv/lib/python3.7/site-packages/airflow/example_dags/example_latest_only.py for tasks to queue
[2022-06-17 13:10:01,327] {logging_mixin.py:115} INFO - [2022-06-17 13:10:01,327] {dagbag.py:507} INFO - Filling up the DagBag from /home/jarret/data-engineering-bootcamp/workspace/airflow-code-review/venv/lib/python3.7/site-packages/airflow/example_dags/example_latest_only.py
[2022-06-17 13:10:01,330] {processor.py:651} INFO - DAG(s) dict_keys(['latest_only']) retrieved from /home/jarret/data-engineering-bootcamp/workspace/airflow-code-review/venv/lib/python3.7/site-packages/airflow/example_dags/example_latest_only.py
[2022-06-17 13:10:01,341] {logging_mixin.py:115} INFO - [2022-06-17 13:10:01,341] {dag.py:2379} INFO - Sync 1 DAGs
[2022-06-17 13:10:01,356] {logging_mixin.py:115} INFO - [2022-06-17 13:10:01,356] {dag.py:2931} INFO - Setting next_dagrun for latest_only to 2022-06-17T16:10:01.356438+00:00, run_after=2022-06-17T20:10:01.356438+00:00
[2022-06-17 13:10:01,504] {processor.py:161} INFO - Processing /home/jarret/data-engineering-bootcamp/workspace/airflow-code-review/venv/lib/python3.7/site-packages/airflow/example_dags/example_latest_only.py took 0.191 seconds
[2022-06-17 13:10:52,577] {processor.py:153} INFO - Started process (PID=18567) to work on /home/jarret/data-engineering-bootcamp/workspace/airflow-code-review/venv/lib/python3.7/site-packages/airflow/example_dags/example_latest_only.py
[2022-06-17 13:10:52,592] {processor.py:641} INFO - Processing file /home/jarret/data-engineering-bootcamp/workspace/airflow-code-review/venv/lib/python3.7/site-packages/airflow/example_dags/example_latest_only.py for tasks to queue
[2022-06-17 13:10:52,592] {logging_mixin.py:115} INFO - [2022-06-17 13:10:52,592] {dagbag.py:507} INFO - Filling up the DagBag from /home/jarret/data-engineering-bootcamp/workspace/airflow-code-review/venv/lib/python3.7/site-packages/airflow/example_dags/example_latest_only.py
[2022-06-17 13:10:52,596] {processor.py:651} INFO - DAG(s) dict_keys(['latest_only']) retrieved from /home/jarret/data-engineering-bootcamp/workspace/airflow-code-review/venv/lib/python3.7/site-packages/airflow/example_dags/example_latest_only.py
[2022-06-17 13:10:52,609] {logging_mixin.py:115} INFO - [2022-06-17 13:10:52,609] {dag.py:2379} INFO - Sync 1 DAGs
[2022-06-17 13:10:52,625] {logging_mixin.py:115} INFO - [2022-06-17 13:10:52,624] {dag.py:2931} INFO - Setting next_dagrun for latest_only to 2022-06-17T16:10:52.624708+00:00, run_after=2022-06-17T20:10:52.624708+00:00
[2022-06-17 13:10:52,768] {processor.py:161} INFO - Processing /home/jarret/data-engineering-bootcamp/workspace/airflow-code-review/venv/lib/python3.7/site-packages/airflow/example_dags/example_latest_only.py took 0.193 seconds
[2022-06-17 13:11:44,228] {processor.py:153} INFO - Started process (PID=18674) to work on /home/jarret/data-engineering-bootcamp/workspace/airflow-code-review/venv/lib/python3.7/site-packages/airflow/example_dags/example_latest_only.py
[2022-06-17 13:11:44,238] {processor.py:641} INFO - Processing file /home/jarret/data-engineering-bootcamp/workspace/airflow-code-review/venv/lib/python3.7/site-packages/airflow/example_dags/example_latest_only.py for tasks to queue
[2022-06-17 13:11:44,239] {logging_mixin.py:115} INFO - [2022-06-17 13:11:44,239] {dagbag.py:507} INFO - Filling up the DagBag from /home/jarret/data-engineering-bootcamp/workspace/airflow-code-review/venv/lib/python3.7/site-packages/airflow/example_dags/example_latest_only.py
[2022-06-17 13:11:44,247] {processor.py:651} INFO - DAG(s) dict_keys(['latest_only']) retrieved from /home/jarret/data-engineering-bootcamp/workspace/airflow-code-review/venv/lib/python3.7/site-packages/airflow/example_dags/example_latest_only.py
[2022-06-17 13:11:44,261] {logging_mixin.py:115} INFO - [2022-06-17 13:11:44,261] {dag.py:2379} INFO - Sync 1 DAGs
[2022-06-17 13:11:44,280] {logging_mixin.py:115} INFO - [2022-06-17 13:11:44,280] {dag.py:2931} INFO - Setting next_dagrun for latest_only to 2022-06-17T16:11:44.279936+00:00, run_after=2022-06-17T20:11:44.279936+00:00
[2022-06-17 13:11:44,407] {processor.py:161} INFO - Processing /home/jarret/data-engineering-bootcamp/workspace/airflow-code-review/venv/lib/python3.7/site-packages/airflow/example_dags/example_latest_only.py took 0.185 seconds
[2022-06-17 13:12:45,302] {processor.py:153} INFO - Started process (PID=18793) to work on /home/jarret/data-engineering-bootcamp/workspace/airflow-code-review/venv/lib/python3.7/site-packages/airflow/example_dags/example_latest_only.py
[2022-06-17 13:12:45,303] {processor.py:641} INFO - Processing file /home/jarret/data-engineering-bootcamp/workspace/airflow-code-review/venv/lib/python3.7/site-packages/airflow/example_dags/example_latest_only.py for tasks to queue
[2022-06-17 13:12:45,304] {logging_mixin.py:115} INFO - [2022-06-17 13:12:45,303] {dagbag.py:507} INFO - Filling up the DagBag from /home/jarret/data-engineering-bootcamp/workspace/airflow-code-review/venv/lib/python3.7/site-packages/airflow/example_dags/example_latest_only.py
[2022-06-17 13:12:45,306] {processor.py:651} INFO - DAG(s) dict_keys(['latest_only']) retrieved from /home/jarret/data-engineering-bootcamp/workspace/airflow-code-review/venv/lib/python3.7/site-packages/airflow/example_dags/example_latest_only.py
[2022-06-17 13:12:45,317] {logging_mixin.py:115} INFO - [2022-06-17 13:12:45,317] {dag.py:2379} INFO - Sync 1 DAGs
[2022-06-17 13:12:45,334] {logging_mixin.py:115} INFO - [2022-06-17 13:12:45,334] {dag.py:2931} INFO - Setting next_dagrun for latest_only to 2022-06-17T16:12:45.334596+00:00, run_after=2022-06-17T20:12:45.334596+00:00
[2022-06-17 13:12:45,460] {processor.py:161} INFO - Processing /home/jarret/data-engineering-bootcamp/workspace/airflow-code-review/venv/lib/python3.7/site-packages/airflow/example_dags/example_latest_only.py took 0.159 seconds
[2022-06-17 13:13:42,372] {processor.py:153} INFO - Started process (PID=18885) to work on /home/jarret/data-engineering-bootcamp/workspace/airflow-code-review/venv/lib/python3.7/site-packages/airflow/example_dags/example_latest_only.py
[2022-06-17 13:13:42,381] {processor.py:641} INFO - Processing file /home/jarret/data-engineering-bootcamp/workspace/airflow-code-review/venv/lib/python3.7/site-packages/airflow/example_dags/example_latest_only.py for tasks to queue
[2022-06-17 13:13:42,381] {logging_mixin.py:115} INFO - [2022-06-17 13:13:42,381] {dagbag.py:507} INFO - Filling up the DagBag from /home/jarret/data-engineering-bootcamp/workspace/airflow-code-review/venv/lib/python3.7/site-packages/airflow/example_dags/example_latest_only.py
[2022-06-17 13:13:42,384] {processor.py:651} INFO - DAG(s) dict_keys(['latest_only']) retrieved from /home/jarret/data-engineering-bootcamp/workspace/airflow-code-review/venv/lib/python3.7/site-packages/airflow/example_dags/example_latest_only.py
[2022-06-17 13:13:42,395] {logging_mixin.py:115} INFO - [2022-06-17 13:13:42,395] {dag.py:2379} INFO - Sync 1 DAGs
[2022-06-17 13:13:42,411] {logging_mixin.py:115} INFO - [2022-06-17 13:13:42,411] {dag.py:2931} INFO - Setting next_dagrun for latest_only to 2022-06-17T16:13:42.411585+00:00, run_after=2022-06-17T20:13:42.411585+00:00
[2022-06-17 13:13:42,588] {processor.py:161} INFO - Processing /home/jarret/data-engineering-bootcamp/workspace/airflow-code-review/venv/lib/python3.7/site-packages/airflow/example_dags/example_latest_only.py took 0.219 seconds
[2022-06-17 13:14:32,806] {processor.py:153} INFO - Started process (PID=18960) to work on /home/jarret/data-engineering-bootcamp/workspace/airflow-code-review/venv/lib/python3.7/site-packages/airflow/example_dags/example_latest_only.py
[2022-06-17 13:14:32,848] {processor.py:641} INFO - Processing file /home/jarret/data-engineering-bootcamp/workspace/airflow-code-review/venv/lib/python3.7/site-packages/airflow/example_dags/example_latest_only.py for tasks to queue
[2022-06-17 13:14:32,849] {logging_mixin.py:115} INFO - [2022-06-17 13:14:32,849] {dagbag.py:507} INFO - Filling up the DagBag from /home/jarret/data-engineering-bootcamp/workspace/airflow-code-review/venv/lib/python3.7/site-packages/airflow/example_dags/example_latest_only.py
[2022-06-17 13:14:32,854] {processor.py:651} INFO - DAG(s) dict_keys(['latest_only']) retrieved from /home/jarret/data-engineering-bootcamp/workspace/airflow-code-review/venv/lib/python3.7/site-packages/airflow/example_dags/example_latest_only.py
[2022-06-17 13:14:32,865] {logging_mixin.py:115} INFO - [2022-06-17 13:14:32,865] {dag.py:2379} INFO - Sync 1 DAGs
[2022-06-17 13:14:32,881] {logging_mixin.py:115} INFO - [2022-06-17 13:14:32,881] {dag.py:2931} INFO - Setting next_dagrun for latest_only to 2022-06-17T16:14:32.881227+00:00, run_after=2022-06-17T20:14:32.881227+00:00
[2022-06-17 13:14:33,043] {processor.py:161} INFO - Processing /home/jarret/data-engineering-bootcamp/workspace/airflow-code-review/venv/lib/python3.7/site-packages/airflow/example_dags/example_latest_only.py took 0.241 seconds
[2022-06-17 13:15:27,238] {processor.py:153} INFO - Started process (PID=19006) to work on /home/jarret/data-engineering-bootcamp/workspace/airflow-code-review/venv/lib/python3.7/site-packages/airflow/example_dags/example_latest_only.py
[2022-06-17 13:15:27,239] {processor.py:641} INFO - Processing file /home/jarret/data-engineering-bootcamp/workspace/airflow-code-review/venv/lib/python3.7/site-packages/airflow/example_dags/example_latest_only.py for tasks to queue
[2022-06-17 13:15:27,240] {logging_mixin.py:115} INFO - [2022-06-17 13:15:27,240] {dagbag.py:507} INFO - Filling up the DagBag from /home/jarret/data-engineering-bootcamp/workspace/airflow-code-review/venv/lib/python3.7/site-packages/airflow/example_dags/example_latest_only.py
[2022-06-17 13:15:27,244] {processor.py:651} INFO - DAG(s) dict_keys(['latest_only']) retrieved from /home/jarret/data-engineering-bootcamp/workspace/airflow-code-review/venv/lib/python3.7/site-packages/airflow/example_dags/example_latest_only.py
[2022-06-17 13:15:27,255] {logging_mixin.py:115} INFO - [2022-06-17 13:15:27,255] {dag.py:2379} INFO - Sync 1 DAGs
[2022-06-17 13:15:27,271] {logging_mixin.py:115} INFO - [2022-06-17 13:15:27,271] {dag.py:2931} INFO - Setting next_dagrun for latest_only to 2022-06-17T16:15:27.271269+00:00, run_after=2022-06-17T20:15:27.271269+00:00
[2022-06-17 13:15:27,414] {processor.py:161} INFO - Processing /home/jarret/data-engineering-bootcamp/workspace/airflow-code-review/venv/lib/python3.7/site-packages/airflow/example_dags/example_latest_only.py took 0.180 seconds
[2022-06-17 13:16:12,168] {processor.py:153} INFO - Started process (PID=19046) to work on /home/jarret/data-engineering-bootcamp/workspace/airflow-code-review/venv/lib/python3.7/site-packages/airflow/example_dags/example_latest_only.py
[2022-06-17 13:16:12,198] {processor.py:641} INFO - Processing file /home/jarret/data-engineering-bootcamp/workspace/airflow-code-review/venv/lib/python3.7/site-packages/airflow/example_dags/example_latest_only.py for tasks to queue
[2022-06-17 13:16:12,198] {logging_mixin.py:115} INFO - [2022-06-17 13:16:12,198] {dagbag.py:507} INFO - Filling up the DagBag from /home/jarret/data-engineering-bootcamp/workspace/airflow-code-review/venv/lib/python3.7/site-packages/airflow/example_dags/example_latest_only.py
[2022-06-17 13:16:12,201] {processor.py:651} INFO - DAG(s) dict_keys(['latest_only']) retrieved from /home/jarret/data-engineering-bootcamp/workspace/airflow-code-review/venv/lib/python3.7/site-packages/airflow/example_dags/example_latest_only.py
[2022-06-17 13:16:12,212] {logging_mixin.py:115} INFO - [2022-06-17 13:16:12,212] {dag.py:2379} INFO - Sync 1 DAGs
[2022-06-17 13:16:12,229] {logging_mixin.py:115} INFO - [2022-06-17 13:16:12,229] {dag.py:2931} INFO - Setting next_dagrun for latest_only to 2022-06-17T16:16:12.228937+00:00, run_after=2022-06-17T20:16:12.228937+00:00
[2022-06-17 13:16:12,439] {processor.py:161} INFO - Processing /home/jarret/data-engineering-bootcamp/workspace/airflow-code-review/venv/lib/python3.7/site-packages/airflow/example_dags/example_latest_only.py took 0.274 seconds
[2022-06-17 13:17:04,349] {processor.py:153} INFO - Started process (PID=19093) to work on /home/jarret/data-engineering-bootcamp/workspace/airflow-code-review/venv/lib/python3.7/site-packages/airflow/example_dags/example_latest_only.py
[2022-06-17 13:17:04,359] {processor.py:641} INFO - Processing file /home/jarret/data-engineering-bootcamp/workspace/airflow-code-review/venv/lib/python3.7/site-packages/airflow/example_dags/example_latest_only.py for tasks to queue
[2022-06-17 13:17:04,360] {logging_mixin.py:115} INFO - [2022-06-17 13:17:04,360] {dagbag.py:507} INFO - Filling up the DagBag from /home/jarret/data-engineering-bootcamp/workspace/airflow-code-review/venv/lib/python3.7/site-packages/airflow/example_dags/example_latest_only.py
[2022-06-17 13:17:04,364] {processor.py:651} INFO - DAG(s) dict_keys(['latest_only']) retrieved from /home/jarret/data-engineering-bootcamp/workspace/airflow-code-review/venv/lib/python3.7/site-packages/airflow/example_dags/example_latest_only.py
[2022-06-17 13:17:04,374] {logging_mixin.py:115} INFO - [2022-06-17 13:17:04,374] {dag.py:2379} INFO - Sync 1 DAGs
[2022-06-17 13:17:04,391] {logging_mixin.py:115} INFO - [2022-06-17 13:17:04,391] {dag.py:2931} INFO - Setting next_dagrun for latest_only to 2022-06-17T16:17:04.390849+00:00, run_after=2022-06-17T20:17:04.390849+00:00
[2022-06-17 13:17:04,528] {processor.py:161} INFO - Processing /home/jarret/data-engineering-bootcamp/workspace/airflow-code-review/venv/lib/python3.7/site-packages/airflow/example_dags/example_latest_only.py took 0.183 seconds
[2022-06-17 13:17:58,453] {processor.py:153} INFO - Started process (PID=19161) to work on /home/jarret/data-engineering-bootcamp/workspace/airflow-code-review/venv/lib/python3.7/site-packages/airflow/example_dags/example_latest_only.py
[2022-06-17 13:17:58,462] {processor.py:641} INFO - Processing file /home/jarret/data-engineering-bootcamp/workspace/airflow-code-review/venv/lib/python3.7/site-packages/airflow/example_dags/example_latest_only.py for tasks to queue
[2022-06-17 13:17:58,463] {logging_mixin.py:115} INFO - [2022-06-17 13:17:58,462] {dagbag.py:507} INFO - Filling up the DagBag from /home/jarret/data-engineering-bootcamp/workspace/airflow-code-review/venv/lib/python3.7/site-packages/airflow/example_dags/example_latest_only.py
[2022-06-17 13:17:58,468] {processor.py:651} INFO - DAG(s) dict_keys(['latest_only']) retrieved from /home/jarret/data-engineering-bootcamp/workspace/airflow-code-review/venv/lib/python3.7/site-packages/airflow/example_dags/example_latest_only.py
[2022-06-17 13:17:58,481] {logging_mixin.py:115} INFO - [2022-06-17 13:17:58,481] {dag.py:2379} INFO - Sync 1 DAGs
[2022-06-17 13:17:58,498] {logging_mixin.py:115} INFO - [2022-06-17 13:17:58,498] {dag.py:2931} INFO - Setting next_dagrun for latest_only to 2022-06-17T16:17:58.498498+00:00, run_after=2022-06-17T20:17:58.498498+00:00
[2022-06-17 13:17:58,833] {processor.py:161} INFO - Processing /home/jarret/data-engineering-bootcamp/workspace/airflow-code-review/venv/lib/python3.7/site-packages/airflow/example_dags/example_latest_only.py took 0.384 seconds
[2022-06-17 13:18:42,297] {processor.py:153} INFO - Started process (PID=19200) to work on /home/jarret/data-engineering-bootcamp/workspace/airflow-code-review/venv/lib/python3.7/site-packages/airflow/example_dags/example_latest_only.py
[2022-06-17 13:18:42,298] {processor.py:641} INFO - Processing file /home/jarret/data-engineering-bootcamp/workspace/airflow-code-review/venv/lib/python3.7/site-packages/airflow/example_dags/example_latest_only.py for tasks to queue
[2022-06-17 13:18:42,299] {logging_mixin.py:115} INFO - [2022-06-17 13:18:42,299] {dagbag.py:507} INFO - Filling up the DagBag from /home/jarret/data-engineering-bootcamp/workspace/airflow-code-review/venv/lib/python3.7/site-packages/airflow/example_dags/example_latest_only.py
[2022-06-17 13:18:42,305] {processor.py:651} INFO - DAG(s) dict_keys(['latest_only']) retrieved from /home/jarret/data-engineering-bootcamp/workspace/airflow-code-review/venv/lib/python3.7/site-packages/airflow/example_dags/example_latest_only.py
[2022-06-17 13:18:42,315] {logging_mixin.py:115} INFO - [2022-06-17 13:18:42,315] {dag.py:2379} INFO - Sync 1 DAGs
[2022-06-17 13:18:42,332] {logging_mixin.py:115} INFO - [2022-06-17 13:18:42,332] {dag.py:2931} INFO - Setting next_dagrun for latest_only to 2022-06-17T16:18:42.332091+00:00, run_after=2022-06-17T20:18:42.332091+00:00
[2022-06-17 13:18:42,462] {processor.py:161} INFO - Processing /home/jarret/data-engineering-bootcamp/workspace/airflow-code-review/venv/lib/python3.7/site-packages/airflow/example_dags/example_latest_only.py took 0.168 seconds
[2022-06-17 13:19:45,477] {processor.py:153} INFO - Started process (PID=19257) to work on /home/jarret/data-engineering-bootcamp/workspace/airflow-code-review/venv/lib/python3.7/site-packages/airflow/example_dags/example_latest_only.py
[2022-06-17 13:19:45,478] {processor.py:641} INFO - Processing file /home/jarret/data-engineering-bootcamp/workspace/airflow-code-review/venv/lib/python3.7/site-packages/airflow/example_dags/example_latest_only.py for tasks to queue
[2022-06-17 13:19:45,479] {logging_mixin.py:115} INFO - [2022-06-17 13:19:45,479] {dagbag.py:507} INFO - Filling up the DagBag from /home/jarret/data-engineering-bootcamp/workspace/airflow-code-review/venv/lib/python3.7/site-packages/airflow/example_dags/example_latest_only.py
[2022-06-17 13:19:45,485] {processor.py:651} INFO - DAG(s) dict_keys(['latest_only']) retrieved from /home/jarret/data-engineering-bootcamp/workspace/airflow-code-review/venv/lib/python3.7/site-packages/airflow/example_dags/example_latest_only.py
[2022-06-17 13:19:45,496] {logging_mixin.py:115} INFO - [2022-06-17 13:19:45,496] {dag.py:2379} INFO - Sync 1 DAGs
[2022-06-17 13:19:45,512] {logging_mixin.py:115} INFO - [2022-06-17 13:19:45,512] {dag.py:2931} INFO - Setting next_dagrun for latest_only to 2022-06-17T16:19:45.512115+00:00, run_after=2022-06-17T20:19:45.512115+00:00
[2022-06-17 13:19:46,281] {processor.py:161} INFO - Processing /home/jarret/data-engineering-bootcamp/workspace/airflow-code-review/venv/lib/python3.7/site-packages/airflow/example_dags/example_latest_only.py took 0.808 seconds
[2022-06-17 13:20:50,083] {processor.py:153} INFO - Started process (PID=19373) to work on /home/jarret/data-engineering-bootcamp/workspace/airflow-code-review/venv/lib/python3.7/site-packages/airflow/example_dags/example_latest_only.py
[2022-06-17 13:20:50,117] {processor.py:641} INFO - Processing file /home/jarret/data-engineering-bootcamp/workspace/airflow-code-review/venv/lib/python3.7/site-packages/airflow/example_dags/example_latest_only.py for tasks to queue
[2022-06-17 13:20:50,118] {logging_mixin.py:115} INFO - [2022-06-17 13:20:50,117] {dagbag.py:507} INFO - Filling up the DagBag from /home/jarret/data-engineering-bootcamp/workspace/airflow-code-review/venv/lib/python3.7/site-packages/airflow/example_dags/example_latest_only.py
[2022-06-17 13:20:50,122] {processor.py:651} INFO - DAG(s) dict_keys(['latest_only']) retrieved from /home/jarret/data-engineering-bootcamp/workspace/airflow-code-review/venv/lib/python3.7/site-packages/airflow/example_dags/example_latest_only.py
[2022-06-17 13:20:50,136] {logging_mixin.py:115} INFO - [2022-06-17 13:20:50,136] {dag.py:2379} INFO - Sync 1 DAGs
[2022-06-17 13:20:50,153] {logging_mixin.py:115} INFO - [2022-06-17 13:20:50,153] {dag.py:2931} INFO - Setting next_dagrun for latest_only to 2022-06-17T16:20:50.153638+00:00, run_after=2022-06-17T20:20:50.153638+00:00
[2022-06-17 13:20:51,675] {processor.py:161} INFO - Processing /home/jarret/data-engineering-bootcamp/workspace/airflow-code-review/venv/lib/python3.7/site-packages/airflow/example_dags/example_latest_only.py took 1.594 seconds
[2022-06-17 13:21:36,034] {processor.py:153} INFO - Started process (PID=19466) to work on /home/jarret/data-engineering-bootcamp/workspace/airflow-code-review/venv/lib/python3.7/site-packages/airflow/example_dags/example_latest_only.py
[2022-06-17 13:21:36,042] {processor.py:641} INFO - Processing file /home/jarret/data-engineering-bootcamp/workspace/airflow-code-review/venv/lib/python3.7/site-packages/airflow/example_dags/example_latest_only.py for tasks to queue
[2022-06-17 13:21:36,043] {logging_mixin.py:115} INFO - [2022-06-17 13:21:36,043] {dagbag.py:507} INFO - Filling up the DagBag from /home/jarret/data-engineering-bootcamp/workspace/airflow-code-review/venv/lib/python3.7/site-packages/airflow/example_dags/example_latest_only.py
[2022-06-17 13:21:36,049] {processor.py:651} INFO - DAG(s) dict_keys(['latest_only']) retrieved from /home/jarret/data-engineering-bootcamp/workspace/airflow-code-review/venv/lib/python3.7/site-packages/airflow/example_dags/example_latest_only.py
[2022-06-17 13:21:36,060] {logging_mixin.py:115} INFO - [2022-06-17 13:21:36,060] {dag.py:2379} INFO - Sync 1 DAGs
[2022-06-17 13:21:36,076] {logging_mixin.py:115} INFO - [2022-06-17 13:21:36,075] {dag.py:2931} INFO - Setting next_dagrun for latest_only to 2022-06-17T16:21:36.075808+00:00, run_after=2022-06-17T20:21:36.075808+00:00
[2022-06-17 13:21:36,200] {processor.py:161} INFO - Processing /home/jarret/data-engineering-bootcamp/workspace/airflow-code-review/venv/lib/python3.7/site-packages/airflow/example_dags/example_latest_only.py took 0.168 seconds
[2022-06-17 13:22:36,211] {processor.py:153} INFO - Started process (PID=19579) to work on /home/jarret/data-engineering-bootcamp/workspace/airflow-code-review/venv/lib/python3.7/site-packages/airflow/example_dags/example_latest_only.py
[2022-06-17 13:22:36,223] {processor.py:641} INFO - Processing file /home/jarret/data-engineering-bootcamp/workspace/airflow-code-review/venv/lib/python3.7/site-packages/airflow/example_dags/example_latest_only.py for tasks to queue
[2022-06-17 13:22:36,223] {logging_mixin.py:115} INFO - [2022-06-17 13:22:36,223] {dagbag.py:507} INFO - Filling up the DagBag from /home/jarret/data-engineering-bootcamp/workspace/airflow-code-review/venv/lib/python3.7/site-packages/airflow/example_dags/example_latest_only.py
[2022-06-17 13:22:36,226] {processor.py:651} INFO - DAG(s) dict_keys(['latest_only']) retrieved from /home/jarret/data-engineering-bootcamp/workspace/airflow-code-review/venv/lib/python3.7/site-packages/airflow/example_dags/example_latest_only.py
[2022-06-17 13:22:36,237] {logging_mixin.py:115} INFO - [2022-06-17 13:22:36,237] {dag.py:2379} INFO - Sync 1 DAGs
[2022-06-17 13:22:36,254] {logging_mixin.py:115} INFO - [2022-06-17 13:22:36,254] {dag.py:2931} INFO - Setting next_dagrun for latest_only to 2022-06-17T16:22:36.254518+00:00, run_after=2022-06-17T20:22:36.254518+00:00
[2022-06-17 13:22:36,570] {processor.py:161} INFO - Processing /home/jarret/data-engineering-bootcamp/workspace/airflow-code-review/venv/lib/python3.7/site-packages/airflow/example_dags/example_latest_only.py took 0.362 seconds
[2022-06-17 13:23:33,727] {processor.py:153} INFO - Started process (PID=19682) to work on /home/jarret/data-engineering-bootcamp/workspace/airflow-code-review/venv/lib/python3.7/site-packages/airflow/example_dags/example_latest_only.py
[2022-06-17 13:23:33,743] {processor.py:641} INFO - Processing file /home/jarret/data-engineering-bootcamp/workspace/airflow-code-review/venv/lib/python3.7/site-packages/airflow/example_dags/example_latest_only.py for tasks to queue
[2022-06-17 13:23:33,743] {logging_mixin.py:115} INFO - [2022-06-17 13:23:33,743] {dagbag.py:507} INFO - Filling up the DagBag from /home/jarret/data-engineering-bootcamp/workspace/airflow-code-review/venv/lib/python3.7/site-packages/airflow/example_dags/example_latest_only.py
[2022-06-17 13:23:33,746] {processor.py:651} INFO - DAG(s) dict_keys(['latest_only']) retrieved from /home/jarret/data-engineering-bootcamp/workspace/airflow-code-review/venv/lib/python3.7/site-packages/airflow/example_dags/example_latest_only.py
[2022-06-17 13:23:33,758] {logging_mixin.py:115} INFO - [2022-06-17 13:23:33,758] {dag.py:2379} INFO - Sync 1 DAGs
[2022-06-17 13:23:33,775] {logging_mixin.py:115} INFO - [2022-06-17 13:23:33,774] {dag.py:2931} INFO - Setting next_dagrun for latest_only to 2022-06-17T16:23:33.774821+00:00, run_after=2022-06-17T20:23:33.774821+00:00
[2022-06-17 13:23:34,294] {processor.py:161} INFO - Processing /home/jarret/data-engineering-bootcamp/workspace/airflow-code-review/venv/lib/python3.7/site-packages/airflow/example_dags/example_latest_only.py took 0.570 seconds
[2022-06-17 13:24:49,910] {processor.py:153} INFO - Started process (PID=19826) to work on /home/jarret/data-engineering-bootcamp/workspace/airflow-code-review/venv/lib/python3.7/site-packages/airflow/example_dags/example_latest_only.py
[2022-06-17 13:24:49,923] {processor.py:641} INFO - Processing file /home/jarret/data-engineering-bootcamp/workspace/airflow-code-review/venv/lib/python3.7/site-packages/airflow/example_dags/example_latest_only.py for tasks to queue
[2022-06-17 13:24:49,924] {logging_mixin.py:115} INFO - [2022-06-17 13:24:49,924] {dagbag.py:507} INFO - Filling up the DagBag from /home/jarret/data-engineering-bootcamp/workspace/airflow-code-review/venv/lib/python3.7/site-packages/airflow/example_dags/example_latest_only.py
[2022-06-17 13:24:49,928] {processor.py:651} INFO - DAG(s) dict_keys(['latest_only']) retrieved from /home/jarret/data-engineering-bootcamp/workspace/airflow-code-review/venv/lib/python3.7/site-packages/airflow/example_dags/example_latest_only.py
[2022-06-17 13:24:49,942] {logging_mixin.py:115} INFO - [2022-06-17 13:24:49,942] {dag.py:2379} INFO - Sync 1 DAGs
[2022-06-17 13:24:49,960] {logging_mixin.py:115} INFO - [2022-06-17 13:24:49,960] {dag.py:2931} INFO - Setting next_dagrun for latest_only to 2022-06-17T16:24:49.959857+00:00, run_after=2022-06-17T20:24:49.959857+00:00
[2022-06-17 13:24:50,060] {processor.py:161} INFO - Processing /home/jarret/data-engineering-bootcamp/workspace/airflow-code-review/venv/lib/python3.7/site-packages/airflow/example_dags/example_latest_only.py took 0.152 seconds
[2022-06-17 13:25:42,346] {processor.py:153} INFO - Started process (PID=19928) to work on /home/jarret/data-engineering-bootcamp/workspace/airflow-code-review/venv/lib/python3.7/site-packages/airflow/example_dags/example_latest_only.py
[2022-06-17 13:25:42,350] {processor.py:641} INFO - Processing file /home/jarret/data-engineering-bootcamp/workspace/airflow-code-review/venv/lib/python3.7/site-packages/airflow/example_dags/example_latest_only.py for tasks to queue
[2022-06-17 13:25:42,350] {logging_mixin.py:115} INFO - [2022-06-17 13:25:42,350] {dagbag.py:507} INFO - Filling up the DagBag from /home/jarret/data-engineering-bootcamp/workspace/airflow-code-review/venv/lib/python3.7/site-packages/airflow/example_dags/example_latest_only.py
[2022-06-17 13:25:42,355] {processor.py:651} INFO - DAG(s) dict_keys(['latest_only']) retrieved from /home/jarret/data-engineering-bootcamp/workspace/airflow-code-review/venv/lib/python3.7/site-packages/airflow/example_dags/example_latest_only.py
[2022-06-17 13:25:42,366] {logging_mixin.py:115} INFO - [2022-06-17 13:25:42,366] {dag.py:2379} INFO - Sync 1 DAGs
[2022-06-17 13:25:42,382] {logging_mixin.py:115} INFO - [2022-06-17 13:25:42,382] {dag.py:2931} INFO - Setting next_dagrun for latest_only to 2022-06-17T16:25:42.382330+00:00, run_after=2022-06-17T20:25:42.382330+00:00
[2022-06-17 13:25:42,495] {processor.py:161} INFO - Processing /home/jarret/data-engineering-bootcamp/workspace/airflow-code-review/venv/lib/python3.7/site-packages/airflow/example_dags/example_latest_only.py took 0.152 seconds
[2022-06-17 13:26:35,298] {processor.py:153} INFO - Started process (PID=20039) to work on /home/jarret/data-engineering-bootcamp/workspace/airflow-code-review/venv/lib/python3.7/site-packages/airflow/example_dags/example_latest_only.py
[2022-06-17 13:26:35,309] {processor.py:641} INFO - Processing file /home/jarret/data-engineering-bootcamp/workspace/airflow-code-review/venv/lib/python3.7/site-packages/airflow/example_dags/example_latest_only.py for tasks to queue
[2022-06-17 13:26:35,310] {logging_mixin.py:115} INFO - [2022-06-17 13:26:35,310] {dagbag.py:507} INFO - Filling up the DagBag from /home/jarret/data-engineering-bootcamp/workspace/airflow-code-review/venv/lib/python3.7/site-packages/airflow/example_dags/example_latest_only.py
[2022-06-17 13:26:35,313] {processor.py:651} INFO - DAG(s) dict_keys(['latest_only']) retrieved from /home/jarret/data-engineering-bootcamp/workspace/airflow-code-review/venv/lib/python3.7/site-packages/airflow/example_dags/example_latest_only.py
[2022-06-17 13:26:35,323] {logging_mixin.py:115} INFO - [2022-06-17 13:26:35,323] {dag.py:2379} INFO - Sync 1 DAGs
[2022-06-17 13:26:35,339] {logging_mixin.py:115} INFO - [2022-06-17 13:26:35,339] {dag.py:2931} INFO - Setting next_dagrun for latest_only to 2022-06-17T16:26:35.339475+00:00, run_after=2022-06-17T20:26:35.339475+00:00
[2022-06-17 13:26:35,455] {processor.py:161} INFO - Processing /home/jarret/data-engineering-bootcamp/workspace/airflow-code-review/venv/lib/python3.7/site-packages/airflow/example_dags/example_latest_only.py took 0.160 seconds
[2022-06-17 13:27:17,485] {processor.py:153} INFO - Started process (PID=20122) to work on /home/jarret/data-engineering-bootcamp/workspace/airflow-code-review/venv/lib/python3.7/site-packages/airflow/example_dags/example_latest_only.py
[2022-06-17 13:27:17,497] {processor.py:641} INFO - Processing file /home/jarret/data-engineering-bootcamp/workspace/airflow-code-review/venv/lib/python3.7/site-packages/airflow/example_dags/example_latest_only.py for tasks to queue
[2022-06-17 13:27:17,497] {logging_mixin.py:115} INFO - [2022-06-17 13:27:17,497] {dagbag.py:507} INFO - Filling up the DagBag from /home/jarret/data-engineering-bootcamp/workspace/airflow-code-review/venv/lib/python3.7/site-packages/airflow/example_dags/example_latest_only.py
[2022-06-17 13:27:17,500] {processor.py:651} INFO - DAG(s) dict_keys(['latest_only']) retrieved from /home/jarret/data-engineering-bootcamp/workspace/airflow-code-review/venv/lib/python3.7/site-packages/airflow/example_dags/example_latest_only.py
[2022-06-17 13:27:17,511] {logging_mixin.py:115} INFO - [2022-06-17 13:27:17,511] {dag.py:2379} INFO - Sync 1 DAGs
[2022-06-17 13:27:17,527] {logging_mixin.py:115} INFO - [2022-06-17 13:27:17,527] {dag.py:2931} INFO - Setting next_dagrun for latest_only to 2022-06-17T16:27:17.527248+00:00, run_after=2022-06-17T20:27:17.527248+00:00
[2022-06-17 13:27:18,580] {processor.py:161} INFO - Processing /home/jarret/data-engineering-bootcamp/workspace/airflow-code-review/venv/lib/python3.7/site-packages/airflow/example_dags/example_latest_only.py took 1.099 seconds
[2022-06-17 13:28:03,037] {processor.py:153} INFO - Started process (PID=20217) to work on /home/jarret/data-engineering-bootcamp/workspace/airflow-code-review/venv/lib/python3.7/site-packages/airflow/example_dags/example_latest_only.py
[2022-06-17 13:28:03,042] {processor.py:641} INFO - Processing file /home/jarret/data-engineering-bootcamp/workspace/airflow-code-review/venv/lib/python3.7/site-packages/airflow/example_dags/example_latest_only.py for tasks to queue
[2022-06-17 13:28:03,043] {logging_mixin.py:115} INFO - [2022-06-17 13:28:03,043] {dagbag.py:507} INFO - Filling up the DagBag from /home/jarret/data-engineering-bootcamp/workspace/airflow-code-review/venv/lib/python3.7/site-packages/airflow/example_dags/example_latest_only.py
[2022-06-17 13:28:03,046] {processor.py:651} INFO - DAG(s) dict_keys(['latest_only']) retrieved from /home/jarret/data-engineering-bootcamp/workspace/airflow-code-review/venv/lib/python3.7/site-packages/airflow/example_dags/example_latest_only.py
[2022-06-17 13:28:03,057] {logging_mixin.py:115} INFO - [2022-06-17 13:28:03,057] {dag.py:2379} INFO - Sync 1 DAGs
[2022-06-17 13:28:03,074] {logging_mixin.py:115} INFO - [2022-06-17 13:28:03,073] {dag.py:2931} INFO - Setting next_dagrun for latest_only to 2022-06-17T16:28:03.073808+00:00, run_after=2022-06-17T20:28:03.073808+00:00
[2022-06-17 13:28:03,927] {processor.py:161} INFO - Processing /home/jarret/data-engineering-bootcamp/workspace/airflow-code-review/venv/lib/python3.7/site-packages/airflow/example_dags/example_latest_only.py took 0.893 seconds
[2022-06-17 13:29:05,290] {processor.py:153} INFO - Started process (PID=20287) to work on /home/jarret/data-engineering-bootcamp/workspace/airflow-code-review/venv/lib/python3.7/site-packages/airflow/example_dags/example_latest_only.py
[2022-06-17 13:29:05,294] {processor.py:641} INFO - Processing file /home/jarret/data-engineering-bootcamp/workspace/airflow-code-review/venv/lib/python3.7/site-packages/airflow/example_dags/example_latest_only.py for tasks to queue
[2022-06-17 13:29:05,295] {logging_mixin.py:115} INFO - [2022-06-17 13:29:05,294] {dagbag.py:507} INFO - Filling up the DagBag from /home/jarret/data-engineering-bootcamp/workspace/airflow-code-review/venv/lib/python3.7/site-packages/airflow/example_dags/example_latest_only.py
[2022-06-17 13:29:05,300] {processor.py:651} INFO - DAG(s) dict_keys(['latest_only']) retrieved from /home/jarret/data-engineering-bootcamp/workspace/airflow-code-review/venv/lib/python3.7/site-packages/airflow/example_dags/example_latest_only.py
[2022-06-17 13:29:05,314] {logging_mixin.py:115} INFO - [2022-06-17 13:29:05,314] {dag.py:2379} INFO - Sync 1 DAGs
[2022-06-17 13:29:05,331] {logging_mixin.py:115} INFO - [2022-06-17 13:29:05,331] {dag.py:2931} INFO - Setting next_dagrun for latest_only to 2022-06-17T16:29:05.331428+00:00, run_after=2022-06-17T20:29:05.331428+00:00
[2022-06-17 13:29:05,597] {processor.py:161} INFO - Processing /home/jarret/data-engineering-bootcamp/workspace/airflow-code-review/venv/lib/python3.7/site-packages/airflow/example_dags/example_latest_only.py took 0.311 seconds
[2022-06-17 13:29:58,955] {processor.py:153} INFO - Started process (PID=20535) to work on /home/jarret/data-engineering-bootcamp/workspace/airflow-code-review/venv/lib/python3.7/site-packages/airflow/example_dags/example_latest_only.py
[2022-06-17 13:29:59,140] {processor.py:641} INFO - Processing file /home/jarret/data-engineering-bootcamp/workspace/airflow-code-review/venv/lib/python3.7/site-packages/airflow/example_dags/example_latest_only.py for tasks to queue
[2022-06-17 13:29:59,141] {logging_mixin.py:115} INFO - [2022-06-17 13:29:59,141] {dagbag.py:507} INFO - Filling up the DagBag from /home/jarret/data-engineering-bootcamp/workspace/airflow-code-review/venv/lib/python3.7/site-packages/airflow/example_dags/example_latest_only.py
[2022-06-17 13:29:59,148] {processor.py:651} INFO - DAG(s) dict_keys(['latest_only']) retrieved from /home/jarret/data-engineering-bootcamp/workspace/airflow-code-review/venv/lib/python3.7/site-packages/airflow/example_dags/example_latest_only.py
[2022-06-17 13:29:59,164] {logging_mixin.py:115} INFO - [2022-06-17 13:29:59,164] {dag.py:2379} INFO - Sync 1 DAGs
[2022-06-17 13:29:59,180] {logging_mixin.py:115} INFO - [2022-06-17 13:29:59,180] {dag.py:2931} INFO - Setting next_dagrun for latest_only to 2022-06-17T16:29:59.180529+00:00, run_after=2022-06-17T20:29:59.180529+00:00
[2022-06-17 13:29:59,844] {processor.py:161} INFO - Processing /home/jarret/data-engineering-bootcamp/workspace/airflow-code-review/venv/lib/python3.7/site-packages/airflow/example_dags/example_latest_only.py took 0.892 seconds
[2022-06-17 13:31:03,506] {processor.py:153} INFO - Started process (PID=20666) to work on /home/jarret/data-engineering-bootcamp/workspace/airflow-code-review/venv/lib/python3.7/site-packages/airflow/example_dags/example_latest_only.py
[2022-06-17 13:31:03,513] {processor.py:641} INFO - Processing file /home/jarret/data-engineering-bootcamp/workspace/airflow-code-review/venv/lib/python3.7/site-packages/airflow/example_dags/example_latest_only.py for tasks to queue
[2022-06-17 13:31:03,514] {logging_mixin.py:115} INFO - [2022-06-17 13:31:03,514] {dagbag.py:507} INFO - Filling up the DagBag from /home/jarret/data-engineering-bootcamp/workspace/airflow-code-review/venv/lib/python3.7/site-packages/airflow/example_dags/example_latest_only.py
[2022-06-17 13:31:03,519] {processor.py:651} INFO - DAG(s) dict_keys(['latest_only']) retrieved from /home/jarret/data-engineering-bootcamp/workspace/airflow-code-review/venv/lib/python3.7/site-packages/airflow/example_dags/example_latest_only.py
[2022-06-17 13:31:03,531] {logging_mixin.py:115} INFO - [2022-06-17 13:31:03,531] {dag.py:2379} INFO - Sync 1 DAGs
[2022-06-17 13:31:03,548] {logging_mixin.py:115} INFO - [2022-06-17 13:31:03,548] {dag.py:2931} INFO - Setting next_dagrun for latest_only to 2022-06-17T16:31:03.548038+00:00, run_after=2022-06-17T20:31:03.548038+00:00
[2022-06-17 13:31:03,728] {processor.py:161} INFO - Processing /home/jarret/data-engineering-bootcamp/workspace/airflow-code-review/venv/lib/python3.7/site-packages/airflow/example_dags/example_latest_only.py took 0.225 seconds
[2022-06-17 13:31:56,435] {processor.py:153} INFO - Started process (PID=21446) to work on /home/jarret/data-engineering-bootcamp/workspace/airflow-code-review/venv/lib/python3.7/site-packages/airflow/example_dags/example_latest_only.py
[2022-06-17 13:31:56,445] {processor.py:641} INFO - Processing file /home/jarret/data-engineering-bootcamp/workspace/airflow-code-review/venv/lib/python3.7/site-packages/airflow/example_dags/example_latest_only.py for tasks to queue
[2022-06-17 13:31:56,446] {logging_mixin.py:115} INFO - [2022-06-17 13:31:56,446] {dagbag.py:507} INFO - Filling up the DagBag from /home/jarret/data-engineering-bootcamp/workspace/airflow-code-review/venv/lib/python3.7/site-packages/airflow/example_dags/example_latest_only.py
[2022-06-17 13:31:56,449] {processor.py:651} INFO - DAG(s) dict_keys(['latest_only']) retrieved from /home/jarret/data-engineering-bootcamp/workspace/airflow-code-review/venv/lib/python3.7/site-packages/airflow/example_dags/example_latest_only.py
[2022-06-17 13:31:56,460] {logging_mixin.py:115} INFO - [2022-06-17 13:31:56,460] {dag.py:2379} INFO - Sync 1 DAGs
[2022-06-17 13:31:56,478] {logging_mixin.py:115} INFO - [2022-06-17 13:31:56,478] {dag.py:2931} INFO - Setting next_dagrun for latest_only to 2022-06-17T16:31:56.478303+00:00, run_after=2022-06-17T20:31:56.478303+00:00
[2022-06-17 13:31:56,591] {processor.py:161} INFO - Processing /home/jarret/data-engineering-bootcamp/workspace/airflow-code-review/venv/lib/python3.7/site-packages/airflow/example_dags/example_latest_only.py took 0.157 seconds
[2022-06-17 13:32:53,967] {processor.py:153} INFO - Started process (PID=22301) to work on /home/jarret/data-engineering-bootcamp/workspace/airflow-code-review/venv/lib/python3.7/site-packages/airflow/example_dags/example_latest_only.py
[2022-06-17 13:32:54,066] {processor.py:641} INFO - Processing file /home/jarret/data-engineering-bootcamp/workspace/airflow-code-review/venv/lib/python3.7/site-packages/airflow/example_dags/example_latest_only.py for tasks to queue
[2022-06-17 13:32:54,067] {logging_mixin.py:115} INFO - [2022-06-17 13:32:54,067] {dagbag.py:507} INFO - Filling up the DagBag from /home/jarret/data-engineering-bootcamp/workspace/airflow-code-review/venv/lib/python3.7/site-packages/airflow/example_dags/example_latest_only.py
[2022-06-17 13:32:54,073] {processor.py:651} INFO - DAG(s) dict_keys(['latest_only']) retrieved from /home/jarret/data-engineering-bootcamp/workspace/airflow-code-review/venv/lib/python3.7/site-packages/airflow/example_dags/example_latest_only.py
[2022-06-17 13:32:54,084] {logging_mixin.py:115} INFO - [2022-06-17 13:32:54,084] {dag.py:2379} INFO - Sync 1 DAGs
[2022-06-17 13:32:54,101] {logging_mixin.py:115} INFO - [2022-06-17 13:32:54,100] {dag.py:2931} INFO - Setting next_dagrun for latest_only to 2022-06-17T16:32:54.100714+00:00, run_after=2022-06-17T20:32:54.100714+00:00
[2022-06-17 13:32:54,587] {processor.py:161} INFO - Processing /home/jarret/data-engineering-bootcamp/workspace/airflow-code-review/venv/lib/python3.7/site-packages/airflow/example_dags/example_latest_only.py took 0.624 seconds
[2022-06-17 13:33:47,689] {processor.py:153} INFO - Started process (PID=23020) to work on /home/jarret/data-engineering-bootcamp/workspace/airflow-code-review/venv/lib/python3.7/site-packages/airflow/example_dags/example_latest_only.py
[2022-06-17 13:33:47,693] {processor.py:641} INFO - Processing file /home/jarret/data-engineering-bootcamp/workspace/airflow-code-review/venv/lib/python3.7/site-packages/airflow/example_dags/example_latest_only.py for tasks to queue
[2022-06-17 13:33:47,694] {logging_mixin.py:115} INFO - [2022-06-17 13:33:47,694] {dagbag.py:507} INFO - Filling up the DagBag from /home/jarret/data-engineering-bootcamp/workspace/airflow-code-review/venv/lib/python3.7/site-packages/airflow/example_dags/example_latest_only.py
[2022-06-17 13:33:47,700] {processor.py:651} INFO - DAG(s) dict_keys(['latest_only']) retrieved from /home/jarret/data-engineering-bootcamp/workspace/airflow-code-review/venv/lib/python3.7/site-packages/airflow/example_dags/example_latest_only.py
[2022-06-17 13:33:47,716] {logging_mixin.py:115} INFO - [2022-06-17 13:33:47,716] {dag.py:2379} INFO - Sync 1 DAGs
[2022-06-17 13:33:47,733] {logging_mixin.py:115} INFO - [2022-06-17 13:33:47,732] {dag.py:2931} INFO - Setting next_dagrun for latest_only to 2022-06-17T16:33:47.732792+00:00, run_after=2022-06-17T20:33:47.732792+00:00
[2022-06-17 13:33:48,314] {processor.py:161} INFO - Processing /home/jarret/data-engineering-bootcamp/workspace/airflow-code-review/venv/lib/python3.7/site-packages/airflow/example_dags/example_latest_only.py took 0.628 seconds
[2022-06-17 13:34:40,810] {processor.py:153} INFO - Started process (PID=23086) to work on /home/jarret/data-engineering-bootcamp/workspace/airflow-code-review/venv/lib/python3.7/site-packages/airflow/example_dags/example_latest_only.py
[2022-06-17 13:34:40,818] {processor.py:641} INFO - Processing file /home/jarret/data-engineering-bootcamp/workspace/airflow-code-review/venv/lib/python3.7/site-packages/airflow/example_dags/example_latest_only.py for tasks to queue
[2022-06-17 13:34:40,818] {logging_mixin.py:115} INFO - [2022-06-17 13:34:40,818] {dagbag.py:507} INFO - Filling up the DagBag from /home/jarret/data-engineering-bootcamp/workspace/airflow-code-review/venv/lib/python3.7/site-packages/airflow/example_dags/example_latest_only.py
[2022-06-17 13:34:40,821] {processor.py:651} INFO - DAG(s) dict_keys(['latest_only']) retrieved from /home/jarret/data-engineering-bootcamp/workspace/airflow-code-review/venv/lib/python3.7/site-packages/airflow/example_dags/example_latest_only.py
[2022-06-17 13:34:40,832] {logging_mixin.py:115} INFO - [2022-06-17 13:34:40,832] {dag.py:2379} INFO - Sync 1 DAGs
[2022-06-17 13:34:40,849] {logging_mixin.py:115} INFO - [2022-06-17 13:34:40,849] {dag.py:2931} INFO - Setting next_dagrun for latest_only to 2022-06-17T16:34:40.848799+00:00, run_after=2022-06-17T20:34:40.848799+00:00
