[2022-06-17 12:37:25,642] {processor.py:153} INFO - Started process (PID=15729) to work on /home/jarret/data-engineering-bootcamp/workspace/airflow-code-review/venv/lib/python3.7/site-packages/airflow/example_dags/example_task_group_decorator.py
[2022-06-17 12:37:25,643] {processor.py:641} INFO - Processing file /home/jarret/data-engineering-bootcamp/workspace/airflow-code-review/venv/lib/python3.7/site-packages/airflow/example_dags/example_task_group_decorator.py for tasks to queue
[2022-06-17 12:37:25,643] {logging_mixin.py:115} INFO - [2022-06-17 12:37:25,643] {dagbag.py:507} INFO - Filling up the DagBag from /home/jarret/data-engineering-bootcamp/workspace/airflow-code-review/venv/lib/python3.7/site-packages/airflow/example_dags/example_task_group_decorator.py
[2022-06-17 12:37:25,663] {processor.py:651} INFO - DAG(s) dict_keys(['example_task_group_decorator']) retrieved from /home/jarret/data-engineering-bootcamp/workspace/airflow-code-review/venv/lib/python3.7/site-packages/airflow/example_dags/example_task_group_decorator.py
[2022-06-17 12:37:27,954] {logging_mixin.py:115} INFO - [2022-06-17 12:37:27,954] {manager.py:508} INFO - Created Permission View: can read on DAG:example_task_group_decorator
[2022-06-17 12:37:28,074] {logging_mixin.py:115} INFO - [2022-06-17 12:37:28,074] {manager.py:508} INFO - Created Permission View: can delete on DAG:example_task_group_decorator
[2022-06-17 12:37:28,216] {logging_mixin.py:115} INFO - [2022-06-17 12:37:28,215] {manager.py:508} INFO - Created Permission View: can edit on DAG:example_task_group_decorator
[2022-06-17 12:37:28,216] {logging_mixin.py:115} INFO - [2022-06-17 12:37:28,216] {dag.py:2379} INFO - Sync 1 DAGs
[2022-06-17 12:37:28,230] {logging_mixin.py:115} INFO - [2022-06-17 12:37:28,230] {dag.py:2398} INFO - Creating ORM DAG for example_task_group_decorator
[2022-06-17 12:37:28,239] {logging_mixin.py:115} INFO - [2022-06-17 12:37:28,239] {dag.py:2931} INFO - Setting next_dagrun for example_task_group_decorator to 2022-06-16T19:37:28.239199+00:00, run_after=2022-06-17T19:37:28.239199+00:00
[2022-06-17 12:37:28,449] {processor.py:161} INFO - Processing /home/jarret/data-engineering-bootcamp/workspace/airflow-code-review/venv/lib/python3.7/site-packages/airflow/example_dags/example_task_group_decorator.py took 2.808 seconds
[2022-06-17 12:38:40,736] {processor.py:153} INFO - Started process (PID=15792) to work on /home/jarret/data-engineering-bootcamp/workspace/airflow-code-review/venv/lib/python3.7/site-packages/airflow/example_dags/example_task_group_decorator.py
[2022-06-17 12:38:40,737] {processor.py:641} INFO - Processing file /home/jarret/data-engineering-bootcamp/workspace/airflow-code-review/venv/lib/python3.7/site-packages/airflow/example_dags/example_task_group_decorator.py for tasks to queue
[2022-06-17 12:38:40,738] {logging_mixin.py:115} INFO - [2022-06-17 12:38:40,738] {dagbag.py:507} INFO - Filling up the DagBag from /home/jarret/data-engineering-bootcamp/workspace/airflow-code-review/venv/lib/python3.7/site-packages/airflow/example_dags/example_task_group_decorator.py
[2022-06-17 12:38:40,757] {processor.py:651} INFO - DAG(s) dict_keys(['example_task_group_decorator']) retrieved from /home/jarret/data-engineering-bootcamp/workspace/airflow-code-review/venv/lib/python3.7/site-packages/airflow/example_dags/example_task_group_decorator.py
[2022-06-17 12:38:40,803] {logging_mixin.py:115} INFO - [2022-06-17 12:38:40,803] {dag.py:2379} INFO - Sync 1 DAGs
[2022-06-17 12:38:40,817] {logging_mixin.py:115} INFO - [2022-06-17 12:38:40,817] {dag.py:2931} INFO - Setting next_dagrun for example_task_group_decorator to 2022-06-16T19:38:40.817010+00:00, run_after=2022-06-17T19:38:40.817010+00:00
[2022-06-17 12:38:41,604] {processor.py:161} INFO - Processing /home/jarret/data-engineering-bootcamp/workspace/airflow-code-review/venv/lib/python3.7/site-packages/airflow/example_dags/example_task_group_decorator.py took 0.871 seconds
[2022-06-17 12:39:36,496] {processor.py:153} INFO - Started process (PID=15839) to work on /home/jarret/data-engineering-bootcamp/workspace/airflow-code-review/venv/lib/python3.7/site-packages/airflow/example_dags/example_task_group_decorator.py
[2022-06-17 12:39:36,497] {processor.py:641} INFO - Processing file /home/jarret/data-engineering-bootcamp/workspace/airflow-code-review/venv/lib/python3.7/site-packages/airflow/example_dags/example_task_group_decorator.py for tasks to queue
[2022-06-17 12:39:36,497] {logging_mixin.py:115} INFO - [2022-06-17 12:39:36,497] {dagbag.py:507} INFO - Filling up the DagBag from /home/jarret/data-engineering-bootcamp/workspace/airflow-code-review/venv/lib/python3.7/site-packages/airflow/example_dags/example_task_group_decorator.py
[2022-06-17 12:39:36,516] {processor.py:651} INFO - DAG(s) dict_keys(['example_task_group_decorator']) retrieved from /home/jarret/data-engineering-bootcamp/workspace/airflow-code-review/venv/lib/python3.7/site-packages/airflow/example_dags/example_task_group_decorator.py
[2022-06-17 12:39:36,565] {logging_mixin.py:115} INFO - [2022-06-17 12:39:36,564] {dag.py:2379} INFO - Sync 1 DAGs
[2022-06-17 12:39:36,580] {logging_mixin.py:115} INFO - [2022-06-17 12:39:36,580] {dag.py:2931} INFO - Setting next_dagrun for example_task_group_decorator to 2022-06-16T19:39:36.579999+00:00, run_after=2022-06-17T19:39:36.579999+00:00
[2022-06-17 12:39:36,947] {processor.py:161} INFO - Processing /home/jarret/data-engineering-bootcamp/workspace/airflow-code-review/venv/lib/python3.7/site-packages/airflow/example_dags/example_task_group_decorator.py took 0.453 seconds
[2022-06-17 12:40:35,094] {processor.py:153} INFO - Started process (PID=15903) to work on /home/jarret/data-engineering-bootcamp/workspace/airflow-code-review/venv/lib/python3.7/site-packages/airflow/example_dags/example_task_group_decorator.py
[2022-06-17 12:40:35,095] {processor.py:641} INFO - Processing file /home/jarret/data-engineering-bootcamp/workspace/airflow-code-review/venv/lib/python3.7/site-packages/airflow/example_dags/example_task_group_decorator.py for tasks to queue
[2022-06-17 12:40:35,096] {logging_mixin.py:115} INFO - [2022-06-17 12:40:35,096] {dagbag.py:507} INFO - Filling up the DagBag from /home/jarret/data-engineering-bootcamp/workspace/airflow-code-review/venv/lib/python3.7/site-packages/airflow/example_dags/example_task_group_decorator.py
[2022-06-17 12:40:35,117] {processor.py:651} INFO - DAG(s) dict_keys(['example_task_group_decorator']) retrieved from /home/jarret/data-engineering-bootcamp/workspace/airflow-code-review/venv/lib/python3.7/site-packages/airflow/example_dags/example_task_group_decorator.py
[2022-06-17 12:40:35,163] {logging_mixin.py:115} INFO - [2022-06-17 12:40:35,163] {dag.py:2379} INFO - Sync 1 DAGs
[2022-06-17 12:40:35,177] {logging_mixin.py:115} INFO - [2022-06-17 12:40:35,177] {dag.py:2931} INFO - Setting next_dagrun for example_task_group_decorator to 2022-06-16T19:40:35.177469+00:00, run_after=2022-06-17T19:40:35.177469+00:00
[2022-06-17 12:40:36,344] {processor.py:161} INFO - Processing /home/jarret/data-engineering-bootcamp/workspace/airflow-code-review/venv/lib/python3.7/site-packages/airflow/example_dags/example_task_group_decorator.py took 1.253 seconds
[2022-06-17 12:41:29,886] {processor.py:153} INFO - Started process (PID=15982) to work on /home/jarret/data-engineering-bootcamp/workspace/airflow-code-review/venv/lib/python3.7/site-packages/airflow/example_dags/example_task_group_decorator.py
[2022-06-17 12:41:29,901] {processor.py:641} INFO - Processing file /home/jarret/data-engineering-bootcamp/workspace/airflow-code-review/venv/lib/python3.7/site-packages/airflow/example_dags/example_task_group_decorator.py for tasks to queue
[2022-06-17 12:41:29,901] {logging_mixin.py:115} INFO - [2022-06-17 12:41:29,901] {dagbag.py:507} INFO - Filling up the DagBag from /home/jarret/data-engineering-bootcamp/workspace/airflow-code-review/venv/lib/python3.7/site-packages/airflow/example_dags/example_task_group_decorator.py
[2022-06-17 12:41:29,923] {processor.py:651} INFO - DAG(s) dict_keys(['example_task_group_decorator']) retrieved from /home/jarret/data-engineering-bootcamp/workspace/airflow-code-review/venv/lib/python3.7/site-packages/airflow/example_dags/example_task_group_decorator.py
[2022-06-17 12:41:29,971] {logging_mixin.py:115} INFO - [2022-06-17 12:41:29,971] {dag.py:2379} INFO - Sync 1 DAGs
[2022-06-17 12:41:29,985] {logging_mixin.py:115} INFO - [2022-06-17 12:41:29,985] {dag.py:2931} INFO - Setting next_dagrun for example_task_group_decorator to 2022-06-16T19:41:29.985258+00:00, run_after=2022-06-17T19:41:29.985258+00:00
[2022-06-17 12:41:30,116] {processor.py:161} INFO - Processing /home/jarret/data-engineering-bootcamp/workspace/airflow-code-review/venv/lib/python3.7/site-packages/airflow/example_dags/example_task_group_decorator.py took 0.233 seconds
[2022-06-17 12:43:13,648] {processor.py:153} INFO - Started process (PID=16118) to work on /home/jarret/data-engineering-bootcamp/workspace/airflow-code-review/venv/lib/python3.7/site-packages/airflow/example_dags/example_task_group_decorator.py
[2022-06-17 12:43:13,649] {processor.py:641} INFO - Processing file /home/jarret/data-engineering-bootcamp/workspace/airflow-code-review/venv/lib/python3.7/site-packages/airflow/example_dags/example_task_group_decorator.py for tasks to queue
[2022-06-17 12:43:13,650] {logging_mixin.py:115} INFO - [2022-06-17 12:43:13,649] {dagbag.py:507} INFO - Filling up the DagBag from /home/jarret/data-engineering-bootcamp/workspace/airflow-code-review/venv/lib/python3.7/site-packages/airflow/example_dags/example_task_group_decorator.py
[2022-06-17 12:43:13,670] {processor.py:651} INFO - DAG(s) dict_keys(['example_task_group_decorator']) retrieved from /home/jarret/data-engineering-bootcamp/workspace/airflow-code-review/venv/lib/python3.7/site-packages/airflow/example_dags/example_task_group_decorator.py
[2022-06-17 12:43:13,717] {logging_mixin.py:115} INFO - [2022-06-17 12:43:13,717] {dag.py:2379} INFO - Sync 1 DAGs
[2022-06-17 12:43:13,731] {logging_mixin.py:115} INFO - [2022-06-17 12:43:13,731] {dag.py:2931} INFO - Setting next_dagrun for example_task_group_decorator to 2022-06-16T19:43:13.731520+00:00, run_after=2022-06-17T19:43:13.731520+00:00
[2022-06-17 12:43:15,010] {processor.py:161} INFO - Processing /home/jarret/data-engineering-bootcamp/workspace/airflow-code-review/venv/lib/python3.7/site-packages/airflow/example_dags/example_task_group_decorator.py took 1.365 seconds
[2022-06-17 12:44:14,974] {processor.py:153} INFO - Started process (PID=16211) to work on /home/jarret/data-engineering-bootcamp/workspace/airflow-code-review/venv/lib/python3.7/site-packages/airflow/example_dags/example_task_group_decorator.py
[2022-06-17 12:44:14,979] {processor.py:641} INFO - Processing file /home/jarret/data-engineering-bootcamp/workspace/airflow-code-review/venv/lib/python3.7/site-packages/airflow/example_dags/example_task_group_decorator.py for tasks to queue
[2022-06-17 12:44:14,979] {logging_mixin.py:115} INFO - [2022-06-17 12:44:14,979] {dagbag.py:507} INFO - Filling up the DagBag from /home/jarret/data-engineering-bootcamp/workspace/airflow-code-review/venv/lib/python3.7/site-packages/airflow/example_dags/example_task_group_decorator.py
[2022-06-17 12:44:15,013] {processor.py:651} INFO - DAG(s) dict_keys(['example_task_group_decorator']) retrieved from /home/jarret/data-engineering-bootcamp/workspace/airflow-code-review/venv/lib/python3.7/site-packages/airflow/example_dags/example_task_group_decorator.py
[2022-06-17 12:44:15,062] {logging_mixin.py:115} INFO - [2022-06-17 12:44:15,062] {dag.py:2379} INFO - Sync 1 DAGs
[2022-06-17 12:44:15,076] {logging_mixin.py:115} INFO - [2022-06-17 12:44:15,076] {dag.py:2931} INFO - Setting next_dagrun for example_task_group_decorator to 2022-06-16T19:44:15.076345+00:00, run_after=2022-06-17T19:44:15.076345+00:00
[2022-06-17 12:44:15,462] {processor.py:161} INFO - Processing /home/jarret/data-engineering-bootcamp/workspace/airflow-code-review/venv/lib/python3.7/site-packages/airflow/example_dags/example_task_group_decorator.py took 0.490 seconds
[2022-06-17 12:45:23,867] {processor.py:153} INFO - Started process (PID=16336) to work on /home/jarret/data-engineering-bootcamp/workspace/airflow-code-review/venv/lib/python3.7/site-packages/airflow/example_dags/example_task_group_decorator.py
[2022-06-17 12:45:23,891] {processor.py:641} INFO - Processing file /home/jarret/data-engineering-bootcamp/workspace/airflow-code-review/venv/lib/python3.7/site-packages/airflow/example_dags/example_task_group_decorator.py for tasks to queue
[2022-06-17 12:45:23,891] {logging_mixin.py:115} INFO - [2022-06-17 12:45:23,891] {dagbag.py:507} INFO - Filling up the DagBag from /home/jarret/data-engineering-bootcamp/workspace/airflow-code-review/venv/lib/python3.7/site-packages/airflow/example_dags/example_task_group_decorator.py
[2022-06-17 12:45:23,910] {processor.py:651} INFO - DAG(s) dict_keys(['example_task_group_decorator']) retrieved from /home/jarret/data-engineering-bootcamp/workspace/airflow-code-review/venv/lib/python3.7/site-packages/airflow/example_dags/example_task_group_decorator.py
[2022-06-17 12:45:23,958] {logging_mixin.py:115} INFO - [2022-06-17 12:45:23,958] {dag.py:2379} INFO - Sync 1 DAGs
[2022-06-17 12:45:23,973] {logging_mixin.py:115} INFO - [2022-06-17 12:45:23,973] {dag.py:2931} INFO - Setting next_dagrun for example_task_group_decorator to 2022-06-16T19:45:23.973293+00:00, run_after=2022-06-17T19:45:23.973293+00:00
[2022-06-17 12:45:24,194] {processor.py:161} INFO - Processing /home/jarret/data-engineering-bootcamp/workspace/airflow-code-review/venv/lib/python3.7/site-packages/airflow/example_dags/example_task_group_decorator.py took 0.329 seconds
[2022-06-17 12:46:35,040] {processor.py:153} INFO - Started process (PID=16465) to work on /home/jarret/data-engineering-bootcamp/workspace/airflow-code-review/venv/lib/python3.7/site-packages/airflow/example_dags/example_task_group_decorator.py
[2022-06-17 12:46:35,120] {processor.py:641} INFO - Processing file /home/jarret/data-engineering-bootcamp/workspace/airflow-code-review/venv/lib/python3.7/site-packages/airflow/example_dags/example_task_group_decorator.py for tasks to queue
[2022-06-17 12:46:35,121] {logging_mixin.py:115} INFO - [2022-06-17 12:46:35,121] {dagbag.py:507} INFO - Filling up the DagBag from /home/jarret/data-engineering-bootcamp/workspace/airflow-code-review/venv/lib/python3.7/site-packages/airflow/example_dags/example_task_group_decorator.py
[2022-06-17 12:46:35,145] {processor.py:651} INFO - DAG(s) dict_keys(['example_task_group_decorator']) retrieved from /home/jarret/data-engineering-bootcamp/workspace/airflow-code-review/venv/lib/python3.7/site-packages/airflow/example_dags/example_task_group_decorator.py
[2022-06-17 12:46:35,192] {logging_mixin.py:115} INFO - [2022-06-17 12:46:35,192] {dag.py:2379} INFO - Sync 1 DAGs
[2022-06-17 12:46:35,206] {logging_mixin.py:115} INFO - [2022-06-17 12:46:35,206] {dag.py:2931} INFO - Setting next_dagrun for example_task_group_decorator to 2022-06-16T19:46:35.206485+00:00, run_after=2022-06-17T19:46:35.206485+00:00
[2022-06-17 12:46:35,385] {processor.py:161} INFO - Processing /home/jarret/data-engineering-bootcamp/workspace/airflow-code-review/venv/lib/python3.7/site-packages/airflow/example_dags/example_task_group_decorator.py took 0.348 seconds
[2022-06-17 12:47:35,684] {processor.py:153} INFO - Started process (PID=16508) to work on /home/jarret/data-engineering-bootcamp/workspace/airflow-code-review/venv/lib/python3.7/site-packages/airflow/example_dags/example_task_group_decorator.py
[2022-06-17 12:47:35,686] {processor.py:641} INFO - Processing file /home/jarret/data-engineering-bootcamp/workspace/airflow-code-review/venv/lib/python3.7/site-packages/airflow/example_dags/example_task_group_decorator.py for tasks to queue
[2022-06-17 12:47:35,686] {logging_mixin.py:115} INFO - [2022-06-17 12:47:35,686] {dagbag.py:507} INFO - Filling up the DagBag from /home/jarret/data-engineering-bootcamp/workspace/airflow-code-review/venv/lib/python3.7/site-packages/airflow/example_dags/example_task_group_decorator.py
[2022-06-17 12:47:35,705] {processor.py:651} INFO - DAG(s) dict_keys(['example_task_group_decorator']) retrieved from /home/jarret/data-engineering-bootcamp/workspace/airflow-code-review/venv/lib/python3.7/site-packages/airflow/example_dags/example_task_group_decorator.py
[2022-06-17 12:47:35,753] {logging_mixin.py:115} INFO - [2022-06-17 12:47:35,753] {dag.py:2379} INFO - Sync 1 DAGs
[2022-06-17 12:47:35,767] {logging_mixin.py:115} INFO - [2022-06-17 12:47:35,767] {dag.py:2931} INFO - Setting next_dagrun for example_task_group_decorator to 2022-06-16T19:47:35.767308+00:00, run_after=2022-06-17T19:47:35.767308+00:00
[2022-06-17 12:47:36,546] {processor.py:161} INFO - Processing /home/jarret/data-engineering-bootcamp/workspace/airflow-code-review/venv/lib/python3.7/site-packages/airflow/example_dags/example_task_group_decorator.py took 0.865 seconds
[2022-06-17 12:48:49,694] {processor.py:153} INFO - Started process (PID=16569) to work on /home/jarret/data-engineering-bootcamp/workspace/airflow-code-review/venv/lib/python3.7/site-packages/airflow/example_dags/example_task_group_decorator.py
[2022-06-17 12:48:49,695] {processor.py:641} INFO - Processing file /home/jarret/data-engineering-bootcamp/workspace/airflow-code-review/venv/lib/python3.7/site-packages/airflow/example_dags/example_task_group_decorator.py for tasks to queue
[2022-06-17 12:48:49,696] {logging_mixin.py:115} INFO - [2022-06-17 12:48:49,696] {dagbag.py:507} INFO - Filling up the DagBag from /home/jarret/data-engineering-bootcamp/workspace/airflow-code-review/venv/lib/python3.7/site-packages/airflow/example_dags/example_task_group_decorator.py
[2022-06-17 12:48:49,724] {processor.py:651} INFO - DAG(s) dict_keys(['example_task_group_decorator']) retrieved from /home/jarret/data-engineering-bootcamp/workspace/airflow-code-review/venv/lib/python3.7/site-packages/airflow/example_dags/example_task_group_decorator.py
[2022-06-17 12:48:49,775] {logging_mixin.py:115} INFO - [2022-06-17 12:48:49,775] {dag.py:2379} INFO - Sync 1 DAGs
[2022-06-17 12:48:49,790] {logging_mixin.py:115} INFO - [2022-06-17 12:48:49,790] {dag.py:2931} INFO - Setting next_dagrun for example_task_group_decorator to 2022-06-16T19:48:49.790397+00:00, run_after=2022-06-17T19:48:49.790397+00:00
[2022-06-17 12:48:50,126] {processor.py:161} INFO - Processing /home/jarret/data-engineering-bootcamp/workspace/airflow-code-review/venv/lib/python3.7/site-packages/airflow/example_dags/example_task_group_decorator.py took 0.437 seconds
[2022-06-17 12:50:02,936] {processor.py:153} INFO - Started process (PID=16705) to work on /home/jarret/data-engineering-bootcamp/workspace/airflow-code-review/venv/lib/python3.7/site-packages/airflow/example_dags/example_task_group_decorator.py
[2022-06-17 12:50:02,937] {processor.py:641} INFO - Processing file /home/jarret/data-engineering-bootcamp/workspace/airflow-code-review/venv/lib/python3.7/site-packages/airflow/example_dags/example_task_group_decorator.py for tasks to queue
[2022-06-17 12:50:02,938] {logging_mixin.py:115} INFO - [2022-06-17 12:50:02,938] {dagbag.py:507} INFO - Filling up the DagBag from /home/jarret/data-engineering-bootcamp/workspace/airflow-code-review/venv/lib/python3.7/site-packages/airflow/example_dags/example_task_group_decorator.py
[2022-06-17 12:50:02,959] {processor.py:651} INFO - DAG(s) dict_keys(['example_task_group_decorator']) retrieved from /home/jarret/data-engineering-bootcamp/workspace/airflow-code-review/venv/lib/python3.7/site-packages/airflow/example_dags/example_task_group_decorator.py
[2022-06-17 12:50:03,008] {logging_mixin.py:115} INFO - [2022-06-17 12:50:03,007] {dag.py:2379} INFO - Sync 1 DAGs
[2022-06-17 12:50:03,023] {logging_mixin.py:115} INFO - [2022-06-17 12:50:03,023] {dag.py:2931} INFO - Setting next_dagrun for example_task_group_decorator to 2022-06-16T19:50:03.022950+00:00, run_after=2022-06-17T19:50:03.022950+00:00
[2022-06-17 12:50:03,647] {processor.py:161} INFO - Processing /home/jarret/data-engineering-bootcamp/workspace/airflow-code-review/venv/lib/python3.7/site-packages/airflow/example_dags/example_task_group_decorator.py took 0.714 seconds
[2022-06-17 12:51:01,580] {processor.py:153} INFO - Started process (PID=16796) to work on /home/jarret/data-engineering-bootcamp/workspace/airflow-code-review/venv/lib/python3.7/site-packages/airflow/example_dags/example_task_group_decorator.py
[2022-06-17 12:51:01,621] {processor.py:641} INFO - Processing file /home/jarret/data-engineering-bootcamp/workspace/airflow-code-review/venv/lib/python3.7/site-packages/airflow/example_dags/example_task_group_decorator.py for tasks to queue
[2022-06-17 12:51:01,622] {logging_mixin.py:115} INFO - [2022-06-17 12:51:01,621] {dagbag.py:507} INFO - Filling up the DagBag from /home/jarret/data-engineering-bootcamp/workspace/airflow-code-review/venv/lib/python3.7/site-packages/airflow/example_dags/example_task_group_decorator.py
[2022-06-17 12:51:01,644] {processor.py:651} INFO - DAG(s) dict_keys(['example_task_group_decorator']) retrieved from /home/jarret/data-engineering-bootcamp/workspace/airflow-code-review/venv/lib/python3.7/site-packages/airflow/example_dags/example_task_group_decorator.py
[2022-06-17 12:51:01,691] {logging_mixin.py:115} INFO - [2022-06-17 12:51:01,691] {dag.py:2379} INFO - Sync 1 DAGs
[2022-06-17 12:51:01,706] {logging_mixin.py:115} INFO - [2022-06-17 12:51:01,706] {dag.py:2931} INFO - Setting next_dagrun for example_task_group_decorator to 2022-06-16T19:51:01.706137+00:00, run_after=2022-06-17T19:51:01.706137+00:00
[2022-06-17 12:51:02,521] {processor.py:161} INFO - Processing /home/jarret/data-engineering-bootcamp/workspace/airflow-code-review/venv/lib/python3.7/site-packages/airflow/example_dags/example_task_group_decorator.py took 0.944 seconds
[2022-06-17 12:52:11,142] {processor.py:153} INFO - Started process (PID=16925) to work on /home/jarret/data-engineering-bootcamp/workspace/airflow-code-review/venv/lib/python3.7/site-packages/airflow/example_dags/example_task_group_decorator.py
[2022-06-17 12:52:11,166] {processor.py:641} INFO - Processing file /home/jarret/data-engineering-bootcamp/workspace/airflow-code-review/venv/lib/python3.7/site-packages/airflow/example_dags/example_task_group_decorator.py for tasks to queue
[2022-06-17 12:52:11,166] {logging_mixin.py:115} INFO - [2022-06-17 12:52:11,166] {dagbag.py:507} INFO - Filling up the DagBag from /home/jarret/data-engineering-bootcamp/workspace/airflow-code-review/venv/lib/python3.7/site-packages/airflow/example_dags/example_task_group_decorator.py
[2022-06-17 12:52:11,188] {processor.py:651} INFO - DAG(s) dict_keys(['example_task_group_decorator']) retrieved from /home/jarret/data-engineering-bootcamp/workspace/airflow-code-review/venv/lib/python3.7/site-packages/airflow/example_dags/example_task_group_decorator.py
[2022-06-17 12:52:11,235] {logging_mixin.py:115} INFO - [2022-06-17 12:52:11,235] {dag.py:2379} INFO - Sync 1 DAGs
[2022-06-17 12:52:11,249] {logging_mixin.py:115} INFO - [2022-06-17 12:52:11,249] {dag.py:2931} INFO - Setting next_dagrun for example_task_group_decorator to 2022-06-16T19:52:11.248854+00:00, run_after=2022-06-17T19:52:11.248854+00:00
[2022-06-17 12:52:11,366] {processor.py:161} INFO - Processing /home/jarret/data-engineering-bootcamp/workspace/airflow-code-review/venv/lib/python3.7/site-packages/airflow/example_dags/example_task_group_decorator.py took 0.227 seconds
[2022-06-17 12:53:09,998] {processor.py:153} INFO - Started process (PID=16976) to work on /home/jarret/data-engineering-bootcamp/workspace/airflow-code-review/venv/lib/python3.7/site-packages/airflow/example_dags/example_task_group_decorator.py
[2022-06-17 12:53:09,999] {processor.py:641} INFO - Processing file /home/jarret/data-engineering-bootcamp/workspace/airflow-code-review/venv/lib/python3.7/site-packages/airflow/example_dags/example_task_group_decorator.py for tasks to queue
[2022-06-17 12:53:10,000] {logging_mixin.py:115} INFO - [2022-06-17 12:53:10,000] {dagbag.py:507} INFO - Filling up the DagBag from /home/jarret/data-engineering-bootcamp/workspace/airflow-code-review/venv/lib/python3.7/site-packages/airflow/example_dags/example_task_group_decorator.py
[2022-06-17 12:53:10,024] {processor.py:651} INFO - DAG(s) dict_keys(['example_task_group_decorator']) retrieved from /home/jarret/data-engineering-bootcamp/workspace/airflow-code-review/venv/lib/python3.7/site-packages/airflow/example_dags/example_task_group_decorator.py
[2022-06-17 12:53:10,037] {logging_mixin.py:115} INFO - [2022-06-17 12:53:10,037] {dag.py:2379} INFO - Sync 1 DAGs
[2022-06-17 12:53:10,053] {logging_mixin.py:115} INFO - [2022-06-17 12:53:10,053] {dag.py:2931} INFO - Setting next_dagrun for example_task_group_decorator to 2022-06-16T19:53:10.053568+00:00, run_after=2022-06-17T19:53:10.053568+00:00
[2022-06-17 12:53:10,220] {processor.py:161} INFO - Processing /home/jarret/data-engineering-bootcamp/workspace/airflow-code-review/venv/lib/python3.7/site-packages/airflow/example_dags/example_task_group_decorator.py took 0.225 seconds
[2022-06-17 12:54:25,928] {processor.py:153} INFO - Started process (PID=17059) to work on /home/jarret/data-engineering-bootcamp/workspace/airflow-code-review/venv/lib/python3.7/site-packages/airflow/example_dags/example_task_group_decorator.py
[2022-06-17 12:54:25,929] {processor.py:641} INFO - Processing file /home/jarret/data-engineering-bootcamp/workspace/airflow-code-review/venv/lib/python3.7/site-packages/airflow/example_dags/example_task_group_decorator.py for tasks to queue
[2022-06-17 12:54:25,930] {logging_mixin.py:115} INFO - [2022-06-17 12:54:25,930] {dagbag.py:507} INFO - Filling up the DagBag from /home/jarret/data-engineering-bootcamp/workspace/airflow-code-review/venv/lib/python3.7/site-packages/airflow/example_dags/example_task_group_decorator.py
[2022-06-17 12:54:25,955] {processor.py:651} INFO - DAG(s) dict_keys(['example_task_group_decorator']) retrieved from /home/jarret/data-engineering-bootcamp/workspace/airflow-code-review/venv/lib/python3.7/site-packages/airflow/example_dags/example_task_group_decorator.py
[2022-06-17 12:54:25,968] {logging_mixin.py:115} INFO - [2022-06-17 12:54:25,968] {dag.py:2379} INFO - Sync 1 DAGs
[2022-06-17 12:54:25,984] {logging_mixin.py:115} INFO - [2022-06-17 12:54:25,984] {dag.py:2931} INFO - Setting next_dagrun for example_task_group_decorator to 2022-06-16T19:54:25.984370+00:00, run_after=2022-06-17T19:54:25.984370+00:00
[2022-06-17 12:54:26,571] {processor.py:161} INFO - Processing /home/jarret/data-engineering-bootcamp/workspace/airflow-code-review/venv/lib/python3.7/site-packages/airflow/example_dags/example_task_group_decorator.py took 0.647 seconds
[2022-06-17 12:55:23,804] {processor.py:153} INFO - Started process (PID=17103) to work on /home/jarret/data-engineering-bootcamp/workspace/airflow-code-review/venv/lib/python3.7/site-packages/airflow/example_dags/example_task_group_decorator.py
[2022-06-17 12:55:23,873] {processor.py:641} INFO - Processing file /home/jarret/data-engineering-bootcamp/workspace/airflow-code-review/venv/lib/python3.7/site-packages/airflow/example_dags/example_task_group_decorator.py for tasks to queue
[2022-06-17 12:55:23,874] {logging_mixin.py:115} INFO - [2022-06-17 12:55:23,874] {dagbag.py:507} INFO - Filling up the DagBag from /home/jarret/data-engineering-bootcamp/workspace/airflow-code-review/venv/lib/python3.7/site-packages/airflow/example_dags/example_task_group_decorator.py
[2022-06-17 12:55:23,899] {processor.py:651} INFO - DAG(s) dict_keys(['example_task_group_decorator']) retrieved from /home/jarret/data-engineering-bootcamp/workspace/airflow-code-review/venv/lib/python3.7/site-packages/airflow/example_dags/example_task_group_decorator.py
[2022-06-17 12:55:23,913] {logging_mixin.py:115} INFO - [2022-06-17 12:55:23,913] {dag.py:2379} INFO - Sync 1 DAGs
[2022-06-17 12:55:23,929] {logging_mixin.py:115} INFO - [2022-06-17 12:55:23,929] {dag.py:2931} INFO - Setting next_dagrun for example_task_group_decorator to 2022-06-16T19:55:23.929491+00:00, run_after=2022-06-17T19:55:23.929491+00:00
[2022-06-17 12:55:24,253] {processor.py:161} INFO - Processing /home/jarret/data-engineering-bootcamp/workspace/airflow-code-review/venv/lib/python3.7/site-packages/airflow/example_dags/example_task_group_decorator.py took 0.452 seconds
[2022-06-17 12:56:17,804] {processor.py:153} INFO - Started process (PID=17176) to work on /home/jarret/data-engineering-bootcamp/workspace/airflow-code-review/venv/lib/python3.7/site-packages/airflow/example_dags/example_task_group_decorator.py
[2022-06-17 12:56:17,834] {processor.py:641} INFO - Processing file /home/jarret/data-engineering-bootcamp/workspace/airflow-code-review/venv/lib/python3.7/site-packages/airflow/example_dags/example_task_group_decorator.py for tasks to queue
[2022-06-17 12:56:17,835] {logging_mixin.py:115} INFO - [2022-06-17 12:56:17,834] {dagbag.py:507} INFO - Filling up the DagBag from /home/jarret/data-engineering-bootcamp/workspace/airflow-code-review/venv/lib/python3.7/site-packages/airflow/example_dags/example_task_group_decorator.py
[2022-06-17 12:56:17,856] {processor.py:651} INFO - DAG(s) dict_keys(['example_task_group_decorator']) retrieved from /home/jarret/data-engineering-bootcamp/workspace/airflow-code-review/venv/lib/python3.7/site-packages/airflow/example_dags/example_task_group_decorator.py
[2022-06-17 12:56:17,902] {logging_mixin.py:115} INFO - [2022-06-17 12:56:17,902] {dag.py:2379} INFO - Sync 1 DAGs
[2022-06-17 12:56:17,915] {logging_mixin.py:115} INFO - [2022-06-17 12:56:17,915] {dag.py:2931} INFO - Setting next_dagrun for example_task_group_decorator to 2022-06-16T19:56:17.915660+00:00, run_after=2022-06-17T19:56:17.915660+00:00
[2022-06-17 12:56:18,191] {processor.py:161} INFO - Processing /home/jarret/data-engineering-bootcamp/workspace/airflow-code-review/venv/lib/python3.7/site-packages/airflow/example_dags/example_task_group_decorator.py took 0.390 seconds
[2022-06-17 12:57:21,119] {processor.py:153} INFO - Started process (PID=17243) to work on /home/jarret/data-engineering-bootcamp/workspace/airflow-code-review/venv/lib/python3.7/site-packages/airflow/example_dags/example_task_group_decorator.py
[2022-06-17 12:57:21,121] {processor.py:641} INFO - Processing file /home/jarret/data-engineering-bootcamp/workspace/airflow-code-review/venv/lib/python3.7/site-packages/airflow/example_dags/example_task_group_decorator.py for tasks to queue
[2022-06-17 12:57:21,121] {logging_mixin.py:115} INFO - [2022-06-17 12:57:21,121] {dagbag.py:507} INFO - Filling up the DagBag from /home/jarret/data-engineering-bootcamp/workspace/airflow-code-review/venv/lib/python3.7/site-packages/airflow/example_dags/example_task_group_decorator.py
[2022-06-17 12:57:21,143] {processor.py:651} INFO - DAG(s) dict_keys(['example_task_group_decorator']) retrieved from /home/jarret/data-engineering-bootcamp/workspace/airflow-code-review/venv/lib/python3.7/site-packages/airflow/example_dags/example_task_group_decorator.py
[2022-06-17 12:57:21,190] {logging_mixin.py:115} INFO - [2022-06-17 12:57:21,190] {dag.py:2379} INFO - Sync 1 DAGs
[2022-06-17 12:57:21,204] {logging_mixin.py:115} INFO - [2022-06-17 12:57:21,204] {dag.py:2931} INFO - Setting next_dagrun for example_task_group_decorator to 2022-06-16T19:57:21.204217+00:00, run_after=2022-06-17T19:57:21.204217+00:00
[2022-06-17 12:57:22,433] {processor.py:161} INFO - Processing /home/jarret/data-engineering-bootcamp/workspace/airflow-code-review/venv/lib/python3.7/site-packages/airflow/example_dags/example_task_group_decorator.py took 1.317 seconds
[2022-06-17 12:58:35,567] {processor.py:153} INFO - Started process (PID=17325) to work on /home/jarret/data-engineering-bootcamp/workspace/airflow-code-review/venv/lib/python3.7/site-packages/airflow/example_dags/example_task_group_decorator.py
[2022-06-17 12:58:35,569] {processor.py:641} INFO - Processing file /home/jarret/data-engineering-bootcamp/workspace/airflow-code-review/venv/lib/python3.7/site-packages/airflow/example_dags/example_task_group_decorator.py for tasks to queue
[2022-06-17 12:58:35,569] {logging_mixin.py:115} INFO - [2022-06-17 12:58:35,569] {dagbag.py:507} INFO - Filling up the DagBag from /home/jarret/data-engineering-bootcamp/workspace/airflow-code-review/venv/lib/python3.7/site-packages/airflow/example_dags/example_task_group_decorator.py
[2022-06-17 12:58:35,598] {processor.py:651} INFO - DAG(s) dict_keys(['example_task_group_decorator']) retrieved from /home/jarret/data-engineering-bootcamp/workspace/airflow-code-review/venv/lib/python3.7/site-packages/airflow/example_dags/example_task_group_decorator.py
[2022-06-17 12:58:35,610] {logging_mixin.py:115} INFO - [2022-06-17 12:58:35,610] {dag.py:2379} INFO - Sync 1 DAGs
[2022-06-17 12:58:35,626] {logging_mixin.py:115} INFO - [2022-06-17 12:58:35,626] {dag.py:2931} INFO - Setting next_dagrun for example_task_group_decorator to 2022-06-16T19:58:35.626640+00:00, run_after=2022-06-17T19:58:35.626640+00:00
[2022-06-17 12:58:35,762] {processor.py:161} INFO - Processing /home/jarret/data-engineering-bootcamp/workspace/airflow-code-review/venv/lib/python3.7/site-packages/airflow/example_dags/example_task_group_decorator.py took 0.198 seconds
[2022-06-17 12:59:41,566] {processor.py:153} INFO - Started process (PID=17457) to work on /home/jarret/data-engineering-bootcamp/workspace/airflow-code-review/venv/lib/python3.7/site-packages/airflow/example_dags/example_task_group_decorator.py
[2022-06-17 12:59:41,575] {processor.py:641} INFO - Processing file /home/jarret/data-engineering-bootcamp/workspace/airflow-code-review/venv/lib/python3.7/site-packages/airflow/example_dags/example_task_group_decorator.py for tasks to queue
[2022-06-17 12:59:41,576] {logging_mixin.py:115} INFO - [2022-06-17 12:59:41,576] {dagbag.py:507} INFO - Filling up the DagBag from /home/jarret/data-engineering-bootcamp/workspace/airflow-code-review/venv/lib/python3.7/site-packages/airflow/example_dags/example_task_group_decorator.py
[2022-06-17 12:59:41,595] {processor.py:651} INFO - DAG(s) dict_keys(['example_task_group_decorator']) retrieved from /home/jarret/data-engineering-bootcamp/workspace/airflow-code-review/venv/lib/python3.7/site-packages/airflow/example_dags/example_task_group_decorator.py
[2022-06-17 12:59:41,608] {logging_mixin.py:115} INFO - [2022-06-17 12:59:41,608] {dag.py:2379} INFO - Sync 1 DAGs
[2022-06-17 12:59:41,625] {logging_mixin.py:115} INFO - [2022-06-17 12:59:41,625] {dag.py:2931} INFO - Setting next_dagrun for example_task_group_decorator to 2022-06-16T19:59:41.625452+00:00, run_after=2022-06-17T19:59:41.625452+00:00
[2022-06-17 12:59:41,746] {processor.py:161} INFO - Processing /home/jarret/data-engineering-bootcamp/workspace/airflow-code-review/venv/lib/python3.7/site-packages/airflow/example_dags/example_task_group_decorator.py took 0.183 seconds
[2022-06-17 13:00:50,220] {processor.py:153} INFO - Started process (PID=17551) to work on /home/jarret/data-engineering-bootcamp/workspace/airflow-code-review/venv/lib/python3.7/site-packages/airflow/example_dags/example_task_group_decorator.py
[2022-06-17 13:00:50,231] {processor.py:641} INFO - Processing file /home/jarret/data-engineering-bootcamp/workspace/airflow-code-review/venv/lib/python3.7/site-packages/airflow/example_dags/example_task_group_decorator.py for tasks to queue
[2022-06-17 13:00:50,232] {logging_mixin.py:115} INFO - [2022-06-17 13:00:50,232] {dagbag.py:507} INFO - Filling up the DagBag from /home/jarret/data-engineering-bootcamp/workspace/airflow-code-review/venv/lib/python3.7/site-packages/airflow/example_dags/example_task_group_decorator.py
[2022-06-17 13:00:50,251] {processor.py:651} INFO - DAG(s) dict_keys(['example_task_group_decorator']) retrieved from /home/jarret/data-engineering-bootcamp/workspace/airflow-code-review/venv/lib/python3.7/site-packages/airflow/example_dags/example_task_group_decorator.py
[2022-06-17 13:00:50,264] {logging_mixin.py:115} INFO - [2022-06-17 13:00:50,264] {dag.py:2379} INFO - Sync 1 DAGs
[2022-06-17 13:00:50,281] {logging_mixin.py:115} INFO - [2022-06-17 13:00:50,281] {dag.py:2931} INFO - Setting next_dagrun for example_task_group_decorator to 2022-06-16T20:00:50.280954+00:00, run_after=2022-06-17T20:00:50.280954+00:00
[2022-06-17 13:00:50,404] {processor.py:161} INFO - Processing /home/jarret/data-engineering-bootcamp/workspace/airflow-code-review/venv/lib/python3.7/site-packages/airflow/example_dags/example_task_group_decorator.py took 0.187 seconds
[2022-06-17 13:01:49,971] {processor.py:153} INFO - Started process (PID=17661) to work on /home/jarret/data-engineering-bootcamp/workspace/airflow-code-review/venv/lib/python3.7/site-packages/airflow/example_dags/example_task_group_decorator.py
[2022-06-17 13:01:49,974] {processor.py:641} INFO - Processing file /home/jarret/data-engineering-bootcamp/workspace/airflow-code-review/venv/lib/python3.7/site-packages/airflow/example_dags/example_task_group_decorator.py for tasks to queue
[2022-06-17 13:01:49,975] {logging_mixin.py:115} INFO - [2022-06-17 13:01:49,975] {dagbag.py:507} INFO - Filling up the DagBag from /home/jarret/data-engineering-bootcamp/workspace/airflow-code-review/venv/lib/python3.7/site-packages/airflow/example_dags/example_task_group_decorator.py
[2022-06-17 13:01:50,003] {processor.py:651} INFO - DAG(s) dict_keys(['example_task_group_decorator']) retrieved from /home/jarret/data-engineering-bootcamp/workspace/airflow-code-review/venv/lib/python3.7/site-packages/airflow/example_dags/example_task_group_decorator.py
[2022-06-17 13:01:50,054] {logging_mixin.py:115} INFO - [2022-06-17 13:01:50,054] {dag.py:2379} INFO - Sync 1 DAGs
[2022-06-17 13:01:50,069] {logging_mixin.py:115} INFO - [2022-06-17 13:01:50,069] {dag.py:2931} INFO - Setting next_dagrun for example_task_group_decorator to 2022-06-16T20:01:50.069141+00:00, run_after=2022-06-17T20:01:50.069141+00:00
[2022-06-17 13:01:50,380] {processor.py:161} INFO - Processing /home/jarret/data-engineering-bootcamp/workspace/airflow-code-review/venv/lib/python3.7/site-packages/airflow/example_dags/example_task_group_decorator.py took 0.413 seconds
[2022-06-17 13:02:53,052] {processor.py:153} INFO - Started process (PID=17792) to work on /home/jarret/data-engineering-bootcamp/workspace/airflow-code-review/venv/lib/python3.7/site-packages/airflow/example_dags/example_task_group_decorator.py
[2022-06-17 13:02:53,053] {processor.py:641} INFO - Processing file /home/jarret/data-engineering-bootcamp/workspace/airflow-code-review/venv/lib/python3.7/site-packages/airflow/example_dags/example_task_group_decorator.py for tasks to queue
[2022-06-17 13:02:53,053] {logging_mixin.py:115} INFO - [2022-06-17 13:02:53,053] {dagbag.py:507} INFO - Filling up the DagBag from /home/jarret/data-engineering-bootcamp/workspace/airflow-code-review/venv/lib/python3.7/site-packages/airflow/example_dags/example_task_group_decorator.py
[2022-06-17 13:02:53,072] {processor.py:651} INFO - DAG(s) dict_keys(['example_task_group_decorator']) retrieved from /home/jarret/data-engineering-bootcamp/workspace/airflow-code-review/venv/lib/python3.7/site-packages/airflow/example_dags/example_task_group_decorator.py
[2022-06-17 13:02:53,085] {logging_mixin.py:115} INFO - [2022-06-17 13:02:53,085] {dag.py:2379} INFO - Sync 1 DAGs
[2022-06-17 13:02:53,102] {logging_mixin.py:115} INFO - [2022-06-17 13:02:53,102] {dag.py:2931} INFO - Setting next_dagrun for example_task_group_decorator to 2022-06-16T20:02:53.102091+00:00, run_after=2022-06-17T20:02:53.102091+00:00
[2022-06-17 13:02:53,216] {processor.py:161} INFO - Processing /home/jarret/data-engineering-bootcamp/workspace/airflow-code-review/venv/lib/python3.7/site-packages/airflow/example_dags/example_task_group_decorator.py took 0.167 seconds
[2022-06-17 13:03:58,912] {processor.py:153} INFO - Started process (PID=17904) to work on /home/jarret/data-engineering-bootcamp/workspace/airflow-code-review/venv/lib/python3.7/site-packages/airflow/example_dags/example_task_group_decorator.py
[2022-06-17 13:03:58,913] {processor.py:641} INFO - Processing file /home/jarret/data-engineering-bootcamp/workspace/airflow-code-review/venv/lib/python3.7/site-packages/airflow/example_dags/example_task_group_decorator.py for tasks to queue
[2022-06-17 13:03:58,914] {logging_mixin.py:115} INFO - [2022-06-17 13:03:58,914] {dagbag.py:507} INFO - Filling up the DagBag from /home/jarret/data-engineering-bootcamp/workspace/airflow-code-review/venv/lib/python3.7/site-packages/airflow/example_dags/example_task_group_decorator.py
[2022-06-17 13:03:58,934] {processor.py:651} INFO - DAG(s) dict_keys(['example_task_group_decorator']) retrieved from /home/jarret/data-engineering-bootcamp/workspace/airflow-code-review/venv/lib/python3.7/site-packages/airflow/example_dags/example_task_group_decorator.py
[2022-06-17 13:03:58,981] {logging_mixin.py:115} INFO - [2022-06-17 13:03:58,980] {dag.py:2379} INFO - Sync 1 DAGs
[2022-06-17 13:03:58,994] {logging_mixin.py:115} INFO - [2022-06-17 13:03:58,994] {dag.py:2931} INFO - Setting next_dagrun for example_task_group_decorator to 2022-06-16T20:03:58.994639+00:00, run_after=2022-06-17T20:03:58.994639+00:00
[2022-06-17 13:03:59,149] {processor.py:161} INFO - Processing /home/jarret/data-engineering-bootcamp/workspace/airflow-code-review/venv/lib/python3.7/site-packages/airflow/example_dags/example_task_group_decorator.py took 0.240 seconds
[2022-06-17 13:05:04,088] {processor.py:153} INFO - Started process (PID=17987) to work on /home/jarret/data-engineering-bootcamp/workspace/airflow-code-review/venv/lib/python3.7/site-packages/airflow/example_dags/example_task_group_decorator.py
[2022-06-17 13:05:04,089] {processor.py:641} INFO - Processing file /home/jarret/data-engineering-bootcamp/workspace/airflow-code-review/venv/lib/python3.7/site-packages/airflow/example_dags/example_task_group_decorator.py for tasks to queue
[2022-06-17 13:05:04,090] {logging_mixin.py:115} INFO - [2022-06-17 13:05:04,089] {dagbag.py:507} INFO - Filling up the DagBag from /home/jarret/data-engineering-bootcamp/workspace/airflow-code-review/venv/lib/python3.7/site-packages/airflow/example_dags/example_task_group_decorator.py
[2022-06-17 13:05:04,109] {processor.py:651} INFO - DAG(s) dict_keys(['example_task_group_decorator']) retrieved from /home/jarret/data-engineering-bootcamp/workspace/airflow-code-review/venv/lib/python3.7/site-packages/airflow/example_dags/example_task_group_decorator.py
[2022-06-17 13:05:04,155] {logging_mixin.py:115} INFO - [2022-06-17 13:05:04,155] {dag.py:2379} INFO - Sync 1 DAGs
[2022-06-17 13:05:04,169] {logging_mixin.py:115} INFO - [2022-06-17 13:05:04,169] {dag.py:2931} INFO - Setting next_dagrun for example_task_group_decorator to 2022-06-16T20:05:04.169144+00:00, run_after=2022-06-17T20:05:04.169144+00:00
[2022-06-17 13:05:04,300] {processor.py:161} INFO - Processing /home/jarret/data-engineering-bootcamp/workspace/airflow-code-review/venv/lib/python3.7/site-packages/airflow/example_dags/example_task_group_decorator.py took 0.215 seconds
[2022-06-17 13:06:03,357] {processor.py:153} INFO - Started process (PID=18036) to work on /home/jarret/data-engineering-bootcamp/workspace/airflow-code-review/venv/lib/python3.7/site-packages/airflow/example_dags/example_task_group_decorator.py
[2022-06-17 13:06:03,358] {processor.py:641} INFO - Processing file /home/jarret/data-engineering-bootcamp/workspace/airflow-code-review/venv/lib/python3.7/site-packages/airflow/example_dags/example_task_group_decorator.py for tasks to queue
[2022-06-17 13:06:03,359] {logging_mixin.py:115} INFO - [2022-06-17 13:06:03,359] {dagbag.py:507} INFO - Filling up the DagBag from /home/jarret/data-engineering-bootcamp/workspace/airflow-code-review/venv/lib/python3.7/site-packages/airflow/example_dags/example_task_group_decorator.py
[2022-06-17 13:06:03,385] {processor.py:651} INFO - DAG(s) dict_keys(['example_task_group_decorator']) retrieved from /home/jarret/data-engineering-bootcamp/workspace/airflow-code-review/venv/lib/python3.7/site-packages/airflow/example_dags/example_task_group_decorator.py
[2022-06-17 13:06:03,399] {logging_mixin.py:115} INFO - [2022-06-17 13:06:03,398] {dag.py:2379} INFO - Sync 1 DAGs
[2022-06-17 13:06:03,416] {logging_mixin.py:115} INFO - [2022-06-17 13:06:03,416] {dag.py:2931} INFO - Setting next_dagrun for example_task_group_decorator to 2022-06-16T20:06:03.415985+00:00, run_after=2022-06-17T20:06:03.415985+00:00
[2022-06-17 13:06:03,561] {processor.py:161} INFO - Processing /home/jarret/data-engineering-bootcamp/workspace/airflow-code-review/venv/lib/python3.7/site-packages/airflow/example_dags/example_task_group_decorator.py took 0.208 seconds
[2022-06-17 13:07:00,819] {processor.py:153} INFO - Started process (PID=18124) to work on /home/jarret/data-engineering-bootcamp/workspace/airflow-code-review/venv/lib/python3.7/site-packages/airflow/example_dags/example_task_group_decorator.py
[2022-06-17 13:07:00,830] {processor.py:641} INFO - Processing file /home/jarret/data-engineering-bootcamp/workspace/airflow-code-review/venv/lib/python3.7/site-packages/airflow/example_dags/example_task_group_decorator.py for tasks to queue
[2022-06-17 13:07:00,831] {logging_mixin.py:115} INFO - [2022-06-17 13:07:00,831] {dagbag.py:507} INFO - Filling up the DagBag from /home/jarret/data-engineering-bootcamp/workspace/airflow-code-review/venv/lib/python3.7/site-packages/airflow/example_dags/example_task_group_decorator.py
[2022-06-17 13:07:00,854] {processor.py:651} INFO - DAG(s) dict_keys(['example_task_group_decorator']) retrieved from /home/jarret/data-engineering-bootcamp/workspace/airflow-code-review/venv/lib/python3.7/site-packages/airflow/example_dags/example_task_group_decorator.py
[2022-06-17 13:07:00,901] {logging_mixin.py:115} INFO - [2022-06-17 13:07:00,901] {dag.py:2379} INFO - Sync 1 DAGs
[2022-06-17 13:07:00,915] {logging_mixin.py:115} INFO - [2022-06-17 13:07:00,915] {dag.py:2931} INFO - Setting next_dagrun for example_task_group_decorator to 2022-06-16T20:07:00.915050+00:00, run_after=2022-06-17T20:07:00.915050+00:00
[2022-06-17 13:07:01,056] {processor.py:161} INFO - Processing /home/jarret/data-engineering-bootcamp/workspace/airflow-code-review/venv/lib/python3.7/site-packages/airflow/example_dags/example_task_group_decorator.py took 0.240 seconds
[2022-06-17 13:07:52,204] {processor.py:153} INFO - Started process (PID=18231) to work on /home/jarret/data-engineering-bootcamp/workspace/airflow-code-review/venv/lib/python3.7/site-packages/airflow/example_dags/example_task_group_decorator.py
[2022-06-17 13:07:52,205] {processor.py:641} INFO - Processing file /home/jarret/data-engineering-bootcamp/workspace/airflow-code-review/venv/lib/python3.7/site-packages/airflow/example_dags/example_task_group_decorator.py for tasks to queue
[2022-06-17 13:07:52,205] {logging_mixin.py:115} INFO - [2022-06-17 13:07:52,205] {dagbag.py:507} INFO - Filling up the DagBag from /home/jarret/data-engineering-bootcamp/workspace/airflow-code-review/venv/lib/python3.7/site-packages/airflow/example_dags/example_task_group_decorator.py
[2022-06-17 13:07:52,229] {processor.py:651} INFO - DAG(s) dict_keys(['example_task_group_decorator']) retrieved from /home/jarret/data-engineering-bootcamp/workspace/airflow-code-review/venv/lib/python3.7/site-packages/airflow/example_dags/example_task_group_decorator.py
[2022-06-17 13:07:52,242] {logging_mixin.py:115} INFO - [2022-06-17 13:07:52,242] {dag.py:2379} INFO - Sync 1 DAGs
[2022-06-17 13:07:52,258] {logging_mixin.py:115} INFO - [2022-06-17 13:07:52,258] {dag.py:2931} INFO - Setting next_dagrun for example_task_group_decorator to 2022-06-16T20:07:52.257990+00:00, run_after=2022-06-17T20:07:52.257990+00:00
[2022-06-17 13:07:52,728] {processor.py:161} INFO - Processing /home/jarret/data-engineering-bootcamp/workspace/airflow-code-review/venv/lib/python3.7/site-packages/airflow/example_dags/example_task_group_decorator.py took 0.528 seconds
[2022-06-17 13:08:39,643] {processor.py:153} INFO - Started process (PID=18327) to work on /home/jarret/data-engineering-bootcamp/workspace/airflow-code-review/venv/lib/python3.7/site-packages/airflow/example_dags/example_task_group_decorator.py
[2022-06-17 13:08:39,656] {processor.py:641} INFO - Processing file /home/jarret/data-engineering-bootcamp/workspace/airflow-code-review/venv/lib/python3.7/site-packages/airflow/example_dags/example_task_group_decorator.py for tasks to queue
[2022-06-17 13:08:39,656] {logging_mixin.py:115} INFO - [2022-06-17 13:08:39,656] {dagbag.py:507} INFO - Filling up the DagBag from /home/jarret/data-engineering-bootcamp/workspace/airflow-code-review/venv/lib/python3.7/site-packages/airflow/example_dags/example_task_group_decorator.py
[2022-06-17 13:08:39,677] {processor.py:651} INFO - DAG(s) dict_keys(['example_task_group_decorator']) retrieved from /home/jarret/data-engineering-bootcamp/workspace/airflow-code-review/venv/lib/python3.7/site-packages/airflow/example_dags/example_task_group_decorator.py
[2022-06-17 13:08:39,692] {logging_mixin.py:115} INFO - [2022-06-17 13:08:39,692] {dag.py:2379} INFO - Sync 1 DAGs
[2022-06-17 13:08:39,712] {logging_mixin.py:115} INFO - [2022-06-17 13:08:39,712] {dag.py:2931} INFO - Setting next_dagrun for example_task_group_decorator to 2022-06-16T20:08:39.712051+00:00, run_after=2022-06-17T20:08:39.712051+00:00
[2022-06-17 13:08:39,883] {processor.py:161} INFO - Processing /home/jarret/data-engineering-bootcamp/workspace/airflow-code-review/venv/lib/python3.7/site-packages/airflow/example_dags/example_task_group_decorator.py took 0.244 seconds
[2022-06-17 13:09:28,242] {processor.py:153} INFO - Started process (PID=18433) to work on /home/jarret/data-engineering-bootcamp/workspace/airflow-code-review/venv/lib/python3.7/site-packages/airflow/example_dags/example_task_group_decorator.py
[2022-06-17 13:09:28,247] {processor.py:641} INFO - Processing file /home/jarret/data-engineering-bootcamp/workspace/airflow-code-review/venv/lib/python3.7/site-packages/airflow/example_dags/example_task_group_decorator.py for tasks to queue
[2022-06-17 13:09:28,248] {logging_mixin.py:115} INFO - [2022-06-17 13:09:28,248] {dagbag.py:507} INFO - Filling up the DagBag from /home/jarret/data-engineering-bootcamp/workspace/airflow-code-review/venv/lib/python3.7/site-packages/airflow/example_dags/example_task_group_decorator.py
[2022-06-17 13:09:28,267] {processor.py:651} INFO - DAG(s) dict_keys(['example_task_group_decorator']) retrieved from /home/jarret/data-engineering-bootcamp/workspace/airflow-code-review/venv/lib/python3.7/site-packages/airflow/example_dags/example_task_group_decorator.py
[2022-06-17 13:09:28,313] {logging_mixin.py:115} INFO - [2022-06-17 13:09:28,313] {dag.py:2379} INFO - Sync 1 DAGs
[2022-06-17 13:09:28,328] {logging_mixin.py:115} INFO - [2022-06-17 13:09:28,327] {dag.py:2931} INFO - Setting next_dagrun for example_task_group_decorator to 2022-06-16T20:09:28.327757+00:00, run_after=2022-06-17T20:09:28.327757+00:00
[2022-06-17 13:09:28,467] {processor.py:161} INFO - Processing /home/jarret/data-engineering-bootcamp/workspace/airflow-code-review/venv/lib/python3.7/site-packages/airflow/example_dags/example_task_group_decorator.py took 0.228 seconds
[2022-06-17 13:10:21,506] {processor.py:153} INFO - Started process (PID=18499) to work on /home/jarret/data-engineering-bootcamp/workspace/airflow-code-review/venv/lib/python3.7/site-packages/airflow/example_dags/example_task_group_decorator.py
[2022-06-17 13:10:21,516] {processor.py:641} INFO - Processing file /home/jarret/data-engineering-bootcamp/workspace/airflow-code-review/venv/lib/python3.7/site-packages/airflow/example_dags/example_task_group_decorator.py for tasks to queue
[2022-06-17 13:10:21,516] {logging_mixin.py:115} INFO - [2022-06-17 13:10:21,516] {dagbag.py:507} INFO - Filling up the DagBag from /home/jarret/data-engineering-bootcamp/workspace/airflow-code-review/venv/lib/python3.7/site-packages/airflow/example_dags/example_task_group_decorator.py
[2022-06-17 13:10:21,540] {processor.py:651} INFO - DAG(s) dict_keys(['example_task_group_decorator']) retrieved from /home/jarret/data-engineering-bootcamp/workspace/airflow-code-review/venv/lib/python3.7/site-packages/airflow/example_dags/example_task_group_decorator.py
[2022-06-17 13:10:21,617] {logging_mixin.py:115} INFO - [2022-06-17 13:10:21,617] {dag.py:2379} INFO - Sync 1 DAGs
[2022-06-17 13:10:21,638] {logging_mixin.py:115} INFO - [2022-06-17 13:10:21,637] {dag.py:2931} INFO - Setting next_dagrun for example_task_group_decorator to 2022-06-16T20:10:21.637762+00:00, run_after=2022-06-17T20:10:21.637762+00:00
[2022-06-17 13:10:21,842] {processor.py:161} INFO - Processing /home/jarret/data-engineering-bootcamp/workspace/airflow-code-review/venv/lib/python3.7/site-packages/airflow/example_dags/example_task_group_decorator.py took 0.339 seconds
[2022-06-17 13:11:16,341] {processor.py:153} INFO - Started process (PID=18611) to work on /home/jarret/data-engineering-bootcamp/workspace/airflow-code-review/venv/lib/python3.7/site-packages/airflow/example_dags/example_task_group_decorator.py
[2022-06-17 13:11:16,351] {processor.py:641} INFO - Processing file /home/jarret/data-engineering-bootcamp/workspace/airflow-code-review/venv/lib/python3.7/site-packages/airflow/example_dags/example_task_group_decorator.py for tasks to queue
[2022-06-17 13:11:16,351] {logging_mixin.py:115} INFO - [2022-06-17 13:11:16,351] {dagbag.py:507} INFO - Filling up the DagBag from /home/jarret/data-engineering-bootcamp/workspace/airflow-code-review/venv/lib/python3.7/site-packages/airflow/example_dags/example_task_group_decorator.py
[2022-06-17 13:11:16,370] {processor.py:651} INFO - DAG(s) dict_keys(['example_task_group_decorator']) retrieved from /home/jarret/data-engineering-bootcamp/workspace/airflow-code-review/venv/lib/python3.7/site-packages/airflow/example_dags/example_task_group_decorator.py
[2022-06-17 13:11:16,383] {logging_mixin.py:115} INFO - [2022-06-17 13:11:16,383] {dag.py:2379} INFO - Sync 1 DAGs
[2022-06-17 13:11:16,399] {logging_mixin.py:115} INFO - [2022-06-17 13:11:16,399] {dag.py:2931} INFO - Setting next_dagrun for example_task_group_decorator to 2022-06-16T20:11:16.399168+00:00, run_after=2022-06-17T20:11:16.399168+00:00
[2022-06-17 13:11:16,534] {processor.py:161} INFO - Processing /home/jarret/data-engineering-bootcamp/workspace/airflow-code-review/venv/lib/python3.7/site-packages/airflow/example_dags/example_task_group_decorator.py took 0.196 seconds
[2022-06-17 13:12:04,410] {processor.py:153} INFO - Started process (PID=18717) to work on /home/jarret/data-engineering-bootcamp/workspace/airflow-code-review/venv/lib/python3.7/site-packages/airflow/example_dags/example_task_group_decorator.py
[2022-06-17 13:12:04,415] {processor.py:641} INFO - Processing file /home/jarret/data-engineering-bootcamp/workspace/airflow-code-review/venv/lib/python3.7/site-packages/airflow/example_dags/example_task_group_decorator.py for tasks to queue
[2022-06-17 13:12:04,416] {logging_mixin.py:115} INFO - [2022-06-17 13:12:04,416] {dagbag.py:507} INFO - Filling up the DagBag from /home/jarret/data-engineering-bootcamp/workspace/airflow-code-review/venv/lib/python3.7/site-packages/airflow/example_dags/example_task_group_decorator.py
[2022-06-17 13:12:04,435] {processor.py:651} INFO - DAG(s) dict_keys(['example_task_group_decorator']) retrieved from /home/jarret/data-engineering-bootcamp/workspace/airflow-code-review/venv/lib/python3.7/site-packages/airflow/example_dags/example_task_group_decorator.py
[2022-06-17 13:12:04,481] {logging_mixin.py:115} INFO - [2022-06-17 13:12:04,481] {dag.py:2379} INFO - Sync 1 DAGs
[2022-06-17 13:12:04,495] {logging_mixin.py:115} INFO - [2022-06-17 13:12:04,495] {dag.py:2931} INFO - Setting next_dagrun for example_task_group_decorator to 2022-06-16T20:12:04.495166+00:00, run_after=2022-06-17T20:12:04.495166+00:00
[2022-06-17 13:12:04,606] {processor.py:161} INFO - Processing /home/jarret/data-engineering-bootcamp/workspace/airflow-code-review/venv/lib/python3.7/site-packages/airflow/example_dags/example_task_group_decorator.py took 0.198 seconds
[2022-06-17 13:13:10,945] {processor.py:153} INFO - Started process (PID=18838) to work on /home/jarret/data-engineering-bootcamp/workspace/airflow-code-review/venv/lib/python3.7/site-packages/airflow/example_dags/example_task_group_decorator.py
[2022-06-17 13:13:10,946] {processor.py:641} INFO - Processing file /home/jarret/data-engineering-bootcamp/workspace/airflow-code-review/venv/lib/python3.7/site-packages/airflow/example_dags/example_task_group_decorator.py for tasks to queue
[2022-06-17 13:13:10,947] {logging_mixin.py:115} INFO - [2022-06-17 13:13:10,947] {dagbag.py:507} INFO - Filling up the DagBag from /home/jarret/data-engineering-bootcamp/workspace/airflow-code-review/venv/lib/python3.7/site-packages/airflow/example_dags/example_task_group_decorator.py
[2022-06-17 13:13:10,969] {processor.py:651} INFO - DAG(s) dict_keys(['example_task_group_decorator']) retrieved from /home/jarret/data-engineering-bootcamp/workspace/airflow-code-review/venv/lib/python3.7/site-packages/airflow/example_dags/example_task_group_decorator.py
[2022-06-17 13:13:10,982] {logging_mixin.py:115} INFO - [2022-06-17 13:13:10,982] {dag.py:2379} INFO - Sync 1 DAGs
[2022-06-17 13:13:10,998] {logging_mixin.py:115} INFO - [2022-06-17 13:13:10,998] {dag.py:2931} INFO - Setting next_dagrun for example_task_group_decorator to 2022-06-16T20:13:10.998095+00:00, run_after=2022-06-17T20:13:10.998095+00:00
[2022-06-17 13:13:11,141] {processor.py:161} INFO - Processing /home/jarret/data-engineering-bootcamp/workspace/airflow-code-review/venv/lib/python3.7/site-packages/airflow/example_dags/example_task_group_decorator.py took 0.200 seconds
[2022-06-17 13:14:05,488] {processor.py:153} INFO - Started process (PID=18934) to work on /home/jarret/data-engineering-bootcamp/workspace/airflow-code-review/venv/lib/python3.7/site-packages/airflow/example_dags/example_task_group_decorator.py
[2022-06-17 13:14:05,489] {processor.py:641} INFO - Processing file /home/jarret/data-engineering-bootcamp/workspace/airflow-code-review/venv/lib/python3.7/site-packages/airflow/example_dags/example_task_group_decorator.py for tasks to queue
[2022-06-17 13:14:05,490] {logging_mixin.py:115} INFO - [2022-06-17 13:14:05,490] {dagbag.py:507} INFO - Filling up the DagBag from /home/jarret/data-engineering-bootcamp/workspace/airflow-code-review/venv/lib/python3.7/site-packages/airflow/example_dags/example_task_group_decorator.py
[2022-06-17 13:14:05,518] {processor.py:651} INFO - DAG(s) dict_keys(['example_task_group_decorator']) retrieved from /home/jarret/data-engineering-bootcamp/workspace/airflow-code-review/venv/lib/python3.7/site-packages/airflow/example_dags/example_task_group_decorator.py
[2022-06-17 13:14:05,531] {logging_mixin.py:115} INFO - [2022-06-17 13:14:05,531] {dag.py:2379} INFO - Sync 1 DAGs
[2022-06-17 13:14:05,548] {logging_mixin.py:115} INFO - [2022-06-17 13:14:05,548] {dag.py:2931} INFO - Setting next_dagrun for example_task_group_decorator to 2022-06-16T20:14:05.548249+00:00, run_after=2022-06-17T20:14:05.548249+00:00
[2022-06-17 13:14:05,653] {processor.py:161} INFO - Processing /home/jarret/data-engineering-bootcamp/workspace/airflow-code-review/venv/lib/python3.7/site-packages/airflow/example_dags/example_task_group_decorator.py took 0.169 seconds
[2022-06-17 13:14:54,138] {processor.py:153} INFO - Started process (PID=18978) to work on /home/jarret/data-engineering-bootcamp/workspace/airflow-code-review/venv/lib/python3.7/site-packages/airflow/example_dags/example_task_group_decorator.py
[2022-06-17 13:14:54,144] {processor.py:641} INFO - Processing file /home/jarret/data-engineering-bootcamp/workspace/airflow-code-review/venv/lib/python3.7/site-packages/airflow/example_dags/example_task_group_decorator.py for tasks to queue
[2022-06-17 13:14:54,144] {logging_mixin.py:115} INFO - [2022-06-17 13:14:54,144] {dagbag.py:507} INFO - Filling up the DagBag from /home/jarret/data-engineering-bootcamp/workspace/airflow-code-review/venv/lib/python3.7/site-packages/airflow/example_dags/example_task_group_decorator.py
[2022-06-17 13:14:54,163] {processor.py:651} INFO - DAG(s) dict_keys(['example_task_group_decorator']) retrieved from /home/jarret/data-engineering-bootcamp/workspace/airflow-code-review/venv/lib/python3.7/site-packages/airflow/example_dags/example_task_group_decorator.py
[2022-06-17 13:14:54,176] {logging_mixin.py:115} INFO - [2022-06-17 13:14:54,176] {dag.py:2379} INFO - Sync 1 DAGs
[2022-06-17 13:14:54,193] {logging_mixin.py:115} INFO - [2022-06-17 13:14:54,192] {dag.py:2931} INFO - Setting next_dagrun for example_task_group_decorator to 2022-06-16T20:14:54.192708+00:00, run_after=2022-06-17T20:14:54.192708+00:00
[2022-06-17 13:14:54,483] {processor.py:161} INFO - Processing /home/jarret/data-engineering-bootcamp/workspace/airflow-code-review/venv/lib/python3.7/site-packages/airflow/example_dags/example_task_group_decorator.py took 0.348 seconds
[2022-06-17 13:15:46,347] {processor.py:153} INFO - Started process (PID=19024) to work on /home/jarret/data-engineering-bootcamp/workspace/airflow-code-review/venv/lib/python3.7/site-packages/airflow/example_dags/example_task_group_decorator.py
[2022-06-17 13:15:46,358] {processor.py:641} INFO - Processing file /home/jarret/data-engineering-bootcamp/workspace/airflow-code-review/venv/lib/python3.7/site-packages/airflow/example_dags/example_task_group_decorator.py for tasks to queue
[2022-06-17 13:15:46,359] {logging_mixin.py:115} INFO - [2022-06-17 13:15:46,359] {dagbag.py:507} INFO - Filling up the DagBag from /home/jarret/data-engineering-bootcamp/workspace/airflow-code-review/venv/lib/python3.7/site-packages/airflow/example_dags/example_task_group_decorator.py
[2022-06-17 13:15:46,378] {processor.py:651} INFO - DAG(s) dict_keys(['example_task_group_decorator']) retrieved from /home/jarret/data-engineering-bootcamp/workspace/airflow-code-review/venv/lib/python3.7/site-packages/airflow/example_dags/example_task_group_decorator.py
[2022-06-17 13:15:46,424] {logging_mixin.py:115} INFO - [2022-06-17 13:15:46,424] {dag.py:2379} INFO - Sync 1 DAGs
[2022-06-17 13:15:46,438] {logging_mixin.py:115} INFO - [2022-06-17 13:15:46,438] {dag.py:2931} INFO - Setting next_dagrun for example_task_group_decorator to 2022-06-16T20:15:46.438516+00:00, run_after=2022-06-17T20:15:46.438516+00:00
[2022-06-17 13:15:46,599] {processor.py:161} INFO - Processing /home/jarret/data-engineering-bootcamp/workspace/airflow-code-review/venv/lib/python3.7/site-packages/airflow/example_dags/example_task_group_decorator.py took 0.255 seconds
[2022-06-17 13:16:31,184] {processor.py:153} INFO - Started process (PID=19065) to work on /home/jarret/data-engineering-bootcamp/workspace/airflow-code-review/venv/lib/python3.7/site-packages/airflow/example_dags/example_task_group_decorator.py
[2022-06-17 13:16:31,196] {processor.py:641} INFO - Processing file /home/jarret/data-engineering-bootcamp/workspace/airflow-code-review/venv/lib/python3.7/site-packages/airflow/example_dags/example_task_group_decorator.py for tasks to queue
[2022-06-17 13:16:31,197] {logging_mixin.py:115} INFO - [2022-06-17 13:16:31,197] {dagbag.py:507} INFO - Filling up the DagBag from /home/jarret/data-engineering-bootcamp/workspace/airflow-code-review/venv/lib/python3.7/site-packages/airflow/example_dags/example_task_group_decorator.py
[2022-06-17 13:16:31,216] {processor.py:651} INFO - DAG(s) dict_keys(['example_task_group_decorator']) retrieved from /home/jarret/data-engineering-bootcamp/workspace/airflow-code-review/venv/lib/python3.7/site-packages/airflow/example_dags/example_task_group_decorator.py
[2022-06-17 13:16:31,263] {logging_mixin.py:115} INFO - [2022-06-17 13:16:31,263] {dag.py:2379} INFO - Sync 1 DAGs
[2022-06-17 13:16:31,277] {logging_mixin.py:115} INFO - [2022-06-17 13:16:31,277] {dag.py:2931} INFO - Setting next_dagrun for example_task_group_decorator to 2022-06-16T20:16:31.277479+00:00, run_after=2022-06-17T20:16:31.277479+00:00
[2022-06-17 13:16:32,474] {processor.py:161} INFO - Processing /home/jarret/data-engineering-bootcamp/workspace/airflow-code-review/venv/lib/python3.7/site-packages/airflow/example_dags/example_task_group_decorator.py took 1.294 seconds
[2022-06-17 13:17:20,757] {processor.py:153} INFO - Started process (PID=19106) to work on /home/jarret/data-engineering-bootcamp/workspace/airflow-code-review/venv/lib/python3.7/site-packages/airflow/example_dags/example_task_group_decorator.py
[2022-06-17 13:17:20,764] {processor.py:641} INFO - Processing file /home/jarret/data-engineering-bootcamp/workspace/airflow-code-review/venv/lib/python3.7/site-packages/airflow/example_dags/example_task_group_decorator.py for tasks to queue
[2022-06-17 13:17:20,765] {logging_mixin.py:115} INFO - [2022-06-17 13:17:20,765] {dagbag.py:507} INFO - Filling up the DagBag from /home/jarret/data-engineering-bootcamp/workspace/airflow-code-review/venv/lib/python3.7/site-packages/airflow/example_dags/example_task_group_decorator.py
[2022-06-17 13:17:20,791] {processor.py:651} INFO - DAG(s) dict_keys(['example_task_group_decorator']) retrieved from /home/jarret/data-engineering-bootcamp/workspace/airflow-code-review/venv/lib/python3.7/site-packages/airflow/example_dags/example_task_group_decorator.py
[2022-06-17 13:17:20,837] {logging_mixin.py:115} INFO - [2022-06-17 13:17:20,836] {dag.py:2379} INFO - Sync 1 DAGs
[2022-06-17 13:17:20,851] {logging_mixin.py:115} INFO - [2022-06-17 13:17:20,851] {dag.py:2931} INFO - Setting next_dagrun for example_task_group_decorator to 2022-06-16T20:17:20.850896+00:00, run_after=2022-06-17T20:17:20.850896+00:00
[2022-06-17 13:17:21,245] {processor.py:161} INFO - Processing /home/jarret/data-engineering-bootcamp/workspace/airflow-code-review/venv/lib/python3.7/site-packages/airflow/example_dags/example_task_group_decorator.py took 0.491 seconds
[2022-06-17 13:18:22,261] {processor.py:153} INFO - Started process (PID=19180) to work on /home/jarret/data-engineering-bootcamp/workspace/airflow-code-review/venv/lib/python3.7/site-packages/airflow/example_dags/example_task_group_decorator.py
[2022-06-17 13:18:22,297] {processor.py:641} INFO - Processing file /home/jarret/data-engineering-bootcamp/workspace/airflow-code-review/venv/lib/python3.7/site-packages/airflow/example_dags/example_task_group_decorator.py for tasks to queue
[2022-06-17 13:18:22,298] {logging_mixin.py:115} INFO - [2022-06-17 13:18:22,298] {dagbag.py:507} INFO - Filling up the DagBag from /home/jarret/data-engineering-bootcamp/workspace/airflow-code-review/venv/lib/python3.7/site-packages/airflow/example_dags/example_task_group_decorator.py
[2022-06-17 13:18:22,319] {processor.py:651} INFO - DAG(s) dict_keys(['example_task_group_decorator']) retrieved from /home/jarret/data-engineering-bootcamp/workspace/airflow-code-review/venv/lib/python3.7/site-packages/airflow/example_dags/example_task_group_decorator.py
[2022-06-17 13:18:22,365] {logging_mixin.py:115} INFO - [2022-06-17 13:18:22,365] {dag.py:2379} INFO - Sync 1 DAGs
[2022-06-17 13:18:22,380] {logging_mixin.py:115} INFO - [2022-06-17 13:18:22,380] {dag.py:2931} INFO - Setting next_dagrun for example_task_group_decorator to 2022-06-16T20:18:22.379825+00:00, run_after=2022-06-17T20:18:22.379825+00:00
[2022-06-17 13:18:25,055] {processor.py:161} INFO - Processing /home/jarret/data-engineering-bootcamp/workspace/airflow-code-review/venv/lib/python3.7/site-packages/airflow/example_dags/example_task_group_decorator.py took 2.797 seconds
[2022-06-17 13:19:22,069] {processor.py:153} INFO - Started process (PID=19233) to work on /home/jarret/data-engineering-bootcamp/workspace/airflow-code-review/venv/lib/python3.7/site-packages/airflow/example_dags/example_task_group_decorator.py
[2022-06-17 13:19:22,076] {processor.py:641} INFO - Processing file /home/jarret/data-engineering-bootcamp/workspace/airflow-code-review/venv/lib/python3.7/site-packages/airflow/example_dags/example_task_group_decorator.py for tasks to queue
[2022-06-17 13:19:22,076] {logging_mixin.py:115} INFO - [2022-06-17 13:19:22,076] {dagbag.py:507} INFO - Filling up the DagBag from /home/jarret/data-engineering-bootcamp/workspace/airflow-code-review/venv/lib/python3.7/site-packages/airflow/example_dags/example_task_group_decorator.py
[2022-06-17 13:19:22,095] {processor.py:651} INFO - DAG(s) dict_keys(['example_task_group_decorator']) retrieved from /home/jarret/data-engineering-bootcamp/workspace/airflow-code-review/venv/lib/python3.7/site-packages/airflow/example_dags/example_task_group_decorator.py
[2022-06-17 13:19:22,142] {logging_mixin.py:115} INFO - [2022-06-17 13:19:22,141] {dag.py:2379} INFO - Sync 1 DAGs
[2022-06-17 13:19:22,156] {logging_mixin.py:115} INFO - [2022-06-17 13:19:22,156] {dag.py:2931} INFO - Setting next_dagrun for example_task_group_decorator to 2022-06-16T20:19:22.155829+00:00, run_after=2022-06-17T20:19:22.155829+00:00
[2022-06-17 13:19:22,276] {processor.py:161} INFO - Processing /home/jarret/data-engineering-bootcamp/workspace/airflow-code-review/venv/lib/python3.7/site-packages/airflow/example_dags/example_task_group_decorator.py took 0.211 seconds
[2022-06-17 13:20:29,981] {processor.py:153} INFO - Started process (PID=19333) to work on /home/jarret/data-engineering-bootcamp/workspace/airflow-code-review/venv/lib/python3.7/site-packages/airflow/example_dags/example_task_group_decorator.py
[2022-06-17 13:20:29,990] {processor.py:641} INFO - Processing file /home/jarret/data-engineering-bootcamp/workspace/airflow-code-review/venv/lib/python3.7/site-packages/airflow/example_dags/example_task_group_decorator.py for tasks to queue
[2022-06-17 13:20:29,990] {logging_mixin.py:115} INFO - [2022-06-17 13:20:29,990] {dagbag.py:507} INFO - Filling up the DagBag from /home/jarret/data-engineering-bootcamp/workspace/airflow-code-review/venv/lib/python3.7/site-packages/airflow/example_dags/example_task_group_decorator.py
[2022-06-17 13:20:30,010] {processor.py:651} INFO - DAG(s) dict_keys(['example_task_group_decorator']) retrieved from /home/jarret/data-engineering-bootcamp/workspace/airflow-code-review/venv/lib/python3.7/site-packages/airflow/example_dags/example_task_group_decorator.py
[2022-06-17 13:20:30,024] {logging_mixin.py:115} INFO - [2022-06-17 13:20:30,024] {dag.py:2379} INFO - Sync 1 DAGs
[2022-06-17 13:20:30,039] {logging_mixin.py:115} INFO - [2022-06-17 13:20:30,039] {dag.py:2931} INFO - Setting next_dagrun for example_task_group_decorator to 2022-06-16T20:20:30.039250+00:00, run_after=2022-06-17T20:20:30.039250+00:00
[2022-06-17 13:20:30,175] {processor.py:161} INFO - Processing /home/jarret/data-engineering-bootcamp/workspace/airflow-code-review/venv/lib/python3.7/site-packages/airflow/example_dags/example_task_group_decorator.py took 0.198 seconds
[2022-06-17 13:21:18,092] {processor.py:153} INFO - Started process (PID=19426) to work on /home/jarret/data-engineering-bootcamp/workspace/airflow-code-review/venv/lib/python3.7/site-packages/airflow/example_dags/example_task_group_decorator.py
[2022-06-17 13:21:18,093] {processor.py:641} INFO - Processing file /home/jarret/data-engineering-bootcamp/workspace/airflow-code-review/venv/lib/python3.7/site-packages/airflow/example_dags/example_task_group_decorator.py for tasks to queue
[2022-06-17 13:21:18,093] {logging_mixin.py:115} INFO - [2022-06-17 13:21:18,093] {dagbag.py:507} INFO - Filling up the DagBag from /home/jarret/data-engineering-bootcamp/workspace/airflow-code-review/venv/lib/python3.7/site-packages/airflow/example_dags/example_task_group_decorator.py
[2022-06-17 13:21:18,113] {processor.py:651} INFO - DAG(s) dict_keys(['example_task_group_decorator']) retrieved from /home/jarret/data-engineering-bootcamp/workspace/airflow-code-review/venv/lib/python3.7/site-packages/airflow/example_dags/example_task_group_decorator.py
[2022-06-17 13:21:18,128] {logging_mixin.py:115} INFO - [2022-06-17 13:21:18,128] {dag.py:2379} INFO - Sync 1 DAGs
[2022-06-17 13:21:18,144] {logging_mixin.py:115} INFO - [2022-06-17 13:21:18,143] {dag.py:2931} INFO - Setting next_dagrun for example_task_group_decorator to 2022-06-16T20:21:18.143759+00:00, run_after=2022-06-17T20:21:18.143759+00:00
[2022-06-17 13:21:18,536] {processor.py:161} INFO - Processing /home/jarret/data-engineering-bootcamp/workspace/airflow-code-review/venv/lib/python3.7/site-packages/airflow/example_dags/example_task_group_decorator.py took 0.447 seconds
[2022-06-17 13:22:13,441] {processor.py:153} INFO - Started process (PID=19539) to work on /home/jarret/data-engineering-bootcamp/workspace/airflow-code-review/venv/lib/python3.7/site-packages/airflow/example_dags/example_task_group_decorator.py
[2022-06-17 13:22:13,452] {processor.py:641} INFO - Processing file /home/jarret/data-engineering-bootcamp/workspace/airflow-code-review/venv/lib/python3.7/site-packages/airflow/example_dags/example_task_group_decorator.py for tasks to queue
[2022-06-17 13:22:13,452] {logging_mixin.py:115} INFO - [2022-06-17 13:22:13,452] {dagbag.py:507} INFO - Filling up the DagBag from /home/jarret/data-engineering-bootcamp/workspace/airflow-code-review/venv/lib/python3.7/site-packages/airflow/example_dags/example_task_group_decorator.py
[2022-06-17 13:22:13,471] {processor.py:651} INFO - DAG(s) dict_keys(['example_task_group_decorator']) retrieved from /home/jarret/data-engineering-bootcamp/workspace/airflow-code-review/venv/lib/python3.7/site-packages/airflow/example_dags/example_task_group_decorator.py
[2022-06-17 13:22:13,517] {logging_mixin.py:115} INFO - [2022-06-17 13:22:13,517] {dag.py:2379} INFO - Sync 1 DAGs
[2022-06-17 13:22:13,532] {logging_mixin.py:115} INFO - [2022-06-17 13:22:13,531] {dag.py:2931} INFO - Setting next_dagrun for example_task_group_decorator to 2022-06-16T20:22:13.531706+00:00, run_after=2022-06-17T20:22:13.531706+00:00
[2022-06-17 13:22:14,045] {processor.py:161} INFO - Processing /home/jarret/data-engineering-bootcamp/workspace/airflow-code-review/venv/lib/python3.7/site-packages/airflow/example_dags/example_task_group_decorator.py took 0.607 seconds
[2022-06-17 13:23:09,216] {processor.py:153} INFO - Started process (PID=19632) to work on /home/jarret/data-engineering-bootcamp/workspace/airflow-code-review/venv/lib/python3.7/site-packages/airflow/example_dags/example_task_group_decorator.py
[2022-06-17 13:23:09,217] {processor.py:641} INFO - Processing file /home/jarret/data-engineering-bootcamp/workspace/airflow-code-review/venv/lib/python3.7/site-packages/airflow/example_dags/example_task_group_decorator.py for tasks to queue
[2022-06-17 13:23:09,218] {logging_mixin.py:115} INFO - [2022-06-17 13:23:09,218] {dagbag.py:507} INFO - Filling up the DagBag from /home/jarret/data-engineering-bootcamp/workspace/airflow-code-review/venv/lib/python3.7/site-packages/airflow/example_dags/example_task_group_decorator.py
[2022-06-17 13:23:09,237] {processor.py:651} INFO - DAG(s) dict_keys(['example_task_group_decorator']) retrieved from /home/jarret/data-engineering-bootcamp/workspace/airflow-code-review/venv/lib/python3.7/site-packages/airflow/example_dags/example_task_group_decorator.py
[2022-06-17 13:23:09,283] {logging_mixin.py:115} INFO - [2022-06-17 13:23:09,283] {dag.py:2379} INFO - Sync 1 DAGs
[2022-06-17 13:23:09,297] {logging_mixin.py:115} INFO - [2022-06-17 13:23:09,297] {dag.py:2931} INFO - Setting next_dagrun for example_task_group_decorator to 2022-06-16T20:23:09.297629+00:00, run_after=2022-06-17T20:23:09.297629+00:00
[2022-06-17 13:23:10,190] {processor.py:161} INFO - Processing /home/jarret/data-engineering-bootcamp/workspace/airflow-code-review/venv/lib/python3.7/site-packages/airflow/example_dags/example_task_group_decorator.py took 0.978 seconds
[2022-06-17 13:24:20,550] {processor.py:153} INFO - Started process (PID=19770) to work on /home/jarret/data-engineering-bootcamp/workspace/airflow-code-review/venv/lib/python3.7/site-packages/airflow/example_dags/example_task_group_decorator.py
[2022-06-17 13:24:20,551] {processor.py:641} INFO - Processing file /home/jarret/data-engineering-bootcamp/workspace/airflow-code-review/venv/lib/python3.7/site-packages/airflow/example_dags/example_task_group_decorator.py for tasks to queue
[2022-06-17 13:24:20,551] {logging_mixin.py:115} INFO - [2022-06-17 13:24:20,551] {dagbag.py:507} INFO - Filling up the DagBag from /home/jarret/data-engineering-bootcamp/workspace/airflow-code-review/venv/lib/python3.7/site-packages/airflow/example_dags/example_task_group_decorator.py
[2022-06-17 13:24:20,572] {processor.py:651} INFO - DAG(s) dict_keys(['example_task_group_decorator']) retrieved from /home/jarret/data-engineering-bootcamp/workspace/airflow-code-review/venv/lib/python3.7/site-packages/airflow/example_dags/example_task_group_decorator.py
[2022-06-17 13:24:20,622] {logging_mixin.py:115} INFO - [2022-06-17 13:24:20,622] {dag.py:2379} INFO - Sync 1 DAGs
[2022-06-17 13:24:20,638] {logging_mixin.py:115} INFO - [2022-06-17 13:24:20,638] {dag.py:2931} INFO - Setting next_dagrun for example_task_group_decorator to 2022-06-16T20:24:20.638527+00:00, run_after=2022-06-17T20:24:20.638527+00:00
[2022-06-17 13:24:20,750] {processor.py:161} INFO - Processing /home/jarret/data-engineering-bootcamp/workspace/airflow-code-review/venv/lib/python3.7/site-packages/airflow/example_dags/example_task_group_decorator.py took 0.202 seconds
[2022-06-17 13:25:24,709] {processor.py:153} INFO - Started process (PID=19892) to work on /home/jarret/data-engineering-bootcamp/workspace/airflow-code-review/venv/lib/python3.7/site-packages/airflow/example_dags/example_task_group_decorator.py
[2022-06-17 13:25:24,714] {processor.py:641} INFO - Processing file /home/jarret/data-engineering-bootcamp/workspace/airflow-code-review/venv/lib/python3.7/site-packages/airflow/example_dags/example_task_group_decorator.py for tasks to queue
[2022-06-17 13:25:24,715] {logging_mixin.py:115} INFO - [2022-06-17 13:25:24,715] {dagbag.py:507} INFO - Filling up the DagBag from /home/jarret/data-engineering-bootcamp/workspace/airflow-code-review/venv/lib/python3.7/site-packages/airflow/example_dags/example_task_group_decorator.py
[2022-06-17 13:25:24,734] {processor.py:651} INFO - DAG(s) dict_keys(['example_task_group_decorator']) retrieved from /home/jarret/data-engineering-bootcamp/workspace/airflow-code-review/venv/lib/python3.7/site-packages/airflow/example_dags/example_task_group_decorator.py
[2022-06-17 13:25:24,749] {logging_mixin.py:115} INFO - [2022-06-17 13:25:24,749] {dag.py:2379} INFO - Sync 1 DAGs
[2022-06-17 13:25:24,765] {logging_mixin.py:115} INFO - [2022-06-17 13:25:24,764] {dag.py:2931} INFO - Setting next_dagrun for example_task_group_decorator to 2022-06-16T20:25:24.764699+00:00, run_after=2022-06-17T20:25:24.764699+00:00
[2022-06-17 13:25:24,879] {processor.py:161} INFO - Processing /home/jarret/data-engineering-bootcamp/workspace/airflow-code-review/venv/lib/python3.7/site-packages/airflow/example_dags/example_task_group_decorator.py took 0.173 seconds
[2022-06-17 13:26:15,967] {processor.py:153} INFO - Started process (PID=19999) to work on /home/jarret/data-engineering-bootcamp/workspace/airflow-code-review/venv/lib/python3.7/site-packages/airflow/example_dags/example_task_group_decorator.py
[2022-06-17 13:26:15,975] {processor.py:641} INFO - Processing file /home/jarret/data-engineering-bootcamp/workspace/airflow-code-review/venv/lib/python3.7/site-packages/airflow/example_dags/example_task_group_decorator.py for tasks to queue
[2022-06-17 13:26:15,976] {logging_mixin.py:115} INFO - [2022-06-17 13:26:15,976] {dagbag.py:507} INFO - Filling up the DagBag from /home/jarret/data-engineering-bootcamp/workspace/airflow-code-review/venv/lib/python3.7/site-packages/airflow/example_dags/example_task_group_decorator.py
[2022-06-17 13:26:15,999] {processor.py:651} INFO - DAG(s) dict_keys(['example_task_group_decorator']) retrieved from /home/jarret/data-engineering-bootcamp/workspace/airflow-code-review/venv/lib/python3.7/site-packages/airflow/example_dags/example_task_group_decorator.py
[2022-06-17 13:26:16,046] {logging_mixin.py:115} INFO - [2022-06-17 13:26:16,045] {dag.py:2379} INFO - Sync 1 DAGs
[2022-06-17 13:26:16,060] {logging_mixin.py:115} INFO - [2022-06-17 13:26:16,060] {dag.py:2931} INFO - Setting next_dagrun for example_task_group_decorator to 2022-06-16T20:26:16.060005+00:00, run_after=2022-06-17T20:26:16.060005+00:00
[2022-06-17 13:26:16,178] {processor.py:161} INFO - Processing /home/jarret/data-engineering-bootcamp/workspace/airflow-code-review/venv/lib/python3.7/site-packages/airflow/example_dags/example_task_group_decorator.py took 0.214 seconds
[2022-06-17 13:27:19,624] {processor.py:153} INFO - Started process (PID=20129) to work on /home/jarret/data-engineering-bootcamp/workspace/airflow-code-review/venv/lib/python3.7/site-packages/airflow/example_dags/example_task_group_decorator.py
[2022-06-17 13:27:19,630] {processor.py:641} INFO - Processing file /home/jarret/data-engineering-bootcamp/workspace/airflow-code-review/venv/lib/python3.7/site-packages/airflow/example_dags/example_task_group_decorator.py for tasks to queue
[2022-06-17 13:27:19,630] {logging_mixin.py:115} INFO - [2022-06-17 13:27:19,630] {dagbag.py:507} INFO - Filling up the DagBag from /home/jarret/data-engineering-bootcamp/workspace/airflow-code-review/venv/lib/python3.7/site-packages/airflow/example_dags/example_task_group_decorator.py
[2022-06-17 13:27:19,658] {processor.py:651} INFO - DAG(s) dict_keys(['example_task_group_decorator']) retrieved from /home/jarret/data-engineering-bootcamp/workspace/airflow-code-review/venv/lib/python3.7/site-packages/airflow/example_dags/example_task_group_decorator.py
[2022-06-17 13:27:19,704] {logging_mixin.py:115} INFO - [2022-06-17 13:27:19,704] {dag.py:2379} INFO - Sync 1 DAGs
[2022-06-17 13:27:19,719] {logging_mixin.py:115} INFO - [2022-06-17 13:27:19,718] {dag.py:2931} INFO - Setting next_dagrun for example_task_group_decorator to 2022-06-16T20:27:19.718727+00:00, run_after=2022-06-17T20:27:19.718727+00:00
[2022-06-17 13:27:20,786] {processor.py:161} INFO - Processing /home/jarret/data-engineering-bootcamp/workspace/airflow-code-review/venv/lib/python3.7/site-packages/airflow/example_dags/example_task_group_decorator.py took 1.167 seconds
[2022-06-17 13:28:05,386] {processor.py:153} INFO - Started process (PID=20225) to work on /home/jarret/data-engineering-bootcamp/workspace/airflow-code-review/venv/lib/python3.7/site-packages/airflow/example_dags/example_task_group_decorator.py
[2022-06-17 13:28:05,387] {processor.py:641} INFO - Processing file /home/jarret/data-engineering-bootcamp/workspace/airflow-code-review/venv/lib/python3.7/site-packages/airflow/example_dags/example_task_group_decorator.py for tasks to queue
[2022-06-17 13:28:05,388] {logging_mixin.py:115} INFO - [2022-06-17 13:28:05,388] {dagbag.py:507} INFO - Filling up the DagBag from /home/jarret/data-engineering-bootcamp/workspace/airflow-code-review/venv/lib/python3.7/site-packages/airflow/example_dags/example_task_group_decorator.py
[2022-06-17 13:28:05,411] {processor.py:651} INFO - DAG(s) dict_keys(['example_task_group_decorator']) retrieved from /home/jarret/data-engineering-bootcamp/workspace/airflow-code-review/venv/lib/python3.7/site-packages/airflow/example_dags/example_task_group_decorator.py
[2022-06-17 13:28:05,457] {logging_mixin.py:115} INFO - [2022-06-17 13:28:05,456] {dag.py:2379} INFO - Sync 1 DAGs
[2022-06-17 13:28:05,471] {logging_mixin.py:115} INFO - [2022-06-17 13:28:05,470] {dag.py:2931} INFO - Setting next_dagrun for example_task_group_decorator to 2022-06-16T20:28:05.470785+00:00, run_after=2022-06-17T20:28:05.470785+00:00
[2022-06-17 13:28:05,921] {processor.py:161} INFO - Processing /home/jarret/data-engineering-bootcamp/workspace/airflow-code-review/venv/lib/python3.7/site-packages/airflow/example_dags/example_task_group_decorator.py took 0.538 seconds
[2022-06-17 13:29:07,652] {processor.py:153} INFO - Started process (PID=20289) to work on /home/jarret/data-engineering-bootcamp/workspace/airflow-code-review/venv/lib/python3.7/site-packages/airflow/example_dags/example_task_group_decorator.py
[2022-06-17 13:29:07,653] {processor.py:641} INFO - Processing file /home/jarret/data-engineering-bootcamp/workspace/airflow-code-review/venv/lib/python3.7/site-packages/airflow/example_dags/example_task_group_decorator.py for tasks to queue
[2022-06-17 13:29:07,654] {logging_mixin.py:115} INFO - [2022-06-17 13:29:07,654] {dagbag.py:507} INFO - Filling up the DagBag from /home/jarret/data-engineering-bootcamp/workspace/airflow-code-review/venv/lib/python3.7/site-packages/airflow/example_dags/example_task_group_decorator.py
[2022-06-17 13:29:07,677] {processor.py:651} INFO - DAG(s) dict_keys(['example_task_group_decorator']) retrieved from /home/jarret/data-engineering-bootcamp/workspace/airflow-code-review/venv/lib/python3.7/site-packages/airflow/example_dags/example_task_group_decorator.py
[2022-06-17 13:29:07,692] {logging_mixin.py:115} INFO - [2022-06-17 13:29:07,692] {dag.py:2379} INFO - Sync 1 DAGs
[2022-06-17 13:29:07,708] {logging_mixin.py:115} INFO - [2022-06-17 13:29:07,708] {dag.py:2931} INFO - Setting next_dagrun for example_task_group_decorator to 2022-06-16T20:29:07.707864+00:00, run_after=2022-06-17T20:29:07.707864+00:00
[2022-06-17 13:29:07,838] {processor.py:161} INFO - Processing /home/jarret/data-engineering-bootcamp/workspace/airflow-code-review/venv/lib/python3.7/site-packages/airflow/example_dags/example_task_group_decorator.py took 0.189 seconds
[2022-06-17 13:30:02,332] {processor.py:153} INFO - Started process (PID=20539) to work on /home/jarret/data-engineering-bootcamp/workspace/airflow-code-review/venv/lib/python3.7/site-packages/airflow/example_dags/example_task_group_decorator.py
[2022-06-17 13:30:02,346] {processor.py:641} INFO - Processing file /home/jarret/data-engineering-bootcamp/workspace/airflow-code-review/venv/lib/python3.7/site-packages/airflow/example_dags/example_task_group_decorator.py for tasks to queue
[2022-06-17 13:30:02,346] {logging_mixin.py:115} INFO - [2022-06-17 13:30:02,346] {dagbag.py:507} INFO - Filling up the DagBag from /home/jarret/data-engineering-bootcamp/workspace/airflow-code-review/venv/lib/python3.7/site-packages/airflow/example_dags/example_task_group_decorator.py
[2022-06-17 13:30:02,365] {processor.py:651} INFO - DAG(s) dict_keys(['example_task_group_decorator']) retrieved from /home/jarret/data-engineering-bootcamp/workspace/airflow-code-review/venv/lib/python3.7/site-packages/airflow/example_dags/example_task_group_decorator.py
[2022-06-17 13:30:02,380] {logging_mixin.py:115} INFO - [2022-06-17 13:30:02,379] {dag.py:2379} INFO - Sync 1 DAGs
[2022-06-17 13:30:02,395] {logging_mixin.py:115} INFO - [2022-06-17 13:30:02,395] {dag.py:2931} INFO - Setting next_dagrun for example_task_group_decorator to 2022-06-16T20:30:02.395281+00:00, run_after=2022-06-17T20:30:02.395281+00:00
[2022-06-17 13:30:02,549] {processor.py:161} INFO - Processing /home/jarret/data-engineering-bootcamp/workspace/airflow-code-review/venv/lib/python3.7/site-packages/airflow/example_dags/example_task_group_decorator.py took 0.219 seconds
[2022-06-17 13:31:06,559] {processor.py:153} INFO - Started process (PID=20669) to work on /home/jarret/data-engineering-bootcamp/workspace/airflow-code-review/venv/lib/python3.7/site-packages/airflow/example_dags/example_task_group_decorator.py
[2022-06-17 13:31:06,560] {processor.py:641} INFO - Processing file /home/jarret/data-engineering-bootcamp/workspace/airflow-code-review/venv/lib/python3.7/site-packages/airflow/example_dags/example_task_group_decorator.py for tasks to queue
[2022-06-17 13:31:06,561] {logging_mixin.py:115} INFO - [2022-06-17 13:31:06,561] {dagbag.py:507} INFO - Filling up the DagBag from /home/jarret/data-engineering-bootcamp/workspace/airflow-code-review/venv/lib/python3.7/site-packages/airflow/example_dags/example_task_group_decorator.py
[2022-06-17 13:31:06,583] {processor.py:651} INFO - DAG(s) dict_keys(['example_task_group_decorator']) retrieved from /home/jarret/data-engineering-bootcamp/workspace/airflow-code-review/venv/lib/python3.7/site-packages/airflow/example_dags/example_task_group_decorator.py
[2022-06-17 13:31:06,630] {logging_mixin.py:115} INFO - [2022-06-17 13:31:06,630] {dag.py:2379} INFO - Sync 1 DAGs
[2022-06-17 13:31:06,644] {logging_mixin.py:115} INFO - [2022-06-17 13:31:06,644] {dag.py:2931} INFO - Setting next_dagrun for example_task_group_decorator to 2022-06-16T20:31:06.644475+00:00, run_after=2022-06-17T20:31:06.644475+00:00
[2022-06-17 13:31:07,468] {processor.py:161} INFO - Processing /home/jarret/data-engineering-bootcamp/workspace/airflow-code-review/venv/lib/python3.7/site-packages/airflow/example_dags/example_task_group_decorator.py took 0.912 seconds
[2022-06-17 13:32:00,944] {processor.py:153} INFO - Started process (PID=21544) to work on /home/jarret/data-engineering-bootcamp/workspace/airflow-code-review/venv/lib/python3.7/site-packages/airflow/example_dags/example_task_group_decorator.py
[2022-06-17 13:32:00,954] {processor.py:641} INFO - Processing file /home/jarret/data-engineering-bootcamp/workspace/airflow-code-review/venv/lib/python3.7/site-packages/airflow/example_dags/example_task_group_decorator.py for tasks to queue
[2022-06-17 13:32:00,954] {logging_mixin.py:115} INFO - [2022-06-17 13:32:00,954] {dagbag.py:507} INFO - Filling up the DagBag from /home/jarret/data-engineering-bootcamp/workspace/airflow-code-review/venv/lib/python3.7/site-packages/airflow/example_dags/example_task_group_decorator.py
[2022-06-17 13:32:00,982] {processor.py:651} INFO - DAG(s) dict_keys(['example_task_group_decorator']) retrieved from /home/jarret/data-engineering-bootcamp/workspace/airflow-code-review/venv/lib/python3.7/site-packages/airflow/example_dags/example_task_group_decorator.py
[2022-06-17 13:32:01,028] {logging_mixin.py:115} INFO - [2022-06-17 13:32:01,028] {dag.py:2379} INFO - Sync 1 DAGs
[2022-06-17 13:32:01,042] {logging_mixin.py:115} INFO - [2022-06-17 13:32:01,042] {dag.py:2931} INFO - Setting next_dagrun for example_task_group_decorator to 2022-06-16T20:32:01.042197+00:00, run_after=2022-06-17T20:32:01.042197+00:00
[2022-06-17 13:32:01,157] {processor.py:161} INFO - Processing /home/jarret/data-engineering-bootcamp/workspace/airflow-code-review/venv/lib/python3.7/site-packages/airflow/example_dags/example_task_group_decorator.py took 0.215 seconds
[2022-06-17 13:32:59,802] {processor.py:153} INFO - Started process (PID=22304) to work on /home/jarret/data-engineering-bootcamp/workspace/airflow-code-review/venv/lib/python3.7/site-packages/airflow/example_dags/example_task_group_decorator.py
[2022-06-17 13:32:59,803] {processor.py:641} INFO - Processing file /home/jarret/data-engineering-bootcamp/workspace/airflow-code-review/venv/lib/python3.7/site-packages/airflow/example_dags/example_task_group_decorator.py for tasks to queue
[2022-06-17 13:32:59,804] {logging_mixin.py:115} INFO - [2022-06-17 13:32:59,804] {dagbag.py:507} INFO - Filling up the DagBag from /home/jarret/data-engineering-bootcamp/workspace/airflow-code-review/venv/lib/python3.7/site-packages/airflow/example_dags/example_task_group_decorator.py
[2022-06-17 13:32:59,822] {processor.py:651} INFO - DAG(s) dict_keys(['example_task_group_decorator']) retrieved from /home/jarret/data-engineering-bootcamp/workspace/airflow-code-review/venv/lib/python3.7/site-packages/airflow/example_dags/example_task_group_decorator.py
[2022-06-17 13:32:59,836] {logging_mixin.py:115} INFO - [2022-06-17 13:32:59,836] {dag.py:2379} INFO - Sync 1 DAGs
[2022-06-17 13:32:59,851] {logging_mixin.py:115} INFO - [2022-06-17 13:32:59,851] {dag.py:2931} INFO - Setting next_dagrun for example_task_group_decorator to 2022-06-16T20:32:59.851257+00:00, run_after=2022-06-17T20:32:59.851257+00:00
[2022-06-17 13:33:00,742] {processor.py:161} INFO - Processing /home/jarret/data-engineering-bootcamp/workspace/airflow-code-review/venv/lib/python3.7/site-packages/airflow/example_dags/example_task_group_decorator.py took 0.942 seconds
[2022-06-17 13:33:57,130] {processor.py:153} INFO - Started process (PID=23044) to work on /home/jarret/data-engineering-bootcamp/workspace/airflow-code-review/venv/lib/python3.7/site-packages/airflow/example_dags/example_task_group_decorator.py
[2022-06-17 13:33:57,154] {processor.py:641} INFO - Processing file /home/jarret/data-engineering-bootcamp/workspace/airflow-code-review/venv/lib/python3.7/site-packages/airflow/example_dags/example_task_group_decorator.py for tasks to queue
[2022-06-17 13:33:57,155] {logging_mixin.py:115} INFO - [2022-06-17 13:33:57,155] {dagbag.py:507} INFO - Filling up the DagBag from /home/jarret/data-engineering-bootcamp/workspace/airflow-code-review/venv/lib/python3.7/site-packages/airflow/example_dags/example_task_group_decorator.py
[2022-06-17 13:33:57,176] {processor.py:651} INFO - DAG(s) dict_keys(['example_task_group_decorator']) retrieved from /home/jarret/data-engineering-bootcamp/workspace/airflow-code-review/venv/lib/python3.7/site-packages/airflow/example_dags/example_task_group_decorator.py
[2022-06-17 13:33:57,221] {logging_mixin.py:115} INFO - [2022-06-17 13:33:57,221] {dag.py:2379} INFO - Sync 1 DAGs
[2022-06-17 13:33:57,235] {logging_mixin.py:115} INFO - [2022-06-17 13:33:57,235] {dag.py:2931} INFO - Setting next_dagrun for example_task_group_decorator to 2022-06-16T20:33:57.235537+00:00, run_after=2022-06-17T20:33:57.235537+00:00
[2022-06-17 13:33:58,272] {processor.py:161} INFO - Processing /home/jarret/data-engineering-bootcamp/workspace/airflow-code-review/venv/lib/python3.7/site-packages/airflow/example_dags/example_task_group_decorator.py took 1.144 seconds
