[2022-06-17 12:37:15,247] {processor.py:153} INFO - Started process (PID=15720) to work on /home/jarret/data-engineering-bootcamp/workspace/airflow-code-review/venv/lib/python3.7/site-packages/airflow/example_dags/example_branch_operator.py
[2022-06-17 12:37:15,247] {processor.py:641} INFO - Processing file /home/jarret/data-engineering-bootcamp/workspace/airflow-code-review/venv/lib/python3.7/site-packages/airflow/example_dags/example_branch_operator.py for tasks to queue
[2022-06-17 12:37:15,248] {logging_mixin.py:115} INFO - [2022-06-17 12:37:15,248] {dagbag.py:507} INFO - Filling up the DagBag from /home/jarret/data-engineering-bootcamp/workspace/airflow-code-review/venv/lib/python3.7/site-packages/airflow/example_dags/example_branch_operator.py
[2022-06-17 12:37:15,258] {processor.py:651} INFO - DAG(s) dict_keys(['example_branch_operator']) retrieved from /home/jarret/data-engineering-bootcamp/workspace/airflow-code-review/venv/lib/python3.7/site-packages/airflow/example_dags/example_branch_operator.py
[2022-06-17 12:37:15,879] {logging_mixin.py:115} INFO - [2022-06-17 12:37:15,879] {manager.py:508} INFO - Created Permission View: can read on DAG:example_branch_operator
[2022-06-17 12:37:16,012] {logging_mixin.py:115} INFO - [2022-06-17 12:37:16,012] {manager.py:508} INFO - Created Permission View: can delete on DAG:example_branch_operator
[2022-06-17 12:37:16,146] {logging_mixin.py:115} INFO - [2022-06-17 12:37:16,146] {manager.py:508} INFO - Created Permission View: can edit on DAG:example_branch_operator
[2022-06-17 12:37:16,146] {logging_mixin.py:115} INFO - [2022-06-17 12:37:16,146] {dag.py:2379} INFO - Sync 1 DAGs
[2022-06-17 12:37:16,161] {logging_mixin.py:115} INFO - [2022-06-17 12:37:16,161] {dag.py:2398} INFO - Creating ORM DAG for example_branch_operator
[2022-06-17 12:37:16,176] {logging_mixin.py:115} INFO - [2022-06-17 12:37:16,176] {dag.py:2931} INFO - Setting next_dagrun for example_branch_operator to 2022-06-16T00:00:00+00:00, run_after=2022-06-17T00:00:00+00:00
[2022-06-17 12:37:16,557] {processor.py:161} INFO - Processing /home/jarret/data-engineering-bootcamp/workspace/airflow-code-review/venv/lib/python3.7/site-packages/airflow/example_dags/example_branch_operator.py took 1.314 seconds
[2022-06-17 12:38:30,897] {processor.py:153} INFO - Started process (PID=15787) to work on /home/jarret/data-engineering-bootcamp/workspace/airflow-code-review/venv/lib/python3.7/site-packages/airflow/example_dags/example_branch_operator.py
[2022-06-17 12:38:30,915] {processor.py:641} INFO - Processing file /home/jarret/data-engineering-bootcamp/workspace/airflow-code-review/venv/lib/python3.7/site-packages/airflow/example_dags/example_branch_operator.py for tasks to queue
[2022-06-17 12:38:30,916] {logging_mixin.py:115} INFO - [2022-06-17 12:38:30,915] {dagbag.py:507} INFO - Filling up the DagBag from /home/jarret/data-engineering-bootcamp/workspace/airflow-code-review/venv/lib/python3.7/site-packages/airflow/example_dags/example_branch_operator.py
[2022-06-17 12:38:30,924] {processor.py:651} INFO - DAG(s) dict_keys(['example_branch_operator']) retrieved from /home/jarret/data-engineering-bootcamp/workspace/airflow-code-review/venv/lib/python3.7/site-packages/airflow/example_dags/example_branch_operator.py
[2022-06-17 12:38:30,937] {logging_mixin.py:115} INFO - [2022-06-17 12:38:30,937] {dag.py:2379} INFO - Sync 1 DAGs
[2022-06-17 12:38:30,953] {logging_mixin.py:115} INFO - [2022-06-17 12:38:30,953] {dag.py:2931} INFO - Setting next_dagrun for example_branch_operator to 2022-06-16T00:00:00+00:00, run_after=2022-06-17T00:00:00+00:00
[2022-06-17 12:38:32,263] {processor.py:161} INFO - Processing /home/jarret/data-engineering-bootcamp/workspace/airflow-code-review/venv/lib/python3.7/site-packages/airflow/example_dags/example_branch_operator.py took 1.368 seconds
[2022-06-17 12:39:27,497] {processor.py:153} INFO - Started process (PID=15833) to work on /home/jarret/data-engineering-bootcamp/workspace/airflow-code-review/venv/lib/python3.7/site-packages/airflow/example_dags/example_branch_operator.py
[2022-06-17 12:39:27,508] {processor.py:641} INFO - Processing file /home/jarret/data-engineering-bootcamp/workspace/airflow-code-review/venv/lib/python3.7/site-packages/airflow/example_dags/example_branch_operator.py for tasks to queue
[2022-06-17 12:39:27,509] {logging_mixin.py:115} INFO - [2022-06-17 12:39:27,509] {dagbag.py:507} INFO - Filling up the DagBag from /home/jarret/data-engineering-bootcamp/workspace/airflow-code-review/venv/lib/python3.7/site-packages/airflow/example_dags/example_branch_operator.py
[2022-06-17 12:39:27,516] {processor.py:651} INFO - DAG(s) dict_keys(['example_branch_operator']) retrieved from /home/jarret/data-engineering-bootcamp/workspace/airflow-code-review/venv/lib/python3.7/site-packages/airflow/example_dags/example_branch_operator.py
[2022-06-17 12:39:27,527] {logging_mixin.py:115} INFO - [2022-06-17 12:39:27,527] {dag.py:2379} INFO - Sync 1 DAGs
[2022-06-17 12:39:27,543] {logging_mixin.py:115} INFO - [2022-06-17 12:39:27,542] {dag.py:2931} INFO - Setting next_dagrun for example_branch_operator to 2022-06-16T00:00:00+00:00, run_after=2022-06-17T00:00:00+00:00
[2022-06-17 12:39:28,750] {processor.py:161} INFO - Processing /home/jarret/data-engineering-bootcamp/workspace/airflow-code-review/venv/lib/python3.7/site-packages/airflow/example_dags/example_branch_operator.py took 1.256 seconds
[2022-06-17 12:40:25,535] {processor.py:153} INFO - Started process (PID=15891) to work on /home/jarret/data-engineering-bootcamp/workspace/airflow-code-review/venv/lib/python3.7/site-packages/airflow/example_dags/example_branch_operator.py
[2022-06-17 12:40:25,536] {processor.py:641} INFO - Processing file /home/jarret/data-engineering-bootcamp/workspace/airflow-code-review/venv/lib/python3.7/site-packages/airflow/example_dags/example_branch_operator.py for tasks to queue
[2022-06-17 12:40:25,537] {logging_mixin.py:115} INFO - [2022-06-17 12:40:25,537] {dagbag.py:507} INFO - Filling up the DagBag from /home/jarret/data-engineering-bootcamp/workspace/airflow-code-review/venv/lib/python3.7/site-packages/airflow/example_dags/example_branch_operator.py
[2022-06-17 12:40:25,548] {processor.py:651} INFO - DAG(s) dict_keys(['example_branch_operator']) retrieved from /home/jarret/data-engineering-bootcamp/workspace/airflow-code-review/venv/lib/python3.7/site-packages/airflow/example_dags/example_branch_operator.py
[2022-06-17 12:40:25,559] {logging_mixin.py:115} INFO - [2022-06-17 12:40:25,559] {dag.py:2379} INFO - Sync 1 DAGs
[2022-06-17 12:40:25,576] {logging_mixin.py:115} INFO - [2022-06-17 12:40:25,576] {dag.py:2931} INFO - Setting next_dagrun for example_branch_operator to 2022-06-16T00:00:00+00:00, run_after=2022-06-17T00:00:00+00:00
[2022-06-17 12:40:26,757] {processor.py:161} INFO - Processing /home/jarret/data-engineering-bootcamp/workspace/airflow-code-review/venv/lib/python3.7/site-packages/airflow/example_dags/example_branch_operator.py took 1.225 seconds
[2022-06-17 12:41:24,532] {processor.py:153} INFO - Started process (PID=15977) to work on /home/jarret/data-engineering-bootcamp/workspace/airflow-code-review/venv/lib/python3.7/site-packages/airflow/example_dags/example_branch_operator.py
[2022-06-17 12:41:24,534] {processor.py:641} INFO - Processing file /home/jarret/data-engineering-bootcamp/workspace/airflow-code-review/venv/lib/python3.7/site-packages/airflow/example_dags/example_branch_operator.py for tasks to queue
[2022-06-17 12:41:24,535] {logging_mixin.py:115} INFO - [2022-06-17 12:41:24,535] {dagbag.py:507} INFO - Filling up the DagBag from /home/jarret/data-engineering-bootcamp/workspace/airflow-code-review/venv/lib/python3.7/site-packages/airflow/example_dags/example_branch_operator.py
[2022-06-17 12:41:24,545] {processor.py:651} INFO - DAG(s) dict_keys(['example_branch_operator']) retrieved from /home/jarret/data-engineering-bootcamp/workspace/airflow-code-review/venv/lib/python3.7/site-packages/airflow/example_dags/example_branch_operator.py
[2022-06-17 12:41:24,557] {logging_mixin.py:115} INFO - [2022-06-17 12:41:24,557] {dag.py:2379} INFO - Sync 1 DAGs
[2022-06-17 12:41:24,574] {logging_mixin.py:115} INFO - [2022-06-17 12:41:24,574] {dag.py:2931} INFO - Setting next_dagrun for example_branch_operator to 2022-06-16T00:00:00+00:00, run_after=2022-06-17T00:00:00+00:00
[2022-06-17 12:41:24,702] {processor.py:161} INFO - Processing /home/jarret/data-engineering-bootcamp/workspace/airflow-code-review/venv/lib/python3.7/site-packages/airflow/example_dags/example_branch_operator.py took 0.172 seconds
[2022-06-17 12:42:22,342] {processor.py:153} INFO - Started process (PID=16032) to work on /home/jarret/data-engineering-bootcamp/workspace/airflow-code-review/venv/lib/python3.7/site-packages/airflow/example_dags/example_branch_operator.py
[2022-06-17 12:42:22,343] {processor.py:641} INFO - Processing file /home/jarret/data-engineering-bootcamp/workspace/airflow-code-review/venv/lib/python3.7/site-packages/airflow/example_dags/example_branch_operator.py for tasks to queue
[2022-06-17 12:42:22,344] {logging_mixin.py:115} INFO - [2022-06-17 12:42:22,344] {dagbag.py:507} INFO - Filling up the DagBag from /home/jarret/data-engineering-bootcamp/workspace/airflow-code-review/venv/lib/python3.7/site-packages/airflow/example_dags/example_branch_operator.py
[2022-06-17 12:42:22,350] {processor.py:651} INFO - DAG(s) dict_keys(['example_branch_operator']) retrieved from /home/jarret/data-engineering-bootcamp/workspace/airflow-code-review/venv/lib/python3.7/site-packages/airflow/example_dags/example_branch_operator.py
[2022-06-17 12:42:22,361] {logging_mixin.py:115} INFO - [2022-06-17 12:42:22,361] {dag.py:2379} INFO - Sync 1 DAGs
[2022-06-17 12:42:22,377] {logging_mixin.py:115} INFO - [2022-06-17 12:42:22,377] {dag.py:2931} INFO - Setting next_dagrun for example_branch_operator to 2022-06-16T00:00:00+00:00, run_after=2022-06-17T00:00:00+00:00
[2022-06-17 12:42:22,975] {processor.py:161} INFO - Processing /home/jarret/data-engineering-bootcamp/workspace/airflow-code-review/venv/lib/python3.7/site-packages/airflow/example_dags/example_branch_operator.py took 0.636 seconds
[2022-06-17 12:43:49,903] {processor.py:153} INFO - Started process (PID=16190) to work on /home/jarret/data-engineering-bootcamp/workspace/airflow-code-review/venv/lib/python3.7/site-packages/airflow/example_dags/example_branch_operator.py
[2022-06-17 12:43:49,905] {processor.py:641} INFO - Processing file /home/jarret/data-engineering-bootcamp/workspace/airflow-code-review/venv/lib/python3.7/site-packages/airflow/example_dags/example_branch_operator.py for tasks to queue
[2022-06-17 12:43:49,905] {logging_mixin.py:115} INFO - [2022-06-17 12:43:49,905] {dagbag.py:507} INFO - Filling up the DagBag from /home/jarret/data-engineering-bootcamp/workspace/airflow-code-review/venv/lib/python3.7/site-packages/airflow/example_dags/example_branch_operator.py
[2022-06-17 12:43:49,919] {processor.py:651} INFO - DAG(s) dict_keys(['example_branch_operator']) retrieved from /home/jarret/data-engineering-bootcamp/workspace/airflow-code-review/venv/lib/python3.7/site-packages/airflow/example_dags/example_branch_operator.py
[2022-06-17 12:43:49,931] {logging_mixin.py:115} INFO - [2022-06-17 12:43:49,931] {dag.py:2379} INFO - Sync 1 DAGs
[2022-06-17 12:43:49,948] {logging_mixin.py:115} INFO - [2022-06-17 12:43:49,948] {dag.py:2931} INFO - Setting next_dagrun for example_branch_operator to 2022-06-16T00:00:00+00:00, run_after=2022-06-17T00:00:00+00:00
[2022-06-17 12:43:50,213] {processor.py:161} INFO - Processing /home/jarret/data-engineering-bootcamp/workspace/airflow-code-review/venv/lib/python3.7/site-packages/airflow/example_dags/example_branch_operator.py took 0.313 seconds
[2022-06-17 12:44:55,781] {processor.py:153} INFO - Started process (PID=16280) to work on /home/jarret/data-engineering-bootcamp/workspace/airflow-code-review/venv/lib/python3.7/site-packages/airflow/example_dags/example_branch_operator.py
[2022-06-17 12:44:55,782] {processor.py:641} INFO - Processing file /home/jarret/data-engineering-bootcamp/workspace/airflow-code-review/venv/lib/python3.7/site-packages/airflow/example_dags/example_branch_operator.py for tasks to queue
[2022-06-17 12:44:55,783] {logging_mixin.py:115} INFO - [2022-06-17 12:44:55,783] {dagbag.py:507} INFO - Filling up the DagBag from /home/jarret/data-engineering-bootcamp/workspace/airflow-code-review/venv/lib/python3.7/site-packages/airflow/example_dags/example_branch_operator.py
[2022-06-17 12:44:55,792] {processor.py:651} INFO - DAG(s) dict_keys(['example_branch_operator']) retrieved from /home/jarret/data-engineering-bootcamp/workspace/airflow-code-review/venv/lib/python3.7/site-packages/airflow/example_dags/example_branch_operator.py
[2022-06-17 12:44:55,803] {logging_mixin.py:115} INFO - [2022-06-17 12:44:55,803] {dag.py:2379} INFO - Sync 1 DAGs
[2022-06-17 12:44:55,820] {logging_mixin.py:115} INFO - [2022-06-17 12:44:55,819] {dag.py:2931} INFO - Setting next_dagrun for example_branch_operator to 2022-06-16T00:00:00+00:00, run_after=2022-06-17T00:00:00+00:00
[2022-06-17 12:44:57,116] {processor.py:161} INFO - Processing /home/jarret/data-engineering-bootcamp/workspace/airflow-code-review/venv/lib/python3.7/site-packages/airflow/example_dags/example_branch_operator.py took 1.339 seconds
[2022-06-17 12:45:58,331] {processor.py:153} INFO - Started process (PID=16396) to work on /home/jarret/data-engineering-bootcamp/workspace/airflow-code-review/venv/lib/python3.7/site-packages/airflow/example_dags/example_branch_operator.py
[2022-06-17 12:45:58,349] {processor.py:641} INFO - Processing file /home/jarret/data-engineering-bootcamp/workspace/airflow-code-review/venv/lib/python3.7/site-packages/airflow/example_dags/example_branch_operator.py for tasks to queue
[2022-06-17 12:45:58,350] {logging_mixin.py:115} INFO - [2022-06-17 12:45:58,350] {dagbag.py:507} INFO - Filling up the DagBag from /home/jarret/data-engineering-bootcamp/workspace/airflow-code-review/venv/lib/python3.7/site-packages/airflow/example_dags/example_branch_operator.py
[2022-06-17 12:45:58,367] {processor.py:651} INFO - DAG(s) dict_keys(['example_branch_operator']) retrieved from /home/jarret/data-engineering-bootcamp/workspace/airflow-code-review/venv/lib/python3.7/site-packages/airflow/example_dags/example_branch_operator.py
[2022-06-17 12:45:58,378] {logging_mixin.py:115} INFO - [2022-06-17 12:45:58,378] {dag.py:2379} INFO - Sync 1 DAGs
[2022-06-17 12:45:58,395] {logging_mixin.py:115} INFO - [2022-06-17 12:45:58,394] {dag.py:2931} INFO - Setting next_dagrun for example_branch_operator to 2022-06-16T00:00:00+00:00, run_after=2022-06-17T00:00:00+00:00
[2022-06-17 12:46:00,495] {processor.py:161} INFO - Processing /home/jarret/data-engineering-bootcamp/workspace/airflow-code-review/venv/lib/python3.7/site-packages/airflow/example_dags/example_branch_operator.py took 2.166 seconds
[2022-06-17 12:47:11,159] {processor.py:153} INFO - Started process (PID=16490) to work on /home/jarret/data-engineering-bootcamp/workspace/airflow-code-review/venv/lib/python3.7/site-packages/airflow/example_dags/example_branch_operator.py
[2022-06-17 12:47:11,167] {processor.py:641} INFO - Processing file /home/jarret/data-engineering-bootcamp/workspace/airflow-code-review/venv/lib/python3.7/site-packages/airflow/example_dags/example_branch_operator.py for tasks to queue
[2022-06-17 12:47:11,168] {logging_mixin.py:115} INFO - [2022-06-17 12:47:11,168] {dagbag.py:507} INFO - Filling up the DagBag from /home/jarret/data-engineering-bootcamp/workspace/airflow-code-review/venv/lib/python3.7/site-packages/airflow/example_dags/example_branch_operator.py
[2022-06-17 12:47:11,175] {processor.py:651} INFO - DAG(s) dict_keys(['example_branch_operator']) retrieved from /home/jarret/data-engineering-bootcamp/workspace/airflow-code-review/venv/lib/python3.7/site-packages/airflow/example_dags/example_branch_operator.py
[2022-06-17 12:47:11,187] {logging_mixin.py:115} INFO - [2022-06-17 12:47:11,187] {dag.py:2379} INFO - Sync 1 DAGs
[2022-06-17 12:47:11,203] {logging_mixin.py:115} INFO - [2022-06-17 12:47:11,203] {dag.py:2931} INFO - Setting next_dagrun for example_branch_operator to 2022-06-16T00:00:00+00:00, run_after=2022-06-17T00:00:00+00:00
[2022-06-17 12:47:12,570] {processor.py:161} INFO - Processing /home/jarret/data-engineering-bootcamp/workspace/airflow-code-review/venv/lib/python3.7/site-packages/airflow/example_dags/example_branch_operator.py took 1.415 seconds
[2022-06-17 12:48:15,596] {processor.py:153} INFO - Started process (PID=16533) to work on /home/jarret/data-engineering-bootcamp/workspace/airflow-code-review/venv/lib/python3.7/site-packages/airflow/example_dags/example_branch_operator.py
[2022-06-17 12:48:15,604] {processor.py:641} INFO - Processing file /home/jarret/data-engineering-bootcamp/workspace/airflow-code-review/venv/lib/python3.7/site-packages/airflow/example_dags/example_branch_operator.py for tasks to queue
[2022-06-17 12:48:15,605] {logging_mixin.py:115} INFO - [2022-06-17 12:48:15,605] {dagbag.py:507} INFO - Filling up the DagBag from /home/jarret/data-engineering-bootcamp/workspace/airflow-code-review/venv/lib/python3.7/site-packages/airflow/example_dags/example_branch_operator.py
[2022-06-17 12:48:15,612] {processor.py:651} INFO - DAG(s) dict_keys(['example_branch_operator']) retrieved from /home/jarret/data-engineering-bootcamp/workspace/airflow-code-review/venv/lib/python3.7/site-packages/airflow/example_dags/example_branch_operator.py
[2022-06-17 12:48:15,624] {logging_mixin.py:115} INFO - [2022-06-17 12:48:15,624] {dag.py:2379} INFO - Sync 1 DAGs
[2022-06-17 12:48:15,640] {logging_mixin.py:115} INFO - [2022-06-17 12:48:15,640] {dag.py:2931} INFO - Setting next_dagrun for example_branch_operator to 2022-06-16T00:00:00+00:00, run_after=2022-06-17T00:00:00+00:00
[2022-06-17 12:48:17,063] {processor.py:161} INFO - Processing /home/jarret/data-engineering-bootcamp/workspace/airflow-code-review/venv/lib/python3.7/site-packages/airflow/example_dags/example_branch_operator.py took 1.470 seconds
[2022-06-17 12:49:36,194] {processor.py:153} INFO - Started process (PID=16652) to work on /home/jarret/data-engineering-bootcamp/workspace/airflow-code-review/venv/lib/python3.7/site-packages/airflow/example_dags/example_branch_operator.py
[2022-06-17 12:49:36,195] {processor.py:641} INFO - Processing file /home/jarret/data-engineering-bootcamp/workspace/airflow-code-review/venv/lib/python3.7/site-packages/airflow/example_dags/example_branch_operator.py for tasks to queue
[2022-06-17 12:49:36,195] {logging_mixin.py:115} INFO - [2022-06-17 12:49:36,195] {dagbag.py:507} INFO - Filling up the DagBag from /home/jarret/data-engineering-bootcamp/workspace/airflow-code-review/venv/lib/python3.7/site-packages/airflow/example_dags/example_branch_operator.py
[2022-06-17 12:49:36,203] {processor.py:651} INFO - DAG(s) dict_keys(['example_branch_operator']) retrieved from /home/jarret/data-engineering-bootcamp/workspace/airflow-code-review/venv/lib/python3.7/site-packages/airflow/example_dags/example_branch_operator.py
[2022-06-17 12:49:36,216] {logging_mixin.py:115} INFO - [2022-06-17 12:49:36,216] {dag.py:2379} INFO - Sync 1 DAGs
[2022-06-17 12:49:36,234] {logging_mixin.py:115} INFO - [2022-06-17 12:49:36,234] {dag.py:2931} INFO - Setting next_dagrun for example_branch_operator to 2022-06-16T00:00:00+00:00, run_after=2022-06-17T00:00:00+00:00
[2022-06-17 12:49:36,733] {processor.py:161} INFO - Processing /home/jarret/data-engineering-bootcamp/workspace/airflow-code-review/venv/lib/python3.7/site-packages/airflow/example_dags/example_branch_operator.py took 0.541 seconds
[2022-06-17 12:50:36,021] {processor.py:153} INFO - Started process (PID=16746) to work on /home/jarret/data-engineering-bootcamp/workspace/airflow-code-review/venv/lib/python3.7/site-packages/airflow/example_dags/example_branch_operator.py
[2022-06-17 12:50:36,760] {processor.py:641} INFO - Processing file /home/jarret/data-engineering-bootcamp/workspace/airflow-code-review/venv/lib/python3.7/site-packages/airflow/example_dags/example_branch_operator.py for tasks to queue
[2022-06-17 12:50:36,761] {logging_mixin.py:115} INFO - [2022-06-17 12:50:36,761] {dagbag.py:507} INFO - Filling up the DagBag from /home/jarret/data-engineering-bootcamp/workspace/airflow-code-review/venv/lib/python3.7/site-packages/airflow/example_dags/example_branch_operator.py
[2022-06-17 12:50:36,773] {processor.py:651} INFO - DAG(s) dict_keys(['example_branch_operator']) retrieved from /home/jarret/data-engineering-bootcamp/workspace/airflow-code-review/venv/lib/python3.7/site-packages/airflow/example_dags/example_branch_operator.py
[2022-06-17 12:50:36,786] {logging_mixin.py:115} INFO - [2022-06-17 12:50:36,786] {dag.py:2379} INFO - Sync 1 DAGs
[2022-06-17 12:50:36,805] {logging_mixin.py:115} INFO - [2022-06-17 12:50:36,805] {dag.py:2931} INFO - Setting next_dagrun for example_branch_operator to 2022-06-16T00:00:00+00:00, run_after=2022-06-17T00:00:00+00:00
[2022-06-17 12:50:36,943] {processor.py:161} INFO - Processing /home/jarret/data-engineering-bootcamp/workspace/airflow-code-review/venv/lib/python3.7/site-packages/airflow/example_dags/example_branch_operator.py took 0.923 seconds
[2022-06-17 12:51:41,146] {processor.py:153} INFO - Started process (PID=16867) to work on /home/jarret/data-engineering-bootcamp/workspace/airflow-code-review/venv/lib/python3.7/site-packages/airflow/example_dags/example_branch_operator.py
[2022-06-17 12:51:41,148] {processor.py:641} INFO - Processing file /home/jarret/data-engineering-bootcamp/workspace/airflow-code-review/venv/lib/python3.7/site-packages/airflow/example_dags/example_branch_operator.py for tasks to queue
[2022-06-17 12:51:41,149] {logging_mixin.py:115} INFO - [2022-06-17 12:51:41,149] {dagbag.py:507} INFO - Filling up the DagBag from /home/jarret/data-engineering-bootcamp/workspace/airflow-code-review/venv/lib/python3.7/site-packages/airflow/example_dags/example_branch_operator.py
[2022-06-17 12:51:41,163] {processor.py:651} INFO - DAG(s) dict_keys(['example_branch_operator']) retrieved from /home/jarret/data-engineering-bootcamp/workspace/airflow-code-review/venv/lib/python3.7/site-packages/airflow/example_dags/example_branch_operator.py
[2022-06-17 12:51:41,175] {logging_mixin.py:115} INFO - [2022-06-17 12:51:41,175] {dag.py:2379} INFO - Sync 1 DAGs
[2022-06-17 12:51:41,191] {logging_mixin.py:115} INFO - [2022-06-17 12:51:41,191] {dag.py:2931} INFO - Setting next_dagrun for example_branch_operator to 2022-06-16T00:00:00+00:00, run_after=2022-06-17T00:00:00+00:00
[2022-06-17 12:51:41,975] {processor.py:161} INFO - Processing /home/jarret/data-engineering-bootcamp/workspace/airflow-code-review/venv/lib/python3.7/site-packages/airflow/example_dags/example_branch_operator.py took 0.832 seconds
[2022-06-17 12:52:44,414] {processor.py:153} INFO - Started process (PID=16958) to work on /home/jarret/data-engineering-bootcamp/workspace/airflow-code-review/venv/lib/python3.7/site-packages/airflow/example_dags/example_branch_operator.py
[2022-06-17 12:52:44,440] {processor.py:641} INFO - Processing file /home/jarret/data-engineering-bootcamp/workspace/airflow-code-review/venv/lib/python3.7/site-packages/airflow/example_dags/example_branch_operator.py for tasks to queue
[2022-06-17 12:52:44,440] {logging_mixin.py:115} INFO - [2022-06-17 12:52:44,440] {dagbag.py:507} INFO - Filling up the DagBag from /home/jarret/data-engineering-bootcamp/workspace/airflow-code-review/venv/lib/python3.7/site-packages/airflow/example_dags/example_branch_operator.py
[2022-06-17 12:52:44,449] {processor.py:651} INFO - DAG(s) dict_keys(['example_branch_operator']) retrieved from /home/jarret/data-engineering-bootcamp/workspace/airflow-code-review/venv/lib/python3.7/site-packages/airflow/example_dags/example_branch_operator.py
[2022-06-17 12:52:44,461] {logging_mixin.py:115} INFO - [2022-06-17 12:52:44,461] {dag.py:2379} INFO - Sync 1 DAGs
[2022-06-17 12:52:44,477] {logging_mixin.py:115} INFO - [2022-06-17 12:52:44,477] {dag.py:2931} INFO - Setting next_dagrun for example_branch_operator to 2022-06-16T00:00:00+00:00, run_after=2022-06-17T00:00:00+00:00
[2022-06-17 12:52:44,622] {processor.py:161} INFO - Processing /home/jarret/data-engineering-bootcamp/workspace/airflow-code-review/venv/lib/python3.7/site-packages/airflow/example_dags/example_branch_operator.py took 0.211 seconds
[2022-06-17 12:53:49,201] {processor.py:153} INFO - Started process (PID=17019) to work on /home/jarret/data-engineering-bootcamp/workspace/airflow-code-review/venv/lib/python3.7/site-packages/airflow/example_dags/example_branch_operator.py
[2022-06-17 12:53:50,205] {processor.py:641} INFO - Processing file /home/jarret/data-engineering-bootcamp/workspace/airflow-code-review/venv/lib/python3.7/site-packages/airflow/example_dags/example_branch_operator.py for tasks to queue
[2022-06-17 12:53:50,206] {logging_mixin.py:115} INFO - [2022-06-17 12:53:50,206] {dagbag.py:507} INFO - Filling up the DagBag from /home/jarret/data-engineering-bootcamp/workspace/airflow-code-review/venv/lib/python3.7/site-packages/airflow/example_dags/example_branch_operator.py
[2022-06-17 12:53:50,213] {processor.py:651} INFO - DAG(s) dict_keys(['example_branch_operator']) retrieved from /home/jarret/data-engineering-bootcamp/workspace/airflow-code-review/venv/lib/python3.7/site-packages/airflow/example_dags/example_branch_operator.py
[2022-06-17 12:53:50,225] {logging_mixin.py:115} INFO - [2022-06-17 12:53:50,224] {dag.py:2379} INFO - Sync 1 DAGs
[2022-06-17 12:53:50,242] {logging_mixin.py:115} INFO - [2022-06-17 12:53:50,242] {dag.py:2931} INFO - Setting next_dagrun for example_branch_operator to 2022-06-16T00:00:00+00:00, run_after=2022-06-17T00:00:00+00:00
[2022-06-17 12:53:50,388] {processor.py:161} INFO - Processing /home/jarret/data-engineering-bootcamp/workspace/airflow-code-review/venv/lib/python3.7/site-packages/airflow/example_dags/example_branch_operator.py took 1.190 seconds
[2022-06-17 12:54:59,095] {processor.py:153} INFO - Started process (PID=17083) to work on /home/jarret/data-engineering-bootcamp/workspace/airflow-code-review/venv/lib/python3.7/site-packages/airflow/example_dags/example_branch_operator.py
[2022-06-17 12:54:59,097] {processor.py:641} INFO - Processing file /home/jarret/data-engineering-bootcamp/workspace/airflow-code-review/venv/lib/python3.7/site-packages/airflow/example_dags/example_branch_operator.py for tasks to queue
[2022-06-17 12:54:59,097] {logging_mixin.py:115} INFO - [2022-06-17 12:54:59,097] {dagbag.py:507} INFO - Filling up the DagBag from /home/jarret/data-engineering-bootcamp/workspace/airflow-code-review/venv/lib/python3.7/site-packages/airflow/example_dags/example_branch_operator.py
[2022-06-17 12:54:59,108] {processor.py:651} INFO - DAG(s) dict_keys(['example_branch_operator']) retrieved from /home/jarret/data-engineering-bootcamp/workspace/airflow-code-review/venv/lib/python3.7/site-packages/airflow/example_dags/example_branch_operator.py
[2022-06-17 12:54:59,119] {logging_mixin.py:115} INFO - [2022-06-17 12:54:59,119] {dag.py:2379} INFO - Sync 1 DAGs
[2022-06-17 12:54:59,135] {logging_mixin.py:115} INFO - [2022-06-17 12:54:59,135] {dag.py:2931} INFO - Setting next_dagrun for example_branch_operator to 2022-06-16T00:00:00+00:00, run_after=2022-06-17T00:00:00+00:00
[2022-06-17 12:54:59,478] {processor.py:161} INFO - Processing /home/jarret/data-engineering-bootcamp/workspace/airflow-code-review/venv/lib/python3.7/site-packages/airflow/example_dags/example_branch_operator.py took 0.385 seconds
[2022-06-17 12:55:56,295] {processor.py:153} INFO - Started process (PID=17131) to work on /home/jarret/data-engineering-bootcamp/workspace/airflow-code-review/venv/lib/python3.7/site-packages/airflow/example_dags/example_branch_operator.py
[2022-06-17 12:55:56,296] {processor.py:641} INFO - Processing file /home/jarret/data-engineering-bootcamp/workspace/airflow-code-review/venv/lib/python3.7/site-packages/airflow/example_dags/example_branch_operator.py for tasks to queue
[2022-06-17 12:55:56,297] {logging_mixin.py:115} INFO - [2022-06-17 12:55:56,297] {dagbag.py:507} INFO - Filling up the DagBag from /home/jarret/data-engineering-bootcamp/workspace/airflow-code-review/venv/lib/python3.7/site-packages/airflow/example_dags/example_branch_operator.py
[2022-06-17 12:55:56,306] {processor.py:651} INFO - DAG(s) dict_keys(['example_branch_operator']) retrieved from /home/jarret/data-engineering-bootcamp/workspace/airflow-code-review/venv/lib/python3.7/site-packages/airflow/example_dags/example_branch_operator.py
[2022-06-17 12:55:56,318] {logging_mixin.py:115} INFO - [2022-06-17 12:55:56,318] {dag.py:2379} INFO - Sync 1 DAGs
[2022-06-17 12:55:56,334] {logging_mixin.py:115} INFO - [2022-06-17 12:55:56,334] {dag.py:2931} INFO - Setting next_dagrun for example_branch_operator to 2022-06-16T00:00:00+00:00, run_after=2022-06-17T00:00:00+00:00
[2022-06-17 12:55:56,848] {processor.py:161} INFO - Processing /home/jarret/data-engineering-bootcamp/workspace/airflow-code-review/venv/lib/python3.7/site-packages/airflow/example_dags/example_branch_operator.py took 0.556 seconds
[2022-06-17 12:57:10,532] {processor.py:153} INFO - Started process (PID=17238) to work on /home/jarret/data-engineering-bootcamp/workspace/airflow-code-review/venv/lib/python3.7/site-packages/airflow/example_dags/example_branch_operator.py
[2022-06-17 12:57:10,587] {processor.py:641} INFO - Processing file /home/jarret/data-engineering-bootcamp/workspace/airflow-code-review/venv/lib/python3.7/site-packages/airflow/example_dags/example_branch_operator.py for tasks to queue
[2022-06-17 12:57:10,588] {logging_mixin.py:115} INFO - [2022-06-17 12:57:10,588] {dagbag.py:507} INFO - Filling up the DagBag from /home/jarret/data-engineering-bootcamp/workspace/airflow-code-review/venv/lib/python3.7/site-packages/airflow/example_dags/example_branch_operator.py
[2022-06-17 12:57:10,600] {processor.py:651} INFO - DAG(s) dict_keys(['example_branch_operator']) retrieved from /home/jarret/data-engineering-bootcamp/workspace/airflow-code-review/venv/lib/python3.7/site-packages/airflow/example_dags/example_branch_operator.py
[2022-06-17 12:57:10,611] {logging_mixin.py:115} INFO - [2022-06-17 12:57:10,611] {dag.py:2379} INFO - Sync 1 DAGs
[2022-06-17 12:57:10,627] {logging_mixin.py:115} INFO - [2022-06-17 12:57:10,627] {dag.py:2931} INFO - Setting next_dagrun for example_branch_operator to 2022-06-16T00:00:00+00:00, run_after=2022-06-17T00:00:00+00:00
[2022-06-17 12:57:12,210] {processor.py:161} INFO - Processing /home/jarret/data-engineering-bootcamp/workspace/airflow-code-review/venv/lib/python3.7/site-packages/airflow/example_dags/example_branch_operator.py took 1.681 seconds
[2022-06-17 12:58:29,554] {processor.py:153} INFO - Started process (PID=17313) to work on /home/jarret/data-engineering-bootcamp/workspace/airflow-code-review/venv/lib/python3.7/site-packages/airflow/example_dags/example_branch_operator.py
[2022-06-17 12:58:29,562] {processor.py:641} INFO - Processing file /home/jarret/data-engineering-bootcamp/workspace/airflow-code-review/venv/lib/python3.7/site-packages/airflow/example_dags/example_branch_operator.py for tasks to queue
[2022-06-17 12:58:29,562] {logging_mixin.py:115} INFO - [2022-06-17 12:58:29,562] {dagbag.py:507} INFO - Filling up the DagBag from /home/jarret/data-engineering-bootcamp/workspace/airflow-code-review/venv/lib/python3.7/site-packages/airflow/example_dags/example_branch_operator.py
[2022-06-17 12:58:29,574] {processor.py:651} INFO - DAG(s) dict_keys(['example_branch_operator']) retrieved from /home/jarret/data-engineering-bootcamp/workspace/airflow-code-review/venv/lib/python3.7/site-packages/airflow/example_dags/example_branch_operator.py
[2022-06-17 12:58:29,585] {logging_mixin.py:115} INFO - [2022-06-17 12:58:29,585] {dag.py:2379} INFO - Sync 1 DAGs
[2022-06-17 12:58:29,601] {logging_mixin.py:115} INFO - [2022-06-17 12:58:29,601] {dag.py:2931} INFO - Setting next_dagrun for example_branch_operator to 2022-06-16T00:00:00+00:00, run_after=2022-06-17T00:00:00+00:00
[2022-06-17 12:58:29,748] {processor.py:161} INFO - Processing /home/jarret/data-engineering-bootcamp/workspace/airflow-code-review/venv/lib/python3.7/site-packages/airflow/example_dags/example_branch_operator.py took 0.197 seconds
[2022-06-17 12:59:18,701] {processor.py:153} INFO - Started process (PID=17413) to work on /home/jarret/data-engineering-bootcamp/workspace/airflow-code-review/venv/lib/python3.7/site-packages/airflow/example_dags/example_branch_operator.py
[2022-06-17 12:59:18,709] {processor.py:641} INFO - Processing file /home/jarret/data-engineering-bootcamp/workspace/airflow-code-review/venv/lib/python3.7/site-packages/airflow/example_dags/example_branch_operator.py for tasks to queue
[2022-06-17 12:59:18,709] {logging_mixin.py:115} INFO - [2022-06-17 12:59:18,709] {dagbag.py:507} INFO - Filling up the DagBag from /home/jarret/data-engineering-bootcamp/workspace/airflow-code-review/venv/lib/python3.7/site-packages/airflow/example_dags/example_branch_operator.py
[2022-06-17 12:59:18,718] {processor.py:651} INFO - DAG(s) dict_keys(['example_branch_operator']) retrieved from /home/jarret/data-engineering-bootcamp/workspace/airflow-code-review/venv/lib/python3.7/site-packages/airflow/example_dags/example_branch_operator.py
[2022-06-17 12:59:18,730] {logging_mixin.py:115} INFO - [2022-06-17 12:59:18,730] {dag.py:2379} INFO - Sync 1 DAGs
[2022-06-17 12:59:18,746] {logging_mixin.py:115} INFO - [2022-06-17 12:59:18,746] {dag.py:2931} INFO - Setting next_dagrun for example_branch_operator to 2022-06-16T00:00:00+00:00, run_after=2022-06-17T00:00:00+00:00
[2022-06-17 12:59:19,038] {processor.py:161} INFO - Processing /home/jarret/data-engineering-bootcamp/workspace/airflow-code-review/venv/lib/python3.7/site-packages/airflow/example_dags/example_branch_operator.py took 0.340 seconds
[2022-06-17 13:00:16,100] {processor.py:153} INFO - Started process (PID=17525) to work on /home/jarret/data-engineering-bootcamp/workspace/airflow-code-review/venv/lib/python3.7/site-packages/airflow/example_dags/example_branch_operator.py
[2022-06-17 13:00:16,101] {processor.py:641} INFO - Processing file /home/jarret/data-engineering-bootcamp/workspace/airflow-code-review/venv/lib/python3.7/site-packages/airflow/example_dags/example_branch_operator.py for tasks to queue
[2022-06-17 13:00:16,102] {logging_mixin.py:115} INFO - [2022-06-17 13:00:16,102] {dagbag.py:507} INFO - Filling up the DagBag from /home/jarret/data-engineering-bootcamp/workspace/airflow-code-review/venv/lib/python3.7/site-packages/airflow/example_dags/example_branch_operator.py
[2022-06-17 13:00:16,109] {processor.py:651} INFO - DAG(s) dict_keys(['example_branch_operator']) retrieved from /home/jarret/data-engineering-bootcamp/workspace/airflow-code-review/venv/lib/python3.7/site-packages/airflow/example_dags/example_branch_operator.py
[2022-06-17 13:00:16,121] {logging_mixin.py:115} INFO - [2022-06-17 13:00:16,121] {dag.py:2379} INFO - Sync 1 DAGs
[2022-06-17 13:00:16,137] {logging_mixin.py:115} INFO - [2022-06-17 13:00:16,137] {dag.py:2931} INFO - Setting next_dagrun for example_branch_operator to 2022-06-16T00:00:00+00:00, run_after=2022-06-17T00:00:00+00:00
[2022-06-17 13:00:17,124] {processor.py:161} INFO - Processing /home/jarret/data-engineering-bootcamp/workspace/airflow-code-review/venv/lib/python3.7/site-packages/airflow/example_dags/example_branch_operator.py took 1.027 seconds
[2022-06-17 13:01:08,796] {processor.py:153} INFO - Started process (PID=17580) to work on /home/jarret/data-engineering-bootcamp/workspace/airflow-code-review/venv/lib/python3.7/site-packages/airflow/example_dags/example_branch_operator.py
[2022-06-17 13:01:08,819] {processor.py:641} INFO - Processing file /home/jarret/data-engineering-bootcamp/workspace/airflow-code-review/venv/lib/python3.7/site-packages/airflow/example_dags/example_branch_operator.py for tasks to queue
[2022-06-17 13:01:08,820] {logging_mixin.py:115} INFO - [2022-06-17 13:01:08,820] {dagbag.py:507} INFO - Filling up the DagBag from /home/jarret/data-engineering-bootcamp/workspace/airflow-code-review/venv/lib/python3.7/site-packages/airflow/example_dags/example_branch_operator.py
[2022-06-17 13:01:08,829] {processor.py:651} INFO - DAG(s) dict_keys(['example_branch_operator']) retrieved from /home/jarret/data-engineering-bootcamp/workspace/airflow-code-review/venv/lib/python3.7/site-packages/airflow/example_dags/example_branch_operator.py
[2022-06-17 13:01:08,841] {logging_mixin.py:115} INFO - [2022-06-17 13:01:08,841] {dag.py:2379} INFO - Sync 1 DAGs
[2022-06-17 13:01:08,857] {logging_mixin.py:115} INFO - [2022-06-17 13:01:08,857] {dag.py:2931} INFO - Setting next_dagrun for example_branch_operator to 2022-06-16T00:00:00+00:00, run_after=2022-06-17T00:00:00+00:00
[2022-06-17 13:01:09,813] {processor.py:161} INFO - Processing /home/jarret/data-engineering-bootcamp/workspace/airflow-code-review/venv/lib/python3.7/site-packages/airflow/example_dags/example_branch_operator.py took 1.020 seconds
[2022-06-17 13:02:01,008] {processor.py:153} INFO - Started process (PID=17683) to work on /home/jarret/data-engineering-bootcamp/workspace/airflow-code-review/venv/lib/python3.7/site-packages/airflow/example_dags/example_branch_operator.py
[2022-06-17 13:02:01,019] {processor.py:641} INFO - Processing file /home/jarret/data-engineering-bootcamp/workspace/airflow-code-review/venv/lib/python3.7/site-packages/airflow/example_dags/example_branch_operator.py for tasks to queue
[2022-06-17 13:02:01,019] {logging_mixin.py:115} INFO - [2022-06-17 13:02:01,019] {dagbag.py:507} INFO - Filling up the DagBag from /home/jarret/data-engineering-bootcamp/workspace/airflow-code-review/venv/lib/python3.7/site-packages/airflow/example_dags/example_branch_operator.py
[2022-06-17 13:02:01,026] {processor.py:651} INFO - DAG(s) dict_keys(['example_branch_operator']) retrieved from /home/jarret/data-engineering-bootcamp/workspace/airflow-code-review/venv/lib/python3.7/site-packages/airflow/example_dags/example_branch_operator.py
[2022-06-17 13:02:01,038] {logging_mixin.py:115} INFO - [2022-06-17 13:02:01,038] {dag.py:2379} INFO - Sync 1 DAGs
[2022-06-17 13:02:01,056] {logging_mixin.py:115} INFO - [2022-06-17 13:02:01,056] {dag.py:2931} INFO - Setting next_dagrun for example_branch_operator to 2022-06-16T00:00:00+00:00, run_after=2022-06-17T00:00:00+00:00
[2022-06-17 13:02:01,238] {processor.py:161} INFO - Processing /home/jarret/data-engineering-bootcamp/workspace/airflow-code-review/venv/lib/python3.7/site-packages/airflow/example_dags/example_branch_operator.py took 0.232 seconds
[2022-06-17 13:02:51,397] {processor.py:153} INFO - Started process (PID=17784) to work on /home/jarret/data-engineering-bootcamp/workspace/airflow-code-review/venv/lib/python3.7/site-packages/airflow/example_dags/example_branch_operator.py
[2022-06-17 13:02:51,399] {processor.py:641} INFO - Processing file /home/jarret/data-engineering-bootcamp/workspace/airflow-code-review/venv/lib/python3.7/site-packages/airflow/example_dags/example_branch_operator.py for tasks to queue
[2022-06-17 13:02:51,400] {logging_mixin.py:115} INFO - [2022-06-17 13:02:51,399] {dagbag.py:507} INFO - Filling up the DagBag from /home/jarret/data-engineering-bootcamp/workspace/airflow-code-review/venv/lib/python3.7/site-packages/airflow/example_dags/example_branch_operator.py
[2022-06-17 13:02:51,407] {processor.py:651} INFO - DAG(s) dict_keys(['example_branch_operator']) retrieved from /home/jarret/data-engineering-bootcamp/workspace/airflow-code-review/venv/lib/python3.7/site-packages/airflow/example_dags/example_branch_operator.py
[2022-06-17 13:02:51,419] {logging_mixin.py:115} INFO - [2022-06-17 13:02:51,419] {dag.py:2379} INFO - Sync 1 DAGs
[2022-06-17 13:02:51,435] {logging_mixin.py:115} INFO - [2022-06-17 13:02:51,435] {dag.py:2931} INFO - Setting next_dagrun for example_branch_operator to 2022-06-16T00:00:00+00:00, run_after=2022-06-17T00:00:00+00:00
[2022-06-17 13:02:51,616] {processor.py:161} INFO - Processing /home/jarret/data-engineering-bootcamp/workspace/airflow-code-review/venv/lib/python3.7/site-packages/airflow/example_dags/example_branch_operator.py took 0.222 seconds
[2022-06-17 13:03:54,905] {processor.py:153} INFO - Started process (PID=17902) to work on /home/jarret/data-engineering-bootcamp/workspace/airflow-code-review/venv/lib/python3.7/site-packages/airflow/example_dags/example_branch_operator.py
[2022-06-17 13:03:54,929] {processor.py:641} INFO - Processing file /home/jarret/data-engineering-bootcamp/workspace/airflow-code-review/venv/lib/python3.7/site-packages/airflow/example_dags/example_branch_operator.py for tasks to queue
[2022-06-17 13:03:54,929] {logging_mixin.py:115} INFO - [2022-06-17 13:03:54,929] {dagbag.py:507} INFO - Filling up the DagBag from /home/jarret/data-engineering-bootcamp/workspace/airflow-code-review/venv/lib/python3.7/site-packages/airflow/example_dags/example_branch_operator.py
[2022-06-17 13:03:54,936] {processor.py:651} INFO - DAG(s) dict_keys(['example_branch_operator']) retrieved from /home/jarret/data-engineering-bootcamp/workspace/airflow-code-review/venv/lib/python3.7/site-packages/airflow/example_dags/example_branch_operator.py
[2022-06-17 13:03:54,948] {logging_mixin.py:115} INFO - [2022-06-17 13:03:54,948] {dag.py:2379} INFO - Sync 1 DAGs
[2022-06-17 13:03:54,965] {logging_mixin.py:115} INFO - [2022-06-17 13:03:54,965] {dag.py:2931} INFO - Setting next_dagrun for example_branch_operator to 2022-06-16T00:00:00+00:00, run_after=2022-06-17T00:00:00+00:00
[2022-06-17 13:03:55,154] {processor.py:161} INFO - Processing /home/jarret/data-engineering-bootcamp/workspace/airflow-code-review/venv/lib/python3.7/site-packages/airflow/example_dags/example_branch_operator.py took 0.252 seconds
[2022-06-17 13:05:00,680] {processor.py:153} INFO - Started process (PID=17984) to work on /home/jarret/data-engineering-bootcamp/workspace/airflow-code-review/venv/lib/python3.7/site-packages/airflow/example_dags/example_branch_operator.py
[2022-06-17 13:05:00,687] {processor.py:641} INFO - Processing file /home/jarret/data-engineering-bootcamp/workspace/airflow-code-review/venv/lib/python3.7/site-packages/airflow/example_dags/example_branch_operator.py for tasks to queue
[2022-06-17 13:05:00,688] {logging_mixin.py:115} INFO - [2022-06-17 13:05:00,688] {dagbag.py:507} INFO - Filling up the DagBag from /home/jarret/data-engineering-bootcamp/workspace/airflow-code-review/venv/lib/python3.7/site-packages/airflow/example_dags/example_branch_operator.py
[2022-06-17 13:05:00,702] {processor.py:651} INFO - DAG(s) dict_keys(['example_branch_operator']) retrieved from /home/jarret/data-engineering-bootcamp/workspace/airflow-code-review/venv/lib/python3.7/site-packages/airflow/example_dags/example_branch_operator.py
[2022-06-17 13:05:00,713] {logging_mixin.py:115} INFO - [2022-06-17 13:05:00,713] {dag.py:2379} INFO - Sync 1 DAGs
[2022-06-17 13:05:00,729] {logging_mixin.py:115} INFO - [2022-06-17 13:05:00,729] {dag.py:2931} INFO - Setting next_dagrun for example_branch_operator to 2022-06-16T00:00:00+00:00, run_after=2022-06-17T00:00:00+00:00
[2022-06-17 13:05:01,343] {processor.py:161} INFO - Processing /home/jarret/data-engineering-bootcamp/workspace/airflow-code-review/venv/lib/python3.7/site-packages/airflow/example_dags/example_branch_operator.py took 0.666 seconds
[2022-06-17 13:06:00,193] {processor.py:153} INFO - Started process (PID=18034) to work on /home/jarret/data-engineering-bootcamp/workspace/airflow-code-review/venv/lib/python3.7/site-packages/airflow/example_dags/example_branch_operator.py
[2022-06-17 13:06:00,194] {processor.py:641} INFO - Processing file /home/jarret/data-engineering-bootcamp/workspace/airflow-code-review/venv/lib/python3.7/site-packages/airflow/example_dags/example_branch_operator.py for tasks to queue
[2022-06-17 13:06:00,195] {logging_mixin.py:115} INFO - [2022-06-17 13:06:00,195] {dagbag.py:507} INFO - Filling up the DagBag from /home/jarret/data-engineering-bootcamp/workspace/airflow-code-review/venv/lib/python3.7/site-packages/airflow/example_dags/example_branch_operator.py
[2022-06-17 13:06:00,209] {processor.py:651} INFO - DAG(s) dict_keys(['example_branch_operator']) retrieved from /home/jarret/data-engineering-bootcamp/workspace/airflow-code-review/venv/lib/python3.7/site-packages/airflow/example_dags/example_branch_operator.py
[2022-06-17 13:06:00,221] {logging_mixin.py:115} INFO - [2022-06-17 13:06:00,221] {dag.py:2379} INFO - Sync 1 DAGs
[2022-06-17 13:06:00,238] {logging_mixin.py:115} INFO - [2022-06-17 13:06:00,238] {dag.py:2931} INFO - Setting next_dagrun for example_branch_operator to 2022-06-16T00:00:00+00:00, run_after=2022-06-17T00:00:00+00:00
[2022-06-17 13:06:01,153] {processor.py:161} INFO - Processing /home/jarret/data-engineering-bootcamp/workspace/airflow-code-review/venv/lib/python3.7/site-packages/airflow/example_dags/example_branch_operator.py took 0.964 seconds
[2022-06-17 13:06:58,500] {processor.py:153} INFO - Started process (PID=18121) to work on /home/jarret/data-engineering-bootcamp/workspace/airflow-code-review/venv/lib/python3.7/site-packages/airflow/example_dags/example_branch_operator.py
[2022-06-17 13:06:58,507] {processor.py:641} INFO - Processing file /home/jarret/data-engineering-bootcamp/workspace/airflow-code-review/venv/lib/python3.7/site-packages/airflow/example_dags/example_branch_operator.py for tasks to queue
[2022-06-17 13:06:58,507] {logging_mixin.py:115} INFO - [2022-06-17 13:06:58,507] {dagbag.py:507} INFO - Filling up the DagBag from /home/jarret/data-engineering-bootcamp/workspace/airflow-code-review/venv/lib/python3.7/site-packages/airflow/example_dags/example_branch_operator.py
[2022-06-17 13:06:58,514] {processor.py:651} INFO - DAG(s) dict_keys(['example_branch_operator']) retrieved from /home/jarret/data-engineering-bootcamp/workspace/airflow-code-review/venv/lib/python3.7/site-packages/airflow/example_dags/example_branch_operator.py
[2022-06-17 13:06:58,526] {logging_mixin.py:115} INFO - [2022-06-17 13:06:58,525] {dag.py:2379} INFO - Sync 1 DAGs
[2022-06-17 13:06:58,543] {logging_mixin.py:115} INFO - [2022-06-17 13:06:58,543] {dag.py:2931} INFO - Setting next_dagrun for example_branch_operator to 2022-06-16T00:00:00+00:00, run_after=2022-06-17T00:00:00+00:00
[2022-06-17 13:06:58,668] {processor.py:161} INFO - Processing /home/jarret/data-engineering-bootcamp/workspace/airflow-code-review/venv/lib/python3.7/site-packages/airflow/example_dags/example_branch_operator.py took 0.169 seconds
[2022-06-17 13:07:49,557] {processor.py:153} INFO - Started process (PID=18224) to work on /home/jarret/data-engineering-bootcamp/workspace/airflow-code-review/venv/lib/python3.7/site-packages/airflow/example_dags/example_branch_operator.py
[2022-06-17 13:07:49,563] {processor.py:641} INFO - Processing file /home/jarret/data-engineering-bootcamp/workspace/airflow-code-review/venv/lib/python3.7/site-packages/airflow/example_dags/example_branch_operator.py for tasks to queue
[2022-06-17 13:07:49,564] {logging_mixin.py:115} INFO - [2022-06-17 13:07:49,564] {dagbag.py:507} INFO - Filling up the DagBag from /home/jarret/data-engineering-bootcamp/workspace/airflow-code-review/venv/lib/python3.7/site-packages/airflow/example_dags/example_branch_operator.py
[2022-06-17 13:07:49,576] {processor.py:651} INFO - DAG(s) dict_keys(['example_branch_operator']) retrieved from /home/jarret/data-engineering-bootcamp/workspace/airflow-code-review/venv/lib/python3.7/site-packages/airflow/example_dags/example_branch_operator.py
[2022-06-17 13:07:49,589] {logging_mixin.py:115} INFO - [2022-06-17 13:07:49,589] {dag.py:2379} INFO - Sync 1 DAGs
[2022-06-17 13:07:49,609] {logging_mixin.py:115} INFO - [2022-06-17 13:07:49,609] {dag.py:2931} INFO - Setting next_dagrun for example_branch_operator to 2022-06-16T00:00:00+00:00, run_after=2022-06-17T00:00:00+00:00
[2022-06-17 13:07:49,732] {processor.py:161} INFO - Processing /home/jarret/data-engineering-bootcamp/workspace/airflow-code-review/venv/lib/python3.7/site-packages/airflow/example_dags/example_branch_operator.py took 0.179 seconds
[2022-06-17 13:08:37,075] {processor.py:153} INFO - Started process (PID=18325) to work on /home/jarret/data-engineering-bootcamp/workspace/airflow-code-review/venv/lib/python3.7/site-packages/airflow/example_dags/example_branch_operator.py
[2022-06-17 13:08:37,077] {processor.py:641} INFO - Processing file /home/jarret/data-engineering-bootcamp/workspace/airflow-code-review/venv/lib/python3.7/site-packages/airflow/example_dags/example_branch_operator.py for tasks to queue
[2022-06-17 13:08:37,078] {logging_mixin.py:115} INFO - [2022-06-17 13:08:37,077] {dagbag.py:507} INFO - Filling up the DagBag from /home/jarret/data-engineering-bootcamp/workspace/airflow-code-review/venv/lib/python3.7/site-packages/airflow/example_dags/example_branch_operator.py
[2022-06-17 13:08:37,085] {processor.py:651} INFO - DAG(s) dict_keys(['example_branch_operator']) retrieved from /home/jarret/data-engineering-bootcamp/workspace/airflow-code-review/venv/lib/python3.7/site-packages/airflow/example_dags/example_branch_operator.py
[2022-06-17 13:08:37,096] {logging_mixin.py:115} INFO - [2022-06-17 13:08:37,096] {dag.py:2379} INFO - Sync 1 DAGs
[2022-06-17 13:08:37,113] {logging_mixin.py:115} INFO - [2022-06-17 13:08:37,113] {dag.py:2931} INFO - Setting next_dagrun for example_branch_operator to 2022-06-16T00:00:00+00:00, run_after=2022-06-17T00:00:00+00:00
[2022-06-17 13:08:37,328] {processor.py:161} INFO - Processing /home/jarret/data-engineering-bootcamp/workspace/airflow-code-review/venv/lib/python3.7/site-packages/airflow/example_dags/example_branch_operator.py took 0.256 seconds
[2022-06-17 13:09:17,522] {processor.py:153} INFO - Started process (PID=18412) to work on /home/jarret/data-engineering-bootcamp/workspace/airflow-code-review/venv/lib/python3.7/site-packages/airflow/example_dags/example_branch_operator.py
[2022-06-17 13:09:17,533] {processor.py:641} INFO - Processing file /home/jarret/data-engineering-bootcamp/workspace/airflow-code-review/venv/lib/python3.7/site-packages/airflow/example_dags/example_branch_operator.py for tasks to queue
[2022-06-17 13:09:17,534] {logging_mixin.py:115} INFO - [2022-06-17 13:09:17,534] {dagbag.py:507} INFO - Filling up the DagBag from /home/jarret/data-engineering-bootcamp/workspace/airflow-code-review/venv/lib/python3.7/site-packages/airflow/example_dags/example_branch_operator.py
[2022-06-17 13:09:17,541] {processor.py:651} INFO - DAG(s) dict_keys(['example_branch_operator']) retrieved from /home/jarret/data-engineering-bootcamp/workspace/airflow-code-review/venv/lib/python3.7/site-packages/airflow/example_dags/example_branch_operator.py
[2022-06-17 13:09:17,553] {logging_mixin.py:115} INFO - [2022-06-17 13:09:17,553] {dag.py:2379} INFO - Sync 1 DAGs
[2022-06-17 13:09:17,571] {logging_mixin.py:115} INFO - [2022-06-17 13:09:17,571] {dag.py:2931} INFO - Setting next_dagrun for example_branch_operator to 2022-06-16T00:00:00+00:00, run_after=2022-06-17T00:00:00+00:00
[2022-06-17 13:09:17,689] {processor.py:161} INFO - Processing /home/jarret/data-engineering-bootcamp/workspace/airflow-code-review/venv/lib/python3.7/site-packages/airflow/example_dags/example_branch_operator.py took 0.169 seconds
[2022-06-17 13:10:04,191] {processor.py:153} INFO - Started process (PID=18484) to work on /home/jarret/data-engineering-bootcamp/workspace/airflow-code-review/venv/lib/python3.7/site-packages/airflow/example_dags/example_branch_operator.py
[2022-06-17 13:10:04,201] {processor.py:641} INFO - Processing file /home/jarret/data-engineering-bootcamp/workspace/airflow-code-review/venv/lib/python3.7/site-packages/airflow/example_dags/example_branch_operator.py for tasks to queue
[2022-06-17 13:10:04,201] {logging_mixin.py:115} INFO - [2022-06-17 13:10:04,201] {dagbag.py:507} INFO - Filling up the DagBag from /home/jarret/data-engineering-bootcamp/workspace/airflow-code-review/venv/lib/python3.7/site-packages/airflow/example_dags/example_branch_operator.py
[2022-06-17 13:10:04,208] {processor.py:651} INFO - DAG(s) dict_keys(['example_branch_operator']) retrieved from /home/jarret/data-engineering-bootcamp/workspace/airflow-code-review/venv/lib/python3.7/site-packages/airflow/example_dags/example_branch_operator.py
[2022-06-17 13:10:04,220] {logging_mixin.py:115} INFO - [2022-06-17 13:10:04,220] {dag.py:2379} INFO - Sync 1 DAGs
[2022-06-17 13:10:04,237] {logging_mixin.py:115} INFO - [2022-06-17 13:10:04,237] {dag.py:2931} INFO - Setting next_dagrun for example_branch_operator to 2022-06-16T00:00:00+00:00, run_after=2022-06-17T00:00:00+00:00
[2022-06-17 13:10:04,553] {processor.py:161} INFO - Processing /home/jarret/data-engineering-bootcamp/workspace/airflow-code-review/venv/lib/python3.7/site-packages/airflow/example_dags/example_branch_operator.py took 0.365 seconds
[2022-06-17 13:10:56,508] {processor.py:153} INFO - Started process (PID=18570) to work on /home/jarret/data-engineering-bootcamp/workspace/airflow-code-review/venv/lib/python3.7/site-packages/airflow/example_dags/example_branch_operator.py
[2022-06-17 13:10:56,513] {processor.py:641} INFO - Processing file /home/jarret/data-engineering-bootcamp/workspace/airflow-code-review/venv/lib/python3.7/site-packages/airflow/example_dags/example_branch_operator.py for tasks to queue
[2022-06-17 13:10:56,514] {logging_mixin.py:115} INFO - [2022-06-17 13:10:56,514] {dagbag.py:507} INFO - Filling up the DagBag from /home/jarret/data-engineering-bootcamp/workspace/airflow-code-review/venv/lib/python3.7/site-packages/airflow/example_dags/example_branch_operator.py
[2022-06-17 13:10:56,524] {processor.py:651} INFO - DAG(s) dict_keys(['example_branch_operator']) retrieved from /home/jarret/data-engineering-bootcamp/workspace/airflow-code-review/venv/lib/python3.7/site-packages/airflow/example_dags/example_branch_operator.py
[2022-06-17 13:10:56,536] {logging_mixin.py:115} INFO - [2022-06-17 13:10:56,536] {dag.py:2379} INFO - Sync 1 DAGs
[2022-06-17 13:10:56,554] {logging_mixin.py:115} INFO - [2022-06-17 13:10:56,554] {dag.py:2931} INFO - Setting next_dagrun for example_branch_operator to 2022-06-16T00:00:00+00:00, run_after=2022-06-17T00:00:00+00:00
[2022-06-17 13:10:56,925] {processor.py:161} INFO - Processing /home/jarret/data-engineering-bootcamp/workspace/airflow-code-review/venv/lib/python3.7/site-packages/airflow/example_dags/example_branch_operator.py took 0.420 seconds
[2022-06-17 13:11:48,220] {processor.py:153} INFO - Started process (PID=18683) to work on /home/jarret/data-engineering-bootcamp/workspace/airflow-code-review/venv/lib/python3.7/site-packages/airflow/example_dags/example_branch_operator.py
[2022-06-17 13:11:48,228] {processor.py:641} INFO - Processing file /home/jarret/data-engineering-bootcamp/workspace/airflow-code-review/venv/lib/python3.7/site-packages/airflow/example_dags/example_branch_operator.py for tasks to queue
[2022-06-17 13:11:48,229] {logging_mixin.py:115} INFO - [2022-06-17 13:11:48,229] {dagbag.py:507} INFO - Filling up the DagBag from /home/jarret/data-engineering-bootcamp/workspace/airflow-code-review/venv/lib/python3.7/site-packages/airflow/example_dags/example_branch_operator.py
[2022-06-17 13:11:48,236] {processor.py:651} INFO - DAG(s) dict_keys(['example_branch_operator']) retrieved from /home/jarret/data-engineering-bootcamp/workspace/airflow-code-review/venv/lib/python3.7/site-packages/airflow/example_dags/example_branch_operator.py
[2022-06-17 13:11:48,247] {logging_mixin.py:115} INFO - [2022-06-17 13:11:48,247] {dag.py:2379} INFO - Sync 1 DAGs
[2022-06-17 13:11:48,265] {logging_mixin.py:115} INFO - [2022-06-17 13:11:48,265] {dag.py:2931} INFO - Setting next_dagrun for example_branch_operator to 2022-06-16T00:00:00+00:00, run_after=2022-06-17T00:00:00+00:00
[2022-06-17 13:11:48,389] {processor.py:161} INFO - Processing /home/jarret/data-engineering-bootcamp/workspace/airflow-code-review/venv/lib/python3.7/site-packages/airflow/example_dags/example_branch_operator.py took 0.172 seconds
[2022-06-17 13:12:49,057] {processor.py:153} INFO - Started process (PID=18802) to work on /home/jarret/data-engineering-bootcamp/workspace/airflow-code-review/venv/lib/python3.7/site-packages/airflow/example_dags/example_branch_operator.py
[2022-06-17 13:12:49,058] {processor.py:641} INFO - Processing file /home/jarret/data-engineering-bootcamp/workspace/airflow-code-review/venv/lib/python3.7/site-packages/airflow/example_dags/example_branch_operator.py for tasks to queue
[2022-06-17 13:12:49,059] {logging_mixin.py:115} INFO - [2022-06-17 13:12:49,058] {dagbag.py:507} INFO - Filling up the DagBag from /home/jarret/data-engineering-bootcamp/workspace/airflow-code-review/venv/lib/python3.7/site-packages/airflow/example_dags/example_branch_operator.py
[2022-06-17 13:12:49,069] {processor.py:651} INFO - DAG(s) dict_keys(['example_branch_operator']) retrieved from /home/jarret/data-engineering-bootcamp/workspace/airflow-code-review/venv/lib/python3.7/site-packages/airflow/example_dags/example_branch_operator.py
[2022-06-17 13:12:49,081] {logging_mixin.py:115} INFO - [2022-06-17 13:12:49,081] {dag.py:2379} INFO - Sync 1 DAGs
[2022-06-17 13:12:49,099] {logging_mixin.py:115} INFO - [2022-06-17 13:12:49,099] {dag.py:2931} INFO - Setting next_dagrun for example_branch_operator to 2022-06-16T00:00:00+00:00, run_after=2022-06-17T00:00:00+00:00
[2022-06-17 13:12:49,215] {processor.py:161} INFO - Processing /home/jarret/data-engineering-bootcamp/workspace/airflow-code-review/venv/lib/python3.7/site-packages/airflow/example_dags/example_branch_operator.py took 0.162 seconds
[2022-06-17 13:13:47,128] {processor.py:153} INFO - Started process (PID=18894) to work on /home/jarret/data-engineering-bootcamp/workspace/airflow-code-review/venv/lib/python3.7/site-packages/airflow/example_dags/example_branch_operator.py
[2022-06-17 13:13:47,137] {processor.py:641} INFO - Processing file /home/jarret/data-engineering-bootcamp/workspace/airflow-code-review/venv/lib/python3.7/site-packages/airflow/example_dags/example_branch_operator.py for tasks to queue
[2022-06-17 13:13:47,137] {logging_mixin.py:115} INFO - [2022-06-17 13:13:47,137] {dagbag.py:507} INFO - Filling up the DagBag from /home/jarret/data-engineering-bootcamp/workspace/airflow-code-review/venv/lib/python3.7/site-packages/airflow/example_dags/example_branch_operator.py
[2022-06-17 13:13:47,144] {processor.py:651} INFO - DAG(s) dict_keys(['example_branch_operator']) retrieved from /home/jarret/data-engineering-bootcamp/workspace/airflow-code-review/venv/lib/python3.7/site-packages/airflow/example_dags/example_branch_operator.py
[2022-06-17 13:13:47,156] {logging_mixin.py:115} INFO - [2022-06-17 13:13:47,156] {dag.py:2379} INFO - Sync 1 DAGs
[2022-06-17 13:13:47,174] {logging_mixin.py:115} INFO - [2022-06-17 13:13:47,174] {dag.py:2931} INFO - Setting next_dagrun for example_branch_operator to 2022-06-16T00:00:00+00:00, run_after=2022-06-17T00:00:00+00:00
[2022-06-17 13:13:47,294] {processor.py:161} INFO - Processing /home/jarret/data-engineering-bootcamp/workspace/airflow-code-review/venv/lib/python3.7/site-packages/airflow/example_dags/example_branch_operator.py took 0.169 seconds
[2022-06-17 13:14:36,749] {processor.py:153} INFO - Started process (PID=18963) to work on /home/jarret/data-engineering-bootcamp/workspace/airflow-code-review/venv/lib/python3.7/site-packages/airflow/example_dags/example_branch_operator.py
[2022-06-17 13:14:36,933] {processor.py:641} INFO - Processing file /home/jarret/data-engineering-bootcamp/workspace/airflow-code-review/venv/lib/python3.7/site-packages/airflow/example_dags/example_branch_operator.py for tasks to queue
[2022-06-17 13:14:36,934] {logging_mixin.py:115} INFO - [2022-06-17 13:14:36,933] {dagbag.py:507} INFO - Filling up the DagBag from /home/jarret/data-engineering-bootcamp/workspace/airflow-code-review/venv/lib/python3.7/site-packages/airflow/example_dags/example_branch_operator.py
[2022-06-17 13:14:36,948] {processor.py:651} INFO - DAG(s) dict_keys(['example_branch_operator']) retrieved from /home/jarret/data-engineering-bootcamp/workspace/airflow-code-review/venv/lib/python3.7/site-packages/airflow/example_dags/example_branch_operator.py
[2022-06-17 13:14:36,959] {logging_mixin.py:115} INFO - [2022-06-17 13:14:36,959] {dag.py:2379} INFO - Sync 1 DAGs
[2022-06-17 13:14:36,977] {logging_mixin.py:115} INFO - [2022-06-17 13:14:36,977] {dag.py:2931} INFO - Setting next_dagrun for example_branch_operator to 2022-06-16T00:00:00+00:00, run_after=2022-06-17T00:00:00+00:00
[2022-06-17 13:14:37,399] {processor.py:161} INFO - Processing /home/jarret/data-engineering-bootcamp/workspace/airflow-code-review/venv/lib/python3.7/site-packages/airflow/example_dags/example_branch_operator.py took 0.653 seconds
[2022-06-17 13:15:31,271] {processor.py:153} INFO - Started process (PID=19010) to work on /home/jarret/data-engineering-bootcamp/workspace/airflow-code-review/venv/lib/python3.7/site-packages/airflow/example_dags/example_branch_operator.py
[2022-06-17 13:15:31,272] {processor.py:641} INFO - Processing file /home/jarret/data-engineering-bootcamp/workspace/airflow-code-review/venv/lib/python3.7/site-packages/airflow/example_dags/example_branch_operator.py for tasks to queue
[2022-06-17 13:15:31,273] {logging_mixin.py:115} INFO - [2022-06-17 13:15:31,273] {dagbag.py:507} INFO - Filling up the DagBag from /home/jarret/data-engineering-bootcamp/workspace/airflow-code-review/venv/lib/python3.7/site-packages/airflow/example_dags/example_branch_operator.py
[2022-06-17 13:15:31,282] {processor.py:651} INFO - DAG(s) dict_keys(['example_branch_operator']) retrieved from /home/jarret/data-engineering-bootcamp/workspace/airflow-code-review/venv/lib/python3.7/site-packages/airflow/example_dags/example_branch_operator.py
[2022-06-17 13:15:31,294] {logging_mixin.py:115} INFO - [2022-06-17 13:15:31,294] {dag.py:2379} INFO - Sync 1 DAGs
[2022-06-17 13:15:31,312] {logging_mixin.py:115} INFO - [2022-06-17 13:15:31,312] {dag.py:2931} INFO - Setting next_dagrun for example_branch_operator to 2022-06-16T00:00:00+00:00, run_after=2022-06-17T00:00:00+00:00
[2022-06-17 13:15:31,646] {processor.py:161} INFO - Processing /home/jarret/data-engineering-bootcamp/workspace/airflow-code-review/venv/lib/python3.7/site-packages/airflow/example_dags/example_branch_operator.py took 0.378 seconds
[2022-06-17 13:16:15,176] {processor.py:153} INFO - Started process (PID=19049) to work on /home/jarret/data-engineering-bootcamp/workspace/airflow-code-review/venv/lib/python3.7/site-packages/airflow/example_dags/example_branch_operator.py
[2022-06-17 13:16:15,177] {processor.py:641} INFO - Processing file /home/jarret/data-engineering-bootcamp/workspace/airflow-code-review/venv/lib/python3.7/site-packages/airflow/example_dags/example_branch_operator.py for tasks to queue
[2022-06-17 13:16:15,178] {logging_mixin.py:115} INFO - [2022-06-17 13:16:15,178] {dagbag.py:507} INFO - Filling up the DagBag from /home/jarret/data-engineering-bootcamp/workspace/airflow-code-review/venv/lib/python3.7/site-packages/airflow/example_dags/example_branch_operator.py
[2022-06-17 13:16:15,187] {processor.py:651} INFO - DAG(s) dict_keys(['example_branch_operator']) retrieved from /home/jarret/data-engineering-bootcamp/workspace/airflow-code-review/venv/lib/python3.7/site-packages/airflow/example_dags/example_branch_operator.py
[2022-06-17 13:16:15,199] {logging_mixin.py:115} INFO - [2022-06-17 13:16:15,199] {dag.py:2379} INFO - Sync 1 DAGs
[2022-06-17 13:16:15,216] {logging_mixin.py:115} INFO - [2022-06-17 13:16:15,216] {dag.py:2931} INFO - Setting next_dagrun for example_branch_operator to 2022-06-16T00:00:00+00:00, run_after=2022-06-17T00:00:00+00:00
[2022-06-17 13:16:15,451] {processor.py:161} INFO - Processing /home/jarret/data-engineering-bootcamp/workspace/airflow-code-review/venv/lib/python3.7/site-packages/airflow/example_dags/example_branch_operator.py took 0.279 seconds
[2022-06-17 13:17:08,038] {processor.py:153} INFO - Started process (PID=19096) to work on /home/jarret/data-engineering-bootcamp/workspace/airflow-code-review/venv/lib/python3.7/site-packages/airflow/example_dags/example_branch_operator.py
[2022-06-17 13:17:08,043] {processor.py:641} INFO - Processing file /home/jarret/data-engineering-bootcamp/workspace/airflow-code-review/venv/lib/python3.7/site-packages/airflow/example_dags/example_branch_operator.py for tasks to queue
[2022-06-17 13:17:08,043] {logging_mixin.py:115} INFO - [2022-06-17 13:17:08,043] {dagbag.py:507} INFO - Filling up the DagBag from /home/jarret/data-engineering-bootcamp/workspace/airflow-code-review/venv/lib/python3.7/site-packages/airflow/example_dags/example_branch_operator.py
[2022-06-17 13:17:08,050] {processor.py:651} INFO - DAG(s) dict_keys(['example_branch_operator']) retrieved from /home/jarret/data-engineering-bootcamp/workspace/airflow-code-review/venv/lib/python3.7/site-packages/airflow/example_dags/example_branch_operator.py
[2022-06-17 13:17:08,062] {logging_mixin.py:115} INFO - [2022-06-17 13:17:08,062] {dag.py:2379} INFO - Sync 1 DAGs
[2022-06-17 13:17:08,080] {logging_mixin.py:115} INFO - [2022-06-17 13:17:08,080] {dag.py:2931} INFO - Setting next_dagrun for example_branch_operator to 2022-06-16T00:00:00+00:00, run_after=2022-06-17T00:00:00+00:00
[2022-06-17 13:17:08,223] {processor.py:161} INFO - Processing /home/jarret/data-engineering-bootcamp/workspace/airflow-code-review/venv/lib/python3.7/site-packages/airflow/example_dags/example_branch_operator.py took 0.187 seconds
[2022-06-17 13:18:02,011] {processor.py:153} INFO - Started process (PID=19166) to work on /home/jarret/data-engineering-bootcamp/workspace/airflow-code-review/venv/lib/python3.7/site-packages/airflow/example_dags/example_branch_operator.py
[2022-06-17 13:18:02,017] {processor.py:641} INFO - Processing file /home/jarret/data-engineering-bootcamp/workspace/airflow-code-review/venv/lib/python3.7/site-packages/airflow/example_dags/example_branch_operator.py for tasks to queue
[2022-06-17 13:18:02,018] {logging_mixin.py:115} INFO - [2022-06-17 13:18:02,018] {dagbag.py:507} INFO - Filling up the DagBag from /home/jarret/data-engineering-bootcamp/workspace/airflow-code-review/venv/lib/python3.7/site-packages/airflow/example_dags/example_branch_operator.py
[2022-06-17 13:18:02,024] {processor.py:651} INFO - DAG(s) dict_keys(['example_branch_operator']) retrieved from /home/jarret/data-engineering-bootcamp/workspace/airflow-code-review/venv/lib/python3.7/site-packages/airflow/example_dags/example_branch_operator.py
[2022-06-17 13:18:02,036] {logging_mixin.py:115} INFO - [2022-06-17 13:18:02,036] {dag.py:2379} INFO - Sync 1 DAGs
[2022-06-17 13:18:02,053] {logging_mixin.py:115} INFO - [2022-06-17 13:18:02,053] {dag.py:2931} INFO - Setting next_dagrun for example_branch_operator to 2022-06-16T00:00:00+00:00, run_after=2022-06-17T00:00:00+00:00
[2022-06-17 13:18:02,249] {processor.py:161} INFO - Processing /home/jarret/data-engineering-bootcamp/workspace/airflow-code-review/venv/lib/python3.7/site-packages/airflow/example_dags/example_branch_operator.py took 0.241 seconds
[2022-06-17 13:19:03,794] {processor.py:153} INFO - Started process (PID=19215) to work on /home/jarret/data-engineering-bootcamp/workspace/airflow-code-review/venv/lib/python3.7/site-packages/airflow/example_dags/example_branch_operator.py
[2022-06-17 13:19:03,816] {processor.py:641} INFO - Processing file /home/jarret/data-engineering-bootcamp/workspace/airflow-code-review/venv/lib/python3.7/site-packages/airflow/example_dags/example_branch_operator.py for tasks to queue
[2022-06-17 13:19:03,817] {logging_mixin.py:115} INFO - [2022-06-17 13:19:03,817] {dagbag.py:507} INFO - Filling up the DagBag from /home/jarret/data-engineering-bootcamp/workspace/airflow-code-review/venv/lib/python3.7/site-packages/airflow/example_dags/example_branch_operator.py
[2022-06-17 13:19:03,826] {processor.py:651} INFO - DAG(s) dict_keys(['example_branch_operator']) retrieved from /home/jarret/data-engineering-bootcamp/workspace/airflow-code-review/venv/lib/python3.7/site-packages/airflow/example_dags/example_branch_operator.py
[2022-06-17 13:19:03,838] {logging_mixin.py:115} INFO - [2022-06-17 13:19:03,838] {dag.py:2379} INFO - Sync 1 DAGs
[2022-06-17 13:19:03,856] {logging_mixin.py:115} INFO - [2022-06-17 13:19:03,855] {dag.py:2931} INFO - Setting next_dagrun for example_branch_operator to 2022-06-16T00:00:00+00:00, run_after=2022-06-17T00:00:00+00:00
[2022-06-17 13:19:04,009] {processor.py:161} INFO - Processing /home/jarret/data-engineering-bootcamp/workspace/airflow-code-review/venv/lib/python3.7/site-packages/airflow/example_dags/example_branch_operator.py took 0.218 seconds
[2022-06-17 13:20:05,860] {processor.py:153} INFO - Started process (PID=19293) to work on /home/jarret/data-engineering-bootcamp/workspace/airflow-code-review/venv/lib/python3.7/site-packages/airflow/example_dags/example_branch_operator.py
[2022-06-17 13:20:05,863] {processor.py:641} INFO - Processing file /home/jarret/data-engineering-bootcamp/workspace/airflow-code-review/venv/lib/python3.7/site-packages/airflow/example_dags/example_branch_operator.py for tasks to queue
[2022-06-17 13:20:05,864] {logging_mixin.py:115} INFO - [2022-06-17 13:20:05,864] {dagbag.py:507} INFO - Filling up the DagBag from /home/jarret/data-engineering-bootcamp/workspace/airflow-code-review/venv/lib/python3.7/site-packages/airflow/example_dags/example_branch_operator.py
[2022-06-17 13:20:05,874] {processor.py:651} INFO - DAG(s) dict_keys(['example_branch_operator']) retrieved from /home/jarret/data-engineering-bootcamp/workspace/airflow-code-review/venv/lib/python3.7/site-packages/airflow/example_dags/example_branch_operator.py
[2022-06-17 13:20:05,886] {logging_mixin.py:115} INFO - [2022-06-17 13:20:05,886] {dag.py:2379} INFO - Sync 1 DAGs
[2022-06-17 13:20:05,904] {logging_mixin.py:115} INFO - [2022-06-17 13:20:05,903] {dag.py:2931} INFO - Setting next_dagrun for example_branch_operator to 2022-06-16T00:00:00+00:00, run_after=2022-06-17T00:00:00+00:00
[2022-06-17 13:20:06,484] {processor.py:161} INFO - Processing /home/jarret/data-engineering-bootcamp/workspace/airflow-code-review/venv/lib/python3.7/site-packages/airflow/example_dags/example_branch_operator.py took 0.628 seconds
[2022-06-17 13:21:14,063] {processor.py:153} INFO - Started process (PID=19423) to work on /home/jarret/data-engineering-bootcamp/workspace/airflow-code-review/venv/lib/python3.7/site-packages/airflow/example_dags/example_branch_operator.py
[2022-06-17 13:21:14,064] {processor.py:641} INFO - Processing file /home/jarret/data-engineering-bootcamp/workspace/airflow-code-review/venv/lib/python3.7/site-packages/airflow/example_dags/example_branch_operator.py for tasks to queue
[2022-06-17 13:21:14,065] {logging_mixin.py:115} INFO - [2022-06-17 13:21:14,065] {dagbag.py:507} INFO - Filling up the DagBag from /home/jarret/data-engineering-bootcamp/workspace/airflow-code-review/venv/lib/python3.7/site-packages/airflow/example_dags/example_branch_operator.py
[2022-06-17 13:21:14,077] {processor.py:651} INFO - DAG(s) dict_keys(['example_branch_operator']) retrieved from /home/jarret/data-engineering-bootcamp/workspace/airflow-code-review/venv/lib/python3.7/site-packages/airflow/example_dags/example_branch_operator.py
[2022-06-17 13:21:14,090] {logging_mixin.py:115} INFO - [2022-06-17 13:21:14,090] {dag.py:2379} INFO - Sync 1 DAGs
[2022-06-17 13:21:14,110] {logging_mixin.py:115} INFO - [2022-06-17 13:21:14,109] {dag.py:2931} INFO - Setting next_dagrun for example_branch_operator to 2022-06-16T00:00:00+00:00, run_after=2022-06-17T00:00:00+00:00
[2022-06-17 13:21:14,272] {processor.py:161} INFO - Processing /home/jarret/data-engineering-bootcamp/workspace/airflow-code-review/venv/lib/python3.7/site-packages/airflow/example_dags/example_branch_operator.py took 0.212 seconds
[2022-06-17 13:22:08,964] {processor.py:153} INFO - Started process (PID=19530) to work on /home/jarret/data-engineering-bootcamp/workspace/airflow-code-review/venv/lib/python3.7/site-packages/airflow/example_dags/example_branch_operator.py
[2022-06-17 13:22:09,588] {processor.py:641} INFO - Processing file /home/jarret/data-engineering-bootcamp/workspace/airflow-code-review/venv/lib/python3.7/site-packages/airflow/example_dags/example_branch_operator.py for tasks to queue
[2022-06-17 13:22:09,589] {logging_mixin.py:115} INFO - [2022-06-17 13:22:09,588] {dagbag.py:507} INFO - Filling up the DagBag from /home/jarret/data-engineering-bootcamp/workspace/airflow-code-review/venv/lib/python3.7/site-packages/airflow/example_dags/example_branch_operator.py
[2022-06-17 13:22:09,596] {processor.py:651} INFO - DAG(s) dict_keys(['example_branch_operator']) retrieved from /home/jarret/data-engineering-bootcamp/workspace/airflow-code-review/venv/lib/python3.7/site-packages/airflow/example_dags/example_branch_operator.py
[2022-06-17 13:22:09,608] {logging_mixin.py:115} INFO - [2022-06-17 13:22:09,608] {dag.py:2379} INFO - Sync 1 DAGs
[2022-06-17 13:22:09,627] {logging_mixin.py:115} INFO - [2022-06-17 13:22:09,626] {dag.py:2931} INFO - Setting next_dagrun for example_branch_operator to 2022-06-16T00:00:00+00:00, run_after=2022-06-17T00:00:00+00:00
[2022-06-17 13:22:09,759] {processor.py:161} INFO - Processing /home/jarret/data-engineering-bootcamp/workspace/airflow-code-review/venv/lib/python3.7/site-packages/airflow/example_dags/example_branch_operator.py took 0.797 seconds
[2022-06-17 13:23:05,013] {processor.py:153} INFO - Started process (PID=19623) to work on /home/jarret/data-engineering-bootcamp/workspace/airflow-code-review/venv/lib/python3.7/site-packages/airflow/example_dags/example_branch_operator.py
[2022-06-17 13:23:05,014] {processor.py:641} INFO - Processing file /home/jarret/data-engineering-bootcamp/workspace/airflow-code-review/venv/lib/python3.7/site-packages/airflow/example_dags/example_branch_operator.py for tasks to queue
[2022-06-17 13:23:05,015] {logging_mixin.py:115} INFO - [2022-06-17 13:23:05,015] {dagbag.py:507} INFO - Filling up the DagBag from /home/jarret/data-engineering-bootcamp/workspace/airflow-code-review/venv/lib/python3.7/site-packages/airflow/example_dags/example_branch_operator.py
[2022-06-17 13:23:05,032] {processor.py:651} INFO - DAG(s) dict_keys(['example_branch_operator']) retrieved from /home/jarret/data-engineering-bootcamp/workspace/airflow-code-review/venv/lib/python3.7/site-packages/airflow/example_dags/example_branch_operator.py
[2022-06-17 13:23:05,044] {logging_mixin.py:115} INFO - [2022-06-17 13:23:05,044] {dag.py:2379} INFO - Sync 1 DAGs
[2022-06-17 13:23:05,062] {logging_mixin.py:115} INFO - [2022-06-17 13:23:05,062] {dag.py:2931} INFO - Setting next_dagrun for example_branch_operator to 2022-06-16T00:00:00+00:00, run_after=2022-06-17T00:00:00+00:00
[2022-06-17 13:23:05,284] {processor.py:161} INFO - Processing /home/jarret/data-engineering-bootcamp/workspace/airflow-code-review/venv/lib/python3.7/site-packages/airflow/example_dags/example_branch_operator.py took 0.275 seconds
[2022-06-17 13:23:52,206] {processor.py:153} INFO - Started process (PID=19722) to work on /home/jarret/data-engineering-bootcamp/workspace/airflow-code-review/venv/lib/python3.7/site-packages/airflow/example_dags/example_branch_operator.py
[2022-06-17 13:23:52,208] {processor.py:641} INFO - Processing file /home/jarret/data-engineering-bootcamp/workspace/airflow-code-review/venv/lib/python3.7/site-packages/airflow/example_dags/example_branch_operator.py for tasks to queue
[2022-06-17 13:23:52,208] {logging_mixin.py:115} INFO - [2022-06-17 13:23:52,208] {dagbag.py:507} INFO - Filling up the DagBag from /home/jarret/data-engineering-bootcamp/workspace/airflow-code-review/venv/lib/python3.7/site-packages/airflow/example_dags/example_branch_operator.py
[2022-06-17 13:23:52,216] {processor.py:651} INFO - DAG(s) dict_keys(['example_branch_operator']) retrieved from /home/jarret/data-engineering-bootcamp/workspace/airflow-code-review/venv/lib/python3.7/site-packages/airflow/example_dags/example_branch_operator.py
[2022-06-17 13:23:52,230] {logging_mixin.py:115} INFO - [2022-06-17 13:23:52,230] {dag.py:2379} INFO - Sync 1 DAGs
[2022-06-17 13:23:52,249] {logging_mixin.py:115} INFO - [2022-06-17 13:23:52,249] {dag.py:2931} INFO - Setting next_dagrun for example_branch_operator to 2022-06-16T00:00:00+00:00, run_after=2022-06-17T00:00:00+00:00
[2022-06-17 13:23:52,382] {processor.py:161} INFO - Processing /home/jarret/data-engineering-bootcamp/workspace/airflow-code-review/venv/lib/python3.7/site-packages/airflow/example_dags/example_branch_operator.py took 0.181 seconds
[2022-06-17 13:24:53,825] {processor.py:153} INFO - Started process (PID=19835) to work on /home/jarret/data-engineering-bootcamp/workspace/airflow-code-review/venv/lib/python3.7/site-packages/airflow/example_dags/example_branch_operator.py
[2022-06-17 13:24:53,826] {processor.py:641} INFO - Processing file /home/jarret/data-engineering-bootcamp/workspace/airflow-code-review/venv/lib/python3.7/site-packages/airflow/example_dags/example_branch_operator.py for tasks to queue
[2022-06-17 13:24:53,826] {logging_mixin.py:115} INFO - [2022-06-17 13:24:53,826] {dagbag.py:507} INFO - Filling up the DagBag from /home/jarret/data-engineering-bootcamp/workspace/airflow-code-review/venv/lib/python3.7/site-packages/airflow/example_dags/example_branch_operator.py
[2022-06-17 13:24:53,837] {processor.py:651} INFO - DAG(s) dict_keys(['example_branch_operator']) retrieved from /home/jarret/data-engineering-bootcamp/workspace/airflow-code-review/venv/lib/python3.7/site-packages/airflow/example_dags/example_branch_operator.py
[2022-06-17 13:24:53,848] {logging_mixin.py:115} INFO - [2022-06-17 13:24:53,848] {dag.py:2379} INFO - Sync 1 DAGs
[2022-06-17 13:24:53,866] {logging_mixin.py:115} INFO - [2022-06-17 13:24:53,866] {dag.py:2931} INFO - Setting next_dagrun for example_branch_operator to 2022-06-16T00:00:00+00:00, run_after=2022-06-17T00:00:00+00:00
[2022-06-17 13:24:54,159] {processor.py:161} INFO - Processing /home/jarret/data-engineering-bootcamp/workspace/airflow-code-review/venv/lib/python3.7/site-packages/airflow/example_dags/example_branch_operator.py took 0.338 seconds
[2022-06-17 13:25:47,342] {processor.py:153} INFO - Started process (PID=19937) to work on /home/jarret/data-engineering-bootcamp/workspace/airflow-code-review/venv/lib/python3.7/site-packages/airflow/example_dags/example_branch_operator.py
[2022-06-17 13:25:47,344] {processor.py:641} INFO - Processing file /home/jarret/data-engineering-bootcamp/workspace/airflow-code-review/venv/lib/python3.7/site-packages/airflow/example_dags/example_branch_operator.py for tasks to queue
[2022-06-17 13:25:47,344] {logging_mixin.py:115} INFO - [2022-06-17 13:25:47,344] {dagbag.py:507} INFO - Filling up the DagBag from /home/jarret/data-engineering-bootcamp/workspace/airflow-code-review/venv/lib/python3.7/site-packages/airflow/example_dags/example_branch_operator.py
[2022-06-17 13:25:47,353] {processor.py:651} INFO - DAG(s) dict_keys(['example_branch_operator']) retrieved from /home/jarret/data-engineering-bootcamp/workspace/airflow-code-review/venv/lib/python3.7/site-packages/airflow/example_dags/example_branch_operator.py
[2022-06-17 13:25:47,365] {logging_mixin.py:115} INFO - [2022-06-17 13:25:47,365] {dag.py:2379} INFO - Sync 1 DAGs
[2022-06-17 13:25:47,383] {logging_mixin.py:115} INFO - [2022-06-17 13:25:47,382] {dag.py:2931} INFO - Setting next_dagrun for example_branch_operator to 2022-06-16T00:00:00+00:00, run_after=2022-06-17T00:00:00+00:00
[2022-06-17 13:25:47,514] {processor.py:161} INFO - Processing /home/jarret/data-engineering-bootcamp/workspace/airflow-code-review/venv/lib/python3.7/site-packages/airflow/example_dags/example_branch_operator.py took 0.175 seconds
[2022-06-17 13:26:40,941] {processor.py:153} INFO - Started process (PID=20048) to work on /home/jarret/data-engineering-bootcamp/workspace/airflow-code-review/venv/lib/python3.7/site-packages/airflow/example_dags/example_branch_operator.py
[2022-06-17 13:26:40,943] {processor.py:641} INFO - Processing file /home/jarret/data-engineering-bootcamp/workspace/airflow-code-review/venv/lib/python3.7/site-packages/airflow/example_dags/example_branch_operator.py for tasks to queue
[2022-06-17 13:26:40,944] {logging_mixin.py:115} INFO - [2022-06-17 13:26:40,944] {dagbag.py:507} INFO - Filling up the DagBag from /home/jarret/data-engineering-bootcamp/workspace/airflow-code-review/venv/lib/python3.7/site-packages/airflow/example_dags/example_branch_operator.py
[2022-06-17 13:26:40,960] {processor.py:651} INFO - DAG(s) dict_keys(['example_branch_operator']) retrieved from /home/jarret/data-engineering-bootcamp/workspace/airflow-code-review/venv/lib/python3.7/site-packages/airflow/example_dags/example_branch_operator.py
[2022-06-17 13:26:40,971] {logging_mixin.py:115} INFO - [2022-06-17 13:26:40,971] {dag.py:2379} INFO - Sync 1 DAGs
[2022-06-17 13:26:40,988] {logging_mixin.py:115} INFO - [2022-06-17 13:26:40,988] {dag.py:2931} INFO - Setting next_dagrun for example_branch_operator to 2022-06-16T00:00:00+00:00, run_after=2022-06-17T00:00:00+00:00
[2022-06-17 13:26:41,586] {processor.py:161} INFO - Processing /home/jarret/data-engineering-bootcamp/workspace/airflow-code-review/venv/lib/python3.7/site-packages/airflow/example_dags/example_branch_operator.py took 0.648 seconds
[2022-06-17 13:27:45,997] {processor.py:153} INFO - Started process (PID=20185) to work on /home/jarret/data-engineering-bootcamp/workspace/airflow-code-review/venv/lib/python3.7/site-packages/airflow/example_dags/example_branch_operator.py
[2022-06-17 13:27:46,006] {processor.py:641} INFO - Processing file /home/jarret/data-engineering-bootcamp/workspace/airflow-code-review/venv/lib/python3.7/site-packages/airflow/example_dags/example_branch_operator.py for tasks to queue
[2022-06-17 13:27:46,006] {logging_mixin.py:115} INFO - [2022-06-17 13:27:46,006] {dagbag.py:507} INFO - Filling up the DagBag from /home/jarret/data-engineering-bootcamp/workspace/airflow-code-review/venv/lib/python3.7/site-packages/airflow/example_dags/example_branch_operator.py
[2022-06-17 13:27:46,013] {processor.py:651} INFO - DAG(s) dict_keys(['example_branch_operator']) retrieved from /home/jarret/data-engineering-bootcamp/workspace/airflow-code-review/venv/lib/python3.7/site-packages/airflow/example_dags/example_branch_operator.py
[2022-06-17 13:27:46,025] {logging_mixin.py:115} INFO - [2022-06-17 13:27:46,025] {dag.py:2379} INFO - Sync 1 DAGs
[2022-06-17 13:27:46,043] {logging_mixin.py:115} INFO - [2022-06-17 13:27:46,043] {dag.py:2931} INFO - Setting next_dagrun for example_branch_operator to 2022-06-16T00:00:00+00:00, run_after=2022-06-17T00:00:00+00:00
[2022-06-17 13:27:46,167] {processor.py:161} INFO - Processing /home/jarret/data-engineering-bootcamp/workspace/airflow-code-review/venv/lib/python3.7/site-packages/airflow/example_dags/example_branch_operator.py took 0.174 seconds
[2022-06-17 13:28:42,140] {processor.py:153} INFO - Started process (PID=20269) to work on /home/jarret/data-engineering-bootcamp/workspace/airflow-code-review/venv/lib/python3.7/site-packages/airflow/example_dags/example_branch_operator.py
[2022-06-17 13:28:42,204] {processor.py:641} INFO - Processing file /home/jarret/data-engineering-bootcamp/workspace/airflow-code-review/venv/lib/python3.7/site-packages/airflow/example_dags/example_branch_operator.py for tasks to queue
[2022-06-17 13:28:42,205] {logging_mixin.py:115} INFO - [2022-06-17 13:28:42,204] {dagbag.py:507} INFO - Filling up the DagBag from /home/jarret/data-engineering-bootcamp/workspace/airflow-code-review/venv/lib/python3.7/site-packages/airflow/example_dags/example_branch_operator.py
[2022-06-17 13:28:42,212] {processor.py:651} INFO - DAG(s) dict_keys(['example_branch_operator']) retrieved from /home/jarret/data-engineering-bootcamp/workspace/airflow-code-review/venv/lib/python3.7/site-packages/airflow/example_dags/example_branch_operator.py
[2022-06-17 13:28:42,224] {logging_mixin.py:115} INFO - [2022-06-17 13:28:42,224] {dag.py:2379} INFO - Sync 1 DAGs
[2022-06-17 13:28:42,241] {logging_mixin.py:115} INFO - [2022-06-17 13:28:42,241] {dag.py:2931} INFO - Setting next_dagrun for example_branch_operator to 2022-06-16T00:00:00+00:00, run_after=2022-06-17T00:00:00+00:00
[2022-06-17 13:28:42,624] {processor.py:161} INFO - Processing /home/jarret/data-engineering-bootcamp/workspace/airflow-code-review/venv/lib/python3.7/site-packages/airflow/example_dags/example_branch_operator.py took 0.487 seconds
[2022-06-17 13:29:42,221] {processor.py:153} INFO - Started process (PID=20523) to work on /home/jarret/data-engineering-bootcamp/workspace/airflow-code-review/venv/lib/python3.7/site-packages/airflow/example_dags/example_branch_operator.py
[2022-06-17 13:29:42,229] {processor.py:641} INFO - Processing file /home/jarret/data-engineering-bootcamp/workspace/airflow-code-review/venv/lib/python3.7/site-packages/airflow/example_dags/example_branch_operator.py for tasks to queue
[2022-06-17 13:29:42,229] {logging_mixin.py:115} INFO - [2022-06-17 13:29:42,229] {dagbag.py:507} INFO - Filling up the DagBag from /home/jarret/data-engineering-bootcamp/workspace/airflow-code-review/venv/lib/python3.7/site-packages/airflow/example_dags/example_branch_operator.py
[2022-06-17 13:29:42,236] {processor.py:651} INFO - DAG(s) dict_keys(['example_branch_operator']) retrieved from /home/jarret/data-engineering-bootcamp/workspace/airflow-code-review/venv/lib/python3.7/site-packages/airflow/example_dags/example_branch_operator.py
[2022-06-17 13:29:42,247] {logging_mixin.py:115} INFO - [2022-06-17 13:29:42,247] {dag.py:2379} INFO - Sync 1 DAGs
[2022-06-17 13:29:42,264] {logging_mixin.py:115} INFO - [2022-06-17 13:29:42,264] {dag.py:2931} INFO - Setting next_dagrun for example_branch_operator to 2022-06-16T00:00:00+00:00, run_after=2022-06-17T00:00:00+00:00
[2022-06-17 13:29:42,409] {processor.py:161} INFO - Processing /home/jarret/data-engineering-bootcamp/workspace/airflow-code-review/venv/lib/python3.7/site-packages/airflow/example_dags/example_branch_operator.py took 0.190 seconds
[2022-06-17 13:30:36,972] {processor.py:153} INFO - Started process (PID=20620) to work on /home/jarret/data-engineering-bootcamp/workspace/airflow-code-review/venv/lib/python3.7/site-packages/airflow/example_dags/example_branch_operator.py
[2022-06-17 13:30:36,973] {processor.py:641} INFO - Processing file /home/jarret/data-engineering-bootcamp/workspace/airflow-code-review/venv/lib/python3.7/site-packages/airflow/example_dags/example_branch_operator.py for tasks to queue
[2022-06-17 13:30:36,973] {logging_mixin.py:115} INFO - [2022-06-17 13:30:36,973] {dagbag.py:507} INFO - Filling up the DagBag from /home/jarret/data-engineering-bootcamp/workspace/airflow-code-review/venv/lib/python3.7/site-packages/airflow/example_dags/example_branch_operator.py
[2022-06-17 13:30:36,980] {processor.py:651} INFO - DAG(s) dict_keys(['example_branch_operator']) retrieved from /home/jarret/data-engineering-bootcamp/workspace/airflow-code-review/venv/lib/python3.7/site-packages/airflow/example_dags/example_branch_operator.py
[2022-06-17 13:30:36,992] {logging_mixin.py:115} INFO - [2022-06-17 13:30:36,992] {dag.py:2379} INFO - Sync 1 DAGs
[2022-06-17 13:30:37,010] {logging_mixin.py:115} INFO - [2022-06-17 13:30:37,010] {dag.py:2931} INFO - Setting next_dagrun for example_branch_operator to 2022-06-16T00:00:00+00:00, run_after=2022-06-17T00:00:00+00:00
[2022-06-17 13:30:37,609] {processor.py:161} INFO - Processing /home/jarret/data-engineering-bootcamp/workspace/airflow-code-review/venv/lib/python3.7/site-packages/airflow/example_dags/example_branch_operator.py took 0.640 seconds
[2022-06-17 13:31:20,484] {processor.py:153} INFO - Started process (PID=20779) to work on /home/jarret/data-engineering-bootcamp/workspace/airflow-code-review/venv/lib/python3.7/site-packages/airflow/example_dags/example_branch_operator.py
[2022-06-17 13:31:20,485] {processor.py:641} INFO - Processing file /home/jarret/data-engineering-bootcamp/workspace/airflow-code-review/venv/lib/python3.7/site-packages/airflow/example_dags/example_branch_operator.py for tasks to queue
[2022-06-17 13:31:20,486] {logging_mixin.py:115} INFO - [2022-06-17 13:31:20,486] {dagbag.py:507} INFO - Filling up the DagBag from /home/jarret/data-engineering-bootcamp/workspace/airflow-code-review/venv/lib/python3.7/site-packages/airflow/example_dags/example_branch_operator.py
[2022-06-17 13:31:20,500] {processor.py:651} INFO - DAG(s) dict_keys(['example_branch_operator']) retrieved from /home/jarret/data-engineering-bootcamp/workspace/airflow-code-review/venv/lib/python3.7/site-packages/airflow/example_dags/example_branch_operator.py
[2022-06-17 13:31:20,513] {logging_mixin.py:115} INFO - [2022-06-17 13:31:20,513] {dag.py:2379} INFO - Sync 1 DAGs
[2022-06-17 13:31:20,531] {logging_mixin.py:115} INFO - [2022-06-17 13:31:20,531] {dag.py:2931} INFO - Setting next_dagrun for example_branch_operator to 2022-06-16T00:00:00+00:00, run_after=2022-06-17T00:00:00+00:00
[2022-06-17 13:31:20,654] {processor.py:161} INFO - Processing /home/jarret/data-engineering-bootcamp/workspace/airflow-code-review/venv/lib/python3.7/site-packages/airflow/example_dags/example_branch_operator.py took 0.173 seconds
[2022-06-17 13:32:14,285] {processor.py:153} INFO - Started process (PID=21653) to work on /home/jarret/data-engineering-bootcamp/workspace/airflow-code-review/venv/lib/python3.7/site-packages/airflow/example_dags/example_branch_operator.py
[2022-06-17 13:32:14,296] {processor.py:641} INFO - Processing file /home/jarret/data-engineering-bootcamp/workspace/airflow-code-review/venv/lib/python3.7/site-packages/airflow/example_dags/example_branch_operator.py for tasks to queue
[2022-06-17 13:32:14,297] {logging_mixin.py:115} INFO - [2022-06-17 13:32:14,297] {dagbag.py:507} INFO - Filling up the DagBag from /home/jarret/data-engineering-bootcamp/workspace/airflow-code-review/venv/lib/python3.7/site-packages/airflow/example_dags/example_branch_operator.py
[2022-06-17 13:32:14,304] {processor.py:651} INFO - DAG(s) dict_keys(['example_branch_operator']) retrieved from /home/jarret/data-engineering-bootcamp/workspace/airflow-code-review/venv/lib/python3.7/site-packages/airflow/example_dags/example_branch_operator.py
[2022-06-17 13:32:14,315] {logging_mixin.py:115} INFO - [2022-06-17 13:32:14,315] {dag.py:2379} INFO - Sync 1 DAGs
[2022-06-17 13:32:14,333] {logging_mixin.py:115} INFO - [2022-06-17 13:32:14,332] {dag.py:2931} INFO - Setting next_dagrun for example_branch_operator to 2022-06-16T00:00:00+00:00, run_after=2022-06-17T00:00:00+00:00
[2022-06-17 13:32:14,458] {processor.py:161} INFO - Processing /home/jarret/data-engineering-bootcamp/workspace/airflow-code-review/venv/lib/python3.7/site-packages/airflow/example_dags/example_branch_operator.py took 0.177 seconds
[2022-06-17 13:33:21,554] {processor.py:153} INFO - Started process (PID=22320) to work on /home/jarret/data-engineering-bootcamp/workspace/airflow-code-review/venv/lib/python3.7/site-packages/airflow/example_dags/example_branch_operator.py
[2022-06-17 13:33:21,555] {processor.py:641} INFO - Processing file /home/jarret/data-engineering-bootcamp/workspace/airflow-code-review/venv/lib/python3.7/site-packages/airflow/example_dags/example_branch_operator.py for tasks to queue
[2022-06-17 13:33:21,555] {logging_mixin.py:115} INFO - [2022-06-17 13:33:21,555] {dagbag.py:507} INFO - Filling up the DagBag from /home/jarret/data-engineering-bootcamp/workspace/airflow-code-review/venv/lib/python3.7/site-packages/airflow/example_dags/example_branch_operator.py
[2022-06-17 13:33:21,562] {processor.py:651} INFO - DAG(s) dict_keys(['example_branch_operator']) retrieved from /home/jarret/data-engineering-bootcamp/workspace/airflow-code-review/venv/lib/python3.7/site-packages/airflow/example_dags/example_branch_operator.py
[2022-06-17 13:33:21,573] {logging_mixin.py:115} INFO - [2022-06-17 13:33:21,573] {dag.py:2379} INFO - Sync 1 DAGs
[2022-06-17 13:33:21,590] {logging_mixin.py:115} INFO - [2022-06-17 13:33:21,590] {dag.py:2931} INFO - Setting next_dagrun for example_branch_operator to 2022-06-16T00:00:00+00:00, run_after=2022-06-17T00:00:00+00:00
[2022-06-17 13:33:21,717] {processor.py:161} INFO - Processing /home/jarret/data-engineering-bootcamp/workspace/airflow-code-review/venv/lib/python3.7/site-packages/airflow/example_dags/example_branch_operator.py took 0.165 seconds
[2022-06-17 13:34:13,017] {processor.py:153} INFO - Started process (PID=23065) to work on /home/jarret/data-engineering-bootcamp/workspace/airflow-code-review/venv/lib/python3.7/site-packages/airflow/example_dags/example_branch_operator.py
[2022-06-17 13:34:13,027] {processor.py:641} INFO - Processing file /home/jarret/data-engineering-bootcamp/workspace/airflow-code-review/venv/lib/python3.7/site-packages/airflow/example_dags/example_branch_operator.py for tasks to queue
[2022-06-17 13:34:13,027] {logging_mixin.py:115} INFO - [2022-06-17 13:34:13,027] {dagbag.py:507} INFO - Filling up the DagBag from /home/jarret/data-engineering-bootcamp/workspace/airflow-code-review/venv/lib/python3.7/site-packages/airflow/example_dags/example_branch_operator.py
[2022-06-17 13:34:13,034] {processor.py:651} INFO - DAG(s) dict_keys(['example_branch_operator']) retrieved from /home/jarret/data-engineering-bootcamp/workspace/airflow-code-review/venv/lib/python3.7/site-packages/airflow/example_dags/example_branch_operator.py
[2022-06-17 13:34:13,046] {logging_mixin.py:115} INFO - [2022-06-17 13:34:13,045] {dag.py:2379} INFO - Sync 1 DAGs
[2022-06-17 13:34:13,063] {logging_mixin.py:115} INFO - [2022-06-17 13:34:13,063] {dag.py:2931} INFO - Setting next_dagrun for example_branch_operator to 2022-06-16T00:00:00+00:00, run_after=2022-06-17T00:00:00+00:00
[2022-06-17 13:34:13,189] {processor.py:161} INFO - Processing /home/jarret/data-engineering-bootcamp/workspace/airflow-code-review/venv/lib/python3.7/site-packages/airflow/example_dags/example_branch_operator.py took 0.175 seconds
