[2022-06-17 12:36:58,097] {processor.py:153} INFO - Started process (PID=15710) to work on /home/jarret/data-engineering-bootcamp/workspace/airflow-code-review/venv/lib/python3.7/site-packages/airflow/example_dags/example_task_group.py
[2022-06-17 12:36:58,098] {processor.py:641} INFO - Processing file /home/jarret/data-engineering-bootcamp/workspace/airflow-code-review/venv/lib/python3.7/site-packages/airflow/example_dags/example_task_group.py for tasks to queue
[2022-06-17 12:36:58,099] {logging_mixin.py:115} INFO - [2022-06-17 12:36:58,099] {dagbag.py:507} INFO - Filling up the DagBag from /home/jarret/data-engineering-bootcamp/workspace/airflow-code-review/venv/lib/python3.7/site-packages/airflow/example_dags/example_task_group.py
[2022-06-17 12:36:58,108] {processor.py:651} INFO - DAG(s) dict_keys(['example_task_group']) retrieved from /home/jarret/data-engineering-bootcamp/workspace/airflow-code-review/venv/lib/python3.7/site-packages/airflow/example_dags/example_task_group.py
[2022-06-17 12:36:59,152] {logging_mixin.py:115} INFO - [2022-06-17 12:36:59,152] {manager.py:508} INFO - Created Permission View: can read on DAG:example_task_group
[2022-06-17 12:36:59,269] {logging_mixin.py:115} INFO - [2022-06-17 12:36:59,268] {manager.py:508} INFO - Created Permission View: can delete on DAG:example_task_group
[2022-06-17 12:36:59,385] {logging_mixin.py:115} INFO - [2022-06-17 12:36:59,385] {manager.py:508} INFO - Created Permission View: can edit on DAG:example_task_group
[2022-06-17 12:36:59,385] {logging_mixin.py:115} INFO - [2022-06-17 12:36:59,385] {dag.py:2379} INFO - Sync 1 DAGs
[2022-06-17 12:36:59,400] {logging_mixin.py:115} INFO - [2022-06-17 12:36:59,400] {dag.py:2398} INFO - Creating ORM DAG for example_task_group
[2022-06-17 12:36:59,409] {logging_mixin.py:115} INFO - [2022-06-17 12:36:59,409] {dag.py:2931} INFO - Setting next_dagrun for example_task_group to 2022-06-16T19:36:59.408996+00:00, run_after=2022-06-17T19:36:59.408996+00:00
[2022-06-17 12:36:59,576] {processor.py:161} INFO - Processing /home/jarret/data-engineering-bootcamp/workspace/airflow-code-review/venv/lib/python3.7/site-packages/airflow/example_dags/example_task_group.py took 1.482 seconds
[2022-06-17 12:38:06,583] {processor.py:153} INFO - Started process (PID=15757) to work on /home/jarret/data-engineering-bootcamp/workspace/airflow-code-review/venv/lib/python3.7/site-packages/airflow/example_dags/example_task_group.py
[2022-06-17 12:38:06,584] {processor.py:641} INFO - Processing file /home/jarret/data-engineering-bootcamp/workspace/airflow-code-review/venv/lib/python3.7/site-packages/airflow/example_dags/example_task_group.py for tasks to queue
[2022-06-17 12:38:06,585] {logging_mixin.py:115} INFO - [2022-06-17 12:38:06,585] {dagbag.py:507} INFO - Filling up the DagBag from /home/jarret/data-engineering-bootcamp/workspace/airflow-code-review/venv/lib/python3.7/site-packages/airflow/example_dags/example_task_group.py
[2022-06-17 12:38:06,589] {processor.py:651} INFO - DAG(s) dict_keys(['example_task_group']) retrieved from /home/jarret/data-engineering-bootcamp/workspace/airflow-code-review/venv/lib/python3.7/site-packages/airflow/example_dags/example_task_group.py
[2022-06-17 12:38:06,601] {logging_mixin.py:115} INFO - [2022-06-17 12:38:06,601] {dag.py:2379} INFO - Sync 1 DAGs
[2022-06-17 12:38:06,616] {logging_mixin.py:115} INFO - [2022-06-17 12:38:06,616] {dag.py:2931} INFO - Setting next_dagrun for example_task_group to 2022-06-16T19:38:06.616392+00:00, run_after=2022-06-17T19:38:06.616392+00:00
[2022-06-17 12:38:06,980] {processor.py:161} INFO - Processing /home/jarret/data-engineering-bootcamp/workspace/airflow-code-review/venv/lib/python3.7/site-packages/airflow/example_dags/example_task_group.py took 0.401 seconds
[2022-06-17 12:39:09,957] {processor.py:153} INFO - Started process (PID=15822) to work on /home/jarret/data-engineering-bootcamp/workspace/airflow-code-review/venv/lib/python3.7/site-packages/airflow/example_dags/example_task_group.py
[2022-06-17 12:39:10,012] {processor.py:641} INFO - Processing file /home/jarret/data-engineering-bootcamp/workspace/airflow-code-review/venv/lib/python3.7/site-packages/airflow/example_dags/example_task_group.py for tasks to queue
[2022-06-17 12:39:10,013] {logging_mixin.py:115} INFO - [2022-06-17 12:39:10,013] {dagbag.py:507} INFO - Filling up the DagBag from /home/jarret/data-engineering-bootcamp/workspace/airflow-code-review/venv/lib/python3.7/site-packages/airflow/example_dags/example_task_group.py
[2022-06-17 12:39:10,021] {processor.py:651} INFO - DAG(s) dict_keys(['example_task_group']) retrieved from /home/jarret/data-engineering-bootcamp/workspace/airflow-code-review/venv/lib/python3.7/site-packages/airflow/example_dags/example_task_group.py
[2022-06-17 12:39:10,033] {logging_mixin.py:115} INFO - [2022-06-17 12:39:10,033] {dag.py:2379} INFO - Sync 1 DAGs
[2022-06-17 12:39:10,048] {logging_mixin.py:115} INFO - [2022-06-17 12:39:10,048] {dag.py:2931} INFO - Setting next_dagrun for example_task_group to 2022-06-16T19:39:10.048611+00:00, run_after=2022-06-17T19:39:10.048611+00:00
[2022-06-17 12:39:10,351] {processor.py:161} INFO - Processing /home/jarret/data-engineering-bootcamp/workspace/airflow-code-review/venv/lib/python3.7/site-packages/airflow/example_dags/example_task_group.py took 0.397 seconds
[2022-06-17 12:40:07,722] {processor.py:153} INFO - Started process (PID=15861) to work on /home/jarret/data-engineering-bootcamp/workspace/airflow-code-review/venv/lib/python3.7/site-packages/airflow/example_dags/example_task_group.py
[2022-06-17 12:40:07,846] {processor.py:641} INFO - Processing file /home/jarret/data-engineering-bootcamp/workspace/airflow-code-review/venv/lib/python3.7/site-packages/airflow/example_dags/example_task_group.py for tasks to queue
[2022-06-17 12:40:07,847] {logging_mixin.py:115} INFO - [2022-06-17 12:40:07,847] {dagbag.py:507} INFO - Filling up the DagBag from /home/jarret/data-engineering-bootcamp/workspace/airflow-code-review/venv/lib/python3.7/site-packages/airflow/example_dags/example_task_group.py
[2022-06-17 12:40:07,857] {processor.py:651} INFO - DAG(s) dict_keys(['example_task_group']) retrieved from /home/jarret/data-engineering-bootcamp/workspace/airflow-code-review/venv/lib/python3.7/site-packages/airflow/example_dags/example_task_group.py
[2022-06-17 12:40:07,870] {logging_mixin.py:115} INFO - [2022-06-17 12:40:07,870] {dag.py:2379} INFO - Sync 1 DAGs
[2022-06-17 12:40:07,885] {logging_mixin.py:115} INFO - [2022-06-17 12:40:07,884] {dag.py:2931} INFO - Setting next_dagrun for example_task_group to 2022-06-16T19:40:07.884795+00:00, run_after=2022-06-17T19:40:07.884795+00:00
[2022-06-17 12:40:08,005] {processor.py:161} INFO - Processing /home/jarret/data-engineering-bootcamp/workspace/airflow-code-review/venv/lib/python3.7/site-packages/airflow/example_dags/example_task_group.py took 0.287 seconds
[2022-06-17 12:41:11,170] {processor.py:153} INFO - Started process (PID=15962) to work on /home/jarret/data-engineering-bootcamp/workspace/airflow-code-review/venv/lib/python3.7/site-packages/airflow/example_dags/example_task_group.py
[2022-06-17 12:41:11,191] {processor.py:641} INFO - Processing file /home/jarret/data-engineering-bootcamp/workspace/airflow-code-review/venv/lib/python3.7/site-packages/airflow/example_dags/example_task_group.py for tasks to queue
[2022-06-17 12:41:11,191] {logging_mixin.py:115} INFO - [2022-06-17 12:41:11,191] {dagbag.py:507} INFO - Filling up the DagBag from /home/jarret/data-engineering-bootcamp/workspace/airflow-code-review/venv/lib/python3.7/site-packages/airflow/example_dags/example_task_group.py
[2022-06-17 12:41:11,203] {processor.py:651} INFO - DAG(s) dict_keys(['example_task_group']) retrieved from /home/jarret/data-engineering-bootcamp/workspace/airflow-code-review/venv/lib/python3.7/site-packages/airflow/example_dags/example_task_group.py
[2022-06-17 12:41:11,216] {logging_mixin.py:115} INFO - [2022-06-17 12:41:11,216] {dag.py:2379} INFO - Sync 1 DAGs
[2022-06-17 12:41:11,231] {logging_mixin.py:115} INFO - [2022-06-17 12:41:11,231] {dag.py:2931} INFO - Setting next_dagrun for example_task_group to 2022-06-16T19:41:11.231120+00:00, run_after=2022-06-17T19:41:11.231120+00:00
[2022-06-17 12:41:11,381] {processor.py:161} INFO - Processing /home/jarret/data-engineering-bootcamp/workspace/airflow-code-review/venv/lib/python3.7/site-packages/airflow/example_dags/example_task_group.py took 0.214 seconds
[2022-06-17 12:42:03,696] {processor.py:153} INFO - Started process (PID=16010) to work on /home/jarret/data-engineering-bootcamp/workspace/airflow-code-review/venv/lib/python3.7/site-packages/airflow/example_dags/example_task_group.py
[2022-06-17 12:42:03,697] {processor.py:641} INFO - Processing file /home/jarret/data-engineering-bootcamp/workspace/airflow-code-review/venv/lib/python3.7/site-packages/airflow/example_dags/example_task_group.py for tasks to queue
[2022-06-17 12:42:03,698] {logging_mixin.py:115} INFO - [2022-06-17 12:42:03,698] {dagbag.py:507} INFO - Filling up the DagBag from /home/jarret/data-engineering-bootcamp/workspace/airflow-code-review/venv/lib/python3.7/site-packages/airflow/example_dags/example_task_group.py
[2022-06-17 12:42:03,707] {processor.py:651} INFO - DAG(s) dict_keys(['example_task_group']) retrieved from /home/jarret/data-engineering-bootcamp/workspace/airflow-code-review/venv/lib/python3.7/site-packages/airflow/example_dags/example_task_group.py
[2022-06-17 12:42:03,720] {logging_mixin.py:115} INFO - [2022-06-17 12:42:03,719] {dag.py:2379} INFO - Sync 1 DAGs
[2022-06-17 12:42:03,736] {logging_mixin.py:115} INFO - [2022-06-17 12:42:03,736] {dag.py:2931} INFO - Setting next_dagrun for example_task_group to 2022-06-16T19:42:03.736638+00:00, run_after=2022-06-17T19:42:03.736638+00:00
[2022-06-17 12:42:04,838] {processor.py:161} INFO - Processing /home/jarret/data-engineering-bootcamp/workspace/airflow-code-review/venv/lib/python3.7/site-packages/airflow/example_dags/example_task_group.py took 1.146 seconds
[2022-06-17 12:43:37,320] {processor.py:153} INFO - Started process (PID=16167) to work on /home/jarret/data-engineering-bootcamp/workspace/airflow-code-review/venv/lib/python3.7/site-packages/airflow/example_dags/example_task_group.py
[2022-06-17 12:43:37,321] {processor.py:641} INFO - Processing file /home/jarret/data-engineering-bootcamp/workspace/airflow-code-review/venv/lib/python3.7/site-packages/airflow/example_dags/example_task_group.py for tasks to queue
[2022-06-17 12:43:37,322] {logging_mixin.py:115} INFO - [2022-06-17 12:43:37,322] {dagbag.py:507} INFO - Filling up the DagBag from /home/jarret/data-engineering-bootcamp/workspace/airflow-code-review/venv/lib/python3.7/site-packages/airflow/example_dags/example_task_group.py
[2022-06-17 12:43:37,327] {processor.py:651} INFO - DAG(s) dict_keys(['example_task_group']) retrieved from /home/jarret/data-engineering-bootcamp/workspace/airflow-code-review/venv/lib/python3.7/site-packages/airflow/example_dags/example_task_group.py
[2022-06-17 12:43:37,338] {logging_mixin.py:115} INFO - [2022-06-17 12:43:37,338] {dag.py:2379} INFO - Sync 1 DAGs
[2022-06-17 12:43:37,354] {logging_mixin.py:115} INFO - [2022-06-17 12:43:37,354] {dag.py:2931} INFO - Setting next_dagrun for example_task_group to 2022-06-16T19:43:37.353957+00:00, run_after=2022-06-17T19:43:37.353957+00:00
[2022-06-17 12:43:37,922] {processor.py:161} INFO - Processing /home/jarret/data-engineering-bootcamp/workspace/airflow-code-review/venv/lib/python3.7/site-packages/airflow/example_dags/example_task_group.py took 0.606 seconds
[2022-06-17 12:44:39,849] {processor.py:153} INFO - Started process (PID=16253) to work on /home/jarret/data-engineering-bootcamp/workspace/airflow-code-review/venv/lib/python3.7/site-packages/airflow/example_dags/example_task_group.py
[2022-06-17 12:44:39,925] {processor.py:641} INFO - Processing file /home/jarret/data-engineering-bootcamp/workspace/airflow-code-review/venv/lib/python3.7/site-packages/airflow/example_dags/example_task_group.py for tasks to queue
[2022-06-17 12:44:39,926] {logging_mixin.py:115} INFO - [2022-06-17 12:44:39,926] {dagbag.py:507} INFO - Filling up the DagBag from /home/jarret/data-engineering-bootcamp/workspace/airflow-code-review/venv/lib/python3.7/site-packages/airflow/example_dags/example_task_group.py
[2022-06-17 12:44:39,933] {processor.py:651} INFO - DAG(s) dict_keys(['example_task_group']) retrieved from /home/jarret/data-engineering-bootcamp/workspace/airflow-code-review/venv/lib/python3.7/site-packages/airflow/example_dags/example_task_group.py
[2022-06-17 12:44:39,944] {logging_mixin.py:115} INFO - [2022-06-17 12:44:39,944] {dag.py:2379} INFO - Sync 1 DAGs
[2022-06-17 12:44:39,959] {logging_mixin.py:115} INFO - [2022-06-17 12:44:39,959] {dag.py:2931} INFO - Setting next_dagrun for example_task_group to 2022-06-16T19:44:39.959321+00:00, run_after=2022-06-17T19:44:39.959321+00:00
[2022-06-17 12:44:41,402] {processor.py:161} INFO - Processing /home/jarret/data-engineering-bootcamp/workspace/airflow-code-review/venv/lib/python3.7/site-packages/airflow/example_dags/example_task_group.py took 1.554 seconds
[2022-06-17 12:45:47,418] {processor.py:153} INFO - Started process (PID=16377) to work on /home/jarret/data-engineering-bootcamp/workspace/airflow-code-review/venv/lib/python3.7/site-packages/airflow/example_dags/example_task_group.py
[2022-06-17 12:45:47,419] {processor.py:641} INFO - Processing file /home/jarret/data-engineering-bootcamp/workspace/airflow-code-review/venv/lib/python3.7/site-packages/airflow/example_dags/example_task_group.py for tasks to queue
[2022-06-17 12:45:47,420] {logging_mixin.py:115} INFO - [2022-06-17 12:45:47,420] {dagbag.py:507} INFO - Filling up the DagBag from /home/jarret/data-engineering-bootcamp/workspace/airflow-code-review/venv/lib/python3.7/site-packages/airflow/example_dags/example_task_group.py
[2022-06-17 12:45:47,429] {processor.py:651} INFO - DAG(s) dict_keys(['example_task_group']) retrieved from /home/jarret/data-engineering-bootcamp/workspace/airflow-code-review/venv/lib/python3.7/site-packages/airflow/example_dags/example_task_group.py
[2022-06-17 12:45:47,442] {logging_mixin.py:115} INFO - [2022-06-17 12:45:47,442] {dag.py:2379} INFO - Sync 1 DAGs
[2022-06-17 12:45:47,458] {logging_mixin.py:115} INFO - [2022-06-17 12:45:47,458] {dag.py:2931} INFO - Setting next_dagrun for example_task_group to 2022-06-16T19:45:47.458477+00:00, run_after=2022-06-17T19:45:47.458477+00:00
[2022-06-17 12:45:47,712] {processor.py:161} INFO - Processing /home/jarret/data-engineering-bootcamp/workspace/airflow-code-review/venv/lib/python3.7/site-packages/airflow/example_dags/example_task_group.py took 0.296 seconds
[2022-06-17 12:46:57,724] {processor.py:153} INFO - Started process (PID=16482) to work on /home/jarret/data-engineering-bootcamp/workspace/airflow-code-review/venv/lib/python3.7/site-packages/airflow/example_dags/example_task_group.py
[2022-06-17 12:46:57,725] {processor.py:641} INFO - Processing file /home/jarret/data-engineering-bootcamp/workspace/airflow-code-review/venv/lib/python3.7/site-packages/airflow/example_dags/example_task_group.py for tasks to queue
[2022-06-17 12:46:57,725] {logging_mixin.py:115} INFO - [2022-06-17 12:46:57,725] {dagbag.py:507} INFO - Filling up the DagBag from /home/jarret/data-engineering-bootcamp/workspace/airflow-code-review/venv/lib/python3.7/site-packages/airflow/example_dags/example_task_group.py
[2022-06-17 12:46:57,730] {processor.py:651} INFO - DAG(s) dict_keys(['example_task_group']) retrieved from /home/jarret/data-engineering-bootcamp/workspace/airflow-code-review/venv/lib/python3.7/site-packages/airflow/example_dags/example_task_group.py
[2022-06-17 12:46:57,743] {logging_mixin.py:115} INFO - [2022-06-17 12:46:57,743] {dag.py:2379} INFO - Sync 1 DAGs
[2022-06-17 12:46:57,760] {logging_mixin.py:115} INFO - [2022-06-17 12:46:57,760] {dag.py:2931} INFO - Setting next_dagrun for example_task_group to 2022-06-16T19:46:57.760215+00:00, run_after=2022-06-17T19:46:57.760215+00:00
[2022-06-17 12:46:58,264] {processor.py:161} INFO - Processing /home/jarret/data-engineering-bootcamp/workspace/airflow-code-review/venv/lib/python3.7/site-packages/airflow/example_dags/example_task_group.py took 0.542 seconds
[2022-06-17 12:48:00,631] {processor.py:153} INFO - Started process (PID=16526) to work on /home/jarret/data-engineering-bootcamp/workspace/airflow-code-review/venv/lib/python3.7/site-packages/airflow/example_dags/example_task_group.py
[2022-06-17 12:48:00,661] {processor.py:641} INFO - Processing file /home/jarret/data-engineering-bootcamp/workspace/airflow-code-review/venv/lib/python3.7/site-packages/airflow/example_dags/example_task_group.py for tasks to queue
[2022-06-17 12:48:00,662] {logging_mixin.py:115} INFO - [2022-06-17 12:48:00,662] {dagbag.py:507} INFO - Filling up the DagBag from /home/jarret/data-engineering-bootcamp/workspace/airflow-code-review/venv/lib/python3.7/site-packages/airflow/example_dags/example_task_group.py
[2022-06-17 12:48:00,672] {processor.py:651} INFO - DAG(s) dict_keys(['example_task_group']) retrieved from /home/jarret/data-engineering-bootcamp/workspace/airflow-code-review/venv/lib/python3.7/site-packages/airflow/example_dags/example_task_group.py
[2022-06-17 12:48:00,686] {logging_mixin.py:115} INFO - [2022-06-17 12:48:00,686] {dag.py:2379} INFO - Sync 1 DAGs
[2022-06-17 12:48:00,702] {logging_mixin.py:115} INFO - [2022-06-17 12:48:00,701] {dag.py:2931} INFO - Setting next_dagrun for example_task_group to 2022-06-16T19:48:00.701698+00:00, run_after=2022-06-17T19:48:00.701698+00:00
[2022-06-17 12:48:01,935] {processor.py:161} INFO - Processing /home/jarret/data-engineering-bootcamp/workspace/airflow-code-review/venv/lib/python3.7/site-packages/airflow/example_dags/example_task_group.py took 1.307 seconds
[2022-06-17 12:49:20,636] {processor.py:153} INFO - Started process (PID=16625) to work on /home/jarret/data-engineering-bootcamp/workspace/airflow-code-review/venv/lib/python3.7/site-packages/airflow/example_dags/example_task_group.py
[2022-06-17 12:49:20,637] {processor.py:641} INFO - Processing file /home/jarret/data-engineering-bootcamp/workspace/airflow-code-review/venv/lib/python3.7/site-packages/airflow/example_dags/example_task_group.py for tasks to queue
[2022-06-17 12:49:20,638] {logging_mixin.py:115} INFO - [2022-06-17 12:49:20,638] {dagbag.py:507} INFO - Filling up the DagBag from /home/jarret/data-engineering-bootcamp/workspace/airflow-code-review/venv/lib/python3.7/site-packages/airflow/example_dags/example_task_group.py
[2022-06-17 12:49:20,647] {processor.py:651} INFO - DAG(s) dict_keys(['example_task_group']) retrieved from /home/jarret/data-engineering-bootcamp/workspace/airflow-code-review/venv/lib/python3.7/site-packages/airflow/example_dags/example_task_group.py
[2022-06-17 12:49:20,663] {logging_mixin.py:115} INFO - [2022-06-17 12:49:20,663] {dag.py:2379} INFO - Sync 1 DAGs
[2022-06-17 12:49:20,678] {logging_mixin.py:115} INFO - [2022-06-17 12:49:20,678] {dag.py:2931} INFO - Setting next_dagrun for example_task_group to 2022-06-16T19:49:20.678125+00:00, run_after=2022-06-17T19:49:20.678125+00:00
[2022-06-17 12:49:21,373] {processor.py:161} INFO - Processing /home/jarret/data-engineering-bootcamp/workspace/airflow-code-review/venv/lib/python3.7/site-packages/airflow/example_dags/example_task_group.py took 0.740 seconds
[2022-06-17 12:50:22,684] {processor.py:153} INFO - Started process (PID=16738) to work on /home/jarret/data-engineering-bootcamp/workspace/airflow-code-review/venv/lib/python3.7/site-packages/airflow/example_dags/example_task_group.py
[2022-06-17 12:50:22,689] {processor.py:641} INFO - Processing file /home/jarret/data-engineering-bootcamp/workspace/airflow-code-review/venv/lib/python3.7/site-packages/airflow/example_dags/example_task_group.py for tasks to queue
[2022-06-17 12:50:22,689] {logging_mixin.py:115} INFO - [2022-06-17 12:50:22,689] {dagbag.py:507} INFO - Filling up the DagBag from /home/jarret/data-engineering-bootcamp/workspace/airflow-code-review/venv/lib/python3.7/site-packages/airflow/example_dags/example_task_group.py
[2022-06-17 12:50:22,697] {processor.py:651} INFO - DAG(s) dict_keys(['example_task_group']) retrieved from /home/jarret/data-engineering-bootcamp/workspace/airflow-code-review/venv/lib/python3.7/site-packages/airflow/example_dags/example_task_group.py
[2022-06-17 12:50:22,709] {logging_mixin.py:115} INFO - [2022-06-17 12:50:22,709] {dag.py:2379} INFO - Sync 1 DAGs
[2022-06-17 12:50:22,724] {logging_mixin.py:115} INFO - [2022-06-17 12:50:22,724] {dag.py:2931} INFO - Setting next_dagrun for example_task_group to 2022-06-16T19:50:22.724336+00:00, run_after=2022-06-17T19:50:22.724336+00:00
[2022-06-17 12:50:23,315] {processor.py:161} INFO - Processing /home/jarret/data-engineering-bootcamp/workspace/airflow-code-review/venv/lib/python3.7/site-packages/airflow/example_dags/example_task_group.py took 0.635 seconds
[2022-06-17 12:51:25,720] {processor.py:153} INFO - Started process (PID=16841) to work on /home/jarret/data-engineering-bootcamp/workspace/airflow-code-review/venv/lib/python3.7/site-packages/airflow/example_dags/example_task_group.py
[2022-06-17 12:51:25,721] {processor.py:641} INFO - Processing file /home/jarret/data-engineering-bootcamp/workspace/airflow-code-review/venv/lib/python3.7/site-packages/airflow/example_dags/example_task_group.py for tasks to queue
[2022-06-17 12:51:25,722] {logging_mixin.py:115} INFO - [2022-06-17 12:51:25,722] {dagbag.py:507} INFO - Filling up the DagBag from /home/jarret/data-engineering-bootcamp/workspace/airflow-code-review/venv/lib/python3.7/site-packages/airflow/example_dags/example_task_group.py
[2022-06-17 12:51:25,729] {processor.py:651} INFO - DAG(s) dict_keys(['example_task_group']) retrieved from /home/jarret/data-engineering-bootcamp/workspace/airflow-code-review/venv/lib/python3.7/site-packages/airflow/example_dags/example_task_group.py
[2022-06-17 12:51:25,741] {logging_mixin.py:115} INFO - [2022-06-17 12:51:25,741] {dag.py:2379} INFO - Sync 1 DAGs
[2022-06-17 12:51:25,756] {logging_mixin.py:115} INFO - [2022-06-17 12:51:25,755] {dag.py:2931} INFO - Setting next_dagrun for example_task_group to 2022-06-16T19:51:25.755765+00:00, run_after=2022-06-17T19:51:25.755765+00:00
[2022-06-17 12:51:26,763] {processor.py:161} INFO - Processing /home/jarret/data-engineering-bootcamp/workspace/airflow-code-review/venv/lib/python3.7/site-packages/airflow/example_dags/example_task_group.py took 1.046 seconds
[2022-06-17 12:52:30,887] {processor.py:153} INFO - Started process (PID=16948) to work on /home/jarret/data-engineering-bootcamp/workspace/airflow-code-review/venv/lib/python3.7/site-packages/airflow/example_dags/example_task_group.py
[2022-06-17 12:52:30,888] {processor.py:641} INFO - Processing file /home/jarret/data-engineering-bootcamp/workspace/airflow-code-review/venv/lib/python3.7/site-packages/airflow/example_dags/example_task_group.py for tasks to queue
[2022-06-17 12:52:30,889] {logging_mixin.py:115} INFO - [2022-06-17 12:52:30,889] {dagbag.py:507} INFO - Filling up the DagBag from /home/jarret/data-engineering-bootcamp/workspace/airflow-code-review/venv/lib/python3.7/site-packages/airflow/example_dags/example_task_group.py
[2022-06-17 12:52:30,894] {processor.py:651} INFO - DAG(s) dict_keys(['example_task_group']) retrieved from /home/jarret/data-engineering-bootcamp/workspace/airflow-code-review/venv/lib/python3.7/site-packages/airflow/example_dags/example_task_group.py
[2022-06-17 12:52:30,906] {logging_mixin.py:115} INFO - [2022-06-17 12:52:30,906] {dag.py:2379} INFO - Sync 1 DAGs
[2022-06-17 12:52:30,921] {logging_mixin.py:115} INFO - [2022-06-17 12:52:30,920] {dag.py:2931} INFO - Setting next_dagrun for example_task_group to 2022-06-16T19:52:30.920779+00:00, run_after=2022-06-17T19:52:30.920779+00:00
[2022-06-17 12:52:31,394] {processor.py:161} INFO - Processing /home/jarret/data-engineering-bootcamp/workspace/airflow-code-review/venv/lib/python3.7/site-packages/airflow/example_dags/example_task_group.py took 0.510 seconds
[2022-06-17 12:53:35,346] {processor.py:153} INFO - Started process (PID=16991) to work on /home/jarret/data-engineering-bootcamp/workspace/airflow-code-review/venv/lib/python3.7/site-packages/airflow/example_dags/example_task_group.py
[2022-06-17 12:53:35,361] {processor.py:641} INFO - Processing file /home/jarret/data-engineering-bootcamp/workspace/airflow-code-review/venv/lib/python3.7/site-packages/airflow/example_dags/example_task_group.py for tasks to queue
[2022-06-17 12:53:35,361] {logging_mixin.py:115} INFO - [2022-06-17 12:53:35,361] {dagbag.py:507} INFO - Filling up the DagBag from /home/jarret/data-engineering-bootcamp/workspace/airflow-code-review/venv/lib/python3.7/site-packages/airflow/example_dags/example_task_group.py
[2022-06-17 12:53:35,366] {processor.py:651} INFO - DAG(s) dict_keys(['example_task_group']) retrieved from /home/jarret/data-engineering-bootcamp/workspace/airflow-code-review/venv/lib/python3.7/site-packages/airflow/example_dags/example_task_group.py
[2022-06-17 12:53:35,377] {logging_mixin.py:115} INFO - [2022-06-17 12:53:35,377] {dag.py:2379} INFO - Sync 1 DAGs
[2022-06-17 12:53:35,392] {logging_mixin.py:115} INFO - [2022-06-17 12:53:35,392] {dag.py:2931} INFO - Setting next_dagrun for example_task_group to 2022-06-16T19:53:35.392326+00:00, run_after=2022-06-17T19:53:35.392326+00:00
[2022-06-17 12:53:36,330] {processor.py:161} INFO - Processing /home/jarret/data-engineering-bootcamp/workspace/airflow-code-review/venv/lib/python3.7/site-packages/airflow/example_dags/example_task_group.py took 0.986 seconds
[2022-06-17 12:54:47,496] {processor.py:153} INFO - Started process (PID=17076) to work on /home/jarret/data-engineering-bootcamp/workspace/airflow-code-review/venv/lib/python3.7/site-packages/airflow/example_dags/example_task_group.py
[2022-06-17 12:54:47,496] {processor.py:641} INFO - Processing file /home/jarret/data-engineering-bootcamp/workspace/airflow-code-review/venv/lib/python3.7/site-packages/airflow/example_dags/example_task_group.py for tasks to queue
[2022-06-17 12:54:47,497] {logging_mixin.py:115} INFO - [2022-06-17 12:54:47,497] {dagbag.py:507} INFO - Filling up the DagBag from /home/jarret/data-engineering-bootcamp/workspace/airflow-code-review/venv/lib/python3.7/site-packages/airflow/example_dags/example_task_group.py
[2022-06-17 12:54:47,501] {processor.py:651} INFO - DAG(s) dict_keys(['example_task_group']) retrieved from /home/jarret/data-engineering-bootcamp/workspace/airflow-code-review/venv/lib/python3.7/site-packages/airflow/example_dags/example_task_group.py
[2022-06-17 12:54:47,513] {logging_mixin.py:115} INFO - [2022-06-17 12:54:47,513] {dag.py:2379} INFO - Sync 1 DAGs
[2022-06-17 12:54:47,528] {logging_mixin.py:115} INFO - [2022-06-17 12:54:47,528] {dag.py:2931} INFO - Setting next_dagrun for example_task_group to 2022-06-16T19:54:47.528491+00:00, run_after=2022-06-17T19:54:47.528491+00:00
[2022-06-17 12:54:49,203] {processor.py:161} INFO - Processing /home/jarret/data-engineering-bootcamp/workspace/airflow-code-review/venv/lib/python3.7/site-packages/airflow/example_dags/example_task_group.py took 1.711 seconds
[2022-06-17 12:55:45,259] {processor.py:153} INFO - Started process (PID=17118) to work on /home/jarret/data-engineering-bootcamp/workspace/airflow-code-review/venv/lib/python3.7/site-packages/airflow/example_dags/example_task_group.py
[2022-06-17 12:55:45,261] {processor.py:641} INFO - Processing file /home/jarret/data-engineering-bootcamp/workspace/airflow-code-review/venv/lib/python3.7/site-packages/airflow/example_dags/example_task_group.py for tasks to queue
[2022-06-17 12:55:45,261] {logging_mixin.py:115} INFO - [2022-06-17 12:55:45,261] {dagbag.py:507} INFO - Filling up the DagBag from /home/jarret/data-engineering-bootcamp/workspace/airflow-code-review/venv/lib/python3.7/site-packages/airflow/example_dags/example_task_group.py
[2022-06-17 12:55:45,266] {processor.py:651} INFO - DAG(s) dict_keys(['example_task_group']) retrieved from /home/jarret/data-engineering-bootcamp/workspace/airflow-code-review/venv/lib/python3.7/site-packages/airflow/example_dags/example_task_group.py
[2022-06-17 12:55:45,278] {logging_mixin.py:115} INFO - [2022-06-17 12:55:45,278] {dag.py:2379} INFO - Sync 1 DAGs
[2022-06-17 12:55:45,293] {logging_mixin.py:115} INFO - [2022-06-17 12:55:45,293] {dag.py:2931} INFO - Setting next_dagrun for example_task_group to 2022-06-16T19:55:45.293473+00:00, run_after=2022-06-17T19:55:45.293473+00:00
[2022-06-17 12:55:45,718] {processor.py:161} INFO - Processing /home/jarret/data-engineering-bootcamp/workspace/airflow-code-review/venv/lib/python3.7/site-packages/airflow/example_dags/example_task_group.py took 0.462 seconds
[2022-06-17 12:56:34,508] {processor.py:153} INFO - Started process (PID=17211) to work on /home/jarret/data-engineering-bootcamp/workspace/airflow-code-review/venv/lib/python3.7/site-packages/airflow/example_dags/example_task_group.py
[2022-06-17 12:56:34,534] {processor.py:641} INFO - Processing file /home/jarret/data-engineering-bootcamp/workspace/airflow-code-review/venv/lib/python3.7/site-packages/airflow/example_dags/example_task_group.py for tasks to queue
[2022-06-17 12:56:34,535] {logging_mixin.py:115} INFO - [2022-06-17 12:56:34,535] {dagbag.py:507} INFO - Filling up the DagBag from /home/jarret/data-engineering-bootcamp/workspace/airflow-code-review/venv/lib/python3.7/site-packages/airflow/example_dags/example_task_group.py
[2022-06-17 12:56:34,541] {processor.py:651} INFO - DAG(s) dict_keys(['example_task_group']) retrieved from /home/jarret/data-engineering-bootcamp/workspace/airflow-code-review/venv/lib/python3.7/site-packages/airflow/example_dags/example_task_group.py
[2022-06-17 12:56:34,555] {logging_mixin.py:115} INFO - [2022-06-17 12:56:34,555] {dag.py:2379} INFO - Sync 1 DAGs
[2022-06-17 12:56:34,570] {logging_mixin.py:115} INFO - [2022-06-17 12:56:34,570] {dag.py:2931} INFO - Setting next_dagrun for example_task_group to 2022-06-16T19:56:34.570481+00:00, run_after=2022-06-17T19:56:34.570481+00:00
[2022-06-17 12:56:35,758] {processor.py:161} INFO - Processing /home/jarret/data-engineering-bootcamp/workspace/airflow-code-review/venv/lib/python3.7/site-packages/airflow/example_dags/example_task_group.py took 1.253 seconds
[2022-06-17 12:57:40,683] {processor.py:153} INFO - Started process (PID=17257) to work on /home/jarret/data-engineering-bootcamp/workspace/airflow-code-review/venv/lib/python3.7/site-packages/airflow/example_dags/example_task_group.py
[2022-06-17 12:57:40,715] {processor.py:641} INFO - Processing file /home/jarret/data-engineering-bootcamp/workspace/airflow-code-review/venv/lib/python3.7/site-packages/airflow/example_dags/example_task_group.py for tasks to queue
[2022-06-17 12:57:40,715] {logging_mixin.py:115} INFO - [2022-06-17 12:57:40,715] {dagbag.py:507} INFO - Filling up the DagBag from /home/jarret/data-engineering-bootcamp/workspace/airflow-code-review/venv/lib/python3.7/site-packages/airflow/example_dags/example_task_group.py
[2022-06-17 12:57:40,721] {processor.py:651} INFO - DAG(s) dict_keys(['example_task_group']) retrieved from /home/jarret/data-engineering-bootcamp/workspace/airflow-code-review/venv/lib/python3.7/site-packages/airflow/example_dags/example_task_group.py
[2022-06-17 12:57:40,736] {logging_mixin.py:115} INFO - [2022-06-17 12:57:40,736] {dag.py:2379} INFO - Sync 1 DAGs
[2022-06-17 12:57:40,751] {logging_mixin.py:115} INFO - [2022-06-17 12:57:40,751] {dag.py:2931} INFO - Setting next_dagrun for example_task_group to 2022-06-16T19:57:40.751121+00:00, run_after=2022-06-17T19:57:40.751121+00:00
[2022-06-17 12:57:41,183] {processor.py:161} INFO - Processing /home/jarret/data-engineering-bootcamp/workspace/airflow-code-review/venv/lib/python3.7/site-packages/airflow/example_dags/example_task_group.py took 0.503 seconds
[2022-06-17 12:58:50,534] {processor.py:153} INFO - Started process (PID=17351) to work on /home/jarret/data-engineering-bootcamp/workspace/airflow-code-review/venv/lib/python3.7/site-packages/airflow/example_dags/example_task_group.py
[2022-06-17 12:58:50,543] {processor.py:641} INFO - Processing file /home/jarret/data-engineering-bootcamp/workspace/airflow-code-review/venv/lib/python3.7/site-packages/airflow/example_dags/example_task_group.py for tasks to queue
[2022-06-17 12:58:50,543] {logging_mixin.py:115} INFO - [2022-06-17 12:58:50,543] {dagbag.py:507} INFO - Filling up the DagBag from /home/jarret/data-engineering-bootcamp/workspace/airflow-code-review/venv/lib/python3.7/site-packages/airflow/example_dags/example_task_group.py
[2022-06-17 12:58:50,548] {processor.py:651} INFO - DAG(s) dict_keys(['example_task_group']) retrieved from /home/jarret/data-engineering-bootcamp/workspace/airflow-code-review/venv/lib/python3.7/site-packages/airflow/example_dags/example_task_group.py
[2022-06-17 12:58:50,559] {logging_mixin.py:115} INFO - [2022-06-17 12:58:50,559] {dag.py:2379} INFO - Sync 1 DAGs
[2022-06-17 12:58:50,574] {logging_mixin.py:115} INFO - [2022-06-17 12:58:50,574] {dag.py:2931} INFO - Setting next_dagrun for example_task_group to 2022-06-16T19:58:50.573869+00:00, run_after=2022-06-17T19:58:50.573869+00:00
[2022-06-17 12:58:50,699] {processor.py:161} INFO - Processing /home/jarret/data-engineering-bootcamp/workspace/airflow-code-review/venv/lib/python3.7/site-packages/airflow/example_dags/example_task_group.py took 0.169 seconds
[2022-06-17 12:59:32,451] {processor.py:153} INFO - Started process (PID=17442) to work on /home/jarret/data-engineering-bootcamp/workspace/airflow-code-review/venv/lib/python3.7/site-packages/airflow/example_dags/example_task_group.py
[2022-06-17 12:59:32,458] {processor.py:641} INFO - Processing file /home/jarret/data-engineering-bootcamp/workspace/airflow-code-review/venv/lib/python3.7/site-packages/airflow/example_dags/example_task_group.py for tasks to queue
[2022-06-17 12:59:32,458] {logging_mixin.py:115} INFO - [2022-06-17 12:59:32,458] {dagbag.py:507} INFO - Filling up the DagBag from /home/jarret/data-engineering-bootcamp/workspace/airflow-code-review/venv/lib/python3.7/site-packages/airflow/example_dags/example_task_group.py
[2022-06-17 12:59:32,463] {processor.py:651} INFO - DAG(s) dict_keys(['example_task_group']) retrieved from /home/jarret/data-engineering-bootcamp/workspace/airflow-code-review/venv/lib/python3.7/site-packages/airflow/example_dags/example_task_group.py
[2022-06-17 12:59:32,475] {logging_mixin.py:115} INFO - [2022-06-17 12:59:32,475] {dag.py:2379} INFO - Sync 1 DAGs
[2022-06-17 12:59:32,490] {logging_mixin.py:115} INFO - [2022-06-17 12:59:32,490] {dag.py:2931} INFO - Setting next_dagrun for example_task_group to 2022-06-16T19:59:32.490531+00:00, run_after=2022-06-17T19:59:32.490531+00:00
[2022-06-17 12:59:32,624] {processor.py:161} INFO - Processing /home/jarret/data-engineering-bootcamp/workspace/airflow-code-review/venv/lib/python3.7/site-packages/airflow/example_dags/example_task_group.py took 0.177 seconds
[2022-06-17 13:00:37,311] {processor.py:153} INFO - Started process (PID=17541) to work on /home/jarret/data-engineering-bootcamp/workspace/airflow-code-review/venv/lib/python3.7/site-packages/airflow/example_dags/example_task_group.py
[2022-06-17 13:00:37,345] {processor.py:641} INFO - Processing file /home/jarret/data-engineering-bootcamp/workspace/airflow-code-review/venv/lib/python3.7/site-packages/airflow/example_dags/example_task_group.py for tasks to queue
[2022-06-17 13:00:37,346] {logging_mixin.py:115} INFO - [2022-06-17 13:00:37,345] {dagbag.py:507} INFO - Filling up the DagBag from /home/jarret/data-engineering-bootcamp/workspace/airflow-code-review/venv/lib/python3.7/site-packages/airflow/example_dags/example_task_group.py
[2022-06-17 13:00:37,356] {processor.py:651} INFO - DAG(s) dict_keys(['example_task_group']) retrieved from /home/jarret/data-engineering-bootcamp/workspace/airflow-code-review/venv/lib/python3.7/site-packages/airflow/example_dags/example_task_group.py
[2022-06-17 13:00:37,369] {logging_mixin.py:115} INFO - [2022-06-17 13:00:37,369] {dag.py:2379} INFO - Sync 1 DAGs
[2022-06-17 13:00:37,384] {logging_mixin.py:115} INFO - [2022-06-17 13:00:37,384] {dag.py:2931} INFO - Setting next_dagrun for example_task_group to 2022-06-16T20:00:37.384546+00:00, run_after=2022-06-17T20:00:37.384546+00:00
[2022-06-17 13:00:37,524] {processor.py:161} INFO - Processing /home/jarret/data-engineering-bootcamp/workspace/airflow-code-review/venv/lib/python3.7/site-packages/airflow/example_dags/example_task_group.py took 0.216 seconds
[2022-06-17 13:01:38,063] {processor.py:153} INFO - Started process (PID=17640) to work on /home/jarret/data-engineering-bootcamp/workspace/airflow-code-review/venv/lib/python3.7/site-packages/airflow/example_dags/example_task_group.py
[2022-06-17 13:01:38,074] {processor.py:641} INFO - Processing file /home/jarret/data-engineering-bootcamp/workspace/airflow-code-review/venv/lib/python3.7/site-packages/airflow/example_dags/example_task_group.py for tasks to queue
[2022-06-17 13:01:38,075] {logging_mixin.py:115} INFO - [2022-06-17 13:01:38,075] {dagbag.py:507} INFO - Filling up the DagBag from /home/jarret/data-engineering-bootcamp/workspace/airflow-code-review/venv/lib/python3.7/site-packages/airflow/example_dags/example_task_group.py
[2022-06-17 13:01:38,082] {processor.py:651} INFO - DAG(s) dict_keys(['example_task_group']) retrieved from /home/jarret/data-engineering-bootcamp/workspace/airflow-code-review/venv/lib/python3.7/site-packages/airflow/example_dags/example_task_group.py
[2022-06-17 13:01:38,094] {logging_mixin.py:115} INFO - [2022-06-17 13:01:38,094] {dag.py:2379} INFO - Sync 1 DAGs
[2022-06-17 13:01:38,109] {logging_mixin.py:115} INFO - [2022-06-17 13:01:38,108] {dag.py:2931} INFO - Setting next_dagrun for example_task_group to 2022-06-16T20:01:38.108760+00:00, run_after=2022-06-17T20:01:38.108760+00:00
[2022-06-17 13:01:38,527] {processor.py:161} INFO - Processing /home/jarret/data-engineering-bootcamp/workspace/airflow-code-review/venv/lib/python3.7/site-packages/airflow/example_dags/example_task_group.py took 0.467 seconds
[2022-06-17 13:02:24,879] {processor.py:153} INFO - Started process (PID=17734) to work on /home/jarret/data-engineering-bootcamp/workspace/airflow-code-review/venv/lib/python3.7/site-packages/airflow/example_dags/example_task_group.py
[2022-06-17 13:02:24,935] {processor.py:641} INFO - Processing file /home/jarret/data-engineering-bootcamp/workspace/airflow-code-review/venv/lib/python3.7/site-packages/airflow/example_dags/example_task_group.py for tasks to queue
[2022-06-17 13:02:24,936] {logging_mixin.py:115} INFO - [2022-06-17 13:02:24,936] {dagbag.py:507} INFO - Filling up the DagBag from /home/jarret/data-engineering-bootcamp/workspace/airflow-code-review/venv/lib/python3.7/site-packages/airflow/example_dags/example_task_group.py
[2022-06-17 13:02:24,944] {processor.py:651} INFO - DAG(s) dict_keys(['example_task_group']) retrieved from /home/jarret/data-engineering-bootcamp/workspace/airflow-code-review/venv/lib/python3.7/site-packages/airflow/example_dags/example_task_group.py
[2022-06-17 13:02:24,956] {logging_mixin.py:115} INFO - [2022-06-17 13:02:24,955] {dag.py:2379} INFO - Sync 1 DAGs
[2022-06-17 13:02:24,970] {logging_mixin.py:115} INFO - [2022-06-17 13:02:24,970] {dag.py:2931} INFO - Setting next_dagrun for example_task_group to 2022-06-16T20:02:24.970478+00:00, run_after=2022-06-17T20:02:24.970478+00:00
[2022-06-17 13:02:25,091] {processor.py:161} INFO - Processing /home/jarret/data-engineering-bootcamp/workspace/airflow-code-review/venv/lib/python3.7/site-packages/airflow/example_dags/example_task_group.py took 0.216 seconds
[2022-06-17 13:03:45,530] {processor.py:153} INFO - Started process (PID=17883) to work on /home/jarret/data-engineering-bootcamp/workspace/airflow-code-review/venv/lib/python3.7/site-packages/airflow/example_dags/example_task_group.py
[2022-06-17 13:03:45,532] {processor.py:641} INFO - Processing file /home/jarret/data-engineering-bootcamp/workspace/airflow-code-review/venv/lib/python3.7/site-packages/airflow/example_dags/example_task_group.py for tasks to queue
[2022-06-17 13:03:45,532] {logging_mixin.py:115} INFO - [2022-06-17 13:03:45,532] {dagbag.py:507} INFO - Filling up the DagBag from /home/jarret/data-engineering-bootcamp/workspace/airflow-code-review/venv/lib/python3.7/site-packages/airflow/example_dags/example_task_group.py
[2022-06-17 13:03:45,539] {processor.py:651} INFO - DAG(s) dict_keys(['example_task_group']) retrieved from /home/jarret/data-engineering-bootcamp/workspace/airflow-code-review/venv/lib/python3.7/site-packages/airflow/example_dags/example_task_group.py
[2022-06-17 13:03:45,551] {logging_mixin.py:115} INFO - [2022-06-17 13:03:45,551] {dag.py:2379} INFO - Sync 1 DAGs
[2022-06-17 13:03:45,567] {logging_mixin.py:115} INFO - [2022-06-17 13:03:45,567] {dag.py:2931} INFO - Setting next_dagrun for example_task_group to 2022-06-16T20:03:45.566853+00:00, run_after=2022-06-17T20:03:45.566853+00:00
[2022-06-17 13:03:46,875] {processor.py:161} INFO - Processing /home/jarret/data-engineering-bootcamp/workspace/airflow-code-review/venv/lib/python3.7/site-packages/airflow/example_dags/example_task_group.py took 1.348 seconds
[2022-06-17 13:04:47,807] {processor.py:153} INFO - Started process (PID=17976) to work on /home/jarret/data-engineering-bootcamp/workspace/airflow-code-review/venv/lib/python3.7/site-packages/airflow/example_dags/example_task_group.py
[2022-06-17 13:04:47,830] {processor.py:641} INFO - Processing file /home/jarret/data-engineering-bootcamp/workspace/airflow-code-review/venv/lib/python3.7/site-packages/airflow/example_dags/example_task_group.py for tasks to queue
[2022-06-17 13:04:47,831] {logging_mixin.py:115} INFO - [2022-06-17 13:04:47,831] {dagbag.py:507} INFO - Filling up the DagBag from /home/jarret/data-engineering-bootcamp/workspace/airflow-code-review/venv/lib/python3.7/site-packages/airflow/example_dags/example_task_group.py
[2022-06-17 13:04:47,837] {processor.py:651} INFO - DAG(s) dict_keys(['example_task_group']) retrieved from /home/jarret/data-engineering-bootcamp/workspace/airflow-code-review/venv/lib/python3.7/site-packages/airflow/example_dags/example_task_group.py
[2022-06-17 13:04:47,850] {logging_mixin.py:115} INFO - [2022-06-17 13:04:47,850] {dag.py:2379} INFO - Sync 1 DAGs
[2022-06-17 13:04:47,866] {logging_mixin.py:115} INFO - [2022-06-17 13:04:47,866] {dag.py:2931} INFO - Setting next_dagrun for example_task_group to 2022-06-16T20:04:47.865869+00:00, run_after=2022-06-17T20:04:47.865869+00:00
[2022-06-17 13:04:48,113] {processor.py:161} INFO - Processing /home/jarret/data-engineering-bootcamp/workspace/airflow-code-review/venv/lib/python3.7/site-packages/airflow/example_dags/example_task_group.py took 0.308 seconds
[2022-06-17 13:05:37,329] {processor.py:153} INFO - Started process (PID=18016) to work on /home/jarret/data-engineering-bootcamp/workspace/airflow-code-review/venv/lib/python3.7/site-packages/airflow/example_dags/example_task_group.py
[2022-06-17 13:05:37,330] {processor.py:641} INFO - Processing file /home/jarret/data-engineering-bootcamp/workspace/airflow-code-review/venv/lib/python3.7/site-packages/airflow/example_dags/example_task_group.py for tasks to queue
[2022-06-17 13:05:37,331] {logging_mixin.py:115} INFO - [2022-06-17 13:05:37,331] {dagbag.py:507} INFO - Filling up the DagBag from /home/jarret/data-engineering-bootcamp/workspace/airflow-code-review/venv/lib/python3.7/site-packages/airflow/example_dags/example_task_group.py
[2022-06-17 13:05:37,341] {processor.py:651} INFO - DAG(s) dict_keys(['example_task_group']) retrieved from /home/jarret/data-engineering-bootcamp/workspace/airflow-code-review/venv/lib/python3.7/site-packages/airflow/example_dags/example_task_group.py
[2022-06-17 13:05:37,357] {logging_mixin.py:115} INFO - [2022-06-17 13:05:37,356] {dag.py:2379} INFO - Sync 1 DAGs
[2022-06-17 13:05:37,372] {logging_mixin.py:115} INFO - [2022-06-17 13:05:37,372] {dag.py:2931} INFO - Setting next_dagrun for example_task_group to 2022-06-16T20:05:37.372253+00:00, run_after=2022-06-17T20:05:37.372253+00:00
[2022-06-17 13:05:37,804] {processor.py:161} INFO - Processing /home/jarret/data-engineering-bootcamp/workspace/airflow-code-review/venv/lib/python3.7/site-packages/airflow/example_dags/example_task_group.py took 0.478 seconds
[2022-06-17 13:06:38,196] {processor.py:153} INFO - Started process (PID=18078) to work on /home/jarret/data-engineering-bootcamp/workspace/airflow-code-review/venv/lib/python3.7/site-packages/airflow/example_dags/example_task_group.py
[2022-06-17 13:06:38,205] {processor.py:641} INFO - Processing file /home/jarret/data-engineering-bootcamp/workspace/airflow-code-review/venv/lib/python3.7/site-packages/airflow/example_dags/example_task_group.py for tasks to queue
[2022-06-17 13:06:38,205] {logging_mixin.py:115} INFO - [2022-06-17 13:06:38,205] {dagbag.py:507} INFO - Filling up the DagBag from /home/jarret/data-engineering-bootcamp/workspace/airflow-code-review/venv/lib/python3.7/site-packages/airflow/example_dags/example_task_group.py
[2022-06-17 13:06:38,210] {processor.py:651} INFO - DAG(s) dict_keys(['example_task_group']) retrieved from /home/jarret/data-engineering-bootcamp/workspace/airflow-code-review/venv/lib/python3.7/site-packages/airflow/example_dags/example_task_group.py
[2022-06-17 13:06:38,221] {logging_mixin.py:115} INFO - [2022-06-17 13:06:38,221] {dag.py:2379} INFO - Sync 1 DAGs
[2022-06-17 13:06:38,238] {logging_mixin.py:115} INFO - [2022-06-17 13:06:38,238] {dag.py:2931} INFO - Setting next_dagrun for example_task_group to 2022-06-16T20:06:38.237946+00:00, run_after=2022-06-17T20:06:38.237946+00:00
[2022-06-17 13:06:39,313] {processor.py:161} INFO - Processing /home/jarret/data-engineering-bootcamp/workspace/airflow-code-review/venv/lib/python3.7/site-packages/airflow/example_dags/example_task_group.py took 1.120 seconds
[2022-06-17 13:07:31,236] {processor.py:153} INFO - Started process (PID=18189) to work on /home/jarret/data-engineering-bootcamp/workspace/airflow-code-review/venv/lib/python3.7/site-packages/airflow/example_dags/example_task_group.py
[2022-06-17 13:07:31,273] {processor.py:641} INFO - Processing file /home/jarret/data-engineering-bootcamp/workspace/airflow-code-review/venv/lib/python3.7/site-packages/airflow/example_dags/example_task_group.py for tasks to queue
[2022-06-17 13:07:31,274] {logging_mixin.py:115} INFO - [2022-06-17 13:07:31,274] {dagbag.py:507} INFO - Filling up the DagBag from /home/jarret/data-engineering-bootcamp/workspace/airflow-code-review/venv/lib/python3.7/site-packages/airflow/example_dags/example_task_group.py
[2022-06-17 13:07:31,284] {processor.py:651} INFO - DAG(s) dict_keys(['example_task_group']) retrieved from /home/jarret/data-engineering-bootcamp/workspace/airflow-code-review/venv/lib/python3.7/site-packages/airflow/example_dags/example_task_group.py
[2022-06-17 13:07:31,298] {logging_mixin.py:115} INFO - [2022-06-17 13:07:31,298] {dag.py:2379} INFO - Sync 1 DAGs
[2022-06-17 13:07:31,315] {logging_mixin.py:115} INFO - [2022-06-17 13:07:31,315] {dag.py:2931} INFO - Setting next_dagrun for example_task_group to 2022-06-16T20:07:31.315100+00:00, run_after=2022-06-17T20:07:31.315100+00:00
[2022-06-17 13:07:31,444] {processor.py:161} INFO - Processing /home/jarret/data-engineering-bootcamp/workspace/airflow-code-review/venv/lib/python3.7/site-packages/airflow/example_dags/example_task_group.py took 0.212 seconds
[2022-06-17 13:08:21,734] {processor.py:153} INFO - Started process (PID=18295) to work on /home/jarret/data-engineering-bootcamp/workspace/airflow-code-review/venv/lib/python3.7/site-packages/airflow/example_dags/example_task_group.py
[2022-06-17 13:08:21,735] {processor.py:641} INFO - Processing file /home/jarret/data-engineering-bootcamp/workspace/airflow-code-review/venv/lib/python3.7/site-packages/airflow/example_dags/example_task_group.py for tasks to queue
[2022-06-17 13:08:21,735] {logging_mixin.py:115} INFO - [2022-06-17 13:08:21,735] {dagbag.py:507} INFO - Filling up the DagBag from /home/jarret/data-engineering-bootcamp/workspace/airflow-code-review/venv/lib/python3.7/site-packages/airflow/example_dags/example_task_group.py
[2022-06-17 13:08:21,739] {processor.py:651} INFO - DAG(s) dict_keys(['example_task_group']) retrieved from /home/jarret/data-engineering-bootcamp/workspace/airflow-code-review/venv/lib/python3.7/site-packages/airflow/example_dags/example_task_group.py
[2022-06-17 13:08:21,751] {logging_mixin.py:115} INFO - [2022-06-17 13:08:21,751] {dag.py:2379} INFO - Sync 1 DAGs
[2022-06-17 13:08:21,768] {logging_mixin.py:115} INFO - [2022-06-17 13:08:21,768] {dag.py:2931} INFO - Setting next_dagrun for example_task_group to 2022-06-16T20:08:21.768041+00:00, run_after=2022-06-17T20:08:21.768041+00:00
[2022-06-17 13:08:22,000] {processor.py:161} INFO - Processing /home/jarret/data-engineering-bootcamp/workspace/airflow-code-review/venv/lib/python3.7/site-packages/airflow/example_dags/example_task_group.py took 0.270 seconds
[2022-06-17 13:09:01,223] {processor.py:153} INFO - Started process (PID=18380) to work on /home/jarret/data-engineering-bootcamp/workspace/airflow-code-review/venv/lib/python3.7/site-packages/airflow/example_dags/example_task_group.py
[2022-06-17 13:09:01,225] {processor.py:641} INFO - Processing file /home/jarret/data-engineering-bootcamp/workspace/airflow-code-review/venv/lib/python3.7/site-packages/airflow/example_dags/example_task_group.py for tasks to queue
[2022-06-17 13:09:01,226] {logging_mixin.py:115} INFO - [2022-06-17 13:09:01,226] {dagbag.py:507} INFO - Filling up the DagBag from /home/jarret/data-engineering-bootcamp/workspace/airflow-code-review/venv/lib/python3.7/site-packages/airflow/example_dags/example_task_group.py
[2022-06-17 13:09:01,235] {processor.py:651} INFO - DAG(s) dict_keys(['example_task_group']) retrieved from /home/jarret/data-engineering-bootcamp/workspace/airflow-code-review/venv/lib/python3.7/site-packages/airflow/example_dags/example_task_group.py
[2022-06-17 13:09:01,252] {logging_mixin.py:115} INFO - [2022-06-17 13:09:01,252] {dag.py:2379} INFO - Sync 1 DAGs
[2022-06-17 13:09:01,270] {logging_mixin.py:115} INFO - [2022-06-17 13:09:01,270] {dag.py:2931} INFO - Setting next_dagrun for example_task_group to 2022-06-16T20:09:01.270114+00:00, run_after=2022-06-17T20:09:01.270114+00:00
[2022-06-17 13:09:01,568] {processor.py:161} INFO - Processing /home/jarret/data-engineering-bootcamp/workspace/airflow-code-review/venv/lib/python3.7/site-packages/airflow/example_dags/example_task_group.py took 0.349 seconds
[2022-06-17 13:09:40,516] {processor.py:153} INFO - Started process (PID=18456) to work on /home/jarret/data-engineering-bootcamp/workspace/airflow-code-review/venv/lib/python3.7/site-packages/airflow/example_dags/example_task_group.py
[2022-06-17 13:09:40,542] {processor.py:641} INFO - Processing file /home/jarret/data-engineering-bootcamp/workspace/airflow-code-review/venv/lib/python3.7/site-packages/airflow/example_dags/example_task_group.py for tasks to queue
[2022-06-17 13:09:40,542] {logging_mixin.py:115} INFO - [2022-06-17 13:09:40,542] {dagbag.py:507} INFO - Filling up the DagBag from /home/jarret/data-engineering-bootcamp/workspace/airflow-code-review/venv/lib/python3.7/site-packages/airflow/example_dags/example_task_group.py
[2022-06-17 13:09:40,546] {processor.py:651} INFO - DAG(s) dict_keys(['example_task_group']) retrieved from /home/jarret/data-engineering-bootcamp/workspace/airflow-code-review/venv/lib/python3.7/site-packages/airflow/example_dags/example_task_group.py
[2022-06-17 13:09:40,558] {logging_mixin.py:115} INFO - [2022-06-17 13:09:40,558] {dag.py:2379} INFO - Sync 1 DAGs
[2022-06-17 13:09:40,574] {logging_mixin.py:115} INFO - [2022-06-17 13:09:40,574] {dag.py:2931} INFO - Setting next_dagrun for example_task_group to 2022-06-16T20:09:40.574644+00:00, run_after=2022-06-17T20:09:40.574644+00:00
[2022-06-17 13:09:42,029] {processor.py:161} INFO - Processing /home/jarret/data-engineering-bootcamp/workspace/airflow-code-review/venv/lib/python3.7/site-packages/airflow/example_dags/example_task_group.py took 1.515 seconds
[2022-06-17 13:10:32,098] {processor.py:153} INFO - Started process (PID=18527) to work on /home/jarret/data-engineering-bootcamp/workspace/airflow-code-review/venv/lib/python3.7/site-packages/airflow/example_dags/example_task_group.py
[2022-06-17 13:10:32,134] {processor.py:641} INFO - Processing file /home/jarret/data-engineering-bootcamp/workspace/airflow-code-review/venv/lib/python3.7/site-packages/airflow/example_dags/example_task_group.py for tasks to queue
[2022-06-17 13:10:32,135] {logging_mixin.py:115} INFO - [2022-06-17 13:10:32,135] {dagbag.py:507} INFO - Filling up the DagBag from /home/jarret/data-engineering-bootcamp/workspace/airflow-code-review/venv/lib/python3.7/site-packages/airflow/example_dags/example_task_group.py
[2022-06-17 13:10:32,146] {processor.py:651} INFO - DAG(s) dict_keys(['example_task_group']) retrieved from /home/jarret/data-engineering-bootcamp/workspace/airflow-code-review/venv/lib/python3.7/site-packages/airflow/example_dags/example_task_group.py
[2022-06-17 13:10:32,158] {logging_mixin.py:115} INFO - [2022-06-17 13:10:32,158] {dag.py:2379} INFO - Sync 1 DAGs
[2022-06-17 13:10:32,175] {logging_mixin.py:115} INFO - [2022-06-17 13:10:32,174] {dag.py:2931} INFO - Setting next_dagrun for example_task_group to 2022-06-16T20:10:32.174721+00:00, run_after=2022-06-17T20:10:32.174721+00:00
[2022-06-17 13:10:33,625] {processor.py:161} INFO - Processing /home/jarret/data-engineering-bootcamp/workspace/airflow-code-review/venv/lib/python3.7/site-packages/airflow/example_dags/example_task_group.py took 1.530 seconds
[2022-06-17 13:11:27,647] {processor.py:153} INFO - Started process (PID=18640) to work on /home/jarret/data-engineering-bootcamp/workspace/airflow-code-review/venv/lib/python3.7/site-packages/airflow/example_dags/example_task_group.py
[2022-06-17 13:11:27,653] {processor.py:641} INFO - Processing file /home/jarret/data-engineering-bootcamp/workspace/airflow-code-review/venv/lib/python3.7/site-packages/airflow/example_dags/example_task_group.py for tasks to queue
[2022-06-17 13:11:27,654] {logging_mixin.py:115} INFO - [2022-06-17 13:11:27,654] {dagbag.py:507} INFO - Filling up the DagBag from /home/jarret/data-engineering-bootcamp/workspace/airflow-code-review/venv/lib/python3.7/site-packages/airflow/example_dags/example_task_group.py
[2022-06-17 13:11:27,660] {processor.py:651} INFO - DAG(s) dict_keys(['example_task_group']) retrieved from /home/jarret/data-engineering-bootcamp/workspace/airflow-code-review/venv/lib/python3.7/site-packages/airflow/example_dags/example_task_group.py
[2022-06-17 13:11:27,672] {logging_mixin.py:115} INFO - [2022-06-17 13:11:27,672] {dag.py:2379} INFO - Sync 1 DAGs
[2022-06-17 13:11:27,689] {logging_mixin.py:115} INFO - [2022-06-17 13:11:27,689] {dag.py:2931} INFO - Setting next_dagrun for example_task_group to 2022-06-16T20:11:27.689376+00:00, run_after=2022-06-17T20:11:27.689376+00:00
[2022-06-17 13:11:27,812] {processor.py:161} INFO - Processing /home/jarret/data-engineering-bootcamp/workspace/airflow-code-review/venv/lib/python3.7/site-packages/airflow/example_dags/example_task_group.py took 0.168 seconds
[2022-06-17 13:12:16,539] {processor.py:153} INFO - Started process (PID=18736) to work on /home/jarret/data-engineering-bootcamp/workspace/airflow-code-review/venv/lib/python3.7/site-packages/airflow/example_dags/example_task_group.py
[2022-06-17 13:12:16,550] {processor.py:641} INFO - Processing file /home/jarret/data-engineering-bootcamp/workspace/airflow-code-review/venv/lib/python3.7/site-packages/airflow/example_dags/example_task_group.py for tasks to queue
[2022-06-17 13:12:16,551] {logging_mixin.py:115} INFO - [2022-06-17 13:12:16,550] {dagbag.py:507} INFO - Filling up the DagBag from /home/jarret/data-engineering-bootcamp/workspace/airflow-code-review/venv/lib/python3.7/site-packages/airflow/example_dags/example_task_group.py
[2022-06-17 13:12:16,560] {processor.py:651} INFO - DAG(s) dict_keys(['example_task_group']) retrieved from /home/jarret/data-engineering-bootcamp/workspace/airflow-code-review/venv/lib/python3.7/site-packages/airflow/example_dags/example_task_group.py
[2022-06-17 13:12:16,571] {logging_mixin.py:115} INFO - [2022-06-17 13:12:16,571] {dag.py:2379} INFO - Sync 1 DAGs
[2022-06-17 13:12:16,587] {logging_mixin.py:115} INFO - [2022-06-17 13:12:16,587] {dag.py:2931} INFO - Setting next_dagrun for example_task_group to 2022-06-16T20:12:16.587664+00:00, run_after=2022-06-17T20:12:16.587664+00:00
[2022-06-17 13:12:18,445] {processor.py:161} INFO - Processing /home/jarret/data-engineering-bootcamp/workspace/airflow-code-review/venv/lib/python3.7/site-packages/airflow/example_dags/example_task_group.py took 1.910 seconds
[2022-06-17 13:13:01,940] {processor.py:153} INFO - Started process (PID=18828) to work on /home/jarret/data-engineering-bootcamp/workspace/airflow-code-review/venv/lib/python3.7/site-packages/airflow/example_dags/example_task_group.py
[2022-06-17 13:13:01,952] {processor.py:641} INFO - Processing file /home/jarret/data-engineering-bootcamp/workspace/airflow-code-review/venv/lib/python3.7/site-packages/airflow/example_dags/example_task_group.py for tasks to queue
[2022-06-17 13:13:01,952] {logging_mixin.py:115} INFO - [2022-06-17 13:13:01,952] {dagbag.py:507} INFO - Filling up the DagBag from /home/jarret/data-engineering-bootcamp/workspace/airflow-code-review/venv/lib/python3.7/site-packages/airflow/example_dags/example_task_group.py
[2022-06-17 13:13:01,959] {processor.py:651} INFO - DAG(s) dict_keys(['example_task_group']) retrieved from /home/jarret/data-engineering-bootcamp/workspace/airflow-code-review/venv/lib/python3.7/site-packages/airflow/example_dags/example_task_group.py
[2022-06-17 13:13:01,972] {logging_mixin.py:115} INFO - [2022-06-17 13:13:01,972] {dag.py:2379} INFO - Sync 1 DAGs
[2022-06-17 13:13:01,989] {logging_mixin.py:115} INFO - [2022-06-17 13:13:01,989] {dag.py:2931} INFO - Setting next_dagrun for example_task_group to 2022-06-16T20:13:01.989172+00:00, run_after=2022-06-17T20:13:01.989172+00:00
[2022-06-17 13:13:02,661] {processor.py:161} INFO - Processing /home/jarret/data-engineering-bootcamp/workspace/airflow-code-review/venv/lib/python3.7/site-packages/airflow/example_dags/example_task_group.py took 0.724 seconds
[2022-06-17 13:13:59,742] {processor.py:153} INFO - Started process (PID=18921) to work on /home/jarret/data-engineering-bootcamp/workspace/airflow-code-review/venv/lib/python3.7/site-packages/airflow/example_dags/example_task_group.py
[2022-06-17 13:13:59,743] {processor.py:641} INFO - Processing file /home/jarret/data-engineering-bootcamp/workspace/airflow-code-review/venv/lib/python3.7/site-packages/airflow/example_dags/example_task_group.py for tasks to queue
[2022-06-17 13:13:59,744] {logging_mixin.py:115} INFO - [2022-06-17 13:13:59,744] {dagbag.py:507} INFO - Filling up the DagBag from /home/jarret/data-engineering-bootcamp/workspace/airflow-code-review/venv/lib/python3.7/site-packages/airflow/example_dags/example_task_group.py
[2022-06-17 13:13:59,750] {processor.py:651} INFO - DAG(s) dict_keys(['example_task_group']) retrieved from /home/jarret/data-engineering-bootcamp/workspace/airflow-code-review/venv/lib/python3.7/site-packages/airflow/example_dags/example_task_group.py
[2022-06-17 13:13:59,761] {logging_mixin.py:115} INFO - [2022-06-17 13:13:59,761] {dag.py:2379} INFO - Sync 1 DAGs
[2022-06-17 13:13:59,777] {logging_mixin.py:115} INFO - [2022-06-17 13:13:59,777] {dag.py:2931} INFO - Setting next_dagrun for example_task_group to 2022-06-16T20:13:59.777245+00:00, run_after=2022-06-17T20:13:59.777245+00:00
[2022-06-17 13:13:59,897] {processor.py:161} INFO - Processing /home/jarret/data-engineering-bootcamp/workspace/airflow-code-review/venv/lib/python3.7/site-packages/airflow/example_dags/example_task_group.py took 0.158 seconds
[2022-06-17 13:14:48,706] {processor.py:153} INFO - Started process (PID=18974) to work on /home/jarret/data-engineering-bootcamp/workspace/airflow-code-review/venv/lib/python3.7/site-packages/airflow/example_dags/example_task_group.py
[2022-06-17 13:14:48,729] {processor.py:641} INFO - Processing file /home/jarret/data-engineering-bootcamp/workspace/airflow-code-review/venv/lib/python3.7/site-packages/airflow/example_dags/example_task_group.py for tasks to queue
[2022-06-17 13:14:48,729] {logging_mixin.py:115} INFO - [2022-06-17 13:14:48,729] {dagbag.py:507} INFO - Filling up the DagBag from /home/jarret/data-engineering-bootcamp/workspace/airflow-code-review/venv/lib/python3.7/site-packages/airflow/example_dags/example_task_group.py
[2022-06-17 13:14:48,736] {processor.py:651} INFO - DAG(s) dict_keys(['example_task_group']) retrieved from /home/jarret/data-engineering-bootcamp/workspace/airflow-code-review/venv/lib/python3.7/site-packages/airflow/example_dags/example_task_group.py
[2022-06-17 13:14:48,748] {logging_mixin.py:115} INFO - [2022-06-17 13:14:48,748] {dag.py:2379} INFO - Sync 1 DAGs
[2022-06-17 13:14:48,765] {logging_mixin.py:115} INFO - [2022-06-17 13:14:48,765] {dag.py:2931} INFO - Setting next_dagrun for example_task_group to 2022-06-16T20:14:48.764829+00:00, run_after=2022-06-17T20:14:48.764829+00:00
[2022-06-17 13:14:49,346] {processor.py:161} INFO - Processing /home/jarret/data-engineering-bootcamp/workspace/airflow-code-review/venv/lib/python3.7/site-packages/airflow/example_dags/example_task_group.py took 0.644 seconds
[2022-06-17 13:15:40,880] {processor.py:153} INFO - Started process (PID=19019) to work on /home/jarret/data-engineering-bootcamp/workspace/airflow-code-review/venv/lib/python3.7/site-packages/airflow/example_dags/example_task_group.py
[2022-06-17 13:15:40,887] {processor.py:641} INFO - Processing file /home/jarret/data-engineering-bootcamp/workspace/airflow-code-review/venv/lib/python3.7/site-packages/airflow/example_dags/example_task_group.py for tasks to queue
[2022-06-17 13:15:40,888] {logging_mixin.py:115} INFO - [2022-06-17 13:15:40,888] {dagbag.py:507} INFO - Filling up the DagBag from /home/jarret/data-engineering-bootcamp/workspace/airflow-code-review/venv/lib/python3.7/site-packages/airflow/example_dags/example_task_group.py
[2022-06-17 13:15:40,893] {processor.py:651} INFO - DAG(s) dict_keys(['example_task_group']) retrieved from /home/jarret/data-engineering-bootcamp/workspace/airflow-code-review/venv/lib/python3.7/site-packages/airflow/example_dags/example_task_group.py
[2022-06-17 13:15:40,905] {logging_mixin.py:115} INFO - [2022-06-17 13:15:40,905] {dag.py:2379} INFO - Sync 1 DAGs
[2022-06-17 13:15:40,924] {logging_mixin.py:115} INFO - [2022-06-17 13:15:40,924] {dag.py:2931} INFO - Setting next_dagrun for example_task_group to 2022-06-16T20:15:40.923906+00:00, run_after=2022-06-17T20:15:40.923906+00:00
[2022-06-17 13:15:41,113] {processor.py:161} INFO - Processing /home/jarret/data-engineering-bootcamp/workspace/airflow-code-review/venv/lib/python3.7/site-packages/airflow/example_dags/example_task_group.py took 0.236 seconds
[2022-06-17 13:16:25,509] {processor.py:153} INFO - Started process (PID=19060) to work on /home/jarret/data-engineering-bootcamp/workspace/airflow-code-review/venv/lib/python3.7/site-packages/airflow/example_dags/example_task_group.py
[2022-06-17 13:16:25,510] {processor.py:641} INFO - Processing file /home/jarret/data-engineering-bootcamp/workspace/airflow-code-review/venv/lib/python3.7/site-packages/airflow/example_dags/example_task_group.py for tasks to queue
[2022-06-17 13:16:25,511] {logging_mixin.py:115} INFO - [2022-06-17 13:16:25,511] {dagbag.py:507} INFO - Filling up the DagBag from /home/jarret/data-engineering-bootcamp/workspace/airflow-code-review/venv/lib/python3.7/site-packages/airflow/example_dags/example_task_group.py
[2022-06-17 13:16:25,519] {processor.py:651} INFO - DAG(s) dict_keys(['example_task_group']) retrieved from /home/jarret/data-engineering-bootcamp/workspace/airflow-code-review/venv/lib/python3.7/site-packages/airflow/example_dags/example_task_group.py
[2022-06-17 13:16:25,531] {logging_mixin.py:115} INFO - [2022-06-17 13:16:25,531] {dag.py:2379} INFO - Sync 1 DAGs
[2022-06-17 13:16:25,548] {logging_mixin.py:115} INFO - [2022-06-17 13:16:25,548] {dag.py:2931} INFO - Setting next_dagrun for example_task_group to 2022-06-16T20:16:25.548155+00:00, run_after=2022-06-17T20:16:25.548155+00:00
[2022-06-17 13:16:25,684] {processor.py:161} INFO - Processing /home/jarret/data-engineering-bootcamp/workspace/airflow-code-review/venv/lib/python3.7/site-packages/airflow/example_dags/example_task_group.py took 0.178 seconds
[2022-06-17 13:17:14,578] {processor.py:153} INFO - Started process (PID=19102) to work on /home/jarret/data-engineering-bootcamp/workspace/airflow-code-review/venv/lib/python3.7/site-packages/airflow/example_dags/example_task_group.py
[2022-06-17 13:17:14,591] {processor.py:641} INFO - Processing file /home/jarret/data-engineering-bootcamp/workspace/airflow-code-review/venv/lib/python3.7/site-packages/airflow/example_dags/example_task_group.py for tasks to queue
[2022-06-17 13:17:14,591] {logging_mixin.py:115} INFO - [2022-06-17 13:17:14,591] {dagbag.py:507} INFO - Filling up the DagBag from /home/jarret/data-engineering-bootcamp/workspace/airflow-code-review/venv/lib/python3.7/site-packages/airflow/example_dags/example_task_group.py
[2022-06-17 13:17:14,596] {processor.py:651} INFO - DAG(s) dict_keys(['example_task_group']) retrieved from /home/jarret/data-engineering-bootcamp/workspace/airflow-code-review/venv/lib/python3.7/site-packages/airflow/example_dags/example_task_group.py
[2022-06-17 13:17:14,608] {logging_mixin.py:115} INFO - [2022-06-17 13:17:14,608] {dag.py:2379} INFO - Sync 1 DAGs
[2022-06-17 13:17:14,626] {logging_mixin.py:115} INFO - [2022-06-17 13:17:14,626] {dag.py:2931} INFO - Setting next_dagrun for example_task_group to 2022-06-16T20:17:14.626363+00:00, run_after=2022-06-17T20:17:14.626363+00:00
[2022-06-17 13:17:14,758] {processor.py:161} INFO - Processing /home/jarret/data-engineering-bootcamp/workspace/airflow-code-review/venv/lib/python3.7/site-packages/airflow/example_dags/example_task_group.py took 0.182 seconds
[2022-06-17 13:17:57,209] {processor.py:153} INFO - Started process (PID=19160) to work on /home/jarret/data-engineering-bootcamp/workspace/airflow-code-review/venv/lib/python3.7/site-packages/airflow/example_dags/example_task_group.py
[2022-06-17 13:17:57,222] {processor.py:641} INFO - Processing file /home/jarret/data-engineering-bootcamp/workspace/airflow-code-review/venv/lib/python3.7/site-packages/airflow/example_dags/example_task_group.py for tasks to queue
[2022-06-17 13:17:57,223] {logging_mixin.py:115} INFO - [2022-06-17 13:17:57,223] {dagbag.py:507} INFO - Filling up the DagBag from /home/jarret/data-engineering-bootcamp/workspace/airflow-code-review/venv/lib/python3.7/site-packages/airflow/example_dags/example_task_group.py
[2022-06-17 13:17:57,230] {processor.py:651} INFO - DAG(s) dict_keys(['example_task_group']) retrieved from /home/jarret/data-engineering-bootcamp/workspace/airflow-code-review/venv/lib/python3.7/site-packages/airflow/example_dags/example_task_group.py
[2022-06-17 13:17:57,242] {logging_mixin.py:115} INFO - [2022-06-17 13:17:57,242] {dag.py:2379} INFO - Sync 1 DAGs
[2022-06-17 13:17:57,259] {logging_mixin.py:115} INFO - [2022-06-17 13:17:57,258] {dag.py:2931} INFO - Setting next_dagrun for example_task_group to 2022-06-16T20:17:57.258767+00:00, run_after=2022-06-17T20:17:57.258767+00:00
[2022-06-17 13:17:57,378] {processor.py:161} INFO - Processing /home/jarret/data-engineering-bootcamp/workspace/airflow-code-review/venv/lib/python3.7/site-packages/airflow/example_dags/example_task_group.py took 0.172 seconds
[2022-06-17 13:18:39,261] {processor.py:153} INFO - Started process (PID=19194) to work on /home/jarret/data-engineering-bootcamp/workspace/airflow-code-review/venv/lib/python3.7/site-packages/airflow/example_dags/example_task_group.py
[2022-06-17 13:18:39,263] {processor.py:641} INFO - Processing file /home/jarret/data-engineering-bootcamp/workspace/airflow-code-review/venv/lib/python3.7/site-packages/airflow/example_dags/example_task_group.py for tasks to queue
[2022-06-17 13:18:39,264] {logging_mixin.py:115} INFO - [2022-06-17 13:18:39,263] {dagbag.py:507} INFO - Filling up the DagBag from /home/jarret/data-engineering-bootcamp/workspace/airflow-code-review/venv/lib/python3.7/site-packages/airflow/example_dags/example_task_group.py
[2022-06-17 13:18:39,274] {processor.py:651} INFO - DAG(s) dict_keys(['example_task_group']) retrieved from /home/jarret/data-engineering-bootcamp/workspace/airflow-code-review/venv/lib/python3.7/site-packages/airflow/example_dags/example_task_group.py
[2022-06-17 13:18:39,289] {logging_mixin.py:115} INFO - [2022-06-17 13:18:39,289] {dag.py:2379} INFO - Sync 1 DAGs
[2022-06-17 13:18:39,307] {logging_mixin.py:115} INFO - [2022-06-17 13:18:39,307] {dag.py:2931} INFO - Setting next_dagrun for example_task_group to 2022-06-16T20:18:39.307352+00:00, run_after=2022-06-17T20:18:39.307352+00:00
[2022-06-17 13:18:39,452] {processor.py:161} INFO - Processing /home/jarret/data-engineering-bootcamp/workspace/airflow-code-review/venv/lib/python3.7/site-packages/airflow/example_dags/example_task_group.py took 0.193 seconds
[2022-06-17 13:19:38,608] {processor.py:153} INFO - Started process (PID=19244) to work on /home/jarret/data-engineering-bootcamp/workspace/airflow-code-review/venv/lib/python3.7/site-packages/airflow/example_dags/example_task_group.py
[2022-06-17 13:19:38,609] {processor.py:641} INFO - Processing file /home/jarret/data-engineering-bootcamp/workspace/airflow-code-review/venv/lib/python3.7/site-packages/airflow/example_dags/example_task_group.py for tasks to queue
[2022-06-17 13:19:38,610] {logging_mixin.py:115} INFO - [2022-06-17 13:19:38,610] {dagbag.py:507} INFO - Filling up the DagBag from /home/jarret/data-engineering-bootcamp/workspace/airflow-code-review/venv/lib/python3.7/site-packages/airflow/example_dags/example_task_group.py
[2022-06-17 13:19:38,617] {processor.py:651} INFO - DAG(s) dict_keys(['example_task_group']) retrieved from /home/jarret/data-engineering-bootcamp/workspace/airflow-code-review/venv/lib/python3.7/site-packages/airflow/example_dags/example_task_group.py
[2022-06-17 13:19:38,628] {logging_mixin.py:115} INFO - [2022-06-17 13:19:38,628] {dag.py:2379} INFO - Sync 1 DAGs
[2022-06-17 13:19:38,645] {logging_mixin.py:115} INFO - [2022-06-17 13:19:38,645] {dag.py:2931} INFO - Setting next_dagrun for example_task_group to 2022-06-16T20:19:38.644832+00:00, run_after=2022-06-17T20:19:38.644832+00:00
[2022-06-17 13:19:38,770] {processor.py:161} INFO - Processing /home/jarret/data-engineering-bootcamp/workspace/airflow-code-review/venv/lib/python3.7/site-packages/airflow/example_dags/example_task_group.py took 0.165 seconds
[2022-06-17 13:20:25,981] {processor.py:153} INFO - Started process (PID=19330) to work on /home/jarret/data-engineering-bootcamp/workspace/airflow-code-review/venv/lib/python3.7/site-packages/airflow/example_dags/example_task_group.py
[2022-06-17 13:20:25,982] {processor.py:641} INFO - Processing file /home/jarret/data-engineering-bootcamp/workspace/airflow-code-review/venv/lib/python3.7/site-packages/airflow/example_dags/example_task_group.py for tasks to queue
[2022-06-17 13:20:25,983] {logging_mixin.py:115} INFO - [2022-06-17 13:20:25,983] {dagbag.py:507} INFO - Filling up the DagBag from /home/jarret/data-engineering-bootcamp/workspace/airflow-code-review/venv/lib/python3.7/site-packages/airflow/example_dags/example_task_group.py
[2022-06-17 13:20:25,988] {processor.py:651} INFO - DAG(s) dict_keys(['example_task_group']) retrieved from /home/jarret/data-engineering-bootcamp/workspace/airflow-code-review/venv/lib/python3.7/site-packages/airflow/example_dags/example_task_group.py
[2022-06-17 13:20:25,999] {logging_mixin.py:115} INFO - [2022-06-17 13:20:25,999] {dag.py:2379} INFO - Sync 1 DAGs
[2022-06-17 13:20:26,016] {logging_mixin.py:115} INFO - [2022-06-17 13:20:26,016] {dag.py:2931} INFO - Setting next_dagrun for example_task_group to 2022-06-16T20:20:26.016618+00:00, run_after=2022-06-17T20:20:26.016618+00:00
[2022-06-17 13:20:26,769] {processor.py:161} INFO - Processing /home/jarret/data-engineering-bootcamp/workspace/airflow-code-review/venv/lib/python3.7/site-packages/airflow/example_dags/example_task_group.py took 0.791 seconds
[2022-06-17 13:21:08,699] {processor.py:153} INFO - Started process (PID=19413) to work on /home/jarret/data-engineering-bootcamp/workspace/airflow-code-review/venv/lib/python3.7/site-packages/airflow/example_dags/example_task_group.py
[2022-06-17 13:21:08,709] {processor.py:641} INFO - Processing file /home/jarret/data-engineering-bootcamp/workspace/airflow-code-review/venv/lib/python3.7/site-packages/airflow/example_dags/example_task_group.py for tasks to queue
[2022-06-17 13:21:08,710] {logging_mixin.py:115} INFO - [2022-06-17 13:21:08,710] {dagbag.py:507} INFO - Filling up the DagBag from /home/jarret/data-engineering-bootcamp/workspace/airflow-code-review/venv/lib/python3.7/site-packages/airflow/example_dags/example_task_group.py
[2022-06-17 13:21:08,719] {processor.py:651} INFO - DAG(s) dict_keys(['example_task_group']) retrieved from /home/jarret/data-engineering-bootcamp/workspace/airflow-code-review/venv/lib/python3.7/site-packages/airflow/example_dags/example_task_group.py
[2022-06-17 13:21:08,731] {logging_mixin.py:115} INFO - [2022-06-17 13:21:08,731] {dag.py:2379} INFO - Sync 1 DAGs
[2022-06-17 13:21:08,747] {logging_mixin.py:115} INFO - [2022-06-17 13:21:08,747] {dag.py:2931} INFO - Setting next_dagrun for example_task_group to 2022-06-16T20:21:08.747003+00:00, run_after=2022-06-17T20:21:08.747003+00:00
[2022-06-17 13:21:08,852] {processor.py:161} INFO - Processing /home/jarret/data-engineering-bootcamp/workspace/airflow-code-review/venv/lib/python3.7/site-packages/airflow/example_dags/example_task_group.py took 0.156 seconds
[2022-06-17 13:22:04,117] {processor.py:153} INFO - Started process (PID=19520) to work on /home/jarret/data-engineering-bootcamp/workspace/airflow-code-review/venv/lib/python3.7/site-packages/airflow/example_dags/example_task_group.py
[2022-06-17 13:22:04,124] {processor.py:641} INFO - Processing file /home/jarret/data-engineering-bootcamp/workspace/airflow-code-review/venv/lib/python3.7/site-packages/airflow/example_dags/example_task_group.py for tasks to queue
[2022-06-17 13:22:04,125] {logging_mixin.py:115} INFO - [2022-06-17 13:22:04,125] {dagbag.py:507} INFO - Filling up the DagBag from /home/jarret/data-engineering-bootcamp/workspace/airflow-code-review/venv/lib/python3.7/site-packages/airflow/example_dags/example_task_group.py
[2022-06-17 13:22:04,132] {processor.py:651} INFO - DAG(s) dict_keys(['example_task_group']) retrieved from /home/jarret/data-engineering-bootcamp/workspace/airflow-code-review/venv/lib/python3.7/site-packages/airflow/example_dags/example_task_group.py
[2022-06-17 13:22:04,144] {logging_mixin.py:115} INFO - [2022-06-17 13:22:04,144] {dag.py:2379} INFO - Sync 1 DAGs
[2022-06-17 13:22:04,160] {logging_mixin.py:115} INFO - [2022-06-17 13:22:04,160] {dag.py:2931} INFO - Setting next_dagrun for example_task_group to 2022-06-16T20:22:04.160372+00:00, run_after=2022-06-17T20:22:04.160372+00:00
[2022-06-17 13:22:04,273] {processor.py:161} INFO - Processing /home/jarret/data-engineering-bootcamp/workspace/airflow-code-review/venv/lib/python3.7/site-packages/airflow/example_dags/example_task_group.py took 0.159 seconds
[2022-06-17 13:22:46,190] {processor.py:153} INFO - Started process (PID=19588) to work on /home/jarret/data-engineering-bootcamp/workspace/airflow-code-review/venv/lib/python3.7/site-packages/airflow/example_dags/example_task_group.py
[2022-06-17 13:22:46,273] {processor.py:641} INFO - Processing file /home/jarret/data-engineering-bootcamp/workspace/airflow-code-review/venv/lib/python3.7/site-packages/airflow/example_dags/example_task_group.py for tasks to queue
[2022-06-17 13:22:46,273] {logging_mixin.py:115} INFO - [2022-06-17 13:22:46,273] {dagbag.py:507} INFO - Filling up the DagBag from /home/jarret/data-engineering-bootcamp/workspace/airflow-code-review/venv/lib/python3.7/site-packages/airflow/example_dags/example_task_group.py
[2022-06-17 13:22:46,283] {processor.py:651} INFO - DAG(s) dict_keys(['example_task_group']) retrieved from /home/jarret/data-engineering-bootcamp/workspace/airflow-code-review/venv/lib/python3.7/site-packages/airflow/example_dags/example_task_group.py
[2022-06-17 13:22:46,295] {logging_mixin.py:115} INFO - [2022-06-17 13:22:46,295] {dag.py:2379} INFO - Sync 1 DAGs
[2022-06-17 13:22:46,312] {logging_mixin.py:115} INFO - [2022-06-17 13:22:46,312] {dag.py:2931} INFO - Setting next_dagrun for example_task_group to 2022-06-16T20:22:46.311823+00:00, run_after=2022-06-17T20:22:46.311823+00:00
[2022-06-17 13:22:46,982] {processor.py:161} INFO - Processing /home/jarret/data-engineering-bootcamp/workspace/airflow-code-review/venv/lib/python3.7/site-packages/airflow/example_dags/example_task_group.py took 0.794 seconds
[2022-06-17 13:23:44,359] {processor.py:153} INFO - Started process (PID=19705) to work on /home/jarret/data-engineering-bootcamp/workspace/airflow-code-review/venv/lib/python3.7/site-packages/airflow/example_dags/example_task_group.py
[2022-06-17 13:23:44,361] {processor.py:641} INFO - Processing file /home/jarret/data-engineering-bootcamp/workspace/airflow-code-review/venv/lib/python3.7/site-packages/airflow/example_dags/example_task_group.py for tasks to queue
[2022-06-17 13:23:44,361] {logging_mixin.py:115} INFO - [2022-06-17 13:23:44,361] {dagbag.py:507} INFO - Filling up the DagBag from /home/jarret/data-engineering-bootcamp/workspace/airflow-code-review/venv/lib/python3.7/site-packages/airflow/example_dags/example_task_group.py
[2022-06-17 13:23:44,367] {processor.py:651} INFO - DAG(s) dict_keys(['example_task_group']) retrieved from /home/jarret/data-engineering-bootcamp/workspace/airflow-code-review/venv/lib/python3.7/site-packages/airflow/example_dags/example_task_group.py
[2022-06-17 13:23:44,379] {logging_mixin.py:115} INFO - [2022-06-17 13:23:44,379] {dag.py:2379} INFO - Sync 1 DAGs
[2022-06-17 13:23:44,396] {logging_mixin.py:115} INFO - [2022-06-17 13:23:44,396] {dag.py:2931} INFO - Setting next_dagrun for example_task_group to 2022-06-16T20:23:44.396277+00:00, run_after=2022-06-17T20:23:44.396277+00:00
[2022-06-17 13:23:44,528] {processor.py:161} INFO - Processing /home/jarret/data-engineering-bootcamp/workspace/airflow-code-review/venv/lib/python3.7/site-packages/airflow/example_dags/example_task_group.py took 0.171 seconds
[2022-06-17 13:24:45,912] {processor.py:153} INFO - Started process (PID=19816) to work on /home/jarret/data-engineering-bootcamp/workspace/airflow-code-review/venv/lib/python3.7/site-packages/airflow/example_dags/example_task_group.py
[2022-06-17 13:24:45,922] {processor.py:641} INFO - Processing file /home/jarret/data-engineering-bootcamp/workspace/airflow-code-review/venv/lib/python3.7/site-packages/airflow/example_dags/example_task_group.py for tasks to queue
[2022-06-17 13:24:45,923] {logging_mixin.py:115} INFO - [2022-06-17 13:24:45,923] {dagbag.py:507} INFO - Filling up the DagBag from /home/jarret/data-engineering-bootcamp/workspace/airflow-code-review/venv/lib/python3.7/site-packages/airflow/example_dags/example_task_group.py
[2022-06-17 13:24:45,928] {processor.py:651} INFO - DAG(s) dict_keys(['example_task_group']) retrieved from /home/jarret/data-engineering-bootcamp/workspace/airflow-code-review/venv/lib/python3.7/site-packages/airflow/example_dags/example_task_group.py
[2022-06-17 13:24:45,941] {logging_mixin.py:115} INFO - [2022-06-17 13:24:45,941] {dag.py:2379} INFO - Sync 1 DAGs
[2022-06-17 13:24:45,959] {logging_mixin.py:115} INFO - [2022-06-17 13:24:45,959] {dag.py:2931} INFO - Setting next_dagrun for example_task_group to 2022-06-16T20:24:45.959629+00:00, run_after=2022-06-17T20:24:45.959629+00:00
[2022-06-17 13:24:46,112] {processor.py:161} INFO - Processing /home/jarret/data-engineering-bootcamp/workspace/airflow-code-review/venv/lib/python3.7/site-packages/airflow/example_dags/example_task_group.py took 0.202 seconds
[2022-06-17 13:25:38,342] {processor.py:153} INFO - Started process (PID=19922) to work on /home/jarret/data-engineering-bootcamp/workspace/airflow-code-review/venv/lib/python3.7/site-packages/airflow/example_dags/example_task_group.py
[2022-06-17 13:25:38,342] {processor.py:641} INFO - Processing file /home/jarret/data-engineering-bootcamp/workspace/airflow-code-review/venv/lib/python3.7/site-packages/airflow/example_dags/example_task_group.py for tasks to queue
[2022-06-17 13:25:38,343] {logging_mixin.py:115} INFO - [2022-06-17 13:25:38,343] {dagbag.py:507} INFO - Filling up the DagBag from /home/jarret/data-engineering-bootcamp/workspace/airflow-code-review/venv/lib/python3.7/site-packages/airflow/example_dags/example_task_group.py
[2022-06-17 13:25:38,348] {processor.py:651} INFO - DAG(s) dict_keys(['example_task_group']) retrieved from /home/jarret/data-engineering-bootcamp/workspace/airflow-code-review/venv/lib/python3.7/site-packages/airflow/example_dags/example_task_group.py
[2022-06-17 13:25:38,364] {logging_mixin.py:115} INFO - [2022-06-17 13:25:38,364] {dag.py:2379} INFO - Sync 1 DAGs
[2022-06-17 13:25:38,382] {logging_mixin.py:115} INFO - [2022-06-17 13:25:38,382] {dag.py:2931} INFO - Setting next_dagrun for example_task_group to 2022-06-16T20:25:38.382123+00:00, run_after=2022-06-17T20:25:38.382123+00:00
[2022-06-17 13:25:38,784] {processor.py:161} INFO - Processing /home/jarret/data-engineering-bootcamp/workspace/airflow-code-review/venv/lib/python3.7/site-packages/airflow/example_dags/example_task_group.py took 0.445 seconds
[2022-06-17 13:26:13,913] {processor.py:153} INFO - Started process (PID=19997) to work on /home/jarret/data-engineering-bootcamp/workspace/airflow-code-review/venv/lib/python3.7/site-packages/airflow/example_dags/example_task_group.py
[2022-06-17 13:26:13,969] {processor.py:641} INFO - Processing file /home/jarret/data-engineering-bootcamp/workspace/airflow-code-review/venv/lib/python3.7/site-packages/airflow/example_dags/example_task_group.py for tasks to queue
[2022-06-17 13:26:13,969] {logging_mixin.py:115} INFO - [2022-06-17 13:26:13,969] {dagbag.py:507} INFO - Filling up the DagBag from /home/jarret/data-engineering-bootcamp/workspace/airflow-code-review/venv/lib/python3.7/site-packages/airflow/example_dags/example_task_group.py
[2022-06-17 13:26:13,976] {processor.py:651} INFO - DAG(s) dict_keys(['example_task_group']) retrieved from /home/jarret/data-engineering-bootcamp/workspace/airflow-code-review/venv/lib/python3.7/site-packages/airflow/example_dags/example_task_group.py
[2022-06-17 13:26:13,988] {logging_mixin.py:115} INFO - [2022-06-17 13:26:13,988] {dag.py:2379} INFO - Sync 1 DAGs
[2022-06-17 13:26:14,005] {logging_mixin.py:115} INFO - [2022-06-17 13:26:14,005] {dag.py:2931} INFO - Setting next_dagrun for example_task_group to 2022-06-16T20:26:14.005061+00:00, run_after=2022-06-17T20:26:14.005061+00:00
[2022-06-17 13:26:14,129] {processor.py:161} INFO - Processing /home/jarret/data-engineering-bootcamp/workspace/airflow-code-review/venv/lib/python3.7/site-packages/airflow/example_dags/example_task_group.py took 0.220 seconds
[2022-06-17 13:27:00,707] {processor.py:153} INFO - Started process (PID=20094) to work on /home/jarret/data-engineering-bootcamp/workspace/airflow-code-review/venv/lib/python3.7/site-packages/airflow/example_dags/example_task_group.py
[2022-06-17 13:27:00,708] {processor.py:641} INFO - Processing file /home/jarret/data-engineering-bootcamp/workspace/airflow-code-review/venv/lib/python3.7/site-packages/airflow/example_dags/example_task_group.py for tasks to queue
[2022-06-17 13:27:00,709] {logging_mixin.py:115} INFO - [2022-06-17 13:27:00,709] {dagbag.py:507} INFO - Filling up the DagBag from /home/jarret/data-engineering-bootcamp/workspace/airflow-code-review/venv/lib/python3.7/site-packages/airflow/example_dags/example_task_group.py
[2022-06-17 13:27:00,716] {processor.py:651} INFO - DAG(s) dict_keys(['example_task_group']) retrieved from /home/jarret/data-engineering-bootcamp/workspace/airflow-code-review/venv/lib/python3.7/site-packages/airflow/example_dags/example_task_group.py
[2022-06-17 13:27:00,728] {logging_mixin.py:115} INFO - [2022-06-17 13:27:00,728] {dag.py:2379} INFO - Sync 1 DAGs
[2022-06-17 13:27:00,744] {logging_mixin.py:115} INFO - [2022-06-17 13:27:00,744] {dag.py:2931} INFO - Setting next_dagrun for example_task_group to 2022-06-16T20:27:00.744393+00:00, run_after=2022-06-17T20:27:00.744393+00:00
[2022-06-17 13:27:00,879] {processor.py:161} INFO - Processing /home/jarret/data-engineering-bootcamp/workspace/airflow-code-review/venv/lib/python3.7/site-packages/airflow/example_dags/example_task_group.py took 0.175 seconds
[2022-06-17 13:27:58,737] {processor.py:153} INFO - Started process (PID=20206) to work on /home/jarret/data-engineering-bootcamp/workspace/airflow-code-review/venv/lib/python3.7/site-packages/airflow/example_dags/example_task_group.py
[2022-06-17 13:27:58,738] {processor.py:641} INFO - Processing file /home/jarret/data-engineering-bootcamp/workspace/airflow-code-review/venv/lib/python3.7/site-packages/airflow/example_dags/example_task_group.py for tasks to queue
[2022-06-17 13:27:58,738] {logging_mixin.py:115} INFO - [2022-06-17 13:27:58,738] {dagbag.py:507} INFO - Filling up the DagBag from /home/jarret/data-engineering-bootcamp/workspace/airflow-code-review/venv/lib/python3.7/site-packages/airflow/example_dags/example_task_group.py
[2022-06-17 13:27:58,742] {processor.py:651} INFO - DAG(s) dict_keys(['example_task_group']) retrieved from /home/jarret/data-engineering-bootcamp/workspace/airflow-code-review/venv/lib/python3.7/site-packages/airflow/example_dags/example_task_group.py
[2022-06-17 13:27:58,753] {logging_mixin.py:115} INFO - [2022-06-17 13:27:58,753] {dag.py:2379} INFO - Sync 1 DAGs
[2022-06-17 13:27:58,769] {logging_mixin.py:115} INFO - [2022-06-17 13:27:58,769] {dag.py:2931} INFO - Setting next_dagrun for example_task_group to 2022-06-16T20:27:58.769548+00:00, run_after=2022-06-17T20:27:58.769548+00:00
[2022-06-17 13:27:58,906] {processor.py:161} INFO - Processing /home/jarret/data-engineering-bootcamp/workspace/airflow-code-review/venv/lib/python3.7/site-packages/airflow/example_dags/example_task_group.py took 0.172 seconds
[2022-06-17 13:28:59,283] {processor.py:153} INFO - Started process (PID=20281) to work on /home/jarret/data-engineering-bootcamp/workspace/airflow-code-review/venv/lib/python3.7/site-packages/airflow/example_dags/example_task_group.py
[2022-06-17 13:28:59,289] {processor.py:641} INFO - Processing file /home/jarret/data-engineering-bootcamp/workspace/airflow-code-review/venv/lib/python3.7/site-packages/airflow/example_dags/example_task_group.py for tasks to queue
[2022-06-17 13:28:59,290] {logging_mixin.py:115} INFO - [2022-06-17 13:28:59,290] {dagbag.py:507} INFO - Filling up the DagBag from /home/jarret/data-engineering-bootcamp/workspace/airflow-code-review/venv/lib/python3.7/site-packages/airflow/example_dags/example_task_group.py
[2022-06-17 13:28:59,301] {processor.py:651} INFO - DAG(s) dict_keys(['example_task_group']) retrieved from /home/jarret/data-engineering-bootcamp/workspace/airflow-code-review/venv/lib/python3.7/site-packages/airflow/example_dags/example_task_group.py
[2022-06-17 13:28:59,317] {logging_mixin.py:115} INFO - [2022-06-17 13:28:59,317] {dag.py:2379} INFO - Sync 1 DAGs
[2022-06-17 13:28:59,336] {logging_mixin.py:115} INFO - [2022-06-17 13:28:59,336] {dag.py:2931} INFO - Setting next_dagrun for example_task_group to 2022-06-16T20:28:59.335992+00:00, run_after=2022-06-17T20:28:59.335992+00:00
[2022-06-17 13:29:00,391] {processor.py:161} INFO - Processing /home/jarret/data-engineering-bootcamp/workspace/airflow-code-review/venv/lib/python3.7/site-packages/airflow/example_dags/example_task_group.py took 1.113 seconds
[2022-06-17 13:29:51,959] {processor.py:153} INFO - Started process (PID=20531) to work on /home/jarret/data-engineering-bootcamp/workspace/airflow-code-review/venv/lib/python3.7/site-packages/airflow/example_dags/example_task_group.py
[2022-06-17 13:29:51,964] {processor.py:641} INFO - Processing file /home/jarret/data-engineering-bootcamp/workspace/airflow-code-review/venv/lib/python3.7/site-packages/airflow/example_dags/example_task_group.py for tasks to queue
[2022-06-17 13:29:51,964] {logging_mixin.py:115} INFO - [2022-06-17 13:29:51,964] {dagbag.py:507} INFO - Filling up the DagBag from /home/jarret/data-engineering-bootcamp/workspace/airflow-code-review/venv/lib/python3.7/site-packages/airflow/example_dags/example_task_group.py
[2022-06-17 13:29:51,973] {processor.py:651} INFO - DAG(s) dict_keys(['example_task_group']) retrieved from /home/jarret/data-engineering-bootcamp/workspace/airflow-code-review/venv/lib/python3.7/site-packages/airflow/example_dags/example_task_group.py
[2022-06-17 13:29:51,984] {logging_mixin.py:115} INFO - [2022-06-17 13:29:51,984] {dag.py:2379} INFO - Sync 1 DAGs
[2022-06-17 13:29:52,000] {logging_mixin.py:115} INFO - [2022-06-17 13:29:52,000] {dag.py:2931} INFO - Setting next_dagrun for example_task_group to 2022-06-16T20:29:52.000162+00:00, run_after=2022-06-17T20:29:52.000162+00:00
[2022-06-17 13:29:52,122] {processor.py:161} INFO - Processing /home/jarret/data-engineering-bootcamp/workspace/airflow-code-review/venv/lib/python3.7/site-packages/airflow/example_dags/example_task_group.py took 0.165 seconds
[2022-06-17 13:30:34,047] {processor.py:153} INFO - Started process (PID=20612) to work on /home/jarret/data-engineering-bootcamp/workspace/airflow-code-review/venv/lib/python3.7/site-packages/airflow/example_dags/example_task_group.py
[2022-06-17 13:30:34,048] {processor.py:641} INFO - Processing file /home/jarret/data-engineering-bootcamp/workspace/airflow-code-review/venv/lib/python3.7/site-packages/airflow/example_dags/example_task_group.py for tasks to queue
[2022-06-17 13:30:34,049] {logging_mixin.py:115} INFO - [2022-06-17 13:30:34,048] {dagbag.py:507} INFO - Filling up the DagBag from /home/jarret/data-engineering-bootcamp/workspace/airflow-code-review/venv/lib/python3.7/site-packages/airflow/example_dags/example_task_group.py
[2022-06-17 13:30:34,057] {processor.py:651} INFO - DAG(s) dict_keys(['example_task_group']) retrieved from /home/jarret/data-engineering-bootcamp/workspace/airflow-code-review/venv/lib/python3.7/site-packages/airflow/example_dags/example_task_group.py
[2022-06-17 13:30:34,072] {logging_mixin.py:115} INFO - [2022-06-17 13:30:34,072] {dag.py:2379} INFO - Sync 1 DAGs
[2022-06-17 13:30:34,089] {logging_mixin.py:115} INFO - [2022-06-17 13:30:34,089] {dag.py:2931} INFO - Setting next_dagrun for example_task_group to 2022-06-16T20:30:34.089446+00:00, run_after=2022-06-17T20:30:34.089446+00:00
[2022-06-17 13:30:35,449] {processor.py:161} INFO - Processing /home/jarret/data-engineering-bootcamp/workspace/airflow-code-review/venv/lib/python3.7/site-packages/airflow/example_dags/example_task_group.py took 1.405 seconds
[2022-06-17 13:31:18,516] {processor.py:153} INFO - Started process (PID=20777) to work on /home/jarret/data-engineering-bootcamp/workspace/airflow-code-review/venv/lib/python3.7/site-packages/airflow/example_dags/example_task_group.py
[2022-06-17 13:31:18,517] {processor.py:641} INFO - Processing file /home/jarret/data-engineering-bootcamp/workspace/airflow-code-review/venv/lib/python3.7/site-packages/airflow/example_dags/example_task_group.py for tasks to queue
[2022-06-17 13:31:18,518] {logging_mixin.py:115} INFO - [2022-06-17 13:31:18,518] {dagbag.py:507} INFO - Filling up the DagBag from /home/jarret/data-engineering-bootcamp/workspace/airflow-code-review/venv/lib/python3.7/site-packages/airflow/example_dags/example_task_group.py
[2022-06-17 13:31:18,524] {processor.py:651} INFO - DAG(s) dict_keys(['example_task_group']) retrieved from /home/jarret/data-engineering-bootcamp/workspace/airflow-code-review/venv/lib/python3.7/site-packages/airflow/example_dags/example_task_group.py
[2022-06-17 13:31:18,536] {logging_mixin.py:115} INFO - [2022-06-17 13:31:18,536] {dag.py:2379} INFO - Sync 1 DAGs
[2022-06-17 13:31:18,552] {logging_mixin.py:115} INFO - [2022-06-17 13:31:18,552] {dag.py:2931} INFO - Setting next_dagrun for example_task_group to 2022-06-16T20:31:18.552505+00:00, run_after=2022-06-17T20:31:18.552505+00:00
[2022-06-17 13:31:18,889] {processor.py:161} INFO - Processing /home/jarret/data-engineering-bootcamp/workspace/airflow-code-review/venv/lib/python3.7/site-packages/airflow/example_dags/example_task_group.py took 0.376 seconds
[2022-06-17 13:32:10,303] {processor.py:153} INFO - Started process (PID=21553) to work on /home/jarret/data-engineering-bootcamp/workspace/airflow-code-review/venv/lib/python3.7/site-packages/airflow/example_dags/example_task_group.py
[2022-06-17 13:32:10,304] {processor.py:641} INFO - Processing file /home/jarret/data-engineering-bootcamp/workspace/airflow-code-review/venv/lib/python3.7/site-packages/airflow/example_dags/example_task_group.py for tasks to queue
[2022-06-17 13:32:10,304] {logging_mixin.py:115} INFO - [2022-06-17 13:32:10,304] {dagbag.py:507} INFO - Filling up the DagBag from /home/jarret/data-engineering-bootcamp/workspace/airflow-code-review/venv/lib/python3.7/site-packages/airflow/example_dags/example_task_group.py
[2022-06-17 13:32:10,309] {processor.py:651} INFO - DAG(s) dict_keys(['example_task_group']) retrieved from /home/jarret/data-engineering-bootcamp/workspace/airflow-code-review/venv/lib/python3.7/site-packages/airflow/example_dags/example_task_group.py
[2022-06-17 13:32:10,322] {logging_mixin.py:115} INFO - [2022-06-17 13:32:10,322] {dag.py:2379} INFO - Sync 1 DAGs
[2022-06-17 13:32:10,340] {logging_mixin.py:115} INFO - [2022-06-17 13:32:10,339] {dag.py:2931} INFO - Setting next_dagrun for example_task_group to 2022-06-16T20:32:10.339778+00:00, run_after=2022-06-17T20:32:10.339778+00:00
[2022-06-17 13:32:10,523] {processor.py:161} INFO - Processing /home/jarret/data-engineering-bootcamp/workspace/airflow-code-review/venv/lib/python3.7/site-packages/airflow/example_dags/example_task_group.py took 0.221 seconds
[2022-06-17 13:32:48,952] {processor.py:153} INFO - Started process (PID=22297) to work on /home/jarret/data-engineering-bootcamp/workspace/airflow-code-review/venv/lib/python3.7/site-packages/airflow/example_dags/example_task_group.py
[2022-06-17 13:32:48,958] {processor.py:641} INFO - Processing file /home/jarret/data-engineering-bootcamp/workspace/airflow-code-review/venv/lib/python3.7/site-packages/airflow/example_dags/example_task_group.py for tasks to queue
[2022-06-17 13:32:48,958] {logging_mixin.py:115} INFO - [2022-06-17 13:32:48,958] {dagbag.py:507} INFO - Filling up the DagBag from /home/jarret/data-engineering-bootcamp/workspace/airflow-code-review/venv/lib/python3.7/site-packages/airflow/example_dags/example_task_group.py
[2022-06-17 13:32:48,963] {processor.py:651} INFO - DAG(s) dict_keys(['example_task_group']) retrieved from /home/jarret/data-engineering-bootcamp/workspace/airflow-code-review/venv/lib/python3.7/site-packages/airflow/example_dags/example_task_group.py
[2022-06-17 13:32:48,975] {logging_mixin.py:115} INFO - [2022-06-17 13:32:48,975] {dag.py:2379} INFO - Sync 1 DAGs
[2022-06-17 13:32:48,991] {logging_mixin.py:115} INFO - [2022-06-17 13:32:48,991] {dag.py:2931} INFO - Setting next_dagrun for example_task_group to 2022-06-16T20:32:48.991533+00:00, run_after=2022-06-17T20:32:48.991533+00:00
[2022-06-17 13:32:49,113] {processor.py:161} INFO - Processing /home/jarret/data-engineering-bootcamp/workspace/airflow-code-review/venv/lib/python3.7/site-packages/airflow/example_dags/example_task_group.py took 0.164 seconds
[2022-06-17 13:33:41,082] {processor.py:153} INFO - Started process (PID=23013) to work on /home/jarret/data-engineering-bootcamp/workspace/airflow-code-review/venv/lib/python3.7/site-packages/airflow/example_dags/example_task_group.py
[2022-06-17 13:33:41,095] {processor.py:641} INFO - Processing file /home/jarret/data-engineering-bootcamp/workspace/airflow-code-review/venv/lib/python3.7/site-packages/airflow/example_dags/example_task_group.py for tasks to queue
[2022-06-17 13:33:41,095] {logging_mixin.py:115} INFO - [2022-06-17 13:33:41,095] {dagbag.py:507} INFO - Filling up the DagBag from /home/jarret/data-engineering-bootcamp/workspace/airflow-code-review/venv/lib/python3.7/site-packages/airflow/example_dags/example_task_group.py
[2022-06-17 13:33:41,100] {processor.py:651} INFO - DAG(s) dict_keys(['example_task_group']) retrieved from /home/jarret/data-engineering-bootcamp/workspace/airflow-code-review/venv/lib/python3.7/site-packages/airflow/example_dags/example_task_group.py
[2022-06-17 13:33:41,112] {logging_mixin.py:115} INFO - [2022-06-17 13:33:41,112] {dag.py:2379} INFO - Sync 1 DAGs
[2022-06-17 13:33:41,128] {logging_mixin.py:115} INFO - [2022-06-17 13:33:41,128] {dag.py:2931} INFO - Setting next_dagrun for example_task_group to 2022-06-16T20:33:41.128099+00:00, run_after=2022-06-17T20:33:41.128099+00:00
[2022-06-17 13:33:41,726] {processor.py:161} INFO - Processing /home/jarret/data-engineering-bootcamp/workspace/airflow-code-review/venv/lib/python3.7/site-packages/airflow/example_dags/example_task_group.py took 0.648 seconds
[2022-06-17 13:34:27,769] {processor.py:153} INFO - Started process (PID=23081) to work on /home/jarret/data-engineering-bootcamp/workspace/airflow-code-review/venv/lib/python3.7/site-packages/airflow/example_dags/example_task_group.py
[2022-06-17 13:34:27,776] {processor.py:641} INFO - Processing file /home/jarret/data-engineering-bootcamp/workspace/airflow-code-review/venv/lib/python3.7/site-packages/airflow/example_dags/example_task_group.py for tasks to queue
[2022-06-17 13:34:27,777] {logging_mixin.py:115} INFO - [2022-06-17 13:34:27,777] {dagbag.py:507} INFO - Filling up the DagBag from /home/jarret/data-engineering-bootcamp/workspace/airflow-code-review/venv/lib/python3.7/site-packages/airflow/example_dags/example_task_group.py
[2022-06-17 13:34:27,782] {processor.py:651} INFO - DAG(s) dict_keys(['example_task_group']) retrieved from /home/jarret/data-engineering-bootcamp/workspace/airflow-code-review/venv/lib/python3.7/site-packages/airflow/example_dags/example_task_group.py
[2022-06-17 13:34:27,794] {logging_mixin.py:115} INFO - [2022-06-17 13:34:27,794] {dag.py:2379} INFO - Sync 1 DAGs
[2022-06-17 13:34:27,810] {logging_mixin.py:115} INFO - [2022-06-17 13:34:27,810] {dag.py:2931} INFO - Setting next_dagrun for example_task_group to 2022-06-16T20:34:27.810579+00:00, run_after=2022-06-17T20:34:27.810579+00:00
[2022-06-17 13:34:27,984] {processor.py:161} INFO - Processing /home/jarret/data-engineering-bootcamp/workspace/airflow-code-review/venv/lib/python3.7/site-packages/airflow/example_dags/example_task_group.py took 0.218 seconds
