[2022-06-17 12:37:02,097] {processor.py:153} INFO - Started process (PID=15715) to work on /home/jarret/data-engineering-bootcamp/workspace/airflow-code-review/venv/lib/python3.7/site-packages/airflow/example_dags/example_skip_dag.py
[2022-06-17 12:37:02,098] {processor.py:641} INFO - Processing file /home/jarret/data-engineering-bootcamp/workspace/airflow-code-review/venv/lib/python3.7/site-packages/airflow/example_dags/example_skip_dag.py for tasks to queue
[2022-06-17 12:37:02,098] {logging_mixin.py:115} INFO - [2022-06-17 12:37:02,098] {dagbag.py:507} INFO - Filling up the DagBag from /home/jarret/data-engineering-bootcamp/workspace/airflow-code-review/venv/lib/python3.7/site-packages/airflow/example_dags/example_skip_dag.py
[2022-06-17 12:37:02,101] {processor.py:651} INFO - DAG(s) dict_keys(['example_skip_dag']) retrieved from /home/jarret/data-engineering-bootcamp/workspace/airflow-code-review/venv/lib/python3.7/site-packages/airflow/example_dags/example_skip_dag.py
[2022-06-17 12:37:02,875] {logging_mixin.py:115} INFO - [2022-06-17 12:37:02,875] {manager.py:508} INFO - Created Permission View: can read on DAG:example_skip_dag
[2022-06-17 12:37:03,001] {logging_mixin.py:115} INFO - [2022-06-17 12:37:03,000] {manager.py:508} INFO - Created Permission View: can delete on DAG:example_skip_dag
[2022-06-17 12:37:03,125] {logging_mixin.py:115} INFO - [2022-06-17 12:37:03,125] {manager.py:508} INFO - Created Permission View: can edit on DAG:example_skip_dag
[2022-06-17 12:37:03,126] {logging_mixin.py:115} INFO - [2022-06-17 12:37:03,126] {dag.py:2379} INFO - Sync 1 DAGs
[2022-06-17 12:37:03,137] {logging_mixin.py:115} INFO - [2022-06-17 12:37:03,137] {dag.py:2398} INFO - Creating ORM DAG for example_skip_dag
[2022-06-17 12:37:03,145] {logging_mixin.py:115} INFO - [2022-06-17 12:37:03,145] {dag.py:2931} INFO - Setting next_dagrun for example_skip_dag to 2022-06-16T19:37:03.145647+00:00, run_after=2022-06-17T19:37:03.145647+00:00
[2022-06-17 12:37:03,314] {processor.py:161} INFO - Processing /home/jarret/data-engineering-bootcamp/workspace/airflow-code-review/venv/lib/python3.7/site-packages/airflow/example_dags/example_skip_dag.py took 1.221 seconds
[2022-06-17 12:38:12,004] {processor.py:153} INFO - Started process (PID=15767) to work on /home/jarret/data-engineering-bootcamp/workspace/airflow-code-review/venv/lib/python3.7/site-packages/airflow/example_dags/example_skip_dag.py
[2022-06-17 12:38:12,023] {processor.py:641} INFO - Processing file /home/jarret/data-engineering-bootcamp/workspace/airflow-code-review/venv/lib/python3.7/site-packages/airflow/example_dags/example_skip_dag.py for tasks to queue
[2022-06-17 12:38:12,023] {logging_mixin.py:115} INFO - [2022-06-17 12:38:12,023] {dagbag.py:507} INFO - Filling up the DagBag from /home/jarret/data-engineering-bootcamp/workspace/airflow-code-review/venv/lib/python3.7/site-packages/airflow/example_dags/example_skip_dag.py
[2022-06-17 12:38:12,027] {processor.py:651} INFO - DAG(s) dict_keys(['example_skip_dag']) retrieved from /home/jarret/data-engineering-bootcamp/workspace/airflow-code-review/venv/lib/python3.7/site-packages/airflow/example_dags/example_skip_dag.py
[2022-06-17 12:38:12,038] {logging_mixin.py:115} INFO - [2022-06-17 12:38:12,038] {dag.py:2379} INFO - Sync 1 DAGs
[2022-06-17 12:38:12,053] {logging_mixin.py:115} INFO - [2022-06-17 12:38:12,053] {dag.py:2931} INFO - Setting next_dagrun for example_skip_dag to 2022-06-16T19:38:12.053516+00:00, run_after=2022-06-17T19:38:12.053516+00:00
[2022-06-17 12:38:12,331] {processor.py:161} INFO - Processing /home/jarret/data-engineering-bootcamp/workspace/airflow-code-review/venv/lib/python3.7/site-packages/airflow/example_dags/example_skip_dag.py took 0.328 seconds
[2022-06-17 12:39:13,286] {processor.py:153} INFO - Started process (PID=15824) to work on /home/jarret/data-engineering-bootcamp/workspace/airflow-code-review/venv/lib/python3.7/site-packages/airflow/example_dags/example_skip_dag.py
[2022-06-17 12:39:13,287] {processor.py:641} INFO - Processing file /home/jarret/data-engineering-bootcamp/workspace/airflow-code-review/venv/lib/python3.7/site-packages/airflow/example_dags/example_skip_dag.py for tasks to queue
[2022-06-17 12:39:13,288] {logging_mixin.py:115} INFO - [2022-06-17 12:39:13,288] {dagbag.py:507} INFO - Filling up the DagBag from /home/jarret/data-engineering-bootcamp/workspace/airflow-code-review/venv/lib/python3.7/site-packages/airflow/example_dags/example_skip_dag.py
[2022-06-17 12:39:13,292] {processor.py:651} INFO - DAG(s) dict_keys(['example_skip_dag']) retrieved from /home/jarret/data-engineering-bootcamp/workspace/airflow-code-review/venv/lib/python3.7/site-packages/airflow/example_dags/example_skip_dag.py
[2022-06-17 12:39:13,304] {logging_mixin.py:115} INFO - [2022-06-17 12:39:13,304] {dag.py:2379} INFO - Sync 1 DAGs
[2022-06-17 12:39:13,319] {logging_mixin.py:115} INFO - [2022-06-17 12:39:13,319] {dag.py:2931} INFO - Setting next_dagrun for example_skip_dag to 2022-06-16T19:39:13.318902+00:00, run_after=2022-06-17T19:39:13.318902+00:00
[2022-06-17 12:39:13,575] {processor.py:161} INFO - Processing /home/jarret/data-engineering-bootcamp/workspace/airflow-code-review/venv/lib/python3.7/site-packages/airflow/example_dags/example_skip_dag.py took 0.292 seconds
[2022-06-17 12:40:09,749] {processor.py:153} INFO - Started process (PID=15863) to work on /home/jarret/data-engineering-bootcamp/workspace/airflow-code-review/venv/lib/python3.7/site-packages/airflow/example_dags/example_skip_dag.py
[2022-06-17 12:40:09,750] {processor.py:641} INFO - Processing file /home/jarret/data-engineering-bootcamp/workspace/airflow-code-review/venv/lib/python3.7/site-packages/airflow/example_dags/example_skip_dag.py for tasks to queue
[2022-06-17 12:40:09,751] {logging_mixin.py:115} INFO - [2022-06-17 12:40:09,751] {dagbag.py:507} INFO - Filling up the DagBag from /home/jarret/data-engineering-bootcamp/workspace/airflow-code-review/venv/lib/python3.7/site-packages/airflow/example_dags/example_skip_dag.py
[2022-06-17 12:40:09,759] {processor.py:651} INFO - DAG(s) dict_keys(['example_skip_dag']) retrieved from /home/jarret/data-engineering-bootcamp/workspace/airflow-code-review/venv/lib/python3.7/site-packages/airflow/example_dags/example_skip_dag.py
[2022-06-17 12:40:09,776] {logging_mixin.py:115} INFO - [2022-06-17 12:40:09,776] {dag.py:2379} INFO - Sync 1 DAGs
[2022-06-17 12:40:09,792] {logging_mixin.py:115} INFO - [2022-06-17 12:40:09,792] {dag.py:2931} INFO - Setting next_dagrun for example_skip_dag to 2022-06-16T19:40:09.792597+00:00, run_after=2022-06-17T19:40:09.792597+00:00
[2022-06-17 12:40:09,980] {processor.py:161} INFO - Processing /home/jarret/data-engineering-bootcamp/workspace/airflow-code-review/venv/lib/python3.7/site-packages/airflow/example_dags/example_skip_dag.py took 0.236 seconds
[2022-06-17 12:41:13,877] {processor.py:153} INFO - Started process (PID=15964) to work on /home/jarret/data-engineering-bootcamp/workspace/airflow-code-review/venv/lib/python3.7/site-packages/airflow/example_dags/example_skip_dag.py
[2022-06-17 12:41:13,878] {processor.py:641} INFO - Processing file /home/jarret/data-engineering-bootcamp/workspace/airflow-code-review/venv/lib/python3.7/site-packages/airflow/example_dags/example_skip_dag.py for tasks to queue
[2022-06-17 12:41:13,879] {logging_mixin.py:115} INFO - [2022-06-17 12:41:13,878] {dagbag.py:507} INFO - Filling up the DagBag from /home/jarret/data-engineering-bootcamp/workspace/airflow-code-review/venv/lib/python3.7/site-packages/airflow/example_dags/example_skip_dag.py
[2022-06-17 12:41:13,886] {processor.py:651} INFO - DAG(s) dict_keys(['example_skip_dag']) retrieved from /home/jarret/data-engineering-bootcamp/workspace/airflow-code-review/venv/lib/python3.7/site-packages/airflow/example_dags/example_skip_dag.py
[2022-06-17 12:41:13,900] {logging_mixin.py:115} INFO - [2022-06-17 12:41:13,900] {dag.py:2379} INFO - Sync 1 DAGs
[2022-06-17 12:41:13,915] {logging_mixin.py:115} INFO - [2022-06-17 12:41:13,915] {dag.py:2931} INFO - Setting next_dagrun for example_skip_dag to 2022-06-16T19:41:13.915346+00:00, run_after=2022-06-17T19:41:13.915346+00:00
[2022-06-17 12:41:14,039] {processor.py:161} INFO - Processing /home/jarret/data-engineering-bootcamp/workspace/airflow-code-review/venv/lib/python3.7/site-packages/airflow/example_dags/example_skip_dag.py took 0.166 seconds
[2022-06-17 12:42:08,336] {processor.py:153} INFO - Started process (PID=16012) to work on /home/jarret/data-engineering-bootcamp/workspace/airflow-code-review/venv/lib/python3.7/site-packages/airflow/example_dags/example_skip_dag.py
[2022-06-17 12:42:08,394] {processor.py:641} INFO - Processing file /home/jarret/data-engineering-bootcamp/workspace/airflow-code-review/venv/lib/python3.7/site-packages/airflow/example_dags/example_skip_dag.py for tasks to queue
[2022-06-17 12:42:08,395] {logging_mixin.py:115} INFO - [2022-06-17 12:42:08,395] {dagbag.py:507} INFO - Filling up the DagBag from /home/jarret/data-engineering-bootcamp/workspace/airflow-code-review/venv/lib/python3.7/site-packages/airflow/example_dags/example_skip_dag.py
[2022-06-17 12:42:08,400] {processor.py:651} INFO - DAG(s) dict_keys(['example_skip_dag']) retrieved from /home/jarret/data-engineering-bootcamp/workspace/airflow-code-review/venv/lib/python3.7/site-packages/airflow/example_dags/example_skip_dag.py
[2022-06-17 12:42:08,411] {logging_mixin.py:115} INFO - [2022-06-17 12:42:08,411] {dag.py:2379} INFO - Sync 1 DAGs
[2022-06-17 12:42:08,427] {logging_mixin.py:115} INFO - [2022-06-17 12:42:08,427] {dag.py:2931} INFO - Setting next_dagrun for example_skip_dag to 2022-06-16T19:42:08.427146+00:00, run_after=2022-06-17T19:42:08.427146+00:00
[2022-06-17 12:42:10,843] {processor.py:161} INFO - Processing /home/jarret/data-engineering-bootcamp/workspace/airflow-code-review/venv/lib/python3.7/site-packages/airflow/example_dags/example_skip_dag.py took 2.509 seconds
[2022-06-17 12:43:41,146] {processor.py:153} INFO - Started process (PID=16169) to work on /home/jarret/data-engineering-bootcamp/workspace/airflow-code-review/venv/lib/python3.7/site-packages/airflow/example_dags/example_skip_dag.py
[2022-06-17 12:43:41,173] {processor.py:641} INFO - Processing file /home/jarret/data-engineering-bootcamp/workspace/airflow-code-review/venv/lib/python3.7/site-packages/airflow/example_dags/example_skip_dag.py for tasks to queue
[2022-06-17 12:43:41,173] {logging_mixin.py:115} INFO - [2022-06-17 12:43:41,173] {dagbag.py:507} INFO - Filling up the DagBag from /home/jarret/data-engineering-bootcamp/workspace/airflow-code-review/venv/lib/python3.7/site-packages/airflow/example_dags/example_skip_dag.py
[2022-06-17 12:43:41,177] {processor.py:651} INFO - DAG(s) dict_keys(['example_skip_dag']) retrieved from /home/jarret/data-engineering-bootcamp/workspace/airflow-code-review/venv/lib/python3.7/site-packages/airflow/example_dags/example_skip_dag.py
[2022-06-17 12:43:41,189] {logging_mixin.py:115} INFO - [2022-06-17 12:43:41,188] {dag.py:2379} INFO - Sync 1 DAGs
[2022-06-17 12:43:41,204] {logging_mixin.py:115} INFO - [2022-06-17 12:43:41,204] {dag.py:2931} INFO - Setting next_dagrun for example_skip_dag to 2022-06-16T19:43:41.204192+00:00, run_after=2022-06-17T19:43:41.204192+00:00
[2022-06-17 12:43:42,599] {processor.py:161} INFO - Processing /home/jarret/data-engineering-bootcamp/workspace/airflow-code-review/venv/lib/python3.7/site-packages/airflow/example_dags/example_skip_dag.py took 1.457 seconds
[2022-06-17 12:44:45,207] {processor.py:153} INFO - Started process (PID=16263) to work on /home/jarret/data-engineering-bootcamp/workspace/airflow-code-review/venv/lib/python3.7/site-packages/airflow/example_dags/example_skip_dag.py
[2022-06-17 12:44:45,236] {processor.py:641} INFO - Processing file /home/jarret/data-engineering-bootcamp/workspace/airflow-code-review/venv/lib/python3.7/site-packages/airflow/example_dags/example_skip_dag.py for tasks to queue
[2022-06-17 12:44:45,237] {logging_mixin.py:115} INFO - [2022-06-17 12:44:45,237] {dagbag.py:507} INFO - Filling up the DagBag from /home/jarret/data-engineering-bootcamp/workspace/airflow-code-review/venv/lib/python3.7/site-packages/airflow/example_dags/example_skip_dag.py
[2022-06-17 12:44:45,246] {processor.py:651} INFO - DAG(s) dict_keys(['example_skip_dag']) retrieved from /home/jarret/data-engineering-bootcamp/workspace/airflow-code-review/venv/lib/python3.7/site-packages/airflow/example_dags/example_skip_dag.py
[2022-06-17 12:44:45,262] {logging_mixin.py:115} INFO - [2022-06-17 12:44:45,262] {dag.py:2379} INFO - Sync 1 DAGs
[2022-06-17 12:44:45,277] {logging_mixin.py:115} INFO - [2022-06-17 12:44:45,277] {dag.py:2931} INFO - Setting next_dagrun for example_skip_dag to 2022-06-16T19:44:45.277444+00:00, run_after=2022-06-17T19:44:45.277444+00:00
[2022-06-17 12:44:46,717] {processor.py:161} INFO - Processing /home/jarret/data-engineering-bootcamp/workspace/airflow-code-review/venv/lib/python3.7/site-packages/airflow/example_dags/example_skip_dag.py took 1.513 seconds
[2022-06-17 12:45:49,704] {processor.py:153} INFO - Started process (PID=16385) to work on /home/jarret/data-engineering-bootcamp/workspace/airflow-code-review/venv/lib/python3.7/site-packages/airflow/example_dags/example_skip_dag.py
[2022-06-17 12:45:49,705] {processor.py:641} INFO - Processing file /home/jarret/data-engineering-bootcamp/workspace/airflow-code-review/venv/lib/python3.7/site-packages/airflow/example_dags/example_skip_dag.py for tasks to queue
[2022-06-17 12:45:49,705] {logging_mixin.py:115} INFO - [2022-06-17 12:45:49,705] {dagbag.py:507} INFO - Filling up the DagBag from /home/jarret/data-engineering-bootcamp/workspace/airflow-code-review/venv/lib/python3.7/site-packages/airflow/example_dags/example_skip_dag.py
[2022-06-17 12:45:49,709] {processor.py:651} INFO - DAG(s) dict_keys(['example_skip_dag']) retrieved from /home/jarret/data-engineering-bootcamp/workspace/airflow-code-review/venv/lib/python3.7/site-packages/airflow/example_dags/example_skip_dag.py
[2022-06-17 12:45:49,721] {logging_mixin.py:115} INFO - [2022-06-17 12:45:49,721] {dag.py:2379} INFO - Sync 1 DAGs
[2022-06-17 12:45:49,736] {logging_mixin.py:115} INFO - [2022-06-17 12:45:49,736] {dag.py:2931} INFO - Setting next_dagrun for example_skip_dag to 2022-06-16T19:45:49.736666+00:00, run_after=2022-06-17T19:45:49.736666+00:00
[2022-06-17 12:45:50,559] {processor.py:161} INFO - Processing /home/jarret/data-engineering-bootcamp/workspace/airflow-code-review/venv/lib/python3.7/site-packages/airflow/example_dags/example_skip_dag.py took 0.857 seconds
[2022-06-17 12:47:01,509] {processor.py:153} INFO - Started process (PID=16485) to work on /home/jarret/data-engineering-bootcamp/workspace/airflow-code-review/venv/lib/python3.7/site-packages/airflow/example_dags/example_skip_dag.py
[2022-06-17 12:47:01,510] {processor.py:641} INFO - Processing file /home/jarret/data-engineering-bootcamp/workspace/airflow-code-review/venv/lib/python3.7/site-packages/airflow/example_dags/example_skip_dag.py for tasks to queue
[2022-06-17 12:47:01,511] {logging_mixin.py:115} INFO - [2022-06-17 12:47:01,511] {dagbag.py:507} INFO - Filling up the DagBag from /home/jarret/data-engineering-bootcamp/workspace/airflow-code-review/venv/lib/python3.7/site-packages/airflow/example_dags/example_skip_dag.py
[2022-06-17 12:47:01,517] {processor.py:651} INFO - DAG(s) dict_keys(['example_skip_dag']) retrieved from /home/jarret/data-engineering-bootcamp/workspace/airflow-code-review/venv/lib/python3.7/site-packages/airflow/example_dags/example_skip_dag.py
[2022-06-17 12:47:01,529] {logging_mixin.py:115} INFO - [2022-06-17 12:47:01,529] {dag.py:2379} INFO - Sync 1 DAGs
[2022-06-17 12:47:01,546] {logging_mixin.py:115} INFO - [2022-06-17 12:47:01,545] {dag.py:2931} INFO - Setting next_dagrun for example_skip_dag to 2022-06-16T19:47:01.545783+00:00, run_after=2022-06-17T19:47:01.545783+00:00
[2022-06-17 12:47:01,997] {processor.py:161} INFO - Processing /home/jarret/data-engineering-bootcamp/workspace/airflow-code-review/venv/lib/python3.7/site-packages/airflow/example_dags/example_skip_dag.py took 0.491 seconds
[2022-06-17 12:48:04,513] {processor.py:153} INFO - Started process (PID=16528) to work on /home/jarret/data-engineering-bootcamp/workspace/airflow-code-review/venv/lib/python3.7/site-packages/airflow/example_dags/example_skip_dag.py
[2022-06-17 12:48:04,523] {processor.py:641} INFO - Processing file /home/jarret/data-engineering-bootcamp/workspace/airflow-code-review/venv/lib/python3.7/site-packages/airflow/example_dags/example_skip_dag.py for tasks to queue
[2022-06-17 12:48:04,523] {logging_mixin.py:115} INFO - [2022-06-17 12:48:04,523] {dagbag.py:507} INFO - Filling up the DagBag from /home/jarret/data-engineering-bootcamp/workspace/airflow-code-review/venv/lib/python3.7/site-packages/airflow/example_dags/example_skip_dag.py
[2022-06-17 12:48:04,526] {processor.py:651} INFO - DAG(s) dict_keys(['example_skip_dag']) retrieved from /home/jarret/data-engineering-bootcamp/workspace/airflow-code-review/venv/lib/python3.7/site-packages/airflow/example_dags/example_skip_dag.py
[2022-06-17 12:48:04,538] {logging_mixin.py:115} INFO - [2022-06-17 12:48:04,538] {dag.py:2379} INFO - Sync 1 DAGs
[2022-06-17 12:48:04,554] {logging_mixin.py:115} INFO - [2022-06-17 12:48:04,553] {dag.py:2931} INFO - Setting next_dagrun for example_skip_dag to 2022-06-16T19:48:04.553770+00:00, run_after=2022-06-17T19:48:04.553770+00:00
[2022-06-17 12:48:05,992] {processor.py:161} INFO - Processing /home/jarret/data-engineering-bootcamp/workspace/airflow-code-review/venv/lib/python3.7/site-packages/airflow/example_dags/example_skip_dag.py took 1.482 seconds
[2022-06-17 12:49:24,635] {processor.py:153} INFO - Started process (PID=16634) to work on /home/jarret/data-engineering-bootcamp/workspace/airflow-code-review/venv/lib/python3.7/site-packages/airflow/example_dags/example_skip_dag.py
[2022-06-17 12:49:24,660] {processor.py:641} INFO - Processing file /home/jarret/data-engineering-bootcamp/workspace/airflow-code-review/venv/lib/python3.7/site-packages/airflow/example_dags/example_skip_dag.py for tasks to queue
[2022-06-17 12:49:24,661] {logging_mixin.py:115} INFO - [2022-06-17 12:49:24,661] {dagbag.py:507} INFO - Filling up the DagBag from /home/jarret/data-engineering-bootcamp/workspace/airflow-code-review/venv/lib/python3.7/site-packages/airflow/example_dags/example_skip_dag.py
[2022-06-17 12:49:24,664] {processor.py:651} INFO - DAG(s) dict_keys(['example_skip_dag']) retrieved from /home/jarret/data-engineering-bootcamp/workspace/airflow-code-review/venv/lib/python3.7/site-packages/airflow/example_dags/example_skip_dag.py
[2022-06-17 12:49:24,676] {logging_mixin.py:115} INFO - [2022-06-17 12:49:24,676] {dag.py:2379} INFO - Sync 1 DAGs
[2022-06-17 12:49:24,692] {logging_mixin.py:115} INFO - [2022-06-17 12:49:24,692] {dag.py:2931} INFO - Setting next_dagrun for example_skip_dag to 2022-06-16T19:49:24.692133+00:00, run_after=2022-06-17T19:49:24.692133+00:00
[2022-06-17 12:49:26,136] {processor.py:161} INFO - Processing /home/jarret/data-engineering-bootcamp/workspace/airflow-code-review/venv/lib/python3.7/site-packages/airflow/example_dags/example_skip_dag.py took 1.505 seconds
[2022-06-17 12:50:25,717] {processor.py:153} INFO - Started process (PID=16740) to work on /home/jarret/data-engineering-bootcamp/workspace/airflow-code-review/venv/lib/python3.7/site-packages/airflow/example_dags/example_skip_dag.py
[2022-06-17 12:50:25,846] {processor.py:641} INFO - Processing file /home/jarret/data-engineering-bootcamp/workspace/airflow-code-review/venv/lib/python3.7/site-packages/airflow/example_dags/example_skip_dag.py for tasks to queue
[2022-06-17 12:50:25,847] {logging_mixin.py:115} INFO - [2022-06-17 12:50:25,847] {dagbag.py:507} INFO - Filling up the DagBag from /home/jarret/data-engineering-bootcamp/workspace/airflow-code-review/venv/lib/python3.7/site-packages/airflow/example_dags/example_skip_dag.py
[2022-06-17 12:50:25,855] {processor.py:651} INFO - DAG(s) dict_keys(['example_skip_dag']) retrieved from /home/jarret/data-engineering-bootcamp/workspace/airflow-code-review/venv/lib/python3.7/site-packages/airflow/example_dags/example_skip_dag.py
[2022-06-17 12:50:25,870] {logging_mixin.py:115} INFO - [2022-06-17 12:50:25,870] {dag.py:2379} INFO - Sync 1 DAGs
[2022-06-17 12:50:25,886] {logging_mixin.py:115} INFO - [2022-06-17 12:50:25,886] {dag.py:2931} INFO - Setting next_dagrun for example_skip_dag to 2022-06-16T19:50:25.885854+00:00, run_after=2022-06-17T19:50:25.885854+00:00
[2022-06-17 12:50:26,631] {processor.py:161} INFO - Processing /home/jarret/data-engineering-bootcamp/workspace/airflow-code-review/venv/lib/python3.7/site-packages/airflow/example_dags/example_skip_dag.py took 0.917 seconds
[2022-06-17 12:51:30,852] {processor.py:153} INFO - Started process (PID=16850) to work on /home/jarret/data-engineering-bootcamp/workspace/airflow-code-review/venv/lib/python3.7/site-packages/airflow/example_dags/example_skip_dag.py
[2022-06-17 12:51:30,863] {processor.py:641} INFO - Processing file /home/jarret/data-engineering-bootcamp/workspace/airflow-code-review/venv/lib/python3.7/site-packages/airflow/example_dags/example_skip_dag.py for tasks to queue
[2022-06-17 12:51:30,863] {logging_mixin.py:115} INFO - [2022-06-17 12:51:30,863] {dagbag.py:507} INFO - Filling up the DagBag from /home/jarret/data-engineering-bootcamp/workspace/airflow-code-review/venv/lib/python3.7/site-packages/airflow/example_dags/example_skip_dag.py
[2022-06-17 12:51:30,866] {processor.py:651} INFO - DAG(s) dict_keys(['example_skip_dag']) retrieved from /home/jarret/data-engineering-bootcamp/workspace/airflow-code-review/venv/lib/python3.7/site-packages/airflow/example_dags/example_skip_dag.py
[2022-06-17 12:51:30,878] {logging_mixin.py:115} INFO - [2022-06-17 12:51:30,878] {dag.py:2379} INFO - Sync 1 DAGs
[2022-06-17 12:51:30,893] {logging_mixin.py:115} INFO - [2022-06-17 12:51:30,893] {dag.py:2931} INFO - Setting next_dagrun for example_skip_dag to 2022-06-16T19:51:30.893208+00:00, run_after=2022-06-17T19:51:30.893208+00:00
[2022-06-17 12:51:32,348] {processor.py:161} INFO - Processing /home/jarret/data-engineering-bootcamp/workspace/airflow-code-review/venv/lib/python3.7/site-packages/airflow/example_dags/example_skip_dag.py took 1.499 seconds
[2022-06-17 12:52:33,146] {processor.py:153} INFO - Started process (PID=16950) to work on /home/jarret/data-engineering-bootcamp/workspace/airflow-code-review/venv/lib/python3.7/site-packages/airflow/example_dags/example_skip_dag.py
[2022-06-17 12:52:33,261] {processor.py:641} INFO - Processing file /home/jarret/data-engineering-bootcamp/workspace/airflow-code-review/venv/lib/python3.7/site-packages/airflow/example_dags/example_skip_dag.py for tasks to queue
[2022-06-17 12:52:33,262] {logging_mixin.py:115} INFO - [2022-06-17 12:52:33,262] {dagbag.py:507} INFO - Filling up the DagBag from /home/jarret/data-engineering-bootcamp/workspace/airflow-code-review/venv/lib/python3.7/site-packages/airflow/example_dags/example_skip_dag.py
[2022-06-17 12:52:33,271] {processor.py:651} INFO - DAG(s) dict_keys(['example_skip_dag']) retrieved from /home/jarret/data-engineering-bootcamp/workspace/airflow-code-review/venv/lib/python3.7/site-packages/airflow/example_dags/example_skip_dag.py
[2022-06-17 12:52:33,286] {logging_mixin.py:115} INFO - [2022-06-17 12:52:33,286] {dag.py:2379} INFO - Sync 1 DAGs
[2022-06-17 12:52:33,302] {logging_mixin.py:115} INFO - [2022-06-17 12:52:33,302] {dag.py:2931} INFO - Setting next_dagrun for example_skip_dag to 2022-06-16T19:52:33.302450+00:00, run_after=2022-06-17T19:52:33.302450+00:00
[2022-06-17 12:52:34,242] {processor.py:161} INFO - Processing /home/jarret/data-engineering-bootcamp/workspace/airflow-code-review/venv/lib/python3.7/site-packages/airflow/example_dags/example_skip_dag.py took 1.099 seconds
[2022-06-17 12:53:40,535] {processor.py:153} INFO - Started process (PID=16999) to work on /home/jarret/data-engineering-bootcamp/workspace/airflow-code-review/venv/lib/python3.7/site-packages/airflow/example_dags/example_skip_dag.py
[2022-06-17 12:53:40,564] {processor.py:641} INFO - Processing file /home/jarret/data-engineering-bootcamp/workspace/airflow-code-review/venv/lib/python3.7/site-packages/airflow/example_dags/example_skip_dag.py for tasks to queue
[2022-06-17 12:53:40,565] {logging_mixin.py:115} INFO - [2022-06-17 12:53:40,564] {dagbag.py:507} INFO - Filling up the DagBag from /home/jarret/data-engineering-bootcamp/workspace/airflow-code-review/venv/lib/python3.7/site-packages/airflow/example_dags/example_skip_dag.py
[2022-06-17 12:53:40,569] {processor.py:651} INFO - DAG(s) dict_keys(['example_skip_dag']) retrieved from /home/jarret/data-engineering-bootcamp/workspace/airflow-code-review/venv/lib/python3.7/site-packages/airflow/example_dags/example_skip_dag.py
[2022-06-17 12:53:40,583] {logging_mixin.py:115} INFO - [2022-06-17 12:53:40,583] {dag.py:2379} INFO - Sync 1 DAGs
[2022-06-17 12:53:40,598] {logging_mixin.py:115} INFO - [2022-06-17 12:53:40,598] {dag.py:2931} INFO - Setting next_dagrun for example_skip_dag to 2022-06-16T19:53:40.598186+00:00, run_after=2022-06-17T19:53:40.598186+00:00
[2022-06-17 12:53:41,151] {processor.py:161} INFO - Processing /home/jarret/data-engineering-bootcamp/workspace/airflow-code-review/venv/lib/python3.7/site-packages/airflow/example_dags/example_skip_dag.py took 0.619 seconds
[2022-06-17 12:54:51,858] {processor.py:153} INFO - Started process (PID=17078) to work on /home/jarret/data-engineering-bootcamp/workspace/airflow-code-review/venv/lib/python3.7/site-packages/airflow/example_dags/example_skip_dag.py
[2022-06-17 12:54:51,859] {processor.py:641} INFO - Processing file /home/jarret/data-engineering-bootcamp/workspace/airflow-code-review/venv/lib/python3.7/site-packages/airflow/example_dags/example_skip_dag.py for tasks to queue
[2022-06-17 12:54:51,860] {logging_mixin.py:115} INFO - [2022-06-17 12:54:51,860] {dagbag.py:507} INFO - Filling up the DagBag from /home/jarret/data-engineering-bootcamp/workspace/airflow-code-review/venv/lib/python3.7/site-packages/airflow/example_dags/example_skip_dag.py
[2022-06-17 12:54:51,863] {processor.py:651} INFO - DAG(s) dict_keys(['example_skip_dag']) retrieved from /home/jarret/data-engineering-bootcamp/workspace/airflow-code-review/venv/lib/python3.7/site-packages/airflow/example_dags/example_skip_dag.py
[2022-06-17 12:54:51,875] {logging_mixin.py:115} INFO - [2022-06-17 12:54:51,875] {dag.py:2379} INFO - Sync 1 DAGs
[2022-06-17 12:54:51,890] {logging_mixin.py:115} INFO - [2022-06-17 12:54:51,890] {dag.py:2931} INFO - Setting next_dagrun for example_skip_dag to 2022-06-16T19:54:51.890497+00:00, run_after=2022-06-17T19:54:51.890497+00:00
[2022-06-17 12:54:52,405] {processor.py:161} INFO - Processing /home/jarret/data-engineering-bootcamp/workspace/airflow-code-review/venv/lib/python3.7/site-packages/airflow/example_dags/example_skip_dag.py took 0.550 seconds
[2022-06-17 12:55:48,650] {processor.py:153} INFO - Started process (PID=17120) to work on /home/jarret/data-engineering-bootcamp/workspace/airflow-code-review/venv/lib/python3.7/site-packages/airflow/example_dags/example_skip_dag.py
[2022-06-17 12:55:48,651] {processor.py:641} INFO - Processing file /home/jarret/data-engineering-bootcamp/workspace/airflow-code-review/venv/lib/python3.7/site-packages/airflow/example_dags/example_skip_dag.py for tasks to queue
[2022-06-17 12:55:48,651] {logging_mixin.py:115} INFO - [2022-06-17 12:55:48,651] {dagbag.py:507} INFO - Filling up the DagBag from /home/jarret/data-engineering-bootcamp/workspace/airflow-code-review/venv/lib/python3.7/site-packages/airflow/example_dags/example_skip_dag.py
[2022-06-17 12:55:48,655] {processor.py:651} INFO - DAG(s) dict_keys(['example_skip_dag']) retrieved from /home/jarret/data-engineering-bootcamp/workspace/airflow-code-review/venv/lib/python3.7/site-packages/airflow/example_dags/example_skip_dag.py
[2022-06-17 12:55:48,667] {logging_mixin.py:115} INFO - [2022-06-17 12:55:48,666] {dag.py:2379} INFO - Sync 1 DAGs
[2022-06-17 12:55:48,682] {logging_mixin.py:115} INFO - [2022-06-17 12:55:48,682] {dag.py:2931} INFO - Setting next_dagrun for example_skip_dag to 2022-06-16T19:55:48.681851+00:00, run_after=2022-06-17T19:55:48.681851+00:00
[2022-06-17 12:55:49,114] {processor.py:161} INFO - Processing /home/jarret/data-engineering-bootcamp/workspace/airflow-code-review/venv/lib/python3.7/site-packages/airflow/example_dags/example_skip_dag.py took 0.468 seconds
[2022-06-17 12:56:39,213] {processor.py:153} INFO - Started process (PID=17219) to work on /home/jarret/data-engineering-bootcamp/workspace/airflow-code-review/venv/lib/python3.7/site-packages/airflow/example_dags/example_skip_dag.py
[2022-06-17 12:56:39,236] {processor.py:641} INFO - Processing file /home/jarret/data-engineering-bootcamp/workspace/airflow-code-review/venv/lib/python3.7/site-packages/airflow/example_dags/example_skip_dag.py for tasks to queue
[2022-06-17 12:56:39,236] {logging_mixin.py:115} INFO - [2022-06-17 12:56:39,236] {dagbag.py:507} INFO - Filling up the DagBag from /home/jarret/data-engineering-bootcamp/workspace/airflow-code-review/venv/lib/python3.7/site-packages/airflow/example_dags/example_skip_dag.py
[2022-06-17 12:56:39,239] {processor.py:651} INFO - DAG(s) dict_keys(['example_skip_dag']) retrieved from /home/jarret/data-engineering-bootcamp/workspace/airflow-code-review/venv/lib/python3.7/site-packages/airflow/example_dags/example_skip_dag.py
[2022-06-17 12:56:39,251] {logging_mixin.py:115} INFO - [2022-06-17 12:56:39,251] {dag.py:2379} INFO - Sync 1 DAGs
[2022-06-17 12:56:39,267] {logging_mixin.py:115} INFO - [2022-06-17 12:56:39,267] {dag.py:2931} INFO - Setting next_dagrun for example_skip_dag to 2022-06-16T19:56:39.266839+00:00, run_after=2022-06-17T19:56:39.266839+00:00
[2022-06-17 12:56:39,739] {processor.py:161} INFO - Processing /home/jarret/data-engineering-bootcamp/workspace/airflow-code-review/venv/lib/python3.7/site-packages/airflow/example_dags/example_skip_dag.py took 0.530 seconds
[2022-06-17 12:57:44,304] {processor.py:153} INFO - Started process (PID=17261) to work on /home/jarret/data-engineering-bootcamp/workspace/airflow-code-review/venv/lib/python3.7/site-packages/airflow/example_dags/example_skip_dag.py
[2022-06-17 12:57:44,305] {processor.py:641} INFO - Processing file /home/jarret/data-engineering-bootcamp/workspace/airflow-code-review/venv/lib/python3.7/site-packages/airflow/example_dags/example_skip_dag.py for tasks to queue
[2022-06-17 12:57:44,306] {logging_mixin.py:115} INFO - [2022-06-17 12:57:44,306] {dagbag.py:507} INFO - Filling up the DagBag from /home/jarret/data-engineering-bootcamp/workspace/airflow-code-review/venv/lib/python3.7/site-packages/airflow/example_dags/example_skip_dag.py
[2022-06-17 12:57:44,313] {processor.py:651} INFO - DAG(s) dict_keys(['example_skip_dag']) retrieved from /home/jarret/data-engineering-bootcamp/workspace/airflow-code-review/venv/lib/python3.7/site-packages/airflow/example_dags/example_skip_dag.py
[2022-06-17 12:57:44,327] {logging_mixin.py:115} INFO - [2022-06-17 12:57:44,327] {dag.py:2379} INFO - Sync 1 DAGs
[2022-06-17 12:57:44,342] {logging_mixin.py:115} INFO - [2022-06-17 12:57:44,342] {dag.py:2931} INFO - Setting next_dagrun for example_skip_dag to 2022-06-16T19:57:44.341861+00:00, run_after=2022-06-17T19:57:44.341861+00:00
[2022-06-17 12:57:44,475] {processor.py:161} INFO - Processing /home/jarret/data-engineering-bootcamp/workspace/airflow-code-review/venv/lib/python3.7/site-packages/airflow/example_dags/example_skip_dag.py took 0.174 seconds
[2022-06-17 12:58:53,450] {processor.py:153} INFO - Started process (PID=17359) to work on /home/jarret/data-engineering-bootcamp/workspace/airflow-code-review/venv/lib/python3.7/site-packages/airflow/example_dags/example_skip_dag.py
[2022-06-17 12:58:53,451] {processor.py:641} INFO - Processing file /home/jarret/data-engineering-bootcamp/workspace/airflow-code-review/venv/lib/python3.7/site-packages/airflow/example_dags/example_skip_dag.py for tasks to queue
[2022-06-17 12:58:53,452] {logging_mixin.py:115} INFO - [2022-06-17 12:58:53,452] {dagbag.py:507} INFO - Filling up the DagBag from /home/jarret/data-engineering-bootcamp/workspace/airflow-code-review/venv/lib/python3.7/site-packages/airflow/example_dags/example_skip_dag.py
[2022-06-17 12:58:53,459] {processor.py:651} INFO - DAG(s) dict_keys(['example_skip_dag']) retrieved from /home/jarret/data-engineering-bootcamp/workspace/airflow-code-review/venv/lib/python3.7/site-packages/airflow/example_dags/example_skip_dag.py
[2022-06-17 12:58:53,474] {logging_mixin.py:115} INFO - [2022-06-17 12:58:53,474] {dag.py:2379} INFO - Sync 1 DAGs
[2022-06-17 12:58:53,489] {logging_mixin.py:115} INFO - [2022-06-17 12:58:53,489] {dag.py:2931} INFO - Setting next_dagrun for example_skip_dag to 2022-06-16T19:58:53.489380+00:00, run_after=2022-06-17T19:58:53.489380+00:00
[2022-06-17 12:58:53,832] {processor.py:161} INFO - Processing /home/jarret/data-engineering-bootcamp/workspace/airflow-code-review/venv/lib/python3.7/site-packages/airflow/example_dags/example_skip_dag.py took 0.386 seconds
[2022-06-17 12:59:36,164] {processor.py:153} INFO - Started process (PID=17444) to work on /home/jarret/data-engineering-bootcamp/workspace/airflow-code-review/venv/lib/python3.7/site-packages/airflow/example_dags/example_skip_dag.py
[2022-06-17 12:59:36,173] {processor.py:641} INFO - Processing file /home/jarret/data-engineering-bootcamp/workspace/airflow-code-review/venv/lib/python3.7/site-packages/airflow/example_dags/example_skip_dag.py for tasks to queue
[2022-06-17 12:59:36,174] {logging_mixin.py:115} INFO - [2022-06-17 12:59:36,174] {dagbag.py:507} INFO - Filling up the DagBag from /home/jarret/data-engineering-bootcamp/workspace/airflow-code-review/venv/lib/python3.7/site-packages/airflow/example_dags/example_skip_dag.py
[2022-06-17 12:59:36,177] {processor.py:651} INFO - DAG(s) dict_keys(['example_skip_dag']) retrieved from /home/jarret/data-engineering-bootcamp/workspace/airflow-code-review/venv/lib/python3.7/site-packages/airflow/example_dags/example_skip_dag.py
[2022-06-17 12:59:36,191] {logging_mixin.py:115} INFO - [2022-06-17 12:59:36,191] {dag.py:2379} INFO - Sync 1 DAGs
[2022-06-17 12:59:36,207] {logging_mixin.py:115} INFO - [2022-06-17 12:59:36,207] {dag.py:2931} INFO - Setting next_dagrun for example_skip_dag to 2022-06-16T19:59:36.207334+00:00, run_after=2022-06-17T19:59:36.207334+00:00
[2022-06-17 12:59:36,331] {processor.py:161} INFO - Processing /home/jarret/data-engineering-bootcamp/workspace/airflow-code-review/venv/lib/python3.7/site-packages/airflow/example_dags/example_skip_dag.py took 0.171 seconds
[2022-06-17 13:00:41,221] {processor.py:153} INFO - Started process (PID=17543) to work on /home/jarret/data-engineering-bootcamp/workspace/airflow-code-review/venv/lib/python3.7/site-packages/airflow/example_dags/example_skip_dag.py
[2022-06-17 13:00:41,244] {processor.py:641} INFO - Processing file /home/jarret/data-engineering-bootcamp/workspace/airflow-code-review/venv/lib/python3.7/site-packages/airflow/example_dags/example_skip_dag.py for tasks to queue
[2022-06-17 13:00:41,244] {logging_mixin.py:115} INFO - [2022-06-17 13:00:41,244] {dagbag.py:507} INFO - Filling up the DagBag from /home/jarret/data-engineering-bootcamp/workspace/airflow-code-review/venv/lib/python3.7/site-packages/airflow/example_dags/example_skip_dag.py
[2022-06-17 13:00:41,248] {processor.py:651} INFO - DAG(s) dict_keys(['example_skip_dag']) retrieved from /home/jarret/data-engineering-bootcamp/workspace/airflow-code-review/venv/lib/python3.7/site-packages/airflow/example_dags/example_skip_dag.py
[2022-06-17 13:00:41,262] {logging_mixin.py:115} INFO - [2022-06-17 13:00:41,262] {dag.py:2379} INFO - Sync 1 DAGs
[2022-06-17 13:00:41,277] {logging_mixin.py:115} INFO - [2022-06-17 13:00:41,277] {dag.py:2931} INFO - Setting next_dagrun for example_skip_dag to 2022-06-16T20:00:41.277681+00:00, run_after=2022-06-17T20:00:41.277681+00:00
[2022-06-17 13:00:42,805] {processor.py:161} INFO - Processing /home/jarret/data-engineering-bootcamp/workspace/airflow-code-review/venv/lib/python3.7/site-packages/airflow/example_dags/example_skip_dag.py took 1.587 seconds
[2022-06-17 13:01:42,063] {processor.py:153} INFO - Started process (PID=17650) to work on /home/jarret/data-engineering-bootcamp/workspace/airflow-code-review/venv/lib/python3.7/site-packages/airflow/example_dags/example_skip_dag.py
[2022-06-17 13:01:42,065] {processor.py:641} INFO - Processing file /home/jarret/data-engineering-bootcamp/workspace/airflow-code-review/venv/lib/python3.7/site-packages/airflow/example_dags/example_skip_dag.py for tasks to queue
[2022-06-17 13:01:42,065] {logging_mixin.py:115} INFO - [2022-06-17 13:01:42,065] {dagbag.py:507} INFO - Filling up the DagBag from /home/jarret/data-engineering-bootcamp/workspace/airflow-code-review/venv/lib/python3.7/site-packages/airflow/example_dags/example_skip_dag.py
[2022-06-17 13:01:42,071] {processor.py:651} INFO - DAG(s) dict_keys(['example_skip_dag']) retrieved from /home/jarret/data-engineering-bootcamp/workspace/airflow-code-review/venv/lib/python3.7/site-packages/airflow/example_dags/example_skip_dag.py
[2022-06-17 13:01:42,083] {logging_mixin.py:115} INFO - [2022-06-17 13:01:42,083] {dag.py:2379} INFO - Sync 1 DAGs
[2022-06-17 13:01:42,098] {logging_mixin.py:115} INFO - [2022-06-17 13:01:42,098] {dag.py:2931} INFO - Setting next_dagrun for example_skip_dag to 2022-06-16T20:01:42.098508+00:00, run_after=2022-06-17T20:01:42.098508+00:00
[2022-06-17 13:01:42,370] {processor.py:161} INFO - Processing /home/jarret/data-engineering-bootcamp/workspace/airflow-code-review/venv/lib/python3.7/site-packages/airflow/example_dags/example_skip_dag.py took 0.310 seconds
[2022-06-17 13:02:27,574] {processor.py:153} INFO - Started process (PID=17742) to work on /home/jarret/data-engineering-bootcamp/workspace/airflow-code-review/venv/lib/python3.7/site-packages/airflow/example_dags/example_skip_dag.py
[2022-06-17 13:02:27,575] {processor.py:641} INFO - Processing file /home/jarret/data-engineering-bootcamp/workspace/airflow-code-review/venv/lib/python3.7/site-packages/airflow/example_dags/example_skip_dag.py for tasks to queue
[2022-06-17 13:02:27,576] {logging_mixin.py:115} INFO - [2022-06-17 13:02:27,576] {dagbag.py:507} INFO - Filling up the DagBag from /home/jarret/data-engineering-bootcamp/workspace/airflow-code-review/venv/lib/python3.7/site-packages/airflow/example_dags/example_skip_dag.py
[2022-06-17 13:02:27,582] {processor.py:651} INFO - DAG(s) dict_keys(['example_skip_dag']) retrieved from /home/jarret/data-engineering-bootcamp/workspace/airflow-code-review/venv/lib/python3.7/site-packages/airflow/example_dags/example_skip_dag.py
[2022-06-17 13:02:27,594] {logging_mixin.py:115} INFO - [2022-06-17 13:02:27,594] {dag.py:2379} INFO - Sync 1 DAGs
[2022-06-17 13:02:27,609] {logging_mixin.py:115} INFO - [2022-06-17 13:02:27,609] {dag.py:2931} INFO - Setting next_dagrun for example_skip_dag to 2022-06-16T20:02:27.608894+00:00, run_after=2022-06-17T20:02:27.608894+00:00
[2022-06-17 13:02:28,971] {processor.py:161} INFO - Processing /home/jarret/data-engineering-bootcamp/workspace/airflow-code-review/venv/lib/python3.7/site-packages/airflow/example_dags/example_skip_dag.py took 1.400 seconds
[2022-06-17 13:03:49,131] {processor.py:153} INFO - Started process (PID=17885) to work on /home/jarret/data-engineering-bootcamp/workspace/airflow-code-review/venv/lib/python3.7/site-packages/airflow/example_dags/example_skip_dag.py
[2022-06-17 13:03:49,132] {processor.py:641} INFO - Processing file /home/jarret/data-engineering-bootcamp/workspace/airflow-code-review/venv/lib/python3.7/site-packages/airflow/example_dags/example_skip_dag.py for tasks to queue
[2022-06-17 13:03:49,133] {logging_mixin.py:115} INFO - [2022-06-17 13:03:49,133] {dagbag.py:507} INFO - Filling up the DagBag from /home/jarret/data-engineering-bootcamp/workspace/airflow-code-review/venv/lib/python3.7/site-packages/airflow/example_dags/example_skip_dag.py
[2022-06-17 13:03:49,137] {processor.py:651} INFO - DAG(s) dict_keys(['example_skip_dag']) retrieved from /home/jarret/data-engineering-bootcamp/workspace/airflow-code-review/venv/lib/python3.7/site-packages/airflow/example_dags/example_skip_dag.py
[2022-06-17 13:03:49,149] {logging_mixin.py:115} INFO - [2022-06-17 13:03:49,149] {dag.py:2379} INFO - Sync 1 DAGs
[2022-06-17 13:03:49,164] {logging_mixin.py:115} INFO - [2022-06-17 13:03:49,164] {dag.py:2931} INFO - Setting next_dagrun for example_skip_dag to 2022-06-16T20:03:49.164139+00:00, run_after=2022-06-17T20:03:49.164139+00:00
[2022-06-17 13:03:49,304] {processor.py:161} INFO - Processing /home/jarret/data-engineering-bootcamp/workspace/airflow-code-review/venv/lib/python3.7/site-packages/airflow/example_dags/example_skip_dag.py took 0.176 seconds
[2022-06-17 13:04:51,622] {processor.py:153} INFO - Started process (PID=17978) to work on /home/jarret/data-engineering-bootcamp/workspace/airflow-code-review/venv/lib/python3.7/site-packages/airflow/example_dags/example_skip_dag.py
[2022-06-17 13:04:51,634] {processor.py:641} INFO - Processing file /home/jarret/data-engineering-bootcamp/workspace/airflow-code-review/venv/lib/python3.7/site-packages/airflow/example_dags/example_skip_dag.py for tasks to queue
[2022-06-17 13:04:51,634] {logging_mixin.py:115} INFO - [2022-06-17 13:04:51,634] {dagbag.py:507} INFO - Filling up the DagBag from /home/jarret/data-engineering-bootcamp/workspace/airflow-code-review/venv/lib/python3.7/site-packages/airflow/example_dags/example_skip_dag.py
[2022-06-17 13:04:51,637] {processor.py:651} INFO - DAG(s) dict_keys(['example_skip_dag']) retrieved from /home/jarret/data-engineering-bootcamp/workspace/airflow-code-review/venv/lib/python3.7/site-packages/airflow/example_dags/example_skip_dag.py
[2022-06-17 13:04:51,649] {logging_mixin.py:115} INFO - [2022-06-17 13:04:51,649] {dag.py:2379} INFO - Sync 1 DAGs
[2022-06-17 13:04:51,665] {logging_mixin.py:115} INFO - [2022-06-17 13:04:51,665] {dag.py:2931} INFO - Setting next_dagrun for example_skip_dag to 2022-06-16T20:04:51.665619+00:00, run_after=2022-06-17T20:04:51.665619+00:00
[2022-06-17 13:04:52,993] {processor.py:161} INFO - Processing /home/jarret/data-engineering-bootcamp/workspace/airflow-code-review/venv/lib/python3.7/site-packages/airflow/example_dags/example_skip_dag.py took 1.373 seconds
[2022-06-17 13:05:40,095] {processor.py:153} INFO - Started process (PID=18018) to work on /home/jarret/data-engineering-bootcamp/workspace/airflow-code-review/venv/lib/python3.7/site-packages/airflow/example_dags/example_skip_dag.py
[2022-06-17 13:05:40,107] {processor.py:641} INFO - Processing file /home/jarret/data-engineering-bootcamp/workspace/airflow-code-review/venv/lib/python3.7/site-packages/airflow/example_dags/example_skip_dag.py for tasks to queue
[2022-06-17 13:05:40,107] {logging_mixin.py:115} INFO - [2022-06-17 13:05:40,107] {dagbag.py:507} INFO - Filling up the DagBag from /home/jarret/data-engineering-bootcamp/workspace/airflow-code-review/venv/lib/python3.7/site-packages/airflow/example_dags/example_skip_dag.py
[2022-06-17 13:05:40,115] {processor.py:651} INFO - DAG(s) dict_keys(['example_skip_dag']) retrieved from /home/jarret/data-engineering-bootcamp/workspace/airflow-code-review/venv/lib/python3.7/site-packages/airflow/example_dags/example_skip_dag.py
[2022-06-17 13:05:40,131] {logging_mixin.py:115} INFO - [2022-06-17 13:05:40,131] {dag.py:2379} INFO - Sync 1 DAGs
[2022-06-17 13:05:40,146] {logging_mixin.py:115} INFO - [2022-06-17 13:05:40,146] {dag.py:2931} INFO - Setting next_dagrun for example_skip_dag to 2022-06-16T20:05:40.146245+00:00, run_after=2022-06-17T20:05:40.146245+00:00
[2022-06-17 13:05:40,277] {processor.py:161} INFO - Processing /home/jarret/data-engineering-bootcamp/workspace/airflow-code-review/venv/lib/python3.7/site-packages/airflow/example_dags/example_skip_dag.py took 0.184 seconds
[2022-06-17 13:06:40,958] {processor.py:153} INFO - Started process (PID=18086) to work on /home/jarret/data-engineering-bootcamp/workspace/airflow-code-review/venv/lib/python3.7/site-packages/airflow/example_dags/example_skip_dag.py
[2022-06-17 13:06:40,959] {processor.py:641} INFO - Processing file /home/jarret/data-engineering-bootcamp/workspace/airflow-code-review/venv/lib/python3.7/site-packages/airflow/example_dags/example_skip_dag.py for tasks to queue
[2022-06-17 13:06:40,959] {logging_mixin.py:115} INFO - [2022-06-17 13:06:40,959] {dagbag.py:507} INFO - Filling up the DagBag from /home/jarret/data-engineering-bootcamp/workspace/airflow-code-review/venv/lib/python3.7/site-packages/airflow/example_dags/example_skip_dag.py
[2022-06-17 13:06:40,965] {processor.py:651} INFO - DAG(s) dict_keys(['example_skip_dag']) retrieved from /home/jarret/data-engineering-bootcamp/workspace/airflow-code-review/venv/lib/python3.7/site-packages/airflow/example_dags/example_skip_dag.py
[2022-06-17 13:06:40,977] {logging_mixin.py:115} INFO - [2022-06-17 13:06:40,977] {dag.py:2379} INFO - Sync 1 DAGs
[2022-06-17 13:06:40,993] {logging_mixin.py:115} INFO - [2022-06-17 13:06:40,993] {dag.py:2931} INFO - Setting next_dagrun for example_skip_dag to 2022-06-16T20:06:40.993246+00:00, run_after=2022-06-17T20:06:40.993246+00:00
[2022-06-17 13:06:41,163] {processor.py:161} INFO - Processing /home/jarret/data-engineering-bootcamp/workspace/airflow-code-review/venv/lib/python3.7/site-packages/airflow/example_dags/example_skip_dag.py took 0.209 seconds
[2022-06-17 13:07:33,910] {processor.py:153} INFO - Started process (PID=18191) to work on /home/jarret/data-engineering-bootcamp/workspace/airflow-code-review/venv/lib/python3.7/site-packages/airflow/example_dags/example_skip_dag.py
[2022-06-17 13:07:33,980] {processor.py:641} INFO - Processing file /home/jarret/data-engineering-bootcamp/workspace/airflow-code-review/venv/lib/python3.7/site-packages/airflow/example_dags/example_skip_dag.py for tasks to queue
[2022-06-17 13:07:33,981] {logging_mixin.py:115} INFO - [2022-06-17 13:07:33,981] {dagbag.py:507} INFO - Filling up the DagBag from /home/jarret/data-engineering-bootcamp/workspace/airflow-code-review/venv/lib/python3.7/site-packages/airflow/example_dags/example_skip_dag.py
[2022-06-17 13:07:33,988] {processor.py:651} INFO - DAG(s) dict_keys(['example_skip_dag']) retrieved from /home/jarret/data-engineering-bootcamp/workspace/airflow-code-review/venv/lib/python3.7/site-packages/airflow/example_dags/example_skip_dag.py
[2022-06-17 13:07:34,000] {logging_mixin.py:115} INFO - [2022-06-17 13:07:34,000] {dag.py:2379} INFO - Sync 1 DAGs
[2022-06-17 13:07:34,015] {logging_mixin.py:115} INFO - [2022-06-17 13:07:34,015] {dag.py:2931} INFO - Setting next_dagrun for example_skip_dag to 2022-06-16T20:07:34.015426+00:00, run_after=2022-06-17T20:07:34.015426+00:00
[2022-06-17 13:07:34,916] {processor.py:161} INFO - Processing /home/jarret/data-engineering-bootcamp/workspace/airflow-code-review/venv/lib/python3.7/site-packages/airflow/example_dags/example_skip_dag.py took 1.009 seconds
[2022-06-17 13:08:23,535] {processor.py:153} INFO - Started process (PID=18297) to work on /home/jarret/data-engineering-bootcamp/workspace/airflow-code-review/venv/lib/python3.7/site-packages/airflow/example_dags/example_skip_dag.py
[2022-06-17 13:08:23,535] {processor.py:641} INFO - Processing file /home/jarret/data-engineering-bootcamp/workspace/airflow-code-review/venv/lib/python3.7/site-packages/airflow/example_dags/example_skip_dag.py for tasks to queue
[2022-06-17 13:08:23,536] {logging_mixin.py:115} INFO - [2022-06-17 13:08:23,536] {dagbag.py:507} INFO - Filling up the DagBag from /home/jarret/data-engineering-bootcamp/workspace/airflow-code-review/venv/lib/python3.7/site-packages/airflow/example_dags/example_skip_dag.py
[2022-06-17 13:08:23,539] {processor.py:651} INFO - DAG(s) dict_keys(['example_skip_dag']) retrieved from /home/jarret/data-engineering-bootcamp/workspace/airflow-code-review/venv/lib/python3.7/site-packages/airflow/example_dags/example_skip_dag.py
[2022-06-17 13:08:23,551] {logging_mixin.py:115} INFO - [2022-06-17 13:08:23,551] {dag.py:2379} INFO - Sync 1 DAGs
[2022-06-17 13:08:23,566] {logging_mixin.py:115} INFO - [2022-06-17 13:08:23,566] {dag.py:2931} INFO - Setting next_dagrun for example_skip_dag to 2022-06-16T20:08:23.566171+00:00, run_after=2022-06-17T20:08:23.566171+00:00
[2022-06-17 13:08:23,707] {processor.py:161} INFO - Processing /home/jarret/data-engineering-bootcamp/workspace/airflow-code-review/venv/lib/python3.7/site-packages/airflow/example_dags/example_skip_dag.py took 0.175 seconds
[2022-06-17 13:09:03,352] {processor.py:153} INFO - Started process (PID=18383) to work on /home/jarret/data-engineering-bootcamp/workspace/airflow-code-review/venv/lib/python3.7/site-packages/airflow/example_dags/example_skip_dag.py
[2022-06-17 13:09:03,364] {processor.py:641} INFO - Processing file /home/jarret/data-engineering-bootcamp/workspace/airflow-code-review/venv/lib/python3.7/site-packages/airflow/example_dags/example_skip_dag.py for tasks to queue
[2022-06-17 13:09:03,364] {logging_mixin.py:115} INFO - [2022-06-17 13:09:03,364] {dagbag.py:507} INFO - Filling up the DagBag from /home/jarret/data-engineering-bootcamp/workspace/airflow-code-review/venv/lib/python3.7/site-packages/airflow/example_dags/example_skip_dag.py
[2022-06-17 13:09:03,368] {processor.py:651} INFO - DAG(s) dict_keys(['example_skip_dag']) retrieved from /home/jarret/data-engineering-bootcamp/workspace/airflow-code-review/venv/lib/python3.7/site-packages/airflow/example_dags/example_skip_dag.py
[2022-06-17 13:09:03,380] {logging_mixin.py:115} INFO - [2022-06-17 13:09:03,379] {dag.py:2379} INFO - Sync 1 DAGs
[2022-06-17 13:09:03,395] {logging_mixin.py:115} INFO - [2022-06-17 13:09:03,395] {dag.py:2931} INFO - Setting next_dagrun for example_skip_dag to 2022-06-16T20:09:03.394827+00:00, run_after=2022-06-17T20:09:03.394827+00:00
[2022-06-17 13:09:03,518] {processor.py:161} INFO - Processing /home/jarret/data-engineering-bootcamp/workspace/airflow-code-review/venv/lib/python3.7/site-packages/airflow/example_dags/example_skip_dag.py took 0.169 seconds
[2022-06-17 13:09:58,838] {processor.py:153} INFO - Started process (PID=18476) to work on /home/jarret/data-engineering-bootcamp/workspace/airflow-code-review/venv/lib/python3.7/site-packages/airflow/example_dags/example_skip_dag.py
[2022-06-17 13:09:58,842] {processor.py:641} INFO - Processing file /home/jarret/data-engineering-bootcamp/workspace/airflow-code-review/venv/lib/python3.7/site-packages/airflow/example_dags/example_skip_dag.py for tasks to queue
[2022-06-17 13:09:58,842] {logging_mixin.py:115} INFO - [2022-06-17 13:09:58,842] {dagbag.py:507} INFO - Filling up the DagBag from /home/jarret/data-engineering-bootcamp/workspace/airflow-code-review/venv/lib/python3.7/site-packages/airflow/example_dags/example_skip_dag.py
[2022-06-17 13:09:58,846] {processor.py:651} INFO - DAG(s) dict_keys(['example_skip_dag']) retrieved from /home/jarret/data-engineering-bootcamp/workspace/airflow-code-review/venv/lib/python3.7/site-packages/airflow/example_dags/example_skip_dag.py
[2022-06-17 13:09:58,858] {logging_mixin.py:115} INFO - [2022-06-17 13:09:58,858] {dag.py:2379} INFO - Sync 1 DAGs
[2022-06-17 13:09:58,873] {logging_mixin.py:115} INFO - [2022-06-17 13:09:58,873] {dag.py:2931} INFO - Setting next_dagrun for example_skip_dag to 2022-06-16T20:09:58.873036+00:00, run_after=2022-06-17T20:09:58.873036+00:00
[2022-06-17 13:09:58,995] {processor.py:161} INFO - Processing /home/jarret/data-engineering-bootcamp/workspace/airflow-code-review/venv/lib/python3.7/site-packages/airflow/example_dags/example_skip_dag.py took 0.160 seconds
[2022-06-17 13:10:50,774] {processor.py:153} INFO - Started process (PID=18559) to work on /home/jarret/data-engineering-bootcamp/workspace/airflow-code-review/venv/lib/python3.7/site-packages/airflow/example_dags/example_skip_dag.py
[2022-06-17 13:10:50,785] {processor.py:641} INFO - Processing file /home/jarret/data-engineering-bootcamp/workspace/airflow-code-review/venv/lib/python3.7/site-packages/airflow/example_dags/example_skip_dag.py for tasks to queue
[2022-06-17 13:10:50,785] {logging_mixin.py:115} INFO - [2022-06-17 13:10:50,785] {dagbag.py:507} INFO - Filling up the DagBag from /home/jarret/data-engineering-bootcamp/workspace/airflow-code-review/venv/lib/python3.7/site-packages/airflow/example_dags/example_skip_dag.py
[2022-06-17 13:10:50,791] {processor.py:651} INFO - DAG(s) dict_keys(['example_skip_dag']) retrieved from /home/jarret/data-engineering-bootcamp/workspace/airflow-code-review/venv/lib/python3.7/site-packages/airflow/example_dags/example_skip_dag.py
[2022-06-17 13:10:50,802] {logging_mixin.py:115} INFO - [2022-06-17 13:10:50,802] {dag.py:2379} INFO - Sync 1 DAGs
[2022-06-17 13:10:50,817] {logging_mixin.py:115} INFO - [2022-06-17 13:10:50,817] {dag.py:2931} INFO - Setting next_dagrun for example_skip_dag to 2022-06-16T20:10:50.817308+00:00, run_after=2022-06-17T20:10:50.817308+00:00
[2022-06-17 13:10:50,936] {processor.py:161} INFO - Processing /home/jarret/data-engineering-bootcamp/workspace/airflow-code-review/venv/lib/python3.7/site-packages/airflow/example_dags/example_skip_dag.py took 0.166 seconds
[2022-06-17 13:11:42,211] {processor.py:153} INFO - Started process (PID=18666) to work on /home/jarret/data-engineering-bootcamp/workspace/airflow-code-review/venv/lib/python3.7/site-packages/airflow/example_dags/example_skip_dag.py
[2022-06-17 13:11:42,272] {processor.py:641} INFO - Processing file /home/jarret/data-engineering-bootcamp/workspace/airflow-code-review/venv/lib/python3.7/site-packages/airflow/example_dags/example_skip_dag.py for tasks to queue
[2022-06-17 13:11:42,273] {logging_mixin.py:115} INFO - [2022-06-17 13:11:42,273] {dagbag.py:507} INFO - Filling up the DagBag from /home/jarret/data-engineering-bootcamp/workspace/airflow-code-review/venv/lib/python3.7/site-packages/airflow/example_dags/example_skip_dag.py
[2022-06-17 13:11:42,280] {processor.py:651} INFO - DAG(s) dict_keys(['example_skip_dag']) retrieved from /home/jarret/data-engineering-bootcamp/workspace/airflow-code-review/venv/lib/python3.7/site-packages/airflow/example_dags/example_skip_dag.py
[2022-06-17 13:11:42,295] {logging_mixin.py:115} INFO - [2022-06-17 13:11:42,295] {dag.py:2379} INFO - Sync 1 DAGs
[2022-06-17 13:11:42,312] {logging_mixin.py:115} INFO - [2022-06-17 13:11:42,311] {dag.py:2931} INFO - Setting next_dagrun for example_skip_dag to 2022-06-16T20:11:42.311776+00:00, run_after=2022-06-17T20:11:42.311776+00:00
[2022-06-17 13:11:42,706] {processor.py:161} INFO - Processing /home/jarret/data-engineering-bootcamp/workspace/airflow-code-review/venv/lib/python3.7/site-packages/airflow/example_dags/example_skip_dag.py took 0.499 seconds
[2022-06-17 13:12:41,577] {processor.py:153} INFO - Started process (PID=18785) to work on /home/jarret/data-engineering-bootcamp/workspace/airflow-code-review/venv/lib/python3.7/site-packages/airflow/example_dags/example_skip_dag.py
[2022-06-17 13:12:41,605] {processor.py:641} INFO - Processing file /home/jarret/data-engineering-bootcamp/workspace/airflow-code-review/venv/lib/python3.7/site-packages/airflow/example_dags/example_skip_dag.py for tasks to queue
[2022-06-17 13:12:41,605] {logging_mixin.py:115} INFO - [2022-06-17 13:12:41,605] {dagbag.py:507} INFO - Filling up the DagBag from /home/jarret/data-engineering-bootcamp/workspace/airflow-code-review/venv/lib/python3.7/site-packages/airflow/example_dags/example_skip_dag.py
[2022-06-17 13:12:41,610] {processor.py:651} INFO - DAG(s) dict_keys(['example_skip_dag']) retrieved from /home/jarret/data-engineering-bootcamp/workspace/airflow-code-review/venv/lib/python3.7/site-packages/airflow/example_dags/example_skip_dag.py
[2022-06-17 13:12:41,622] {logging_mixin.py:115} INFO - [2022-06-17 13:12:41,622] {dag.py:2379} INFO - Sync 1 DAGs
[2022-06-17 13:12:41,638] {logging_mixin.py:115} INFO - [2022-06-17 13:12:41,638] {dag.py:2931} INFO - Setting next_dagrun for example_skip_dag to 2022-06-16T20:12:41.638217+00:00, run_after=2022-06-17T20:12:41.638217+00:00
[2022-06-17 13:12:43,096] {processor.py:161} INFO - Processing /home/jarret/data-engineering-bootcamp/workspace/airflow-code-review/venv/lib/python3.7/site-packages/airflow/example_dags/example_skip_dag.py took 1.522 seconds
[2022-06-17 13:13:24,507] {processor.py:153} INFO - Started process (PID=18850) to work on /home/jarret/data-engineering-bootcamp/workspace/airflow-code-review/venv/lib/python3.7/site-packages/airflow/example_dags/example_skip_dag.py
[2022-06-17 13:13:24,508] {processor.py:641} INFO - Processing file /home/jarret/data-engineering-bootcamp/workspace/airflow-code-review/venv/lib/python3.7/site-packages/airflow/example_dags/example_skip_dag.py for tasks to queue
[2022-06-17 13:13:24,509] {logging_mixin.py:115} INFO - [2022-06-17 13:13:24,509] {dagbag.py:507} INFO - Filling up the DagBag from /home/jarret/data-engineering-bootcamp/workspace/airflow-code-review/venv/lib/python3.7/site-packages/airflow/example_dags/example_skip_dag.py
[2022-06-17 13:13:24,516] {processor.py:651} INFO - DAG(s) dict_keys(['example_skip_dag']) retrieved from /home/jarret/data-engineering-bootcamp/workspace/airflow-code-review/venv/lib/python3.7/site-packages/airflow/example_dags/example_skip_dag.py
[2022-06-17 13:13:24,532] {logging_mixin.py:115} INFO - [2022-06-17 13:13:24,532] {dag.py:2379} INFO - Sync 1 DAGs
[2022-06-17 13:13:24,549] {logging_mixin.py:115} INFO - [2022-06-17 13:13:24,549] {dag.py:2931} INFO - Setting next_dagrun for example_skip_dag to 2022-06-16T20:13:24.549029+00:00, run_after=2022-06-17T20:13:24.549029+00:00
[2022-06-17 13:13:24,736] {processor.py:161} INFO - Processing /home/jarret/data-engineering-bootcamp/workspace/airflow-code-review/venv/lib/python3.7/site-packages/airflow/example_dags/example_skip_dag.py took 0.232 seconds
[2022-06-17 13:14:19,502] {processor.py:153} INFO - Started process (PID=18945) to work on /home/jarret/data-engineering-bootcamp/workspace/airflow-code-review/venv/lib/python3.7/site-packages/airflow/example_dags/example_skip_dag.py
[2022-06-17 13:14:19,513] {processor.py:641} INFO - Processing file /home/jarret/data-engineering-bootcamp/workspace/airflow-code-review/venv/lib/python3.7/site-packages/airflow/example_dags/example_skip_dag.py for tasks to queue
[2022-06-17 13:14:19,513] {logging_mixin.py:115} INFO - [2022-06-17 13:14:19,513] {dagbag.py:507} INFO - Filling up the DagBag from /home/jarret/data-engineering-bootcamp/workspace/airflow-code-review/venv/lib/python3.7/site-packages/airflow/example_dags/example_skip_dag.py
[2022-06-17 13:14:19,517] {processor.py:651} INFO - DAG(s) dict_keys(['example_skip_dag']) retrieved from /home/jarret/data-engineering-bootcamp/workspace/airflow-code-review/venv/lib/python3.7/site-packages/airflow/example_dags/example_skip_dag.py
[2022-06-17 13:14:19,550] {logging_mixin.py:115} INFO - [2022-06-17 13:14:19,550] {dag.py:2379} INFO - Sync 1 DAGs
[2022-06-17 13:14:19,578] {logging_mixin.py:115} INFO - [2022-06-17 13:14:19,578] {dag.py:2931} INFO - Setting next_dagrun for example_skip_dag to 2022-06-16T20:14:19.578385+00:00, run_after=2022-06-17T20:14:19.578385+00:00
[2022-06-17 13:14:19,702] {processor.py:161} INFO - Processing /home/jarret/data-engineering-bootcamp/workspace/airflow-code-review/venv/lib/python3.7/site-packages/airflow/example_dags/example_skip_dag.py took 0.201 seconds
[2022-06-17 13:15:09,576] {processor.py:153} INFO - Started process (PID=18992) to work on /home/jarret/data-engineering-bootcamp/workspace/airflow-code-review/venv/lib/python3.7/site-packages/airflow/example_dags/example_skip_dag.py
[2022-06-17 13:15:09,578] {processor.py:641} INFO - Processing file /home/jarret/data-engineering-bootcamp/workspace/airflow-code-review/venv/lib/python3.7/site-packages/airflow/example_dags/example_skip_dag.py for tasks to queue
[2022-06-17 13:15:09,579] {logging_mixin.py:115} INFO - [2022-06-17 13:15:09,578] {dagbag.py:507} INFO - Filling up the DagBag from /home/jarret/data-engineering-bootcamp/workspace/airflow-code-review/venv/lib/python3.7/site-packages/airflow/example_dags/example_skip_dag.py
[2022-06-17 13:15:09,587] {processor.py:651} INFO - DAG(s) dict_keys(['example_skip_dag']) retrieved from /home/jarret/data-engineering-bootcamp/workspace/airflow-code-review/venv/lib/python3.7/site-packages/airflow/example_dags/example_skip_dag.py
[2022-06-17 13:15:09,599] {logging_mixin.py:115} INFO - [2022-06-17 13:15:09,599] {dag.py:2379} INFO - Sync 1 DAGs
[2022-06-17 13:15:09,615] {logging_mixin.py:115} INFO - [2022-06-17 13:15:09,615] {dag.py:2931} INFO - Setting next_dagrun for example_skip_dag to 2022-06-16T20:15:09.615245+00:00, run_after=2022-06-17T20:15:09.615245+00:00
[2022-06-17 13:15:09,746] {processor.py:161} INFO - Processing /home/jarret/data-engineering-bootcamp/workspace/airflow-code-review/venv/lib/python3.7/site-packages/airflow/example_dags/example_skip_dag.py took 0.173 seconds
[2022-06-17 13:15:57,510] {processor.py:153} INFO - Started process (PID=19033) to work on /home/jarret/data-engineering-bootcamp/workspace/airflow-code-review/venv/lib/python3.7/site-packages/airflow/example_dags/example_skip_dag.py
[2022-06-17 13:15:57,520] {processor.py:641} INFO - Processing file /home/jarret/data-engineering-bootcamp/workspace/airflow-code-review/venv/lib/python3.7/site-packages/airflow/example_dags/example_skip_dag.py for tasks to queue
[2022-06-17 13:15:57,520] {logging_mixin.py:115} INFO - [2022-06-17 13:15:57,520] {dagbag.py:507} INFO - Filling up the DagBag from /home/jarret/data-engineering-bootcamp/workspace/airflow-code-review/venv/lib/python3.7/site-packages/airflow/example_dags/example_skip_dag.py
[2022-06-17 13:15:57,523] {processor.py:651} INFO - DAG(s) dict_keys(['example_skip_dag']) retrieved from /home/jarret/data-engineering-bootcamp/workspace/airflow-code-review/venv/lib/python3.7/site-packages/airflow/example_dags/example_skip_dag.py
[2022-06-17 13:15:57,535] {logging_mixin.py:115} INFO - [2022-06-17 13:15:57,535] {dag.py:2379} INFO - Sync 1 DAGs
[2022-06-17 13:15:57,552] {logging_mixin.py:115} INFO - [2022-06-17 13:15:57,552] {dag.py:2931} INFO - Setting next_dagrun for example_skip_dag to 2022-06-16T20:15:57.552675+00:00, run_after=2022-06-17T20:15:57.552675+00:00
[2022-06-17 13:15:57,860] {processor.py:161} INFO - Processing /home/jarret/data-engineering-bootcamp/workspace/airflow-code-review/venv/lib/python3.7/site-packages/airflow/example_dags/example_skip_dag.py took 0.354 seconds
[2022-06-17 13:16:46,673] {processor.py:153} INFO - Started process (PID=19076) to work on /home/jarret/data-engineering-bootcamp/workspace/airflow-code-review/venv/lib/python3.7/site-packages/airflow/example_dags/example_skip_dag.py
[2022-06-17 13:16:46,687] {processor.py:641} INFO - Processing file /home/jarret/data-engineering-bootcamp/workspace/airflow-code-review/venv/lib/python3.7/site-packages/airflow/example_dags/example_skip_dag.py for tasks to queue
[2022-06-17 13:16:46,687] {logging_mixin.py:115} INFO - [2022-06-17 13:16:46,687] {dagbag.py:507} INFO - Filling up the DagBag from /home/jarret/data-engineering-bootcamp/workspace/airflow-code-review/venv/lib/python3.7/site-packages/airflow/example_dags/example_skip_dag.py
[2022-06-17 13:16:46,690] {processor.py:651} INFO - DAG(s) dict_keys(['example_skip_dag']) retrieved from /home/jarret/data-engineering-bootcamp/workspace/airflow-code-review/venv/lib/python3.7/site-packages/airflow/example_dags/example_skip_dag.py
[2022-06-17 13:16:46,702] {logging_mixin.py:115} INFO - [2022-06-17 13:16:46,702] {dag.py:2379} INFO - Sync 1 DAGs
[2022-06-17 13:16:46,718] {logging_mixin.py:115} INFO - [2022-06-17 13:16:46,718] {dag.py:2931} INFO - Setting next_dagrun for example_skip_dag to 2022-06-16T20:16:46.718343+00:00, run_after=2022-06-17T20:16:46.718343+00:00
[2022-06-17 13:16:46,844] {processor.py:161} INFO - Processing /home/jarret/data-engineering-bootcamp/workspace/airflow-code-review/venv/lib/python3.7/site-packages/airflow/example_dags/example_skip_dag.py took 0.174 seconds
[2022-06-17 13:17:36,435] {processor.py:153} INFO - Started process (PID=19130) to work on /home/jarret/data-engineering-bootcamp/workspace/airflow-code-review/venv/lib/python3.7/site-packages/airflow/example_dags/example_skip_dag.py
[2022-06-17 13:17:36,436] {processor.py:641} INFO - Processing file /home/jarret/data-engineering-bootcamp/workspace/airflow-code-review/venv/lib/python3.7/site-packages/airflow/example_dags/example_skip_dag.py for tasks to queue
[2022-06-17 13:17:36,437] {logging_mixin.py:115} INFO - [2022-06-17 13:17:36,436] {dagbag.py:507} INFO - Filling up the DagBag from /home/jarret/data-engineering-bootcamp/workspace/airflow-code-review/venv/lib/python3.7/site-packages/airflow/example_dags/example_skip_dag.py
[2022-06-17 13:17:36,441] {processor.py:651} INFO - DAG(s) dict_keys(['example_skip_dag']) retrieved from /home/jarret/data-engineering-bootcamp/workspace/airflow-code-review/venv/lib/python3.7/site-packages/airflow/example_dags/example_skip_dag.py
[2022-06-17 13:17:36,452] {logging_mixin.py:115} INFO - [2022-06-17 13:17:36,452] {dag.py:2379} INFO - Sync 1 DAGs
[2022-06-17 13:17:36,469] {logging_mixin.py:115} INFO - [2022-06-17 13:17:36,469] {dag.py:2931} INFO - Setting next_dagrun for example_skip_dag to 2022-06-16T20:17:36.469400+00:00, run_after=2022-06-17T20:17:36.469400+00:00
[2022-06-17 13:17:37,891] {processor.py:161} INFO - Processing /home/jarret/data-engineering-bootcamp/workspace/airflow-code-review/venv/lib/python3.7/site-packages/airflow/example_dags/example_skip_dag.py took 1.460 seconds
[2022-06-17 13:18:40,496] {processor.py:153} INFO - Started process (PID=19195) to work on /home/jarret/data-engineering-bootcamp/workspace/airflow-code-review/venv/lib/python3.7/site-packages/airflow/example_dags/example_skip_dag.py
[2022-06-17 13:18:40,508] {processor.py:641} INFO - Processing file /home/jarret/data-engineering-bootcamp/workspace/airflow-code-review/venv/lib/python3.7/site-packages/airflow/example_dags/example_skip_dag.py for tasks to queue
[2022-06-17 13:18:40,509] {logging_mixin.py:115} INFO - [2022-06-17 13:18:40,509] {dagbag.py:507} INFO - Filling up the DagBag from /home/jarret/data-engineering-bootcamp/workspace/airflow-code-review/venv/lib/python3.7/site-packages/airflow/example_dags/example_skip_dag.py
[2022-06-17 13:18:40,512] {processor.py:651} INFO - DAG(s) dict_keys(['example_skip_dag']) retrieved from /home/jarret/data-engineering-bootcamp/workspace/airflow-code-review/venv/lib/python3.7/site-packages/airflow/example_dags/example_skip_dag.py
[2022-06-17 13:18:40,524] {logging_mixin.py:115} INFO - [2022-06-17 13:18:40,524] {dag.py:2379} INFO - Sync 1 DAGs
[2022-06-17 13:18:40,540] {logging_mixin.py:115} INFO - [2022-06-17 13:18:40,540] {dag.py:2931} INFO - Setting next_dagrun for example_skip_dag to 2022-06-16T20:18:40.540559+00:00, run_after=2022-06-17T20:18:40.540559+00:00
[2022-06-17 13:18:40,676] {processor.py:161} INFO - Processing /home/jarret/data-engineering-bootcamp/workspace/airflow-code-review/venv/lib/python3.7/site-packages/airflow/example_dags/example_skip_dag.py took 0.182 seconds
[2022-06-17 13:19:41,691] {processor.py:153} INFO - Started process (PID=19255) to work on /home/jarret/data-engineering-bootcamp/workspace/airflow-code-review/venv/lib/python3.7/site-packages/airflow/example_dags/example_skip_dag.py
[2022-06-17 13:19:41,699] {processor.py:641} INFO - Processing file /home/jarret/data-engineering-bootcamp/workspace/airflow-code-review/venv/lib/python3.7/site-packages/airflow/example_dags/example_skip_dag.py for tasks to queue
[2022-06-17 13:19:41,699] {logging_mixin.py:115} INFO - [2022-06-17 13:19:41,699] {dagbag.py:507} INFO - Filling up the DagBag from /home/jarret/data-engineering-bootcamp/workspace/airflow-code-review/venv/lib/python3.7/site-packages/airflow/example_dags/example_skip_dag.py
[2022-06-17 13:19:41,703] {processor.py:651} INFO - DAG(s) dict_keys(['example_skip_dag']) retrieved from /home/jarret/data-engineering-bootcamp/workspace/airflow-code-review/venv/lib/python3.7/site-packages/airflow/example_dags/example_skip_dag.py
[2022-06-17 13:19:41,714] {logging_mixin.py:115} INFO - [2022-06-17 13:19:41,714] {dag.py:2379} INFO - Sync 1 DAGs
[2022-06-17 13:19:41,730] {logging_mixin.py:115} INFO - [2022-06-17 13:19:41,730] {dag.py:2931} INFO - Setting next_dagrun for example_skip_dag to 2022-06-16T20:19:41.730199+00:00, run_after=2022-06-17T20:19:41.730199+00:00
[2022-06-17 13:19:41,856] {processor.py:161} INFO - Processing /home/jarret/data-engineering-bootcamp/workspace/airflow-code-review/venv/lib/python3.7/site-packages/airflow/example_dags/example_skip_dag.py took 0.167 seconds
[2022-06-17 13:20:29,158] {processor.py:153} INFO - Started process (PID=19332) to work on /home/jarret/data-engineering-bootcamp/workspace/airflow-code-review/venv/lib/python3.7/site-packages/airflow/example_dags/example_skip_dag.py
[2022-06-17 13:20:29,166] {processor.py:641} INFO - Processing file /home/jarret/data-engineering-bootcamp/workspace/airflow-code-review/venv/lib/python3.7/site-packages/airflow/example_dags/example_skip_dag.py for tasks to queue
[2022-06-17 13:20:29,166] {logging_mixin.py:115} INFO - [2022-06-17 13:20:29,166] {dagbag.py:507} INFO - Filling up the DagBag from /home/jarret/data-engineering-bootcamp/workspace/airflow-code-review/venv/lib/python3.7/site-packages/airflow/example_dags/example_skip_dag.py
[2022-06-17 13:20:29,170] {processor.py:651} INFO - DAG(s) dict_keys(['example_skip_dag']) retrieved from /home/jarret/data-engineering-bootcamp/workspace/airflow-code-review/venv/lib/python3.7/site-packages/airflow/example_dags/example_skip_dag.py
[2022-06-17 13:20:29,183] {logging_mixin.py:115} INFO - [2022-06-17 13:20:29,183] {dag.py:2379} INFO - Sync 1 DAGs
[2022-06-17 13:20:29,200] {logging_mixin.py:115} INFO - [2022-06-17 13:20:29,200] {dag.py:2931} INFO - Setting next_dagrun for example_skip_dag to 2022-06-16T20:20:29.200607+00:00, run_after=2022-06-17T20:20:29.200607+00:00
[2022-06-17 13:20:29,401] {processor.py:161} INFO - Processing /home/jarret/data-engineering-bootcamp/workspace/airflow-code-review/venv/lib/python3.7/site-packages/airflow/example_dags/example_skip_dag.py took 0.246 seconds
[2022-06-17 13:21:11,297] {processor.py:153} INFO - Started process (PID=19415) to work on /home/jarret/data-engineering-bootcamp/workspace/airflow-code-review/venv/lib/python3.7/site-packages/airflow/example_dags/example_skip_dag.py
[2022-06-17 13:21:11,298] {processor.py:641} INFO - Processing file /home/jarret/data-engineering-bootcamp/workspace/airflow-code-review/venv/lib/python3.7/site-packages/airflow/example_dags/example_skip_dag.py for tasks to queue
[2022-06-17 13:21:11,299] {logging_mixin.py:115} INFO - [2022-06-17 13:21:11,299] {dagbag.py:507} INFO - Filling up the DagBag from /home/jarret/data-engineering-bootcamp/workspace/airflow-code-review/venv/lib/python3.7/site-packages/airflow/example_dags/example_skip_dag.py
[2022-06-17 13:21:11,303] {processor.py:651} INFO - DAG(s) dict_keys(['example_skip_dag']) retrieved from /home/jarret/data-engineering-bootcamp/workspace/airflow-code-review/venv/lib/python3.7/site-packages/airflow/example_dags/example_skip_dag.py
[2022-06-17 13:21:11,314] {logging_mixin.py:115} INFO - [2022-06-17 13:21:11,314] {dag.py:2379} INFO - Sync 1 DAGs
[2022-06-17 13:21:11,331] {logging_mixin.py:115} INFO - [2022-06-17 13:21:11,331] {dag.py:2931} INFO - Setting next_dagrun for example_skip_dag to 2022-06-16T20:21:11.331049+00:00, run_after=2022-06-17T20:21:11.331049+00:00
[2022-06-17 13:21:11,889] {processor.py:161} INFO - Processing /home/jarret/data-engineering-bootcamp/workspace/airflow-code-review/venv/lib/python3.7/site-packages/airflow/example_dags/example_skip_dag.py took 0.595 seconds
[2022-06-17 13:22:05,885] {processor.py:153} INFO - Started process (PID=19528) to work on /home/jarret/data-engineering-bootcamp/workspace/airflow-code-review/venv/lib/python3.7/site-packages/airflow/example_dags/example_skip_dag.py
[2022-06-17 13:22:05,890] {processor.py:641} INFO - Processing file /home/jarret/data-engineering-bootcamp/workspace/airflow-code-review/venv/lib/python3.7/site-packages/airflow/example_dags/example_skip_dag.py for tasks to queue
[2022-06-17 13:22:05,890] {logging_mixin.py:115} INFO - [2022-06-17 13:22:05,890] {dagbag.py:507} INFO - Filling up the DagBag from /home/jarret/data-engineering-bootcamp/workspace/airflow-code-review/venv/lib/python3.7/site-packages/airflow/example_dags/example_skip_dag.py
[2022-06-17 13:22:05,894] {processor.py:651} INFO - DAG(s) dict_keys(['example_skip_dag']) retrieved from /home/jarret/data-engineering-bootcamp/workspace/airflow-code-review/venv/lib/python3.7/site-packages/airflow/example_dags/example_skip_dag.py
[2022-06-17 13:22:05,906] {logging_mixin.py:115} INFO - [2022-06-17 13:22:05,906] {dag.py:2379} INFO - Sync 1 DAGs
[2022-06-17 13:22:05,923] {logging_mixin.py:115} INFO - [2022-06-17 13:22:05,923] {dag.py:2931} INFO - Setting next_dagrun for example_skip_dag to 2022-06-16T20:22:05.923207+00:00, run_after=2022-06-17T20:22:05.923207+00:00
[2022-06-17 13:22:06,036] {processor.py:161} INFO - Processing /home/jarret/data-engineering-bootcamp/workspace/airflow-code-review/venv/lib/python3.7/site-packages/airflow/example_dags/example_skip_dag.py took 0.155 seconds
[2022-06-17 13:22:49,050] {processor.py:153} INFO - Started process (PID=19590) to work on /home/jarret/data-engineering-bootcamp/workspace/airflow-code-review/venv/lib/python3.7/site-packages/airflow/example_dags/example_skip_dag.py
[2022-06-17 13:22:49,052] {processor.py:641} INFO - Processing file /home/jarret/data-engineering-bootcamp/workspace/airflow-code-review/venv/lib/python3.7/site-packages/airflow/example_dags/example_skip_dag.py for tasks to queue
[2022-06-17 13:22:49,052] {logging_mixin.py:115} INFO - [2022-06-17 13:22:49,052] {dagbag.py:507} INFO - Filling up the DagBag from /home/jarret/data-engineering-bootcamp/workspace/airflow-code-review/venv/lib/python3.7/site-packages/airflow/example_dags/example_skip_dag.py
[2022-06-17 13:22:49,059] {processor.py:651} INFO - DAG(s) dict_keys(['example_skip_dag']) retrieved from /home/jarret/data-engineering-bootcamp/workspace/airflow-code-review/venv/lib/python3.7/site-packages/airflow/example_dags/example_skip_dag.py
[2022-06-17 13:22:49,070] {logging_mixin.py:115} INFO - [2022-06-17 13:22:49,070] {dag.py:2379} INFO - Sync 1 DAGs
[2022-06-17 13:22:49,087] {logging_mixin.py:115} INFO - [2022-06-17 13:22:49,087] {dag.py:2931} INFO - Setting next_dagrun for example_skip_dag to 2022-06-16T20:22:49.087205+00:00, run_after=2022-06-17T20:22:49.087205+00:00
[2022-06-17 13:22:49,214] {processor.py:161} INFO - Processing /home/jarret/data-engineering-bootcamp/workspace/airflow-code-review/venv/lib/python3.7/site-packages/airflow/example_dags/example_skip_dag.py took 0.167 seconds
[2022-06-17 13:23:46,831] {processor.py:153} INFO - Started process (PID=19713) to work on /home/jarret/data-engineering-bootcamp/workspace/airflow-code-review/venv/lib/python3.7/site-packages/airflow/example_dags/example_skip_dag.py
[2022-06-17 13:23:46,864] {processor.py:641} INFO - Processing file /home/jarret/data-engineering-bootcamp/workspace/airflow-code-review/venv/lib/python3.7/site-packages/airflow/example_dags/example_skip_dag.py for tasks to queue
[2022-06-17 13:23:46,864] {logging_mixin.py:115} INFO - [2022-06-17 13:23:46,864] {dagbag.py:507} INFO - Filling up the DagBag from /home/jarret/data-engineering-bootcamp/workspace/airflow-code-review/venv/lib/python3.7/site-packages/airflow/example_dags/example_skip_dag.py
[2022-06-17 13:23:46,869] {processor.py:651} INFO - DAG(s) dict_keys(['example_skip_dag']) retrieved from /home/jarret/data-engineering-bootcamp/workspace/airflow-code-review/venv/lib/python3.7/site-packages/airflow/example_dags/example_skip_dag.py
[2022-06-17 13:23:46,880] {logging_mixin.py:115} INFO - [2022-06-17 13:23:46,880] {dag.py:2379} INFO - Sync 1 DAGs
[2022-06-17 13:23:46,897] {logging_mixin.py:115} INFO - [2022-06-17 13:23:46,897] {dag.py:2931} INFO - Setting next_dagrun for example_skip_dag to 2022-06-16T20:23:46.896924+00:00, run_after=2022-06-17T20:23:46.896924+00:00
[2022-06-17 13:23:48,975] {processor.py:161} INFO - Processing /home/jarret/data-engineering-bootcamp/workspace/airflow-code-review/venv/lib/python3.7/site-packages/airflow/example_dags/example_skip_dag.py took 2.147 seconds
[2022-06-17 13:24:48,112] {processor.py:153} INFO - Started process (PID=19824) to work on /home/jarret/data-engineering-bootcamp/workspace/airflow-code-review/venv/lib/python3.7/site-packages/airflow/example_dags/example_skip_dag.py
[2022-06-17 13:24:48,125] {processor.py:641} INFO - Processing file /home/jarret/data-engineering-bootcamp/workspace/airflow-code-review/venv/lib/python3.7/site-packages/airflow/example_dags/example_skip_dag.py for tasks to queue
[2022-06-17 13:24:48,126] {logging_mixin.py:115} INFO - [2022-06-17 13:24:48,126] {dagbag.py:507} INFO - Filling up the DagBag from /home/jarret/data-engineering-bootcamp/workspace/airflow-code-review/venv/lib/python3.7/site-packages/airflow/example_dags/example_skip_dag.py
[2022-06-17 13:24:48,134] {processor.py:651} INFO - DAG(s) dict_keys(['example_skip_dag']) retrieved from /home/jarret/data-engineering-bootcamp/workspace/airflow-code-review/venv/lib/python3.7/site-packages/airflow/example_dags/example_skip_dag.py
[2022-06-17 13:24:48,151] {logging_mixin.py:115} INFO - [2022-06-17 13:24:48,151] {dag.py:2379} INFO - Sync 1 DAGs
[2022-06-17 13:24:48,167] {logging_mixin.py:115} INFO - [2022-06-17 13:24:48,167] {dag.py:2931} INFO - Setting next_dagrun for example_skip_dag to 2022-06-16T20:24:48.167632+00:00, run_after=2022-06-17T20:24:48.167632+00:00
[2022-06-17 13:24:48,344] {processor.py:161} INFO - Processing /home/jarret/data-engineering-bootcamp/workspace/airflow-code-review/venv/lib/python3.7/site-packages/airflow/example_dags/example_skip_dag.py took 0.235 seconds
[2022-06-17 13:25:40,559] {processor.py:153} INFO - Started process (PID=19924) to work on /home/jarret/data-engineering-bootcamp/workspace/airflow-code-review/venv/lib/python3.7/site-packages/airflow/example_dags/example_skip_dag.py
[2022-06-17 13:25:40,560] {processor.py:641} INFO - Processing file /home/jarret/data-engineering-bootcamp/workspace/airflow-code-review/venv/lib/python3.7/site-packages/airflow/example_dags/example_skip_dag.py for tasks to queue
[2022-06-17 13:25:40,561] {logging_mixin.py:115} INFO - [2022-06-17 13:25:40,560] {dagbag.py:507} INFO - Filling up the DagBag from /home/jarret/data-engineering-bootcamp/workspace/airflow-code-review/venv/lib/python3.7/site-packages/airflow/example_dags/example_skip_dag.py
[2022-06-17 13:25:40,567] {processor.py:651} INFO - DAG(s) dict_keys(['example_skip_dag']) retrieved from /home/jarret/data-engineering-bootcamp/workspace/airflow-code-review/venv/lib/python3.7/site-packages/airflow/example_dags/example_skip_dag.py
[2022-06-17 13:25:40,580] {logging_mixin.py:115} INFO - [2022-06-17 13:25:40,580] {dag.py:2379} INFO - Sync 1 DAGs
[2022-06-17 13:25:40,597] {logging_mixin.py:115} INFO - [2022-06-17 13:25:40,597] {dag.py:2931} INFO - Setting next_dagrun for example_skip_dag to 2022-06-16T20:25:40.597171+00:00, run_after=2022-06-17T20:25:40.597171+00:00
[2022-06-17 13:25:40,717] {processor.py:161} INFO - Processing /home/jarret/data-engineering-bootcamp/workspace/airflow-code-review/venv/lib/python3.7/site-packages/airflow/example_dags/example_skip_dag.py took 0.161 seconds
[2022-06-17 13:26:30,481] {processor.py:153} INFO - Started process (PID=20031) to work on /home/jarret/data-engineering-bootcamp/workspace/airflow-code-review/venv/lib/python3.7/site-packages/airflow/example_dags/example_skip_dag.py
[2022-06-17 13:26:30,511] {processor.py:641} INFO - Processing file /home/jarret/data-engineering-bootcamp/workspace/airflow-code-review/venv/lib/python3.7/site-packages/airflow/example_dags/example_skip_dag.py for tasks to queue
[2022-06-17 13:26:30,512] {logging_mixin.py:115} INFO - [2022-06-17 13:26:30,512] {dagbag.py:507} INFO - Filling up the DagBag from /home/jarret/data-engineering-bootcamp/workspace/airflow-code-review/venv/lib/python3.7/site-packages/airflow/example_dags/example_skip_dag.py
[2022-06-17 13:26:30,516] {processor.py:651} INFO - DAG(s) dict_keys(['example_skip_dag']) retrieved from /home/jarret/data-engineering-bootcamp/workspace/airflow-code-review/venv/lib/python3.7/site-packages/airflow/example_dags/example_skip_dag.py
[2022-06-17 13:26:30,529] {logging_mixin.py:115} INFO - [2022-06-17 13:26:30,528] {dag.py:2379} INFO - Sync 1 DAGs
[2022-06-17 13:26:30,545] {logging_mixin.py:115} INFO - [2022-06-17 13:26:30,545] {dag.py:2931} INFO - Setting next_dagrun for example_skip_dag to 2022-06-16T20:26:30.545197+00:00, run_after=2022-06-17T20:26:30.545197+00:00
[2022-06-17 13:26:32,080] {processor.py:161} INFO - Processing /home/jarret/data-engineering-bootcamp/workspace/airflow-code-review/venv/lib/python3.7/site-packages/airflow/example_dags/example_skip_dag.py took 1.602 seconds
[2022-06-17 13:27:14,468] {processor.py:153} INFO - Started process (PID=20120) to work on /home/jarret/data-engineering-bootcamp/workspace/airflow-code-review/venv/lib/python3.7/site-packages/airflow/example_dags/example_skip_dag.py
[2022-06-17 13:27:14,512] {processor.py:641} INFO - Processing file /home/jarret/data-engineering-bootcamp/workspace/airflow-code-review/venv/lib/python3.7/site-packages/airflow/example_dags/example_skip_dag.py for tasks to queue
[2022-06-17 13:27:14,513] {logging_mixin.py:115} INFO - [2022-06-17 13:27:14,513] {dagbag.py:507} INFO - Filling up the DagBag from /home/jarret/data-engineering-bootcamp/workspace/airflow-code-review/venv/lib/python3.7/site-packages/airflow/example_dags/example_skip_dag.py
[2022-06-17 13:27:14,521] {processor.py:651} INFO - DAG(s) dict_keys(['example_skip_dag']) retrieved from /home/jarret/data-engineering-bootcamp/workspace/airflow-code-review/venv/lib/python3.7/site-packages/airflow/example_dags/example_skip_dag.py
[2022-06-17 13:27:14,537] {logging_mixin.py:115} INFO - [2022-06-17 13:27:14,537] {dag.py:2379} INFO - Sync 1 DAGs
[2022-06-17 13:27:14,554] {logging_mixin.py:115} INFO - [2022-06-17 13:27:14,554] {dag.py:2931} INFO - Setting next_dagrun for example_skip_dag to 2022-06-16T20:27:14.554104+00:00, run_after=2022-06-17T20:27:14.554104+00:00
[2022-06-17 13:27:15,971] {processor.py:161} INFO - Processing /home/jarret/data-engineering-bootcamp/workspace/airflow-code-review/venv/lib/python3.7/site-packages/airflow/example_dags/example_skip_dag.py took 1.507 seconds
[2022-06-17 13:28:00,387] {processor.py:153} INFO - Started process (PID=20215) to work on /home/jarret/data-engineering-bootcamp/workspace/airflow-code-review/venv/lib/python3.7/site-packages/airflow/example_dags/example_skip_dag.py
[2022-06-17 13:28:00,396] {processor.py:641} INFO - Processing file /home/jarret/data-engineering-bootcamp/workspace/airflow-code-review/venv/lib/python3.7/site-packages/airflow/example_dags/example_skip_dag.py for tasks to queue
[2022-06-17 13:28:00,396] {logging_mixin.py:115} INFO - [2022-06-17 13:28:00,396] {dagbag.py:507} INFO - Filling up the DagBag from /home/jarret/data-engineering-bootcamp/workspace/airflow-code-review/venv/lib/python3.7/site-packages/airflow/example_dags/example_skip_dag.py
[2022-06-17 13:28:00,399] {processor.py:651} INFO - DAG(s) dict_keys(['example_skip_dag']) retrieved from /home/jarret/data-engineering-bootcamp/workspace/airflow-code-review/venv/lib/python3.7/site-packages/airflow/example_dags/example_skip_dag.py
[2022-06-17 13:28:00,411] {logging_mixin.py:115} INFO - [2022-06-17 13:28:00,411] {dag.py:2379} INFO - Sync 1 DAGs
[2022-06-17 13:28:00,427] {logging_mixin.py:115} INFO - [2022-06-17 13:28:00,427] {dag.py:2931} INFO - Setting next_dagrun for example_skip_dag to 2022-06-16T20:28:00.427236+00:00, run_after=2022-06-17T20:28:00.427236+00:00
[2022-06-17 13:28:00,556] {processor.py:161} INFO - Processing /home/jarret/data-engineering-bootcamp/workspace/airflow-code-review/venv/lib/python3.7/site-packages/airflow/example_dags/example_skip_dag.py took 0.170 seconds
[2022-06-17 13:29:02,289] {processor.py:153} INFO - Started process (PID=20285) to work on /home/jarret/data-engineering-bootcamp/workspace/airflow-code-review/venv/lib/python3.7/site-packages/airflow/example_dags/example_skip_dag.py
[2022-06-17 13:29:02,305] {processor.py:641} INFO - Processing file /home/jarret/data-engineering-bootcamp/workspace/airflow-code-review/venv/lib/python3.7/site-packages/airflow/example_dags/example_skip_dag.py for tasks to queue
[2022-06-17 13:29:02,306] {logging_mixin.py:115} INFO - [2022-06-17 13:29:02,305] {dagbag.py:507} INFO - Filling up the DagBag from /home/jarret/data-engineering-bootcamp/workspace/airflow-code-review/venv/lib/python3.7/site-packages/airflow/example_dags/example_skip_dag.py
[2022-06-17 13:29:02,315] {processor.py:651} INFO - DAG(s) dict_keys(['example_skip_dag']) retrieved from /home/jarret/data-engineering-bootcamp/workspace/airflow-code-review/venv/lib/python3.7/site-packages/airflow/example_dags/example_skip_dag.py
[2022-06-17 13:29:02,330] {logging_mixin.py:115} INFO - [2022-06-17 13:29:02,330] {dag.py:2379} INFO - Sync 1 DAGs
[2022-06-17 13:29:02,347] {logging_mixin.py:115} INFO - [2022-06-17 13:29:02,347] {dag.py:2931} INFO - Setting next_dagrun for example_skip_dag to 2022-06-16T20:29:02.346944+00:00, run_after=2022-06-17T20:29:02.346944+00:00
[2022-06-17 13:29:02,472] {processor.py:161} INFO - Processing /home/jarret/data-engineering-bootcamp/workspace/airflow-code-review/venv/lib/python3.7/site-packages/airflow/example_dags/example_skip_dag.py took 0.187 seconds
[2022-06-17 13:29:54,858] {processor.py:153} INFO - Started process (PID=20533) to work on /home/jarret/data-engineering-bootcamp/workspace/airflow-code-review/venv/lib/python3.7/site-packages/airflow/example_dags/example_skip_dag.py
[2022-06-17 13:29:54,882] {processor.py:641} INFO - Processing file /home/jarret/data-engineering-bootcamp/workspace/airflow-code-review/venv/lib/python3.7/site-packages/airflow/example_dags/example_skip_dag.py for tasks to queue
[2022-06-17 13:29:54,883] {logging_mixin.py:115} INFO - [2022-06-17 13:29:54,883] {dagbag.py:507} INFO - Filling up the DagBag from /home/jarret/data-engineering-bootcamp/workspace/airflow-code-review/venv/lib/python3.7/site-packages/airflow/example_dags/example_skip_dag.py
[2022-06-17 13:29:54,890] {processor.py:651} INFO - DAG(s) dict_keys(['example_skip_dag']) retrieved from /home/jarret/data-engineering-bootcamp/workspace/airflow-code-review/venv/lib/python3.7/site-packages/airflow/example_dags/example_skip_dag.py
[2022-06-17 13:29:54,906] {logging_mixin.py:115} INFO - [2022-06-17 13:29:54,906] {dag.py:2379} INFO - Sync 1 DAGs
[2022-06-17 13:29:54,922] {logging_mixin.py:115} INFO - [2022-06-17 13:29:54,922] {dag.py:2931} INFO - Setting next_dagrun for example_skip_dag to 2022-06-16T20:29:54.922418+00:00, run_after=2022-06-17T20:29:54.922418+00:00
[2022-06-17 13:29:55,497] {processor.py:161} INFO - Processing /home/jarret/data-engineering-bootcamp/workspace/airflow-code-review/venv/lib/python3.7/site-packages/airflow/example_dags/example_skip_dag.py took 0.642 seconds
[2022-06-17 13:31:01,207] {processor.py:153} INFO - Started process (PID=20663) to work on /home/jarret/data-engineering-bootcamp/workspace/airflow-code-review/venv/lib/python3.7/site-packages/airflow/example_dags/example_skip_dag.py
[2022-06-17 13:31:01,208] {processor.py:641} INFO - Processing file /home/jarret/data-engineering-bootcamp/workspace/airflow-code-review/venv/lib/python3.7/site-packages/airflow/example_dags/example_skip_dag.py for tasks to queue
[2022-06-17 13:31:01,209] {logging_mixin.py:115} INFO - [2022-06-17 13:31:01,209] {dagbag.py:507} INFO - Filling up the DagBag from /home/jarret/data-engineering-bootcamp/workspace/airflow-code-review/venv/lib/python3.7/site-packages/airflow/example_dags/example_skip_dag.py
[2022-06-17 13:31:01,214] {processor.py:651} INFO - DAG(s) dict_keys(['example_skip_dag']) retrieved from /home/jarret/data-engineering-bootcamp/workspace/airflow-code-review/venv/lib/python3.7/site-packages/airflow/example_dags/example_skip_dag.py
[2022-06-17 13:31:01,225] {logging_mixin.py:115} INFO - [2022-06-17 13:31:01,225] {dag.py:2379} INFO - Sync 1 DAGs
[2022-06-17 13:31:01,241] {logging_mixin.py:115} INFO - [2022-06-17 13:31:01,241] {dag.py:2931} INFO - Setting next_dagrun for example_skip_dag to 2022-06-16T20:31:01.241493+00:00, run_after=2022-06-17T20:31:01.241493+00:00
[2022-06-17 13:31:01,362] {processor.py:161} INFO - Processing /home/jarret/data-engineering-bootcamp/workspace/airflow-code-review/venv/lib/python3.7/site-packages/airflow/example_dags/example_skip_dag.py took 0.159 seconds
[2022-06-17 13:31:53,981] {processor.py:153} INFO - Started process (PID=21066) to work on /home/jarret/data-engineering-bootcamp/workspace/airflow-code-review/venv/lib/python3.7/site-packages/airflow/example_dags/example_skip_dag.py
[2022-06-17 13:31:53,982] {processor.py:641} INFO - Processing file /home/jarret/data-engineering-bootcamp/workspace/airflow-code-review/venv/lib/python3.7/site-packages/airflow/example_dags/example_skip_dag.py for tasks to queue
[2022-06-17 13:31:53,983] {logging_mixin.py:115} INFO - [2022-06-17 13:31:53,982] {dagbag.py:507} INFO - Filling up the DagBag from /home/jarret/data-engineering-bootcamp/workspace/airflow-code-review/venv/lib/python3.7/site-packages/airflow/example_dags/example_skip_dag.py
[2022-06-17 13:31:53,986] {processor.py:651} INFO - DAG(s) dict_keys(['example_skip_dag']) retrieved from /home/jarret/data-engineering-bootcamp/workspace/airflow-code-review/venv/lib/python3.7/site-packages/airflow/example_dags/example_skip_dag.py
[2022-06-17 13:31:53,998] {logging_mixin.py:115} INFO - [2022-06-17 13:31:53,998] {dag.py:2379} INFO - Sync 1 DAGs
[2022-06-17 13:31:54,015] {logging_mixin.py:115} INFO - [2022-06-17 13:31:54,015] {dag.py:2931} INFO - Setting next_dagrun for example_skip_dag to 2022-06-16T20:31:54.014821+00:00, run_after=2022-06-17T20:31:54.014821+00:00
[2022-06-17 13:31:54,334] {processor.py:161} INFO - Processing /home/jarret/data-engineering-bootcamp/workspace/airflow-code-review/venv/lib/python3.7/site-packages/airflow/example_dags/example_skip_dag.py took 0.357 seconds
[2022-06-17 13:32:50,788] {processor.py:153} INFO - Started process (PID=22299) to work on /home/jarret/data-engineering-bootcamp/workspace/airflow-code-review/venv/lib/python3.7/site-packages/airflow/example_dags/example_skip_dag.py
[2022-06-17 13:32:50,799] {processor.py:641} INFO - Processing file /home/jarret/data-engineering-bootcamp/workspace/airflow-code-review/venv/lib/python3.7/site-packages/airflow/example_dags/example_skip_dag.py for tasks to queue
[2022-06-17 13:32:50,800] {logging_mixin.py:115} INFO - [2022-06-17 13:32:50,800] {dagbag.py:507} INFO - Filling up the DagBag from /home/jarret/data-engineering-bootcamp/workspace/airflow-code-review/venv/lib/python3.7/site-packages/airflow/example_dags/example_skip_dag.py
[2022-06-17 13:32:50,803] {processor.py:651} INFO - DAG(s) dict_keys(['example_skip_dag']) retrieved from /home/jarret/data-engineering-bootcamp/workspace/airflow-code-review/venv/lib/python3.7/site-packages/airflow/example_dags/example_skip_dag.py
[2022-06-17 13:32:50,815] {logging_mixin.py:115} INFO - [2022-06-17 13:32:50,815] {dag.py:2379} INFO - Sync 1 DAGs
[2022-06-17 13:32:50,831] {logging_mixin.py:115} INFO - [2022-06-17 13:32:50,831] {dag.py:2931} INFO - Setting next_dagrun for example_skip_dag to 2022-06-16T20:32:50.831072+00:00, run_after=2022-06-17T20:32:50.831072+00:00
[2022-06-17 13:32:50,953] {processor.py:161} INFO - Processing /home/jarret/data-engineering-bootcamp/workspace/airflow-code-review/venv/lib/python3.7/site-packages/airflow/example_dags/example_skip_dag.py took 0.169 seconds
[2022-06-17 13:33:45,081] {processor.py:153} INFO - Started process (PID=23018) to work on /home/jarret/data-engineering-bootcamp/workspace/airflow-code-review/venv/lib/python3.7/site-packages/airflow/example_dags/example_skip_dag.py
[2022-06-17 13:33:45,091] {processor.py:641} INFO - Processing file /home/jarret/data-engineering-bootcamp/workspace/airflow-code-review/venv/lib/python3.7/site-packages/airflow/example_dags/example_skip_dag.py for tasks to queue
[2022-06-17 13:33:45,091] {logging_mixin.py:115} INFO - [2022-06-17 13:33:45,091] {dagbag.py:507} INFO - Filling up the DagBag from /home/jarret/data-engineering-bootcamp/workspace/airflow-code-review/venv/lib/python3.7/site-packages/airflow/example_dags/example_skip_dag.py
[2022-06-17 13:33:45,095] {processor.py:651} INFO - DAG(s) dict_keys(['example_skip_dag']) retrieved from /home/jarret/data-engineering-bootcamp/workspace/airflow-code-review/venv/lib/python3.7/site-packages/airflow/example_dags/example_skip_dag.py
[2022-06-17 13:33:45,106] {logging_mixin.py:115} INFO - [2022-06-17 13:33:45,106] {dag.py:2379} INFO - Sync 1 DAGs
[2022-06-17 13:33:45,122] {logging_mixin.py:115} INFO - [2022-06-17 13:33:45,122] {dag.py:2931} INFO - Setting next_dagrun for example_skip_dag to 2022-06-16T20:33:45.122150+00:00, run_after=2022-06-17T20:33:45.122150+00:00
[2022-06-17 13:33:45,250] {processor.py:161} INFO - Processing /home/jarret/data-engineering-bootcamp/workspace/airflow-code-review/venv/lib/python3.7/site-packages/airflow/example_dags/example_skip_dag.py took 0.172 seconds
[2022-06-17 13:34:30,474] {processor.py:153} INFO - Started process (PID=23084) to work on /home/jarret/data-engineering-bootcamp/workspace/airflow-code-review/venv/lib/python3.7/site-packages/airflow/example_dags/example_skip_dag.py
[2022-06-17 13:34:30,480] {processor.py:641} INFO - Processing file /home/jarret/data-engineering-bootcamp/workspace/airflow-code-review/venv/lib/python3.7/site-packages/airflow/example_dags/example_skip_dag.py for tasks to queue
[2022-06-17 13:34:30,480] {logging_mixin.py:115} INFO - [2022-06-17 13:34:30,480] {dagbag.py:507} INFO - Filling up the DagBag from /home/jarret/data-engineering-bootcamp/workspace/airflow-code-review/venv/lib/python3.7/site-packages/airflow/example_dags/example_skip_dag.py
[2022-06-17 13:34:30,484] {processor.py:651} INFO - DAG(s) dict_keys(['example_skip_dag']) retrieved from /home/jarret/data-engineering-bootcamp/workspace/airflow-code-review/venv/lib/python3.7/site-packages/airflow/example_dags/example_skip_dag.py
[2022-06-17 13:34:30,496] {logging_mixin.py:115} INFO - [2022-06-17 13:34:30,496] {dag.py:2379} INFO - Sync 1 DAGs
[2022-06-17 13:34:30,512] {logging_mixin.py:115} INFO - [2022-06-17 13:34:30,512] {dag.py:2931} INFO - Setting next_dagrun for example_skip_dag to 2022-06-16T20:34:30.512625+00:00, run_after=2022-06-17T20:34:30.512625+00:00
[2022-06-17 13:34:31,383] {processor.py:161} INFO - Processing /home/jarret/data-engineering-bootcamp/workspace/airflow-code-review/venv/lib/python3.7/site-packages/airflow/example_dags/example_skip_dag.py took 0.913 seconds
