[2022-06-17 12:37:11,767] {processor.py:153} INFO - Started process (PID=15719) to work on /home/jarret/data-engineering-bootcamp/workspace/airflow-code-review/venv/lib/python3.7/site-packages/airflow/example_dags/example_sla_dag.py
[2022-06-17 12:37:11,768] {processor.py:641} INFO - Processing file /home/jarret/data-engineering-bootcamp/workspace/airflow-code-review/venv/lib/python3.7/site-packages/airflow/example_dags/example_sla_dag.py for tasks to queue
[2022-06-17 12:37:11,768] {logging_mixin.py:115} INFO - [2022-06-17 12:37:11,768] {dagbag.py:507} INFO - Filling up the DagBag from /home/jarret/data-engineering-bootcamp/workspace/airflow-code-review/venv/lib/python3.7/site-packages/airflow/example_dags/example_sla_dag.py
[2022-06-17 12:37:11,783] {processor.py:651} INFO - DAG(s) dict_keys(['example_sla_dag']) retrieved from /home/jarret/data-engineering-bootcamp/workspace/airflow-code-review/venv/lib/python3.7/site-packages/airflow/example_dags/example_sla_dag.py
[2022-06-17 12:37:13,522] {logging_mixin.py:115} INFO - [2022-06-17 12:37:13,522] {manager.py:508} INFO - Created Permission View: can read on DAG:example_sla_dag
[2022-06-17 12:37:13,655] {logging_mixin.py:115} INFO - [2022-06-17 12:37:13,655] {manager.py:508} INFO - Created Permission View: can delete on DAG:example_sla_dag
[2022-06-17 12:37:13,840] {logging_mixin.py:115} INFO - [2022-06-17 12:37:13,840] {manager.py:508} INFO - Created Permission View: can edit on DAG:example_sla_dag
[2022-06-17 12:37:13,840] {logging_mixin.py:115} INFO - [2022-06-17 12:37:13,840] {dag.py:2379} INFO - Sync 1 DAGs
[2022-06-17 12:37:13,849] {logging_mixin.py:115} INFO - [2022-06-17 12:37:13,849] {dag.py:2398} INFO - Creating ORM DAG for example_sla_dag
[2022-06-17 12:37:13,861] {logging_mixin.py:115} INFO - [2022-06-17 12:37:13,861] {dag.py:2931} INFO - Setting next_dagrun for example_sla_dag to 2022-06-17T19:34:00+00:00, run_after=2022-06-17T19:36:00+00:00
[2022-06-17 12:37:14,020] {processor.py:161} INFO - Processing /home/jarret/data-engineering-bootcamp/workspace/airflow-code-review/venv/lib/python3.7/site-packages/airflow/example_dags/example_sla_dag.py took 2.256 seconds
[2022-06-17 12:38:27,957] {processor.py:153} INFO - Started process (PID=15785) to work on /home/jarret/data-engineering-bootcamp/workspace/airflow-code-review/venv/lib/python3.7/site-packages/airflow/example_dags/example_sla_dag.py
[2022-06-17 12:38:28,059] {processor.py:641} INFO - Processing file /home/jarret/data-engineering-bootcamp/workspace/airflow-code-review/venv/lib/python3.7/site-packages/airflow/example_dags/example_sla_dag.py for tasks to queue
[2022-06-17 12:38:28,060] {logging_mixin.py:115} INFO - [2022-06-17 12:38:28,060] {dagbag.py:507} INFO - Filling up the DagBag from /home/jarret/data-engineering-bootcamp/workspace/airflow-code-review/venv/lib/python3.7/site-packages/airflow/example_dags/example_sla_dag.py
[2022-06-17 12:38:28,074] {processor.py:651} INFO - DAG(s) dict_keys(['example_sla_dag']) retrieved from /home/jarret/data-engineering-bootcamp/workspace/airflow-code-review/venv/lib/python3.7/site-packages/airflow/example_dags/example_sla_dag.py
[2022-06-17 12:38:28,084] {logging_mixin.py:115} INFO - [2022-06-17 12:38:28,084] {dag.py:2379} INFO - Sync 1 DAGs
[2022-06-17 12:38:28,101] {logging_mixin.py:115} INFO - [2022-06-17 12:38:28,101] {dag.py:2931} INFO - Setting next_dagrun for example_sla_dag to 2022-06-17T19:36:00+00:00, run_after=2022-06-17T19:38:00+00:00
[2022-06-17 12:38:29,627] {processor.py:161} INFO - Processing /home/jarret/data-engineering-bootcamp/workspace/airflow-code-review/venv/lib/python3.7/site-packages/airflow/example_dags/example_sla_dag.py took 1.673 seconds
[2022-06-17 12:39:25,493] {processor.py:153} INFO - Started process (PID=15832) to work on /home/jarret/data-engineering-bootcamp/workspace/airflow-code-review/venv/lib/python3.7/site-packages/airflow/example_dags/example_sla_dag.py
[2022-06-17 12:39:26,108] {processor.py:641} INFO - Processing file /home/jarret/data-engineering-bootcamp/workspace/airflow-code-review/venv/lib/python3.7/site-packages/airflow/example_dags/example_sla_dag.py for tasks to queue
[2022-06-17 12:39:26,109] {logging_mixin.py:115} INFO - [2022-06-17 12:39:26,109] {dagbag.py:507} INFO - Filling up the DagBag from /home/jarret/data-engineering-bootcamp/workspace/airflow-code-review/venv/lib/python3.7/site-packages/airflow/example_dags/example_sla_dag.py
[2022-06-17 12:39:26,123] {processor.py:651} INFO - DAG(s) dict_keys(['example_sla_dag']) retrieved from /home/jarret/data-engineering-bootcamp/workspace/airflow-code-review/venv/lib/python3.7/site-packages/airflow/example_dags/example_sla_dag.py
[2022-06-17 12:39:26,133] {logging_mixin.py:115} INFO - [2022-06-17 12:39:26,133] {dag.py:2379} INFO - Sync 1 DAGs
[2022-06-17 12:39:26,151] {logging_mixin.py:115} INFO - [2022-06-17 12:39:26,151] {dag.py:2931} INFO - Setting next_dagrun for example_sla_dag to 2022-06-17T19:36:00+00:00, run_after=2022-06-17T19:38:00+00:00
[2022-06-17 12:39:26,276] {processor.py:161} INFO - Processing /home/jarret/data-engineering-bootcamp/workspace/airflow-code-review/venv/lib/python3.7/site-packages/airflow/example_dags/example_sla_dag.py took 0.786 seconds
[2022-06-17 12:40:23,860] {processor.py:153} INFO - Started process (PID=15890) to work on /home/jarret/data-engineering-bootcamp/workspace/airflow-code-review/venv/lib/python3.7/site-packages/airflow/example_dags/example_sla_dag.py
[2022-06-17 12:40:23,870] {processor.py:641} INFO - Processing file /home/jarret/data-engineering-bootcamp/workspace/airflow-code-review/venv/lib/python3.7/site-packages/airflow/example_dags/example_sla_dag.py for tasks to queue
[2022-06-17 12:40:23,870] {logging_mixin.py:115} INFO - [2022-06-17 12:40:23,870] {dagbag.py:507} INFO - Filling up the DagBag from /home/jarret/data-engineering-bootcamp/workspace/airflow-code-review/venv/lib/python3.7/site-packages/airflow/example_dags/example_sla_dag.py
[2022-06-17 12:40:23,881] {processor.py:651} INFO - DAG(s) dict_keys(['example_sla_dag']) retrieved from /home/jarret/data-engineering-bootcamp/workspace/airflow-code-review/venv/lib/python3.7/site-packages/airflow/example_dags/example_sla_dag.py
[2022-06-17 12:40:23,891] {logging_mixin.py:115} INFO - [2022-06-17 12:40:23,891] {dag.py:2379} INFO - Sync 1 DAGs
[2022-06-17 12:40:23,909] {logging_mixin.py:115} INFO - [2022-06-17 12:40:23,909] {dag.py:2931} INFO - Setting next_dagrun for example_sla_dag to 2022-06-17T19:38:00+00:00, run_after=2022-06-17T19:40:00+00:00
[2022-06-17 12:40:24,264] {processor.py:161} INFO - Processing /home/jarret/data-engineering-bootcamp/workspace/airflow-code-review/venv/lib/python3.7/site-packages/airflow/example_dags/example_sla_dag.py took 0.407 seconds
[2022-06-17 12:41:23,054] {processor.py:153} INFO - Started process (PID=15976) to work on /home/jarret/data-engineering-bootcamp/workspace/airflow-code-review/venv/lib/python3.7/site-packages/airflow/example_dags/example_sla_dag.py
[2022-06-17 12:41:23,055] {processor.py:641} INFO - Processing file /home/jarret/data-engineering-bootcamp/workspace/airflow-code-review/venv/lib/python3.7/site-packages/airflow/example_dags/example_sla_dag.py for tasks to queue
[2022-06-17 12:41:23,056] {logging_mixin.py:115} INFO - [2022-06-17 12:41:23,055] {dagbag.py:507} INFO - Filling up the DagBag from /home/jarret/data-engineering-bootcamp/workspace/airflow-code-review/venv/lib/python3.7/site-packages/airflow/example_dags/example_sla_dag.py
[2022-06-17 12:41:23,067] {processor.py:651} INFO - DAG(s) dict_keys(['example_sla_dag']) retrieved from /home/jarret/data-engineering-bootcamp/workspace/airflow-code-review/venv/lib/python3.7/site-packages/airflow/example_dags/example_sla_dag.py
[2022-06-17 12:41:23,077] {logging_mixin.py:115} INFO - [2022-06-17 12:41:23,077] {dag.py:2379} INFO - Sync 1 DAGs
[2022-06-17 12:41:23,095] {logging_mixin.py:115} INFO - [2022-06-17 12:41:23,095] {dag.py:2931} INFO - Setting next_dagrun for example_sla_dag to 2022-06-17T19:38:00+00:00, run_after=2022-06-17T19:40:00+00:00
[2022-06-17 12:41:23,281] {processor.py:161} INFO - Processing /home/jarret/data-engineering-bootcamp/workspace/airflow-code-review/venv/lib/python3.7/site-packages/airflow/example_dags/example_sla_dag.py took 0.230 seconds
[2022-06-17 12:42:21,034] {processor.py:153} INFO - Started process (PID=16028) to work on /home/jarret/data-engineering-bootcamp/workspace/airflow-code-review/venv/lib/python3.7/site-packages/airflow/example_dags/example_sla_dag.py
[2022-06-17 12:42:21,084] {processor.py:641} INFO - Processing file /home/jarret/data-engineering-bootcamp/workspace/airflow-code-review/venv/lib/python3.7/site-packages/airflow/example_dags/example_sla_dag.py for tasks to queue
[2022-06-17 12:42:21,085] {logging_mixin.py:115} INFO - [2022-06-17 12:42:21,084] {dagbag.py:507} INFO - Filling up the DagBag from /home/jarret/data-engineering-bootcamp/workspace/airflow-code-review/venv/lib/python3.7/site-packages/airflow/example_dags/example_sla_dag.py
[2022-06-17 12:42:21,099] {processor.py:651} INFO - DAG(s) dict_keys(['example_sla_dag']) retrieved from /home/jarret/data-engineering-bootcamp/workspace/airflow-code-review/venv/lib/python3.7/site-packages/airflow/example_dags/example_sla_dag.py
[2022-06-17 12:42:21,109] {logging_mixin.py:115} INFO - [2022-06-17 12:42:21,109] {dag.py:2379} INFO - Sync 1 DAGs
[2022-06-17 12:42:21,127] {logging_mixin.py:115} INFO - [2022-06-17 12:42:21,127] {dag.py:2931} INFO - Setting next_dagrun for example_sla_dag to 2022-06-17T19:40:00+00:00, run_after=2022-06-17T19:42:00+00:00
[2022-06-17 12:42:21,736] {processor.py:161} INFO - Processing /home/jarret/data-engineering-bootcamp/workspace/airflow-code-review/venv/lib/python3.7/site-packages/airflow/example_dags/example_sla_dag.py took 0.706 seconds
[2022-06-17 12:43:48,069] {processor.py:153} INFO - Started process (PID=16188) to work on /home/jarret/data-engineering-bootcamp/workspace/airflow-code-review/venv/lib/python3.7/site-packages/airflow/example_dags/example_sla_dag.py
[2022-06-17 12:43:48,643] {processor.py:641} INFO - Processing file /home/jarret/data-engineering-bootcamp/workspace/airflow-code-review/venv/lib/python3.7/site-packages/airflow/example_dags/example_sla_dag.py for tasks to queue
[2022-06-17 12:43:48,643] {logging_mixin.py:115} INFO - [2022-06-17 12:43:48,643] {dagbag.py:507} INFO - Filling up the DagBag from /home/jarret/data-engineering-bootcamp/workspace/airflow-code-review/venv/lib/python3.7/site-packages/airflow/example_dags/example_sla_dag.py
[2022-06-17 12:43:48,665] {processor.py:651} INFO - DAG(s) dict_keys(['example_sla_dag']) retrieved from /home/jarret/data-engineering-bootcamp/workspace/airflow-code-review/venv/lib/python3.7/site-packages/airflow/example_dags/example_sla_dag.py
[2022-06-17 12:43:48,675] {logging_mixin.py:115} INFO - [2022-06-17 12:43:48,675] {dag.py:2379} INFO - Sync 1 DAGs
[2022-06-17 12:43:48,693] {logging_mixin.py:115} INFO - [2022-06-17 12:43:48,693] {dag.py:2931} INFO - Setting next_dagrun for example_sla_dag to 2022-06-17T19:40:00+00:00, run_after=2022-06-17T19:42:00+00:00
[2022-06-17 12:43:48,838] {processor.py:161} INFO - Processing /home/jarret/data-engineering-bootcamp/workspace/airflow-code-review/venv/lib/python3.7/site-packages/airflow/example_dags/example_sla_dag.py took 0.772 seconds
[2022-06-17 12:44:53,345] {processor.py:153} INFO - Started process (PID=16279) to work on /home/jarret/data-engineering-bootcamp/workspace/airflow-code-review/venv/lib/python3.7/site-packages/airflow/example_dags/example_sla_dag.py
[2022-06-17 12:44:53,355] {processor.py:641} INFO - Processing file /home/jarret/data-engineering-bootcamp/workspace/airflow-code-review/venv/lib/python3.7/site-packages/airflow/example_dags/example_sla_dag.py for tasks to queue
[2022-06-17 12:44:53,356] {logging_mixin.py:115} INFO - [2022-06-17 12:44:53,355] {dagbag.py:507} INFO - Filling up the DagBag from /home/jarret/data-engineering-bootcamp/workspace/airflow-code-review/venv/lib/python3.7/site-packages/airflow/example_dags/example_sla_dag.py
[2022-06-17 12:44:53,374] {processor.py:651} INFO - DAG(s) dict_keys(['example_sla_dag']) retrieved from /home/jarret/data-engineering-bootcamp/workspace/airflow-code-review/venv/lib/python3.7/site-packages/airflow/example_dags/example_sla_dag.py
[2022-06-17 12:44:53,385] {logging_mixin.py:115} INFO - [2022-06-17 12:44:53,384] {dag.py:2379} INFO - Sync 1 DAGs
[2022-06-17 12:44:53,402] {logging_mixin.py:115} INFO - [2022-06-17 12:44:53,402] {dag.py:2931} INFO - Setting next_dagrun for example_sla_dag to 2022-06-17T19:42:00+00:00, run_after=2022-06-17T19:44:00+00:00
[2022-06-17 12:44:54,662] {processor.py:161} INFO - Processing /home/jarret/data-engineering-bootcamp/workspace/airflow-code-review/venv/lib/python3.7/site-packages/airflow/example_dags/example_sla_dag.py took 1.320 seconds
[2022-06-17 12:45:56,789] {processor.py:153} INFO - Started process (PID=16395) to work on /home/jarret/data-engineering-bootcamp/workspace/airflow-code-review/venv/lib/python3.7/site-packages/airflow/example_dags/example_sla_dag.py
[2022-06-17 12:45:56,792] {processor.py:641} INFO - Processing file /home/jarret/data-engineering-bootcamp/workspace/airflow-code-review/venv/lib/python3.7/site-packages/airflow/example_dags/example_sla_dag.py for tasks to queue
[2022-06-17 12:45:56,792] {logging_mixin.py:115} INFO - [2022-06-17 12:45:56,792] {dagbag.py:507} INFO - Filling up the DagBag from /home/jarret/data-engineering-bootcamp/workspace/airflow-code-review/venv/lib/python3.7/site-packages/airflow/example_dags/example_sla_dag.py
[2022-06-17 12:45:56,803] {processor.py:651} INFO - DAG(s) dict_keys(['example_sla_dag']) retrieved from /home/jarret/data-engineering-bootcamp/workspace/airflow-code-review/venv/lib/python3.7/site-packages/airflow/example_dags/example_sla_dag.py
[2022-06-17 12:45:56,813] {logging_mixin.py:115} INFO - [2022-06-17 12:45:56,813] {dag.py:2379} INFO - Sync 1 DAGs
[2022-06-17 12:45:56,831] {logging_mixin.py:115} INFO - [2022-06-17 12:45:56,831] {dag.py:2931} INFO - Setting next_dagrun for example_sla_dag to 2022-06-17T19:42:00+00:00, run_after=2022-06-17T19:44:00+00:00
[2022-06-17 12:45:57,249] {processor.py:161} INFO - Processing /home/jarret/data-engineering-bootcamp/workspace/airflow-code-review/venv/lib/python3.7/site-packages/airflow/example_dags/example_sla_dag.py took 0.462 seconds
[2022-06-17 12:47:09,623] {processor.py:153} INFO - Started process (PID=16489) to work on /home/jarret/data-engineering-bootcamp/workspace/airflow-code-review/venv/lib/python3.7/site-packages/airflow/example_dags/example_sla_dag.py
[2022-06-17 12:47:09,635] {processor.py:641} INFO - Processing file /home/jarret/data-engineering-bootcamp/workspace/airflow-code-review/venv/lib/python3.7/site-packages/airflow/example_dags/example_sla_dag.py for tasks to queue
[2022-06-17 12:47:09,636] {logging_mixin.py:115} INFO - [2022-06-17 12:47:09,635] {dagbag.py:507} INFO - Filling up the DagBag from /home/jarret/data-engineering-bootcamp/workspace/airflow-code-review/venv/lib/python3.7/site-packages/airflow/example_dags/example_sla_dag.py
[2022-06-17 12:47:09,647] {processor.py:651} INFO - DAG(s) dict_keys(['example_sla_dag']) retrieved from /home/jarret/data-engineering-bootcamp/workspace/airflow-code-review/venv/lib/python3.7/site-packages/airflow/example_dags/example_sla_dag.py
[2022-06-17 12:47:09,657] {logging_mixin.py:115} INFO - [2022-06-17 12:47:09,657] {dag.py:2379} INFO - Sync 1 DAGs
[2022-06-17 12:47:09,675] {logging_mixin.py:115} INFO - [2022-06-17 12:47:09,675] {dag.py:2931} INFO - Setting next_dagrun for example_sla_dag to 2022-06-17T19:44:00+00:00, run_after=2022-06-17T19:46:00+00:00
[2022-06-17 12:47:10,105] {processor.py:161} INFO - Processing /home/jarret/data-engineering-bootcamp/workspace/airflow-code-review/venv/lib/python3.7/site-packages/airflow/example_dags/example_sla_dag.py took 0.485 seconds
[2022-06-17 12:48:13,554] {processor.py:153} INFO - Started process (PID=16532) to work on /home/jarret/data-engineering-bootcamp/workspace/airflow-code-review/venv/lib/python3.7/site-packages/airflow/example_dags/example_sla_dag.py
[2022-06-17 12:48:13,568] {processor.py:641} INFO - Processing file /home/jarret/data-engineering-bootcamp/workspace/airflow-code-review/venv/lib/python3.7/site-packages/airflow/example_dags/example_sla_dag.py for tasks to queue
[2022-06-17 12:48:13,568] {logging_mixin.py:115} INFO - [2022-06-17 12:48:13,568] {dagbag.py:507} INFO - Filling up the DagBag from /home/jarret/data-engineering-bootcamp/workspace/airflow-code-review/venv/lib/python3.7/site-packages/airflow/example_dags/example_sla_dag.py
[2022-06-17 12:48:13,583] {processor.py:651} INFO - DAG(s) dict_keys(['example_sla_dag']) retrieved from /home/jarret/data-engineering-bootcamp/workspace/airflow-code-review/venv/lib/python3.7/site-packages/airflow/example_dags/example_sla_dag.py
[2022-06-17 12:48:13,593] {logging_mixin.py:115} INFO - [2022-06-17 12:48:13,593] {dag.py:2379} INFO - Sync 1 DAGs
[2022-06-17 12:48:13,611] {logging_mixin.py:115} INFO - [2022-06-17 12:48:13,611] {dag.py:2931} INFO - Setting next_dagrun for example_sla_dag to 2022-06-17T19:46:00+00:00, run_after=2022-06-17T19:48:00+00:00
[2022-06-17 12:48:14,497] {processor.py:161} INFO - Processing /home/jarret/data-engineering-bootcamp/workspace/airflow-code-review/venv/lib/python3.7/site-packages/airflow/example_dags/example_sla_dag.py took 0.946 seconds
[2022-06-17 12:49:33,958] {processor.py:153} INFO - Started process (PID=16651) to work on /home/jarret/data-engineering-bootcamp/workspace/airflow-code-review/venv/lib/python3.7/site-packages/airflow/example_dags/example_sla_dag.py
[2022-06-17 12:49:33,959] {processor.py:641} INFO - Processing file /home/jarret/data-engineering-bootcamp/workspace/airflow-code-review/venv/lib/python3.7/site-packages/airflow/example_dags/example_sla_dag.py for tasks to queue
[2022-06-17 12:49:33,960] {logging_mixin.py:115} INFO - [2022-06-17 12:49:33,960] {dagbag.py:507} INFO - Filling up the DagBag from /home/jarret/data-engineering-bootcamp/workspace/airflow-code-review/venv/lib/python3.7/site-packages/airflow/example_dags/example_sla_dag.py
[2022-06-17 12:49:33,980] {processor.py:651} INFO - DAG(s) dict_keys(['example_sla_dag']) retrieved from /home/jarret/data-engineering-bootcamp/workspace/airflow-code-review/venv/lib/python3.7/site-packages/airflow/example_dags/example_sla_dag.py
[2022-06-17 12:49:33,990] {logging_mixin.py:115} INFO - [2022-06-17 12:49:33,990] {dag.py:2379} INFO - Sync 1 DAGs
[2022-06-17 12:49:34,008] {logging_mixin.py:115} INFO - [2022-06-17 12:49:34,008] {dag.py:2931} INFO - Setting next_dagrun for example_sla_dag to 2022-06-17T19:46:00+00:00, run_after=2022-06-17T19:48:00+00:00
[2022-06-17 12:49:35,108] {processor.py:161} INFO - Processing /home/jarret/data-engineering-bootcamp/workspace/airflow-code-review/venv/lib/python3.7/site-packages/airflow/example_dags/example_sla_dag.py took 1.153 seconds
[2022-06-17 12:50:34,487] {processor.py:153} INFO - Started process (PID=16745) to work on /home/jarret/data-engineering-bootcamp/workspace/airflow-code-review/venv/lib/python3.7/site-packages/airflow/example_dags/example_sla_dag.py
[2022-06-17 12:50:34,620] {processor.py:641} INFO - Processing file /home/jarret/data-engineering-bootcamp/workspace/airflow-code-review/venv/lib/python3.7/site-packages/airflow/example_dags/example_sla_dag.py for tasks to queue
[2022-06-17 12:50:34,621] {logging_mixin.py:115} INFO - [2022-06-17 12:50:34,621] {dagbag.py:507} INFO - Filling up the DagBag from /home/jarret/data-engineering-bootcamp/workspace/airflow-code-review/venv/lib/python3.7/site-packages/airflow/example_dags/example_sla_dag.py
[2022-06-17 12:50:34,641] {processor.py:651} INFO - DAG(s) dict_keys(['example_sla_dag']) retrieved from /home/jarret/data-engineering-bootcamp/workspace/airflow-code-review/venv/lib/python3.7/site-packages/airflow/example_dags/example_sla_dag.py
[2022-06-17 12:50:34,651] {logging_mixin.py:115} INFO - [2022-06-17 12:50:34,651] {dag.py:2379} INFO - Sync 1 DAGs
[2022-06-17 12:50:34,669] {logging_mixin.py:115} INFO - [2022-06-17 12:50:34,669] {dag.py:2931} INFO - Setting next_dagrun for example_sla_dag to 2022-06-17T19:48:00+00:00, run_after=2022-06-17T19:50:00+00:00
[2022-06-17 12:50:34,902] {processor.py:161} INFO - Processing /home/jarret/data-engineering-bootcamp/workspace/airflow-code-review/venv/lib/python3.7/site-packages/airflow/example_dags/example_sla_dag.py took 0.418 seconds
[2022-06-17 12:51:39,702] {processor.py:153} INFO - Started process (PID=16866) to work on /home/jarret/data-engineering-bootcamp/workspace/airflow-code-review/venv/lib/python3.7/site-packages/airflow/example_dags/example_sla_dag.py
[2022-06-17 12:51:39,704] {processor.py:641} INFO - Processing file /home/jarret/data-engineering-bootcamp/workspace/airflow-code-review/venv/lib/python3.7/site-packages/airflow/example_dags/example_sla_dag.py for tasks to queue
[2022-06-17 12:51:39,705] {logging_mixin.py:115} INFO - [2022-06-17 12:51:39,704] {dagbag.py:507} INFO - Filling up the DagBag from /home/jarret/data-engineering-bootcamp/workspace/airflow-code-review/venv/lib/python3.7/site-packages/airflow/example_dags/example_sla_dag.py
[2022-06-17 12:51:39,718] {processor.py:651} INFO - DAG(s) dict_keys(['example_sla_dag']) retrieved from /home/jarret/data-engineering-bootcamp/workspace/airflow-code-review/venv/lib/python3.7/site-packages/airflow/example_dags/example_sla_dag.py
[2022-06-17 12:51:39,728] {logging_mixin.py:115} INFO - [2022-06-17 12:51:39,728] {dag.py:2379} INFO - Sync 1 DAGs
[2022-06-17 12:51:39,747] {logging_mixin.py:115} INFO - [2022-06-17 12:51:39,747] {dag.py:2931} INFO - Setting next_dagrun for example_sla_dag to 2022-06-17T19:48:00+00:00, run_after=2022-06-17T19:50:00+00:00
[2022-06-17 12:51:40,078] {processor.py:161} INFO - Processing /home/jarret/data-engineering-bootcamp/workspace/airflow-code-review/venv/lib/python3.7/site-packages/airflow/example_dags/example_sla_dag.py took 0.379 seconds
[2022-06-17 12:52:41,901] {processor.py:153} INFO - Started process (PID=16957) to work on /home/jarret/data-engineering-bootcamp/workspace/airflow-code-review/venv/lib/python3.7/site-packages/airflow/example_dags/example_sla_dag.py
[2022-06-17 12:52:42,008] {processor.py:641} INFO - Processing file /home/jarret/data-engineering-bootcamp/workspace/airflow-code-review/venv/lib/python3.7/site-packages/airflow/example_dags/example_sla_dag.py for tasks to queue
[2022-06-17 12:52:42,008] {logging_mixin.py:115} INFO - [2022-06-17 12:52:42,008] {dagbag.py:507} INFO - Filling up the DagBag from /home/jarret/data-engineering-bootcamp/workspace/airflow-code-review/venv/lib/python3.7/site-packages/airflow/example_dags/example_sla_dag.py
[2022-06-17 12:52:42,026] {processor.py:651} INFO - DAG(s) dict_keys(['example_sla_dag']) retrieved from /home/jarret/data-engineering-bootcamp/workspace/airflow-code-review/venv/lib/python3.7/site-packages/airflow/example_dags/example_sla_dag.py
[2022-06-17 12:52:42,036] {logging_mixin.py:115} INFO - [2022-06-17 12:52:42,036] {dag.py:2379} INFO - Sync 1 DAGs
[2022-06-17 12:52:42,056] {logging_mixin.py:115} INFO - [2022-06-17 12:52:42,056] {dag.py:2931} INFO - Setting next_dagrun for example_sla_dag to 2022-06-17T19:50:00+00:00, run_after=2022-06-17T19:52:00+00:00
[2022-06-17 12:52:44,006] {processor.py:161} INFO - Processing /home/jarret/data-engineering-bootcamp/workspace/airflow-code-review/venv/lib/python3.7/site-packages/airflow/example_dags/example_sla_dag.py took 2.108 seconds
[2022-06-17 12:53:47,055] {processor.py:153} INFO - Started process (PID=17012) to work on /home/jarret/data-engineering-bootcamp/workspace/airflow-code-review/venv/lib/python3.7/site-packages/airflow/example_dags/example_sla_dag.py
[2022-06-17 12:53:47,869] {processor.py:641} INFO - Processing file /home/jarret/data-engineering-bootcamp/workspace/airflow-code-review/venv/lib/python3.7/site-packages/airflow/example_dags/example_sla_dag.py for tasks to queue
[2022-06-17 12:53:47,870] {logging_mixin.py:115} INFO - [2022-06-17 12:53:47,870] {dagbag.py:507} INFO - Filling up the DagBag from /home/jarret/data-engineering-bootcamp/workspace/airflow-code-review/venv/lib/python3.7/site-packages/airflow/example_dags/example_sla_dag.py
[2022-06-17 12:53:47,889] {processor.py:651} INFO - DAG(s) dict_keys(['example_sla_dag']) retrieved from /home/jarret/data-engineering-bootcamp/workspace/airflow-code-review/venv/lib/python3.7/site-packages/airflow/example_dags/example_sla_dag.py
[2022-06-17 12:53:47,899] {logging_mixin.py:115} INFO - [2022-06-17 12:53:47,899] {dag.py:2379} INFO - Sync 1 DAGs
[2022-06-17 12:53:47,919] {logging_mixin.py:115} INFO - [2022-06-17 12:53:47,919] {dag.py:2931} INFO - Setting next_dagrun for example_sla_dag to 2022-06-17T19:50:00+00:00, run_after=2022-06-17T19:52:00+00:00
[2022-06-17 12:53:48,071] {processor.py:161} INFO - Processing /home/jarret/data-engineering-bootcamp/workspace/airflow-code-review/venv/lib/python3.7/site-packages/airflow/example_dags/example_sla_dag.py took 1.017 seconds
[2022-06-17 12:54:57,169] {processor.py:153} INFO - Started process (PID=17082) to work on /home/jarret/data-engineering-bootcamp/workspace/airflow-code-review/venv/lib/python3.7/site-packages/airflow/example_dags/example_sla_dag.py
[2022-06-17 12:54:57,170] {processor.py:641} INFO - Processing file /home/jarret/data-engineering-bootcamp/workspace/airflow-code-review/venv/lib/python3.7/site-packages/airflow/example_dags/example_sla_dag.py for tasks to queue
[2022-06-17 12:54:57,171] {logging_mixin.py:115} INFO - [2022-06-17 12:54:57,171] {dagbag.py:507} INFO - Filling up the DagBag from /home/jarret/data-engineering-bootcamp/workspace/airflow-code-review/venv/lib/python3.7/site-packages/airflow/example_dags/example_sla_dag.py
[2022-06-17 12:54:57,182] {processor.py:651} INFO - DAG(s) dict_keys(['example_sla_dag']) retrieved from /home/jarret/data-engineering-bootcamp/workspace/airflow-code-review/venv/lib/python3.7/site-packages/airflow/example_dags/example_sla_dag.py
[2022-06-17 12:54:57,192] {logging_mixin.py:115} INFO - [2022-06-17 12:54:57,192] {dag.py:2379} INFO - Sync 1 DAGs
[2022-06-17 12:54:57,212] {logging_mixin.py:115} INFO - [2022-06-17 12:54:57,212] {dag.py:2931} INFO - Setting next_dagrun for example_sla_dag to 2022-06-17T19:52:00+00:00, run_after=2022-06-17T19:54:00+00:00
[2022-06-17 12:54:58,036] {processor.py:161} INFO - Processing /home/jarret/data-engineering-bootcamp/workspace/airflow-code-review/venv/lib/python3.7/site-packages/airflow/example_dags/example_sla_dag.py took 0.871 seconds
[2022-06-17 12:55:54,136] {processor.py:153} INFO - Started process (PID=17130) to work on /home/jarret/data-engineering-bootcamp/workspace/airflow-code-review/venv/lib/python3.7/site-packages/airflow/example_dags/example_sla_dag.py
[2022-06-17 12:55:54,160] {processor.py:641} INFO - Processing file /home/jarret/data-engineering-bootcamp/workspace/airflow-code-review/venv/lib/python3.7/site-packages/airflow/example_dags/example_sla_dag.py for tasks to queue
[2022-06-17 12:55:54,160] {logging_mixin.py:115} INFO - [2022-06-17 12:55:54,160] {dagbag.py:507} INFO - Filling up the DagBag from /home/jarret/data-engineering-bootcamp/workspace/airflow-code-review/venv/lib/python3.7/site-packages/airflow/example_dags/example_sla_dag.py
[2022-06-17 12:55:54,174] {processor.py:651} INFO - DAG(s) dict_keys(['example_sla_dag']) retrieved from /home/jarret/data-engineering-bootcamp/workspace/airflow-code-review/venv/lib/python3.7/site-packages/airflow/example_dags/example_sla_dag.py
[2022-06-17 12:55:54,185] {logging_mixin.py:115} INFO - [2022-06-17 12:55:54,185] {dag.py:2379} INFO - Sync 1 DAGs
[2022-06-17 12:55:54,204] {logging_mixin.py:115} INFO - [2022-06-17 12:55:54,204] {dag.py:2931} INFO - Setting next_dagrun for example_sla_dag to 2022-06-17T19:52:00+00:00, run_after=2022-06-17T19:54:00+00:00
[2022-06-17 12:55:55,715] {processor.py:161} INFO - Processing /home/jarret/data-engineering-bootcamp/workspace/airflow-code-review/venv/lib/python3.7/site-packages/airflow/example_dags/example_sla_dag.py took 1.582 seconds
[2022-06-17 12:57:09,090] {processor.py:153} INFO - Started process (PID=17237) to work on /home/jarret/data-engineering-bootcamp/workspace/airflow-code-review/venv/lib/python3.7/site-packages/airflow/example_dags/example_sla_dag.py
[2022-06-17 12:57:09,095] {processor.py:641} INFO - Processing file /home/jarret/data-engineering-bootcamp/workspace/airflow-code-review/venv/lib/python3.7/site-packages/airflow/example_dags/example_sla_dag.py for tasks to queue
[2022-06-17 12:57:09,096] {logging_mixin.py:115} INFO - [2022-06-17 12:57:09,096] {dagbag.py:507} INFO - Filling up the DagBag from /home/jarret/data-engineering-bootcamp/workspace/airflow-code-review/venv/lib/python3.7/site-packages/airflow/example_dags/example_sla_dag.py
[2022-06-17 12:57:09,116] {processor.py:651} INFO - DAG(s) dict_keys(['example_sla_dag']) retrieved from /home/jarret/data-engineering-bootcamp/workspace/airflow-code-review/venv/lib/python3.7/site-packages/airflow/example_dags/example_sla_dag.py
[2022-06-17 12:57:09,126] {logging_mixin.py:115} INFO - [2022-06-17 12:57:09,126] {dag.py:2379} INFO - Sync 1 DAGs
[2022-06-17 12:57:09,146] {logging_mixin.py:115} INFO - [2022-06-17 12:57:09,146] {dag.py:2931} INFO - Setting next_dagrun for example_sla_dag to 2022-06-17T19:54:00+00:00, run_after=2022-06-17T19:56:00+00:00
[2022-06-17 12:57:09,444] {processor.py:161} INFO - Processing /home/jarret/data-engineering-bootcamp/workspace/airflow-code-review/venv/lib/python3.7/site-packages/airflow/example_dags/example_sla_dag.py took 0.357 seconds
[2022-06-17 12:58:28,323] {processor.py:153} INFO - Started process (PID=17312) to work on /home/jarret/data-engineering-bootcamp/workspace/airflow-code-review/venv/lib/python3.7/site-packages/airflow/example_dags/example_sla_dag.py
[2022-06-17 12:58:28,328] {processor.py:641} INFO - Processing file /home/jarret/data-engineering-bootcamp/workspace/airflow-code-review/venv/lib/python3.7/site-packages/airflow/example_dags/example_sla_dag.py for tasks to queue
[2022-06-17 12:58:28,329] {logging_mixin.py:115} INFO - [2022-06-17 12:58:28,329] {dagbag.py:507} INFO - Filling up the DagBag from /home/jarret/data-engineering-bootcamp/workspace/airflow-code-review/venv/lib/python3.7/site-packages/airflow/example_dags/example_sla_dag.py
[2022-06-17 12:58:28,341] {processor.py:651} INFO - DAG(s) dict_keys(['example_sla_dag']) retrieved from /home/jarret/data-engineering-bootcamp/workspace/airflow-code-review/venv/lib/python3.7/site-packages/airflow/example_dags/example_sla_dag.py
[2022-06-17 12:58:28,352] {logging_mixin.py:115} INFO - [2022-06-17 12:58:28,352] {dag.py:2379} INFO - Sync 1 DAGs
[2022-06-17 12:58:28,372] {logging_mixin.py:115} INFO - [2022-06-17 12:58:28,372] {dag.py:2931} INFO - Setting next_dagrun for example_sla_dag to 2022-06-17T19:56:00+00:00, run_after=2022-06-17T19:58:00+00:00
[2022-06-17 12:58:28,493] {processor.py:161} INFO - Processing /home/jarret/data-engineering-bootcamp/workspace/airflow-code-review/venv/lib/python3.7/site-packages/airflow/example_dags/example_sla_dag.py took 0.174 seconds
[2022-06-17 12:59:17,329] {processor.py:153} INFO - Started process (PID=17412) to work on /home/jarret/data-engineering-bootcamp/workspace/airflow-code-review/venv/lib/python3.7/site-packages/airflow/example_dags/example_sla_dag.py
[2022-06-17 12:59:17,334] {processor.py:641} INFO - Processing file /home/jarret/data-engineering-bootcamp/workspace/airflow-code-review/venv/lib/python3.7/site-packages/airflow/example_dags/example_sla_dag.py for tasks to queue
[2022-06-17 12:59:17,334] {logging_mixin.py:115} INFO - [2022-06-17 12:59:17,334] {dagbag.py:507} INFO - Filling up the DagBag from /home/jarret/data-engineering-bootcamp/workspace/airflow-code-review/venv/lib/python3.7/site-packages/airflow/example_dags/example_sla_dag.py
[2022-06-17 12:59:17,345] {processor.py:651} INFO - DAG(s) dict_keys(['example_sla_dag']) retrieved from /home/jarret/data-engineering-bootcamp/workspace/airflow-code-review/venv/lib/python3.7/site-packages/airflow/example_dags/example_sla_dag.py
[2022-06-17 12:59:17,355] {logging_mixin.py:115} INFO - [2022-06-17 12:59:17,355] {dag.py:2379} INFO - Sync 1 DAGs
[2022-06-17 12:59:17,375] {logging_mixin.py:115} INFO - [2022-06-17 12:59:17,375] {dag.py:2931} INFO - Setting next_dagrun for example_sla_dag to 2022-06-17T19:56:00+00:00, run_after=2022-06-17T19:58:00+00:00
[2022-06-17 12:59:17,505] {processor.py:161} INFO - Processing /home/jarret/data-engineering-bootcamp/workspace/airflow-code-review/venv/lib/python3.7/site-packages/airflow/example_dags/example_sla_dag.py took 0.180 seconds
[2022-06-17 13:00:14,848] {processor.py:153} INFO - Started process (PID=17524) to work on /home/jarret/data-engineering-bootcamp/workspace/airflow-code-review/venv/lib/python3.7/site-packages/airflow/example_dags/example_sla_dag.py
[2022-06-17 13:00:14,855] {processor.py:641} INFO - Processing file /home/jarret/data-engineering-bootcamp/workspace/airflow-code-review/venv/lib/python3.7/site-packages/airflow/example_dags/example_sla_dag.py for tasks to queue
[2022-06-17 13:00:14,856] {logging_mixin.py:115} INFO - [2022-06-17 13:00:14,856] {dagbag.py:507} INFO - Filling up the DagBag from /home/jarret/data-engineering-bootcamp/workspace/airflow-code-review/venv/lib/python3.7/site-packages/airflow/example_dags/example_sla_dag.py
[2022-06-17 13:00:14,868] {processor.py:651} INFO - DAG(s) dict_keys(['example_sla_dag']) retrieved from /home/jarret/data-engineering-bootcamp/workspace/airflow-code-review/venv/lib/python3.7/site-packages/airflow/example_dags/example_sla_dag.py
[2022-06-17 13:00:14,878] {logging_mixin.py:115} INFO - [2022-06-17 13:00:14,878] {dag.py:2379} INFO - Sync 1 DAGs
[2022-06-17 13:00:14,897] {logging_mixin.py:115} INFO - [2022-06-17 13:00:14,897] {dag.py:2931} INFO - Setting next_dagrun for example_sla_dag to 2022-06-17T19:58:00+00:00, run_after=2022-06-17T20:00:00+00:00
[2022-06-17 13:00:15,024] {processor.py:161} INFO - Processing /home/jarret/data-engineering-bootcamp/workspace/airflow-code-review/venv/lib/python3.7/site-packages/airflow/example_dags/example_sla_dag.py took 0.178 seconds
[2022-06-17 13:01:07,461] {processor.py:153} INFO - Started process (PID=17579) to work on /home/jarret/data-engineering-bootcamp/workspace/airflow-code-review/venv/lib/python3.7/site-packages/airflow/example_dags/example_sla_dag.py
[2022-06-17 13:01:07,463] {processor.py:641} INFO - Processing file /home/jarret/data-engineering-bootcamp/workspace/airflow-code-review/venv/lib/python3.7/site-packages/airflow/example_dags/example_sla_dag.py for tasks to queue
[2022-06-17 13:01:07,464] {logging_mixin.py:115} INFO - [2022-06-17 13:01:07,463] {dagbag.py:507} INFO - Filling up the DagBag from /home/jarret/data-engineering-bootcamp/workspace/airflow-code-review/venv/lib/python3.7/site-packages/airflow/example_dags/example_sla_dag.py
[2022-06-17 13:01:07,475] {processor.py:651} INFO - DAG(s) dict_keys(['example_sla_dag']) retrieved from /home/jarret/data-engineering-bootcamp/workspace/airflow-code-review/venv/lib/python3.7/site-packages/airflow/example_dags/example_sla_dag.py
[2022-06-17 13:01:07,486] {logging_mixin.py:115} INFO - [2022-06-17 13:01:07,486] {dag.py:2379} INFO - Sync 1 DAGs
[2022-06-17 13:01:07,505] {logging_mixin.py:115} INFO - [2022-06-17 13:01:07,505] {dag.py:2931} INFO - Setting next_dagrun for example_sla_dag to 2022-06-17T19:58:00+00:00, run_after=2022-06-17T20:00:00+00:00
[2022-06-17 13:01:07,665] {processor.py:161} INFO - Processing /home/jarret/data-engineering-bootcamp/workspace/airflow-code-review/venv/lib/python3.7/site-packages/airflow/example_dags/example_sla_dag.py took 0.207 seconds
[2022-06-17 13:01:59,674] {processor.py:153} INFO - Started process (PID=17681) to work on /home/jarret/data-engineering-bootcamp/workspace/airflow-code-review/venv/lib/python3.7/site-packages/airflow/example_dags/example_sla_dag.py
[2022-06-17 13:01:59,685] {processor.py:641} INFO - Processing file /home/jarret/data-engineering-bootcamp/workspace/airflow-code-review/venv/lib/python3.7/site-packages/airflow/example_dags/example_sla_dag.py for tasks to queue
[2022-06-17 13:01:59,686] {logging_mixin.py:115} INFO - [2022-06-17 13:01:59,686] {dagbag.py:507} INFO - Filling up the DagBag from /home/jarret/data-engineering-bootcamp/workspace/airflow-code-review/venv/lib/python3.7/site-packages/airflow/example_dags/example_sla_dag.py
[2022-06-17 13:01:59,702] {processor.py:651} INFO - DAG(s) dict_keys(['example_sla_dag']) retrieved from /home/jarret/data-engineering-bootcamp/workspace/airflow-code-review/venv/lib/python3.7/site-packages/airflow/example_dags/example_sla_dag.py
[2022-06-17 13:01:59,712] {logging_mixin.py:115} INFO - [2022-06-17 13:01:59,712] {dag.py:2379} INFO - Sync 1 DAGs
[2022-06-17 13:01:59,731] {logging_mixin.py:115} INFO - [2022-06-17 13:01:59,731] {dag.py:2931} INFO - Setting next_dagrun for example_sla_dag to 2022-06-17T19:58:00+00:00, run_after=2022-06-17T20:00:00+00:00
[2022-06-17 13:01:59,876] {processor.py:161} INFO - Processing /home/jarret/data-engineering-bootcamp/workspace/airflow-code-review/venv/lib/python3.7/site-packages/airflow/example_dags/example_sla_dag.py took 0.205 seconds
[2022-06-17 13:02:49,054] {processor.py:153} INFO - Started process (PID=17783) to work on /home/jarret/data-engineering-bootcamp/workspace/airflow-code-review/venv/lib/python3.7/site-packages/airflow/example_dags/example_sla_dag.py
[2022-06-17 13:02:49,072] {processor.py:641} INFO - Processing file /home/jarret/data-engineering-bootcamp/workspace/airflow-code-review/venv/lib/python3.7/site-packages/airflow/example_dags/example_sla_dag.py for tasks to queue
[2022-06-17 13:02:49,072] {logging_mixin.py:115} INFO - [2022-06-17 13:02:49,072] {dagbag.py:507} INFO - Filling up the DagBag from /home/jarret/data-engineering-bootcamp/workspace/airflow-code-review/venv/lib/python3.7/site-packages/airflow/example_dags/example_sla_dag.py
[2022-06-17 13:02:49,085] {processor.py:651} INFO - DAG(s) dict_keys(['example_sla_dag']) retrieved from /home/jarret/data-engineering-bootcamp/workspace/airflow-code-review/venv/lib/python3.7/site-packages/airflow/example_dags/example_sla_dag.py
[2022-06-17 13:02:49,096] {logging_mixin.py:115} INFO - [2022-06-17 13:02:49,096] {dag.py:2379} INFO - Sync 1 DAGs
[2022-06-17 13:02:49,115] {logging_mixin.py:115} INFO - [2022-06-17 13:02:49,115] {dag.py:2931} INFO - Setting next_dagrun for example_sla_dag to 2022-06-17T20:00:00+00:00, run_after=2022-06-17T20:02:00+00:00
[2022-06-17 13:02:50,275] {processor.py:161} INFO - Processing /home/jarret/data-engineering-bootcamp/workspace/airflow-code-review/venv/lib/python3.7/site-packages/airflow/example_dags/example_sla_dag.py took 1.225 seconds
[2022-06-17 13:03:53,782] {processor.py:153} INFO - Started process (PID=17895) to work on /home/jarret/data-engineering-bootcamp/workspace/airflow-code-review/venv/lib/python3.7/site-packages/airflow/example_dags/example_sla_dag.py
[2022-06-17 13:03:53,784] {processor.py:641} INFO - Processing file /home/jarret/data-engineering-bootcamp/workspace/airflow-code-review/venv/lib/python3.7/site-packages/airflow/example_dags/example_sla_dag.py for tasks to queue
[2022-06-17 13:03:53,784] {logging_mixin.py:115} INFO - [2022-06-17 13:03:53,784] {dagbag.py:507} INFO - Filling up the DagBag from /home/jarret/data-engineering-bootcamp/workspace/airflow-code-review/venv/lib/python3.7/site-packages/airflow/example_dags/example_sla_dag.py
[2022-06-17 13:03:53,796] {processor.py:651} INFO - DAG(s) dict_keys(['example_sla_dag']) retrieved from /home/jarret/data-engineering-bootcamp/workspace/airflow-code-review/venv/lib/python3.7/site-packages/airflow/example_dags/example_sla_dag.py
[2022-06-17 13:03:53,806] {logging_mixin.py:115} INFO - [2022-06-17 13:03:53,806] {dag.py:2379} INFO - Sync 1 DAGs
[2022-06-17 13:03:53,826] {logging_mixin.py:115} INFO - [2022-06-17 13:03:53,826] {dag.py:2931} INFO - Setting next_dagrun for example_sla_dag to 2022-06-17T20:00:00+00:00, run_after=2022-06-17T20:02:00+00:00
[2022-06-17 13:03:54,430] {processor.py:161} INFO - Processing /home/jarret/data-engineering-bootcamp/workspace/airflow-code-review/venv/lib/python3.7/site-packages/airflow/example_dags/example_sla_dag.py took 0.651 seconds
[2022-06-17 13:04:59,438] {processor.py:153} INFO - Started process (PID=17982) to work on /home/jarret/data-engineering-bootcamp/workspace/airflow-code-review/venv/lib/python3.7/site-packages/airflow/example_dags/example_sla_dag.py
[2022-06-17 13:04:59,440] {processor.py:641} INFO - Processing file /home/jarret/data-engineering-bootcamp/workspace/airflow-code-review/venv/lib/python3.7/site-packages/airflow/example_dags/example_sla_dag.py for tasks to queue
[2022-06-17 13:04:59,440] {logging_mixin.py:115} INFO - [2022-06-17 13:04:59,440] {dagbag.py:507} INFO - Filling up the DagBag from /home/jarret/data-engineering-bootcamp/workspace/airflow-code-review/venv/lib/python3.7/site-packages/airflow/example_dags/example_sla_dag.py
[2022-06-17 13:04:59,452] {processor.py:651} INFO - DAG(s) dict_keys(['example_sla_dag']) retrieved from /home/jarret/data-engineering-bootcamp/workspace/airflow-code-review/venv/lib/python3.7/site-packages/airflow/example_dags/example_sla_dag.py
[2022-06-17 13:04:59,463] {logging_mixin.py:115} INFO - [2022-06-17 13:04:59,463] {dag.py:2379} INFO - Sync 1 DAGs
[2022-06-17 13:04:59,483] {logging_mixin.py:115} INFO - [2022-06-17 13:04:59,482] {dag.py:2931} INFO - Setting next_dagrun for example_sla_dag to 2022-06-17T20:02:00+00:00, run_after=2022-06-17T20:04:00+00:00
[2022-06-17 13:04:59,619] {processor.py:161} INFO - Processing /home/jarret/data-engineering-bootcamp/workspace/airflow-code-review/venv/lib/python3.7/site-packages/airflow/example_dags/example_sla_dag.py took 0.184 seconds
[2022-06-17 13:05:57,953] {processor.py:153} INFO - Started process (PID=18032) to work on /home/jarret/data-engineering-bootcamp/workspace/airflow-code-review/venv/lib/python3.7/site-packages/airflow/example_dags/example_sla_dag.py
[2022-06-17 13:05:57,954] {processor.py:641} INFO - Processing file /home/jarret/data-engineering-bootcamp/workspace/airflow-code-review/venv/lib/python3.7/site-packages/airflow/example_dags/example_sla_dag.py for tasks to queue
[2022-06-17 13:05:57,955] {logging_mixin.py:115} INFO - [2022-06-17 13:05:57,955] {dagbag.py:507} INFO - Filling up the DagBag from /home/jarret/data-engineering-bootcamp/workspace/airflow-code-review/venv/lib/python3.7/site-packages/airflow/example_dags/example_sla_dag.py
[2022-06-17 13:05:57,976] {processor.py:651} INFO - DAG(s) dict_keys(['example_sla_dag']) retrieved from /home/jarret/data-engineering-bootcamp/workspace/airflow-code-review/venv/lib/python3.7/site-packages/airflow/example_dags/example_sla_dag.py
[2022-06-17 13:05:57,986] {logging_mixin.py:115} INFO - [2022-06-17 13:05:57,986] {dag.py:2379} INFO - Sync 1 DAGs
[2022-06-17 13:05:58,006] {logging_mixin.py:115} INFO - [2022-06-17 13:05:58,006] {dag.py:2931} INFO - Setting next_dagrun for example_sla_dag to 2022-06-17T20:02:00+00:00, run_after=2022-06-17T20:04:00+00:00
[2022-06-17 13:05:59,112] {processor.py:161} INFO - Processing /home/jarret/data-engineering-bootcamp/workspace/airflow-code-review/venv/lib/python3.7/site-packages/airflow/example_dags/example_sla_dag.py took 1.163 seconds
[2022-06-17 13:06:46,417] {processor.py:153} INFO - Started process (PID=18100) to work on /home/jarret/data-engineering-bootcamp/workspace/airflow-code-review/venv/lib/python3.7/site-packages/airflow/example_dags/example_sla_dag.py
[2022-06-17 13:06:46,428] {processor.py:641} INFO - Processing file /home/jarret/data-engineering-bootcamp/workspace/airflow-code-review/venv/lib/python3.7/site-packages/airflow/example_dags/example_sla_dag.py for tasks to queue
[2022-06-17 13:06:46,428] {logging_mixin.py:115} INFO - [2022-06-17 13:06:46,428] {dagbag.py:507} INFO - Filling up the DagBag from /home/jarret/data-engineering-bootcamp/workspace/airflow-code-review/venv/lib/python3.7/site-packages/airflow/example_dags/example_sla_dag.py
[2022-06-17 13:06:46,439] {processor.py:651} INFO - DAG(s) dict_keys(['example_sla_dag']) retrieved from /home/jarret/data-engineering-bootcamp/workspace/airflow-code-review/venv/lib/python3.7/site-packages/airflow/example_dags/example_sla_dag.py
[2022-06-17 13:06:46,449] {logging_mixin.py:115} INFO - [2022-06-17 13:06:46,449] {dag.py:2379} INFO - Sync 1 DAGs
[2022-06-17 13:06:46,469] {logging_mixin.py:115} INFO - [2022-06-17 13:06:46,469] {dag.py:2931} INFO - Setting next_dagrun for example_sla_dag to 2022-06-17T20:04:00+00:00, run_after=2022-06-17T20:06:00+00:00
[2022-06-17 13:06:46,619] {processor.py:161} INFO - Processing /home/jarret/data-engineering-bootcamp/workspace/airflow-code-review/venv/lib/python3.7/site-packages/airflow/example_dags/example_sla_dag.py took 0.206 seconds
[2022-06-17 13:07:39,264] {processor.py:153} INFO - Started process (PID=18201) to work on /home/jarret/data-engineering-bootcamp/workspace/airflow-code-review/venv/lib/python3.7/site-packages/airflow/example_dags/example_sla_dag.py
[2022-06-17 13:07:39,265] {processor.py:641} INFO - Processing file /home/jarret/data-engineering-bootcamp/workspace/airflow-code-review/venv/lib/python3.7/site-packages/airflow/example_dags/example_sla_dag.py for tasks to queue
[2022-06-17 13:07:39,266] {logging_mixin.py:115} INFO - [2022-06-17 13:07:39,266] {dagbag.py:507} INFO - Filling up the DagBag from /home/jarret/data-engineering-bootcamp/workspace/airflow-code-review/venv/lib/python3.7/site-packages/airflow/example_dags/example_sla_dag.py
[2022-06-17 13:07:39,279] {processor.py:651} INFO - DAG(s) dict_keys(['example_sla_dag']) retrieved from /home/jarret/data-engineering-bootcamp/workspace/airflow-code-review/venv/lib/python3.7/site-packages/airflow/example_dags/example_sla_dag.py
[2022-06-17 13:07:39,289] {logging_mixin.py:115} INFO - [2022-06-17 13:07:39,289] {dag.py:2379} INFO - Sync 1 DAGs
[2022-06-17 13:07:39,308] {logging_mixin.py:115} INFO - [2022-06-17 13:07:39,308] {dag.py:2931} INFO - Setting next_dagrun for example_sla_dag to 2022-06-17T20:04:00+00:00, run_after=2022-06-17T20:06:00+00:00
[2022-06-17 13:07:40,499] {processor.py:161} INFO - Processing /home/jarret/data-engineering-bootcamp/workspace/airflow-code-review/venv/lib/python3.7/site-packages/airflow/example_dags/example_sla_dag.py took 1.238 seconds
[2022-06-17 13:08:28,817] {processor.py:153} INFO - Started process (PID=18307) to work on /home/jarret/data-engineering-bootcamp/workspace/airflow-code-review/venv/lib/python3.7/site-packages/airflow/example_dags/example_sla_dag.py
[2022-06-17 13:08:28,840] {processor.py:641} INFO - Processing file /home/jarret/data-engineering-bootcamp/workspace/airflow-code-review/venv/lib/python3.7/site-packages/airflow/example_dags/example_sla_dag.py for tasks to queue
[2022-06-17 13:08:28,841] {logging_mixin.py:115} INFO - [2022-06-17 13:08:28,841] {dagbag.py:507} INFO - Filling up the DagBag from /home/jarret/data-engineering-bootcamp/workspace/airflow-code-review/venv/lib/python3.7/site-packages/airflow/example_dags/example_sla_dag.py
[2022-06-17 13:08:28,862] {processor.py:651} INFO - DAG(s) dict_keys(['example_sla_dag']) retrieved from /home/jarret/data-engineering-bootcamp/workspace/airflow-code-review/venv/lib/python3.7/site-packages/airflow/example_dags/example_sla_dag.py
[2022-06-17 13:08:28,872] {logging_mixin.py:115} INFO - [2022-06-17 13:08:28,872] {dag.py:2379} INFO - Sync 1 DAGs
[2022-06-17 13:08:28,892] {logging_mixin.py:115} INFO - [2022-06-17 13:08:28,892] {dag.py:2931} INFO - Setting next_dagrun for example_sla_dag to 2022-06-17T20:06:00+00:00, run_after=2022-06-17T20:08:00+00:00
[2022-06-17 13:08:29,022] {processor.py:161} INFO - Processing /home/jarret/data-engineering-bootcamp/workspace/airflow-code-review/venv/lib/python3.7/site-packages/airflow/example_dags/example_sla_dag.py took 0.209 seconds
[2022-06-17 13:09:16,554] {processor.py:153} INFO - Started process (PID=18411) to work on /home/jarret/data-engineering-bootcamp/workspace/airflow-code-review/venv/lib/python3.7/site-packages/airflow/example_dags/example_sla_dag.py
[2022-06-17 13:09:16,566] {processor.py:641} INFO - Processing file /home/jarret/data-engineering-bootcamp/workspace/airflow-code-review/venv/lib/python3.7/site-packages/airflow/example_dags/example_sla_dag.py for tasks to queue
[2022-06-17 13:09:16,567] {logging_mixin.py:115} INFO - [2022-06-17 13:09:16,567] {dagbag.py:507} INFO - Filling up the DagBag from /home/jarret/data-engineering-bootcamp/workspace/airflow-code-review/venv/lib/python3.7/site-packages/airflow/example_dags/example_sla_dag.py
[2022-06-17 13:09:16,579] {processor.py:651} INFO - DAG(s) dict_keys(['example_sla_dag']) retrieved from /home/jarret/data-engineering-bootcamp/workspace/airflow-code-review/venv/lib/python3.7/site-packages/airflow/example_dags/example_sla_dag.py
[2022-06-17 13:09:16,589] {logging_mixin.py:115} INFO - [2022-06-17 13:09:16,589] {dag.py:2379} INFO - Sync 1 DAGs
[2022-06-17 13:09:16,608] {logging_mixin.py:115} INFO - [2022-06-17 13:09:16,608] {dag.py:2931} INFO - Setting next_dagrun for example_sla_dag to 2022-06-17T20:06:00+00:00, run_after=2022-06-17T20:08:00+00:00
[2022-06-17 13:09:16,729] {processor.py:161} INFO - Processing /home/jarret/data-engineering-bootcamp/workspace/airflow-code-review/venv/lib/python3.7/site-packages/airflow/example_dags/example_sla_dag.py took 0.178 seconds
[2022-06-17 13:10:02,837] {processor.py:153} INFO - Started process (PID=18483) to work on /home/jarret/data-engineering-bootcamp/workspace/airflow-code-review/venv/lib/python3.7/site-packages/airflow/example_dags/example_sla_dag.py
[2022-06-17 13:10:02,838] {processor.py:641} INFO - Processing file /home/jarret/data-engineering-bootcamp/workspace/airflow-code-review/venv/lib/python3.7/site-packages/airflow/example_dags/example_sla_dag.py for tasks to queue
[2022-06-17 13:10:02,839] {logging_mixin.py:115} INFO - [2022-06-17 13:10:02,839] {dagbag.py:507} INFO - Filling up the DagBag from /home/jarret/data-engineering-bootcamp/workspace/airflow-code-review/venv/lib/python3.7/site-packages/airflow/example_dags/example_sla_dag.py
[2022-06-17 13:10:02,850] {processor.py:651} INFO - DAG(s) dict_keys(['example_sla_dag']) retrieved from /home/jarret/data-engineering-bootcamp/workspace/airflow-code-review/venv/lib/python3.7/site-packages/airflow/example_dags/example_sla_dag.py
[2022-06-17 13:10:02,860] {logging_mixin.py:115} INFO - [2022-06-17 13:10:02,860] {dag.py:2379} INFO - Sync 1 DAGs
[2022-06-17 13:10:02,879] {logging_mixin.py:115} INFO - [2022-06-17 13:10:02,879] {dag.py:2931} INFO - Setting next_dagrun for example_sla_dag to 2022-06-17T20:08:00+00:00, run_after=2022-06-17T20:10:00+00:00
[2022-06-17 13:10:03,001] {processor.py:161} INFO - Processing /home/jarret/data-engineering-bootcamp/workspace/airflow-code-review/venv/lib/python3.7/site-packages/airflow/example_dags/example_sla_dag.py took 0.166 seconds
[2022-06-17 13:10:55,274] {processor.py:153} INFO - Started process (PID=18569) to work on /home/jarret/data-engineering-bootcamp/workspace/airflow-code-review/venv/lib/python3.7/site-packages/airflow/example_dags/example_sla_dag.py
[2022-06-17 13:10:55,291] {processor.py:641} INFO - Processing file /home/jarret/data-engineering-bootcamp/workspace/airflow-code-review/venv/lib/python3.7/site-packages/airflow/example_dags/example_sla_dag.py for tasks to queue
[2022-06-17 13:10:55,292] {logging_mixin.py:115} INFO - [2022-06-17 13:10:55,292] {dagbag.py:507} INFO - Filling up the DagBag from /home/jarret/data-engineering-bootcamp/workspace/airflow-code-review/venv/lib/python3.7/site-packages/airflow/example_dags/example_sla_dag.py
[2022-06-17 13:10:55,312] {processor.py:651} INFO - DAG(s) dict_keys(['example_sla_dag']) retrieved from /home/jarret/data-engineering-bootcamp/workspace/airflow-code-review/venv/lib/python3.7/site-packages/airflow/example_dags/example_sla_dag.py
[2022-06-17 13:10:55,322] {logging_mixin.py:115} INFO - [2022-06-17 13:10:55,322] {dag.py:2379} INFO - Sync 1 DAGs
[2022-06-17 13:10:55,341] {logging_mixin.py:115} INFO - [2022-06-17 13:10:55,341] {dag.py:2931} INFO - Setting next_dagrun for example_sla_dag to 2022-06-17T20:08:00+00:00, run_after=2022-06-17T20:10:00+00:00
[2022-06-17 13:10:55,468] {processor.py:161} INFO - Processing /home/jarret/data-engineering-bootcamp/workspace/airflow-code-review/venv/lib/python3.7/site-packages/airflow/example_dags/example_sla_dag.py took 0.197 seconds
[2022-06-17 13:11:46,901] {processor.py:153} INFO - Started process (PID=18676) to work on /home/jarret/data-engineering-bootcamp/workspace/airflow-code-review/venv/lib/python3.7/site-packages/airflow/example_dags/example_sla_dag.py
[2022-06-17 13:11:46,902] {processor.py:641} INFO - Processing file /home/jarret/data-engineering-bootcamp/workspace/airflow-code-review/venv/lib/python3.7/site-packages/airflow/example_dags/example_sla_dag.py for tasks to queue
[2022-06-17 13:11:46,903] {logging_mixin.py:115} INFO - [2022-06-17 13:11:46,903] {dagbag.py:507} INFO - Filling up the DagBag from /home/jarret/data-engineering-bootcamp/workspace/airflow-code-review/venv/lib/python3.7/site-packages/airflow/example_dags/example_sla_dag.py
[2022-06-17 13:11:46,916] {processor.py:651} INFO - DAG(s) dict_keys(['example_sla_dag']) retrieved from /home/jarret/data-engineering-bootcamp/workspace/airflow-code-review/venv/lib/python3.7/site-packages/airflow/example_dags/example_sla_dag.py
[2022-06-17 13:11:46,926] {logging_mixin.py:115} INFO - [2022-06-17 13:11:46,926] {dag.py:2379} INFO - Sync 1 DAGs
[2022-06-17 13:11:46,945] {logging_mixin.py:115} INFO - [2022-06-17 13:11:46,945] {dag.py:2931} INFO - Setting next_dagrun for example_sla_dag to 2022-06-17T20:08:00+00:00, run_after=2022-06-17T20:10:00+00:00
[2022-06-17 13:11:47,280] {processor.py:161} INFO - Processing /home/jarret/data-engineering-bootcamp/workspace/airflow-code-review/venv/lib/python3.7/site-packages/airflow/example_dags/example_sla_dag.py took 0.382 seconds
[2022-06-17 13:12:48,329] {processor.py:153} INFO - Started process (PID=18795) to work on /home/jarret/data-engineering-bootcamp/workspace/airflow-code-review/venv/lib/python3.7/site-packages/airflow/example_dags/example_sla_dag.py
[2022-06-17 13:12:48,330] {processor.py:641} INFO - Processing file /home/jarret/data-engineering-bootcamp/workspace/airflow-code-review/venv/lib/python3.7/site-packages/airflow/example_dags/example_sla_dag.py for tasks to queue
[2022-06-17 13:12:48,331] {logging_mixin.py:115} INFO - [2022-06-17 13:12:48,331] {dagbag.py:507} INFO - Filling up the DagBag from /home/jarret/data-engineering-bootcamp/workspace/airflow-code-review/venv/lib/python3.7/site-packages/airflow/example_dags/example_sla_dag.py
[2022-06-17 13:12:48,342] {processor.py:651} INFO - DAG(s) dict_keys(['example_sla_dag']) retrieved from /home/jarret/data-engineering-bootcamp/workspace/airflow-code-review/venv/lib/python3.7/site-packages/airflow/example_dags/example_sla_dag.py
[2022-06-17 13:12:48,352] {logging_mixin.py:115} INFO - [2022-06-17 13:12:48,352] {dag.py:2379} INFO - Sync 1 DAGs
[2022-06-17 13:12:48,371] {logging_mixin.py:115} INFO - [2022-06-17 13:12:48,371] {dag.py:2931} INFO - Setting next_dagrun for example_sla_dag to 2022-06-17T20:10:00+00:00, run_after=2022-06-17T20:12:00+00:00
[2022-06-17 13:12:48,491] {processor.py:161} INFO - Processing /home/jarret/data-engineering-bootcamp/workspace/airflow-code-review/venv/lib/python3.7/site-packages/airflow/example_dags/example_sla_dag.py took 0.165 seconds
[2022-06-17 13:13:46,778] {processor.py:153} INFO - Started process (PID=18893) to work on /home/jarret/data-engineering-bootcamp/workspace/airflow-code-review/venv/lib/python3.7/site-packages/airflow/example_dags/example_sla_dag.py
[2022-06-17 13:13:46,779] {processor.py:641} INFO - Processing file /home/jarret/data-engineering-bootcamp/workspace/airflow-code-review/venv/lib/python3.7/site-packages/airflow/example_dags/example_sla_dag.py for tasks to queue
[2022-06-17 13:13:46,779] {logging_mixin.py:115} INFO - [2022-06-17 13:13:46,779] {dagbag.py:507} INFO - Filling up the DagBag from /home/jarret/data-engineering-bootcamp/workspace/airflow-code-review/venv/lib/python3.7/site-packages/airflow/example_dags/example_sla_dag.py
[2022-06-17 13:13:46,794] {processor.py:651} INFO - DAG(s) dict_keys(['example_sla_dag']) retrieved from /home/jarret/data-engineering-bootcamp/workspace/airflow-code-review/venv/lib/python3.7/site-packages/airflow/example_dags/example_sla_dag.py
[2022-06-17 13:13:46,803] {logging_mixin.py:115} INFO - [2022-06-17 13:13:46,803] {dag.py:2379} INFO - Sync 1 DAGs
[2022-06-17 13:13:46,823] {logging_mixin.py:115} INFO - [2022-06-17 13:13:46,823] {dag.py:2931} INFO - Setting next_dagrun for example_sla_dag to 2022-06-17T20:10:00+00:00, run_after=2022-06-17T20:12:00+00:00
[2022-06-17 13:13:46,944] {processor.py:161} INFO - Processing /home/jarret/data-engineering-bootcamp/workspace/airflow-code-review/venv/lib/python3.7/site-packages/airflow/example_dags/example_sla_dag.py took 0.169 seconds
[2022-06-17 13:14:35,513] {processor.py:153} INFO - Started process (PID=18962) to work on /home/jarret/data-engineering-bootcamp/workspace/airflow-code-review/venv/lib/python3.7/site-packages/airflow/example_dags/example_sla_dag.py
[2022-06-17 13:14:35,524] {processor.py:641} INFO - Processing file /home/jarret/data-engineering-bootcamp/workspace/airflow-code-review/venv/lib/python3.7/site-packages/airflow/example_dags/example_sla_dag.py for tasks to queue
[2022-06-17 13:14:35,525] {logging_mixin.py:115} INFO - [2022-06-17 13:14:35,525] {dagbag.py:507} INFO - Filling up the DagBag from /home/jarret/data-engineering-bootcamp/workspace/airflow-code-review/venv/lib/python3.7/site-packages/airflow/example_dags/example_sla_dag.py
[2022-06-17 13:14:35,542] {processor.py:651} INFO - DAG(s) dict_keys(['example_sla_dag']) retrieved from /home/jarret/data-engineering-bootcamp/workspace/airflow-code-review/venv/lib/python3.7/site-packages/airflow/example_dags/example_sla_dag.py
[2022-06-17 13:14:35,552] {logging_mixin.py:115} INFO - [2022-06-17 13:14:35,552] {dag.py:2379} INFO - Sync 1 DAGs
[2022-06-17 13:14:35,571] {logging_mixin.py:115} INFO - [2022-06-17 13:14:35,571] {dag.py:2931} INFO - Setting next_dagrun for example_sla_dag to 2022-06-17T20:12:00+00:00, run_after=2022-06-17T20:14:00+00:00
[2022-06-17 13:14:35,689] {processor.py:161} INFO - Processing /home/jarret/data-engineering-bootcamp/workspace/airflow-code-review/venv/lib/python3.7/site-packages/airflow/example_dags/example_sla_dag.py took 0.179 seconds
[2022-06-17 13:15:29,713] {processor.py:153} INFO - Started process (PID=19008) to work on /home/jarret/data-engineering-bootcamp/workspace/airflow-code-review/venv/lib/python3.7/site-packages/airflow/example_dags/example_sla_dag.py
[2022-06-17 13:15:29,715] {processor.py:641} INFO - Processing file /home/jarret/data-engineering-bootcamp/workspace/airflow-code-review/venv/lib/python3.7/site-packages/airflow/example_dags/example_sla_dag.py for tasks to queue
[2022-06-17 13:15:29,715] {logging_mixin.py:115} INFO - [2022-06-17 13:15:29,715] {dagbag.py:507} INFO - Filling up the DagBag from /home/jarret/data-engineering-bootcamp/workspace/airflow-code-review/venv/lib/python3.7/site-packages/airflow/example_dags/example_sla_dag.py
[2022-06-17 13:15:29,729] {processor.py:651} INFO - DAG(s) dict_keys(['example_sla_dag']) retrieved from /home/jarret/data-engineering-bootcamp/workspace/airflow-code-review/venv/lib/python3.7/site-packages/airflow/example_dags/example_sla_dag.py
[2022-06-17 13:15:29,739] {logging_mixin.py:115} INFO - [2022-06-17 13:15:29,739] {dag.py:2379} INFO - Sync 1 DAGs
[2022-06-17 13:15:29,759] {logging_mixin.py:115} INFO - [2022-06-17 13:15:29,759] {dag.py:2931} INFO - Setting next_dagrun for example_sla_dag to 2022-06-17T20:12:00+00:00, run_after=2022-06-17T20:14:00+00:00
[2022-06-17 13:15:30,030] {processor.py:161} INFO - Processing /home/jarret/data-engineering-bootcamp/workspace/airflow-code-review/venv/lib/python3.7/site-packages/airflow/example_dags/example_sla_dag.py took 0.320 seconds
[2022-06-17 13:16:13,827] {processor.py:153} INFO - Started process (PID=19048) to work on /home/jarret/data-engineering-bootcamp/workspace/airflow-code-review/venv/lib/python3.7/site-packages/airflow/example_dags/example_sla_dag.py
[2022-06-17 13:16:13,831] {processor.py:641} INFO - Processing file /home/jarret/data-engineering-bootcamp/workspace/airflow-code-review/venv/lib/python3.7/site-packages/airflow/example_dags/example_sla_dag.py for tasks to queue
[2022-06-17 13:16:13,831] {logging_mixin.py:115} INFO - [2022-06-17 13:16:13,831] {dagbag.py:507} INFO - Filling up the DagBag from /home/jarret/data-engineering-bootcamp/workspace/airflow-code-review/venv/lib/python3.7/site-packages/airflow/example_dags/example_sla_dag.py
[2022-06-17 13:16:13,844] {processor.py:651} INFO - DAG(s) dict_keys(['example_sla_dag']) retrieved from /home/jarret/data-engineering-bootcamp/workspace/airflow-code-review/venv/lib/python3.7/site-packages/airflow/example_dags/example_sla_dag.py
[2022-06-17 13:16:13,854] {logging_mixin.py:115} INFO - [2022-06-17 13:16:13,854] {dag.py:2379} INFO - Sync 1 DAGs
[2022-06-17 13:16:13,873] {logging_mixin.py:115} INFO - [2022-06-17 13:16:13,873] {dag.py:2931} INFO - Setting next_dagrun for example_sla_dag to 2022-06-17T20:14:00+00:00, run_after=2022-06-17T20:16:00+00:00
[2022-06-17 13:16:13,997] {processor.py:161} INFO - Processing /home/jarret/data-engineering-bootcamp/workspace/airflow-code-review/venv/lib/python3.7/site-packages/airflow/example_dags/example_sla_dag.py took 0.174 seconds
[2022-06-17 13:17:06,808] {processor.py:153} INFO - Started process (PID=19095) to work on /home/jarret/data-engineering-bootcamp/workspace/airflow-code-review/venv/lib/python3.7/site-packages/airflow/example_dags/example_sla_dag.py
[2022-06-17 13:17:06,816] {processor.py:641} INFO - Processing file /home/jarret/data-engineering-bootcamp/workspace/airflow-code-review/venv/lib/python3.7/site-packages/airflow/example_dags/example_sla_dag.py for tasks to queue
[2022-06-17 13:17:06,817] {logging_mixin.py:115} INFO - [2022-06-17 13:17:06,817] {dagbag.py:507} INFO - Filling up the DagBag from /home/jarret/data-engineering-bootcamp/workspace/airflow-code-review/venv/lib/python3.7/site-packages/airflow/example_dags/example_sla_dag.py
[2022-06-17 13:17:06,829] {processor.py:651} INFO - DAG(s) dict_keys(['example_sla_dag']) retrieved from /home/jarret/data-engineering-bootcamp/workspace/airflow-code-review/venv/lib/python3.7/site-packages/airflow/example_dags/example_sla_dag.py
[2022-06-17 13:17:06,839] {logging_mixin.py:115} INFO - [2022-06-17 13:17:06,839] {dag.py:2379} INFO - Sync 1 DAGs
[2022-06-17 13:17:06,860] {logging_mixin.py:115} INFO - [2022-06-17 13:17:06,860] {dag.py:2931} INFO - Setting next_dagrun for example_sla_dag to 2022-06-17T20:14:00+00:00, run_after=2022-06-17T20:16:00+00:00
[2022-06-17 13:17:06,998] {processor.py:161} INFO - Processing /home/jarret/data-engineering-bootcamp/workspace/airflow-code-review/venv/lib/python3.7/site-packages/airflow/example_dags/example_sla_dag.py took 0.191 seconds
[2022-06-17 13:18:00,475] {processor.py:153} INFO - Started process (PID=19164) to work on /home/jarret/data-engineering-bootcamp/workspace/airflow-code-review/venv/lib/python3.7/site-packages/airflow/example_dags/example_sla_dag.py
[2022-06-17 13:18:00,520] {processor.py:641} INFO - Processing file /home/jarret/data-engineering-bootcamp/workspace/airflow-code-review/venv/lib/python3.7/site-packages/airflow/example_dags/example_sla_dag.py for tasks to queue
[2022-06-17 13:18:00,520] {logging_mixin.py:115} INFO - [2022-06-17 13:18:00,520] {dagbag.py:507} INFO - Filling up the DagBag from /home/jarret/data-engineering-bootcamp/workspace/airflow-code-review/venv/lib/python3.7/site-packages/airflow/example_dags/example_sla_dag.py
[2022-06-17 13:18:00,536] {processor.py:651} INFO - DAG(s) dict_keys(['example_sla_dag']) retrieved from /home/jarret/data-engineering-bootcamp/workspace/airflow-code-review/venv/lib/python3.7/site-packages/airflow/example_dags/example_sla_dag.py
[2022-06-17 13:18:00,546] {logging_mixin.py:115} INFO - [2022-06-17 13:18:00,546] {dag.py:2379} INFO - Sync 1 DAGs
[2022-06-17 13:18:00,565] {logging_mixin.py:115} INFO - [2022-06-17 13:18:00,565] {dag.py:2931} INFO - Setting next_dagrun for example_sla_dag to 2022-06-17T20:16:00+00:00, run_after=2022-06-17T20:18:00+00:00
[2022-06-17 13:18:00,898] {processor.py:161} INFO - Processing /home/jarret/data-engineering-bootcamp/workspace/airflow-code-review/venv/lib/python3.7/site-packages/airflow/example_dags/example_sla_dag.py took 0.426 seconds
[2022-06-17 13:19:01,952] {processor.py:153} INFO - Started process (PID=19214) to work on /home/jarret/data-engineering-bootcamp/workspace/airflow-code-review/venv/lib/python3.7/site-packages/airflow/example_dags/example_sla_dag.py
[2022-06-17 13:19:02,049] {processor.py:641} INFO - Processing file /home/jarret/data-engineering-bootcamp/workspace/airflow-code-review/venv/lib/python3.7/site-packages/airflow/example_dags/example_sla_dag.py for tasks to queue
[2022-06-17 13:19:02,050] {logging_mixin.py:115} INFO - [2022-06-17 13:19:02,050] {dagbag.py:507} INFO - Filling up the DagBag from /home/jarret/data-engineering-bootcamp/workspace/airflow-code-review/venv/lib/python3.7/site-packages/airflow/example_dags/example_sla_dag.py
[2022-06-17 13:19:02,067] {processor.py:651} INFO - DAG(s) dict_keys(['example_sla_dag']) retrieved from /home/jarret/data-engineering-bootcamp/workspace/airflow-code-review/venv/lib/python3.7/site-packages/airflow/example_dags/example_sla_dag.py
[2022-06-17 13:19:02,077] {logging_mixin.py:115} INFO - [2022-06-17 13:19:02,077] {dag.py:2379} INFO - Sync 1 DAGs
[2022-06-17 13:19:02,096] {logging_mixin.py:115} INFO - [2022-06-17 13:19:02,096] {dag.py:2931} INFO - Setting next_dagrun for example_sla_dag to 2022-06-17T20:16:00+00:00, run_after=2022-06-17T20:18:00+00:00
[2022-06-17 13:19:02,694] {processor.py:161} INFO - Processing /home/jarret/data-engineering-bootcamp/workspace/airflow-code-review/venv/lib/python3.7/site-packages/airflow/example_dags/example_sla_dag.py took 0.745 seconds
[2022-06-17 13:20:03,620] {processor.py:153} INFO - Started process (PID=19286) to work on /home/jarret/data-engineering-bootcamp/workspace/airflow-code-review/venv/lib/python3.7/site-packages/airflow/example_dags/example_sla_dag.py
[2022-06-17 13:20:03,642] {processor.py:641} INFO - Processing file /home/jarret/data-engineering-bootcamp/workspace/airflow-code-review/venv/lib/python3.7/site-packages/airflow/example_dags/example_sla_dag.py for tasks to queue
[2022-06-17 13:20:03,643] {logging_mixin.py:115} INFO - [2022-06-17 13:20:03,643] {dagbag.py:507} INFO - Filling up the DagBag from /home/jarret/data-engineering-bootcamp/workspace/airflow-code-review/venv/lib/python3.7/site-packages/airflow/example_dags/example_sla_dag.py
[2022-06-17 13:20:03,655] {processor.py:651} INFO - DAG(s) dict_keys(['example_sla_dag']) retrieved from /home/jarret/data-engineering-bootcamp/workspace/airflow-code-review/venv/lib/python3.7/site-packages/airflow/example_dags/example_sla_dag.py
[2022-06-17 13:20:03,666] {logging_mixin.py:115} INFO - [2022-06-17 13:20:03,665] {dag.py:2379} INFO - Sync 1 DAGs
[2022-06-17 13:20:03,685] {logging_mixin.py:115} INFO - [2022-06-17 13:20:03,684] {dag.py:2931} INFO - Setting next_dagrun for example_sla_dag to 2022-06-17T20:18:00+00:00, run_after=2022-06-17T20:20:00+00:00
[2022-06-17 13:20:04,791] {processor.py:161} INFO - Processing /home/jarret/data-engineering-bootcamp/workspace/airflow-code-review/venv/lib/python3.7/site-packages/airflow/example_dags/example_sla_dag.py took 1.174 seconds
[2022-06-17 13:21:12,931] {processor.py:153} INFO - Started process (PID=19416) to work on /home/jarret/data-engineering-bootcamp/workspace/airflow-code-review/venv/lib/python3.7/site-packages/airflow/example_dags/example_sla_dag.py
[2022-06-17 13:21:12,932] {processor.py:641} INFO - Processing file /home/jarret/data-engineering-bootcamp/workspace/airflow-code-review/venv/lib/python3.7/site-packages/airflow/example_dags/example_sla_dag.py for tasks to queue
[2022-06-17 13:21:12,933] {logging_mixin.py:115} INFO - [2022-06-17 13:21:12,932] {dagbag.py:507} INFO - Filling up the DagBag from /home/jarret/data-engineering-bootcamp/workspace/airflow-code-review/venv/lib/python3.7/site-packages/airflow/example_dags/example_sla_dag.py
[2022-06-17 13:21:12,945] {processor.py:651} INFO - DAG(s) dict_keys(['example_sla_dag']) retrieved from /home/jarret/data-engineering-bootcamp/workspace/airflow-code-review/venv/lib/python3.7/site-packages/airflow/example_dags/example_sla_dag.py
[2022-06-17 13:21:12,956] {logging_mixin.py:115} INFO - [2022-06-17 13:21:12,955] {dag.py:2379} INFO - Sync 1 DAGs
[2022-06-17 13:21:12,978] {logging_mixin.py:115} INFO - [2022-06-17 13:21:12,978] {dag.py:2931} INFO - Setting next_dagrun for example_sla_dag to 2022-06-17T20:18:00+00:00, run_after=2022-06-17T20:20:00+00:00
[2022-06-17 13:21:13,100] {processor.py:161} INFO - Processing /home/jarret/data-engineering-bootcamp/workspace/airflow-code-review/venv/lib/python3.7/site-packages/airflow/example_dags/example_sla_dag.py took 0.173 seconds
[2022-06-17 13:22:07,123] {processor.py:153} INFO - Started process (PID=19529) to work on /home/jarret/data-engineering-bootcamp/workspace/airflow-code-review/venv/lib/python3.7/site-packages/airflow/example_dags/example_sla_dag.py
[2022-06-17 13:22:07,131] {processor.py:641} INFO - Processing file /home/jarret/data-engineering-bootcamp/workspace/airflow-code-review/venv/lib/python3.7/site-packages/airflow/example_dags/example_sla_dag.py for tasks to queue
[2022-06-17 13:22:07,132] {logging_mixin.py:115} INFO - [2022-06-17 13:22:07,132] {dagbag.py:507} INFO - Filling up the DagBag from /home/jarret/data-engineering-bootcamp/workspace/airflow-code-review/venv/lib/python3.7/site-packages/airflow/example_dags/example_sla_dag.py
[2022-06-17 13:22:07,144] {processor.py:651} INFO - DAG(s) dict_keys(['example_sla_dag']) retrieved from /home/jarret/data-engineering-bootcamp/workspace/airflow-code-review/venv/lib/python3.7/site-packages/airflow/example_dags/example_sla_dag.py
[2022-06-17 13:22:07,155] {logging_mixin.py:115} INFO - [2022-06-17 13:22:07,155] {dag.py:2379} INFO - Sync 1 DAGs
[2022-06-17 13:22:07,175] {logging_mixin.py:115} INFO - [2022-06-17 13:22:07,175] {dag.py:2931} INFO - Setting next_dagrun for example_sla_dag to 2022-06-17T20:20:00+00:00, run_after=2022-06-17T20:22:00+00:00
[2022-06-17 13:22:07,836] {processor.py:161} INFO - Processing /home/jarret/data-engineering-bootcamp/workspace/airflow-code-review/venv/lib/python3.7/site-packages/airflow/example_dags/example_sla_dag.py took 0.715 seconds
[2022-06-17 13:22:51,527] {processor.py:153} INFO - Started process (PID=19598) to work on /home/jarret/data-engineering-bootcamp/workspace/airflow-code-review/venv/lib/python3.7/site-packages/airflow/example_dags/example_sla_dag.py
[2022-06-17 13:22:51,533] {processor.py:641} INFO - Processing file /home/jarret/data-engineering-bootcamp/workspace/airflow-code-review/venv/lib/python3.7/site-packages/airflow/example_dags/example_sla_dag.py for tasks to queue
[2022-06-17 13:22:51,533] {logging_mixin.py:115} INFO - [2022-06-17 13:22:51,533] {dagbag.py:507} INFO - Filling up the DagBag from /home/jarret/data-engineering-bootcamp/workspace/airflow-code-review/venv/lib/python3.7/site-packages/airflow/example_dags/example_sla_dag.py
[2022-06-17 13:22:51,545] {processor.py:651} INFO - DAG(s) dict_keys(['example_sla_dag']) retrieved from /home/jarret/data-engineering-bootcamp/workspace/airflow-code-review/venv/lib/python3.7/site-packages/airflow/example_dags/example_sla_dag.py
[2022-06-17 13:22:51,555] {logging_mixin.py:115} INFO - [2022-06-17 13:22:51,555] {dag.py:2379} INFO - Sync 1 DAGs
[2022-06-17 13:22:51,574] {logging_mixin.py:115} INFO - [2022-06-17 13:22:51,574] {dag.py:2931} INFO - Setting next_dagrun for example_sla_dag to 2022-06-17T20:20:00+00:00, run_after=2022-06-17T20:22:00+00:00
[2022-06-17 13:22:51,697] {processor.py:161} INFO - Processing /home/jarret/data-engineering-bootcamp/workspace/airflow-code-review/venv/lib/python3.7/site-packages/airflow/example_dags/example_sla_dag.py took 0.174 seconds
[2022-06-17 13:23:51,410] {processor.py:153} INFO - Started process (PID=19721) to work on /home/jarret/data-engineering-bootcamp/workspace/airflow-code-review/venv/lib/python3.7/site-packages/airflow/example_dags/example_sla_dag.py
[2022-06-17 13:23:51,422] {processor.py:641} INFO - Processing file /home/jarret/data-engineering-bootcamp/workspace/airflow-code-review/venv/lib/python3.7/site-packages/airflow/example_dags/example_sla_dag.py for tasks to queue
[2022-06-17 13:23:51,422] {logging_mixin.py:115} INFO - [2022-06-17 13:23:51,422] {dagbag.py:507} INFO - Filling up the DagBag from /home/jarret/data-engineering-bootcamp/workspace/airflow-code-review/venv/lib/python3.7/site-packages/airflow/example_dags/example_sla_dag.py
[2022-06-17 13:23:51,435] {processor.py:651} INFO - DAG(s) dict_keys(['example_sla_dag']) retrieved from /home/jarret/data-engineering-bootcamp/workspace/airflow-code-review/venv/lib/python3.7/site-packages/airflow/example_dags/example_sla_dag.py
[2022-06-17 13:23:51,445] {logging_mixin.py:115} INFO - [2022-06-17 13:23:51,445] {dag.py:2379} INFO - Sync 1 DAGs
[2022-06-17 13:23:51,464] {logging_mixin.py:115} INFO - [2022-06-17 13:23:51,464] {dag.py:2931} INFO - Setting next_dagrun for example_sla_dag to 2022-06-17T20:20:00+00:00, run_after=2022-06-17T20:22:00+00:00
[2022-06-17 13:23:51,591] {processor.py:161} INFO - Processing /home/jarret/data-engineering-bootcamp/workspace/airflow-code-review/venv/lib/python3.7/site-packages/airflow/example_dags/example_sla_dag.py took 0.184 seconds
[2022-06-17 13:24:52,490] {processor.py:153} INFO - Started process (PID=19834) to work on /home/jarret/data-engineering-bootcamp/workspace/airflow-code-review/venv/lib/python3.7/site-packages/airflow/example_dags/example_sla_dag.py
[2022-06-17 13:24:52,491] {processor.py:641} INFO - Processing file /home/jarret/data-engineering-bootcamp/workspace/airflow-code-review/venv/lib/python3.7/site-packages/airflow/example_dags/example_sla_dag.py for tasks to queue
[2022-06-17 13:24:52,491] {logging_mixin.py:115} INFO - [2022-06-17 13:24:52,491] {dagbag.py:507} INFO - Filling up the DagBag from /home/jarret/data-engineering-bootcamp/workspace/airflow-code-review/venv/lib/python3.7/site-packages/airflow/example_dags/example_sla_dag.py
[2022-06-17 13:24:52,505] {processor.py:651} INFO - DAG(s) dict_keys(['example_sla_dag']) retrieved from /home/jarret/data-engineering-bootcamp/workspace/airflow-code-review/venv/lib/python3.7/site-packages/airflow/example_dags/example_sla_dag.py
[2022-06-17 13:24:52,516] {logging_mixin.py:115} INFO - [2022-06-17 13:24:52,516] {dag.py:2379} INFO - Sync 1 DAGs
[2022-06-17 13:24:52,537] {logging_mixin.py:115} INFO - [2022-06-17 13:24:52,537] {dag.py:2931} INFO - Setting next_dagrun for example_sla_dag to 2022-06-17T20:22:00+00:00, run_after=2022-06-17T20:24:00+00:00
[2022-06-17 13:24:52,727] {processor.py:161} INFO - Processing /home/jarret/data-engineering-bootcamp/workspace/airflow-code-review/venv/lib/python3.7/site-packages/airflow/example_dags/example_sla_dag.py took 0.239 seconds
[2022-06-17 13:25:46,099] {processor.py:153} INFO - Started process (PID=19936) to work on /home/jarret/data-engineering-bootcamp/workspace/airflow-code-review/venv/lib/python3.7/site-packages/airflow/example_dags/example_sla_dag.py
[2022-06-17 13:25:46,106] {processor.py:641} INFO - Processing file /home/jarret/data-engineering-bootcamp/workspace/airflow-code-review/venv/lib/python3.7/site-packages/airflow/example_dags/example_sla_dag.py for tasks to queue
[2022-06-17 13:25:46,107] {logging_mixin.py:115} INFO - [2022-06-17 13:25:46,107] {dagbag.py:507} INFO - Filling up the DagBag from /home/jarret/data-engineering-bootcamp/workspace/airflow-code-review/venv/lib/python3.7/site-packages/airflow/example_dags/example_sla_dag.py
[2022-06-17 13:25:46,118] {processor.py:651} INFO - DAG(s) dict_keys(['example_sla_dag']) retrieved from /home/jarret/data-engineering-bootcamp/workspace/airflow-code-review/venv/lib/python3.7/site-packages/airflow/example_dags/example_sla_dag.py
[2022-06-17 13:25:46,129] {logging_mixin.py:115} INFO - [2022-06-17 13:25:46,129] {dag.py:2379} INFO - Sync 1 DAGs
[2022-06-17 13:25:46,149] {logging_mixin.py:115} INFO - [2022-06-17 13:25:46,148] {dag.py:2931} INFO - Setting next_dagrun for example_sla_dag to 2022-06-17T20:22:00+00:00, run_after=2022-06-17T20:24:00+00:00
[2022-06-17 13:25:46,273] {processor.py:161} INFO - Processing /home/jarret/data-engineering-bootcamp/workspace/airflow-code-review/venv/lib/python3.7/site-packages/airflow/example_dags/example_sla_dag.py took 0.177 seconds
[2022-06-17 13:26:38,603] {processor.py:153} INFO - Started process (PID=20047) to work on /home/jarret/data-engineering-bootcamp/workspace/airflow-code-review/venv/lib/python3.7/site-packages/airflow/example_dags/example_sla_dag.py
[2022-06-17 13:26:38,629] {processor.py:641} INFO - Processing file /home/jarret/data-engineering-bootcamp/workspace/airflow-code-review/venv/lib/python3.7/site-packages/airflow/example_dags/example_sla_dag.py for tasks to queue
[2022-06-17 13:26:38,629] {logging_mixin.py:115} INFO - [2022-06-17 13:26:38,629] {dagbag.py:507} INFO - Filling up the DagBag from /home/jarret/data-engineering-bootcamp/workspace/airflow-code-review/venv/lib/python3.7/site-packages/airflow/example_dags/example_sla_dag.py
[2022-06-17 13:26:38,642] {processor.py:651} INFO - DAG(s) dict_keys(['example_sla_dag']) retrieved from /home/jarret/data-engineering-bootcamp/workspace/airflow-code-review/venv/lib/python3.7/site-packages/airflow/example_dags/example_sla_dag.py
[2022-06-17 13:26:38,654] {logging_mixin.py:115} INFO - [2022-06-17 13:26:38,654] {dag.py:2379} INFO - Sync 1 DAGs
[2022-06-17 13:26:38,672] {logging_mixin.py:115} INFO - [2022-06-17 13:26:38,672] {dag.py:2931} INFO - Setting next_dagrun for example_sla_dag to 2022-06-17T20:24:00+00:00, run_after=2022-06-17T20:26:00+00:00
[2022-06-17 13:26:39,839] {processor.py:161} INFO - Processing /home/jarret/data-engineering-bootcamp/workspace/airflow-code-review/venv/lib/python3.7/site-packages/airflow/example_dags/example_sla_dag.py took 1.240 seconds
[2022-06-17 13:27:44,752] {processor.py:153} INFO - Started process (PID=20184) to work on /home/jarret/data-engineering-bootcamp/workspace/airflow-code-review/venv/lib/python3.7/site-packages/airflow/example_dags/example_sla_dag.py
[2022-06-17 13:27:44,754] {processor.py:641} INFO - Processing file /home/jarret/data-engineering-bootcamp/workspace/airflow-code-review/venv/lib/python3.7/site-packages/airflow/example_dags/example_sla_dag.py for tasks to queue
[2022-06-17 13:27:44,754] {logging_mixin.py:115} INFO - [2022-06-17 13:27:44,754] {dagbag.py:507} INFO - Filling up the DagBag from /home/jarret/data-engineering-bootcamp/workspace/airflow-code-review/venv/lib/python3.7/site-packages/airflow/example_dags/example_sla_dag.py
[2022-06-17 13:27:44,766] {processor.py:651} INFO - DAG(s) dict_keys(['example_sla_dag']) retrieved from /home/jarret/data-engineering-bootcamp/workspace/airflow-code-review/venv/lib/python3.7/site-packages/airflow/example_dags/example_sla_dag.py
[2022-06-17 13:27:44,777] {logging_mixin.py:115} INFO - [2022-06-17 13:27:44,777] {dag.py:2379} INFO - Sync 1 DAGs
[2022-06-17 13:27:44,795] {logging_mixin.py:115} INFO - [2022-06-17 13:27:44,795] {dag.py:2931} INFO - Setting next_dagrun for example_sla_dag to 2022-06-17T20:24:00+00:00, run_after=2022-06-17T20:26:00+00:00
[2022-06-17 13:27:44,928] {processor.py:161} INFO - Processing /home/jarret/data-engineering-bootcamp/workspace/airflow-code-review/venv/lib/python3.7/site-packages/airflow/example_dags/example_sla_dag.py took 0.179 seconds
[2022-06-17 13:28:39,694] {processor.py:153} INFO - Started process (PID=20265) to work on /home/jarret/data-engineering-bootcamp/workspace/airflow-code-review/venv/lib/python3.7/site-packages/airflow/example_dags/example_sla_dag.py
[2022-06-17 13:28:39,695] {processor.py:641} INFO - Processing file /home/jarret/data-engineering-bootcamp/workspace/airflow-code-review/venv/lib/python3.7/site-packages/airflow/example_dags/example_sla_dag.py for tasks to queue
[2022-06-17 13:28:39,696] {logging_mixin.py:115} INFO - [2022-06-17 13:28:39,696] {dagbag.py:507} INFO - Filling up the DagBag from /home/jarret/data-engineering-bootcamp/workspace/airflow-code-review/venv/lib/python3.7/site-packages/airflow/example_dags/example_sla_dag.py
[2022-06-17 13:28:39,710] {processor.py:651} INFO - DAG(s) dict_keys(['example_sla_dag']) retrieved from /home/jarret/data-engineering-bootcamp/workspace/airflow-code-review/venv/lib/python3.7/site-packages/airflow/example_dags/example_sla_dag.py
[2022-06-17 13:28:39,721] {logging_mixin.py:115} INFO - [2022-06-17 13:28:39,721] {dag.py:2379} INFO - Sync 1 DAGs
[2022-06-17 13:28:39,739] {logging_mixin.py:115} INFO - [2022-06-17 13:28:39,739] {dag.py:2931} INFO - Setting next_dagrun for example_sla_dag to 2022-06-17T20:26:00+00:00, run_after=2022-06-17T20:28:00+00:00
[2022-06-17 13:28:41,007] {processor.py:161} INFO - Processing /home/jarret/data-engineering-bootcamp/workspace/airflow-code-review/venv/lib/python3.7/site-packages/airflow/example_dags/example_sla_dag.py took 1.316 seconds
[2022-06-17 13:29:40,559] {processor.py:153} INFO - Started process (PID=20521) to work on /home/jarret/data-engineering-bootcamp/workspace/airflow-code-review/venv/lib/python3.7/site-packages/airflow/example_dags/example_sla_dag.py
[2022-06-17 13:29:40,572] {processor.py:641} INFO - Processing file /home/jarret/data-engineering-bootcamp/workspace/airflow-code-review/venv/lib/python3.7/site-packages/airflow/example_dags/example_sla_dag.py for tasks to queue
[2022-06-17 13:29:40,573] {logging_mixin.py:115} INFO - [2022-06-17 13:29:40,572] {dagbag.py:507} INFO - Filling up the DagBag from /home/jarret/data-engineering-bootcamp/workspace/airflow-code-review/venv/lib/python3.7/site-packages/airflow/example_dags/example_sla_dag.py
[2022-06-17 13:29:40,591] {processor.py:651} INFO - DAG(s) dict_keys(['example_sla_dag']) retrieved from /home/jarret/data-engineering-bootcamp/workspace/airflow-code-review/venv/lib/python3.7/site-packages/airflow/example_dags/example_sla_dag.py
[2022-06-17 13:29:40,602] {logging_mixin.py:115} INFO - [2022-06-17 13:29:40,602] {dag.py:2379} INFO - Sync 1 DAGs
[2022-06-17 13:29:40,620] {logging_mixin.py:115} INFO - [2022-06-17 13:29:40,620] {dag.py:2931} INFO - Setting next_dagrun for example_sla_dag to 2022-06-17T20:26:00+00:00, run_after=2022-06-17T20:28:00+00:00
[2022-06-17 13:29:41,026] {processor.py:161} INFO - Processing /home/jarret/data-engineering-bootcamp/workspace/airflow-code-review/venv/lib/python3.7/site-packages/airflow/example_dags/example_sla_dag.py took 0.470 seconds
[2022-06-17 13:30:36,591] {processor.py:153} INFO - Started process (PID=20619) to work on /home/jarret/data-engineering-bootcamp/workspace/airflow-code-review/venv/lib/python3.7/site-packages/airflow/example_dags/example_sla_dag.py
[2022-06-17 13:30:36,593] {processor.py:641} INFO - Processing file /home/jarret/data-engineering-bootcamp/workspace/airflow-code-review/venv/lib/python3.7/site-packages/airflow/example_dags/example_sla_dag.py for tasks to queue
[2022-06-17 13:30:36,593] {logging_mixin.py:115} INFO - [2022-06-17 13:30:36,593] {dagbag.py:507} INFO - Filling up the DagBag from /home/jarret/data-engineering-bootcamp/workspace/airflow-code-review/venv/lib/python3.7/site-packages/airflow/example_dags/example_sla_dag.py
[2022-06-17 13:30:36,614] {processor.py:651} INFO - DAG(s) dict_keys(['example_sla_dag']) retrieved from /home/jarret/data-engineering-bootcamp/workspace/airflow-code-review/venv/lib/python3.7/site-packages/airflow/example_dags/example_sla_dag.py
[2022-06-17 13:30:36,626] {logging_mixin.py:115} INFO - [2022-06-17 13:30:36,626] {dag.py:2379} INFO - Sync 1 DAGs
[2022-06-17 13:30:36,645] {logging_mixin.py:115} INFO - [2022-06-17 13:30:36,645] {dag.py:2931} INFO - Setting next_dagrun for example_sla_dag to 2022-06-17T20:28:00+00:00, run_after=2022-06-17T20:30:00+00:00
[2022-06-17 13:30:36,790] {processor.py:161} INFO - Processing /home/jarret/data-engineering-bootcamp/workspace/airflow-code-review/venv/lib/python3.7/site-packages/airflow/example_dags/example_sla_dag.py took 0.202 seconds
[2022-06-17 13:31:19,420] {processor.py:153} INFO - Started process (PID=20778) to work on /home/jarret/data-engineering-bootcamp/workspace/airflow-code-review/venv/lib/python3.7/site-packages/airflow/example_dags/example_sla_dag.py
[2022-06-17 13:31:19,430] {processor.py:641} INFO - Processing file /home/jarret/data-engineering-bootcamp/workspace/airflow-code-review/venv/lib/python3.7/site-packages/airflow/example_dags/example_sla_dag.py for tasks to queue
[2022-06-17 13:31:19,431] {logging_mixin.py:115} INFO - [2022-06-17 13:31:19,431] {dagbag.py:507} INFO - Filling up the DagBag from /home/jarret/data-engineering-bootcamp/workspace/airflow-code-review/venv/lib/python3.7/site-packages/airflow/example_dags/example_sla_dag.py
[2022-06-17 13:31:19,446] {processor.py:651} INFO - DAG(s) dict_keys(['example_sla_dag']) retrieved from /home/jarret/data-engineering-bootcamp/workspace/airflow-code-review/venv/lib/python3.7/site-packages/airflow/example_dags/example_sla_dag.py
[2022-06-17 13:31:19,458] {logging_mixin.py:115} INFO - [2022-06-17 13:31:19,458] {dag.py:2379} INFO - Sync 1 DAGs
[2022-06-17 13:31:19,477] {logging_mixin.py:115} INFO - [2022-06-17 13:31:19,477] {dag.py:2931} INFO - Setting next_dagrun for example_sla_dag to 2022-06-17T20:28:00+00:00, run_after=2022-06-17T20:30:00+00:00
[2022-06-17 13:31:19,619] {processor.py:161} INFO - Processing /home/jarret/data-engineering-bootcamp/workspace/airflow-code-review/venv/lib/python3.7/site-packages/airflow/example_dags/example_sla_dag.py took 0.201 seconds
[2022-06-17 13:32:11,741] {processor.py:153} INFO - Started process (PID=21554) to work on /home/jarret/data-engineering-bootcamp/workspace/airflow-code-review/venv/lib/python3.7/site-packages/airflow/example_dags/example_sla_dag.py
[2022-06-17 13:32:11,752] {processor.py:641} INFO - Processing file /home/jarret/data-engineering-bootcamp/workspace/airflow-code-review/venv/lib/python3.7/site-packages/airflow/example_dags/example_sla_dag.py for tasks to queue
[2022-06-17 13:32:11,752] {logging_mixin.py:115} INFO - [2022-06-17 13:32:11,752] {dagbag.py:507} INFO - Filling up the DagBag from /home/jarret/data-engineering-bootcamp/workspace/airflow-code-review/venv/lib/python3.7/site-packages/airflow/example_dags/example_sla_dag.py
[2022-06-17 13:32:11,764] {processor.py:651} INFO - DAG(s) dict_keys(['example_sla_dag']) retrieved from /home/jarret/data-engineering-bootcamp/workspace/airflow-code-review/venv/lib/python3.7/site-packages/airflow/example_dags/example_sla_dag.py
[2022-06-17 13:32:11,776] {logging_mixin.py:115} INFO - [2022-06-17 13:32:11,776] {dag.py:2379} INFO - Sync 1 DAGs
[2022-06-17 13:32:11,795] {logging_mixin.py:115} INFO - [2022-06-17 13:32:11,795] {dag.py:2931} INFO - Setting next_dagrun for example_sla_dag to 2022-06-17T20:30:00+00:00, run_after=2022-06-17T20:32:00+00:00
[2022-06-17 13:32:13,207] {processor.py:161} INFO - Processing /home/jarret/data-engineering-bootcamp/workspace/airflow-code-review/venv/lib/python3.7/site-packages/airflow/example_dags/example_sla_dag.py took 1.468 seconds
[2022-06-17 13:33:19,932] {processor.py:153} INFO - Started process (PID=22317) to work on /home/jarret/data-engineering-bootcamp/workspace/airflow-code-review/venv/lib/python3.7/site-packages/airflow/example_dags/example_sla_dag.py
[2022-06-17 13:33:19,938] {processor.py:641} INFO - Processing file /home/jarret/data-engineering-bootcamp/workspace/airflow-code-review/venv/lib/python3.7/site-packages/airflow/example_dags/example_sla_dag.py for tasks to queue
[2022-06-17 13:33:19,938] {logging_mixin.py:115} INFO - [2022-06-17 13:33:19,938] {dagbag.py:507} INFO - Filling up the DagBag from /home/jarret/data-engineering-bootcamp/workspace/airflow-code-review/venv/lib/python3.7/site-packages/airflow/example_dags/example_sla_dag.py
[2022-06-17 13:33:19,949] {processor.py:651} INFO - DAG(s) dict_keys(['example_sla_dag']) retrieved from /home/jarret/data-engineering-bootcamp/workspace/airflow-code-review/venv/lib/python3.7/site-packages/airflow/example_dags/example_sla_dag.py
[2022-06-17 13:33:19,960] {logging_mixin.py:115} INFO - [2022-06-17 13:33:19,960] {dag.py:2379} INFO - Sync 1 DAGs
[2022-06-17 13:33:19,978] {logging_mixin.py:115} INFO - [2022-06-17 13:33:19,978] {dag.py:2931} INFO - Setting next_dagrun for example_sla_dag to 2022-06-17T20:30:00+00:00, run_after=2022-06-17T20:32:00+00:00
[2022-06-17 13:33:20,784] {processor.py:161} INFO - Processing /home/jarret/data-engineering-bootcamp/workspace/airflow-code-review/venv/lib/python3.7/site-packages/airflow/example_dags/example_sla_dag.py took 0.855 seconds
[2022-06-17 13:34:11,728] {processor.py:153} INFO - Started process (PID=23064) to work on /home/jarret/data-engineering-bootcamp/workspace/airflow-code-review/venv/lib/python3.7/site-packages/airflow/example_dags/example_sla_dag.py
[2022-06-17 13:34:11,734] {processor.py:641} INFO - Processing file /home/jarret/data-engineering-bootcamp/workspace/airflow-code-review/venv/lib/python3.7/site-packages/airflow/example_dags/example_sla_dag.py for tasks to queue
[2022-06-17 13:34:11,735] {logging_mixin.py:115} INFO - [2022-06-17 13:34:11,735] {dagbag.py:507} INFO - Filling up the DagBag from /home/jarret/data-engineering-bootcamp/workspace/airflow-code-review/venv/lib/python3.7/site-packages/airflow/example_dags/example_sla_dag.py
[2022-06-17 13:34:11,746] {processor.py:651} INFO - DAG(s) dict_keys(['example_sla_dag']) retrieved from /home/jarret/data-engineering-bootcamp/workspace/airflow-code-review/venv/lib/python3.7/site-packages/airflow/example_dags/example_sla_dag.py
[2022-06-17 13:34:11,757] {logging_mixin.py:115} INFO - [2022-06-17 13:34:11,757] {dag.py:2379} INFO - Sync 1 DAGs
[2022-06-17 13:34:11,775] {logging_mixin.py:115} INFO - [2022-06-17 13:34:11,775] {dag.py:2931} INFO - Setting next_dagrun for example_sla_dag to 2022-06-17T20:32:00+00:00, run_after=2022-06-17T20:34:00+00:00
[2022-06-17 13:34:11,895] {processor.py:161} INFO - Processing /home/jarret/data-engineering-bootcamp/workspace/airflow-code-review/venv/lib/python3.7/site-packages/airflow/example_dags/example_sla_dag.py took 0.170 seconds
