[2022-06-17 12:36:54,535] {processor.py:153} INFO - Started process (PID=15709) to work on /home/jarret/data-engineering-bootcamp/workspace/airflow-code-review/venv/lib/python3.7/site-packages/airflow/example_dags/example_dag_decorator.py
[2022-06-17 12:36:54,535] {processor.py:641} INFO - Processing file /home/jarret/data-engineering-bootcamp/workspace/airflow-code-review/venv/lib/python3.7/site-packages/airflow/example_dags/example_dag_decorator.py for tasks to queue
[2022-06-17 12:36:54,536] {logging_mixin.py:115} INFO - [2022-06-17 12:36:54,536] {dagbag.py:507} INFO - Filling up the DagBag from /home/jarret/data-engineering-bootcamp/workspace/airflow-code-review/venv/lib/python3.7/site-packages/airflow/example_dags/example_dag_decorator.py
[2022-06-17 12:36:54,552] {processor.py:651} INFO - DAG(s) dict_keys(['example_dag_decorator']) retrieved from /home/jarret/data-engineering-bootcamp/workspace/airflow-code-review/venv/lib/python3.7/site-packages/airflow/example_dags/example_dag_decorator.py
[2022-06-17 12:36:56,249] {logging_mixin.py:115} INFO - [2022-06-17 12:36:56,248] {manager.py:508} INFO - Created Permission View: can read on DAG:example_dag_decorator
[2022-06-17 12:36:56,587] {logging_mixin.py:115} INFO - [2022-06-17 12:36:56,586] {manager.py:508} INFO - Created Permission View: can delete on DAG:example_dag_decorator
[2022-06-17 12:36:56,703] {logging_mixin.py:115} INFO - [2022-06-17 12:36:56,702] {manager.py:508} INFO - Created Permission View: can edit on DAG:example_dag_decorator
[2022-06-17 12:36:56,703] {logging_mixin.py:115} INFO - [2022-06-17 12:36:56,703] {dag.py:2379} INFO - Sync 1 DAGs
[2022-06-17 12:36:56,715] {logging_mixin.py:115} INFO - [2022-06-17 12:36:56,715] {dag.py:2398} INFO - Creating ORM DAG for example_dag_decorator
[2022-06-17 12:36:56,724] {logging_mixin.py:115} INFO - [2022-06-17 12:36:56,723] {dag.py:2931} INFO - Setting next_dagrun for example_dag_decorator to None, run_after=None
[2022-06-17 12:36:56,869] {processor.py:161} INFO - Processing /home/jarret/data-engineering-bootcamp/workspace/airflow-code-review/venv/lib/python3.7/site-packages/airflow/example_dags/example_dag_decorator.py took 2.338 seconds
[2022-06-17 12:38:04,039] {processor.py:153} INFO - Started process (PID=15756) to work on /home/jarret/data-engineering-bootcamp/workspace/airflow-code-review/venv/lib/python3.7/site-packages/airflow/example_dags/example_dag_decorator.py
[2022-06-17 12:38:04,040] {processor.py:641} INFO - Processing file /home/jarret/data-engineering-bootcamp/workspace/airflow-code-review/venv/lib/python3.7/site-packages/airflow/example_dags/example_dag_decorator.py for tasks to queue
[2022-06-17 12:38:04,041] {logging_mixin.py:115} INFO - [2022-06-17 12:38:04,041] {dagbag.py:507} INFO - Filling up the DagBag from /home/jarret/data-engineering-bootcamp/workspace/airflow-code-review/venv/lib/python3.7/site-packages/airflow/example_dags/example_dag_decorator.py
[2022-06-17 12:38:04,059] {processor.py:651} INFO - DAG(s) dict_keys(['example_dag_decorator']) retrieved from /home/jarret/data-engineering-bootcamp/workspace/airflow-code-review/venv/lib/python3.7/site-packages/airflow/example_dags/example_dag_decorator.py
[2022-06-17 12:38:04,103] {logging_mixin.py:115} INFO - [2022-06-17 12:38:04,103] {dag.py:2379} INFO - Sync 1 DAGs
[2022-06-17 12:38:04,117] {logging_mixin.py:115} INFO - [2022-06-17 12:38:04,117] {dag.py:2931} INFO - Setting next_dagrun for example_dag_decorator to None, run_after=None
[2022-06-17 12:38:05,510] {processor.py:161} INFO - Processing /home/jarret/data-engineering-bootcamp/workspace/airflow-code-review/venv/lib/python3.7/site-packages/airflow/example_dags/example_dag_decorator.py took 1.473 seconds
[2022-06-17 12:39:08,475] {processor.py:153} INFO - Started process (PID=15815) to work on /home/jarret/data-engineering-bootcamp/workspace/airflow-code-review/venv/lib/python3.7/site-packages/airflow/example_dags/example_dag_decorator.py
[2022-06-17 12:39:08,504] {processor.py:641} INFO - Processing file /home/jarret/data-engineering-bootcamp/workspace/airflow-code-review/venv/lib/python3.7/site-packages/airflow/example_dags/example_dag_decorator.py for tasks to queue
[2022-06-17 12:39:08,505] {logging_mixin.py:115} INFO - [2022-06-17 12:39:08,504] {dagbag.py:507} INFO - Filling up the DagBag from /home/jarret/data-engineering-bootcamp/workspace/airflow-code-review/venv/lib/python3.7/site-packages/airflow/example_dags/example_dag_decorator.py
[2022-06-17 12:39:08,526] {processor.py:651} INFO - DAG(s) dict_keys(['example_dag_decorator']) retrieved from /home/jarret/data-engineering-bootcamp/workspace/airflow-code-review/venv/lib/python3.7/site-packages/airflow/example_dags/example_dag_decorator.py
[2022-06-17 12:39:08,570] {logging_mixin.py:115} INFO - [2022-06-17 12:39:08,570] {dag.py:2379} INFO - Sync 1 DAGs
[2022-06-17 12:39:08,583] {logging_mixin.py:115} INFO - [2022-06-17 12:39:08,583] {dag.py:2931} INFO - Setting next_dagrun for example_dag_decorator to None, run_after=None
[2022-06-17 12:39:08,736] {processor.py:161} INFO - Processing /home/jarret/data-engineering-bootcamp/workspace/airflow-code-review/venv/lib/python3.7/site-packages/airflow/example_dags/example_dag_decorator.py took 0.264 seconds
[2022-06-17 12:40:06,384] {processor.py:153} INFO - Started process (PID=15860) to work on /home/jarret/data-engineering-bootcamp/workspace/airflow-code-review/venv/lib/python3.7/site-packages/airflow/example_dags/example_dag_decorator.py
[2022-06-17 12:40:06,386] {processor.py:641} INFO - Processing file /home/jarret/data-engineering-bootcamp/workspace/airflow-code-review/venv/lib/python3.7/site-packages/airflow/example_dags/example_dag_decorator.py for tasks to queue
[2022-06-17 12:40:06,386] {logging_mixin.py:115} INFO - [2022-06-17 12:40:06,386] {dagbag.py:507} INFO - Filling up the DagBag from /home/jarret/data-engineering-bootcamp/workspace/airflow-code-review/venv/lib/python3.7/site-packages/airflow/example_dags/example_dag_decorator.py
[2022-06-17 12:40:06,402] {processor.py:651} INFO - DAG(s) dict_keys(['example_dag_decorator']) retrieved from /home/jarret/data-engineering-bootcamp/workspace/airflow-code-review/venv/lib/python3.7/site-packages/airflow/example_dags/example_dag_decorator.py
[2022-06-17 12:40:06,446] {logging_mixin.py:115} INFO - [2022-06-17 12:40:06,446] {dag.py:2379} INFO - Sync 1 DAGs
[2022-06-17 12:40:06,459] {logging_mixin.py:115} INFO - [2022-06-17 12:40:06,459] {dag.py:2931} INFO - Setting next_dagrun for example_dag_decorator to None, run_after=None
[2022-06-17 12:40:06,606] {processor.py:161} INFO - Processing /home/jarret/data-engineering-bootcamp/workspace/airflow-code-review/venv/lib/python3.7/site-packages/airflow/example_dags/example_dag_decorator.py took 0.224 seconds
[2022-06-17 12:41:09,832] {processor.py:153} INFO - Started process (PID=15961) to work on /home/jarret/data-engineering-bootcamp/workspace/airflow-code-review/venv/lib/python3.7/site-packages/airflow/example_dags/example_dag_decorator.py
[2022-06-17 12:41:09,834] {processor.py:641} INFO - Processing file /home/jarret/data-engineering-bootcamp/workspace/airflow-code-review/venv/lib/python3.7/site-packages/airflow/example_dags/example_dag_decorator.py for tasks to queue
[2022-06-17 12:41:09,834] {logging_mixin.py:115} INFO - [2022-06-17 12:41:09,834] {dagbag.py:507} INFO - Filling up the DagBag from /home/jarret/data-engineering-bootcamp/workspace/airflow-code-review/venv/lib/python3.7/site-packages/airflow/example_dags/example_dag_decorator.py
[2022-06-17 12:41:09,852] {processor.py:651} INFO - DAG(s) dict_keys(['example_dag_decorator']) retrieved from /home/jarret/data-engineering-bootcamp/workspace/airflow-code-review/venv/lib/python3.7/site-packages/airflow/example_dags/example_dag_decorator.py
[2022-06-17 12:41:09,896] {logging_mixin.py:115} INFO - [2022-06-17 12:41:09,896] {dag.py:2379} INFO - Sync 1 DAGs
[2022-06-17 12:41:09,911] {logging_mixin.py:115} INFO - [2022-06-17 12:41:09,911] {dag.py:2931} INFO - Setting next_dagrun for example_dag_decorator to None, run_after=None
[2022-06-17 12:41:10,032] {processor.py:161} INFO - Processing /home/jarret/data-engineering-bootcamp/workspace/airflow-code-review/venv/lib/python3.7/site-packages/airflow/example_dags/example_dag_decorator.py took 0.203 seconds
[2022-06-17 12:42:02,121] {processor.py:153} INFO - Started process (PID=16009) to work on /home/jarret/data-engineering-bootcamp/workspace/airflow-code-review/venv/lib/python3.7/site-packages/airflow/example_dags/example_dag_decorator.py
[2022-06-17 12:42:02,280] {processor.py:641} INFO - Processing file /home/jarret/data-engineering-bootcamp/workspace/airflow-code-review/venv/lib/python3.7/site-packages/airflow/example_dags/example_dag_decorator.py for tasks to queue
[2022-06-17 12:42:02,281] {logging_mixin.py:115} INFO - [2022-06-17 12:42:02,280] {dagbag.py:507} INFO - Filling up the DagBag from /home/jarret/data-engineering-bootcamp/workspace/airflow-code-review/venv/lib/python3.7/site-packages/airflow/example_dags/example_dag_decorator.py
[2022-06-17 12:42:02,303] {processor.py:651} INFO - DAG(s) dict_keys(['example_dag_decorator']) retrieved from /home/jarret/data-engineering-bootcamp/workspace/airflow-code-review/venv/lib/python3.7/site-packages/airflow/example_dags/example_dag_decorator.py
[2022-06-17 12:42:02,347] {logging_mixin.py:115} INFO - [2022-06-17 12:42:02,346] {dag.py:2379} INFO - Sync 1 DAGs
[2022-06-17 12:42:02,362] {logging_mixin.py:115} INFO - [2022-06-17 12:42:02,362] {dag.py:2931} INFO - Setting next_dagrun for example_dag_decorator to None, run_after=None
[2022-06-17 12:42:03,099] {processor.py:161} INFO - Processing /home/jarret/data-engineering-bootcamp/workspace/airflow-code-review/venv/lib/python3.7/site-packages/airflow/example_dags/example_dag_decorator.py took 0.981 seconds
[2022-06-17 12:43:35,885] {processor.py:153} INFO - Started process (PID=16160) to work on /home/jarret/data-engineering-bootcamp/workspace/airflow-code-review/venv/lib/python3.7/site-packages/airflow/example_dags/example_dag_decorator.py
[2022-06-17 12:43:35,939] {processor.py:641} INFO - Processing file /home/jarret/data-engineering-bootcamp/workspace/airflow-code-review/venv/lib/python3.7/site-packages/airflow/example_dags/example_dag_decorator.py for tasks to queue
[2022-06-17 12:43:35,940] {logging_mixin.py:115} INFO - [2022-06-17 12:43:35,940] {dagbag.py:507} INFO - Filling up the DagBag from /home/jarret/data-engineering-bootcamp/workspace/airflow-code-review/venv/lib/python3.7/site-packages/airflow/example_dags/example_dag_decorator.py
[2022-06-17 12:43:35,964] {processor.py:651} INFO - DAG(s) dict_keys(['example_dag_decorator']) retrieved from /home/jarret/data-engineering-bootcamp/workspace/airflow-code-review/venv/lib/python3.7/site-packages/airflow/example_dags/example_dag_decorator.py
[2022-06-17 12:43:36,008] {logging_mixin.py:115} INFO - [2022-06-17 12:43:36,008] {dag.py:2379} INFO - Sync 1 DAGs
[2022-06-17 12:43:36,022] {logging_mixin.py:115} INFO - [2022-06-17 12:43:36,022] {dag.py:2931} INFO - Setting next_dagrun for example_dag_decorator to None, run_after=None
[2022-06-17 12:43:36,235] {processor.py:161} INFO - Processing /home/jarret/data-engineering-bootcamp/workspace/airflow-code-review/venv/lib/python3.7/site-packages/airflow/example_dags/example_dag_decorator.py took 0.354 seconds
[2022-06-17 12:44:37,312] {processor.py:153} INFO - Started process (PID=16252) to work on /home/jarret/data-engineering-bootcamp/workspace/airflow-code-review/venv/lib/python3.7/site-packages/airflow/example_dags/example_dag_decorator.py
[2022-06-17 12:44:37,329] {processor.py:641} INFO - Processing file /home/jarret/data-engineering-bootcamp/workspace/airflow-code-review/venv/lib/python3.7/site-packages/airflow/example_dags/example_dag_decorator.py for tasks to queue
[2022-06-17 12:44:37,329] {logging_mixin.py:115} INFO - [2022-06-17 12:44:37,329] {dagbag.py:507} INFO - Filling up the DagBag from /home/jarret/data-engineering-bootcamp/workspace/airflow-code-review/venv/lib/python3.7/site-packages/airflow/example_dags/example_dag_decorator.py
[2022-06-17 12:44:37,344] {processor.py:651} INFO - DAG(s) dict_keys(['example_dag_decorator']) retrieved from /home/jarret/data-engineering-bootcamp/workspace/airflow-code-review/venv/lib/python3.7/site-packages/airflow/example_dags/example_dag_decorator.py
[2022-06-17 12:44:37,388] {logging_mixin.py:115} INFO - [2022-06-17 12:44:37,388] {dag.py:2379} INFO - Sync 1 DAGs
[2022-06-17 12:44:37,402] {logging_mixin.py:115} INFO - [2022-06-17 12:44:37,402] {dag.py:2931} INFO - Setting next_dagrun for example_dag_decorator to None, run_after=None
[2022-06-17 12:44:38,753] {processor.py:161} INFO - Processing /home/jarret/data-engineering-bootcamp/workspace/airflow-code-review/venv/lib/python3.7/site-packages/airflow/example_dags/example_dag_decorator.py took 1.444 seconds
[2022-06-17 12:45:46,482] {processor.py:153} INFO - Started process (PID=16376) to work on /home/jarret/data-engineering-bootcamp/workspace/airflow-code-review/venv/lib/python3.7/site-packages/airflow/example_dags/example_dag_decorator.py
[2022-06-17 12:45:46,512] {processor.py:641} INFO - Processing file /home/jarret/data-engineering-bootcamp/workspace/airflow-code-review/venv/lib/python3.7/site-packages/airflow/example_dags/example_dag_decorator.py for tasks to queue
[2022-06-17 12:45:46,513] {logging_mixin.py:115} INFO - [2022-06-17 12:45:46,513] {dagbag.py:507} INFO - Filling up the DagBag from /home/jarret/data-engineering-bootcamp/workspace/airflow-code-review/venv/lib/python3.7/site-packages/airflow/example_dags/example_dag_decorator.py
[2022-06-17 12:45:46,532] {processor.py:651} INFO - DAG(s) dict_keys(['example_dag_decorator']) retrieved from /home/jarret/data-engineering-bootcamp/workspace/airflow-code-review/venv/lib/python3.7/site-packages/airflow/example_dags/example_dag_decorator.py
[2022-06-17 12:45:46,577] {logging_mixin.py:115} INFO - [2022-06-17 12:45:46,577] {dag.py:2379} INFO - Sync 1 DAGs
[2022-06-17 12:45:46,592] {logging_mixin.py:115} INFO - [2022-06-17 12:45:46,592] {dag.py:2931} INFO - Setting next_dagrun for example_dag_decorator to None, run_after=None
[2022-06-17 12:45:47,151] {processor.py:161} INFO - Processing /home/jarret/data-engineering-bootcamp/workspace/airflow-code-review/venv/lib/python3.7/site-packages/airflow/example_dags/example_dag_decorator.py took 0.671 seconds
[2022-06-17 12:46:54,735] {processor.py:153} INFO - Started process (PID=16481) to work on /home/jarret/data-engineering-bootcamp/workspace/airflow-code-review/venv/lib/python3.7/site-packages/airflow/example_dags/example_dag_decorator.py
[2022-06-17 12:46:54,761] {processor.py:641} INFO - Processing file /home/jarret/data-engineering-bootcamp/workspace/airflow-code-review/venv/lib/python3.7/site-packages/airflow/example_dags/example_dag_decorator.py for tasks to queue
[2022-06-17 12:46:54,761] {logging_mixin.py:115} INFO - [2022-06-17 12:46:54,761] {dagbag.py:507} INFO - Filling up the DagBag from /home/jarret/data-engineering-bootcamp/workspace/airflow-code-review/venv/lib/python3.7/site-packages/airflow/example_dags/example_dag_decorator.py
[2022-06-17 12:46:54,777] {processor.py:651} INFO - DAG(s) dict_keys(['example_dag_decorator']) retrieved from /home/jarret/data-engineering-bootcamp/workspace/airflow-code-review/venv/lib/python3.7/site-packages/airflow/example_dags/example_dag_decorator.py
[2022-06-17 12:46:54,823] {logging_mixin.py:115} INFO - [2022-06-17 12:46:54,823] {dag.py:2379} INFO - Sync 1 DAGs
[2022-06-17 12:46:54,837] {logging_mixin.py:115} INFO - [2022-06-17 12:46:54,837] {dag.py:2931} INFO - Setting next_dagrun for example_dag_decorator to None, run_after=None
[2022-06-17 12:46:56,297] {processor.py:161} INFO - Processing /home/jarret/data-engineering-bootcamp/workspace/airflow-code-review/venv/lib/python3.7/site-packages/airflow/example_dags/example_dag_decorator.py took 1.566 seconds
[2022-06-17 12:47:58,048] {processor.py:153} INFO - Started process (PID=16524) to work on /home/jarret/data-engineering-bootcamp/workspace/airflow-code-review/venv/lib/python3.7/site-packages/airflow/example_dags/example_dag_decorator.py
[2022-06-17 12:47:58,054] {processor.py:641} INFO - Processing file /home/jarret/data-engineering-bootcamp/workspace/airflow-code-review/venv/lib/python3.7/site-packages/airflow/example_dags/example_dag_decorator.py for tasks to queue
[2022-06-17 12:47:58,055] {logging_mixin.py:115} INFO - [2022-06-17 12:47:58,055] {dagbag.py:507} INFO - Filling up the DagBag from /home/jarret/data-engineering-bootcamp/workspace/airflow-code-review/venv/lib/python3.7/site-packages/airflow/example_dags/example_dag_decorator.py
[2022-06-17 12:47:58,075] {processor.py:651} INFO - DAG(s) dict_keys(['example_dag_decorator']) retrieved from /home/jarret/data-engineering-bootcamp/workspace/airflow-code-review/venv/lib/python3.7/site-packages/airflow/example_dags/example_dag_decorator.py
[2022-06-17 12:47:58,120] {logging_mixin.py:115} INFO - [2022-06-17 12:47:58,120] {dag.py:2379} INFO - Sync 1 DAGs
[2022-06-17 12:47:58,134] {logging_mixin.py:115} INFO - [2022-06-17 12:47:58,134] {dag.py:2931} INFO - Setting next_dagrun for example_dag_decorator to None, run_after=None
[2022-06-17 12:47:59,427] {processor.py:161} INFO - Processing /home/jarret/data-engineering-bootcamp/workspace/airflow-code-review/venv/lib/python3.7/site-packages/airflow/example_dags/example_dag_decorator.py took 1.383 seconds
[2022-06-17 12:49:17,983] {processor.py:153} INFO - Started process (PID=16624) to work on /home/jarret/data-engineering-bootcamp/workspace/airflow-code-review/venv/lib/python3.7/site-packages/airflow/example_dags/example_dag_decorator.py
[2022-06-17 12:49:17,996] {processor.py:641} INFO - Processing file /home/jarret/data-engineering-bootcamp/workspace/airflow-code-review/venv/lib/python3.7/site-packages/airflow/example_dags/example_dag_decorator.py for tasks to queue
[2022-06-17 12:49:17,997] {logging_mixin.py:115} INFO - [2022-06-17 12:49:17,997] {dagbag.py:507} INFO - Filling up the DagBag from /home/jarret/data-engineering-bootcamp/workspace/airflow-code-review/venv/lib/python3.7/site-packages/airflow/example_dags/example_dag_decorator.py
[2022-06-17 12:49:18,013] {processor.py:651} INFO - DAG(s) dict_keys(['example_dag_decorator']) retrieved from /home/jarret/data-engineering-bootcamp/workspace/airflow-code-review/venv/lib/python3.7/site-packages/airflow/example_dags/example_dag_decorator.py
[2022-06-17 12:49:18,057] {logging_mixin.py:115} INFO - [2022-06-17 12:49:18,057] {dag.py:2379} INFO - Sync 1 DAGs
[2022-06-17 12:49:18,071] {logging_mixin.py:115} INFO - [2022-06-17 12:49:18,071] {dag.py:2931} INFO - Setting next_dagrun for example_dag_decorator to None, run_after=None
[2022-06-17 12:49:19,456] {processor.py:161} INFO - Processing /home/jarret/data-engineering-bootcamp/workspace/airflow-code-review/venv/lib/python3.7/site-packages/airflow/example_dags/example_dag_decorator.py took 1.476 seconds
[2022-06-17 12:50:21,686] {processor.py:153} INFO - Started process (PID=16737) to work on /home/jarret/data-engineering-bootcamp/workspace/airflow-code-review/venv/lib/python3.7/site-packages/airflow/example_dags/example_dag_decorator.py
[2022-06-17 12:50:22,075] {processor.py:641} INFO - Processing file /home/jarret/data-engineering-bootcamp/workspace/airflow-code-review/venv/lib/python3.7/site-packages/airflow/example_dags/example_dag_decorator.py for tasks to queue
[2022-06-17 12:50:22,076] {logging_mixin.py:115} INFO - [2022-06-17 12:50:22,076] {dagbag.py:507} INFO - Filling up the DagBag from /home/jarret/data-engineering-bootcamp/workspace/airflow-code-review/venv/lib/python3.7/site-packages/airflow/example_dags/example_dag_decorator.py
[2022-06-17 12:50:22,094] {processor.py:651} INFO - DAG(s) dict_keys(['example_dag_decorator']) retrieved from /home/jarret/data-engineering-bootcamp/workspace/airflow-code-review/venv/lib/python3.7/site-packages/airflow/example_dags/example_dag_decorator.py
[2022-06-17 12:50:22,138] {logging_mixin.py:115} INFO - [2022-06-17 12:50:22,138] {dag.py:2379} INFO - Sync 1 DAGs
[2022-06-17 12:50:22,152] {logging_mixin.py:115} INFO - [2022-06-17 12:50:22,152] {dag.py:2931} INFO - Setting next_dagrun for example_dag_decorator to None, run_after=None
[2022-06-17 12:50:22,273] {processor.py:161} INFO - Processing /home/jarret/data-engineering-bootcamp/workspace/airflow-code-review/venv/lib/python3.7/site-packages/airflow/example_dags/example_dag_decorator.py took 0.590 seconds
[2022-06-17 12:51:22,754] {processor.py:153} INFO - Started process (PID=16834) to work on /home/jarret/data-engineering-bootcamp/workspace/airflow-code-review/venv/lib/python3.7/site-packages/airflow/example_dags/example_dag_decorator.py
[2022-06-17 12:51:22,779] {processor.py:641} INFO - Processing file /home/jarret/data-engineering-bootcamp/workspace/airflow-code-review/venv/lib/python3.7/site-packages/airflow/example_dags/example_dag_decorator.py for tasks to queue
[2022-06-17 12:51:22,779] {logging_mixin.py:115} INFO - [2022-06-17 12:51:22,779] {dagbag.py:507} INFO - Filling up the DagBag from /home/jarret/data-engineering-bootcamp/workspace/airflow-code-review/venv/lib/python3.7/site-packages/airflow/example_dags/example_dag_decorator.py
[2022-06-17 12:51:22,795] {processor.py:651} INFO - DAG(s) dict_keys(['example_dag_decorator']) retrieved from /home/jarret/data-engineering-bootcamp/workspace/airflow-code-review/venv/lib/python3.7/site-packages/airflow/example_dags/example_dag_decorator.py
[2022-06-17 12:51:22,839] {logging_mixin.py:115} INFO - [2022-06-17 12:51:22,839] {dag.py:2379} INFO - Sync 1 DAGs
[2022-06-17 12:51:22,853] {logging_mixin.py:115} INFO - [2022-06-17 12:51:22,853] {dag.py:2931} INFO - Setting next_dagrun for example_dag_decorator to None, run_after=None
[2022-06-17 12:51:24,534] {processor.py:161} INFO - Processing /home/jarret/data-engineering-bootcamp/workspace/airflow-code-review/venv/lib/python3.7/site-packages/airflow/example_dags/example_dag_decorator.py took 1.783 seconds
[2022-06-17 12:52:29,152] {processor.py:153} INFO - Started process (PID=16946) to work on /home/jarret/data-engineering-bootcamp/workspace/airflow-code-review/venv/lib/python3.7/site-packages/airflow/example_dags/example_dag_decorator.py
[2022-06-17 12:52:29,163] {processor.py:641} INFO - Processing file /home/jarret/data-engineering-bootcamp/workspace/airflow-code-review/venv/lib/python3.7/site-packages/airflow/example_dags/example_dag_decorator.py for tasks to queue
[2022-06-17 12:52:29,164] {logging_mixin.py:115} INFO - [2022-06-17 12:52:29,163] {dagbag.py:507} INFO - Filling up the DagBag from /home/jarret/data-engineering-bootcamp/workspace/airflow-code-review/venv/lib/python3.7/site-packages/airflow/example_dags/example_dag_decorator.py
[2022-06-17 12:52:29,179] {processor.py:651} INFO - DAG(s) dict_keys(['example_dag_decorator']) retrieved from /home/jarret/data-engineering-bootcamp/workspace/airflow-code-review/venv/lib/python3.7/site-packages/airflow/example_dags/example_dag_decorator.py
[2022-06-17 12:52:29,223] {logging_mixin.py:115} INFO - [2022-06-17 12:52:29,223] {dag.py:2379} INFO - Sync 1 DAGs
[2022-06-17 12:52:29,237] {logging_mixin.py:115} INFO - [2022-06-17 12:52:29,237] {dag.py:2931} INFO - Setting next_dagrun for example_dag_decorator to None, run_after=None
[2022-06-17 12:52:29,792] {processor.py:161} INFO - Processing /home/jarret/data-engineering-bootcamp/workspace/airflow-code-review/venv/lib/python3.7/site-packages/airflow/example_dags/example_dag_decorator.py took 0.643 seconds
[2022-06-17 12:53:33,599] {processor.py:153} INFO - Started process (PID=16990) to work on /home/jarret/data-engineering-bootcamp/workspace/airflow-code-review/venv/lib/python3.7/site-packages/airflow/example_dags/example_dag_decorator.py
[2022-06-17 12:53:33,687] {processor.py:641} INFO - Processing file /home/jarret/data-engineering-bootcamp/workspace/airflow-code-review/venv/lib/python3.7/site-packages/airflow/example_dags/example_dag_decorator.py for tasks to queue
[2022-06-17 12:53:33,688] {logging_mixin.py:115} INFO - [2022-06-17 12:53:33,688] {dagbag.py:507} INFO - Filling up the DagBag from /home/jarret/data-engineering-bootcamp/workspace/airflow-code-review/venv/lib/python3.7/site-packages/airflow/example_dags/example_dag_decorator.py
[2022-06-17 12:53:33,707] {processor.py:651} INFO - DAG(s) dict_keys(['example_dag_decorator']) retrieved from /home/jarret/data-engineering-bootcamp/workspace/airflow-code-review/venv/lib/python3.7/site-packages/airflow/example_dags/example_dag_decorator.py
[2022-06-17 12:53:33,756] {logging_mixin.py:115} INFO - [2022-06-17 12:53:33,756] {dag.py:2379} INFO - Sync 1 DAGs
[2022-06-17 12:53:33,771] {logging_mixin.py:115} INFO - [2022-06-17 12:53:33,771] {dag.py:2931} INFO - Setting next_dagrun for example_dag_decorator to None, run_after=None
[2022-06-17 12:53:34,151] {processor.py:161} INFO - Processing /home/jarret/data-engineering-bootcamp/workspace/airflow-code-review/venv/lib/python3.7/site-packages/airflow/example_dags/example_dag_decorator.py took 0.556 seconds
[2022-06-17 12:54:46,728] {processor.py:153} INFO - Started process (PID=17075) to work on /home/jarret/data-engineering-bootcamp/workspace/airflow-code-review/venv/lib/python3.7/site-packages/airflow/example_dags/example_dag_decorator.py
[2022-06-17 12:54:46,729] {processor.py:641} INFO - Processing file /home/jarret/data-engineering-bootcamp/workspace/airflow-code-review/venv/lib/python3.7/site-packages/airflow/example_dags/example_dag_decorator.py for tasks to queue
[2022-06-17 12:54:46,730] {logging_mixin.py:115} INFO - [2022-06-17 12:54:46,730] {dagbag.py:507} INFO - Filling up the DagBag from /home/jarret/data-engineering-bootcamp/workspace/airflow-code-review/venv/lib/python3.7/site-packages/airflow/example_dags/example_dag_decorator.py
[2022-06-17 12:54:46,745] {processor.py:651} INFO - DAG(s) dict_keys(['example_dag_decorator']) retrieved from /home/jarret/data-engineering-bootcamp/workspace/airflow-code-review/venv/lib/python3.7/site-packages/airflow/example_dags/example_dag_decorator.py
[2022-06-17 12:54:46,756] {logging_mixin.py:115} INFO - [2022-06-17 12:54:46,756] {dag.py:2379} INFO - Sync 1 DAGs
[2022-06-17 12:54:46,772] {logging_mixin.py:115} INFO - [2022-06-17 12:54:46,772] {dag.py:2931} INFO - Setting next_dagrun for example_dag_decorator to None, run_after=None
[2022-06-17 12:54:46,956] {processor.py:161} INFO - Processing /home/jarret/data-engineering-bootcamp/workspace/airflow-code-review/venv/lib/python3.7/site-packages/airflow/example_dags/example_dag_decorator.py took 0.232 seconds
[2022-06-17 12:55:43,202] {processor.py:153} INFO - Started process (PID=17117) to work on /home/jarret/data-engineering-bootcamp/workspace/airflow-code-review/venv/lib/python3.7/site-packages/airflow/example_dags/example_dag_decorator.py
[2022-06-17 12:55:43,206] {processor.py:641} INFO - Processing file /home/jarret/data-engineering-bootcamp/workspace/airflow-code-review/venv/lib/python3.7/site-packages/airflow/example_dags/example_dag_decorator.py for tasks to queue
[2022-06-17 12:55:43,207] {logging_mixin.py:115} INFO - [2022-06-17 12:55:43,207] {dagbag.py:507} INFO - Filling up the DagBag from /home/jarret/data-engineering-bootcamp/workspace/airflow-code-review/venv/lib/python3.7/site-packages/airflow/example_dags/example_dag_decorator.py
[2022-06-17 12:55:43,221] {processor.py:651} INFO - DAG(s) dict_keys(['example_dag_decorator']) retrieved from /home/jarret/data-engineering-bootcamp/workspace/airflow-code-review/venv/lib/python3.7/site-packages/airflow/example_dags/example_dag_decorator.py
[2022-06-17 12:55:43,232] {logging_mixin.py:115} INFO - [2022-06-17 12:55:43,232] {dag.py:2379} INFO - Sync 1 DAGs
[2022-06-17 12:55:43,249] {logging_mixin.py:115} INFO - [2022-06-17 12:55:43,248] {dag.py:2931} INFO - Setting next_dagrun for example_dag_decorator to None, run_after=None
[2022-06-17 12:55:44,258] {processor.py:161} INFO - Processing /home/jarret/data-engineering-bootcamp/workspace/airflow-code-review/venv/lib/python3.7/site-packages/airflow/example_dags/example_dag_decorator.py took 1.059 seconds
[2022-06-17 12:56:33,368] {processor.py:153} INFO - Started process (PID=17210) to work on /home/jarret/data-engineering-bootcamp/workspace/airflow-code-review/venv/lib/python3.7/site-packages/airflow/example_dags/example_dag_decorator.py
[2022-06-17 12:56:33,378] {processor.py:641} INFO - Processing file /home/jarret/data-engineering-bootcamp/workspace/airflow-code-review/venv/lib/python3.7/site-packages/airflow/example_dags/example_dag_decorator.py for tasks to queue
[2022-06-17 12:56:33,379] {logging_mixin.py:115} INFO - [2022-06-17 12:56:33,379] {dagbag.py:507} INFO - Filling up the DagBag from /home/jarret/data-engineering-bootcamp/workspace/airflow-code-review/venv/lib/python3.7/site-packages/airflow/example_dags/example_dag_decorator.py
[2022-06-17 12:56:33,403] {processor.py:651} INFO - DAG(s) dict_keys(['example_dag_decorator']) retrieved from /home/jarret/data-engineering-bootcamp/workspace/airflow-code-review/venv/lib/python3.7/site-packages/airflow/example_dags/example_dag_decorator.py
[2022-06-17 12:56:33,446] {logging_mixin.py:115} INFO - [2022-06-17 12:56:33,446] {dag.py:2379} INFO - Sync 1 DAGs
[2022-06-17 12:56:33,460] {logging_mixin.py:115} INFO - [2022-06-17 12:56:33,460] {dag.py:2931} INFO - Setting next_dagrun for example_dag_decorator to None, run_after=None
[2022-06-17 12:56:33,658] {processor.py:161} INFO - Processing /home/jarret/data-engineering-bootcamp/workspace/airflow-code-review/venv/lib/python3.7/site-packages/airflow/example_dags/example_dag_decorator.py took 0.293 seconds
[2022-06-17 12:57:39,337] {processor.py:153} INFO - Started process (PID=17256) to work on /home/jarret/data-engineering-bootcamp/workspace/airflow-code-review/venv/lib/python3.7/site-packages/airflow/example_dags/example_dag_decorator.py
[2022-06-17 12:57:39,338] {processor.py:641} INFO - Processing file /home/jarret/data-engineering-bootcamp/workspace/airflow-code-review/venv/lib/python3.7/site-packages/airflow/example_dags/example_dag_decorator.py for tasks to queue
[2022-06-17 12:57:39,338] {logging_mixin.py:115} INFO - [2022-06-17 12:57:39,338] {dagbag.py:507} INFO - Filling up the DagBag from /home/jarret/data-engineering-bootcamp/workspace/airflow-code-review/venv/lib/python3.7/site-packages/airflow/example_dags/example_dag_decorator.py
[2022-06-17 12:57:39,353] {processor.py:651} INFO - DAG(s) dict_keys(['example_dag_decorator']) retrieved from /home/jarret/data-engineering-bootcamp/workspace/airflow-code-review/venv/lib/python3.7/site-packages/airflow/example_dags/example_dag_decorator.py
[2022-06-17 12:57:39,397] {logging_mixin.py:115} INFO - [2022-06-17 12:57:39,397] {dag.py:2379} INFO - Sync 1 DAGs
[2022-06-17 12:57:39,410] {logging_mixin.py:115} INFO - [2022-06-17 12:57:39,410] {dag.py:2931} INFO - Setting next_dagrun for example_dag_decorator to None, run_after=None
[2022-06-17 12:57:39,542] {processor.py:161} INFO - Processing /home/jarret/data-engineering-bootcamp/workspace/airflow-code-review/venv/lib/python3.7/site-packages/airflow/example_dags/example_dag_decorator.py took 0.207 seconds
[2022-06-17 12:58:49,880] {processor.py:153} INFO - Started process (PID=17350) to work on /home/jarret/data-engineering-bootcamp/workspace/airflow-code-review/venv/lib/python3.7/site-packages/airflow/example_dags/example_dag_decorator.py
[2022-06-17 12:58:49,892] {processor.py:641} INFO - Processing file /home/jarret/data-engineering-bootcamp/workspace/airflow-code-review/venv/lib/python3.7/site-packages/airflow/example_dags/example_dag_decorator.py for tasks to queue
[2022-06-17 12:58:49,892] {logging_mixin.py:115} INFO - [2022-06-17 12:58:49,892] {dagbag.py:507} INFO - Filling up the DagBag from /home/jarret/data-engineering-bootcamp/workspace/airflow-code-review/venv/lib/python3.7/site-packages/airflow/example_dags/example_dag_decorator.py
[2022-06-17 12:58:49,907] {processor.py:651} INFO - DAG(s) dict_keys(['example_dag_decorator']) retrieved from /home/jarret/data-engineering-bootcamp/workspace/airflow-code-review/venv/lib/python3.7/site-packages/airflow/example_dags/example_dag_decorator.py
[2022-06-17 12:58:49,918] {logging_mixin.py:115} INFO - [2022-06-17 12:58:49,918] {dag.py:2379} INFO - Sync 1 DAGs
[2022-06-17 12:58:49,934] {logging_mixin.py:115} INFO - [2022-06-17 12:58:49,934] {dag.py:2931} INFO - Setting next_dagrun for example_dag_decorator to None, run_after=None
[2022-06-17 12:58:50,082] {processor.py:161} INFO - Processing /home/jarret/data-engineering-bootcamp/workspace/airflow-code-review/venv/lib/python3.7/site-packages/airflow/example_dags/example_dag_decorator.py took 0.205 seconds
[2022-06-17 12:59:29,805] {processor.py:153} INFO - Started process (PID=17434) to work on /home/jarret/data-engineering-bootcamp/workspace/airflow-code-review/venv/lib/python3.7/site-packages/airflow/example_dags/example_dag_decorator.py
[2022-06-17 12:59:29,818] {processor.py:641} INFO - Processing file /home/jarret/data-engineering-bootcamp/workspace/airflow-code-review/venv/lib/python3.7/site-packages/airflow/example_dags/example_dag_decorator.py for tasks to queue
[2022-06-17 12:59:29,818] {logging_mixin.py:115} INFO - [2022-06-17 12:59:29,818] {dagbag.py:507} INFO - Filling up the DagBag from /home/jarret/data-engineering-bootcamp/workspace/airflow-code-review/venv/lib/python3.7/site-packages/airflow/example_dags/example_dag_decorator.py
[2022-06-17 12:59:29,839] {processor.py:651} INFO - DAG(s) dict_keys(['example_dag_decorator']) retrieved from /home/jarret/data-engineering-bootcamp/workspace/airflow-code-review/venv/lib/python3.7/site-packages/airflow/example_dags/example_dag_decorator.py
[2022-06-17 12:59:29,849] {logging_mixin.py:115} INFO - [2022-06-17 12:59:29,849] {dag.py:2379} INFO - Sync 1 DAGs
[2022-06-17 12:59:29,866] {logging_mixin.py:115} INFO - [2022-06-17 12:59:29,865] {dag.py:2931} INFO - Setting next_dagrun for example_dag_decorator to None, run_after=None
[2022-06-17 12:59:31,358] {processor.py:161} INFO - Processing /home/jarret/data-engineering-bootcamp/workspace/airflow-code-review/venv/lib/python3.7/site-packages/airflow/example_dags/example_dag_decorator.py took 1.557 seconds
[2022-06-17 13:00:13,390] {processor.py:153} INFO - Started process (PID=17523) to work on /home/jarret/data-engineering-bootcamp/workspace/airflow-code-review/venv/lib/python3.7/site-packages/airflow/example_dags/example_dag_decorator.py
[2022-06-17 13:00:13,401] {processor.py:641} INFO - Processing file /home/jarret/data-engineering-bootcamp/workspace/airflow-code-review/venv/lib/python3.7/site-packages/airflow/example_dags/example_dag_decorator.py for tasks to queue
[2022-06-17 13:00:13,402] {logging_mixin.py:115} INFO - [2022-06-17 13:00:13,402] {dagbag.py:507} INFO - Filling up the DagBag from /home/jarret/data-engineering-bootcamp/workspace/airflow-code-review/venv/lib/python3.7/site-packages/airflow/example_dags/example_dag_decorator.py
[2022-06-17 13:00:13,416] {processor.py:651} INFO - DAG(s) dict_keys(['example_dag_decorator']) retrieved from /home/jarret/data-engineering-bootcamp/workspace/airflow-code-review/venv/lib/python3.7/site-packages/airflow/example_dags/example_dag_decorator.py
[2022-06-17 13:00:13,460] {logging_mixin.py:115} INFO - [2022-06-17 13:00:13,460] {dag.py:2379} INFO - Sync 1 DAGs
[2022-06-17 13:00:13,473] {logging_mixin.py:115} INFO - [2022-06-17 13:00:13,473] {dag.py:2931} INFO - Setting next_dagrun for example_dag_decorator to None, run_after=None
[2022-06-17 13:00:13,634] {processor.py:161} INFO - Processing /home/jarret/data-engineering-bootcamp/workspace/airflow-code-review/venv/lib/python3.7/site-packages/airflow/example_dags/example_dag_decorator.py took 0.247 seconds
[2022-06-17 13:01:06,120] {processor.py:153} INFO - Started process (PID=17578) to work on /home/jarret/data-engineering-bootcamp/workspace/airflow-code-review/venv/lib/python3.7/site-packages/airflow/example_dags/example_dag_decorator.py
[2022-06-17 13:01:06,132] {processor.py:641} INFO - Processing file /home/jarret/data-engineering-bootcamp/workspace/airflow-code-review/venv/lib/python3.7/site-packages/airflow/example_dags/example_dag_decorator.py for tasks to queue
[2022-06-17 13:01:06,133] {logging_mixin.py:115} INFO - [2022-06-17 13:01:06,133] {dagbag.py:507} INFO - Filling up the DagBag from /home/jarret/data-engineering-bootcamp/workspace/airflow-code-review/venv/lib/python3.7/site-packages/airflow/example_dags/example_dag_decorator.py
[2022-06-17 13:01:06,147] {processor.py:651} INFO - DAG(s) dict_keys(['example_dag_decorator']) retrieved from /home/jarret/data-engineering-bootcamp/workspace/airflow-code-review/venv/lib/python3.7/site-packages/airflow/example_dags/example_dag_decorator.py
[2022-06-17 13:01:06,191] {logging_mixin.py:115} INFO - [2022-06-17 13:01:06,191] {dag.py:2379} INFO - Sync 1 DAGs
[2022-06-17 13:01:06,206] {logging_mixin.py:115} INFO - [2022-06-17 13:01:06,205] {dag.py:2931} INFO - Setting next_dagrun for example_dag_decorator to None, run_after=None
[2022-06-17 13:01:06,349] {processor.py:161} INFO - Processing /home/jarret/data-engineering-bootcamp/workspace/airflow-code-review/venv/lib/python3.7/site-packages/airflow/example_dags/example_dag_decorator.py took 0.231 seconds
[2022-06-17 13:01:58,332] {processor.py:153} INFO - Started process (PID=17680) to work on /home/jarret/data-engineering-bootcamp/workspace/airflow-code-review/venv/lib/python3.7/site-packages/airflow/example_dags/example_dag_decorator.py
[2022-06-17 13:01:58,332] {processor.py:641} INFO - Processing file /home/jarret/data-engineering-bootcamp/workspace/airflow-code-review/venv/lib/python3.7/site-packages/airflow/example_dags/example_dag_decorator.py for tasks to queue
[2022-06-17 13:01:58,333] {logging_mixin.py:115} INFO - [2022-06-17 13:01:58,333] {dagbag.py:507} INFO - Filling up the DagBag from /home/jarret/data-engineering-bootcamp/workspace/airflow-code-review/venv/lib/python3.7/site-packages/airflow/example_dags/example_dag_decorator.py
[2022-06-17 13:01:58,347] {processor.py:651} INFO - DAG(s) dict_keys(['example_dag_decorator']) retrieved from /home/jarret/data-engineering-bootcamp/workspace/airflow-code-review/venv/lib/python3.7/site-packages/airflow/example_dags/example_dag_decorator.py
[2022-06-17 13:01:58,391] {logging_mixin.py:115} INFO - [2022-06-17 13:01:58,391] {dag.py:2379} INFO - Sync 1 DAGs
[2022-06-17 13:01:58,405] {logging_mixin.py:115} INFO - [2022-06-17 13:01:58,405] {dag.py:2931} INFO - Setting next_dagrun for example_dag_decorator to None, run_after=None
[2022-06-17 13:01:58,540] {processor.py:161} INFO - Processing /home/jarret/data-engineering-bootcamp/workspace/airflow-code-review/venv/lib/python3.7/site-packages/airflow/example_dags/example_dag_decorator.py took 0.211 seconds
[2022-06-17 13:02:42,128] {processor.py:153} INFO - Started process (PID=17773) to work on /home/jarret/data-engineering-bootcamp/workspace/airflow-code-review/venv/lib/python3.7/site-packages/airflow/example_dags/example_dag_decorator.py
[2022-06-17 13:02:42,141] {processor.py:641} INFO - Processing file /home/jarret/data-engineering-bootcamp/workspace/airflow-code-review/venv/lib/python3.7/site-packages/airflow/example_dags/example_dag_decorator.py for tasks to queue
[2022-06-17 13:02:42,141] {logging_mixin.py:115} INFO - [2022-06-17 13:02:42,141] {dagbag.py:507} INFO - Filling up the DagBag from /home/jarret/data-engineering-bootcamp/workspace/airflow-code-review/venv/lib/python3.7/site-packages/airflow/example_dags/example_dag_decorator.py
[2022-06-17 13:02:42,155] {processor.py:651} INFO - DAG(s) dict_keys(['example_dag_decorator']) retrieved from /home/jarret/data-engineering-bootcamp/workspace/airflow-code-review/venv/lib/python3.7/site-packages/airflow/example_dags/example_dag_decorator.py
[2022-06-17 13:02:42,199] {logging_mixin.py:115} INFO - [2022-06-17 13:02:42,199] {dag.py:2379} INFO - Sync 1 DAGs
[2022-06-17 13:02:42,212] {logging_mixin.py:115} INFO - [2022-06-17 13:02:42,212] {dag.py:2931} INFO - Setting next_dagrun for example_dag_decorator to None, run_after=None
[2022-06-17 13:02:42,336] {processor.py:161} INFO - Processing /home/jarret/data-engineering-bootcamp/workspace/airflow-code-review/venv/lib/python3.7/site-packages/airflow/example_dags/example_dag_decorator.py took 0.211 seconds
[2022-06-17 13:03:44,059] {processor.py:153} INFO - Started process (PID=17876) to work on /home/jarret/data-engineering-bootcamp/workspace/airflow-code-review/venv/lib/python3.7/site-packages/airflow/example_dags/example_dag_decorator.py
[2022-06-17 13:03:44,066] {processor.py:641} INFO - Processing file /home/jarret/data-engineering-bootcamp/workspace/airflow-code-review/venv/lib/python3.7/site-packages/airflow/example_dags/example_dag_decorator.py for tasks to queue
[2022-06-17 13:03:44,066] {logging_mixin.py:115} INFO - [2022-06-17 13:03:44,066] {dagbag.py:507} INFO - Filling up the DagBag from /home/jarret/data-engineering-bootcamp/workspace/airflow-code-review/venv/lib/python3.7/site-packages/airflow/example_dags/example_dag_decorator.py
[2022-06-17 13:03:44,081] {processor.py:651} INFO - DAG(s) dict_keys(['example_dag_decorator']) retrieved from /home/jarret/data-engineering-bootcamp/workspace/airflow-code-review/venv/lib/python3.7/site-packages/airflow/example_dags/example_dag_decorator.py
[2022-06-17 13:03:44,124] {logging_mixin.py:115} INFO - [2022-06-17 13:03:44,124] {dag.py:2379} INFO - Sync 1 DAGs
[2022-06-17 13:03:44,138] {logging_mixin.py:115} INFO - [2022-06-17 13:03:44,138] {dag.py:2931} INFO - Setting next_dagrun for example_dag_decorator to None, run_after=None
[2022-06-17 13:03:44,258] {processor.py:161} INFO - Processing /home/jarret/data-engineering-bootcamp/workspace/airflow-code-review/venv/lib/python3.7/site-packages/airflow/example_dags/example_dag_decorator.py took 0.202 seconds
[2022-06-17 13:04:46,266] {processor.py:153} INFO - Started process (PID=17975) to work on /home/jarret/data-engineering-bootcamp/workspace/airflow-code-review/venv/lib/python3.7/site-packages/airflow/example_dags/example_dag_decorator.py
[2022-06-17 13:04:46,267] {processor.py:641} INFO - Processing file /home/jarret/data-engineering-bootcamp/workspace/airflow-code-review/venv/lib/python3.7/site-packages/airflow/example_dags/example_dag_decorator.py for tasks to queue
[2022-06-17 13:04:46,268] {logging_mixin.py:115} INFO - [2022-06-17 13:04:46,268] {dagbag.py:507} INFO - Filling up the DagBag from /home/jarret/data-engineering-bootcamp/workspace/airflow-code-review/venv/lib/python3.7/site-packages/airflow/example_dags/example_dag_decorator.py
[2022-06-17 13:04:46,284] {processor.py:651} INFO - DAG(s) dict_keys(['example_dag_decorator']) retrieved from /home/jarret/data-engineering-bootcamp/workspace/airflow-code-review/venv/lib/python3.7/site-packages/airflow/example_dags/example_dag_decorator.py
[2022-06-17 13:04:46,328] {logging_mixin.py:115} INFO - [2022-06-17 13:04:46,328] {dag.py:2379} INFO - Sync 1 DAGs
[2022-06-17 13:04:46,341] {logging_mixin.py:115} INFO - [2022-06-17 13:04:46,341] {dag.py:2931} INFO - Setting next_dagrun for example_dag_decorator to None, run_after=None
[2022-06-17 13:04:46,678] {processor.py:161} INFO - Processing /home/jarret/data-engineering-bootcamp/workspace/airflow-code-review/venv/lib/python3.7/site-packages/airflow/example_dags/example_dag_decorator.py took 0.416 seconds
[2022-06-17 13:05:36,091] {processor.py:153} INFO - Started process (PID=18015) to work on /home/jarret/data-engineering-bootcamp/workspace/airflow-code-review/venv/lib/python3.7/site-packages/airflow/example_dags/example_dag_decorator.py
[2022-06-17 13:05:36,092] {processor.py:641} INFO - Processing file /home/jarret/data-engineering-bootcamp/workspace/airflow-code-review/venv/lib/python3.7/site-packages/airflow/example_dags/example_dag_decorator.py for tasks to queue
[2022-06-17 13:05:36,093] {logging_mixin.py:115} INFO - [2022-06-17 13:05:36,093] {dagbag.py:507} INFO - Filling up the DagBag from /home/jarret/data-engineering-bootcamp/workspace/airflow-code-review/venv/lib/python3.7/site-packages/airflow/example_dags/example_dag_decorator.py
[2022-06-17 13:05:36,114] {processor.py:651} INFO - DAG(s) dict_keys(['example_dag_decorator']) retrieved from /home/jarret/data-engineering-bootcamp/workspace/airflow-code-review/venv/lib/python3.7/site-packages/airflow/example_dags/example_dag_decorator.py
[2022-06-17 13:05:36,125] {logging_mixin.py:115} INFO - [2022-06-17 13:05:36,124] {dag.py:2379} INFO - Sync 1 DAGs
[2022-06-17 13:05:36,141] {logging_mixin.py:115} INFO - [2022-06-17 13:05:36,141] {dag.py:2931} INFO - Setting next_dagrun for example_dag_decorator to None, run_after=None
[2022-06-17 13:05:36,279] {processor.py:161} INFO - Processing /home/jarret/data-engineering-bootcamp/workspace/airflow-code-review/venv/lib/python3.7/site-packages/airflow/example_dags/example_dag_decorator.py took 0.191 seconds
[2022-06-17 13:06:18,315] {processor.py:153} INFO - Started process (PID=18047) to work on /home/jarret/data-engineering-bootcamp/workspace/airflow-code-review/venv/lib/python3.7/site-packages/airflow/example_dags/example_dag_decorator.py
[2022-06-17 13:06:18,315] {processor.py:641} INFO - Processing file /home/jarret/data-engineering-bootcamp/workspace/airflow-code-review/venv/lib/python3.7/site-packages/airflow/example_dags/example_dag_decorator.py for tasks to queue
[2022-06-17 13:06:18,316] {logging_mixin.py:115} INFO - [2022-06-17 13:06:18,316] {dagbag.py:507} INFO - Filling up the DagBag from /home/jarret/data-engineering-bootcamp/workspace/airflow-code-review/venv/lib/python3.7/site-packages/airflow/example_dags/example_dag_decorator.py
[2022-06-17 13:06:18,331] {processor.py:651} INFO - DAG(s) dict_keys(['example_dag_decorator']) retrieved from /home/jarret/data-engineering-bootcamp/workspace/airflow-code-review/venv/lib/python3.7/site-packages/airflow/example_dags/example_dag_decorator.py
[2022-06-17 13:06:18,378] {logging_mixin.py:115} INFO - [2022-06-17 13:06:18,378] {dag.py:2379} INFO - Sync 1 DAGs
[2022-06-17 13:06:18,392] {logging_mixin.py:115} INFO - [2022-06-17 13:06:18,392] {dag.py:2931} INFO - Setting next_dagrun for example_dag_decorator to None, run_after=None
[2022-06-17 13:06:18,530] {processor.py:161} INFO - Processing /home/jarret/data-engineering-bootcamp/workspace/airflow-code-review/venv/lib/python3.7/site-packages/airflow/example_dags/example_dag_decorator.py took 0.219 seconds
[2022-06-17 13:07:13,972] {processor.py:153} INFO - Started process (PID=18152) to work on /home/jarret/data-engineering-bootcamp/workspace/airflow-code-review/venv/lib/python3.7/site-packages/airflow/example_dags/example_dag_decorator.py
[2022-06-17 13:07:13,984] {processor.py:641} INFO - Processing file /home/jarret/data-engineering-bootcamp/workspace/airflow-code-review/venv/lib/python3.7/site-packages/airflow/example_dags/example_dag_decorator.py for tasks to queue
[2022-06-17 13:07:13,984] {logging_mixin.py:115} INFO - [2022-06-17 13:07:13,984] {dagbag.py:507} INFO - Filling up the DagBag from /home/jarret/data-engineering-bootcamp/workspace/airflow-code-review/venv/lib/python3.7/site-packages/airflow/example_dags/example_dag_decorator.py
[2022-06-17 13:07:14,004] {processor.py:651} INFO - DAG(s) dict_keys(['example_dag_decorator']) retrieved from /home/jarret/data-engineering-bootcamp/workspace/airflow-code-review/venv/lib/python3.7/site-packages/airflow/example_dags/example_dag_decorator.py
[2022-06-17 13:07:14,047] {logging_mixin.py:115} INFO - [2022-06-17 13:07:14,047] {dag.py:2379} INFO - Sync 1 DAGs
[2022-06-17 13:07:14,061] {logging_mixin.py:115} INFO - [2022-06-17 13:07:14,061] {dag.py:2931} INFO - Setting next_dagrun for example_dag_decorator to None, run_after=None
[2022-06-17 13:07:14,174] {processor.py:161} INFO - Processing /home/jarret/data-engineering-bootcamp/workspace/airflow-code-review/venv/lib/python3.7/site-packages/airflow/example_dags/example_dag_decorator.py took 0.205 seconds
[2022-06-17 13:08:06,984] {processor.py:153} INFO - Started process (PID=18260) to work on /home/jarret/data-engineering-bootcamp/workspace/airflow-code-review/venv/lib/python3.7/site-packages/airflow/example_dags/example_dag_decorator.py
[2022-06-17 13:08:07,012] {processor.py:641} INFO - Processing file /home/jarret/data-engineering-bootcamp/workspace/airflow-code-review/venv/lib/python3.7/site-packages/airflow/example_dags/example_dag_decorator.py for tasks to queue
[2022-06-17 13:08:07,013] {logging_mixin.py:115} INFO - [2022-06-17 13:08:07,013] {dagbag.py:507} INFO - Filling up the DagBag from /home/jarret/data-engineering-bootcamp/workspace/airflow-code-review/venv/lib/python3.7/site-packages/airflow/example_dags/example_dag_decorator.py
[2022-06-17 13:08:07,029] {processor.py:651} INFO - DAG(s) dict_keys(['example_dag_decorator']) retrieved from /home/jarret/data-engineering-bootcamp/workspace/airflow-code-review/venv/lib/python3.7/site-packages/airflow/example_dags/example_dag_decorator.py
[2022-06-17 13:08:07,040] {logging_mixin.py:115} INFO - [2022-06-17 13:08:07,040] {dag.py:2379} INFO - Sync 1 DAGs
[2022-06-17 13:08:07,057] {logging_mixin.py:115} INFO - [2022-06-17 13:08:07,057] {dag.py:2931} INFO - Setting next_dagrun for example_dag_decorator to None, run_after=None
[2022-06-17 13:08:07,182] {processor.py:161} INFO - Processing /home/jarret/data-engineering-bootcamp/workspace/airflow-code-review/venv/lib/python3.7/site-packages/airflow/example_dags/example_dag_decorator.py took 0.201 seconds
[2022-06-17 13:08:50,125] {processor.py:153} INFO - Started process (PID=18350) to work on /home/jarret/data-engineering-bootcamp/workspace/airflow-code-review/venv/lib/python3.7/site-packages/airflow/example_dags/example_dag_decorator.py
[2022-06-17 13:08:50,129] {processor.py:641} INFO - Processing file /home/jarret/data-engineering-bootcamp/workspace/airflow-code-review/venv/lib/python3.7/site-packages/airflow/example_dags/example_dag_decorator.py for tasks to queue
[2022-06-17 13:08:50,130] {logging_mixin.py:115} INFO - [2022-06-17 13:08:50,129] {dagbag.py:507} INFO - Filling up the DagBag from /home/jarret/data-engineering-bootcamp/workspace/airflow-code-review/venv/lib/python3.7/site-packages/airflow/example_dags/example_dag_decorator.py
[2022-06-17 13:08:50,144] {processor.py:651} INFO - DAG(s) dict_keys(['example_dag_decorator']) retrieved from /home/jarret/data-engineering-bootcamp/workspace/airflow-code-review/venv/lib/python3.7/site-packages/airflow/example_dags/example_dag_decorator.py
[2022-06-17 13:08:50,155] {logging_mixin.py:115} INFO - [2022-06-17 13:08:50,155] {dag.py:2379} INFO - Sync 1 DAGs
[2022-06-17 13:08:50,171] {logging_mixin.py:115} INFO - [2022-06-17 13:08:50,171] {dag.py:2931} INFO - Setting next_dagrun for example_dag_decorator to None, run_after=None
[2022-06-17 13:08:50,289] {processor.py:161} INFO - Processing /home/jarret/data-engineering-bootcamp/workspace/airflow-code-review/venv/lib/python3.7/site-packages/airflow/example_dags/example_dag_decorator.py took 0.167 seconds
[2022-06-17 13:09:39,071] {processor.py:153} INFO - Started process (PID=18455) to work on /home/jarret/data-engineering-bootcamp/workspace/airflow-code-review/venv/lib/python3.7/site-packages/airflow/example_dags/example_dag_decorator.py
[2022-06-17 13:09:39,074] {processor.py:641} INFO - Processing file /home/jarret/data-engineering-bootcamp/workspace/airflow-code-review/venv/lib/python3.7/site-packages/airflow/example_dags/example_dag_decorator.py for tasks to queue
[2022-06-17 13:09:39,075] {logging_mixin.py:115} INFO - [2022-06-17 13:09:39,075] {dagbag.py:507} INFO - Filling up the DagBag from /home/jarret/data-engineering-bootcamp/workspace/airflow-code-review/venv/lib/python3.7/site-packages/airflow/example_dags/example_dag_decorator.py
[2022-06-17 13:09:39,090] {processor.py:651} INFO - DAG(s) dict_keys(['example_dag_decorator']) retrieved from /home/jarret/data-engineering-bootcamp/workspace/airflow-code-review/venv/lib/python3.7/site-packages/airflow/example_dags/example_dag_decorator.py
[2022-06-17 13:09:39,134] {logging_mixin.py:115} INFO - [2022-06-17 13:09:39,134] {dag.py:2379} INFO - Sync 1 DAGs
[2022-06-17 13:09:39,148] {logging_mixin.py:115} INFO - [2022-06-17 13:09:39,148] {dag.py:2931} INFO - Setting next_dagrun for example_dag_decorator to None, run_after=None
[2022-06-17 13:09:39,270] {processor.py:161} INFO - Processing /home/jarret/data-engineering-bootcamp/workspace/airflow-code-review/venv/lib/python3.7/site-packages/airflow/example_dags/example_dag_decorator.py took 0.202 seconds
[2022-06-17 13:10:30,454] {processor.py:153} INFO - Started process (PID=18520) to work on /home/jarret/data-engineering-bootcamp/workspace/airflow-code-review/venv/lib/python3.7/site-packages/airflow/example_dags/example_dag_decorator.py
[2022-06-17 13:10:30,482] {processor.py:641} INFO - Processing file /home/jarret/data-engineering-bootcamp/workspace/airflow-code-review/venv/lib/python3.7/site-packages/airflow/example_dags/example_dag_decorator.py for tasks to queue
[2022-06-17 13:10:30,483] {logging_mixin.py:115} INFO - [2022-06-17 13:10:30,483] {dagbag.py:507} INFO - Filling up the DagBag from /home/jarret/data-engineering-bootcamp/workspace/airflow-code-review/venv/lib/python3.7/site-packages/airflow/example_dags/example_dag_decorator.py
[2022-06-17 13:10:30,505] {processor.py:651} INFO - DAG(s) dict_keys(['example_dag_decorator']) retrieved from /home/jarret/data-engineering-bootcamp/workspace/airflow-code-review/venv/lib/python3.7/site-packages/airflow/example_dags/example_dag_decorator.py
[2022-06-17 13:10:30,549] {logging_mixin.py:115} INFO - [2022-06-17 13:10:30,549] {dag.py:2379} INFO - Sync 1 DAGs
[2022-06-17 13:10:30,563] {logging_mixin.py:115} INFO - [2022-06-17 13:10:30,563] {dag.py:2931} INFO - Setting next_dagrun for example_dag_decorator to None, run_after=None
[2022-06-17 13:10:30,961] {processor.py:161} INFO - Processing /home/jarret/data-engineering-bootcamp/workspace/airflow-code-review/venv/lib/python3.7/site-packages/airflow/example_dags/example_dag_decorator.py took 0.510 seconds
[2022-06-17 13:11:14,794] {processor.py:153} INFO - Started process (PID=18609) to work on /home/jarret/data-engineering-bootcamp/workspace/airflow-code-review/venv/lib/python3.7/site-packages/airflow/example_dags/example_dag_decorator.py
[2022-06-17 13:11:14,795] {processor.py:641} INFO - Processing file /home/jarret/data-engineering-bootcamp/workspace/airflow-code-review/venv/lib/python3.7/site-packages/airflow/example_dags/example_dag_decorator.py for tasks to queue
[2022-06-17 13:11:14,796] {logging_mixin.py:115} INFO - [2022-06-17 13:11:14,796] {dagbag.py:507} INFO - Filling up the DagBag from /home/jarret/data-engineering-bootcamp/workspace/airflow-code-review/venv/lib/python3.7/site-packages/airflow/example_dags/example_dag_decorator.py
[2022-06-17 13:11:14,815] {processor.py:651} INFO - DAG(s) dict_keys(['example_dag_decorator']) retrieved from /home/jarret/data-engineering-bootcamp/workspace/airflow-code-review/venv/lib/python3.7/site-packages/airflow/example_dags/example_dag_decorator.py
[2022-06-17 13:11:14,827] {logging_mixin.py:115} INFO - [2022-06-17 13:11:14,827] {dag.py:2379} INFO - Sync 1 DAGs
[2022-06-17 13:11:14,844] {logging_mixin.py:115} INFO - [2022-06-17 13:11:14,844] {dag.py:2931} INFO - Setting next_dagrun for example_dag_decorator to None, run_after=None
[2022-06-17 13:11:15,022] {processor.py:161} INFO - Processing /home/jarret/data-engineering-bootcamp/workspace/airflow-code-review/venv/lib/python3.7/site-packages/airflow/example_dags/example_dag_decorator.py took 0.231 seconds
[2022-06-17 13:12:02,342] {processor.py:153} INFO - Started process (PID=18709) to work on /home/jarret/data-engineering-bootcamp/workspace/airflow-code-review/venv/lib/python3.7/site-packages/airflow/example_dags/example_dag_decorator.py
[2022-06-17 13:12:02,350] {processor.py:641} INFO - Processing file /home/jarret/data-engineering-bootcamp/workspace/airflow-code-review/venv/lib/python3.7/site-packages/airflow/example_dags/example_dag_decorator.py for tasks to queue
[2022-06-17 13:12:02,350] {logging_mixin.py:115} INFO - [2022-06-17 13:12:02,350] {dagbag.py:507} INFO - Filling up the DagBag from /home/jarret/data-engineering-bootcamp/workspace/airflow-code-review/venv/lib/python3.7/site-packages/airflow/example_dags/example_dag_decorator.py
[2022-06-17 13:12:02,364] {processor.py:651} INFO - DAG(s) dict_keys(['example_dag_decorator']) retrieved from /home/jarret/data-engineering-bootcamp/workspace/airflow-code-review/venv/lib/python3.7/site-packages/airflow/example_dags/example_dag_decorator.py
[2022-06-17 13:12:02,407] {logging_mixin.py:115} INFO - [2022-06-17 13:12:02,407] {dag.py:2379} INFO - Sync 1 DAGs
[2022-06-17 13:12:02,421] {logging_mixin.py:115} INFO - [2022-06-17 13:12:02,421] {dag.py:2931} INFO - Setting next_dagrun for example_dag_decorator to None, run_after=None
[2022-06-17 13:12:02,783] {processor.py:161} INFO - Processing /home/jarret/data-engineering-bootcamp/workspace/airflow-code-review/venv/lib/python3.7/site-packages/airflow/example_dags/example_dag_decorator.py took 0.444 seconds
[2022-06-17 13:13:00,505] {processor.py:153} INFO - Started process (PID=18825) to work on /home/jarret/data-engineering-bootcamp/workspace/airflow-code-review/venv/lib/python3.7/site-packages/airflow/example_dags/example_dag_decorator.py
[2022-06-17 13:13:00,506] {processor.py:641} INFO - Processing file /home/jarret/data-engineering-bootcamp/workspace/airflow-code-review/venv/lib/python3.7/site-packages/airflow/example_dags/example_dag_decorator.py for tasks to queue
[2022-06-17 13:13:00,507] {logging_mixin.py:115} INFO - [2022-06-17 13:13:00,507] {dagbag.py:507} INFO - Filling up the DagBag from /home/jarret/data-engineering-bootcamp/workspace/airflow-code-review/venv/lib/python3.7/site-packages/airflow/example_dags/example_dag_decorator.py
[2022-06-17 13:13:00,524] {processor.py:651} INFO - DAG(s) dict_keys(['example_dag_decorator']) retrieved from /home/jarret/data-engineering-bootcamp/workspace/airflow-code-review/venv/lib/python3.7/site-packages/airflow/example_dags/example_dag_decorator.py
[2022-06-17 13:13:00,569] {logging_mixin.py:115} INFO - [2022-06-17 13:13:00,569] {dag.py:2379} INFO - Sync 1 DAGs
[2022-06-17 13:13:00,583] {logging_mixin.py:115} INFO - [2022-06-17 13:13:00,583] {dag.py:2931} INFO - Setting next_dagrun for example_dag_decorator to None, run_after=None
[2022-06-17 13:13:00,878] {processor.py:161} INFO - Processing /home/jarret/data-engineering-bootcamp/workspace/airflow-code-review/venv/lib/python3.7/site-packages/airflow/example_dags/example_dag_decorator.py took 0.377 seconds
[2022-06-17 13:13:40,932] {processor.py:153} INFO - Started process (PID=18882) to work on /home/jarret/data-engineering-bootcamp/workspace/airflow-code-review/venv/lib/python3.7/site-packages/airflow/example_dags/example_dag_decorator.py
[2022-06-17 13:13:40,934] {processor.py:641} INFO - Processing file /home/jarret/data-engineering-bootcamp/workspace/airflow-code-review/venv/lib/python3.7/site-packages/airflow/example_dags/example_dag_decorator.py for tasks to queue
[2022-06-17 13:13:40,935] {logging_mixin.py:115} INFO - [2022-06-17 13:13:40,934] {dagbag.py:507} INFO - Filling up the DagBag from /home/jarret/data-engineering-bootcamp/workspace/airflow-code-review/venv/lib/python3.7/site-packages/airflow/example_dags/example_dag_decorator.py
[2022-06-17 13:13:40,950] {processor.py:651} INFO - DAG(s) dict_keys(['example_dag_decorator']) retrieved from /home/jarret/data-engineering-bootcamp/workspace/airflow-code-review/venv/lib/python3.7/site-packages/airflow/example_dags/example_dag_decorator.py
[2022-06-17 13:13:40,963] {logging_mixin.py:115} INFO - [2022-06-17 13:13:40,963] {dag.py:2379} INFO - Sync 1 DAGs
[2022-06-17 13:13:40,977] {logging_mixin.py:115} INFO - [2022-06-17 13:13:40,977] {dag.py:2931} INFO - Setting next_dagrun for example_dag_decorator to None, run_after=None
[2022-06-17 13:13:41,279] {processor.py:161} INFO - Processing /home/jarret/data-engineering-bootcamp/workspace/airflow-code-review/venv/lib/python3.7/site-packages/airflow/example_dags/example_dag_decorator.py took 0.350 seconds
[2022-06-17 13:14:31,469] {processor.py:153} INFO - Started process (PID=18959) to work on /home/jarret/data-engineering-bootcamp/workspace/airflow-code-review/venv/lib/python3.7/site-packages/airflow/example_dags/example_dag_decorator.py
[2022-06-17 13:14:31,481] {processor.py:641} INFO - Processing file /home/jarret/data-engineering-bootcamp/workspace/airflow-code-review/venv/lib/python3.7/site-packages/airflow/example_dags/example_dag_decorator.py for tasks to queue
[2022-06-17 13:14:31,482] {logging_mixin.py:115} INFO - [2022-06-17 13:14:31,482] {dagbag.py:507} INFO - Filling up the DagBag from /home/jarret/data-engineering-bootcamp/workspace/airflow-code-review/venv/lib/python3.7/site-packages/airflow/example_dags/example_dag_decorator.py
[2022-06-17 13:14:31,499] {processor.py:651} INFO - DAG(s) dict_keys(['example_dag_decorator']) retrieved from /home/jarret/data-engineering-bootcamp/workspace/airflow-code-review/venv/lib/python3.7/site-packages/airflow/example_dags/example_dag_decorator.py
[2022-06-17 13:14:31,543] {logging_mixin.py:115} INFO - [2022-06-17 13:14:31,543] {dag.py:2379} INFO - Sync 1 DAGs
[2022-06-17 13:14:31,556] {logging_mixin.py:115} INFO - [2022-06-17 13:14:31,556] {dag.py:2931} INFO - Setting next_dagrun for example_dag_decorator to None, run_after=None
[2022-06-17 13:14:31,677] {processor.py:161} INFO - Processing /home/jarret/data-engineering-bootcamp/workspace/airflow-code-review/venv/lib/python3.7/site-packages/airflow/example_dags/example_dag_decorator.py took 0.211 seconds
[2022-06-17 13:15:25,999] {processor.py:153} INFO - Started process (PID=19005) to work on /home/jarret/data-engineering-bootcamp/workspace/airflow-code-review/venv/lib/python3.7/site-packages/airflow/example_dags/example_dag_decorator.py
[2022-06-17 13:15:26,000] {processor.py:641} INFO - Processing file /home/jarret/data-engineering-bootcamp/workspace/airflow-code-review/venv/lib/python3.7/site-packages/airflow/example_dags/example_dag_decorator.py for tasks to queue
[2022-06-17 13:15:26,000] {logging_mixin.py:115} INFO - [2022-06-17 13:15:26,000] {dagbag.py:507} INFO - Filling up the DagBag from /home/jarret/data-engineering-bootcamp/workspace/airflow-code-review/venv/lib/python3.7/site-packages/airflow/example_dags/example_dag_decorator.py
[2022-06-17 13:15:26,015] {processor.py:651} INFO - DAG(s) dict_keys(['example_dag_decorator']) retrieved from /home/jarret/data-engineering-bootcamp/workspace/airflow-code-review/venv/lib/python3.7/site-packages/airflow/example_dags/example_dag_decorator.py
[2022-06-17 13:15:26,028] {logging_mixin.py:115} INFO - [2022-06-17 13:15:26,028] {dag.py:2379} INFO - Sync 1 DAGs
[2022-06-17 13:15:26,044] {logging_mixin.py:115} INFO - [2022-06-17 13:15:26,043] {dag.py:2931} INFO - Setting next_dagrun for example_dag_decorator to None, run_after=None
[2022-06-17 13:15:26,173] {processor.py:161} INFO - Processing /home/jarret/data-engineering-bootcamp/workspace/airflow-code-review/venv/lib/python3.7/site-packages/airflow/example_dags/example_dag_decorator.py took 0.176 seconds
[2022-06-17 13:16:11,511] {processor.py:153} INFO - Started process (PID=19045) to work on /home/jarret/data-engineering-bootcamp/workspace/airflow-code-review/venv/lib/python3.7/site-packages/airflow/example_dags/example_dag_decorator.py
[2022-06-17 13:16:11,517] {processor.py:641} INFO - Processing file /home/jarret/data-engineering-bootcamp/workspace/airflow-code-review/venv/lib/python3.7/site-packages/airflow/example_dags/example_dag_decorator.py for tasks to queue
[2022-06-17 13:16:11,518] {logging_mixin.py:115} INFO - [2022-06-17 13:16:11,518] {dagbag.py:507} INFO - Filling up the DagBag from /home/jarret/data-engineering-bootcamp/workspace/airflow-code-review/venv/lib/python3.7/site-packages/airflow/example_dags/example_dag_decorator.py
[2022-06-17 13:16:11,538] {processor.py:651} INFO - DAG(s) dict_keys(['example_dag_decorator']) retrieved from /home/jarret/data-engineering-bootcamp/workspace/airflow-code-review/venv/lib/python3.7/site-packages/airflow/example_dags/example_dag_decorator.py
[2022-06-17 13:16:11,553] {logging_mixin.py:115} INFO - [2022-06-17 13:16:11,553] {dag.py:2379} INFO - Sync 1 DAGs
[2022-06-17 13:16:11,569] {logging_mixin.py:115} INFO - [2022-06-17 13:16:11,568] {dag.py:2931} INFO - Setting next_dagrun for example_dag_decorator to None, run_after=None
[2022-06-17 13:16:12,002] {processor.py:161} INFO - Processing /home/jarret/data-engineering-bootcamp/workspace/airflow-code-review/venv/lib/python3.7/site-packages/airflow/example_dags/example_dag_decorator.py took 0.493 seconds
[2022-06-17 13:17:03,298] {processor.py:153} INFO - Started process (PID=19092) to work on /home/jarret/data-engineering-bootcamp/workspace/airflow-code-review/venv/lib/python3.7/site-packages/airflow/example_dags/example_dag_decorator.py
[2022-06-17 13:17:03,309] {processor.py:641} INFO - Processing file /home/jarret/data-engineering-bootcamp/workspace/airflow-code-review/venv/lib/python3.7/site-packages/airflow/example_dags/example_dag_decorator.py for tasks to queue
[2022-06-17 13:17:03,310] {logging_mixin.py:115} INFO - [2022-06-17 13:17:03,310] {dagbag.py:507} INFO - Filling up the DagBag from /home/jarret/data-engineering-bootcamp/workspace/airflow-code-review/venv/lib/python3.7/site-packages/airflow/example_dags/example_dag_decorator.py
[2022-06-17 13:17:03,329] {processor.py:651} INFO - DAG(s) dict_keys(['example_dag_decorator']) retrieved from /home/jarret/data-engineering-bootcamp/workspace/airflow-code-review/venv/lib/python3.7/site-packages/airflow/example_dags/example_dag_decorator.py
[2022-06-17 13:17:03,374] {logging_mixin.py:115} INFO - [2022-06-17 13:17:03,374] {dag.py:2379} INFO - Sync 1 DAGs
[2022-06-17 13:17:03,388] {logging_mixin.py:115} INFO - [2022-06-17 13:17:03,388] {dag.py:2931} INFO - Setting next_dagrun for example_dag_decorator to None, run_after=None
[2022-06-17 13:17:03,538] {processor.py:161} INFO - Processing /home/jarret/data-engineering-bootcamp/workspace/airflow-code-review/venv/lib/python3.7/site-packages/airflow/example_dags/example_dag_decorator.py took 0.242 seconds
[2022-06-17 13:17:55,872] {processor.py:153} INFO - Started process (PID=19159) to work on /home/jarret/data-engineering-bootcamp/workspace/airflow-code-review/venv/lib/python3.7/site-packages/airflow/example_dags/example_dag_decorator.py
[2022-06-17 13:17:55,879] {processor.py:641} INFO - Processing file /home/jarret/data-engineering-bootcamp/workspace/airflow-code-review/venv/lib/python3.7/site-packages/airflow/example_dags/example_dag_decorator.py for tasks to queue
[2022-06-17 13:17:55,879] {logging_mixin.py:115} INFO - [2022-06-17 13:17:55,879] {dagbag.py:507} INFO - Filling up the DagBag from /home/jarret/data-engineering-bootcamp/workspace/airflow-code-review/venv/lib/python3.7/site-packages/airflow/example_dags/example_dag_decorator.py
[2022-06-17 13:17:55,894] {processor.py:651} INFO - DAG(s) dict_keys(['example_dag_decorator']) retrieved from /home/jarret/data-engineering-bootcamp/workspace/airflow-code-review/venv/lib/python3.7/site-packages/airflow/example_dags/example_dag_decorator.py
[2022-06-17 13:17:55,941] {logging_mixin.py:115} INFO - [2022-06-17 13:17:55,940] {dag.py:2379} INFO - Sync 1 DAGs
[2022-06-17 13:17:55,958] {logging_mixin.py:115} INFO - [2022-06-17 13:17:55,958] {dag.py:2931} INFO - Setting next_dagrun for example_dag_decorator to None, run_after=None
[2022-06-17 13:17:56,096] {processor.py:161} INFO - Processing /home/jarret/data-engineering-bootcamp/workspace/airflow-code-review/venv/lib/python3.7/site-packages/airflow/example_dags/example_dag_decorator.py took 0.228 seconds
[2022-06-17 13:18:37,924] {processor.py:153} INFO - Started process (PID=19193) to work on /home/jarret/data-engineering-bootcamp/workspace/airflow-code-review/venv/lib/python3.7/site-packages/airflow/example_dags/example_dag_decorator.py
[2022-06-17 13:18:37,925] {processor.py:641} INFO - Processing file /home/jarret/data-engineering-bootcamp/workspace/airflow-code-review/venv/lib/python3.7/site-packages/airflow/example_dags/example_dag_decorator.py for tasks to queue
[2022-06-17 13:18:37,925] {logging_mixin.py:115} INFO - [2022-06-17 13:18:37,925] {dagbag.py:507} INFO - Filling up the DagBag from /home/jarret/data-engineering-bootcamp/workspace/airflow-code-review/venv/lib/python3.7/site-packages/airflow/example_dags/example_dag_decorator.py
[2022-06-17 13:18:37,940] {processor.py:651} INFO - DAG(s) dict_keys(['example_dag_decorator']) retrieved from /home/jarret/data-engineering-bootcamp/workspace/airflow-code-review/venv/lib/python3.7/site-packages/airflow/example_dags/example_dag_decorator.py
[2022-06-17 13:18:37,985] {logging_mixin.py:115} INFO - [2022-06-17 13:18:37,985] {dag.py:2379} INFO - Sync 1 DAGs
[2022-06-17 13:18:38,000] {logging_mixin.py:115} INFO - [2022-06-17 13:18:38,000] {dag.py:2931} INFO - Setting next_dagrun for example_dag_decorator to None, run_after=None
[2022-06-17 13:18:38,135] {processor.py:161} INFO - Processing /home/jarret/data-engineering-bootcamp/workspace/airflow-code-review/venv/lib/python3.7/site-packages/airflow/example_dags/example_dag_decorator.py took 0.214 seconds
[2022-06-17 13:19:37,044] {processor.py:153} INFO - Started process (PID=19243) to work on /home/jarret/data-engineering-bootcamp/workspace/airflow-code-review/venv/lib/python3.7/site-packages/airflow/example_dags/example_dag_decorator.py
[2022-06-17 13:19:37,044] {processor.py:641} INFO - Processing file /home/jarret/data-engineering-bootcamp/workspace/airflow-code-review/venv/lib/python3.7/site-packages/airflow/example_dags/example_dag_decorator.py for tasks to queue
[2022-06-17 13:19:37,045] {logging_mixin.py:115} INFO - [2022-06-17 13:19:37,045] {dagbag.py:507} INFO - Filling up the DagBag from /home/jarret/data-engineering-bootcamp/workspace/airflow-code-review/venv/lib/python3.7/site-packages/airflow/example_dags/example_dag_decorator.py
[2022-06-17 13:19:37,060] {processor.py:651} INFO - DAG(s) dict_keys(['example_dag_decorator']) retrieved from /home/jarret/data-engineering-bootcamp/workspace/airflow-code-review/venv/lib/python3.7/site-packages/airflow/example_dags/example_dag_decorator.py
[2022-06-17 13:19:37,103] {logging_mixin.py:115} INFO - [2022-06-17 13:19:37,103] {dag.py:2379} INFO - Sync 1 DAGs
[2022-06-17 13:19:37,117] {logging_mixin.py:115} INFO - [2022-06-17 13:19:37,117] {dag.py:2931} INFO - Setting next_dagrun for example_dag_decorator to None, run_after=None
[2022-06-17 13:19:38,436] {processor.py:161} INFO - Processing /home/jarret/data-engineering-bootcamp/workspace/airflow-code-review/venv/lib/python3.7/site-packages/airflow/example_dags/example_dag_decorator.py took 1.394 seconds
[2022-06-17 13:20:24,635] {processor.py:153} INFO - Started process (PID=19323) to work on /home/jarret/data-engineering-bootcamp/workspace/airflow-code-review/venv/lib/python3.7/site-packages/airflow/example_dags/example_dag_decorator.py
[2022-06-17 13:20:24,635] {processor.py:641} INFO - Processing file /home/jarret/data-engineering-bootcamp/workspace/airflow-code-review/venv/lib/python3.7/site-packages/airflow/example_dags/example_dag_decorator.py for tasks to queue
[2022-06-17 13:20:24,636] {logging_mixin.py:115} INFO - [2022-06-17 13:20:24,636] {dagbag.py:507} INFO - Filling up the DagBag from /home/jarret/data-engineering-bootcamp/workspace/airflow-code-review/venv/lib/python3.7/site-packages/airflow/example_dags/example_dag_decorator.py
[2022-06-17 13:20:24,650] {processor.py:651} INFO - DAG(s) dict_keys(['example_dag_decorator']) retrieved from /home/jarret/data-engineering-bootcamp/workspace/airflow-code-review/venv/lib/python3.7/site-packages/airflow/example_dags/example_dag_decorator.py
[2022-06-17 13:20:24,662] {logging_mixin.py:115} INFO - [2022-06-17 13:20:24,662] {dag.py:2379} INFO - Sync 1 DAGs
[2022-06-17 13:20:24,677] {logging_mixin.py:115} INFO - [2022-06-17 13:20:24,677] {dag.py:2931} INFO - Setting next_dagrun for example_dag_decorator to None, run_after=None
[2022-06-17 13:20:24,800] {processor.py:161} INFO - Processing /home/jarret/data-engineering-bootcamp/workspace/airflow-code-review/venv/lib/python3.7/site-packages/airflow/example_dags/example_dag_decorator.py took 0.169 seconds
[2022-06-17 13:21:07,440] {processor.py:153} INFO - Started process (PID=19406) to work on /home/jarret/data-engineering-bootcamp/workspace/airflow-code-review/venv/lib/python3.7/site-packages/airflow/example_dags/example_dag_decorator.py
[2022-06-17 13:21:07,441] {processor.py:641} INFO - Processing file /home/jarret/data-engineering-bootcamp/workspace/airflow-code-review/venv/lib/python3.7/site-packages/airflow/example_dags/example_dag_decorator.py for tasks to queue
[2022-06-17 13:21:07,442] {logging_mixin.py:115} INFO - [2022-06-17 13:21:07,442] {dagbag.py:507} INFO - Filling up the DagBag from /home/jarret/data-engineering-bootcamp/workspace/airflow-code-review/venv/lib/python3.7/site-packages/airflow/example_dags/example_dag_decorator.py
[2022-06-17 13:21:07,458] {processor.py:651} INFO - DAG(s) dict_keys(['example_dag_decorator']) retrieved from /home/jarret/data-engineering-bootcamp/workspace/airflow-code-review/venv/lib/python3.7/site-packages/airflow/example_dags/example_dag_decorator.py
[2022-06-17 13:21:07,470] {logging_mixin.py:115} INFO - [2022-06-17 13:21:07,470] {dag.py:2379} INFO - Sync 1 DAGs
[2022-06-17 13:21:07,484] {logging_mixin.py:115} INFO - [2022-06-17 13:21:07,484] {dag.py:2931} INFO - Setting next_dagrun for example_dag_decorator to None, run_after=None
[2022-06-17 13:21:08,403] {processor.py:161} INFO - Processing /home/jarret/data-engineering-bootcamp/workspace/airflow-code-review/venv/lib/python3.7/site-packages/airflow/example_dags/example_dag_decorator.py took 0.966 seconds
[2022-06-17 13:21:48,578] {processor.py:153} INFO - Started process (PID=19489) to work on /home/jarret/data-engineering-bootcamp/workspace/airflow-code-review/venv/lib/python3.7/site-packages/airflow/example_dags/example_dag_decorator.py
[2022-06-17 13:21:48,603] {processor.py:641} INFO - Processing file /home/jarret/data-engineering-bootcamp/workspace/airflow-code-review/venv/lib/python3.7/site-packages/airflow/example_dags/example_dag_decorator.py for tasks to queue
[2022-06-17 13:21:48,604] {logging_mixin.py:115} INFO - [2022-06-17 13:21:48,604] {dagbag.py:507} INFO - Filling up the DagBag from /home/jarret/data-engineering-bootcamp/workspace/airflow-code-review/venv/lib/python3.7/site-packages/airflow/example_dags/example_dag_decorator.py
[2022-06-17 13:21:48,625] {processor.py:651} INFO - DAG(s) dict_keys(['example_dag_decorator']) retrieved from /home/jarret/data-engineering-bootcamp/workspace/airflow-code-review/venv/lib/python3.7/site-packages/airflow/example_dags/example_dag_decorator.py
[2022-06-17 13:21:48,673] {logging_mixin.py:115} INFO - [2022-06-17 13:21:48,673] {dag.py:2379} INFO - Sync 1 DAGs
[2022-06-17 13:21:48,689] {logging_mixin.py:115} INFO - [2022-06-17 13:21:48,689] {dag.py:2931} INFO - Setting next_dagrun for example_dag_decorator to None, run_after=None
[2022-06-17 13:21:50,162] {processor.py:161} INFO - Processing /home/jarret/data-engineering-bootcamp/workspace/airflow-code-review/venv/lib/python3.7/site-packages/airflow/example_dags/example_dag_decorator.py took 1.586 seconds
[2022-06-17 13:22:44,154] {processor.py:153} INFO - Started process (PID=19587) to work on /home/jarret/data-engineering-bootcamp/workspace/airflow-code-review/venv/lib/python3.7/site-packages/airflow/example_dags/example_dag_decorator.py
[2022-06-17 13:22:44,159] {processor.py:641} INFO - Processing file /home/jarret/data-engineering-bootcamp/workspace/airflow-code-review/venv/lib/python3.7/site-packages/airflow/example_dags/example_dag_decorator.py for tasks to queue
[2022-06-17 13:22:44,160] {logging_mixin.py:115} INFO - [2022-06-17 13:22:44,160] {dagbag.py:507} INFO - Filling up the DagBag from /home/jarret/data-engineering-bootcamp/workspace/airflow-code-review/venv/lib/python3.7/site-packages/airflow/example_dags/example_dag_decorator.py
[2022-06-17 13:22:44,178] {processor.py:651} INFO - DAG(s) dict_keys(['example_dag_decorator']) retrieved from /home/jarret/data-engineering-bootcamp/workspace/airflow-code-review/venv/lib/python3.7/site-packages/airflow/example_dags/example_dag_decorator.py
[2022-06-17 13:22:44,190] {logging_mixin.py:115} INFO - [2022-06-17 13:22:44,190] {dag.py:2379} INFO - Sync 1 DAGs
[2022-06-17 13:22:44,205] {logging_mixin.py:115} INFO - [2022-06-17 13:22:44,205] {dag.py:2931} INFO - Setting next_dagrun for example_dag_decorator to None, run_after=None
[2022-06-17 13:22:45,124] {processor.py:161} INFO - Processing /home/jarret/data-engineering-bootcamp/workspace/airflow-code-review/venv/lib/python3.7/site-packages/airflow/example_dags/example_dag_decorator.py took 0.974 seconds
[2022-06-17 13:23:30,091] {processor.py:153} INFO - Started process (PID=19673) to work on /home/jarret/data-engineering-bootcamp/workspace/airflow-code-review/venv/lib/python3.7/site-packages/airflow/example_dags/example_dag_decorator.py
[2022-06-17 13:23:30,128] {processor.py:641} INFO - Processing file /home/jarret/data-engineering-bootcamp/workspace/airflow-code-review/venv/lib/python3.7/site-packages/airflow/example_dags/example_dag_decorator.py for tasks to queue
[2022-06-17 13:23:30,128] {logging_mixin.py:115} INFO - [2022-06-17 13:23:30,128] {dagbag.py:507} INFO - Filling up the DagBag from /home/jarret/data-engineering-bootcamp/workspace/airflow-code-review/venv/lib/python3.7/site-packages/airflow/example_dags/example_dag_decorator.py
[2022-06-17 13:23:30,144] {processor.py:651} INFO - DAG(s) dict_keys(['example_dag_decorator']) retrieved from /home/jarret/data-engineering-bootcamp/workspace/airflow-code-review/venv/lib/python3.7/site-packages/airflow/example_dags/example_dag_decorator.py
[2022-06-17 13:23:30,190] {logging_mixin.py:115} INFO - [2022-06-17 13:23:30,190] {dag.py:2379} INFO - Sync 1 DAGs
[2022-06-17 13:23:30,205] {logging_mixin.py:115} INFO - [2022-06-17 13:23:30,205] {dag.py:2931} INFO - Setting next_dagrun for example_dag_decorator to None, run_after=None
[2022-06-17 13:23:32,024] {processor.py:161} INFO - Processing /home/jarret/data-engineering-bootcamp/workspace/airflow-code-review/venv/lib/python3.7/site-packages/airflow/example_dags/example_dag_decorator.py took 1.936 seconds
[2022-06-17 13:24:40,999] {processor.py:153} INFO - Started process (PID=19807) to work on /home/jarret/data-engineering-bootcamp/workspace/airflow-code-review/venv/lib/python3.7/site-packages/airflow/example_dags/example_dag_decorator.py
[2022-06-17 13:24:41,452] {processor.py:641} INFO - Processing file /home/jarret/data-engineering-bootcamp/workspace/airflow-code-review/venv/lib/python3.7/site-packages/airflow/example_dags/example_dag_decorator.py for tasks to queue
[2022-06-17 13:24:41,453] {logging_mixin.py:115} INFO - [2022-06-17 13:24:41,452] {dagbag.py:507} INFO - Filling up the DagBag from /home/jarret/data-engineering-bootcamp/workspace/airflow-code-review/venv/lib/python3.7/site-packages/airflow/example_dags/example_dag_decorator.py
[2022-06-17 13:24:41,468] {processor.py:651} INFO - DAG(s) dict_keys(['example_dag_decorator']) retrieved from /home/jarret/data-engineering-bootcamp/workspace/airflow-code-review/venv/lib/python3.7/site-packages/airflow/example_dags/example_dag_decorator.py
[2022-06-17 13:24:41,480] {logging_mixin.py:115} INFO - [2022-06-17 13:24:41,479] {dag.py:2379} INFO - Sync 1 DAGs
[2022-06-17 13:24:41,494] {logging_mixin.py:115} INFO - [2022-06-17 13:24:41,494] {dag.py:2931} INFO - Setting next_dagrun for example_dag_decorator to None, run_after=None
[2022-06-17 13:24:44,491] {processor.py:161} INFO - Processing /home/jarret/data-engineering-bootcamp/workspace/airflow-code-review/venv/lib/python3.7/site-packages/airflow/example_dags/example_dag_decorator.py took 3.495 seconds
[2022-06-17 13:25:36,987] {processor.py:153} INFO - Started process (PID=19915) to work on /home/jarret/data-engineering-bootcamp/workspace/airflow-code-review/venv/lib/python3.7/site-packages/airflow/example_dags/example_dag_decorator.py
[2022-06-17 13:25:37,000] {processor.py:641} INFO - Processing file /home/jarret/data-engineering-bootcamp/workspace/airflow-code-review/venv/lib/python3.7/site-packages/airflow/example_dags/example_dag_decorator.py for tasks to queue
[2022-06-17 13:25:37,000] {logging_mixin.py:115} INFO - [2022-06-17 13:25:37,000] {dagbag.py:507} INFO - Filling up the DagBag from /home/jarret/data-engineering-bootcamp/workspace/airflow-code-review/venv/lib/python3.7/site-packages/airflow/example_dags/example_dag_decorator.py
[2022-06-17 13:25:37,015] {processor.py:651} INFO - DAG(s) dict_keys(['example_dag_decorator']) retrieved from /home/jarret/data-engineering-bootcamp/workspace/airflow-code-review/venv/lib/python3.7/site-packages/airflow/example_dags/example_dag_decorator.py
[2022-06-17 13:25:37,027] {logging_mixin.py:115} INFO - [2022-06-17 13:25:37,027] {dag.py:2379} INFO - Sync 1 DAGs
[2022-06-17 13:25:37,042] {logging_mixin.py:115} INFO - [2022-06-17 13:25:37,042] {dag.py:2931} INFO - Setting next_dagrun for example_dag_decorator to None, run_after=None
[2022-06-17 13:25:37,168] {processor.py:161} INFO - Processing /home/jarret/data-engineering-bootcamp/workspace/airflow-code-review/venv/lib/python3.7/site-packages/airflow/example_dags/example_dag_decorator.py took 0.185 seconds
[2022-06-17 13:26:12,473] {processor.py:153} INFO - Started process (PID=19990) to work on /home/jarret/data-engineering-bootcamp/workspace/airflow-code-review/venv/lib/python3.7/site-packages/airflow/example_dags/example_dag_decorator.py
[2022-06-17 13:26:12,486] {processor.py:641} INFO - Processing file /home/jarret/data-engineering-bootcamp/workspace/airflow-code-review/venv/lib/python3.7/site-packages/airflow/example_dags/example_dag_decorator.py for tasks to queue
[2022-06-17 13:26:12,486] {logging_mixin.py:115} INFO - [2022-06-17 13:26:12,486] {dagbag.py:507} INFO - Filling up the DagBag from /home/jarret/data-engineering-bootcamp/workspace/airflow-code-review/venv/lib/python3.7/site-packages/airflow/example_dags/example_dag_decorator.py
[2022-06-17 13:26:12,501] {processor.py:651} INFO - DAG(s) dict_keys(['example_dag_decorator']) retrieved from /home/jarret/data-engineering-bootcamp/workspace/airflow-code-review/venv/lib/python3.7/site-packages/airflow/example_dags/example_dag_decorator.py
[2022-06-17 13:26:12,513] {logging_mixin.py:115} INFO - [2022-06-17 13:26:12,513] {dag.py:2379} INFO - Sync 1 DAGs
[2022-06-17 13:26:12,527] {logging_mixin.py:115} INFO - [2022-06-17 13:26:12,527] {dag.py:2931} INFO - Setting next_dagrun for example_dag_decorator to None, run_after=None
[2022-06-17 13:26:12,796] {processor.py:161} INFO - Processing /home/jarret/data-engineering-bootcamp/workspace/airflow-code-review/venv/lib/python3.7/site-packages/airflow/example_dags/example_dag_decorator.py took 0.326 seconds
[2022-06-17 13:26:59,242] {processor.py:153} INFO - Started process (PID=20092) to work on /home/jarret/data-engineering-bootcamp/workspace/airflow-code-review/venv/lib/python3.7/site-packages/airflow/example_dags/example_dag_decorator.py
[2022-06-17 13:26:59,252] {processor.py:641} INFO - Processing file /home/jarret/data-engineering-bootcamp/workspace/airflow-code-review/venv/lib/python3.7/site-packages/airflow/example_dags/example_dag_decorator.py for tasks to queue
[2022-06-17 13:26:59,253] {logging_mixin.py:115} INFO - [2022-06-17 13:26:59,253] {dagbag.py:507} INFO - Filling up the DagBag from /home/jarret/data-engineering-bootcamp/workspace/airflow-code-review/venv/lib/python3.7/site-packages/airflow/example_dags/example_dag_decorator.py
[2022-06-17 13:26:59,268] {processor.py:651} INFO - DAG(s) dict_keys(['example_dag_decorator']) retrieved from /home/jarret/data-engineering-bootcamp/workspace/airflow-code-review/venv/lib/python3.7/site-packages/airflow/example_dags/example_dag_decorator.py
[2022-06-17 13:26:59,310] {logging_mixin.py:115} INFO - [2022-06-17 13:26:59,310] {dag.py:2379} INFO - Sync 1 DAGs
[2022-06-17 13:26:59,324] {logging_mixin.py:115} INFO - [2022-06-17 13:26:59,323] {dag.py:2931} INFO - Setting next_dagrun for example_dag_decorator to None, run_after=None
[2022-06-17 13:26:59,458] {processor.py:161} INFO - Processing /home/jarret/data-engineering-bootcamp/workspace/airflow-code-review/venv/lib/python3.7/site-packages/airflow/example_dags/example_dag_decorator.py took 0.219 seconds
[2022-06-17 13:27:56,390] {processor.py:153} INFO - Started process (PID=20205) to work on /home/jarret/data-engineering-bootcamp/workspace/airflow-code-review/venv/lib/python3.7/site-packages/airflow/example_dags/example_dag_decorator.py
[2022-06-17 13:27:56,562] {processor.py:641} INFO - Processing file /home/jarret/data-engineering-bootcamp/workspace/airflow-code-review/venv/lib/python3.7/site-packages/airflow/example_dags/example_dag_decorator.py for tasks to queue
[2022-06-17 13:27:56,563] {logging_mixin.py:115} INFO - [2022-06-17 13:27:56,563] {dagbag.py:507} INFO - Filling up the DagBag from /home/jarret/data-engineering-bootcamp/workspace/airflow-code-review/venv/lib/python3.7/site-packages/airflow/example_dags/example_dag_decorator.py
[2022-06-17 13:27:56,586] {processor.py:651} INFO - DAG(s) dict_keys(['example_dag_decorator']) retrieved from /home/jarret/data-engineering-bootcamp/workspace/airflow-code-review/venv/lib/python3.7/site-packages/airflow/example_dags/example_dag_decorator.py
[2022-06-17 13:27:56,597] {logging_mixin.py:115} INFO - [2022-06-17 13:27:56,597] {dag.py:2379} INFO - Sync 1 DAGs
[2022-06-17 13:27:56,611] {logging_mixin.py:115} INFO - [2022-06-17 13:27:56,611] {dag.py:2931} INFO - Setting next_dagrun for example_dag_decorator to None, run_after=None
[2022-06-17 13:27:57,606] {processor.py:161} INFO - Processing /home/jarret/data-engineering-bootcamp/workspace/airflow-code-review/venv/lib/python3.7/site-packages/airflow/example_dags/example_dag_decorator.py took 1.220 seconds
[2022-06-17 13:28:57,928] {processor.py:153} INFO - Started process (PID=20280) to work on /home/jarret/data-engineering-bootcamp/workspace/airflow-code-review/venv/lib/python3.7/site-packages/airflow/example_dags/example_dag_decorator.py
[2022-06-17 13:28:58,013] {processor.py:641} INFO - Processing file /home/jarret/data-engineering-bootcamp/workspace/airflow-code-review/venv/lib/python3.7/site-packages/airflow/example_dags/example_dag_decorator.py for tasks to queue
[2022-06-17 13:28:58,014] {logging_mixin.py:115} INFO - [2022-06-17 13:28:58,014] {dagbag.py:507} INFO - Filling up the DagBag from /home/jarret/data-engineering-bootcamp/workspace/airflow-code-review/venv/lib/python3.7/site-packages/airflow/example_dags/example_dag_decorator.py
[2022-06-17 13:28:58,031] {processor.py:651} INFO - DAG(s) dict_keys(['example_dag_decorator']) retrieved from /home/jarret/data-engineering-bootcamp/workspace/airflow-code-review/venv/lib/python3.7/site-packages/airflow/example_dags/example_dag_decorator.py
[2022-06-17 13:28:58,073] {logging_mixin.py:115} INFO - [2022-06-17 13:28:58,073] {dag.py:2379} INFO - Sync 1 DAGs
[2022-06-17 13:28:58,087] {logging_mixin.py:115} INFO - [2022-06-17 13:28:58,087] {dag.py:2931} INFO - Setting next_dagrun for example_dag_decorator to None, run_after=None
[2022-06-17 13:28:58,210] {processor.py:161} INFO - Processing /home/jarret/data-engineering-bootcamp/workspace/airflow-code-review/venv/lib/python3.7/site-packages/airflow/example_dags/example_dag_decorator.py took 0.283 seconds
[2022-06-17 13:29:39,215] {processor.py:153} INFO - Started process (PID=20520) to work on /home/jarret/data-engineering-bootcamp/workspace/airflow-code-review/venv/lib/python3.7/site-packages/airflow/example_dags/example_dag_decorator.py
[2022-06-17 13:29:39,277] {processor.py:641} INFO - Processing file /home/jarret/data-engineering-bootcamp/workspace/airflow-code-review/venv/lib/python3.7/site-packages/airflow/example_dags/example_dag_decorator.py for tasks to queue
[2022-06-17 13:29:39,277] {logging_mixin.py:115} INFO - [2022-06-17 13:29:39,277] {dagbag.py:507} INFO - Filling up the DagBag from /home/jarret/data-engineering-bootcamp/workspace/airflow-code-review/venv/lib/python3.7/site-packages/airflow/example_dags/example_dag_decorator.py
[2022-06-17 13:29:39,304] {processor.py:651} INFO - DAG(s) dict_keys(['example_dag_decorator']) retrieved from /home/jarret/data-engineering-bootcamp/workspace/airflow-code-review/venv/lib/python3.7/site-packages/airflow/example_dags/example_dag_decorator.py
[2022-06-17 13:29:39,347] {logging_mixin.py:115} INFO - [2022-06-17 13:29:39,347] {dag.py:2379} INFO - Sync 1 DAGs
[2022-06-17 13:29:39,361] {logging_mixin.py:115} INFO - [2022-06-17 13:29:39,361] {dag.py:2931} INFO - Setting next_dagrun for example_dag_decorator to None, run_after=None
[2022-06-17 13:29:39,501] {processor.py:161} INFO - Processing /home/jarret/data-engineering-bootcamp/workspace/airflow-code-review/venv/lib/python3.7/site-packages/airflow/example_dags/example_dag_decorator.py took 0.289 seconds
[2022-06-17 13:30:32,807] {processor.py:153} INFO - Started process (PID=20611) to work on /home/jarret/data-engineering-bootcamp/workspace/airflow-code-review/venv/lib/python3.7/site-packages/airflow/example_dags/example_dag_decorator.py
[2022-06-17 13:30:32,816] {processor.py:641} INFO - Processing file /home/jarret/data-engineering-bootcamp/workspace/airflow-code-review/venv/lib/python3.7/site-packages/airflow/example_dags/example_dag_decorator.py for tasks to queue
[2022-06-17 13:30:32,817] {logging_mixin.py:115} INFO - [2022-06-17 13:30:32,817] {dagbag.py:507} INFO - Filling up the DagBag from /home/jarret/data-engineering-bootcamp/workspace/airflow-code-review/venv/lib/python3.7/site-packages/airflow/example_dags/example_dag_decorator.py
[2022-06-17 13:30:32,833] {processor.py:651} INFO - DAG(s) dict_keys(['example_dag_decorator']) retrieved from /home/jarret/data-engineering-bootcamp/workspace/airflow-code-review/venv/lib/python3.7/site-packages/airflow/example_dags/example_dag_decorator.py
[2022-06-17 13:30:32,844] {logging_mixin.py:115} INFO - [2022-06-17 13:30:32,844] {dag.py:2379} INFO - Sync 1 DAGs
[2022-06-17 13:30:32,858] {logging_mixin.py:115} INFO - [2022-06-17 13:30:32,858] {dag.py:2931} INFO - Setting next_dagrun for example_dag_decorator to None, run_after=None
[2022-06-17 13:30:32,964] {processor.py:161} INFO - Processing /home/jarret/data-engineering-bootcamp/workspace/airflow-code-review/venv/lib/python3.7/site-packages/airflow/example_dags/example_dag_decorator.py took 0.160 seconds
[2022-06-17 13:31:17,285] {processor.py:153} INFO - Started process (PID=20776) to work on /home/jarret/data-engineering-bootcamp/workspace/airflow-code-review/venv/lib/python3.7/site-packages/airflow/example_dags/example_dag_decorator.py
[2022-06-17 13:31:17,289] {processor.py:641} INFO - Processing file /home/jarret/data-engineering-bootcamp/workspace/airflow-code-review/venv/lib/python3.7/site-packages/airflow/example_dags/example_dag_decorator.py for tasks to queue
[2022-06-17 13:31:17,289] {logging_mixin.py:115} INFO - [2022-06-17 13:31:17,289] {dagbag.py:507} INFO - Filling up the DagBag from /home/jarret/data-engineering-bootcamp/workspace/airflow-code-review/venv/lib/python3.7/site-packages/airflow/example_dags/example_dag_decorator.py
[2022-06-17 13:31:17,315] {processor.py:651} INFO - DAG(s) dict_keys(['example_dag_decorator']) retrieved from /home/jarret/data-engineering-bootcamp/workspace/airflow-code-review/venv/lib/python3.7/site-packages/airflow/example_dags/example_dag_decorator.py
[2022-06-17 13:31:17,325] {logging_mixin.py:115} INFO - [2022-06-17 13:31:17,325] {dag.py:2379} INFO - Sync 1 DAGs
[2022-06-17 13:31:17,340] {logging_mixin.py:115} INFO - [2022-06-17 13:31:17,339] {dag.py:2931} INFO - Setting next_dagrun for example_dag_decorator to None, run_after=None
[2022-06-17 13:31:17,472] {processor.py:161} INFO - Processing /home/jarret/data-engineering-bootcamp/workspace/airflow-code-review/venv/lib/python3.7/site-packages/airflow/example_dags/example_dag_decorator.py took 0.190 seconds
[2022-06-17 13:32:09,745] {processor.py:153} INFO - Started process (PID=21552) to work on /home/jarret/data-engineering-bootcamp/workspace/airflow-code-review/venv/lib/python3.7/site-packages/airflow/example_dags/example_dag_decorator.py
[2022-06-17 13:32:09,756] {processor.py:641} INFO - Processing file /home/jarret/data-engineering-bootcamp/workspace/airflow-code-review/venv/lib/python3.7/site-packages/airflow/example_dags/example_dag_decorator.py for tasks to queue
[2022-06-17 13:32:09,757] {logging_mixin.py:115} INFO - [2022-06-17 13:32:09,756] {dagbag.py:507} INFO - Filling up the DagBag from /home/jarret/data-engineering-bootcamp/workspace/airflow-code-review/venv/lib/python3.7/site-packages/airflow/example_dags/example_dag_decorator.py
[2022-06-17 13:32:09,773] {processor.py:651} INFO - DAG(s) dict_keys(['example_dag_decorator']) retrieved from /home/jarret/data-engineering-bootcamp/workspace/airflow-code-review/venv/lib/python3.7/site-packages/airflow/example_dags/example_dag_decorator.py
[2022-06-17 13:32:09,820] {logging_mixin.py:115} INFO - [2022-06-17 13:32:09,820] {dag.py:2379} INFO - Sync 1 DAGs
[2022-06-17 13:32:09,834] {logging_mixin.py:115} INFO - [2022-06-17 13:32:09,834] {dag.py:2931} INFO - Setting next_dagrun for example_dag_decorator to None, run_after=None
[2022-06-17 13:32:10,148] {processor.py:161} INFO - Processing /home/jarret/data-engineering-bootcamp/workspace/airflow-code-review/venv/lib/python3.7/site-packages/airflow/example_dags/example_dag_decorator.py took 0.405 seconds
[2022-06-17 13:32:47,422] {processor.py:153} INFO - Started process (PID=22296) to work on /home/jarret/data-engineering-bootcamp/workspace/airflow-code-review/venv/lib/python3.7/site-packages/airflow/example_dags/example_dag_decorator.py
[2022-06-17 13:32:47,448] {processor.py:641} INFO - Processing file /home/jarret/data-engineering-bootcamp/workspace/airflow-code-review/venv/lib/python3.7/site-packages/airflow/example_dags/example_dag_decorator.py for tasks to queue
[2022-06-17 13:32:47,449] {logging_mixin.py:115} INFO - [2022-06-17 13:32:47,449] {dagbag.py:507} INFO - Filling up the DagBag from /home/jarret/data-engineering-bootcamp/workspace/airflow-code-review/venv/lib/python3.7/site-packages/airflow/example_dags/example_dag_decorator.py
[2022-06-17 13:32:47,470] {processor.py:651} INFO - DAG(s) dict_keys(['example_dag_decorator']) retrieved from /home/jarret/data-engineering-bootcamp/workspace/airflow-code-review/venv/lib/python3.7/site-packages/airflow/example_dags/example_dag_decorator.py
[2022-06-17 13:32:47,513] {logging_mixin.py:115} INFO - [2022-06-17 13:32:47,512] {dag.py:2379} INFO - Sync 1 DAGs
[2022-06-17 13:32:47,526] {logging_mixin.py:115} INFO - [2022-06-17 13:32:47,526] {dag.py:2931} INFO - Setting next_dagrun for example_dag_decorator to None, run_after=None
[2022-06-17 13:32:48,338] {processor.py:161} INFO - Processing /home/jarret/data-engineering-bootcamp/workspace/airflow-code-review/venv/lib/python3.7/site-packages/airflow/example_dags/example_dag_decorator.py took 0.919 seconds
[2022-06-17 13:33:39,625] {processor.py:153} INFO - Started process (PID=23012) to work on /home/jarret/data-engineering-bootcamp/workspace/airflow-code-review/venv/lib/python3.7/site-packages/airflow/example_dags/example_dag_decorator.py
[2022-06-17 13:33:39,633] {processor.py:641} INFO - Processing file /home/jarret/data-engineering-bootcamp/workspace/airflow-code-review/venv/lib/python3.7/site-packages/airflow/example_dags/example_dag_decorator.py for tasks to queue
[2022-06-17 13:33:39,634] {logging_mixin.py:115} INFO - [2022-06-17 13:33:39,634] {dagbag.py:507} INFO - Filling up the DagBag from /home/jarret/data-engineering-bootcamp/workspace/airflow-code-review/venv/lib/python3.7/site-packages/airflow/example_dags/example_dag_decorator.py
[2022-06-17 13:33:39,655] {processor.py:651} INFO - DAG(s) dict_keys(['example_dag_decorator']) retrieved from /home/jarret/data-engineering-bootcamp/workspace/airflow-code-review/venv/lib/python3.7/site-packages/airflow/example_dags/example_dag_decorator.py
[2022-06-17 13:33:39,697] {logging_mixin.py:115} INFO - [2022-06-17 13:33:39,697] {dag.py:2379} INFO - Sync 1 DAGs
[2022-06-17 13:33:39,710] {logging_mixin.py:115} INFO - [2022-06-17 13:33:39,710] {dag.py:2931} INFO - Setting next_dagrun for example_dag_decorator to None, run_after=None
[2022-06-17 13:33:39,836] {processor.py:161} INFO - Processing /home/jarret/data-engineering-bootcamp/workspace/airflow-code-review/venv/lib/python3.7/site-packages/airflow/example_dags/example_dag_decorator.py took 0.214 seconds
[2022-06-17 13:34:26,140] {processor.py:153} INFO - Started process (PID=23080) to work on /home/jarret/data-engineering-bootcamp/workspace/airflow-code-review/venv/lib/python3.7/site-packages/airflow/example_dags/example_dag_decorator.py
[2022-06-17 13:34:26,143] {processor.py:641} INFO - Processing file /home/jarret/data-engineering-bootcamp/workspace/airflow-code-review/venv/lib/python3.7/site-packages/airflow/example_dags/example_dag_decorator.py for tasks to queue
[2022-06-17 13:34:26,144] {logging_mixin.py:115} INFO - [2022-06-17 13:34:26,144] {dagbag.py:507} INFO - Filling up the DagBag from /home/jarret/data-engineering-bootcamp/workspace/airflow-code-review/venv/lib/python3.7/site-packages/airflow/example_dags/example_dag_decorator.py
[2022-06-17 13:34:26,167] {processor.py:651} INFO - DAG(s) dict_keys(['example_dag_decorator']) retrieved from /home/jarret/data-engineering-bootcamp/workspace/airflow-code-review/venv/lib/python3.7/site-packages/airflow/example_dags/example_dag_decorator.py
[2022-06-17 13:34:26,209] {logging_mixin.py:115} INFO - [2022-06-17 13:34:26,209] {dag.py:2379} INFO - Sync 1 DAGs
[2022-06-17 13:34:26,222] {logging_mixin.py:115} INFO - [2022-06-17 13:34:26,222] {dag.py:2931} INFO - Setting next_dagrun for example_dag_decorator to None, run_after=None
[2022-06-17 13:34:27,501] {processor.py:161} INFO - Processing /home/jarret/data-engineering-bootcamp/workspace/airflow-code-review/venv/lib/python3.7/site-packages/airflow/example_dags/example_dag_decorator.py took 1.365 seconds
