[2022-06-17 12:37:17,698] {processor.py:153} INFO - Started process (PID=15721) to work on /home/jarret/data-engineering-bootcamp/workspace/airflow-code-review/venv/lib/python3.7/site-packages/airflow/example_dags/example_nested_branch_dag.py
[2022-06-17 12:37:17,699] {processor.py:641} INFO - Processing file /home/jarret/data-engineering-bootcamp/workspace/airflow-code-review/venv/lib/python3.7/site-packages/airflow/example_dags/example_nested_branch_dag.py for tasks to queue
[2022-06-17 12:37:17,700] {logging_mixin.py:115} INFO - [2022-06-17 12:37:17,699] {dagbag.py:507} INFO - Filling up the DagBag from /home/jarret/data-engineering-bootcamp/workspace/airflow-code-review/venv/lib/python3.7/site-packages/airflow/example_dags/example_nested_branch_dag.py
[2022-06-17 12:37:17,706] {processor.py:651} INFO - DAG(s) dict_keys(['example_nested_branch_dag']) retrieved from /home/jarret/data-engineering-bootcamp/workspace/airflow-code-review/venv/lib/python3.7/site-packages/airflow/example_dags/example_nested_branch_dag.py
[2022-06-17 12:37:18,528] {logging_mixin.py:115} INFO - [2022-06-17 12:37:18,528] {manager.py:508} INFO - Created Permission View: can read on DAG:example_nested_branch_dag
[2022-06-17 12:37:18,636] {logging_mixin.py:115} INFO - [2022-06-17 12:37:18,636] {manager.py:508} INFO - Created Permission View: can delete on DAG:example_nested_branch_dag
[2022-06-17 12:37:18,753] {logging_mixin.py:115} INFO - [2022-06-17 12:37:18,752] {manager.py:508} INFO - Created Permission View: can edit on DAG:example_nested_branch_dag
[2022-06-17 12:37:18,753] {logging_mixin.py:115} INFO - [2022-06-17 12:37:18,753] {dag.py:2379} INFO - Sync 1 DAGs
[2022-06-17 12:37:18,767] {logging_mixin.py:115} INFO - [2022-06-17 12:37:18,767] {dag.py:2398} INFO - Creating ORM DAG for example_nested_branch_dag
[2022-06-17 12:37:18,777] {logging_mixin.py:115} INFO - [2022-06-17 12:37:18,777] {dag.py:2931} INFO - Setting next_dagrun for example_nested_branch_dag to 2022-06-16T00:00:00+00:00, run_after=2022-06-17T00:00:00+00:00
[2022-06-17 12:37:18,927] {processor.py:161} INFO - Processing /home/jarret/data-engineering-bootcamp/workspace/airflow-code-review/venv/lib/python3.7/site-packages/airflow/example_dags/example_nested_branch_dag.py took 1.232 seconds
[2022-06-17 12:38:33,343] {processor.py:153} INFO - Started process (PID=15788) to work on /home/jarret/data-engineering-bootcamp/workspace/airflow-code-review/venv/lib/python3.7/site-packages/airflow/example_dags/example_nested_branch_dag.py
[2022-06-17 12:38:33,348] {processor.py:641} INFO - Processing file /home/jarret/data-engineering-bootcamp/workspace/airflow-code-review/venv/lib/python3.7/site-packages/airflow/example_dags/example_nested_branch_dag.py for tasks to queue
[2022-06-17 12:38:33,348] {logging_mixin.py:115} INFO - [2022-06-17 12:38:33,348] {dagbag.py:507} INFO - Filling up the DagBag from /home/jarret/data-engineering-bootcamp/workspace/airflow-code-review/venv/lib/python3.7/site-packages/airflow/example_dags/example_nested_branch_dag.py
[2022-06-17 12:38:33,354] {processor.py:651} INFO - DAG(s) dict_keys(['example_nested_branch_dag']) retrieved from /home/jarret/data-engineering-bootcamp/workspace/airflow-code-review/venv/lib/python3.7/site-packages/airflow/example_dags/example_nested_branch_dag.py
[2022-06-17 12:38:33,365] {logging_mixin.py:115} INFO - [2022-06-17 12:38:33,364] {dag.py:2379} INFO - Sync 1 DAGs
[2022-06-17 12:38:33,380] {logging_mixin.py:115} INFO - [2022-06-17 12:38:33,380] {dag.py:2931} INFO - Setting next_dagrun for example_nested_branch_dag to 2022-06-16T00:00:00+00:00, run_after=2022-06-17T00:00:00+00:00
[2022-06-17 12:38:34,690] {processor.py:161} INFO - Processing /home/jarret/data-engineering-bootcamp/workspace/airflow-code-review/venv/lib/python3.7/site-packages/airflow/example_dags/example_nested_branch_dag.py took 1.350 seconds
[2022-06-17 12:39:29,842] {processor.py:153} INFO - Started process (PID=15834) to work on /home/jarret/data-engineering-bootcamp/workspace/airflow-code-review/venv/lib/python3.7/site-packages/airflow/example_dags/example_nested_branch_dag.py
[2022-06-17 12:39:29,844] {processor.py:641} INFO - Processing file /home/jarret/data-engineering-bootcamp/workspace/airflow-code-review/venv/lib/python3.7/site-packages/airflow/example_dags/example_nested_branch_dag.py for tasks to queue
[2022-06-17 12:39:29,845] {logging_mixin.py:115} INFO - [2022-06-17 12:39:29,845] {dagbag.py:507} INFO - Filling up the DagBag from /home/jarret/data-engineering-bootcamp/workspace/airflow-code-review/venv/lib/python3.7/site-packages/airflow/example_dags/example_nested_branch_dag.py
[2022-06-17 12:39:29,855] {processor.py:651} INFO - DAG(s) dict_keys(['example_nested_branch_dag']) retrieved from /home/jarret/data-engineering-bootcamp/workspace/airflow-code-review/venv/lib/python3.7/site-packages/airflow/example_dags/example_nested_branch_dag.py
[2022-06-17 12:39:29,868] {logging_mixin.py:115} INFO - [2022-06-17 12:39:29,868] {dag.py:2379} INFO - Sync 1 DAGs
[2022-06-17 12:39:29,889] {logging_mixin.py:115} INFO - [2022-06-17 12:39:29,889] {dag.py:2931} INFO - Setting next_dagrun for example_nested_branch_dag to 2022-06-16T00:00:00+00:00, run_after=2022-06-17T00:00:00+00:00
[2022-06-17 12:39:30,128] {processor.py:161} INFO - Processing /home/jarret/data-engineering-bootcamp/workspace/airflow-code-review/venv/lib/python3.7/site-packages/airflow/example_dags/example_nested_branch_dag.py took 0.287 seconds
[2022-06-17 12:40:27,879] {processor.py:153} INFO - Started process (PID=15892) to work on /home/jarret/data-engineering-bootcamp/workspace/airflow-code-review/venv/lib/python3.7/site-packages/airflow/example_dags/example_nested_branch_dag.py
[2022-06-17 12:40:27,884] {processor.py:641} INFO - Processing file /home/jarret/data-engineering-bootcamp/workspace/airflow-code-review/venv/lib/python3.7/site-packages/airflow/example_dags/example_nested_branch_dag.py for tasks to queue
[2022-06-17 12:40:27,884] {logging_mixin.py:115} INFO - [2022-06-17 12:40:27,884] {dagbag.py:507} INFO - Filling up the DagBag from /home/jarret/data-engineering-bootcamp/workspace/airflow-code-review/venv/lib/python3.7/site-packages/airflow/example_dags/example_nested_branch_dag.py
[2022-06-17 12:40:27,890] {processor.py:651} INFO - DAG(s) dict_keys(['example_nested_branch_dag']) retrieved from /home/jarret/data-engineering-bootcamp/workspace/airflow-code-review/venv/lib/python3.7/site-packages/airflow/example_dags/example_nested_branch_dag.py
[2022-06-17 12:40:27,902] {logging_mixin.py:115} INFO - [2022-06-17 12:40:27,901] {dag.py:2379} INFO - Sync 1 DAGs
[2022-06-17 12:40:27,917] {logging_mixin.py:115} INFO - [2022-06-17 12:40:27,917] {dag.py:2931} INFO - Setting next_dagrun for example_nested_branch_dag to 2022-06-16T00:00:00+00:00, run_after=2022-06-17T00:00:00+00:00
[2022-06-17 12:40:28,996] {processor.py:161} INFO - Processing /home/jarret/data-engineering-bootcamp/workspace/airflow-code-review/venv/lib/python3.7/site-packages/airflow/example_dags/example_nested_branch_dag.py took 1.119 seconds
[2022-06-17 12:41:25,767] {processor.py:153} INFO - Started process (PID=15978) to work on /home/jarret/data-engineering-bootcamp/workspace/airflow-code-review/venv/lib/python3.7/site-packages/airflow/example_dags/example_nested_branch_dag.py
[2022-06-17 12:41:25,770] {processor.py:641} INFO - Processing file /home/jarret/data-engineering-bootcamp/workspace/airflow-code-review/venv/lib/python3.7/site-packages/airflow/example_dags/example_nested_branch_dag.py for tasks to queue
[2022-06-17 12:41:25,770] {logging_mixin.py:115} INFO - [2022-06-17 12:41:25,770] {dagbag.py:507} INFO - Filling up the DagBag from /home/jarret/data-engineering-bootcamp/workspace/airflow-code-review/venv/lib/python3.7/site-packages/airflow/example_dags/example_nested_branch_dag.py
[2022-06-17 12:41:25,783] {processor.py:651} INFO - DAG(s) dict_keys(['example_nested_branch_dag']) retrieved from /home/jarret/data-engineering-bootcamp/workspace/airflow-code-review/venv/lib/python3.7/site-packages/airflow/example_dags/example_nested_branch_dag.py
[2022-06-17 12:41:25,795] {logging_mixin.py:115} INFO - [2022-06-17 12:41:25,795] {dag.py:2379} INFO - Sync 1 DAGs
[2022-06-17 12:41:25,812] {logging_mixin.py:115} INFO - [2022-06-17 12:41:25,812] {dag.py:2931} INFO - Setting next_dagrun for example_nested_branch_dag to 2022-06-16T00:00:00+00:00, run_after=2022-06-17T00:00:00+00:00
[2022-06-17 12:41:25,942] {processor.py:161} INFO - Processing /home/jarret/data-engineering-bootcamp/workspace/airflow-code-review/venv/lib/python3.7/site-packages/airflow/example_dags/example_nested_branch_dag.py took 0.179 seconds
[2022-06-17 12:43:02,628] {processor.py:153} INFO - Started process (PID=16102) to work on /home/jarret/data-engineering-bootcamp/workspace/airflow-code-review/venv/lib/python3.7/site-packages/airflow/example_dags/example_nested_branch_dag.py
[2022-06-17 12:43:02,643] {processor.py:641} INFO - Processing file /home/jarret/data-engineering-bootcamp/workspace/airflow-code-review/venv/lib/python3.7/site-packages/airflow/example_dags/example_nested_branch_dag.py for tasks to queue
[2022-06-17 12:43:02,643] {logging_mixin.py:115} INFO - [2022-06-17 12:43:02,643] {dagbag.py:507} INFO - Filling up the DagBag from /home/jarret/data-engineering-bootcamp/workspace/airflow-code-review/venv/lib/python3.7/site-packages/airflow/example_dags/example_nested_branch_dag.py
[2022-06-17 12:43:02,649] {processor.py:651} INFO - DAG(s) dict_keys(['example_nested_branch_dag']) retrieved from /home/jarret/data-engineering-bootcamp/workspace/airflow-code-review/venv/lib/python3.7/site-packages/airflow/example_dags/example_nested_branch_dag.py
[2022-06-17 12:43:02,660] {logging_mixin.py:115} INFO - [2022-06-17 12:43:02,660] {dag.py:2379} INFO - Sync 1 DAGs
[2022-06-17 12:43:02,677] {logging_mixin.py:115} INFO - [2022-06-17 12:43:02,677] {dag.py:2931} INFO - Setting next_dagrun for example_nested_branch_dag to 2022-06-16T00:00:00+00:00, run_after=2022-06-17T00:00:00+00:00
[2022-06-17 12:43:03,647] {processor.py:161} INFO - Processing /home/jarret/data-engineering-bootcamp/workspace/airflow-code-review/venv/lib/python3.7/site-packages/airflow/example_dags/example_nested_branch_dag.py took 1.020 seconds
[2022-06-17 12:44:06,603] {processor.py:153} INFO - Started process (PID=16207) to work on /home/jarret/data-engineering-bootcamp/workspace/airflow-code-review/venv/lib/python3.7/site-packages/airflow/example_dags/example_nested_branch_dag.py
[2022-06-17 12:44:06,610] {processor.py:641} INFO - Processing file /home/jarret/data-engineering-bootcamp/workspace/airflow-code-review/venv/lib/python3.7/site-packages/airflow/example_dags/example_nested_branch_dag.py for tasks to queue
[2022-06-17 12:44:06,611] {logging_mixin.py:115} INFO - [2022-06-17 12:44:06,611] {dagbag.py:507} INFO - Filling up the DagBag from /home/jarret/data-engineering-bootcamp/workspace/airflow-code-review/venv/lib/python3.7/site-packages/airflow/example_dags/example_nested_branch_dag.py
[2022-06-17 12:44:06,620] {processor.py:651} INFO - DAG(s) dict_keys(['example_nested_branch_dag']) retrieved from /home/jarret/data-engineering-bootcamp/workspace/airflow-code-review/venv/lib/python3.7/site-packages/airflow/example_dags/example_nested_branch_dag.py
[2022-06-17 12:44:06,631] {logging_mixin.py:115} INFO - [2022-06-17 12:44:06,631] {dag.py:2379} INFO - Sync 1 DAGs
[2022-06-17 12:44:06,648] {logging_mixin.py:115} INFO - [2022-06-17 12:44:06,648] {dag.py:2931} INFO - Setting next_dagrun for example_nested_branch_dag to 2022-06-16T00:00:00+00:00, run_after=2022-06-17T00:00:00+00:00
[2022-06-17 12:44:08,065] {processor.py:161} INFO - Processing /home/jarret/data-engineering-bootcamp/workspace/airflow-code-review/venv/lib/python3.7/site-packages/airflow/example_dags/example_nested_branch_dag.py took 1.466 seconds
[2022-06-17 12:45:14,735] {processor.py:153} INFO - Started process (PID=16317) to work on /home/jarret/data-engineering-bootcamp/workspace/airflow-code-review/venv/lib/python3.7/site-packages/airflow/example_dags/example_nested_branch_dag.py
[2022-06-17 12:45:14,762] {processor.py:641} INFO - Processing file /home/jarret/data-engineering-bootcamp/workspace/airflow-code-review/venv/lib/python3.7/site-packages/airflow/example_dags/example_nested_branch_dag.py for tasks to queue
[2022-06-17 12:45:14,763] {logging_mixin.py:115} INFO - [2022-06-17 12:45:14,763] {dagbag.py:507} INFO - Filling up the DagBag from /home/jarret/data-engineering-bootcamp/workspace/airflow-code-review/venv/lib/python3.7/site-packages/airflow/example_dags/example_nested_branch_dag.py
[2022-06-17 12:45:14,777] {processor.py:651} INFO - DAG(s) dict_keys(['example_nested_branch_dag']) retrieved from /home/jarret/data-engineering-bootcamp/workspace/airflow-code-review/venv/lib/python3.7/site-packages/airflow/example_dags/example_nested_branch_dag.py
[2022-06-17 12:45:14,788] {logging_mixin.py:115} INFO - [2022-06-17 12:45:14,788] {dag.py:2379} INFO - Sync 1 DAGs
[2022-06-17 12:45:14,805] {logging_mixin.py:115} INFO - [2022-06-17 12:45:14,805] {dag.py:2931} INFO - Setting next_dagrun for example_nested_branch_dag to 2022-06-16T00:00:00+00:00, run_after=2022-06-17T00:00:00+00:00
[2022-06-17 12:45:16,015] {processor.py:161} INFO - Processing /home/jarret/data-engineering-bootcamp/workspace/airflow-code-review/venv/lib/python3.7/site-packages/airflow/example_dags/example_nested_branch_dag.py took 1.283 seconds
[2022-06-17 12:46:29,486] {processor.py:153} INFO - Started process (PID=16454) to work on /home/jarret/data-engineering-bootcamp/workspace/airflow-code-review/venv/lib/python3.7/site-packages/airflow/example_dags/example_nested_branch_dag.py
[2022-06-17 12:46:29,607] {processor.py:641} INFO - Processing file /home/jarret/data-engineering-bootcamp/workspace/airflow-code-review/venv/lib/python3.7/site-packages/airflow/example_dags/example_nested_branch_dag.py for tasks to queue
[2022-06-17 12:46:29,607] {logging_mixin.py:115} INFO - [2022-06-17 12:46:29,607] {dagbag.py:507} INFO - Filling up the DagBag from /home/jarret/data-engineering-bootcamp/workspace/airflow-code-review/venv/lib/python3.7/site-packages/airflow/example_dags/example_nested_branch_dag.py
[2022-06-17 12:46:29,622] {processor.py:651} INFO - DAG(s) dict_keys(['example_nested_branch_dag']) retrieved from /home/jarret/data-engineering-bootcamp/workspace/airflow-code-review/venv/lib/python3.7/site-packages/airflow/example_dags/example_nested_branch_dag.py
[2022-06-17 12:46:29,635] {logging_mixin.py:115} INFO - [2022-06-17 12:46:29,635] {dag.py:2379} INFO - Sync 1 DAGs
[2022-06-17 12:46:29,652] {logging_mixin.py:115} INFO - [2022-06-17 12:46:29,652] {dag.py:2931} INFO - Setting next_dagrun for example_nested_branch_dag to 2022-06-16T00:00:00+00:00, run_after=2022-06-17T00:00:00+00:00
[2022-06-17 12:46:29,821] {processor.py:161} INFO - Processing /home/jarret/data-engineering-bootcamp/workspace/airflow-code-review/venv/lib/python3.7/site-packages/airflow/example_dags/example_nested_branch_dag.py took 0.339 seconds
[2022-06-17 12:47:28,814] {processor.py:153} INFO - Started process (PID=16503) to work on /home/jarret/data-engineering-bootcamp/workspace/airflow-code-review/venv/lib/python3.7/site-packages/airflow/example_dags/example_nested_branch_dag.py
[2022-06-17 12:47:28,815] {processor.py:641} INFO - Processing file /home/jarret/data-engineering-bootcamp/workspace/airflow-code-review/venv/lib/python3.7/site-packages/airflow/example_dags/example_nested_branch_dag.py for tasks to queue
[2022-06-17 12:47:28,816] {logging_mixin.py:115} INFO - [2022-06-17 12:47:28,816] {dagbag.py:507} INFO - Filling up the DagBag from /home/jarret/data-engineering-bootcamp/workspace/airflow-code-review/venv/lib/python3.7/site-packages/airflow/example_dags/example_nested_branch_dag.py
[2022-06-17 12:47:28,823] {processor.py:651} INFO - DAG(s) dict_keys(['example_nested_branch_dag']) retrieved from /home/jarret/data-engineering-bootcamp/workspace/airflow-code-review/venv/lib/python3.7/site-packages/airflow/example_dags/example_nested_branch_dag.py
[2022-06-17 12:47:28,834] {logging_mixin.py:115} INFO - [2022-06-17 12:47:28,834] {dag.py:2379} INFO - Sync 1 DAGs
[2022-06-17 12:47:28,850] {logging_mixin.py:115} INFO - [2022-06-17 12:47:28,850] {dag.py:2931} INFO - Setting next_dagrun for example_nested_branch_dag to 2022-06-16T00:00:00+00:00, run_after=2022-06-17T00:00:00+00:00
[2022-06-17 12:47:29,006] {processor.py:161} INFO - Processing /home/jarret/data-engineering-bootcamp/workspace/airflow-code-review/venv/lib/python3.7/site-packages/airflow/example_dags/example_nested_branch_dag.py took 0.195 seconds
[2022-06-17 12:48:42,467] {processor.py:153} INFO - Started process (PID=16559) to work on /home/jarret/data-engineering-bootcamp/workspace/airflow-code-review/venv/lib/python3.7/site-packages/airflow/example_dags/example_nested_branch_dag.py
[2022-06-17 12:48:42,468] {processor.py:641} INFO - Processing file /home/jarret/data-engineering-bootcamp/workspace/airflow-code-review/venv/lib/python3.7/site-packages/airflow/example_dags/example_nested_branch_dag.py for tasks to queue
[2022-06-17 12:48:42,469] {logging_mixin.py:115} INFO - [2022-06-17 12:48:42,469] {dagbag.py:507} INFO - Filling up the DagBag from /home/jarret/data-engineering-bootcamp/workspace/airflow-code-review/venv/lib/python3.7/site-packages/airflow/example_dags/example_nested_branch_dag.py
[2022-06-17 12:48:42,482] {processor.py:651} INFO - DAG(s) dict_keys(['example_nested_branch_dag']) retrieved from /home/jarret/data-engineering-bootcamp/workspace/airflow-code-review/venv/lib/python3.7/site-packages/airflow/example_dags/example_nested_branch_dag.py
[2022-06-17 12:48:42,493] {logging_mixin.py:115} INFO - [2022-06-17 12:48:42,493] {dag.py:2379} INFO - Sync 1 DAGs
[2022-06-17 12:48:42,510] {logging_mixin.py:115} INFO - [2022-06-17 12:48:42,509] {dag.py:2931} INFO - Setting next_dagrun for example_nested_branch_dag to 2022-06-16T00:00:00+00:00, run_after=2022-06-17T00:00:00+00:00
[2022-06-17 12:48:42,917] {processor.py:161} INFO - Processing /home/jarret/data-engineering-bootcamp/workspace/airflow-code-review/venv/lib/python3.7/site-packages/airflow/example_dags/example_nested_branch_dag.py took 0.453 seconds
[2022-06-17 12:49:57,188] {processor.py:153} INFO - Started process (PID=16692) to work on /home/jarret/data-engineering-bootcamp/workspace/airflow-code-review/venv/lib/python3.7/site-packages/airflow/example_dags/example_nested_branch_dag.py
[2022-06-17 12:49:57,189] {processor.py:641} INFO - Processing file /home/jarret/data-engineering-bootcamp/workspace/airflow-code-review/venv/lib/python3.7/site-packages/airflow/example_dags/example_nested_branch_dag.py for tasks to queue
[2022-06-17 12:49:57,190] {logging_mixin.py:115} INFO - [2022-06-17 12:49:57,190] {dagbag.py:507} INFO - Filling up the DagBag from /home/jarret/data-engineering-bootcamp/workspace/airflow-code-review/venv/lib/python3.7/site-packages/airflow/example_dags/example_nested_branch_dag.py
[2022-06-17 12:49:57,199] {processor.py:651} INFO - DAG(s) dict_keys(['example_nested_branch_dag']) retrieved from /home/jarret/data-engineering-bootcamp/workspace/airflow-code-review/venv/lib/python3.7/site-packages/airflow/example_dags/example_nested_branch_dag.py
[2022-06-17 12:49:57,211] {logging_mixin.py:115} INFO - [2022-06-17 12:49:57,210] {dag.py:2379} INFO - Sync 1 DAGs
[2022-06-17 12:49:57,227] {logging_mixin.py:115} INFO - [2022-06-17 12:49:57,227] {dag.py:2931} INFO - Setting next_dagrun for example_nested_branch_dag to 2022-06-16T00:00:00+00:00, run_after=2022-06-17T00:00:00+00:00
[2022-06-17 12:49:58,488] {processor.py:161} INFO - Processing /home/jarret/data-engineering-bootcamp/workspace/airflow-code-review/venv/lib/python3.7/site-packages/airflow/example_dags/example_nested_branch_dag.py took 1.304 seconds
[2022-06-17 12:50:53,517] {processor.py:153} INFO - Started process (PID=16779) to work on /home/jarret/data-engineering-bootcamp/workspace/airflow-code-review/venv/lib/python3.7/site-packages/airflow/example_dags/example_nested_branch_dag.py
[2022-06-17 12:50:53,518] {processor.py:641} INFO - Processing file /home/jarret/data-engineering-bootcamp/workspace/airflow-code-review/venv/lib/python3.7/site-packages/airflow/example_dags/example_nested_branch_dag.py for tasks to queue
[2022-06-17 12:50:53,519] {logging_mixin.py:115} INFO - [2022-06-17 12:50:53,519] {dagbag.py:507} INFO - Filling up the DagBag from /home/jarret/data-engineering-bootcamp/workspace/airflow-code-review/venv/lib/python3.7/site-packages/airflow/example_dags/example_nested_branch_dag.py
[2022-06-17 12:50:53,526] {processor.py:651} INFO - DAG(s) dict_keys(['example_nested_branch_dag']) retrieved from /home/jarret/data-engineering-bootcamp/workspace/airflow-code-review/venv/lib/python3.7/site-packages/airflow/example_dags/example_nested_branch_dag.py
[2022-06-17 12:50:53,538] {logging_mixin.py:115} INFO - [2022-06-17 12:50:53,538] {dag.py:2379} INFO - Sync 1 DAGs
[2022-06-17 12:50:53,556] {logging_mixin.py:115} INFO - [2022-06-17 12:50:53,555] {dag.py:2931} INFO - Setting next_dagrun for example_nested_branch_dag to 2022-06-16T00:00:00+00:00, run_after=2022-06-17T00:00:00+00:00
[2022-06-17 12:50:54,087] {processor.py:161} INFO - Processing /home/jarret/data-engineering-bootcamp/workspace/airflow-code-review/venv/lib/python3.7/site-packages/airflow/example_dags/example_nested_branch_dag.py took 0.573 seconds
[2022-06-17 12:52:04,983] {processor.py:153} INFO - Started process (PID=16915) to work on /home/jarret/data-engineering-bootcamp/workspace/airflow-code-review/venv/lib/python3.7/site-packages/airflow/example_dags/example_nested_branch_dag.py
[2022-06-17 12:52:04,984] {processor.py:641} INFO - Processing file /home/jarret/data-engineering-bootcamp/workspace/airflow-code-review/venv/lib/python3.7/site-packages/airflow/example_dags/example_nested_branch_dag.py for tasks to queue
[2022-06-17 12:52:04,985] {logging_mixin.py:115} INFO - [2022-06-17 12:52:04,984] {dagbag.py:507} INFO - Filling up the DagBag from /home/jarret/data-engineering-bootcamp/workspace/airflow-code-review/venv/lib/python3.7/site-packages/airflow/example_dags/example_nested_branch_dag.py
[2022-06-17 12:52:04,991] {processor.py:651} INFO - DAG(s) dict_keys(['example_nested_branch_dag']) retrieved from /home/jarret/data-engineering-bootcamp/workspace/airflow-code-review/venv/lib/python3.7/site-packages/airflow/example_dags/example_nested_branch_dag.py
[2022-06-17 12:52:05,002] {logging_mixin.py:115} INFO - [2022-06-17 12:52:05,002] {dag.py:2379} INFO - Sync 1 DAGs
[2022-06-17 12:52:05,018] {logging_mixin.py:115} INFO - [2022-06-17 12:52:05,018] {dag.py:2931} INFO - Setting next_dagrun for example_nested_branch_dag to 2022-06-16T00:00:00+00:00, run_after=2022-06-17T00:00:00+00:00
[2022-06-17 12:52:05,344] {processor.py:161} INFO - Processing /home/jarret/data-engineering-bootcamp/workspace/airflow-code-review/venv/lib/python3.7/site-packages/airflow/example_dags/example_nested_branch_dag.py took 0.364 seconds
[2022-06-17 12:53:02,684] {processor.py:153} INFO - Started process (PID=16972) to work on /home/jarret/data-engineering-bootcamp/workspace/airflow-code-review/venv/lib/python3.7/site-packages/airflow/example_dags/example_nested_branch_dag.py
[2022-06-17 12:53:02,829] {processor.py:641} INFO - Processing file /home/jarret/data-engineering-bootcamp/workspace/airflow-code-review/venv/lib/python3.7/site-packages/airflow/example_dags/example_nested_branch_dag.py for tasks to queue
[2022-06-17 12:53:02,830] {logging_mixin.py:115} INFO - [2022-06-17 12:53:02,830] {dagbag.py:507} INFO - Filling up the DagBag from /home/jarret/data-engineering-bootcamp/workspace/airflow-code-review/venv/lib/python3.7/site-packages/airflow/example_dags/example_nested_branch_dag.py
[2022-06-17 12:53:02,842] {processor.py:651} INFO - DAG(s) dict_keys(['example_nested_branch_dag']) retrieved from /home/jarret/data-engineering-bootcamp/workspace/airflow-code-review/venv/lib/python3.7/site-packages/airflow/example_dags/example_nested_branch_dag.py
[2022-06-17 12:53:02,853] {logging_mixin.py:115} INFO - [2022-06-17 12:53:02,853] {dag.py:2379} INFO - Sync 1 DAGs
[2022-06-17 12:53:02,869] {logging_mixin.py:115} INFO - [2022-06-17 12:53:02,869] {dag.py:2931} INFO - Setting next_dagrun for example_nested_branch_dag to 2022-06-16T00:00:00+00:00, run_after=2022-06-17T00:00:00+00:00
[2022-06-17 12:53:03,030] {processor.py:161} INFO - Processing /home/jarret/data-engineering-bootcamp/workspace/airflow-code-review/venv/lib/python3.7/site-packages/airflow/example_dags/example_nested_branch_dag.py took 0.349 seconds
[2022-06-17 12:54:17,398] {processor.py:153} INFO - Started process (PID=17053) to work on /home/jarret/data-engineering-bootcamp/workspace/airflow-code-review/venv/lib/python3.7/site-packages/airflow/example_dags/example_nested_branch_dag.py
[2022-06-17 12:54:17,466] {processor.py:641} INFO - Processing file /home/jarret/data-engineering-bootcamp/workspace/airflow-code-review/venv/lib/python3.7/site-packages/airflow/example_dags/example_nested_branch_dag.py for tasks to queue
[2022-06-17 12:54:17,466] {logging_mixin.py:115} INFO - [2022-06-17 12:54:17,466] {dagbag.py:507} INFO - Filling up the DagBag from /home/jarret/data-engineering-bootcamp/workspace/airflow-code-review/venv/lib/python3.7/site-packages/airflow/example_dags/example_nested_branch_dag.py
[2022-06-17 12:54:17,480] {processor.py:651} INFO - DAG(s) dict_keys(['example_nested_branch_dag']) retrieved from /home/jarret/data-engineering-bootcamp/workspace/airflow-code-review/venv/lib/python3.7/site-packages/airflow/example_dags/example_nested_branch_dag.py
[2022-06-17 12:54:17,492] {logging_mixin.py:115} INFO - [2022-06-17 12:54:17,492] {dag.py:2379} INFO - Sync 1 DAGs
[2022-06-17 12:54:17,508] {logging_mixin.py:115} INFO - [2022-06-17 12:54:17,508] {dag.py:2931} INFO - Setting next_dagrun for example_nested_branch_dag to 2022-06-16T00:00:00+00:00, run_after=2022-06-17T00:00:00+00:00
[2022-06-17 12:54:18,602] {processor.py:161} INFO - Processing /home/jarret/data-engineering-bootcamp/workspace/airflow-code-review/venv/lib/python3.7/site-packages/airflow/example_dags/example_nested_branch_dag.py took 1.207 seconds
[2022-06-17 12:55:16,284] {processor.py:153} INFO - Started process (PID=17098) to work on /home/jarret/data-engineering-bootcamp/workspace/airflow-code-review/venv/lib/python3.7/site-packages/airflow/example_dags/example_nested_branch_dag.py
[2022-06-17 12:55:16,949] {processor.py:641} INFO - Processing file /home/jarret/data-engineering-bootcamp/workspace/airflow-code-review/venv/lib/python3.7/site-packages/airflow/example_dags/example_nested_branch_dag.py for tasks to queue
[2022-06-17 12:55:16,950] {logging_mixin.py:115} INFO - [2022-06-17 12:55:16,950] {dagbag.py:507} INFO - Filling up the DagBag from /home/jarret/data-engineering-bootcamp/workspace/airflow-code-review/venv/lib/python3.7/site-packages/airflow/example_dags/example_nested_branch_dag.py
[2022-06-17 12:55:16,959] {processor.py:651} INFO - DAG(s) dict_keys(['example_nested_branch_dag']) retrieved from /home/jarret/data-engineering-bootcamp/workspace/airflow-code-review/venv/lib/python3.7/site-packages/airflow/example_dags/example_nested_branch_dag.py
[2022-06-17 12:55:16,971] {logging_mixin.py:115} INFO - [2022-06-17 12:55:16,970] {dag.py:2379} INFO - Sync 1 DAGs
[2022-06-17 12:55:16,987] {logging_mixin.py:115} INFO - [2022-06-17 12:55:16,987] {dag.py:2931} INFO - Setting next_dagrun for example_nested_branch_dag to 2022-06-16T00:00:00+00:00, run_after=2022-06-17T00:00:00+00:00
[2022-06-17 12:55:17,113] {processor.py:161} INFO - Processing /home/jarret/data-engineering-bootcamp/workspace/airflow-code-review/venv/lib/python3.7/site-packages/airflow/example_dags/example_nested_branch_dag.py took 0.832 seconds
[2022-06-17 12:56:10,236] {processor.py:153} INFO - Started process (PID=17160) to work on /home/jarret/data-engineering-bootcamp/workspace/airflow-code-review/venv/lib/python3.7/site-packages/airflow/example_dags/example_nested_branch_dag.py
[2022-06-17 12:56:10,237] {processor.py:641} INFO - Processing file /home/jarret/data-engineering-bootcamp/workspace/airflow-code-review/venv/lib/python3.7/site-packages/airflow/example_dags/example_nested_branch_dag.py for tasks to queue
[2022-06-17 12:56:10,237] {logging_mixin.py:115} INFO - [2022-06-17 12:56:10,237] {dagbag.py:507} INFO - Filling up the DagBag from /home/jarret/data-engineering-bootcamp/workspace/airflow-code-review/venv/lib/python3.7/site-packages/airflow/example_dags/example_nested_branch_dag.py
[2022-06-17 12:56:10,243] {processor.py:651} INFO - DAG(s) dict_keys(['example_nested_branch_dag']) retrieved from /home/jarret/data-engineering-bootcamp/workspace/airflow-code-review/venv/lib/python3.7/site-packages/airflow/example_dags/example_nested_branch_dag.py
[2022-06-17 12:56:10,255] {logging_mixin.py:115} INFO - [2022-06-17 12:56:10,255] {dag.py:2379} INFO - Sync 1 DAGs
[2022-06-17 12:56:10,271] {logging_mixin.py:115} INFO - [2022-06-17 12:56:10,271] {dag.py:2931} INFO - Setting next_dagrun for example_nested_branch_dag to 2022-06-16T00:00:00+00:00, run_after=2022-06-17T00:00:00+00:00
[2022-06-17 12:56:11,218] {processor.py:161} INFO - Processing /home/jarret/data-engineering-bootcamp/workspace/airflow-code-review/venv/lib/python3.7/site-packages/airflow/example_dags/example_nested_branch_dag.py took 0.986 seconds
[2022-06-17 12:57:13,087] {processor.py:153} INFO - Started process (PID=17239) to work on /home/jarret/data-engineering-bootcamp/workspace/airflow-code-review/venv/lib/python3.7/site-packages/airflow/example_dags/example_nested_branch_dag.py
[2022-06-17 12:57:13,231] {processor.py:641} INFO - Processing file /home/jarret/data-engineering-bootcamp/workspace/airflow-code-review/venv/lib/python3.7/site-packages/airflow/example_dags/example_nested_branch_dag.py for tasks to queue
[2022-06-17 12:57:13,232] {logging_mixin.py:115} INFO - [2022-06-17 12:57:13,232] {dagbag.py:507} INFO - Filling up the DagBag from /home/jarret/data-engineering-bootcamp/workspace/airflow-code-review/venv/lib/python3.7/site-packages/airflow/example_dags/example_nested_branch_dag.py
[2022-06-17 12:57:13,238] {processor.py:651} INFO - DAG(s) dict_keys(['example_nested_branch_dag']) retrieved from /home/jarret/data-engineering-bootcamp/workspace/airflow-code-review/venv/lib/python3.7/site-packages/airflow/example_dags/example_nested_branch_dag.py
[2022-06-17 12:57:13,249] {logging_mixin.py:115} INFO - [2022-06-17 12:57:13,249] {dag.py:2379} INFO - Sync 1 DAGs
[2022-06-17 12:57:13,266] {logging_mixin.py:115} INFO - [2022-06-17 12:57:13,266] {dag.py:2931} INFO - Setting next_dagrun for example_nested_branch_dag to 2022-06-16T00:00:00+00:00, run_after=2022-06-17T00:00:00+00:00
[2022-06-17 12:57:13,536] {processor.py:161} INFO - Processing /home/jarret/data-engineering-bootcamp/workspace/airflow-code-review/venv/lib/python3.7/site-packages/airflow/example_dags/example_nested_branch_dag.py took 0.452 seconds
[2022-06-17 12:58:30,093] {processor.py:153} INFO - Started process (PID=17314) to work on /home/jarret/data-engineering-bootcamp/workspace/airflow-code-review/venv/lib/python3.7/site-packages/airflow/example_dags/example_nested_branch_dag.py
[2022-06-17 12:58:30,103] {processor.py:641} INFO - Processing file /home/jarret/data-engineering-bootcamp/workspace/airflow-code-review/venv/lib/python3.7/site-packages/airflow/example_dags/example_nested_branch_dag.py for tasks to queue
[2022-06-17 12:58:30,104] {logging_mixin.py:115} INFO - [2022-06-17 12:58:30,104] {dagbag.py:507} INFO - Filling up the DagBag from /home/jarret/data-engineering-bootcamp/workspace/airflow-code-review/venv/lib/python3.7/site-packages/airflow/example_dags/example_nested_branch_dag.py
[2022-06-17 12:58:30,114] {processor.py:651} INFO - DAG(s) dict_keys(['example_nested_branch_dag']) retrieved from /home/jarret/data-engineering-bootcamp/workspace/airflow-code-review/venv/lib/python3.7/site-packages/airflow/example_dags/example_nested_branch_dag.py
[2022-06-17 12:58:30,125] {logging_mixin.py:115} INFO - [2022-06-17 12:58:30,125] {dag.py:2379} INFO - Sync 1 DAGs
[2022-06-17 12:58:30,141] {logging_mixin.py:115} INFO - [2022-06-17 12:58:30,141] {dag.py:2931} INFO - Setting next_dagrun for example_nested_branch_dag to 2022-06-16T00:00:00+00:00, run_after=2022-06-17T00:00:00+00:00
[2022-06-17 12:58:30,289] {processor.py:161} INFO - Processing /home/jarret/data-engineering-bootcamp/workspace/airflow-code-review/venv/lib/python3.7/site-packages/airflow/example_dags/example_nested_branch_dag.py took 0.199 seconds
[2022-06-17 12:59:20,136] {processor.py:153} INFO - Started process (PID=17414) to work on /home/jarret/data-engineering-bootcamp/workspace/airflow-code-review/venv/lib/python3.7/site-packages/airflow/example_dags/example_nested_branch_dag.py
[2022-06-17 12:59:20,141] {processor.py:641} INFO - Processing file /home/jarret/data-engineering-bootcamp/workspace/airflow-code-review/venv/lib/python3.7/site-packages/airflow/example_dags/example_nested_branch_dag.py for tasks to queue
[2022-06-17 12:59:20,141] {logging_mixin.py:115} INFO - [2022-06-17 12:59:20,141] {dagbag.py:507} INFO - Filling up the DagBag from /home/jarret/data-engineering-bootcamp/workspace/airflow-code-review/venv/lib/python3.7/site-packages/airflow/example_dags/example_nested_branch_dag.py
[2022-06-17 12:59:20,148] {processor.py:651} INFO - DAG(s) dict_keys(['example_nested_branch_dag']) retrieved from /home/jarret/data-engineering-bootcamp/workspace/airflow-code-review/venv/lib/python3.7/site-packages/airflow/example_dags/example_nested_branch_dag.py
[2022-06-17 12:59:20,159] {logging_mixin.py:115} INFO - [2022-06-17 12:59:20,159] {dag.py:2379} INFO - Sync 1 DAGs
[2022-06-17 12:59:20,176] {logging_mixin.py:115} INFO - [2022-06-17 12:59:20,176] {dag.py:2931} INFO - Setting next_dagrun for example_nested_branch_dag to 2022-06-16T00:00:00+00:00, run_after=2022-06-17T00:00:00+00:00
[2022-06-17 12:59:21,587] {processor.py:161} INFO - Processing /home/jarret/data-engineering-bootcamp/workspace/airflow-code-review/venv/lib/python3.7/site-packages/airflow/example_dags/example_nested_branch_dag.py took 1.454 seconds
[2022-06-17 13:00:17,604] {processor.py:153} INFO - Started process (PID=17526) to work on /home/jarret/data-engineering-bootcamp/workspace/airflow-code-review/venv/lib/python3.7/site-packages/airflow/example_dags/example_nested_branch_dag.py
[2022-06-17 13:00:17,604] {processor.py:641} INFO - Processing file /home/jarret/data-engineering-bootcamp/workspace/airflow-code-review/venv/lib/python3.7/site-packages/airflow/example_dags/example_nested_branch_dag.py for tasks to queue
[2022-06-17 13:00:17,605] {logging_mixin.py:115} INFO - [2022-06-17 13:00:17,605] {dagbag.py:507} INFO - Filling up the DagBag from /home/jarret/data-engineering-bootcamp/workspace/airflow-code-review/venv/lib/python3.7/site-packages/airflow/example_dags/example_nested_branch_dag.py
[2022-06-17 13:00:17,611] {processor.py:651} INFO - DAG(s) dict_keys(['example_nested_branch_dag']) retrieved from /home/jarret/data-engineering-bootcamp/workspace/airflow-code-review/venv/lib/python3.7/site-packages/airflow/example_dags/example_nested_branch_dag.py
[2022-06-17 13:00:17,622] {logging_mixin.py:115} INFO - [2022-06-17 13:00:17,622] {dag.py:2379} INFO - Sync 1 DAGs
[2022-06-17 13:00:17,638] {logging_mixin.py:115} INFO - [2022-06-17 13:00:17,638] {dag.py:2931} INFO - Setting next_dagrun for example_nested_branch_dag to 2022-06-16T00:00:00+00:00, run_after=2022-06-17T00:00:00+00:00
[2022-06-17 13:00:17,755] {processor.py:161} INFO - Processing /home/jarret/data-engineering-bootcamp/workspace/airflow-code-review/venv/lib/python3.7/site-packages/airflow/example_dags/example_nested_branch_dag.py took 0.154 seconds
[2022-06-17 13:01:10,124] {processor.py:153} INFO - Started process (PID=17581) to work on /home/jarret/data-engineering-bootcamp/workspace/airflow-code-review/venv/lib/python3.7/site-packages/airflow/example_dags/example_nested_branch_dag.py
[2022-06-17 13:01:10,133] {processor.py:641} INFO - Processing file /home/jarret/data-engineering-bootcamp/workspace/airflow-code-review/venv/lib/python3.7/site-packages/airflow/example_dags/example_nested_branch_dag.py for tasks to queue
[2022-06-17 13:01:10,134] {logging_mixin.py:115} INFO - [2022-06-17 13:01:10,134] {dagbag.py:507} INFO - Filling up the DagBag from /home/jarret/data-engineering-bootcamp/workspace/airflow-code-review/venv/lib/python3.7/site-packages/airflow/example_dags/example_nested_branch_dag.py
[2022-06-17 13:01:10,146] {processor.py:651} INFO - DAG(s) dict_keys(['example_nested_branch_dag']) retrieved from /home/jarret/data-engineering-bootcamp/workspace/airflow-code-review/venv/lib/python3.7/site-packages/airflow/example_dags/example_nested_branch_dag.py
[2022-06-17 13:01:10,159] {logging_mixin.py:115} INFO - [2022-06-17 13:01:10,159] {dag.py:2379} INFO - Sync 1 DAGs
[2022-06-17 13:01:10,176] {logging_mixin.py:115} INFO - [2022-06-17 13:01:10,176] {dag.py:2931} INFO - Setting next_dagrun for example_nested_branch_dag to 2022-06-16T00:00:00+00:00, run_after=2022-06-17T00:00:00+00:00
[2022-06-17 13:01:10,609] {processor.py:161} INFO - Processing /home/jarret/data-engineering-bootcamp/workspace/airflow-code-review/venv/lib/python3.7/site-packages/airflow/example_dags/example_nested_branch_dag.py took 0.488 seconds
[2022-06-17 13:02:02,327] {processor.py:153} INFO - Started process (PID=17691) to work on /home/jarret/data-engineering-bootcamp/workspace/airflow-code-review/venv/lib/python3.7/site-packages/airflow/example_dags/example_nested_branch_dag.py
[2022-06-17 13:02:02,328] {processor.py:641} INFO - Processing file /home/jarret/data-engineering-bootcamp/workspace/airflow-code-review/venv/lib/python3.7/site-packages/airflow/example_dags/example_nested_branch_dag.py for tasks to queue
[2022-06-17 13:02:02,329] {logging_mixin.py:115} INFO - [2022-06-17 13:02:02,328] {dagbag.py:507} INFO - Filling up the DagBag from /home/jarret/data-engineering-bootcamp/workspace/airflow-code-review/venv/lib/python3.7/site-packages/airflow/example_dags/example_nested_branch_dag.py
[2022-06-17 13:02:02,335] {processor.py:651} INFO - DAG(s) dict_keys(['example_nested_branch_dag']) retrieved from /home/jarret/data-engineering-bootcamp/workspace/airflow-code-review/venv/lib/python3.7/site-packages/airflow/example_dags/example_nested_branch_dag.py
[2022-06-17 13:02:02,347] {logging_mixin.py:115} INFO - [2022-06-17 13:02:02,347] {dag.py:2379} INFO - Sync 1 DAGs
[2022-06-17 13:02:02,365] {logging_mixin.py:115} INFO - [2022-06-17 13:02:02,365] {dag.py:2931} INFO - Setting next_dagrun for example_nested_branch_dag to 2022-06-16T00:00:00+00:00, run_after=2022-06-17T00:00:00+00:00
[2022-06-17 13:02:03,306] {processor.py:161} INFO - Processing /home/jarret/data-engineering-bootcamp/workspace/airflow-code-review/venv/lib/python3.7/site-packages/airflow/example_dags/example_nested_branch_dag.py took 0.980 seconds
[2022-06-17 13:03:05,813] {processor.py:153} INFO - Started process (PID=17817) to work on /home/jarret/data-engineering-bootcamp/workspace/airflow-code-review/venv/lib/python3.7/site-packages/airflow/example_dags/example_nested_branch_dag.py
[2022-06-17 13:03:06,495] {processor.py:641} INFO - Processing file /home/jarret/data-engineering-bootcamp/workspace/airflow-code-review/venv/lib/python3.7/site-packages/airflow/example_dags/example_nested_branch_dag.py for tasks to queue
[2022-06-17 13:03:06,496] {logging_mixin.py:115} INFO - [2022-06-17 13:03:06,496] {dagbag.py:507} INFO - Filling up the DagBag from /home/jarret/data-engineering-bootcamp/workspace/airflow-code-review/venv/lib/python3.7/site-packages/airflow/example_dags/example_nested_branch_dag.py
[2022-06-17 13:03:06,502] {processor.py:651} INFO - DAG(s) dict_keys(['example_nested_branch_dag']) retrieved from /home/jarret/data-engineering-bootcamp/workspace/airflow-code-review/venv/lib/python3.7/site-packages/airflow/example_dags/example_nested_branch_dag.py
[2022-06-17 13:03:06,513] {logging_mixin.py:115} INFO - [2022-06-17 13:03:06,513] {dag.py:2379} INFO - Sync 1 DAGs
[2022-06-17 13:03:06,530] {logging_mixin.py:115} INFO - [2022-06-17 13:03:06,530] {dag.py:2931} INFO - Setting next_dagrun for example_nested_branch_dag to 2022-06-16T00:00:00+00:00, run_after=2022-06-17T00:00:00+00:00
[2022-06-17 13:03:10,076] {processor.py:161} INFO - Processing /home/jarret/data-engineering-bootcamp/workspace/airflow-code-review/venv/lib/python3.7/site-packages/airflow/example_dags/example_nested_branch_dag.py took 4.266 seconds
[2022-06-17 13:04:09,699] {processor.py:153} INFO - Started process (PID=17934) to work on /home/jarret/data-engineering-bootcamp/workspace/airflow-code-review/venv/lib/python3.7/site-packages/airflow/example_dags/example_nested_branch_dag.py
[2022-06-17 13:04:09,709] {processor.py:641} INFO - Processing file /home/jarret/data-engineering-bootcamp/workspace/airflow-code-review/venv/lib/python3.7/site-packages/airflow/example_dags/example_nested_branch_dag.py for tasks to queue
[2022-06-17 13:04:09,709] {logging_mixin.py:115} INFO - [2022-06-17 13:04:09,709] {dagbag.py:507} INFO - Filling up the DagBag from /home/jarret/data-engineering-bootcamp/workspace/airflow-code-review/venv/lib/python3.7/site-packages/airflow/example_dags/example_nested_branch_dag.py
[2022-06-17 13:04:09,715] {processor.py:651} INFO - DAG(s) dict_keys(['example_nested_branch_dag']) retrieved from /home/jarret/data-engineering-bootcamp/workspace/airflow-code-review/venv/lib/python3.7/site-packages/airflow/example_dags/example_nested_branch_dag.py
[2022-06-17 13:04:09,726] {logging_mixin.py:115} INFO - [2022-06-17 13:04:09,726] {dag.py:2379} INFO - Sync 1 DAGs
[2022-06-17 13:04:09,742] {logging_mixin.py:115} INFO - [2022-06-17 13:04:09,742] {dag.py:2931} INFO - Setting next_dagrun for example_nested_branch_dag to 2022-06-16T00:00:00+00:00, run_after=2022-06-17T00:00:00+00:00
[2022-06-17 13:04:09,886] {processor.py:161} INFO - Processing /home/jarret/data-engineering-bootcamp/workspace/airflow-code-review/venv/lib/python3.7/site-packages/airflow/example_dags/example_nested_branch_dag.py took 0.189 seconds
[2022-06-17 13:05:19,256] {processor.py:153} INFO - Started process (PID=17999) to work on /home/jarret/data-engineering-bootcamp/workspace/airflow-code-review/venv/lib/python3.7/site-packages/airflow/example_dags/example_nested_branch_dag.py
[2022-06-17 13:05:19,257] {processor.py:641} INFO - Processing file /home/jarret/data-engineering-bootcamp/workspace/airflow-code-review/venv/lib/python3.7/site-packages/airflow/example_dags/example_nested_branch_dag.py for tasks to queue
[2022-06-17 13:05:19,257] {logging_mixin.py:115} INFO - [2022-06-17 13:05:19,257] {dagbag.py:507} INFO - Filling up the DagBag from /home/jarret/data-engineering-bootcamp/workspace/airflow-code-review/venv/lib/python3.7/site-packages/airflow/example_dags/example_nested_branch_dag.py
[2022-06-17 13:05:19,264] {processor.py:651} INFO - DAG(s) dict_keys(['example_nested_branch_dag']) retrieved from /home/jarret/data-engineering-bootcamp/workspace/airflow-code-review/venv/lib/python3.7/site-packages/airflow/example_dags/example_nested_branch_dag.py
[2022-06-17 13:05:19,275] {logging_mixin.py:115} INFO - [2022-06-17 13:05:19,275] {dag.py:2379} INFO - Sync 1 DAGs
[2022-06-17 13:05:19,291] {logging_mixin.py:115} INFO - [2022-06-17 13:05:19,291] {dag.py:2931} INFO - Setting next_dagrun for example_nested_branch_dag to 2022-06-16T00:00:00+00:00, run_after=2022-06-17T00:00:00+00:00
[2022-06-17 13:05:20,427] {processor.py:161} INFO - Processing /home/jarret/data-engineering-bootcamp/workspace/airflow-code-review/venv/lib/python3.7/site-packages/airflow/example_dags/example_nested_branch_dag.py took 1.173 seconds
[2022-06-17 13:06:19,310] {processor.py:153} INFO - Started process (PID=18048) to work on /home/jarret/data-engineering-bootcamp/workspace/airflow-code-review/venv/lib/python3.7/site-packages/airflow/example_dags/example_nested_branch_dag.py
[2022-06-17 13:06:19,311] {processor.py:641} INFO - Processing file /home/jarret/data-engineering-bootcamp/workspace/airflow-code-review/venv/lib/python3.7/site-packages/airflow/example_dags/example_nested_branch_dag.py for tasks to queue
[2022-06-17 13:06:19,312] {logging_mixin.py:115} INFO - [2022-06-17 13:06:19,312] {dagbag.py:507} INFO - Filling up the DagBag from /home/jarret/data-engineering-bootcamp/workspace/airflow-code-review/venv/lib/python3.7/site-packages/airflow/example_dags/example_nested_branch_dag.py
[2022-06-17 13:06:19,322] {processor.py:651} INFO - DAG(s) dict_keys(['example_nested_branch_dag']) retrieved from /home/jarret/data-engineering-bootcamp/workspace/airflow-code-review/venv/lib/python3.7/site-packages/airflow/example_dags/example_nested_branch_dag.py
[2022-06-17 13:06:19,333] {logging_mixin.py:115} INFO - [2022-06-17 13:06:19,333] {dag.py:2379} INFO - Sync 1 DAGs
[2022-06-17 13:06:19,351] {logging_mixin.py:115} INFO - [2022-06-17 13:06:19,351] {dag.py:2931} INFO - Setting next_dagrun for example_nested_branch_dag to 2022-06-16T00:00:00+00:00, run_after=2022-06-17T00:00:00+00:00
[2022-06-17 13:06:19,514] {processor.py:161} INFO - Processing /home/jarret/data-engineering-bootcamp/workspace/airflow-code-review/venv/lib/python3.7/site-packages/airflow/example_dags/example_nested_branch_dag.py took 0.207 seconds
[2022-06-17 13:07:15,427] {processor.py:153} INFO - Started process (PID=18153) to work on /home/jarret/data-engineering-bootcamp/workspace/airflow-code-review/venv/lib/python3.7/site-packages/airflow/example_dags/example_nested_branch_dag.py
[2022-06-17 13:07:15,428] {processor.py:641} INFO - Processing file /home/jarret/data-engineering-bootcamp/workspace/airflow-code-review/venv/lib/python3.7/site-packages/airflow/example_dags/example_nested_branch_dag.py for tasks to queue
[2022-06-17 13:07:15,429] {logging_mixin.py:115} INFO - [2022-06-17 13:07:15,429] {dagbag.py:507} INFO - Filling up the DagBag from /home/jarret/data-engineering-bootcamp/workspace/airflow-code-review/venv/lib/python3.7/site-packages/airflow/example_dags/example_nested_branch_dag.py
[2022-06-17 13:07:15,438] {processor.py:651} INFO - DAG(s) dict_keys(['example_nested_branch_dag']) retrieved from /home/jarret/data-engineering-bootcamp/workspace/airflow-code-review/venv/lib/python3.7/site-packages/airflow/example_dags/example_nested_branch_dag.py
[2022-06-17 13:07:15,449] {logging_mixin.py:115} INFO - [2022-06-17 13:07:15,449] {dag.py:2379} INFO - Sync 1 DAGs
[2022-06-17 13:07:15,467] {logging_mixin.py:115} INFO - [2022-06-17 13:07:15,467] {dag.py:2931} INFO - Setting next_dagrun for example_nested_branch_dag to 2022-06-16T00:00:00+00:00, run_after=2022-06-17T00:00:00+00:00
[2022-06-17 13:07:15,609] {processor.py:161} INFO - Processing /home/jarret/data-engineering-bootcamp/workspace/airflow-code-review/venv/lib/python3.7/site-packages/airflow/example_dags/example_nested_branch_dag.py took 0.185 seconds
[2022-06-17 13:08:07,479] {processor.py:153} INFO - Started process (PID=18261) to work on /home/jarret/data-engineering-bootcamp/workspace/airflow-code-review/venv/lib/python3.7/site-packages/airflow/example_dags/example_nested_branch_dag.py
[2022-06-17 13:08:07,481] {processor.py:641} INFO - Processing file /home/jarret/data-engineering-bootcamp/workspace/airflow-code-review/venv/lib/python3.7/site-packages/airflow/example_dags/example_nested_branch_dag.py for tasks to queue
[2022-06-17 13:08:07,482] {logging_mixin.py:115} INFO - [2022-06-17 13:08:07,481] {dagbag.py:507} INFO - Filling up the DagBag from /home/jarret/data-engineering-bootcamp/workspace/airflow-code-review/venv/lib/python3.7/site-packages/airflow/example_dags/example_nested_branch_dag.py
[2022-06-17 13:08:07,496] {processor.py:651} INFO - DAG(s) dict_keys(['example_nested_branch_dag']) retrieved from /home/jarret/data-engineering-bootcamp/workspace/airflow-code-review/venv/lib/python3.7/site-packages/airflow/example_dags/example_nested_branch_dag.py
[2022-06-17 13:08:07,508] {logging_mixin.py:115} INFO - [2022-06-17 13:08:07,508] {dag.py:2379} INFO - Sync 1 DAGs
[2022-06-17 13:08:07,526] {logging_mixin.py:115} INFO - [2022-06-17 13:08:07,526] {dag.py:2931} INFO - Setting next_dagrun for example_nested_branch_dag to 2022-06-16T00:00:00+00:00, run_after=2022-06-17T00:00:00+00:00
[2022-06-17 13:08:07,657] {processor.py:161} INFO - Processing /home/jarret/data-engineering-bootcamp/workspace/airflow-code-review/venv/lib/python3.7/site-packages/airflow/example_dags/example_nested_branch_dag.py took 0.183 seconds
[2022-06-17 13:08:50,512] {processor.py:153} INFO - Started process (PID=18357) to work on /home/jarret/data-engineering-bootcamp/workspace/airflow-code-review/venv/lib/python3.7/site-packages/airflow/example_dags/example_nested_branch_dag.py
[2022-06-17 13:08:50,523] {processor.py:641} INFO - Processing file /home/jarret/data-engineering-bootcamp/workspace/airflow-code-review/venv/lib/python3.7/site-packages/airflow/example_dags/example_nested_branch_dag.py for tasks to queue
[2022-06-17 13:08:50,524] {logging_mixin.py:115} INFO - [2022-06-17 13:08:50,524] {dagbag.py:507} INFO - Filling up the DagBag from /home/jarret/data-engineering-bootcamp/workspace/airflow-code-review/venv/lib/python3.7/site-packages/airflow/example_dags/example_nested_branch_dag.py
[2022-06-17 13:08:50,530] {processor.py:651} INFO - DAG(s) dict_keys(['example_nested_branch_dag']) retrieved from /home/jarret/data-engineering-bootcamp/workspace/airflow-code-review/venv/lib/python3.7/site-packages/airflow/example_dags/example_nested_branch_dag.py
[2022-06-17 13:08:50,541] {logging_mixin.py:115} INFO - [2022-06-17 13:08:50,541] {dag.py:2379} INFO - Sync 1 DAGs
[2022-06-17 13:08:50,558] {logging_mixin.py:115} INFO - [2022-06-17 13:08:50,558] {dag.py:2931} INFO - Setting next_dagrun for example_nested_branch_dag to 2022-06-16T00:00:00+00:00, run_after=2022-06-17T00:00:00+00:00
[2022-06-17 13:08:50,681] {processor.py:161} INFO - Processing /home/jarret/data-engineering-bootcamp/workspace/airflow-code-review/venv/lib/python3.7/site-packages/airflow/example_dags/example_nested_branch_dag.py took 0.172 seconds
[2022-06-17 13:09:43,169] {processor.py:153} INFO - Started process (PID=18465) to work on /home/jarret/data-engineering-bootcamp/workspace/airflow-code-review/venv/lib/python3.7/site-packages/airflow/example_dags/example_nested_branch_dag.py
[2022-06-17 13:09:43,181] {processor.py:641} INFO - Processing file /home/jarret/data-engineering-bootcamp/workspace/airflow-code-review/venv/lib/python3.7/site-packages/airflow/example_dags/example_nested_branch_dag.py for tasks to queue
[2022-06-17 13:09:43,181] {logging_mixin.py:115} INFO - [2022-06-17 13:09:43,181] {dagbag.py:507} INFO - Filling up the DagBag from /home/jarret/data-engineering-bootcamp/workspace/airflow-code-review/venv/lib/python3.7/site-packages/airflow/example_dags/example_nested_branch_dag.py
[2022-06-17 13:09:43,187] {processor.py:651} INFO - DAG(s) dict_keys(['example_nested_branch_dag']) retrieved from /home/jarret/data-engineering-bootcamp/workspace/airflow-code-review/venv/lib/python3.7/site-packages/airflow/example_dags/example_nested_branch_dag.py
[2022-06-17 13:09:43,198] {logging_mixin.py:115} INFO - [2022-06-17 13:09:43,198] {dag.py:2379} INFO - Sync 1 DAGs
[2022-06-17 13:09:43,216] {logging_mixin.py:115} INFO - [2022-06-17 13:09:43,215] {dag.py:2931} INFO - Setting next_dagrun for example_nested_branch_dag to 2022-06-16T00:00:00+00:00, run_after=2022-06-17T00:00:00+00:00
[2022-06-17 13:09:43,634] {processor.py:161} INFO - Processing /home/jarret/data-engineering-bootcamp/workspace/airflow-code-review/venv/lib/python3.7/site-packages/airflow/example_dags/example_nested_branch_dag.py took 0.468 seconds
[2022-06-17 13:10:34,745] {processor.py:153} INFO - Started process (PID=18528) to work on /home/jarret/data-engineering-bootcamp/workspace/airflow-code-review/venv/lib/python3.7/site-packages/airflow/example_dags/example_nested_branch_dag.py
[2022-06-17 13:10:34,752] {processor.py:641} INFO - Processing file /home/jarret/data-engineering-bootcamp/workspace/airflow-code-review/venv/lib/python3.7/site-packages/airflow/example_dags/example_nested_branch_dag.py for tasks to queue
[2022-06-17 13:10:34,753] {logging_mixin.py:115} INFO - [2022-06-17 13:10:34,753] {dagbag.py:507} INFO - Filling up the DagBag from /home/jarret/data-engineering-bootcamp/workspace/airflow-code-review/venv/lib/python3.7/site-packages/airflow/example_dags/example_nested_branch_dag.py
[2022-06-17 13:10:34,759] {processor.py:651} INFO - DAG(s) dict_keys(['example_nested_branch_dag']) retrieved from /home/jarret/data-engineering-bootcamp/workspace/airflow-code-review/venv/lib/python3.7/site-packages/airflow/example_dags/example_nested_branch_dag.py
[2022-06-17 13:10:34,771] {logging_mixin.py:115} INFO - [2022-06-17 13:10:34,771] {dag.py:2379} INFO - Sync 1 DAGs
[2022-06-17 13:10:34,790] {logging_mixin.py:115} INFO - [2022-06-17 13:10:34,790] {dag.py:2931} INFO - Setting next_dagrun for example_nested_branch_dag to 2022-06-16T00:00:00+00:00, run_after=2022-06-17T00:00:00+00:00
[2022-06-17 13:10:34,913] {processor.py:161} INFO - Processing /home/jarret/data-engineering-bootcamp/workspace/airflow-code-review/venv/lib/python3.7/site-packages/airflow/example_dags/example_nested_branch_dag.py took 0.169 seconds
[2022-06-17 13:11:30,130] {processor.py:153} INFO - Started process (PID=18642) to work on /home/jarret/data-engineering-bootcamp/workspace/airflow-code-review/venv/lib/python3.7/site-packages/airflow/example_dags/example_nested_branch_dag.py
[2022-06-17 13:11:30,131] {processor.py:641} INFO - Processing file /home/jarret/data-engineering-bootcamp/workspace/airflow-code-review/venv/lib/python3.7/site-packages/airflow/example_dags/example_nested_branch_dag.py for tasks to queue
[2022-06-17 13:11:30,132] {logging_mixin.py:115} INFO - [2022-06-17 13:11:30,132] {dagbag.py:507} INFO - Filling up the DagBag from /home/jarret/data-engineering-bootcamp/workspace/airflow-code-review/venv/lib/python3.7/site-packages/airflow/example_dags/example_nested_branch_dag.py
[2022-06-17 13:11:30,145] {processor.py:651} INFO - DAG(s) dict_keys(['example_nested_branch_dag']) retrieved from /home/jarret/data-engineering-bootcamp/workspace/airflow-code-review/venv/lib/python3.7/site-packages/airflow/example_dags/example_nested_branch_dag.py
[2022-06-17 13:11:30,159] {logging_mixin.py:115} INFO - [2022-06-17 13:11:30,158] {dag.py:2379} INFO - Sync 1 DAGs
[2022-06-17 13:11:30,176] {logging_mixin.py:115} INFO - [2022-06-17 13:11:30,176] {dag.py:2931} INFO - Setting next_dagrun for example_nested_branch_dag to 2022-06-16T00:00:00+00:00, run_after=2022-06-17T00:00:00+00:00
[2022-06-17 13:11:30,787] {processor.py:161} INFO - Processing /home/jarret/data-engineering-bootcamp/workspace/airflow-code-review/venv/lib/python3.7/site-packages/airflow/example_dags/example_nested_branch_dag.py took 0.660 seconds
[2022-06-17 13:12:20,537] {processor.py:153} INFO - Started process (PID=18744) to work on /home/jarret/data-engineering-bootcamp/workspace/airflow-code-review/venv/lib/python3.7/site-packages/airflow/example_dags/example_nested_branch_dag.py
[2022-06-17 13:12:20,546] {processor.py:641} INFO - Processing file /home/jarret/data-engineering-bootcamp/workspace/airflow-code-review/venv/lib/python3.7/site-packages/airflow/example_dags/example_nested_branch_dag.py for tasks to queue
[2022-06-17 13:12:20,547] {logging_mixin.py:115} INFO - [2022-06-17 13:12:20,547] {dagbag.py:507} INFO - Filling up the DagBag from /home/jarret/data-engineering-bootcamp/workspace/airflow-code-review/venv/lib/python3.7/site-packages/airflow/example_dags/example_nested_branch_dag.py
[2022-06-17 13:12:20,553] {processor.py:651} INFO - DAG(s) dict_keys(['example_nested_branch_dag']) retrieved from /home/jarret/data-engineering-bootcamp/workspace/airflow-code-review/venv/lib/python3.7/site-packages/airflow/example_dags/example_nested_branch_dag.py
[2022-06-17 13:12:20,565] {logging_mixin.py:115} INFO - [2022-06-17 13:12:20,564] {dag.py:2379} INFO - Sync 1 DAGs
[2022-06-17 13:12:20,582] {logging_mixin.py:115} INFO - [2022-06-17 13:12:20,582] {dag.py:2931} INFO - Setting next_dagrun for example_nested_branch_dag to 2022-06-16T00:00:00+00:00, run_after=2022-06-17T00:00:00+00:00
[2022-06-17 13:12:20,693] {processor.py:161} INFO - Processing /home/jarret/data-engineering-bootcamp/workspace/airflow-code-review/venv/lib/python3.7/site-packages/airflow/example_dags/example_nested_branch_dag.py took 0.158 seconds
[2022-06-17 13:13:07,253] {processor.py:153} INFO - Started process (PID=18836) to work on /home/jarret/data-engineering-bootcamp/workspace/airflow-code-review/venv/lib/python3.7/site-packages/airflow/example_dags/example_nested_branch_dag.py
[2022-06-17 13:13:07,279] {processor.py:641} INFO - Processing file /home/jarret/data-engineering-bootcamp/workspace/airflow-code-review/venv/lib/python3.7/site-packages/airflow/example_dags/example_nested_branch_dag.py for tasks to queue
[2022-06-17 13:13:07,279] {logging_mixin.py:115} INFO - [2022-06-17 13:13:07,279] {dagbag.py:507} INFO - Filling up the DagBag from /home/jarret/data-engineering-bootcamp/workspace/airflow-code-review/venv/lib/python3.7/site-packages/airflow/example_dags/example_nested_branch_dag.py
[2022-06-17 13:13:07,288] {processor.py:651} INFO - DAG(s) dict_keys(['example_nested_branch_dag']) retrieved from /home/jarret/data-engineering-bootcamp/workspace/airflow-code-review/venv/lib/python3.7/site-packages/airflow/example_dags/example_nested_branch_dag.py
[2022-06-17 13:13:07,300] {logging_mixin.py:115} INFO - [2022-06-17 13:13:07,300] {dag.py:2379} INFO - Sync 1 DAGs
[2022-06-17 13:13:07,318] {logging_mixin.py:115} INFO - [2022-06-17 13:13:07,318] {dag.py:2931} INFO - Setting next_dagrun for example_nested_branch_dag to 2022-06-16T00:00:00+00:00, run_after=2022-06-17T00:00:00+00:00
[2022-06-17 13:13:08,566] {processor.py:161} INFO - Processing /home/jarret/data-engineering-bootcamp/workspace/airflow-code-review/venv/lib/python3.7/site-packages/airflow/example_dags/example_nested_branch_dag.py took 1.315 seconds
[2022-06-17 13:14:01,684] {processor.py:153} INFO - Started process (PID=18926) to work on /home/jarret/data-engineering-bootcamp/workspace/airflow-code-review/venv/lib/python3.7/site-packages/airflow/example_dags/example_nested_branch_dag.py
[2022-06-17 13:14:01,696] {processor.py:641} INFO - Processing file /home/jarret/data-engineering-bootcamp/workspace/airflow-code-review/venv/lib/python3.7/site-packages/airflow/example_dags/example_nested_branch_dag.py for tasks to queue
[2022-06-17 13:14:01,696] {logging_mixin.py:115} INFO - [2022-06-17 13:14:01,696] {dagbag.py:507} INFO - Filling up the DagBag from /home/jarret/data-engineering-bootcamp/workspace/airflow-code-review/venv/lib/python3.7/site-packages/airflow/example_dags/example_nested_branch_dag.py
[2022-06-17 13:14:01,703] {processor.py:651} INFO - DAG(s) dict_keys(['example_nested_branch_dag']) retrieved from /home/jarret/data-engineering-bootcamp/workspace/airflow-code-review/venv/lib/python3.7/site-packages/airflow/example_dags/example_nested_branch_dag.py
[2022-06-17 13:14:01,715] {logging_mixin.py:115} INFO - [2022-06-17 13:14:01,714] {dag.py:2379} INFO - Sync 1 DAGs
[2022-06-17 13:14:01,732] {logging_mixin.py:115} INFO - [2022-06-17 13:14:01,732] {dag.py:2931} INFO - Setting next_dagrun for example_nested_branch_dag to 2022-06-16T00:00:00+00:00, run_after=2022-06-17T00:00:00+00:00
[2022-06-17 13:14:02,048] {processor.py:161} INFO - Processing /home/jarret/data-engineering-bootcamp/workspace/airflow-code-review/venv/lib/python3.7/site-packages/airflow/example_dags/example_nested_branch_dag.py took 0.367 seconds
[2022-06-17 13:14:51,580] {processor.py:153} INFO - Started process (PID=18976) to work on /home/jarret/data-engineering-bootcamp/workspace/airflow-code-review/venv/lib/python3.7/site-packages/airflow/example_dags/example_nested_branch_dag.py
[2022-06-17 13:14:51,604] {processor.py:641} INFO - Processing file /home/jarret/data-engineering-bootcamp/workspace/airflow-code-review/venv/lib/python3.7/site-packages/airflow/example_dags/example_nested_branch_dag.py for tasks to queue
[2022-06-17 13:14:51,605] {logging_mixin.py:115} INFO - [2022-06-17 13:14:51,605] {dagbag.py:507} INFO - Filling up the DagBag from /home/jarret/data-engineering-bootcamp/workspace/airflow-code-review/venv/lib/python3.7/site-packages/airflow/example_dags/example_nested_branch_dag.py
[2022-06-17 13:14:51,613] {processor.py:651} INFO - DAG(s) dict_keys(['example_nested_branch_dag']) retrieved from /home/jarret/data-engineering-bootcamp/workspace/airflow-code-review/venv/lib/python3.7/site-packages/airflow/example_dags/example_nested_branch_dag.py
[2022-06-17 13:14:51,625] {logging_mixin.py:115} INFO - [2022-06-17 13:14:51,625] {dag.py:2379} INFO - Sync 1 DAGs
[2022-06-17 13:14:51,643] {logging_mixin.py:115} INFO - [2022-06-17 13:14:51,642] {dag.py:2931} INFO - Setting next_dagrun for example_nested_branch_dag to 2022-06-16T00:00:00+00:00, run_after=2022-06-17T00:00:00+00:00
[2022-06-17 13:14:51,982] {processor.py:161} INFO - Processing /home/jarret/data-engineering-bootcamp/workspace/airflow-code-review/venv/lib/python3.7/site-packages/airflow/example_dags/example_nested_branch_dag.py took 0.405 seconds
[2022-06-17 13:15:43,691] {processor.py:153} INFO - Started process (PID=19022) to work on /home/jarret/data-engineering-bootcamp/workspace/airflow-code-review/venv/lib/python3.7/site-packages/airflow/example_dags/example_nested_branch_dag.py
[2022-06-17 13:15:43,726] {processor.py:641} INFO - Processing file /home/jarret/data-engineering-bootcamp/workspace/airflow-code-review/venv/lib/python3.7/site-packages/airflow/example_dags/example_nested_branch_dag.py for tasks to queue
[2022-06-17 13:15:43,727] {logging_mixin.py:115} INFO - [2022-06-17 13:15:43,726] {dagbag.py:507} INFO - Filling up the DagBag from /home/jarret/data-engineering-bootcamp/workspace/airflow-code-review/venv/lib/python3.7/site-packages/airflow/example_dags/example_nested_branch_dag.py
[2022-06-17 13:15:43,735] {processor.py:651} INFO - DAG(s) dict_keys(['example_nested_branch_dag']) retrieved from /home/jarret/data-engineering-bootcamp/workspace/airflow-code-review/venv/lib/python3.7/site-packages/airflow/example_dags/example_nested_branch_dag.py
[2022-06-17 13:15:43,748] {logging_mixin.py:115} INFO - [2022-06-17 13:15:43,748] {dag.py:2379} INFO - Sync 1 DAGs
[2022-06-17 13:15:43,766] {logging_mixin.py:115} INFO - [2022-06-17 13:15:43,766] {dag.py:2931} INFO - Setting next_dagrun for example_nested_branch_dag to 2022-06-16T00:00:00+00:00, run_after=2022-06-17T00:00:00+00:00
[2022-06-17 13:15:44,180] {processor.py:161} INFO - Processing /home/jarret/data-engineering-bootcamp/workspace/airflow-code-review/venv/lib/python3.7/site-packages/airflow/example_dags/example_nested_branch_dag.py took 0.492 seconds
[2022-06-17 13:16:27,989] {processor.py:153} INFO - Started process (PID=19062) to work on /home/jarret/data-engineering-bootcamp/workspace/airflow-code-review/venv/lib/python3.7/site-packages/airflow/example_dags/example_nested_branch_dag.py
[2022-06-17 13:16:27,990] {processor.py:641} INFO - Processing file /home/jarret/data-engineering-bootcamp/workspace/airflow-code-review/venv/lib/python3.7/site-packages/airflow/example_dags/example_nested_branch_dag.py for tasks to queue
[2022-06-17 13:16:27,991] {logging_mixin.py:115} INFO - [2022-06-17 13:16:27,991] {dagbag.py:507} INFO - Filling up the DagBag from /home/jarret/data-engineering-bootcamp/workspace/airflow-code-review/venv/lib/python3.7/site-packages/airflow/example_dags/example_nested_branch_dag.py
[2022-06-17 13:16:27,999] {processor.py:651} INFO - DAG(s) dict_keys(['example_nested_branch_dag']) retrieved from /home/jarret/data-engineering-bootcamp/workspace/airflow-code-review/venv/lib/python3.7/site-packages/airflow/example_dags/example_nested_branch_dag.py
[2022-06-17 13:16:28,010] {logging_mixin.py:115} INFO - [2022-06-17 13:16:28,010] {dag.py:2379} INFO - Sync 1 DAGs
[2022-06-17 13:16:28,028] {logging_mixin.py:115} INFO - [2022-06-17 13:16:28,028] {dag.py:2931} INFO - Setting next_dagrun for example_nested_branch_dag to 2022-06-16T00:00:00+00:00, run_after=2022-06-17T00:00:00+00:00
[2022-06-17 13:16:28,208] {processor.py:161} INFO - Processing /home/jarret/data-engineering-bootcamp/workspace/airflow-code-review/venv/lib/python3.7/site-packages/airflow/example_dags/example_nested_branch_dag.py took 0.222 seconds
[2022-06-17 13:17:17,351] {processor.py:153} INFO - Started process (PID=19104) to work on /home/jarret/data-engineering-bootcamp/workspace/airflow-code-review/venv/lib/python3.7/site-packages/airflow/example_dags/example_nested_branch_dag.py
[2022-06-17 13:17:17,474] {processor.py:641} INFO - Processing file /home/jarret/data-engineering-bootcamp/workspace/airflow-code-review/venv/lib/python3.7/site-packages/airflow/example_dags/example_nested_branch_dag.py for tasks to queue
[2022-06-17 13:17:17,475] {logging_mixin.py:115} INFO - [2022-06-17 13:17:17,474] {dagbag.py:507} INFO - Filling up the DagBag from /home/jarret/data-engineering-bootcamp/workspace/airflow-code-review/venv/lib/python3.7/site-packages/airflow/example_dags/example_nested_branch_dag.py
[2022-06-17 13:17:17,483] {processor.py:651} INFO - DAG(s) dict_keys(['example_nested_branch_dag']) retrieved from /home/jarret/data-engineering-bootcamp/workspace/airflow-code-review/venv/lib/python3.7/site-packages/airflow/example_dags/example_nested_branch_dag.py
[2022-06-17 13:17:17,494] {logging_mixin.py:115} INFO - [2022-06-17 13:17:17,494] {dag.py:2379} INFO - Sync 1 DAGs
[2022-06-17 13:17:17,512] {logging_mixin.py:115} INFO - [2022-06-17 13:17:17,512] {dag.py:2931} INFO - Setting next_dagrun for example_nested_branch_dag to 2022-06-16T00:00:00+00:00, run_after=2022-06-17T00:00:00+00:00
[2022-06-17 13:17:18,786] {processor.py:161} INFO - Processing /home/jarret/data-engineering-bootcamp/workspace/airflow-code-review/venv/lib/python3.7/site-packages/airflow/example_dags/example_nested_branch_dag.py took 1.438 seconds
[2022-06-17 13:18:18,681] {processor.py:153} INFO - Started process (PID=19176) to work on /home/jarret/data-engineering-bootcamp/workspace/airflow-code-review/venv/lib/python3.7/site-packages/airflow/example_dags/example_nested_branch_dag.py
[2022-06-17 13:18:18,801] {processor.py:641} INFO - Processing file /home/jarret/data-engineering-bootcamp/workspace/airflow-code-review/venv/lib/python3.7/site-packages/airflow/example_dags/example_nested_branch_dag.py for tasks to queue
[2022-06-17 13:18:18,801] {logging_mixin.py:115} INFO - [2022-06-17 13:18:18,801] {dagbag.py:507} INFO - Filling up the DagBag from /home/jarret/data-engineering-bootcamp/workspace/airflow-code-review/venv/lib/python3.7/site-packages/airflow/example_dags/example_nested_branch_dag.py
[2022-06-17 13:18:18,815] {processor.py:651} INFO - DAG(s) dict_keys(['example_nested_branch_dag']) retrieved from /home/jarret/data-engineering-bootcamp/workspace/airflow-code-review/venv/lib/python3.7/site-packages/airflow/example_dags/example_nested_branch_dag.py
[2022-06-17 13:18:18,826] {logging_mixin.py:115} INFO - [2022-06-17 13:18:18,826] {dag.py:2379} INFO - Sync 1 DAGs
[2022-06-17 13:18:18,844] {logging_mixin.py:115} INFO - [2022-06-17 13:18:18,844] {dag.py:2931} INFO - Setting next_dagrun for example_nested_branch_dag to 2022-06-16T00:00:00+00:00, run_after=2022-06-17T00:00:00+00:00
[2022-06-17 13:18:19,233] {processor.py:161} INFO - Processing /home/jarret/data-engineering-bootcamp/workspace/airflow-code-review/venv/lib/python3.7/site-packages/airflow/example_dags/example_nested_branch_dag.py took 0.553 seconds
[2022-06-17 13:19:18,070] {processor.py:153} INFO - Started process (PID=19227) to work on /home/jarret/data-engineering-bootcamp/workspace/airflow-code-review/venv/lib/python3.7/site-packages/airflow/example_dags/example_nested_branch_dag.py
[2022-06-17 13:19:18,253] {processor.py:641} INFO - Processing file /home/jarret/data-engineering-bootcamp/workspace/airflow-code-review/venv/lib/python3.7/site-packages/airflow/example_dags/example_nested_branch_dag.py for tasks to queue
[2022-06-17 13:19:18,254] {logging_mixin.py:115} INFO - [2022-06-17 13:19:18,254] {dagbag.py:507} INFO - Filling up the DagBag from /home/jarret/data-engineering-bootcamp/workspace/airflow-code-review/venv/lib/python3.7/site-packages/airflow/example_dags/example_nested_branch_dag.py
[2022-06-17 13:19:18,263] {processor.py:651} INFO - DAG(s) dict_keys(['example_nested_branch_dag']) retrieved from /home/jarret/data-engineering-bootcamp/workspace/airflow-code-review/venv/lib/python3.7/site-packages/airflow/example_dags/example_nested_branch_dag.py
[2022-06-17 13:19:18,274] {logging_mixin.py:115} INFO - [2022-06-17 13:19:18,274] {dag.py:2379} INFO - Sync 1 DAGs
[2022-06-17 13:19:18,292] {logging_mixin.py:115} INFO - [2022-06-17 13:19:18,292] {dag.py:2931} INFO - Setting next_dagrun for example_nested_branch_dag to 2022-06-16T00:00:00+00:00, run_after=2022-06-17T00:00:00+00:00
[2022-06-17 13:19:18,875] {processor.py:161} INFO - Processing /home/jarret/data-engineering-bootcamp/workspace/airflow-code-review/venv/lib/python3.7/site-packages/airflow/example_dags/example_nested_branch_dag.py took 0.809 seconds
[2022-06-17 13:20:07,738] {processor.py:153} INFO - Started process (PID=19294) to work on /home/jarret/data-engineering-bootcamp/workspace/airflow-code-review/venv/lib/python3.7/site-packages/airflow/example_dags/example_nested_branch_dag.py
[2022-06-17 13:20:07,748] {processor.py:641} INFO - Processing file /home/jarret/data-engineering-bootcamp/workspace/airflow-code-review/venv/lib/python3.7/site-packages/airflow/example_dags/example_nested_branch_dag.py for tasks to queue
[2022-06-17 13:20:07,749] {logging_mixin.py:115} INFO - [2022-06-17 13:20:07,749] {dagbag.py:507} INFO - Filling up the DagBag from /home/jarret/data-engineering-bootcamp/workspace/airflow-code-review/venv/lib/python3.7/site-packages/airflow/example_dags/example_nested_branch_dag.py
[2022-06-17 13:20:07,755] {processor.py:651} INFO - DAG(s) dict_keys(['example_nested_branch_dag']) retrieved from /home/jarret/data-engineering-bootcamp/workspace/airflow-code-review/venv/lib/python3.7/site-packages/airflow/example_dags/example_nested_branch_dag.py
[2022-06-17 13:20:07,766] {logging_mixin.py:115} INFO - [2022-06-17 13:20:07,766] {dag.py:2379} INFO - Sync 1 DAGs
[2022-06-17 13:20:07,784] {logging_mixin.py:115} INFO - [2022-06-17 13:20:07,784] {dag.py:2931} INFO - Setting next_dagrun for example_nested_branch_dag to 2022-06-16T00:00:00+00:00, run_after=2022-06-17T00:00:00+00:00
[2022-06-17 13:20:07,901] {processor.py:161} INFO - Processing /home/jarret/data-engineering-bootcamp/workspace/airflow-code-review/venv/lib/python3.7/site-packages/airflow/example_dags/example_nested_branch_dag.py took 0.166 seconds
[2022-06-17 13:21:15,200] {processor.py:153} INFO - Started process (PID=19424) to work on /home/jarret/data-engineering-bootcamp/workspace/airflow-code-review/venv/lib/python3.7/site-packages/airflow/example_dags/example_nested_branch_dag.py
[2022-06-17 13:21:15,201] {processor.py:641} INFO - Processing file /home/jarret/data-engineering-bootcamp/workspace/airflow-code-review/venv/lib/python3.7/site-packages/airflow/example_dags/example_nested_branch_dag.py for tasks to queue
[2022-06-17 13:21:15,201] {logging_mixin.py:115} INFO - [2022-06-17 13:21:15,201] {dagbag.py:507} INFO - Filling up the DagBag from /home/jarret/data-engineering-bootcamp/workspace/airflow-code-review/venv/lib/python3.7/site-packages/airflow/example_dags/example_nested_branch_dag.py
[2022-06-17 13:21:15,208] {processor.py:651} INFO - DAG(s) dict_keys(['example_nested_branch_dag']) retrieved from /home/jarret/data-engineering-bootcamp/workspace/airflow-code-review/venv/lib/python3.7/site-packages/airflow/example_dags/example_nested_branch_dag.py
[2022-06-17 13:21:15,220] {logging_mixin.py:115} INFO - [2022-06-17 13:21:15,220] {dag.py:2379} INFO - Sync 1 DAGs
[2022-06-17 13:21:15,239] {logging_mixin.py:115} INFO - [2022-06-17 13:21:15,239] {dag.py:2931} INFO - Setting next_dagrun for example_nested_branch_dag to 2022-06-16T00:00:00+00:00, run_after=2022-06-17T00:00:00+00:00
[2022-06-17 13:21:15,365] {processor.py:161} INFO - Processing /home/jarret/data-engineering-bootcamp/workspace/airflow-code-review/venv/lib/python3.7/site-packages/airflow/example_dags/example_nested_branch_dag.py took 0.168 seconds
[2022-06-17 13:22:10,964] {processor.py:153} INFO - Started process (PID=19537) to work on /home/jarret/data-engineering-bootcamp/workspace/airflow-code-review/venv/lib/python3.7/site-packages/airflow/example_dags/example_nested_branch_dag.py
[2022-06-17 13:22:10,973] {processor.py:641} INFO - Processing file /home/jarret/data-engineering-bootcamp/workspace/airflow-code-review/venv/lib/python3.7/site-packages/airflow/example_dags/example_nested_branch_dag.py for tasks to queue
[2022-06-17 13:22:10,973] {logging_mixin.py:115} INFO - [2022-06-17 13:22:10,973] {dagbag.py:507} INFO - Filling up the DagBag from /home/jarret/data-engineering-bootcamp/workspace/airflow-code-review/venv/lib/python3.7/site-packages/airflow/example_dags/example_nested_branch_dag.py
[2022-06-17 13:22:10,982] {processor.py:651} INFO - DAG(s) dict_keys(['example_nested_branch_dag']) retrieved from /home/jarret/data-engineering-bootcamp/workspace/airflow-code-review/venv/lib/python3.7/site-packages/airflow/example_dags/example_nested_branch_dag.py
[2022-06-17 13:22:10,994] {logging_mixin.py:115} INFO - [2022-06-17 13:22:10,994] {dag.py:2379} INFO - Sync 1 DAGs
[2022-06-17 13:22:11,012] {logging_mixin.py:115} INFO - [2022-06-17 13:22:11,011] {dag.py:2931} INFO - Setting next_dagrun for example_nested_branch_dag to 2022-06-16T00:00:00+00:00, run_after=2022-06-17T00:00:00+00:00
[2022-06-17 13:22:11,125] {processor.py:161} INFO - Processing /home/jarret/data-engineering-bootcamp/workspace/airflow-code-review/venv/lib/python3.7/site-packages/airflow/example_dags/example_nested_branch_dag.py took 0.162 seconds
[2022-06-17 13:23:06,537] {processor.py:153} INFO - Started process (PID=19630) to work on /home/jarret/data-engineering-bootcamp/workspace/airflow-code-review/venv/lib/python3.7/site-packages/airflow/example_dags/example_nested_branch_dag.py
[2022-06-17 13:23:06,547] {processor.py:641} INFO - Processing file /home/jarret/data-engineering-bootcamp/workspace/airflow-code-review/venv/lib/python3.7/site-packages/airflow/example_dags/example_nested_branch_dag.py for tasks to queue
[2022-06-17 13:23:06,548] {logging_mixin.py:115} INFO - [2022-06-17 13:23:06,548] {dagbag.py:507} INFO - Filling up the DagBag from /home/jarret/data-engineering-bootcamp/workspace/airflow-code-review/venv/lib/python3.7/site-packages/airflow/example_dags/example_nested_branch_dag.py
[2022-06-17 13:23:06,561] {processor.py:651} INFO - DAG(s) dict_keys(['example_nested_branch_dag']) retrieved from /home/jarret/data-engineering-bootcamp/workspace/airflow-code-review/venv/lib/python3.7/site-packages/airflow/example_dags/example_nested_branch_dag.py
[2022-06-17 13:23:06,573] {logging_mixin.py:115} INFO - [2022-06-17 13:23:06,572] {dag.py:2379} INFO - Sync 1 DAGs
[2022-06-17 13:23:06,591] {logging_mixin.py:115} INFO - [2022-06-17 13:23:06,591] {dag.py:2931} INFO - Setting next_dagrun for example_nested_branch_dag to 2022-06-16T00:00:00+00:00, run_after=2022-06-17T00:00:00+00:00
[2022-06-17 13:23:06,891] {processor.py:161} INFO - Processing /home/jarret/data-engineering-bootcamp/workspace/airflow-code-review/venv/lib/python3.7/site-packages/airflow/example_dags/example_nested_branch_dag.py took 0.357 seconds
[2022-06-17 13:23:53,451] {processor.py:153} INFO - Started process (PID=19723) to work on /home/jarret/data-engineering-bootcamp/workspace/airflow-code-review/venv/lib/python3.7/site-packages/airflow/example_dags/example_nested_branch_dag.py
[2022-06-17 13:23:53,452] {processor.py:641} INFO - Processing file /home/jarret/data-engineering-bootcamp/workspace/airflow-code-review/venv/lib/python3.7/site-packages/airflow/example_dags/example_nested_branch_dag.py for tasks to queue
[2022-06-17 13:23:53,452] {logging_mixin.py:115} INFO - [2022-06-17 13:23:53,452] {dagbag.py:507} INFO - Filling up the DagBag from /home/jarret/data-engineering-bootcamp/workspace/airflow-code-review/venv/lib/python3.7/site-packages/airflow/example_dags/example_nested_branch_dag.py
[2022-06-17 13:23:53,459] {processor.py:651} INFO - DAG(s) dict_keys(['example_nested_branch_dag']) retrieved from /home/jarret/data-engineering-bootcamp/workspace/airflow-code-review/venv/lib/python3.7/site-packages/airflow/example_dags/example_nested_branch_dag.py
[2022-06-17 13:23:53,470] {logging_mixin.py:115} INFO - [2022-06-17 13:23:53,470] {dag.py:2379} INFO - Sync 1 DAGs
[2022-06-17 13:23:53,488] {logging_mixin.py:115} INFO - [2022-06-17 13:23:53,488] {dag.py:2931} INFO - Setting next_dagrun for example_nested_branch_dag to 2022-06-16T00:00:00+00:00, run_after=2022-06-17T00:00:00+00:00
[2022-06-17 13:23:54,145] {processor.py:161} INFO - Processing /home/jarret/data-engineering-bootcamp/workspace/airflow-code-review/venv/lib/python3.7/site-packages/airflow/example_dags/example_nested_branch_dag.py took 0.698 seconds
[2022-06-17 13:24:55,264] {processor.py:153} INFO - Started process (PID=19836) to work on /home/jarret/data-engineering-bootcamp/workspace/airflow-code-review/venv/lib/python3.7/site-packages/airflow/example_dags/example_nested_branch_dag.py
[2022-06-17 13:24:55,289] {processor.py:641} INFO - Processing file /home/jarret/data-engineering-bootcamp/workspace/airflow-code-review/venv/lib/python3.7/site-packages/airflow/example_dags/example_nested_branch_dag.py for tasks to queue
[2022-06-17 13:24:55,289] {logging_mixin.py:115} INFO - [2022-06-17 13:24:55,289] {dagbag.py:507} INFO - Filling up the DagBag from /home/jarret/data-engineering-bootcamp/workspace/airflow-code-review/venv/lib/python3.7/site-packages/airflow/example_dags/example_nested_branch_dag.py
[2022-06-17 13:24:55,297] {processor.py:651} INFO - DAG(s) dict_keys(['example_nested_branch_dag']) retrieved from /home/jarret/data-engineering-bootcamp/workspace/airflow-code-review/venv/lib/python3.7/site-packages/airflow/example_dags/example_nested_branch_dag.py
[2022-06-17 13:24:55,309] {logging_mixin.py:115} INFO - [2022-06-17 13:24:55,309] {dag.py:2379} INFO - Sync 1 DAGs
[2022-06-17 13:24:55,326] {logging_mixin.py:115} INFO - [2022-06-17 13:24:55,326] {dag.py:2931} INFO - Setting next_dagrun for example_nested_branch_dag to 2022-06-16T00:00:00+00:00, run_after=2022-06-17T00:00:00+00:00
[2022-06-17 13:24:56,600] {processor.py:161} INFO - Processing /home/jarret/data-engineering-bootcamp/workspace/airflow-code-review/venv/lib/python3.7/site-packages/airflow/example_dags/example_nested_branch_dag.py took 1.338 seconds
[2022-06-17 13:25:47,753] {processor.py:153} INFO - Started process (PID=19944) to work on /home/jarret/data-engineering-bootcamp/workspace/airflow-code-review/venv/lib/python3.7/site-packages/airflow/example_dags/example_nested_branch_dag.py
[2022-06-17 13:25:47,754] {processor.py:641} INFO - Processing file /home/jarret/data-engineering-bootcamp/workspace/airflow-code-review/venv/lib/python3.7/site-packages/airflow/example_dags/example_nested_branch_dag.py for tasks to queue
[2022-06-17 13:25:47,755] {logging_mixin.py:115} INFO - [2022-06-17 13:25:47,754] {dagbag.py:507} INFO - Filling up the DagBag from /home/jarret/data-engineering-bootcamp/workspace/airflow-code-review/venv/lib/python3.7/site-packages/airflow/example_dags/example_nested_branch_dag.py
[2022-06-17 13:25:47,767] {processor.py:651} INFO - DAG(s) dict_keys(['example_nested_branch_dag']) retrieved from /home/jarret/data-engineering-bootcamp/workspace/airflow-code-review/venv/lib/python3.7/site-packages/airflow/example_dags/example_nested_branch_dag.py
[2022-06-17 13:25:47,779] {logging_mixin.py:115} INFO - [2022-06-17 13:25:47,779] {dag.py:2379} INFO - Sync 1 DAGs
[2022-06-17 13:25:47,796] {logging_mixin.py:115} INFO - [2022-06-17 13:25:47,796] {dag.py:2931} INFO - Setting next_dagrun for example_nested_branch_dag to 2022-06-16T00:00:00+00:00, run_after=2022-06-17T00:00:00+00:00
[2022-06-17 13:25:47,914] {processor.py:161} INFO - Processing /home/jarret/data-engineering-bootcamp/workspace/airflow-code-review/venv/lib/python3.7/site-packages/airflow/example_dags/example_nested_branch_dag.py took 0.164 seconds
[2022-06-17 13:26:41,816] {processor.py:153} INFO - Started process (PID=20053) to work on /home/jarret/data-engineering-bootcamp/workspace/airflow-code-review/venv/lib/python3.7/site-packages/airflow/example_dags/example_nested_branch_dag.py
[2022-06-17 13:26:41,900] {processor.py:641} INFO - Processing file /home/jarret/data-engineering-bootcamp/workspace/airflow-code-review/venv/lib/python3.7/site-packages/airflow/example_dags/example_nested_branch_dag.py for tasks to queue
[2022-06-17 13:26:41,901] {logging_mixin.py:115} INFO - [2022-06-17 13:26:41,901] {dagbag.py:507} INFO - Filling up the DagBag from /home/jarret/data-engineering-bootcamp/workspace/airflow-code-review/venv/lib/python3.7/site-packages/airflow/example_dags/example_nested_branch_dag.py
[2022-06-17 13:26:41,909] {processor.py:651} INFO - DAG(s) dict_keys(['example_nested_branch_dag']) retrieved from /home/jarret/data-engineering-bootcamp/workspace/airflow-code-review/venv/lib/python3.7/site-packages/airflow/example_dags/example_nested_branch_dag.py
[2022-06-17 13:26:41,921] {logging_mixin.py:115} INFO - [2022-06-17 13:26:41,920] {dag.py:2379} INFO - Sync 1 DAGs
[2022-06-17 13:26:41,939] {logging_mixin.py:115} INFO - [2022-06-17 13:26:41,939] {dag.py:2931} INFO - Setting next_dagrun for example_nested_branch_dag to 2022-06-16T00:00:00+00:00, run_after=2022-06-17T00:00:00+00:00
[2022-06-17 13:26:42,128] {processor.py:161} INFO - Processing /home/jarret/data-engineering-bootcamp/workspace/airflow-code-review/venv/lib/python3.7/site-packages/airflow/example_dags/example_nested_branch_dag.py took 0.315 seconds
[2022-06-17 13:27:47,229] {processor.py:153} INFO - Started process (PID=20186) to work on /home/jarret/data-engineering-bootcamp/workspace/airflow-code-review/venv/lib/python3.7/site-packages/airflow/example_dags/example_nested_branch_dag.py
[2022-06-17 13:27:47,230] {processor.py:641} INFO - Processing file /home/jarret/data-engineering-bootcamp/workspace/airflow-code-review/venv/lib/python3.7/site-packages/airflow/example_dags/example_nested_branch_dag.py for tasks to queue
[2022-06-17 13:27:47,231] {logging_mixin.py:115} INFO - [2022-06-17 13:27:47,230] {dagbag.py:507} INFO - Filling up the DagBag from /home/jarret/data-engineering-bootcamp/workspace/airflow-code-review/venv/lib/python3.7/site-packages/airflow/example_dags/example_nested_branch_dag.py
[2022-06-17 13:27:47,237] {processor.py:651} INFO - DAG(s) dict_keys(['example_nested_branch_dag']) retrieved from /home/jarret/data-engineering-bootcamp/workspace/airflow-code-review/venv/lib/python3.7/site-packages/airflow/example_dags/example_nested_branch_dag.py
[2022-06-17 13:27:47,249] {logging_mixin.py:115} INFO - [2022-06-17 13:27:47,248] {dag.py:2379} INFO - Sync 1 DAGs
[2022-06-17 13:27:47,266] {logging_mixin.py:115} INFO - [2022-06-17 13:27:47,266] {dag.py:2931} INFO - Setting next_dagrun for example_nested_branch_dag to 2022-06-16T00:00:00+00:00, run_after=2022-06-17T00:00:00+00:00
[2022-06-17 13:27:47,610] {processor.py:161} INFO - Processing /home/jarret/data-engineering-bootcamp/workspace/airflow-code-review/venv/lib/python3.7/site-packages/airflow/example_dags/example_nested_branch_dag.py took 0.385 seconds
[2022-06-17 13:28:43,684] {processor.py:153} INFO - Started process (PID=20270) to work on /home/jarret/data-engineering-bootcamp/workspace/airflow-code-review/venv/lib/python3.7/site-packages/airflow/example_dags/example_nested_branch_dag.py
[2022-06-17 13:28:43,685] {processor.py:641} INFO - Processing file /home/jarret/data-engineering-bootcamp/workspace/airflow-code-review/venv/lib/python3.7/site-packages/airflow/example_dags/example_nested_branch_dag.py for tasks to queue
[2022-06-17 13:28:43,686] {logging_mixin.py:115} INFO - [2022-06-17 13:28:43,686] {dagbag.py:507} INFO - Filling up the DagBag from /home/jarret/data-engineering-bootcamp/workspace/airflow-code-review/venv/lib/python3.7/site-packages/airflow/example_dags/example_nested_branch_dag.py
[2022-06-17 13:28:43,695] {processor.py:651} INFO - DAG(s) dict_keys(['example_nested_branch_dag']) retrieved from /home/jarret/data-engineering-bootcamp/workspace/airflow-code-review/venv/lib/python3.7/site-packages/airflow/example_dags/example_nested_branch_dag.py
[2022-06-17 13:28:43,706] {logging_mixin.py:115} INFO - [2022-06-17 13:28:43,706] {dag.py:2379} INFO - Sync 1 DAGs
[2022-06-17 13:28:43,723] {logging_mixin.py:115} INFO - [2022-06-17 13:28:43,723] {dag.py:2931} INFO - Setting next_dagrun for example_nested_branch_dag to 2022-06-16T00:00:00+00:00, run_after=2022-06-17T00:00:00+00:00
[2022-06-17 13:28:45,559] {processor.py:161} INFO - Processing /home/jarret/data-engineering-bootcamp/workspace/airflow-code-review/venv/lib/python3.7/site-packages/airflow/example_dags/example_nested_branch_dag.py took 1.878 seconds
[2022-06-17 13:29:43,460] {processor.py:153} INFO - Started process (PID=20524) to work on /home/jarret/data-engineering-bootcamp/workspace/airflow-code-review/venv/lib/python3.7/site-packages/airflow/example_dags/example_nested_branch_dag.py
[2022-06-17 13:29:43,471] {processor.py:641} INFO - Processing file /home/jarret/data-engineering-bootcamp/workspace/airflow-code-review/venv/lib/python3.7/site-packages/airflow/example_dags/example_nested_branch_dag.py for tasks to queue
[2022-06-17 13:29:43,471] {logging_mixin.py:115} INFO - [2022-06-17 13:29:43,471] {dagbag.py:507} INFO - Filling up the DagBag from /home/jarret/data-engineering-bootcamp/workspace/airflow-code-review/venv/lib/python3.7/site-packages/airflow/example_dags/example_nested_branch_dag.py
[2022-06-17 13:29:43,477] {processor.py:651} INFO - DAG(s) dict_keys(['example_nested_branch_dag']) retrieved from /home/jarret/data-engineering-bootcamp/workspace/airflow-code-review/venv/lib/python3.7/site-packages/airflow/example_dags/example_nested_branch_dag.py
[2022-06-17 13:29:43,488] {logging_mixin.py:115} INFO - [2022-06-17 13:29:43,488] {dag.py:2379} INFO - Sync 1 DAGs
[2022-06-17 13:29:43,506] {logging_mixin.py:115} INFO - [2022-06-17 13:29:43,506] {dag.py:2931} INFO - Setting next_dagrun for example_nested_branch_dag to 2022-06-16T00:00:00+00:00, run_after=2022-06-17T00:00:00+00:00
[2022-06-17 13:29:43,960] {processor.py:161} INFO - Processing /home/jarret/data-engineering-bootcamp/workspace/airflow-code-review/venv/lib/python3.7/site-packages/airflow/example_dags/example_nested_branch_dag.py took 0.503 seconds
[2022-06-17 13:30:38,833] {processor.py:153} INFO - Started process (PID=20621) to work on /home/jarret/data-engineering-bootcamp/workspace/airflow-code-review/venv/lib/python3.7/site-packages/airflow/example_dags/example_nested_branch_dag.py
[2022-06-17 13:30:38,859] {processor.py:641} INFO - Processing file /home/jarret/data-engineering-bootcamp/workspace/airflow-code-review/venv/lib/python3.7/site-packages/airflow/example_dags/example_nested_branch_dag.py for tasks to queue
[2022-06-17 13:30:38,859] {logging_mixin.py:115} INFO - [2022-06-17 13:30:38,859] {dagbag.py:507} INFO - Filling up the DagBag from /home/jarret/data-engineering-bootcamp/workspace/airflow-code-review/venv/lib/python3.7/site-packages/airflow/example_dags/example_nested_branch_dag.py
[2022-06-17 13:30:38,876] {processor.py:651} INFO - DAG(s) dict_keys(['example_nested_branch_dag']) retrieved from /home/jarret/data-engineering-bootcamp/workspace/airflow-code-review/venv/lib/python3.7/site-packages/airflow/example_dags/example_nested_branch_dag.py
[2022-06-17 13:30:38,888] {logging_mixin.py:115} INFO - [2022-06-17 13:30:38,888] {dag.py:2379} INFO - Sync 1 DAGs
[2022-06-17 13:30:38,906] {logging_mixin.py:115} INFO - [2022-06-17 13:30:38,906] {dag.py:2931} INFO - Setting next_dagrun for example_nested_branch_dag to 2022-06-16T00:00:00+00:00, run_after=2022-06-17T00:00:00+00:00
[2022-06-17 13:30:40,559] {processor.py:161} INFO - Processing /home/jarret/data-engineering-bootcamp/workspace/airflow-code-review/venv/lib/python3.7/site-packages/airflow/example_dags/example_nested_branch_dag.py took 1.729 seconds
[2022-06-17 13:31:39,102] {processor.py:153} INFO - Started process (PID=20880) to work on /home/jarret/data-engineering-bootcamp/workspace/airflow-code-review/venv/lib/python3.7/site-packages/airflow/example_dags/example_nested_branch_dag.py
[2022-06-17 13:31:39,118] {processor.py:641} INFO - Processing file /home/jarret/data-engineering-bootcamp/workspace/airflow-code-review/venv/lib/python3.7/site-packages/airflow/example_dags/example_nested_branch_dag.py for tasks to queue
[2022-06-17 13:31:39,119] {logging_mixin.py:115} INFO - [2022-06-17 13:31:39,119] {dagbag.py:507} INFO - Filling up the DagBag from /home/jarret/data-engineering-bootcamp/workspace/airflow-code-review/venv/lib/python3.7/site-packages/airflow/example_dags/example_nested_branch_dag.py
[2022-06-17 13:31:39,127] {processor.py:651} INFO - DAG(s) dict_keys(['example_nested_branch_dag']) retrieved from /home/jarret/data-engineering-bootcamp/workspace/airflow-code-review/venv/lib/python3.7/site-packages/airflow/example_dags/example_nested_branch_dag.py
[2022-06-17 13:31:39,140] {logging_mixin.py:115} INFO - [2022-06-17 13:31:39,140] {dag.py:2379} INFO - Sync 1 DAGs
[2022-06-17 13:31:39,157] {logging_mixin.py:115} INFO - [2022-06-17 13:31:39,157] {dag.py:2931} INFO - Setting next_dagrun for example_nested_branch_dag to 2022-06-16T00:00:00+00:00, run_after=2022-06-17T00:00:00+00:00
[2022-06-17 13:31:39,723] {processor.py:161} INFO - Processing /home/jarret/data-engineering-bootcamp/workspace/airflow-code-review/venv/lib/python3.7/site-packages/airflow/example_dags/example_nested_branch_dag.py took 0.624 seconds
[2022-06-17 13:32:36,279] {processor.py:153} INFO - Started process (PID=21998) to work on /home/jarret/data-engineering-bootcamp/workspace/airflow-code-review/venv/lib/python3.7/site-packages/airflow/example_dags/example_nested_branch_dag.py
[2022-06-17 13:32:36,280] {processor.py:641} INFO - Processing file /home/jarret/data-engineering-bootcamp/workspace/airflow-code-review/venv/lib/python3.7/site-packages/airflow/example_dags/example_nested_branch_dag.py for tasks to queue
[2022-06-17 13:32:36,281] {logging_mixin.py:115} INFO - [2022-06-17 13:32:36,281] {dagbag.py:507} INFO - Filling up the DagBag from /home/jarret/data-engineering-bootcamp/workspace/airflow-code-review/venv/lib/python3.7/site-packages/airflow/example_dags/example_nested_branch_dag.py
[2022-06-17 13:32:36,288] {processor.py:651} INFO - DAG(s) dict_keys(['example_nested_branch_dag']) retrieved from /home/jarret/data-engineering-bootcamp/workspace/airflow-code-review/venv/lib/python3.7/site-packages/airflow/example_dags/example_nested_branch_dag.py
[2022-06-17 13:32:36,299] {logging_mixin.py:115} INFO - [2022-06-17 13:32:36,299] {dag.py:2379} INFO - Sync 1 DAGs
[2022-06-17 13:32:36,317] {logging_mixin.py:115} INFO - [2022-06-17 13:32:36,317] {dag.py:2931} INFO - Setting next_dagrun for example_nested_branch_dag to 2022-06-16T00:00:00+00:00, run_after=2022-06-17T00:00:00+00:00
[2022-06-17 13:32:37,462] {processor.py:161} INFO - Processing /home/jarret/data-engineering-bootcamp/workspace/airflow-code-review/venv/lib/python3.7/site-packages/airflow/example_dags/example_nested_branch_dag.py took 1.186 seconds
[2022-06-17 13:33:50,452] {processor.py:153} INFO - Started process (PID=23031) to work on /home/jarret/data-engineering-bootcamp/workspace/airflow-code-review/venv/lib/python3.7/site-packages/airflow/example_dags/example_nested_branch_dag.py
[2022-06-17 13:33:50,453] {processor.py:641} INFO - Processing file /home/jarret/data-engineering-bootcamp/workspace/airflow-code-review/venv/lib/python3.7/site-packages/airflow/example_dags/example_nested_branch_dag.py for tasks to queue
[2022-06-17 13:33:50,454] {logging_mixin.py:115} INFO - [2022-06-17 13:33:50,454] {dagbag.py:507} INFO - Filling up the DagBag from /home/jarret/data-engineering-bootcamp/workspace/airflow-code-review/venv/lib/python3.7/site-packages/airflow/example_dags/example_nested_branch_dag.py
[2022-06-17 13:33:50,462] {processor.py:651} INFO - DAG(s) dict_keys(['example_nested_branch_dag']) retrieved from /home/jarret/data-engineering-bootcamp/workspace/airflow-code-review/venv/lib/python3.7/site-packages/airflow/example_dags/example_nested_branch_dag.py
[2022-06-17 13:33:50,475] {logging_mixin.py:115} INFO - [2022-06-17 13:33:50,475] {dag.py:2379} INFO - Sync 1 DAGs
[2022-06-17 13:33:50,498] {logging_mixin.py:115} INFO - [2022-06-17 13:33:50,498] {dag.py:2931} INFO - Setting next_dagrun for example_nested_branch_dag to 2022-06-16T00:00:00+00:00, run_after=2022-06-17T00:00:00+00:00
[2022-06-17 13:33:50,624] {processor.py:161} INFO - Processing /home/jarret/data-engineering-bootcamp/workspace/airflow-code-review/venv/lib/python3.7/site-packages/airflow/example_dags/example_nested_branch_dag.py took 0.175 seconds
