[2022-06-17 12:37:39,104] {processor.py:153} INFO - Started process (PID=15736) to work on /home/jarret/data-engineering-bootcamp/workspace/airflow-code-review/venv/lib/python3.7/site-packages/airflow/example_dags/example_external_task_marker_dag.py
[2022-06-17 12:37:39,104] {processor.py:641} INFO - Processing file /home/jarret/data-engineering-bootcamp/workspace/airflow-code-review/venv/lib/python3.7/site-packages/airflow/example_dags/example_external_task_marker_dag.py for tasks to queue
[2022-06-17 12:37:39,105] {logging_mixin.py:115} INFO - [2022-06-17 12:37:39,105] {dagbag.py:507} INFO - Filling up the DagBag from /home/jarret/data-engineering-bootcamp/workspace/airflow-code-review/venv/lib/python3.7/site-packages/airflow/example_dags/example_external_task_marker_dag.py
[2022-06-17 12:37:39,107] {processor.py:651} INFO - DAG(s) dict_keys(['example_external_task_marker_parent', 'example_external_task_marker_child']) retrieved from /home/jarret/data-engineering-bootcamp/workspace/airflow-code-review/venv/lib/python3.7/site-packages/airflow/example_dags/example_external_task_marker_dag.py
[2022-06-17 12:37:39,411] {logging_mixin.py:115} INFO - [2022-06-17 12:37:39,411] {manager.py:508} INFO - Created Permission View: can read on DAG:example_external_task_marker_parent
[2022-06-17 12:37:39,528] {logging_mixin.py:115} INFO - [2022-06-17 12:37:39,528] {manager.py:508} INFO - Created Permission View: can delete on DAG:example_external_task_marker_parent
[2022-06-17 12:37:39,894] {logging_mixin.py:115} INFO - [2022-06-17 12:37:39,894] {manager.py:508} INFO - Created Permission View: can edit on DAG:example_external_task_marker_parent
[2022-06-17 12:37:40,153] {logging_mixin.py:115} INFO - [2022-06-17 12:37:40,153] {manager.py:508} INFO - Created Permission View: can read on DAG:example_external_task_marker_child
[2022-06-17 12:37:40,278] {logging_mixin.py:115} INFO - [2022-06-17 12:37:40,277] {manager.py:508} INFO - Created Permission View: can delete on DAG:example_external_task_marker_child
[2022-06-17 12:37:40,403] {logging_mixin.py:115} INFO - [2022-06-17 12:37:40,403] {manager.py:508} INFO - Created Permission View: can edit on DAG:example_external_task_marker_child
[2022-06-17 12:37:40,403] {logging_mixin.py:115} INFO - [2022-06-17 12:37:40,403] {dag.py:2379} INFO - Sync 2 DAGs
[2022-06-17 12:37:40,414] {logging_mixin.py:115} INFO - [2022-06-17 12:37:40,413] {dag.py:2398} INFO - Creating ORM DAG for example_external_task_marker_parent
[2022-06-17 12:37:40,414] {logging_mixin.py:115} INFO - [2022-06-17 12:37:40,414] {dag.py:2398} INFO - Creating ORM DAG for example_external_task_marker_child
[2022-06-17 12:37:40,422] {logging_mixin.py:115} INFO - [2022-06-17 12:37:40,422] {dag.py:2931} INFO - Setting next_dagrun for example_external_task_marker_child to None, run_after=None
[2022-06-17 12:37:40,423] {logging_mixin.py:115} INFO - [2022-06-17 12:37:40,423] {dag.py:2931} INFO - Setting next_dagrun for example_external_task_marker_parent to None, run_after=None
[2022-06-17 12:37:40,586] {processor.py:161} INFO - Processing /home/jarret/data-engineering-bootcamp/workspace/airflow-code-review/venv/lib/python3.7/site-packages/airflow/example_dags/example_external_task_marker_dag.py took 1.485 seconds
[2022-06-17 12:38:50,850] {processor.py:153} INFO - Started process (PID=15800) to work on /home/jarret/data-engineering-bootcamp/workspace/airflow-code-review/venv/lib/python3.7/site-packages/airflow/example_dags/example_external_task_marker_dag.py
[2022-06-17 12:38:50,852] {processor.py:641} INFO - Processing file /home/jarret/data-engineering-bootcamp/workspace/airflow-code-review/venv/lib/python3.7/site-packages/airflow/example_dags/example_external_task_marker_dag.py for tasks to queue
[2022-06-17 12:38:50,853] {logging_mixin.py:115} INFO - [2022-06-17 12:38:50,853] {dagbag.py:507} INFO - Filling up the DagBag from /home/jarret/data-engineering-bootcamp/workspace/airflow-code-review/venv/lib/python3.7/site-packages/airflow/example_dags/example_external_task_marker_dag.py
[2022-06-17 12:38:50,859] {processor.py:651} INFO - DAG(s) dict_keys(['example_external_task_marker_parent', 'example_external_task_marker_child']) retrieved from /home/jarret/data-engineering-bootcamp/workspace/airflow-code-review/venv/lib/python3.7/site-packages/airflow/example_dags/example_external_task_marker_dag.py
[2022-06-17 12:38:50,881] {logging_mixin.py:115} INFO - [2022-06-17 12:38:50,880] {dag.py:2379} INFO - Sync 2 DAGs
[2022-06-17 12:38:50,895] {logging_mixin.py:115} INFO - [2022-06-17 12:38:50,895] {dag.py:2931} INFO - Setting next_dagrun for example_external_task_marker_child to None, run_after=None
[2022-06-17 12:38:50,895] {logging_mixin.py:115} INFO - [2022-06-17 12:38:50,895] {dag.py:2931} INFO - Setting next_dagrun for example_external_task_marker_parent to None, run_after=None
[2022-06-17 12:38:51,991] {processor.py:161} INFO - Processing /home/jarret/data-engineering-bootcamp/workspace/airflow-code-review/venv/lib/python3.7/site-packages/airflow/example_dags/example_external_task_marker_dag.py took 1.143 seconds
[2022-06-17 12:40:13,173] {processor.py:153} INFO - Started process (PID=15866) to work on /home/jarret/data-engineering-bootcamp/workspace/airflow-code-review/venv/lib/python3.7/site-packages/airflow/example_dags/example_external_task_marker_dag.py
[2022-06-17 12:40:13,174] {processor.py:641} INFO - Processing file /home/jarret/data-engineering-bootcamp/workspace/airflow-code-review/venv/lib/python3.7/site-packages/airflow/example_dags/example_external_task_marker_dag.py for tasks to queue
[2022-06-17 12:40:13,174] {logging_mixin.py:115} INFO - [2022-06-17 12:40:13,174] {dagbag.py:507} INFO - Filling up the DagBag from /home/jarret/data-engineering-bootcamp/workspace/airflow-code-review/venv/lib/python3.7/site-packages/airflow/example_dags/example_external_task_marker_dag.py
[2022-06-17 12:40:13,179] {processor.py:651} INFO - DAG(s) dict_keys(['example_external_task_marker_parent', 'example_external_task_marker_child']) retrieved from /home/jarret/data-engineering-bootcamp/workspace/airflow-code-review/venv/lib/python3.7/site-packages/airflow/example_dags/example_external_task_marker_dag.py
[2022-06-17 12:40:13,201] {logging_mixin.py:115} INFO - [2022-06-17 12:40:13,201] {dag.py:2379} INFO - Sync 2 DAGs
[2022-06-17 12:40:13,216] {logging_mixin.py:115} INFO - [2022-06-17 12:40:13,216] {dag.py:2931} INFO - Setting next_dagrun for example_external_task_marker_child to None, run_after=None
[2022-06-17 12:40:13,216] {logging_mixin.py:115} INFO - [2022-06-17 12:40:13,216] {dag.py:2931} INFO - Setting next_dagrun for example_external_task_marker_parent to None, run_after=None
[2022-06-17 12:40:13,332] {processor.py:161} INFO - Processing /home/jarret/data-engineering-bootcamp/workspace/airflow-code-review/venv/lib/python3.7/site-packages/airflow/example_dags/example_external_task_marker_dag.py took 0.162 seconds
[2022-06-17 12:41:16,930] {processor.py:153} INFO - Started process (PID=15967) to work on /home/jarret/data-engineering-bootcamp/workspace/airflow-code-review/venv/lib/python3.7/site-packages/airflow/example_dags/example_external_task_marker_dag.py
[2022-06-17 12:41:16,939] {processor.py:641} INFO - Processing file /home/jarret/data-engineering-bootcamp/workspace/airflow-code-review/venv/lib/python3.7/site-packages/airflow/example_dags/example_external_task_marker_dag.py for tasks to queue
[2022-06-17 12:41:16,940] {logging_mixin.py:115} INFO - [2022-06-17 12:41:16,940] {dagbag.py:507} INFO - Filling up the DagBag from /home/jarret/data-engineering-bootcamp/workspace/airflow-code-review/venv/lib/python3.7/site-packages/airflow/example_dags/example_external_task_marker_dag.py
[2022-06-17 12:41:16,942] {processor.py:651} INFO - DAG(s) dict_keys(['example_external_task_marker_parent', 'example_external_task_marker_child']) retrieved from /home/jarret/data-engineering-bootcamp/workspace/airflow-code-review/venv/lib/python3.7/site-packages/airflow/example_dags/example_external_task_marker_dag.py
[2022-06-17 12:41:16,962] {logging_mixin.py:115} INFO - [2022-06-17 12:41:16,962] {dag.py:2379} INFO - Sync 2 DAGs
[2022-06-17 12:41:16,977] {logging_mixin.py:115} INFO - [2022-06-17 12:41:16,977] {dag.py:2931} INFO - Setting next_dagrun for example_external_task_marker_child to None, run_after=None
[2022-06-17 12:41:16,977] {logging_mixin.py:115} INFO - [2022-06-17 12:41:16,977] {dag.py:2931} INFO - Setting next_dagrun for example_external_task_marker_parent to None, run_after=None
[2022-06-17 12:41:17,113] {processor.py:161} INFO - Processing /home/jarret/data-engineering-bootcamp/workspace/airflow-code-review/venv/lib/python3.7/site-packages/airflow/example_dags/example_external_task_marker_dag.py took 0.186 seconds
[2022-06-17 12:42:27,165] {processor.py:153} INFO - Started process (PID=16040) to work on /home/jarret/data-engineering-bootcamp/workspace/airflow-code-review/venv/lib/python3.7/site-packages/airflow/example_dags/example_external_task_marker_dag.py
[2022-06-17 12:42:27,717] {processor.py:641} INFO - Processing file /home/jarret/data-engineering-bootcamp/workspace/airflow-code-review/venv/lib/python3.7/site-packages/airflow/example_dags/example_external_task_marker_dag.py for tasks to queue
[2022-06-17 12:42:27,717] {logging_mixin.py:115} INFO - [2022-06-17 12:42:27,717] {dagbag.py:507} INFO - Filling up the DagBag from /home/jarret/data-engineering-bootcamp/workspace/airflow-code-review/venv/lib/python3.7/site-packages/airflow/example_dags/example_external_task_marker_dag.py
[2022-06-17 12:42:27,724] {processor.py:651} INFO - DAG(s) dict_keys(['example_external_task_marker_parent', 'example_external_task_marker_child']) retrieved from /home/jarret/data-engineering-bootcamp/workspace/airflow-code-review/venv/lib/python3.7/site-packages/airflow/example_dags/example_external_task_marker_dag.py
[2022-06-17 12:42:27,752] {logging_mixin.py:115} INFO - [2022-06-17 12:42:27,751] {dag.py:2379} INFO - Sync 2 DAGs
[2022-06-17 12:42:27,770] {logging_mixin.py:115} INFO - [2022-06-17 12:42:27,770] {dag.py:2931} INFO - Setting next_dagrun for example_external_task_marker_child to None, run_after=None
[2022-06-17 12:42:27,770] {logging_mixin.py:115} INFO - [2022-06-17 12:42:27,770] {dag.py:2931} INFO - Setting next_dagrun for example_external_task_marker_parent to None, run_after=None
[2022-06-17 12:42:28,460] {processor.py:161} INFO - Processing /home/jarret/data-engineering-bootcamp/workspace/airflow-code-review/venv/lib/python3.7/site-packages/airflow/example_dags/example_external_task_marker_dag.py took 1.298 seconds
[2022-06-17 12:43:52,067] {processor.py:153} INFO - Started process (PID=16198) to work on /home/jarret/data-engineering-bootcamp/workspace/airflow-code-review/venv/lib/python3.7/site-packages/airflow/example_dags/example_external_task_marker_dag.py
[2022-06-17 12:43:52,091] {processor.py:641} INFO - Processing file /home/jarret/data-engineering-bootcamp/workspace/airflow-code-review/venv/lib/python3.7/site-packages/airflow/example_dags/example_external_task_marker_dag.py for tasks to queue
[2022-06-17 12:43:52,091] {logging_mixin.py:115} INFO - [2022-06-17 12:43:52,091] {dagbag.py:507} INFO - Filling up the DagBag from /home/jarret/data-engineering-bootcamp/workspace/airflow-code-review/venv/lib/python3.7/site-packages/airflow/example_dags/example_external_task_marker_dag.py
[2022-06-17 12:43:52,094] {processor.py:651} INFO - DAG(s) dict_keys(['example_external_task_marker_parent', 'example_external_task_marker_child']) retrieved from /home/jarret/data-engineering-bootcamp/workspace/airflow-code-review/venv/lib/python3.7/site-packages/airflow/example_dags/example_external_task_marker_dag.py
[2022-06-17 12:43:52,113] {logging_mixin.py:115} INFO - [2022-06-17 12:43:52,113] {dag.py:2379} INFO - Sync 2 DAGs
[2022-06-17 12:43:52,128] {logging_mixin.py:115} INFO - [2022-06-17 12:43:52,128] {dag.py:2931} INFO - Setting next_dagrun for example_external_task_marker_child to None, run_after=None
[2022-06-17 12:43:52,128] {logging_mixin.py:115} INFO - [2022-06-17 12:43:52,128] {dag.py:2931} INFO - Setting next_dagrun for example_external_task_marker_parent to None, run_after=None
[2022-06-17 12:43:53,037] {processor.py:161} INFO - Processing /home/jarret/data-engineering-bootcamp/workspace/airflow-code-review/venv/lib/python3.7/site-packages/airflow/example_dags/example_external_task_marker_dag.py took 0.972 seconds
[2022-06-17 12:45:30,804] {processor.py:153} INFO - Started process (PID=16348) to work on /home/jarret/data-engineering-bootcamp/workspace/airflow-code-review/venv/lib/python3.7/site-packages/airflow/example_dags/example_external_task_marker_dag.py
[2022-06-17 12:45:30,881] {processor.py:641} INFO - Processing file /home/jarret/data-engineering-bootcamp/workspace/airflow-code-review/venv/lib/python3.7/site-packages/airflow/example_dags/example_external_task_marker_dag.py for tasks to queue
[2022-06-17 12:45:30,882] {logging_mixin.py:115} INFO - [2022-06-17 12:45:30,882] {dagbag.py:507} INFO - Filling up the DagBag from /home/jarret/data-engineering-bootcamp/workspace/airflow-code-review/venv/lib/python3.7/site-packages/airflow/example_dags/example_external_task_marker_dag.py
[2022-06-17 12:45:30,889] {processor.py:651} INFO - DAG(s) dict_keys(['example_external_task_marker_parent', 'example_external_task_marker_child']) retrieved from /home/jarret/data-engineering-bootcamp/workspace/airflow-code-review/venv/lib/python3.7/site-packages/airflow/example_dags/example_external_task_marker_dag.py
[2022-06-17 12:45:30,915] {logging_mixin.py:115} INFO - [2022-06-17 12:45:30,915] {dag.py:2379} INFO - Sync 2 DAGs
[2022-06-17 12:45:30,930] {logging_mixin.py:115} INFO - [2022-06-17 12:45:30,930] {dag.py:2931} INFO - Setting next_dagrun for example_external_task_marker_child to None, run_after=None
[2022-06-17 12:45:30,931] {logging_mixin.py:115} INFO - [2022-06-17 12:45:30,931] {dag.py:2931} INFO - Setting next_dagrun for example_external_task_marker_parent to None, run_after=None
[2022-06-17 12:45:32,199] {processor.py:161} INFO - Processing /home/jarret/data-engineering-bootcamp/workspace/airflow-code-review/venv/lib/python3.7/site-packages/airflow/example_dags/example_external_task_marker_dag.py took 1.397 seconds
[2022-06-17 12:46:42,234] {processor.py:153} INFO - Started process (PID=16473) to work on /home/jarret/data-engineering-bootcamp/workspace/airflow-code-review/venv/lib/python3.7/site-packages/airflow/example_dags/example_external_task_marker_dag.py
[2022-06-17 12:46:42,286] {processor.py:641} INFO - Processing file /home/jarret/data-engineering-bootcamp/workspace/airflow-code-review/venv/lib/python3.7/site-packages/airflow/example_dags/example_external_task_marker_dag.py for tasks to queue
[2022-06-17 12:46:42,286] {logging_mixin.py:115} INFO - [2022-06-17 12:46:42,286] {dagbag.py:507} INFO - Filling up the DagBag from /home/jarret/data-engineering-bootcamp/workspace/airflow-code-review/venv/lib/python3.7/site-packages/airflow/example_dags/example_external_task_marker_dag.py
[2022-06-17 12:46:42,292] {processor.py:651} INFO - DAG(s) dict_keys(['example_external_task_marker_parent', 'example_external_task_marker_child']) retrieved from /home/jarret/data-engineering-bootcamp/workspace/airflow-code-review/venv/lib/python3.7/site-packages/airflow/example_dags/example_external_task_marker_dag.py
[2022-06-17 12:46:42,316] {logging_mixin.py:115} INFO - [2022-06-17 12:46:42,316] {dag.py:2379} INFO - Sync 2 DAGs
[2022-06-17 12:46:42,331] {logging_mixin.py:115} INFO - [2022-06-17 12:46:42,331] {dag.py:2931} INFO - Setting next_dagrun for example_external_task_marker_child to None, run_after=None
[2022-06-17 12:46:42,332] {logging_mixin.py:115} INFO - [2022-06-17 12:46:42,332] {dag.py:2931} INFO - Setting next_dagrun for example_external_task_marker_parent to None, run_after=None
[2022-06-17 12:46:42,939] {processor.py:161} INFO - Processing /home/jarret/data-engineering-bootcamp/workspace/airflow-code-review/venv/lib/python3.7/site-packages/airflow/example_dags/example_external_task_marker_dag.py took 0.708 seconds
[2022-06-17 12:47:43,471] {processor.py:153} INFO - Started process (PID=16517) to work on /home/jarret/data-engineering-bootcamp/workspace/airflow-code-review/venv/lib/python3.7/site-packages/airflow/example_dags/example_external_task_marker_dag.py
[2022-06-17 12:47:43,576] {processor.py:641} INFO - Processing file /home/jarret/data-engineering-bootcamp/workspace/airflow-code-review/venv/lib/python3.7/site-packages/airflow/example_dags/example_external_task_marker_dag.py for tasks to queue
[2022-06-17 12:47:43,576] {logging_mixin.py:115} INFO - [2022-06-17 12:47:43,576] {dagbag.py:507} INFO - Filling up the DagBag from /home/jarret/data-engineering-bootcamp/workspace/airflow-code-review/venv/lib/python3.7/site-packages/airflow/example_dags/example_external_task_marker_dag.py
[2022-06-17 12:47:43,579] {processor.py:651} INFO - DAG(s) dict_keys(['example_external_task_marker_parent', 'example_external_task_marker_child']) retrieved from /home/jarret/data-engineering-bootcamp/workspace/airflow-code-review/venv/lib/python3.7/site-packages/airflow/example_dags/example_external_task_marker_dag.py
[2022-06-17 12:47:43,602] {logging_mixin.py:115} INFO - [2022-06-17 12:47:43,602] {dag.py:2379} INFO - Sync 2 DAGs
[2022-06-17 12:47:43,618] {logging_mixin.py:115} INFO - [2022-06-17 12:47:43,618] {dag.py:2931} INFO - Setting next_dagrun for example_external_task_marker_child to None, run_after=None
[2022-06-17 12:47:43,619] {logging_mixin.py:115} INFO - [2022-06-17 12:47:43,618] {dag.py:2931} INFO - Setting next_dagrun for example_external_task_marker_parent to None, run_after=None
[2022-06-17 12:47:45,213] {processor.py:161} INFO - Processing /home/jarret/data-engineering-bootcamp/workspace/airflow-code-review/venv/lib/python3.7/site-packages/airflow/example_dags/example_external_task_marker_dag.py took 1.745 seconds
[2022-06-17 12:48:56,467] {processor.py:153} INFO - Started process (PID=16580) to work on /home/jarret/data-engineering-bootcamp/workspace/airflow-code-review/venv/lib/python3.7/site-packages/airflow/example_dags/example_external_task_marker_dag.py
[2022-06-17 12:48:56,468] {processor.py:641} INFO - Processing file /home/jarret/data-engineering-bootcamp/workspace/airflow-code-review/venv/lib/python3.7/site-packages/airflow/example_dags/example_external_task_marker_dag.py for tasks to queue
[2022-06-17 12:48:56,469] {logging_mixin.py:115} INFO - [2022-06-17 12:48:56,469] {dagbag.py:507} INFO - Filling up the DagBag from /home/jarret/data-engineering-bootcamp/workspace/airflow-code-review/venv/lib/python3.7/site-packages/airflow/example_dags/example_external_task_marker_dag.py
[2022-06-17 12:48:56,475] {processor.py:651} INFO - DAG(s) dict_keys(['example_external_task_marker_parent', 'example_external_task_marker_child']) retrieved from /home/jarret/data-engineering-bootcamp/workspace/airflow-code-review/venv/lib/python3.7/site-packages/airflow/example_dags/example_external_task_marker_dag.py
[2022-06-17 12:48:56,496] {logging_mixin.py:115} INFO - [2022-06-17 12:48:56,495] {dag.py:2379} INFO - Sync 2 DAGs
[2022-06-17 12:48:56,511] {logging_mixin.py:115} INFO - [2022-06-17 12:48:56,511] {dag.py:2931} INFO - Setting next_dagrun for example_external_task_marker_child to None, run_after=None
[2022-06-17 12:48:56,512] {logging_mixin.py:115} INFO - [2022-06-17 12:48:56,512] {dag.py:2931} INFO - Setting next_dagrun for example_external_task_marker_parent to None, run_after=None
[2022-06-17 12:48:57,512] {processor.py:161} INFO - Processing /home/jarret/data-engineering-bootcamp/workspace/airflow-code-review/venv/lib/python3.7/site-packages/airflow/example_dags/example_external_task_marker_dag.py took 1.049 seconds
[2022-06-17 12:50:10,241] {processor.py:153} INFO - Started process (PID=16722) to work on /home/jarret/data-engineering-bootcamp/workspace/airflow-code-review/venv/lib/python3.7/site-packages/airflow/example_dags/example_external_task_marker_dag.py
[2022-06-17 12:50:10,243] {processor.py:641} INFO - Processing file /home/jarret/data-engineering-bootcamp/workspace/airflow-code-review/venv/lib/python3.7/site-packages/airflow/example_dags/example_external_task_marker_dag.py for tasks to queue
[2022-06-17 12:50:10,243] {logging_mixin.py:115} INFO - [2022-06-17 12:50:10,243] {dagbag.py:507} INFO - Filling up the DagBag from /home/jarret/data-engineering-bootcamp/workspace/airflow-code-review/venv/lib/python3.7/site-packages/airflow/example_dags/example_external_task_marker_dag.py
[2022-06-17 12:50:10,247] {processor.py:651} INFO - DAG(s) dict_keys(['example_external_task_marker_parent', 'example_external_task_marker_child']) retrieved from /home/jarret/data-engineering-bootcamp/workspace/airflow-code-review/venv/lib/python3.7/site-packages/airflow/example_dags/example_external_task_marker_dag.py
[2022-06-17 12:50:10,268] {logging_mixin.py:115} INFO - [2022-06-17 12:50:10,268] {dag.py:2379} INFO - Sync 2 DAGs
[2022-06-17 12:50:10,283] {logging_mixin.py:115} INFO - [2022-06-17 12:50:10,283] {dag.py:2931} INFO - Setting next_dagrun for example_external_task_marker_child to None, run_after=None
[2022-06-17 12:50:10,284] {logging_mixin.py:115} INFO - [2022-06-17 12:50:10,284] {dag.py:2931} INFO - Setting next_dagrun for example_external_task_marker_parent to None, run_after=None
[2022-06-17 12:50:11,432] {processor.py:161} INFO - Processing /home/jarret/data-engineering-bootcamp/workspace/airflow-code-review/venv/lib/python3.7/site-packages/airflow/example_dags/example_external_task_marker_dag.py took 1.194 seconds
[2022-06-17 12:51:45,252] {processor.py:153} INFO - Started process (PID=16878) to work on /home/jarret/data-engineering-bootcamp/workspace/airflow-code-review/venv/lib/python3.7/site-packages/airflow/example_dags/example_external_task_marker_dag.py
[2022-06-17 12:51:45,303] {processor.py:641} INFO - Processing file /home/jarret/data-engineering-bootcamp/workspace/airflow-code-review/venv/lib/python3.7/site-packages/airflow/example_dags/example_external_task_marker_dag.py for tasks to queue
[2022-06-17 12:51:45,304] {logging_mixin.py:115} INFO - [2022-06-17 12:51:45,303] {dagbag.py:507} INFO - Filling up the DagBag from /home/jarret/data-engineering-bootcamp/workspace/airflow-code-review/venv/lib/python3.7/site-packages/airflow/example_dags/example_external_task_marker_dag.py
[2022-06-17 12:51:45,309] {processor.py:651} INFO - DAG(s) dict_keys(['example_external_task_marker_parent', 'example_external_task_marker_child']) retrieved from /home/jarret/data-engineering-bootcamp/workspace/airflow-code-review/venv/lib/python3.7/site-packages/airflow/example_dags/example_external_task_marker_dag.py
[2022-06-17 12:51:45,333] {logging_mixin.py:115} INFO - [2022-06-17 12:51:45,332] {dag.py:2379} INFO - Sync 2 DAGs
[2022-06-17 12:51:45,348] {logging_mixin.py:115} INFO - [2022-06-17 12:51:45,347] {dag.py:2931} INFO - Setting next_dagrun for example_external_task_marker_child to None, run_after=None
[2022-06-17 12:51:45,348] {logging_mixin.py:115} INFO - [2022-06-17 12:51:45,348] {dag.py:2931} INFO - Setting next_dagrun for example_external_task_marker_parent to None, run_after=None
[2022-06-17 12:51:45,526] {processor.py:161} INFO - Processing /home/jarret/data-engineering-bootcamp/workspace/airflow-code-review/venv/lib/python3.7/site-packages/airflow/example_dags/example_external_task_marker_dag.py took 0.277 seconds
[2022-06-17 12:52:47,915] {processor.py:153} INFO - Started process (PID=16960) to work on /home/jarret/data-engineering-bootcamp/workspace/airflow-code-review/venv/lib/python3.7/site-packages/airflow/example_dags/example_external_task_marker_dag.py
[2022-06-17 12:52:47,958] {processor.py:641} INFO - Processing file /home/jarret/data-engineering-bootcamp/workspace/airflow-code-review/venv/lib/python3.7/site-packages/airflow/example_dags/example_external_task_marker_dag.py for tasks to queue
[2022-06-17 12:52:47,959] {logging_mixin.py:115} INFO - [2022-06-17 12:52:47,958] {dagbag.py:507} INFO - Filling up the DagBag from /home/jarret/data-engineering-bootcamp/workspace/airflow-code-review/venv/lib/python3.7/site-packages/airflow/example_dags/example_external_task_marker_dag.py
[2022-06-17 12:52:47,964] {processor.py:651} INFO - DAG(s) dict_keys(['example_external_task_marker_parent', 'example_external_task_marker_child']) retrieved from /home/jarret/data-engineering-bootcamp/workspace/airflow-code-review/venv/lib/python3.7/site-packages/airflow/example_dags/example_external_task_marker_dag.py
[2022-06-17 12:52:47,989] {logging_mixin.py:115} INFO - [2022-06-17 12:52:47,989] {dag.py:2379} INFO - Sync 2 DAGs
[2022-06-17 12:52:48,004] {logging_mixin.py:115} INFO - [2022-06-17 12:52:48,004] {dag.py:2931} INFO - Setting next_dagrun for example_external_task_marker_child to None, run_after=None
[2022-06-17 12:52:48,005] {logging_mixin.py:115} INFO - [2022-06-17 12:52:48,005] {dag.py:2931} INFO - Setting next_dagrun for example_external_task_marker_parent to None, run_after=None
[2022-06-17 12:52:48,442] {processor.py:161} INFO - Processing /home/jarret/data-engineering-bootcamp/workspace/airflow-code-review/venv/lib/python3.7/site-packages/airflow/example_dags/example_external_task_marker_dag.py took 0.529 seconds
[2022-06-17 12:53:54,121] {processor.py:153} INFO - Started process (PID=17027) to work on /home/jarret/data-engineering-bootcamp/workspace/airflow-code-review/venv/lib/python3.7/site-packages/airflow/example_dags/example_external_task_marker_dag.py
[2022-06-17 12:53:54,653] {processor.py:641} INFO - Processing file /home/jarret/data-engineering-bootcamp/workspace/airflow-code-review/venv/lib/python3.7/site-packages/airflow/example_dags/example_external_task_marker_dag.py for tasks to queue
[2022-06-17 12:53:54,654] {logging_mixin.py:115} INFO - [2022-06-17 12:53:54,654] {dagbag.py:507} INFO - Filling up the DagBag from /home/jarret/data-engineering-bootcamp/workspace/airflow-code-review/venv/lib/python3.7/site-packages/airflow/example_dags/example_external_task_marker_dag.py
[2022-06-17 12:53:54,660] {processor.py:651} INFO - DAG(s) dict_keys(['example_external_task_marker_parent', 'example_external_task_marker_child']) retrieved from /home/jarret/data-engineering-bootcamp/workspace/airflow-code-review/venv/lib/python3.7/site-packages/airflow/example_dags/example_external_task_marker_dag.py
[2022-06-17 12:53:54,683] {logging_mixin.py:115} INFO - [2022-06-17 12:53:54,683] {dag.py:2379} INFO - Sync 2 DAGs
[2022-06-17 12:53:54,698] {logging_mixin.py:115} INFO - [2022-06-17 12:53:54,698] {dag.py:2931} INFO - Setting next_dagrun for example_external_task_marker_child to None, run_after=None
[2022-06-17 12:53:54,698] {logging_mixin.py:115} INFO - [2022-06-17 12:53:54,698] {dag.py:2931} INFO - Setting next_dagrun for example_external_task_marker_parent to None, run_after=None
[2022-06-17 12:53:55,235] {processor.py:161} INFO - Processing /home/jarret/data-engineering-bootcamp/workspace/airflow-code-review/venv/lib/python3.7/site-packages/airflow/example_dags/example_external_task_marker_dag.py took 1.118 seconds
[2022-06-17 12:55:02,128] {processor.py:153} INFO - Started process (PID=17089) to work on /home/jarret/data-engineering-bootcamp/workspace/airflow-code-review/venv/lib/python3.7/site-packages/airflow/example_dags/example_external_task_marker_dag.py
[2022-06-17 12:55:02,159] {processor.py:641} INFO - Processing file /home/jarret/data-engineering-bootcamp/workspace/airflow-code-review/venv/lib/python3.7/site-packages/airflow/example_dags/example_external_task_marker_dag.py for tasks to queue
[2022-06-17 12:55:02,160] {logging_mixin.py:115} INFO - [2022-06-17 12:55:02,160] {dagbag.py:507} INFO - Filling up the DagBag from /home/jarret/data-engineering-bootcamp/workspace/airflow-code-review/venv/lib/python3.7/site-packages/airflow/example_dags/example_external_task_marker_dag.py
[2022-06-17 12:55:02,166] {processor.py:651} INFO - DAG(s) dict_keys(['example_external_task_marker_parent', 'example_external_task_marker_child']) retrieved from /home/jarret/data-engineering-bootcamp/workspace/airflow-code-review/venv/lib/python3.7/site-packages/airflow/example_dags/example_external_task_marker_dag.py
[2022-06-17 12:55:02,185] {logging_mixin.py:115} INFO - [2022-06-17 12:55:02,185] {dag.py:2379} INFO - Sync 2 DAGs
[2022-06-17 12:55:02,200] {logging_mixin.py:115} INFO - [2022-06-17 12:55:02,200] {dag.py:2931} INFO - Setting next_dagrun for example_external_task_marker_child to None, run_after=None
[2022-06-17 12:55:02,200] {logging_mixin.py:115} INFO - [2022-06-17 12:55:02,200] {dag.py:2931} INFO - Setting next_dagrun for example_external_task_marker_parent to None, run_after=None
[2022-06-17 12:55:02,660] {processor.py:161} INFO - Processing /home/jarret/data-engineering-bootcamp/workspace/airflow-code-review/venv/lib/python3.7/site-packages/airflow/example_dags/example_external_task_marker_dag.py took 0.535 seconds
[2022-06-17 12:56:22,612] {processor.py:153} INFO - Started process (PID=17183) to work on /home/jarret/data-engineering-bootcamp/workspace/airflow-code-review/venv/lib/python3.7/site-packages/airflow/example_dags/example_external_task_marker_dag.py
[2022-06-17 12:56:22,613] {processor.py:641} INFO - Processing file /home/jarret/data-engineering-bootcamp/workspace/airflow-code-review/venv/lib/python3.7/site-packages/airflow/example_dags/example_external_task_marker_dag.py for tasks to queue
[2022-06-17 12:56:22,614] {logging_mixin.py:115} INFO - [2022-06-17 12:56:22,613] {dagbag.py:507} INFO - Filling up the DagBag from /home/jarret/data-engineering-bootcamp/workspace/airflow-code-review/venv/lib/python3.7/site-packages/airflow/example_dags/example_external_task_marker_dag.py
[2022-06-17 12:56:22,616] {processor.py:651} INFO - DAG(s) dict_keys(['example_external_task_marker_parent', 'example_external_task_marker_child']) retrieved from /home/jarret/data-engineering-bootcamp/workspace/airflow-code-review/venv/lib/python3.7/site-packages/airflow/example_dags/example_external_task_marker_dag.py
[2022-06-17 12:56:22,635] {logging_mixin.py:115} INFO - [2022-06-17 12:56:22,635] {dag.py:2379} INFO - Sync 2 DAGs
[2022-06-17 12:56:22,650] {logging_mixin.py:115} INFO - [2022-06-17 12:56:22,650] {dag.py:2931} INFO - Setting next_dagrun for example_external_task_marker_child to None, run_after=None
[2022-06-17 12:56:22,650] {logging_mixin.py:115} INFO - [2022-06-17 12:56:22,650] {dag.py:2931} INFO - Setting next_dagrun for example_external_task_marker_parent to None, run_after=None
[2022-06-17 12:56:22,847] {processor.py:161} INFO - Processing /home/jarret/data-engineering-bootcamp/workspace/airflow-code-review/venv/lib/python3.7/site-packages/airflow/example_dags/example_external_task_marker_dag.py took 0.237 seconds
[2022-06-17 12:58:04,145] {processor.py:153} INFO - Started process (PID=17272) to work on /home/jarret/data-engineering-bootcamp/workspace/airflow-code-review/venv/lib/python3.7/site-packages/airflow/example_dags/example_external_task_marker_dag.py
[2022-06-17 12:58:04,285] {processor.py:641} INFO - Processing file /home/jarret/data-engineering-bootcamp/workspace/airflow-code-review/venv/lib/python3.7/site-packages/airflow/example_dags/example_external_task_marker_dag.py for tasks to queue
[2022-06-17 12:58:04,286] {logging_mixin.py:115} INFO - [2022-06-17 12:58:04,286] {dagbag.py:507} INFO - Filling up the DagBag from /home/jarret/data-engineering-bootcamp/workspace/airflow-code-review/venv/lib/python3.7/site-packages/airflow/example_dags/example_external_task_marker_dag.py
[2022-06-17 12:58:04,291] {processor.py:651} INFO - DAG(s) dict_keys(['example_external_task_marker_parent', 'example_external_task_marker_child']) retrieved from /home/jarret/data-engineering-bootcamp/workspace/airflow-code-review/venv/lib/python3.7/site-packages/airflow/example_dags/example_external_task_marker_dag.py
[2022-06-17 12:58:04,314] {logging_mixin.py:115} INFO - [2022-06-17 12:58:04,314] {dag.py:2379} INFO - Sync 2 DAGs
[2022-06-17 12:58:04,329] {logging_mixin.py:115} INFO - [2022-06-17 12:58:04,329] {dag.py:2931} INFO - Setting next_dagrun for example_external_task_marker_child to None, run_after=None
[2022-06-17 12:58:04,329] {logging_mixin.py:115} INFO - [2022-06-17 12:58:04,329] {dag.py:2931} INFO - Setting next_dagrun for example_external_task_marker_parent to None, run_after=None
[2022-06-17 12:58:04,983] {processor.py:161} INFO - Processing /home/jarret/data-engineering-bootcamp/workspace/airflow-code-review/venv/lib/python3.7/site-packages/airflow/example_dags/example_external_task_marker_dag.py took 0.842 seconds
[2022-06-17 12:59:02,698] {processor.py:153} INFO - Started process (PID=17381) to work on /home/jarret/data-engineering-bootcamp/workspace/airflow-code-review/venv/lib/python3.7/site-packages/airflow/example_dags/example_external_task_marker_dag.py
[2022-06-17 12:59:02,708] {processor.py:641} INFO - Processing file /home/jarret/data-engineering-bootcamp/workspace/airflow-code-review/venv/lib/python3.7/site-packages/airflow/example_dags/example_external_task_marker_dag.py for tasks to queue
[2022-06-17 12:59:02,709] {logging_mixin.py:115} INFO - [2022-06-17 12:59:02,709] {dagbag.py:507} INFO - Filling up the DagBag from /home/jarret/data-engineering-bootcamp/workspace/airflow-code-review/venv/lib/python3.7/site-packages/airflow/example_dags/example_external_task_marker_dag.py
[2022-06-17 12:59:02,714] {processor.py:651} INFO - DAG(s) dict_keys(['example_external_task_marker_parent', 'example_external_task_marker_child']) retrieved from /home/jarret/data-engineering-bootcamp/workspace/airflow-code-review/venv/lib/python3.7/site-packages/airflow/example_dags/example_external_task_marker_dag.py
[2022-06-17 12:59:02,738] {logging_mixin.py:115} INFO - [2022-06-17 12:59:02,738] {dag.py:2379} INFO - Sync 2 DAGs
[2022-06-17 12:59:02,753] {logging_mixin.py:115} INFO - [2022-06-17 12:59:02,753] {dag.py:2931} INFO - Setting next_dagrun for example_external_task_marker_child to None, run_after=None
[2022-06-17 12:59:02,753] {logging_mixin.py:115} INFO - [2022-06-17 12:59:02,753] {dag.py:2931} INFO - Setting next_dagrun for example_external_task_marker_parent to None, run_after=None
[2022-06-17 12:59:04,059] {processor.py:161} INFO - Processing /home/jarret/data-engineering-bootcamp/workspace/airflow-code-review/venv/lib/python3.7/site-packages/airflow/example_dags/example_external_task_marker_dag.py took 1.364 seconds
[2022-06-17 13:00:01,682] {processor.py:153} INFO - Started process (PID=17497) to work on /home/jarret/data-engineering-bootcamp/workspace/airflow-code-review/venv/lib/python3.7/site-packages/airflow/example_dags/example_external_task_marker_dag.py
[2022-06-17 13:00:01,692] {processor.py:641} INFO - Processing file /home/jarret/data-engineering-bootcamp/workspace/airflow-code-review/venv/lib/python3.7/site-packages/airflow/example_dags/example_external_task_marker_dag.py for tasks to queue
[2022-06-17 13:00:01,693] {logging_mixin.py:115} INFO - [2022-06-17 13:00:01,693] {dagbag.py:507} INFO - Filling up the DagBag from /home/jarret/data-engineering-bootcamp/workspace/airflow-code-review/venv/lib/python3.7/site-packages/airflow/example_dags/example_external_task_marker_dag.py
[2022-06-17 13:00:01,698] {processor.py:651} INFO - DAG(s) dict_keys(['example_external_task_marker_parent', 'example_external_task_marker_child']) retrieved from /home/jarret/data-engineering-bootcamp/workspace/airflow-code-review/venv/lib/python3.7/site-packages/airflow/example_dags/example_external_task_marker_dag.py
[2022-06-17 13:00:01,721] {logging_mixin.py:115} INFO - [2022-06-17 13:00:01,721] {dag.py:2379} INFO - Sync 2 DAGs
[2022-06-17 13:00:01,737] {logging_mixin.py:115} INFO - [2022-06-17 13:00:01,737] {dag.py:2931} INFO - Setting next_dagrun for example_external_task_marker_child to None, run_after=None
[2022-06-17 13:00:01,737] {logging_mixin.py:115} INFO - [2022-06-17 13:00:01,737] {dag.py:2931} INFO - Setting next_dagrun for example_external_task_marker_parent to None, run_after=None
[2022-06-17 13:00:01,882] {processor.py:161} INFO - Processing /home/jarret/data-engineering-bootcamp/workspace/airflow-code-review/venv/lib/python3.7/site-packages/airflow/example_dags/example_external_task_marker_dag.py took 0.203 seconds
[2022-06-17 13:01:21,686] {processor.py:153} INFO - Started process (PID=17611) to work on /home/jarret/data-engineering-bootcamp/workspace/airflow-code-review/venv/lib/python3.7/site-packages/airflow/example_dags/example_external_task_marker_dag.py
[2022-06-17 13:01:21,687] {processor.py:641} INFO - Processing file /home/jarret/data-engineering-bootcamp/workspace/airflow-code-review/venv/lib/python3.7/site-packages/airflow/example_dags/example_external_task_marker_dag.py for tasks to queue
[2022-06-17 13:01:21,687] {logging_mixin.py:115} INFO - [2022-06-17 13:01:21,687] {dagbag.py:507} INFO - Filling up the DagBag from /home/jarret/data-engineering-bootcamp/workspace/airflow-code-review/venv/lib/python3.7/site-packages/airflow/example_dags/example_external_task_marker_dag.py
[2022-06-17 13:01:21,689] {processor.py:651} INFO - DAG(s) dict_keys(['example_external_task_marker_parent', 'example_external_task_marker_child']) retrieved from /home/jarret/data-engineering-bootcamp/workspace/airflow-code-review/venv/lib/python3.7/site-packages/airflow/example_dags/example_external_task_marker_dag.py
[2022-06-17 13:01:21,709] {logging_mixin.py:115} INFO - [2022-06-17 13:01:21,709] {dag.py:2379} INFO - Sync 2 DAGs
[2022-06-17 13:01:21,723] {logging_mixin.py:115} INFO - [2022-06-17 13:01:21,723] {dag.py:2931} INFO - Setting next_dagrun for example_external_task_marker_child to None, run_after=None
[2022-06-17 13:01:21,724] {logging_mixin.py:115} INFO - [2022-06-17 13:01:21,724] {dag.py:2931} INFO - Setting next_dagrun for example_external_task_marker_parent to None, run_after=None
[2022-06-17 13:01:21,866] {processor.py:161} INFO - Processing /home/jarret/data-engineering-bootcamp/workspace/airflow-code-review/venv/lib/python3.7/site-packages/airflow/example_dags/example_external_task_marker_dag.py took 0.183 seconds
[2022-06-17 13:02:31,572] {processor.py:153} INFO - Started process (PID=17745) to work on /home/jarret/data-engineering-bootcamp/workspace/airflow-code-review/venv/lib/python3.7/site-packages/airflow/example_dags/example_external_task_marker_dag.py
[2022-06-17 13:02:31,573] {processor.py:641} INFO - Processing file /home/jarret/data-engineering-bootcamp/workspace/airflow-code-review/venv/lib/python3.7/site-packages/airflow/example_dags/example_external_task_marker_dag.py for tasks to queue
[2022-06-17 13:02:31,573] {logging_mixin.py:115} INFO - [2022-06-17 13:02:31,573] {dagbag.py:507} INFO - Filling up the DagBag from /home/jarret/data-engineering-bootcamp/workspace/airflow-code-review/venv/lib/python3.7/site-packages/airflow/example_dags/example_external_task_marker_dag.py
[2022-06-17 13:02:31,576] {processor.py:651} INFO - DAG(s) dict_keys(['example_external_task_marker_parent', 'example_external_task_marker_child']) retrieved from /home/jarret/data-engineering-bootcamp/workspace/airflow-code-review/venv/lib/python3.7/site-packages/airflow/example_dags/example_external_task_marker_dag.py
[2022-06-17 13:02:31,596] {logging_mixin.py:115} INFO - [2022-06-17 13:02:31,596] {dag.py:2379} INFO - Sync 2 DAGs
[2022-06-17 13:02:31,611] {logging_mixin.py:115} INFO - [2022-06-17 13:02:31,610] {dag.py:2931} INFO - Setting next_dagrun for example_external_task_marker_child to None, run_after=None
[2022-06-17 13:02:31,611] {logging_mixin.py:115} INFO - [2022-06-17 13:02:31,611] {dag.py:2931} INFO - Setting next_dagrun for example_external_task_marker_parent to None, run_after=None
[2022-06-17 13:02:31,811] {processor.py:161} INFO - Processing /home/jarret/data-engineering-bootcamp/workspace/airflow-code-review/venv/lib/python3.7/site-packages/airflow/example_dags/example_external_task_marker_dag.py took 0.241 seconds
[2022-06-17 13:04:00,370] {processor.py:153} INFO - Started process (PID=17913) to work on /home/jarret/data-engineering-bootcamp/workspace/airflow-code-review/venv/lib/python3.7/site-packages/airflow/example_dags/example_external_task_marker_dag.py
[2022-06-17 13:04:00,371] {processor.py:641} INFO - Processing file /home/jarret/data-engineering-bootcamp/workspace/airflow-code-review/venv/lib/python3.7/site-packages/airflow/example_dags/example_external_task_marker_dag.py for tasks to queue
[2022-06-17 13:04:00,372] {logging_mixin.py:115} INFO - [2022-06-17 13:04:00,372] {dagbag.py:507} INFO - Filling up the DagBag from /home/jarret/data-engineering-bootcamp/workspace/airflow-code-review/venv/lib/python3.7/site-packages/airflow/example_dags/example_external_task_marker_dag.py
[2022-06-17 13:04:00,374] {processor.py:651} INFO - DAG(s) dict_keys(['example_external_task_marker_parent', 'example_external_task_marker_child']) retrieved from /home/jarret/data-engineering-bootcamp/workspace/airflow-code-review/venv/lib/python3.7/site-packages/airflow/example_dags/example_external_task_marker_dag.py
[2022-06-17 13:04:00,393] {logging_mixin.py:115} INFO - [2022-06-17 13:04:00,393] {dag.py:2379} INFO - Sync 2 DAGs
[2022-06-17 13:04:00,408] {logging_mixin.py:115} INFO - [2022-06-17 13:04:00,408] {dag.py:2931} INFO - Setting next_dagrun for example_external_task_marker_child to None, run_after=None
[2022-06-17 13:04:00,408] {logging_mixin.py:115} INFO - [2022-06-17 13:04:00,408] {dag.py:2931} INFO - Setting next_dagrun for example_external_task_marker_parent to None, run_after=None
[2022-06-17 13:04:00,705] {processor.py:161} INFO - Processing /home/jarret/data-engineering-bootcamp/workspace/airflow-code-review/venv/lib/python3.7/site-packages/airflow/example_dags/example_external_task_marker_dag.py took 0.338 seconds
[2022-06-17 13:05:06,643] {processor.py:153} INFO - Started process (PID=17989) to work on /home/jarret/data-engineering-bootcamp/workspace/airflow-code-review/venv/lib/python3.7/site-packages/airflow/example_dags/example_external_task_marker_dag.py
[2022-06-17 13:05:06,716] {processor.py:641} INFO - Processing file /home/jarret/data-engineering-bootcamp/workspace/airflow-code-review/venv/lib/python3.7/site-packages/airflow/example_dags/example_external_task_marker_dag.py for tasks to queue
[2022-06-17 13:05:06,717] {logging_mixin.py:115} INFO - [2022-06-17 13:05:06,717] {dagbag.py:507} INFO - Filling up the DagBag from /home/jarret/data-engineering-bootcamp/workspace/airflow-code-review/venv/lib/python3.7/site-packages/airflow/example_dags/example_external_task_marker_dag.py
[2022-06-17 13:05:06,722] {processor.py:651} INFO - DAG(s) dict_keys(['example_external_task_marker_parent', 'example_external_task_marker_child']) retrieved from /home/jarret/data-engineering-bootcamp/workspace/airflow-code-review/venv/lib/python3.7/site-packages/airflow/example_dags/example_external_task_marker_dag.py
[2022-06-17 13:05:06,747] {logging_mixin.py:115} INFO - [2022-06-17 13:05:06,747] {dag.py:2379} INFO - Sync 2 DAGs
[2022-06-17 13:05:06,762] {logging_mixin.py:115} INFO - [2022-06-17 13:05:06,762] {dag.py:2931} INFO - Setting next_dagrun for example_external_task_marker_child to None, run_after=None
[2022-06-17 13:05:06,762] {logging_mixin.py:115} INFO - [2022-06-17 13:05:06,762] {dag.py:2931} INFO - Setting next_dagrun for example_external_task_marker_parent to None, run_after=None
[2022-06-17 13:05:07,210] {processor.py:161} INFO - Processing /home/jarret/data-engineering-bootcamp/workspace/airflow-code-review/venv/lib/python3.7/site-packages/airflow/example_dags/example_external_task_marker_dag.py took 0.569 seconds
[2022-06-17 13:06:06,430] {processor.py:153} INFO - Started process (PID=18038) to work on /home/jarret/data-engineering-bootcamp/workspace/airflow-code-review/venv/lib/python3.7/site-packages/airflow/example_dags/example_external_task_marker_dag.py
[2022-06-17 13:06:06,434] {processor.py:641} INFO - Processing file /home/jarret/data-engineering-bootcamp/workspace/airflow-code-review/venv/lib/python3.7/site-packages/airflow/example_dags/example_external_task_marker_dag.py for tasks to queue
[2022-06-17 13:06:06,435] {logging_mixin.py:115} INFO - [2022-06-17 13:06:06,435] {dagbag.py:507} INFO - Filling up the DagBag from /home/jarret/data-engineering-bootcamp/workspace/airflow-code-review/venv/lib/python3.7/site-packages/airflow/example_dags/example_external_task_marker_dag.py
[2022-06-17 13:06:06,437] {processor.py:651} INFO - DAG(s) dict_keys(['example_external_task_marker_parent', 'example_external_task_marker_child']) retrieved from /home/jarret/data-engineering-bootcamp/workspace/airflow-code-review/venv/lib/python3.7/site-packages/airflow/example_dags/example_external_task_marker_dag.py
[2022-06-17 13:06:06,456] {logging_mixin.py:115} INFO - [2022-06-17 13:06:06,456] {dag.py:2379} INFO - Sync 2 DAGs
[2022-06-17 13:06:06,471] {logging_mixin.py:115} INFO - [2022-06-17 13:06:06,471] {dag.py:2931} INFO - Setting next_dagrun for example_external_task_marker_child to None, run_after=None
[2022-06-17 13:06:06,472] {logging_mixin.py:115} INFO - [2022-06-17 13:06:06,471] {dag.py:2931} INFO - Setting next_dagrun for example_external_task_marker_parent to None, run_after=None
[2022-06-17 13:06:06,896] {processor.py:161} INFO - Processing /home/jarret/data-engineering-bootcamp/workspace/airflow-code-review/venv/lib/python3.7/site-packages/airflow/example_dags/example_external_task_marker_dag.py took 0.469 seconds
[2022-06-17 13:07:03,816] {processor.py:153} INFO - Started process (PID=18133) to work on /home/jarret/data-engineering-bootcamp/workspace/airflow-code-review/venv/lib/python3.7/site-packages/airflow/example_dags/example_external_task_marker_dag.py
[2022-06-17 13:07:03,825] {processor.py:641} INFO - Processing file /home/jarret/data-engineering-bootcamp/workspace/airflow-code-review/venv/lib/python3.7/site-packages/airflow/example_dags/example_external_task_marker_dag.py for tasks to queue
[2022-06-17 13:07:03,826] {logging_mixin.py:115} INFO - [2022-06-17 13:07:03,826] {dagbag.py:507} INFO - Filling up the DagBag from /home/jarret/data-engineering-bootcamp/workspace/airflow-code-review/venv/lib/python3.7/site-packages/airflow/example_dags/example_external_task_marker_dag.py
[2022-06-17 13:07:03,829] {processor.py:651} INFO - DAG(s) dict_keys(['example_external_task_marker_parent', 'example_external_task_marker_child']) retrieved from /home/jarret/data-engineering-bootcamp/workspace/airflow-code-review/venv/lib/python3.7/site-packages/airflow/example_dags/example_external_task_marker_dag.py
[2022-06-17 13:07:03,849] {logging_mixin.py:115} INFO - [2022-06-17 13:07:03,849] {dag.py:2379} INFO - Sync 2 DAGs
[2022-06-17 13:07:03,863] {logging_mixin.py:115} INFO - [2022-06-17 13:07:03,863] {dag.py:2931} INFO - Setting next_dagrun for example_external_task_marker_child to None, run_after=None
[2022-06-17 13:07:03,864] {logging_mixin.py:115} INFO - [2022-06-17 13:07:03,864] {dag.py:2931} INFO - Setting next_dagrun for example_external_task_marker_parent to None, run_after=None
[2022-06-17 13:07:05,037] {processor.py:161} INFO - Processing /home/jarret/data-engineering-bootcamp/workspace/airflow-code-review/venv/lib/python3.7/site-packages/airflow/example_dags/example_external_task_marker_dag.py took 1.224 seconds
[2022-06-17 13:07:55,480] {processor.py:153} INFO - Started process (PID=18239) to work on /home/jarret/data-engineering-bootcamp/workspace/airflow-code-review/venv/lib/python3.7/site-packages/airflow/example_dags/example_external_task_marker_dag.py
[2022-06-17 13:07:55,491] {processor.py:641} INFO - Processing file /home/jarret/data-engineering-bootcamp/workspace/airflow-code-review/venv/lib/python3.7/site-packages/airflow/example_dags/example_external_task_marker_dag.py for tasks to queue
[2022-06-17 13:07:55,491] {logging_mixin.py:115} INFO - [2022-06-17 13:07:55,491] {dagbag.py:507} INFO - Filling up the DagBag from /home/jarret/data-engineering-bootcamp/workspace/airflow-code-review/venv/lib/python3.7/site-packages/airflow/example_dags/example_external_task_marker_dag.py
[2022-06-17 13:07:55,494] {processor.py:651} INFO - DAG(s) dict_keys(['example_external_task_marker_parent', 'example_external_task_marker_child']) retrieved from /home/jarret/data-engineering-bootcamp/workspace/airflow-code-review/venv/lib/python3.7/site-packages/airflow/example_dags/example_external_task_marker_dag.py
[2022-06-17 13:07:55,514] {logging_mixin.py:115} INFO - [2022-06-17 13:07:55,514] {dag.py:2379} INFO - Sync 2 DAGs
[2022-06-17 13:07:55,529] {logging_mixin.py:115} INFO - [2022-06-17 13:07:55,529] {dag.py:2931} INFO - Setting next_dagrun for example_external_task_marker_child to None, run_after=None
[2022-06-17 13:07:55,529] {logging_mixin.py:115} INFO - [2022-06-17 13:07:55,529] {dag.py:2931} INFO - Setting next_dagrun for example_external_task_marker_parent to None, run_after=None
[2022-06-17 13:07:56,784] {processor.py:161} INFO - Processing /home/jarret/data-engineering-bootcamp/workspace/airflow-code-review/venv/lib/python3.7/site-packages/airflow/example_dags/example_external_task_marker_dag.py took 1.307 seconds
[2022-06-17 13:08:42,346] {processor.py:153} INFO - Started process (PID=18337) to work on /home/jarret/data-engineering-bootcamp/workspace/airflow-code-review/venv/lib/python3.7/site-packages/airflow/example_dags/example_external_task_marker_dag.py
[2022-06-17 13:08:42,354] {processor.py:641} INFO - Processing file /home/jarret/data-engineering-bootcamp/workspace/airflow-code-review/venv/lib/python3.7/site-packages/airflow/example_dags/example_external_task_marker_dag.py for tasks to queue
[2022-06-17 13:08:42,354] {logging_mixin.py:115} INFO - [2022-06-17 13:08:42,354] {dagbag.py:507} INFO - Filling up the DagBag from /home/jarret/data-engineering-bootcamp/workspace/airflow-code-review/venv/lib/python3.7/site-packages/airflow/example_dags/example_external_task_marker_dag.py
[2022-06-17 13:08:42,357] {processor.py:651} INFO - DAG(s) dict_keys(['example_external_task_marker_parent', 'example_external_task_marker_child']) retrieved from /home/jarret/data-engineering-bootcamp/workspace/airflow-code-review/venv/lib/python3.7/site-packages/airflow/example_dags/example_external_task_marker_dag.py
[2022-06-17 13:08:42,375] {logging_mixin.py:115} INFO - [2022-06-17 13:08:42,375] {dag.py:2379} INFO - Sync 2 DAGs
[2022-06-17 13:08:42,390] {logging_mixin.py:115} INFO - [2022-06-17 13:08:42,390] {dag.py:2931} INFO - Setting next_dagrun for example_external_task_marker_child to None, run_after=None
[2022-06-17 13:08:42,390] {logging_mixin.py:115} INFO - [2022-06-17 13:08:42,390] {dag.py:2931} INFO - Setting next_dagrun for example_external_task_marker_parent to None, run_after=None
[2022-06-17 13:08:42,508] {processor.py:161} INFO - Processing /home/jarret/data-engineering-bootcamp/workspace/airflow-code-review/venv/lib/python3.7/site-packages/airflow/example_dags/example_external_task_marker_dag.py took 0.164 seconds
[2022-06-17 13:09:30,652] {processor.py:153} INFO - Started process (PID=18436) to work on /home/jarret/data-engineering-bootcamp/workspace/airflow-code-review/venv/lib/python3.7/site-packages/airflow/example_dags/example_external_task_marker_dag.py
[2022-06-17 13:09:30,674] {processor.py:641} INFO - Processing file /home/jarret/data-engineering-bootcamp/workspace/airflow-code-review/venv/lib/python3.7/site-packages/airflow/example_dags/example_external_task_marker_dag.py for tasks to queue
[2022-06-17 13:09:30,675] {logging_mixin.py:115} INFO - [2022-06-17 13:09:30,675] {dagbag.py:507} INFO - Filling up the DagBag from /home/jarret/data-engineering-bootcamp/workspace/airflow-code-review/venv/lib/python3.7/site-packages/airflow/example_dags/example_external_task_marker_dag.py
[2022-06-17 13:09:30,682] {processor.py:651} INFO - DAG(s) dict_keys(['example_external_task_marker_parent', 'example_external_task_marker_child']) retrieved from /home/jarret/data-engineering-bootcamp/workspace/airflow-code-review/venv/lib/python3.7/site-packages/airflow/example_dags/example_external_task_marker_dag.py
[2022-06-17 13:09:30,706] {logging_mixin.py:115} INFO - [2022-06-17 13:09:30,705] {dag.py:2379} INFO - Sync 2 DAGs
[2022-06-17 13:09:30,720] {logging_mixin.py:115} INFO - [2022-06-17 13:09:30,720] {dag.py:2931} INFO - Setting next_dagrun for example_external_task_marker_child to None, run_after=None
[2022-06-17 13:09:30,720] {logging_mixin.py:115} INFO - [2022-06-17 13:09:30,720] {dag.py:2931} INFO - Setting next_dagrun for example_external_task_marker_parent to None, run_after=None
[2022-06-17 13:09:31,783] {processor.py:161} INFO - Processing /home/jarret/data-engineering-bootcamp/workspace/airflow-code-review/venv/lib/python3.7/site-packages/airflow/example_dags/example_external_task_marker_dag.py took 1.133 seconds
[2022-06-17 13:10:24,264] {processor.py:153} INFO - Started process (PID=18507) to work on /home/jarret/data-engineering-bootcamp/workspace/airflow-code-review/venv/lib/python3.7/site-packages/airflow/example_dags/example_external_task_marker_dag.py
[2022-06-17 13:10:24,281] {processor.py:641} INFO - Processing file /home/jarret/data-engineering-bootcamp/workspace/airflow-code-review/venv/lib/python3.7/site-packages/airflow/example_dags/example_external_task_marker_dag.py for tasks to queue
[2022-06-17 13:10:24,281] {logging_mixin.py:115} INFO - [2022-06-17 13:10:24,281] {dagbag.py:507} INFO - Filling up the DagBag from /home/jarret/data-engineering-bootcamp/workspace/airflow-code-review/venv/lib/python3.7/site-packages/airflow/example_dags/example_external_task_marker_dag.py
[2022-06-17 13:10:24,284] {processor.py:651} INFO - DAG(s) dict_keys(['example_external_task_marker_parent', 'example_external_task_marker_child']) retrieved from /home/jarret/data-engineering-bootcamp/workspace/airflow-code-review/venv/lib/python3.7/site-packages/airflow/example_dags/example_external_task_marker_dag.py
[2022-06-17 13:10:24,306] {logging_mixin.py:115} INFO - [2022-06-17 13:10:24,306] {dag.py:2379} INFO - Sync 2 DAGs
[2022-06-17 13:10:24,323] {logging_mixin.py:115} INFO - [2022-06-17 13:10:24,323] {dag.py:2931} INFO - Setting next_dagrun for example_external_task_marker_child to None, run_after=None
[2022-06-17 13:10:24,323] {logging_mixin.py:115} INFO - [2022-06-17 13:10:24,323] {dag.py:2931} INFO - Setting next_dagrun for example_external_task_marker_parent to None, run_after=None
[2022-06-17 13:10:24,431] {processor.py:161} INFO - Processing /home/jarret/data-engineering-bootcamp/workspace/airflow-code-review/venv/lib/python3.7/site-packages/airflow/example_dags/example_external_task_marker_dag.py took 0.170 seconds
[2022-06-17 13:11:18,659] {processor.py:153} INFO - Started process (PID=18620) to work on /home/jarret/data-engineering-bootcamp/workspace/airflow-code-review/venv/lib/python3.7/site-packages/airflow/example_dags/example_external_task_marker_dag.py
[2022-06-17 13:11:18,668] {processor.py:641} INFO - Processing file /home/jarret/data-engineering-bootcamp/workspace/airflow-code-review/venv/lib/python3.7/site-packages/airflow/example_dags/example_external_task_marker_dag.py for tasks to queue
[2022-06-17 13:11:18,668] {logging_mixin.py:115} INFO - [2022-06-17 13:11:18,668] {dagbag.py:507} INFO - Filling up the DagBag from /home/jarret/data-engineering-bootcamp/workspace/airflow-code-review/venv/lib/python3.7/site-packages/airflow/example_dags/example_external_task_marker_dag.py
[2022-06-17 13:11:18,671] {processor.py:651} INFO - DAG(s) dict_keys(['example_external_task_marker_parent', 'example_external_task_marker_child']) retrieved from /home/jarret/data-engineering-bootcamp/workspace/airflow-code-review/venv/lib/python3.7/site-packages/airflow/example_dags/example_external_task_marker_dag.py
[2022-06-17 13:11:18,690] {logging_mixin.py:115} INFO - [2022-06-17 13:11:18,690] {dag.py:2379} INFO - Sync 2 DAGs
[2022-06-17 13:11:18,705] {logging_mixin.py:115} INFO - [2022-06-17 13:11:18,705] {dag.py:2931} INFO - Setting next_dagrun for example_external_task_marker_child to None, run_after=None
[2022-06-17 13:11:18,705] {logging_mixin.py:115} INFO - [2022-06-17 13:11:18,705] {dag.py:2931} INFO - Setting next_dagrun for example_external_task_marker_parent to None, run_after=None
[2022-06-17 13:11:18,817] {processor.py:161} INFO - Processing /home/jarret/data-engineering-bootcamp/workspace/airflow-code-review/venv/lib/python3.7/site-packages/airflow/example_dags/example_external_task_marker_dag.py took 0.161 seconds
[2022-06-17 13:12:07,318] {processor.py:153} INFO - Started process (PID=18719) to work on /home/jarret/data-engineering-bootcamp/workspace/airflow-code-review/venv/lib/python3.7/site-packages/airflow/example_dags/example_external_task_marker_dag.py
[2022-06-17 13:12:07,319] {processor.py:641} INFO - Processing file /home/jarret/data-engineering-bootcamp/workspace/airflow-code-review/venv/lib/python3.7/site-packages/airflow/example_dags/example_external_task_marker_dag.py for tasks to queue
[2022-06-17 13:12:07,320] {logging_mixin.py:115} INFO - [2022-06-17 13:12:07,320] {dagbag.py:507} INFO - Filling up the DagBag from /home/jarret/data-engineering-bootcamp/workspace/airflow-code-review/venv/lib/python3.7/site-packages/airflow/example_dags/example_external_task_marker_dag.py
[2022-06-17 13:12:07,323] {processor.py:651} INFO - DAG(s) dict_keys(['example_external_task_marker_parent', 'example_external_task_marker_child']) retrieved from /home/jarret/data-engineering-bootcamp/workspace/airflow-code-review/venv/lib/python3.7/site-packages/airflow/example_dags/example_external_task_marker_dag.py
[2022-06-17 13:12:07,343] {logging_mixin.py:115} INFO - [2022-06-17 13:12:07,343] {dag.py:2379} INFO - Sync 2 DAGs
[2022-06-17 13:12:07,360] {logging_mixin.py:115} INFO - [2022-06-17 13:12:07,359] {dag.py:2931} INFO - Setting next_dagrun for example_external_task_marker_child to None, run_after=None
[2022-06-17 13:12:07,360] {logging_mixin.py:115} INFO - [2022-06-17 13:12:07,360] {dag.py:2931} INFO - Setting next_dagrun for example_external_task_marker_parent to None, run_after=None
[2022-06-17 13:12:07,690] {processor.py:161} INFO - Processing /home/jarret/data-engineering-bootcamp/workspace/airflow-code-review/venv/lib/python3.7/site-packages/airflow/example_dags/example_external_task_marker_dag.py took 0.375 seconds
[2022-06-17 13:13:13,934] {processor.py:153} INFO - Started process (PID=18840) to work on /home/jarret/data-engineering-bootcamp/workspace/airflow-code-review/venv/lib/python3.7/site-packages/airflow/example_dags/example_external_task_marker_dag.py
[2022-06-17 13:13:13,943] {processor.py:641} INFO - Processing file /home/jarret/data-engineering-bootcamp/workspace/airflow-code-review/venv/lib/python3.7/site-packages/airflow/example_dags/example_external_task_marker_dag.py for tasks to queue
[2022-06-17 13:13:13,943] {logging_mixin.py:115} INFO - [2022-06-17 13:13:13,943] {dagbag.py:507} INFO - Filling up the DagBag from /home/jarret/data-engineering-bootcamp/workspace/airflow-code-review/venv/lib/python3.7/site-packages/airflow/example_dags/example_external_task_marker_dag.py
[2022-06-17 13:13:13,948] {processor.py:651} INFO - DAG(s) dict_keys(['example_external_task_marker_parent', 'example_external_task_marker_child']) retrieved from /home/jarret/data-engineering-bootcamp/workspace/airflow-code-review/venv/lib/python3.7/site-packages/airflow/example_dags/example_external_task_marker_dag.py
[2022-06-17 13:13:13,969] {logging_mixin.py:115} INFO - [2022-06-17 13:13:13,969] {dag.py:2379} INFO - Sync 2 DAGs
[2022-06-17 13:13:13,986] {logging_mixin.py:115} INFO - [2022-06-17 13:13:13,986] {dag.py:2931} INFO - Setting next_dagrun for example_external_task_marker_child to None, run_after=None
[2022-06-17 13:13:13,986] {logging_mixin.py:115} INFO - [2022-06-17 13:13:13,986] {dag.py:2931} INFO - Setting next_dagrun for example_external_task_marker_parent to None, run_after=None
[2022-06-17 13:13:14,281] {processor.py:161} INFO - Processing /home/jarret/data-engineering-bootcamp/workspace/airflow-code-review/venv/lib/python3.7/site-packages/airflow/example_dags/example_external_task_marker_dag.py took 0.351 seconds
[2022-06-17 13:14:07,604] {processor.py:153} INFO - Started process (PID=18936) to work on /home/jarret/data-engineering-bootcamp/workspace/airflow-code-review/venv/lib/python3.7/site-packages/airflow/example_dags/example_external_task_marker_dag.py
[2022-06-17 13:14:07,614] {processor.py:641} INFO - Processing file /home/jarret/data-engineering-bootcamp/workspace/airflow-code-review/venv/lib/python3.7/site-packages/airflow/example_dags/example_external_task_marker_dag.py for tasks to queue
[2022-06-17 13:14:07,615] {logging_mixin.py:115} INFO - [2022-06-17 13:14:07,615] {dagbag.py:507} INFO - Filling up the DagBag from /home/jarret/data-engineering-bootcamp/workspace/airflow-code-review/venv/lib/python3.7/site-packages/airflow/example_dags/example_external_task_marker_dag.py
[2022-06-17 13:14:07,619] {processor.py:651} INFO - DAG(s) dict_keys(['example_external_task_marker_parent', 'example_external_task_marker_child']) retrieved from /home/jarret/data-engineering-bootcamp/workspace/airflow-code-review/venv/lib/python3.7/site-packages/airflow/example_dags/example_external_task_marker_dag.py
[2022-06-17 13:14:07,639] {logging_mixin.py:115} INFO - [2022-06-17 13:14:07,639] {dag.py:2379} INFO - Sync 2 DAGs
[2022-06-17 13:14:07,655] {logging_mixin.py:115} INFO - [2022-06-17 13:14:07,655] {dag.py:2931} INFO - Setting next_dagrun for example_external_task_marker_child to None, run_after=None
[2022-06-17 13:14:07,656] {logging_mixin.py:115} INFO - [2022-06-17 13:14:07,656] {dag.py:2931} INFO - Setting next_dagrun for example_external_task_marker_parent to None, run_after=None
[2022-06-17 13:14:07,772] {processor.py:161} INFO - Processing /home/jarret/data-engineering-bootcamp/workspace/airflow-code-review/venv/lib/python3.7/site-packages/airflow/example_dags/example_external_task_marker_dag.py took 0.171 seconds
[2022-06-17 13:14:57,596] {processor.py:153} INFO - Started process (PID=18980) to work on /home/jarret/data-engineering-bootcamp/workspace/airflow-code-review/venv/lib/python3.7/site-packages/airflow/example_dags/example_external_task_marker_dag.py
[2022-06-17 13:14:57,609] {processor.py:641} INFO - Processing file /home/jarret/data-engineering-bootcamp/workspace/airflow-code-review/venv/lib/python3.7/site-packages/airflow/example_dags/example_external_task_marker_dag.py for tasks to queue
[2022-06-17 13:14:57,609] {logging_mixin.py:115} INFO - [2022-06-17 13:14:57,609] {dagbag.py:507} INFO - Filling up the DagBag from /home/jarret/data-engineering-bootcamp/workspace/airflow-code-review/venv/lib/python3.7/site-packages/airflow/example_dags/example_external_task_marker_dag.py
[2022-06-17 13:14:57,612] {processor.py:651} INFO - DAG(s) dict_keys(['example_external_task_marker_parent', 'example_external_task_marker_child']) retrieved from /home/jarret/data-engineering-bootcamp/workspace/airflow-code-review/venv/lib/python3.7/site-packages/airflow/example_dags/example_external_task_marker_dag.py
[2022-06-17 13:14:57,632] {logging_mixin.py:115} INFO - [2022-06-17 13:14:57,631] {dag.py:2379} INFO - Sync 2 DAGs
[2022-06-17 13:14:57,648] {logging_mixin.py:115} INFO - [2022-06-17 13:14:57,648] {dag.py:2931} INFO - Setting next_dagrun for example_external_task_marker_child to None, run_after=None
[2022-06-17 13:14:57,648] {logging_mixin.py:115} INFO - [2022-06-17 13:14:57,648] {dag.py:2931} INFO - Setting next_dagrun for example_external_task_marker_parent to None, run_after=None
[2022-06-17 13:14:57,776] {processor.py:161} INFO - Processing /home/jarret/data-engineering-bootcamp/workspace/airflow-code-review/venv/lib/python3.7/site-packages/airflow/example_dags/example_external_task_marker_dag.py took 0.184 seconds
[2022-06-17 13:15:49,786] {processor.py:153} INFO - Started process (PID=19026) to work on /home/jarret/data-engineering-bootcamp/workspace/airflow-code-review/venv/lib/python3.7/site-packages/airflow/example_dags/example_external_task_marker_dag.py
[2022-06-17 13:15:49,791] {processor.py:641} INFO - Processing file /home/jarret/data-engineering-bootcamp/workspace/airflow-code-review/venv/lib/python3.7/site-packages/airflow/example_dags/example_external_task_marker_dag.py for tasks to queue
[2022-06-17 13:15:49,792] {logging_mixin.py:115} INFO - [2022-06-17 13:15:49,792] {dagbag.py:507} INFO - Filling up the DagBag from /home/jarret/data-engineering-bootcamp/workspace/airflow-code-review/venv/lib/python3.7/site-packages/airflow/example_dags/example_external_task_marker_dag.py
[2022-06-17 13:15:49,794] {processor.py:651} INFO - DAG(s) dict_keys(['example_external_task_marker_parent', 'example_external_task_marker_child']) retrieved from /home/jarret/data-engineering-bootcamp/workspace/airflow-code-review/venv/lib/python3.7/site-packages/airflow/example_dags/example_external_task_marker_dag.py
[2022-06-17 13:15:49,814] {logging_mixin.py:115} INFO - [2022-06-17 13:15:49,814] {dag.py:2379} INFO - Sync 2 DAGs
[2022-06-17 13:15:49,831] {logging_mixin.py:115} INFO - [2022-06-17 13:15:49,831] {dag.py:2931} INFO - Setting next_dagrun for example_external_task_marker_child to None, run_after=None
[2022-06-17 13:15:49,831] {logging_mixin.py:115} INFO - [2022-06-17 13:15:49,831] {dag.py:2931} INFO - Setting next_dagrun for example_external_task_marker_parent to None, run_after=None
[2022-06-17 13:15:50,189] {processor.py:161} INFO - Processing /home/jarret/data-engineering-bootcamp/workspace/airflow-code-review/venv/lib/python3.7/site-packages/airflow/example_dags/example_external_task_marker_dag.py took 0.406 seconds
[2022-06-17 13:16:34,995] {processor.py:153} INFO - Started process (PID=19067) to work on /home/jarret/data-engineering-bootcamp/workspace/airflow-code-review/venv/lib/python3.7/site-packages/airflow/example_dags/example_external_task_marker_dag.py
[2022-06-17 13:16:35,020] {processor.py:641} INFO - Processing file /home/jarret/data-engineering-bootcamp/workspace/airflow-code-review/venv/lib/python3.7/site-packages/airflow/example_dags/example_external_task_marker_dag.py for tasks to queue
[2022-06-17 13:16:35,021] {logging_mixin.py:115} INFO - [2022-06-17 13:16:35,021] {dagbag.py:507} INFO - Filling up the DagBag from /home/jarret/data-engineering-bootcamp/workspace/airflow-code-review/venv/lib/python3.7/site-packages/airflow/example_dags/example_external_task_marker_dag.py
[2022-06-17 13:16:35,027] {processor.py:651} INFO - DAG(s) dict_keys(['example_external_task_marker_parent', 'example_external_task_marker_child']) retrieved from /home/jarret/data-engineering-bootcamp/workspace/airflow-code-review/venv/lib/python3.7/site-packages/airflow/example_dags/example_external_task_marker_dag.py
[2022-06-17 13:16:35,047] {logging_mixin.py:115} INFO - [2022-06-17 13:16:35,047] {dag.py:2379} INFO - Sync 2 DAGs
[2022-06-17 13:16:35,063] {logging_mixin.py:115} INFO - [2022-06-17 13:16:35,063] {dag.py:2931} INFO - Setting next_dagrun for example_external_task_marker_child to None, run_after=None
[2022-06-17 13:16:35,063] {logging_mixin.py:115} INFO - [2022-06-17 13:16:35,063] {dag.py:2931} INFO - Setting next_dagrun for example_external_task_marker_parent to None, run_after=None
[2022-06-17 13:16:35,730] {processor.py:161} INFO - Processing /home/jarret/data-engineering-bootcamp/workspace/airflow-code-review/venv/lib/python3.7/site-packages/airflow/example_dags/example_external_task_marker_dag.py took 0.739 seconds
[2022-06-17 13:17:24,731] {processor.py:153} INFO - Started process (PID=19110) to work on /home/jarret/data-engineering-bootcamp/workspace/airflow-code-review/venv/lib/python3.7/site-packages/airflow/example_dags/example_external_task_marker_dag.py
[2022-06-17 13:17:24,732] {processor.py:641} INFO - Processing file /home/jarret/data-engineering-bootcamp/workspace/airflow-code-review/venv/lib/python3.7/site-packages/airflow/example_dags/example_external_task_marker_dag.py for tasks to queue
[2022-06-17 13:17:24,732] {logging_mixin.py:115} INFO - [2022-06-17 13:17:24,732] {dagbag.py:507} INFO - Filling up the DagBag from /home/jarret/data-engineering-bootcamp/workspace/airflow-code-review/venv/lib/python3.7/site-packages/airflow/example_dags/example_external_task_marker_dag.py
[2022-06-17 13:17:24,735] {processor.py:651} INFO - DAG(s) dict_keys(['example_external_task_marker_parent', 'example_external_task_marker_child']) retrieved from /home/jarret/data-engineering-bootcamp/workspace/airflow-code-review/venv/lib/python3.7/site-packages/airflow/example_dags/example_external_task_marker_dag.py
[2022-06-17 13:17:24,758] {logging_mixin.py:115} INFO - [2022-06-17 13:17:24,758] {dag.py:2379} INFO - Sync 2 DAGs
[2022-06-17 13:17:24,778] {logging_mixin.py:115} INFO - [2022-06-17 13:17:24,778] {dag.py:2931} INFO - Setting next_dagrun for example_external_task_marker_child to None, run_after=None
[2022-06-17 13:17:24,778] {logging_mixin.py:115} INFO - [2022-06-17 13:17:24,778] {dag.py:2931} INFO - Setting next_dagrun for example_external_task_marker_parent to None, run_after=None
[2022-06-17 13:17:24,890] {processor.py:161} INFO - Processing /home/jarret/data-engineering-bootcamp/workspace/airflow-code-review/venv/lib/python3.7/site-packages/airflow/example_dags/example_external_task_marker_dag.py took 0.161 seconds
[2022-06-17 13:18:27,686] {processor.py:153} INFO - Started process (PID=19182) to work on /home/jarret/data-engineering-bootcamp/workspace/airflow-code-review/venv/lib/python3.7/site-packages/airflow/example_dags/example_external_task_marker_dag.py
[2022-06-17 13:18:27,695] {processor.py:641} INFO - Processing file /home/jarret/data-engineering-bootcamp/workspace/airflow-code-review/venv/lib/python3.7/site-packages/airflow/example_dags/example_external_task_marker_dag.py for tasks to queue
[2022-06-17 13:18:27,696] {logging_mixin.py:115} INFO - [2022-06-17 13:18:27,695] {dagbag.py:507} INFO - Filling up the DagBag from /home/jarret/data-engineering-bootcamp/workspace/airflow-code-review/venv/lib/python3.7/site-packages/airflow/example_dags/example_external_task_marker_dag.py
[2022-06-17 13:18:27,698] {processor.py:651} INFO - DAG(s) dict_keys(['example_external_task_marker_parent', 'example_external_task_marker_child']) retrieved from /home/jarret/data-engineering-bootcamp/workspace/airflow-code-review/venv/lib/python3.7/site-packages/airflow/example_dags/example_external_task_marker_dag.py
[2022-06-17 13:18:27,717] {logging_mixin.py:115} INFO - [2022-06-17 13:18:27,717] {dag.py:2379} INFO - Sync 2 DAGs
[2022-06-17 13:18:27,733] {logging_mixin.py:115} INFO - [2022-06-17 13:18:27,733] {dag.py:2931} INFO - Setting next_dagrun for example_external_task_marker_child to None, run_after=None
[2022-06-17 13:18:27,734] {logging_mixin.py:115} INFO - [2022-06-17 13:18:27,734] {dag.py:2931} INFO - Setting next_dagrun for example_external_task_marker_parent to None, run_after=None
[2022-06-17 13:18:27,850] {processor.py:161} INFO - Processing /home/jarret/data-engineering-bootcamp/workspace/airflow-code-review/venv/lib/python3.7/site-packages/airflow/example_dags/example_external_task_marker_dag.py took 0.168 seconds
[2022-06-17 13:19:24,857] {processor.py:153} INFO - Started process (PID=19235) to work on /home/jarret/data-engineering-bootcamp/workspace/airflow-code-review/venv/lib/python3.7/site-packages/airflow/example_dags/example_external_task_marker_dag.py
[2022-06-17 13:19:24,898] {processor.py:641} INFO - Processing file /home/jarret/data-engineering-bootcamp/workspace/airflow-code-review/venv/lib/python3.7/site-packages/airflow/example_dags/example_external_task_marker_dag.py for tasks to queue
[2022-06-17 13:19:24,899] {logging_mixin.py:115} INFO - [2022-06-17 13:19:24,899] {dagbag.py:507} INFO - Filling up the DagBag from /home/jarret/data-engineering-bootcamp/workspace/airflow-code-review/venv/lib/python3.7/site-packages/airflow/example_dags/example_external_task_marker_dag.py
[2022-06-17 13:19:24,904] {processor.py:651} INFO - DAG(s) dict_keys(['example_external_task_marker_parent', 'example_external_task_marker_child']) retrieved from /home/jarret/data-engineering-bootcamp/workspace/airflow-code-review/venv/lib/python3.7/site-packages/airflow/example_dags/example_external_task_marker_dag.py
[2022-06-17 13:19:24,924] {logging_mixin.py:115} INFO - [2022-06-17 13:19:24,924] {dag.py:2379} INFO - Sync 2 DAGs
[2022-06-17 13:19:24,941] {logging_mixin.py:115} INFO - [2022-06-17 13:19:24,941] {dag.py:2931} INFO - Setting next_dagrun for example_external_task_marker_child to None, run_after=None
[2022-06-17 13:19:24,941] {logging_mixin.py:115} INFO - [2022-06-17 13:19:24,941] {dag.py:2931} INFO - Setting next_dagrun for example_external_task_marker_parent to None, run_after=None
[2022-06-17 13:19:27,902] {processor.py:161} INFO - Processing /home/jarret/data-engineering-bootcamp/workspace/airflow-code-review/venv/lib/python3.7/site-packages/airflow/example_dags/example_external_task_marker_dag.py took 3.048 seconds
[2022-06-17 13:20:32,148] {processor.py:153} INFO - Started process (PID=19342) to work on /home/jarret/data-engineering-bootcamp/workspace/airflow-code-review/venv/lib/python3.7/site-packages/airflow/example_dags/example_external_task_marker_dag.py
[2022-06-17 13:20:32,149] {processor.py:641} INFO - Processing file /home/jarret/data-engineering-bootcamp/workspace/airflow-code-review/venv/lib/python3.7/site-packages/airflow/example_dags/example_external_task_marker_dag.py for tasks to queue
[2022-06-17 13:20:32,149] {logging_mixin.py:115} INFO - [2022-06-17 13:20:32,149] {dagbag.py:507} INFO - Filling up the DagBag from /home/jarret/data-engineering-bootcamp/workspace/airflow-code-review/venv/lib/python3.7/site-packages/airflow/example_dags/example_external_task_marker_dag.py
[2022-06-17 13:20:32,152] {processor.py:651} INFO - DAG(s) dict_keys(['example_external_task_marker_parent', 'example_external_task_marker_child']) retrieved from /home/jarret/data-engineering-bootcamp/workspace/airflow-code-review/venv/lib/python3.7/site-packages/airflow/example_dags/example_external_task_marker_dag.py
[2022-06-17 13:20:32,171] {logging_mixin.py:115} INFO - [2022-06-17 13:20:32,171] {dag.py:2379} INFO - Sync 2 DAGs
[2022-06-17 13:20:32,188] {logging_mixin.py:115} INFO - [2022-06-17 13:20:32,188] {dag.py:2931} INFO - Setting next_dagrun for example_external_task_marker_child to None, run_after=None
[2022-06-17 13:20:32,188] {logging_mixin.py:115} INFO - [2022-06-17 13:20:32,188] {dag.py:2931} INFO - Setting next_dagrun for example_external_task_marker_parent to None, run_after=None
[2022-06-17 13:20:32,315] {processor.py:161} INFO - Processing /home/jarret/data-engineering-bootcamp/workspace/airflow-code-review/venv/lib/python3.7/site-packages/airflow/example_dags/example_external_task_marker_dag.py took 0.169 seconds
[2022-06-17 13:21:37,631] {processor.py:153} INFO - Started process (PID=19467) to work on /home/jarret/data-engineering-bootcamp/workspace/airflow-code-review/venv/lib/python3.7/site-packages/airflow/example_dags/example_external_task_marker_dag.py
[2022-06-17 13:21:37,632] {processor.py:641} INFO - Processing file /home/jarret/data-engineering-bootcamp/workspace/airflow-code-review/venv/lib/python3.7/site-packages/airflow/example_dags/example_external_task_marker_dag.py for tasks to queue
[2022-06-17 13:21:37,633] {logging_mixin.py:115} INFO - [2022-06-17 13:21:37,633] {dagbag.py:507} INFO - Filling up the DagBag from /home/jarret/data-engineering-bootcamp/workspace/airflow-code-review/venv/lib/python3.7/site-packages/airflow/example_dags/example_external_task_marker_dag.py
[2022-06-17 13:21:37,638] {processor.py:651} INFO - DAG(s) dict_keys(['example_external_task_marker_parent', 'example_external_task_marker_child']) retrieved from /home/jarret/data-engineering-bootcamp/workspace/airflow-code-review/venv/lib/python3.7/site-packages/airflow/example_dags/example_external_task_marker_dag.py
[2022-06-17 13:21:37,658] {logging_mixin.py:115} INFO - [2022-06-17 13:21:37,658] {dag.py:2379} INFO - Sync 2 DAGs
[2022-06-17 13:21:37,674] {logging_mixin.py:115} INFO - [2022-06-17 13:21:37,674] {dag.py:2931} INFO - Setting next_dagrun for example_external_task_marker_child to None, run_after=None
[2022-06-17 13:21:37,674] {logging_mixin.py:115} INFO - [2022-06-17 13:21:37,674] {dag.py:2931} INFO - Setting next_dagrun for example_external_task_marker_parent to None, run_after=None
[2022-06-17 13:21:37,806] {processor.py:161} INFO - Processing /home/jarret/data-engineering-bootcamp/workspace/airflow-code-review/venv/lib/python3.7/site-packages/airflow/example_dags/example_external_task_marker_dag.py took 0.178 seconds
[2022-06-17 13:22:37,326] {processor.py:153} INFO - Started process (PID=19580) to work on /home/jarret/data-engineering-bootcamp/workspace/airflow-code-review/venv/lib/python3.7/site-packages/airflow/example_dags/example_external_task_marker_dag.py
[2022-06-17 13:22:37,328] {processor.py:641} INFO - Processing file /home/jarret/data-engineering-bootcamp/workspace/airflow-code-review/venv/lib/python3.7/site-packages/airflow/example_dags/example_external_task_marker_dag.py for tasks to queue
[2022-06-17 13:22:37,328] {logging_mixin.py:115} INFO - [2022-06-17 13:22:37,328] {dagbag.py:507} INFO - Filling up the DagBag from /home/jarret/data-engineering-bootcamp/workspace/airflow-code-review/venv/lib/python3.7/site-packages/airflow/example_dags/example_external_task_marker_dag.py
[2022-06-17 13:22:37,334] {processor.py:651} INFO - DAG(s) dict_keys(['example_external_task_marker_parent', 'example_external_task_marker_child']) retrieved from /home/jarret/data-engineering-bootcamp/workspace/airflow-code-review/venv/lib/python3.7/site-packages/airflow/example_dags/example_external_task_marker_dag.py
[2022-06-17 13:22:37,357] {logging_mixin.py:115} INFO - [2022-06-17 13:22:37,357] {dag.py:2379} INFO - Sync 2 DAGs
[2022-06-17 13:22:37,374] {logging_mixin.py:115} INFO - [2022-06-17 13:22:37,374] {dag.py:2931} INFO - Setting next_dagrun for example_external_task_marker_child to None, run_after=None
[2022-06-17 13:22:37,374] {logging_mixin.py:115} INFO - [2022-06-17 13:22:37,374] {dag.py:2931} INFO - Setting next_dagrun for example_external_task_marker_parent to None, run_after=None
[2022-06-17 13:22:37,520] {processor.py:161} INFO - Processing /home/jarret/data-engineering-bootcamp/workspace/airflow-code-review/venv/lib/python3.7/site-packages/airflow/example_dags/example_external_task_marker_dag.py took 0.197 seconds
[2022-06-17 13:23:35,363] {processor.py:153} INFO - Started process (PID=19683) to work on /home/jarret/data-engineering-bootcamp/workspace/airflow-code-review/venv/lib/python3.7/site-packages/airflow/example_dags/example_external_task_marker_dag.py
[2022-06-17 13:23:35,364] {processor.py:641} INFO - Processing file /home/jarret/data-engineering-bootcamp/workspace/airflow-code-review/venv/lib/python3.7/site-packages/airflow/example_dags/example_external_task_marker_dag.py for tasks to queue
[2022-06-17 13:23:35,365] {logging_mixin.py:115} INFO - [2022-06-17 13:23:35,365] {dagbag.py:507} INFO - Filling up the DagBag from /home/jarret/data-engineering-bootcamp/workspace/airflow-code-review/venv/lib/python3.7/site-packages/airflow/example_dags/example_external_task_marker_dag.py
[2022-06-17 13:23:35,367] {processor.py:651} INFO - DAG(s) dict_keys(['example_external_task_marker_parent', 'example_external_task_marker_child']) retrieved from /home/jarret/data-engineering-bootcamp/workspace/airflow-code-review/venv/lib/python3.7/site-packages/airflow/example_dags/example_external_task_marker_dag.py
[2022-06-17 13:23:35,387] {logging_mixin.py:115} INFO - [2022-06-17 13:23:35,387] {dag.py:2379} INFO - Sync 2 DAGs
[2022-06-17 13:23:35,403] {logging_mixin.py:115} INFO - [2022-06-17 13:23:35,403] {dag.py:2931} INFO - Setting next_dagrun for example_external_task_marker_child to None, run_after=None
[2022-06-17 13:23:35,404] {logging_mixin.py:115} INFO - [2022-06-17 13:23:35,404] {dag.py:2931} INFO - Setting next_dagrun for example_external_task_marker_parent to None, run_after=None
[2022-06-17 13:23:36,438] {processor.py:161} INFO - Processing /home/jarret/data-engineering-bootcamp/workspace/airflow-code-review/venv/lib/python3.7/site-packages/airflow/example_dags/example_external_task_marker_dag.py took 1.077 seconds
[2022-06-17 13:25:00,902] {processor.py:153} INFO - Started process (PID=19846) to work on /home/jarret/data-engineering-bootcamp/workspace/airflow-code-review/venv/lib/python3.7/site-packages/airflow/example_dags/example_external_task_marker_dag.py
[2022-06-17 13:25:00,926] {processor.py:641} INFO - Processing file /home/jarret/data-engineering-bootcamp/workspace/airflow-code-review/venv/lib/python3.7/site-packages/airflow/example_dags/example_external_task_marker_dag.py for tasks to queue
[2022-06-17 13:25:00,926] {logging_mixin.py:115} INFO - [2022-06-17 13:25:00,926] {dagbag.py:507} INFO - Filling up the DagBag from /home/jarret/data-engineering-bootcamp/workspace/airflow-code-review/venv/lib/python3.7/site-packages/airflow/example_dags/example_external_task_marker_dag.py
[2022-06-17 13:25:00,933] {processor.py:651} INFO - DAG(s) dict_keys(['example_external_task_marker_parent', 'example_external_task_marker_child']) retrieved from /home/jarret/data-engineering-bootcamp/workspace/airflow-code-review/venv/lib/python3.7/site-packages/airflow/example_dags/example_external_task_marker_dag.py
[2022-06-17 13:25:00,956] {logging_mixin.py:115} INFO - [2022-06-17 13:25:00,955] {dag.py:2379} INFO - Sync 2 DAGs
[2022-06-17 13:25:00,971] {logging_mixin.py:115} INFO - [2022-06-17 13:25:00,971] {dag.py:2931} INFO - Setting next_dagrun for example_external_task_marker_child to None, run_after=None
[2022-06-17 13:25:00,971] {logging_mixin.py:115} INFO - [2022-06-17 13:25:00,971] {dag.py:2931} INFO - Setting next_dagrun for example_external_task_marker_parent to None, run_after=None
[2022-06-17 13:25:03,460] {processor.py:161} INFO - Processing /home/jarret/data-engineering-bootcamp/workspace/airflow-code-review/venv/lib/python3.7/site-packages/airflow/example_dags/example_external_task_marker_dag.py took 2.561 seconds
[2022-06-17 13:26:06,285] {processor.py:153} INFO - Started process (PID=19979) to work on /home/jarret/data-engineering-bootcamp/workspace/airflow-code-review/venv/lib/python3.7/site-packages/airflow/example_dags/example_external_task_marker_dag.py
[2022-06-17 13:26:06,286] {processor.py:641} INFO - Processing file /home/jarret/data-engineering-bootcamp/workspace/airflow-code-review/venv/lib/python3.7/site-packages/airflow/example_dags/example_external_task_marker_dag.py for tasks to queue
[2022-06-17 13:26:06,287] {logging_mixin.py:115} INFO - [2022-06-17 13:26:06,286] {dagbag.py:507} INFO - Filling up the DagBag from /home/jarret/data-engineering-bootcamp/workspace/airflow-code-review/venv/lib/python3.7/site-packages/airflow/example_dags/example_external_task_marker_dag.py
[2022-06-17 13:26:06,292] {processor.py:651} INFO - DAG(s) dict_keys(['example_external_task_marker_parent', 'example_external_task_marker_child']) retrieved from /home/jarret/data-engineering-bootcamp/workspace/airflow-code-review/venv/lib/python3.7/site-packages/airflow/example_dags/example_external_task_marker_dag.py
[2022-06-17 13:26:06,312] {logging_mixin.py:115} INFO - [2022-06-17 13:26:06,312] {dag.py:2379} INFO - Sync 2 DAGs
[2022-06-17 13:26:06,329] {logging_mixin.py:115} INFO - [2022-06-17 13:26:06,328] {dag.py:2931} INFO - Setting next_dagrun for example_external_task_marker_child to None, run_after=None
[2022-06-17 13:26:06,329] {logging_mixin.py:115} INFO - [2022-06-17 13:26:06,329] {dag.py:2931} INFO - Setting next_dagrun for example_external_task_marker_parent to None, run_after=None
[2022-06-17 13:26:07,839] {processor.py:161} INFO - Processing /home/jarret/data-engineering-bootcamp/workspace/airflow-code-review/venv/lib/python3.7/site-packages/airflow/example_dags/example_external_task_marker_dag.py took 1.558 seconds
[2022-06-17 13:27:04,284] {processor.py:153} INFO - Started process (PID=20103) to work on /home/jarret/data-engineering-bootcamp/workspace/airflow-code-review/venv/lib/python3.7/site-packages/airflow/example_dags/example_external_task_marker_dag.py
[2022-06-17 13:27:04,285] {processor.py:641} INFO - Processing file /home/jarret/data-engineering-bootcamp/workspace/airflow-code-review/venv/lib/python3.7/site-packages/airflow/example_dags/example_external_task_marker_dag.py for tasks to queue
[2022-06-17 13:27:04,285] {logging_mixin.py:115} INFO - [2022-06-17 13:27:04,285] {dagbag.py:507} INFO - Filling up the DagBag from /home/jarret/data-engineering-bootcamp/workspace/airflow-code-review/venv/lib/python3.7/site-packages/airflow/example_dags/example_external_task_marker_dag.py
[2022-06-17 13:27:04,287] {processor.py:651} INFO - DAG(s) dict_keys(['example_external_task_marker_parent', 'example_external_task_marker_child']) retrieved from /home/jarret/data-engineering-bootcamp/workspace/airflow-code-review/venv/lib/python3.7/site-packages/airflow/example_dags/example_external_task_marker_dag.py
[2022-06-17 13:27:04,307] {logging_mixin.py:115} INFO - [2022-06-17 13:27:04,307] {dag.py:2379} INFO - Sync 2 DAGs
[2022-06-17 13:27:04,323] {logging_mixin.py:115} INFO - [2022-06-17 13:27:04,322] {dag.py:2931} INFO - Setting next_dagrun for example_external_task_marker_child to None, run_after=None
[2022-06-17 13:27:04,323] {logging_mixin.py:115} INFO - [2022-06-17 13:27:04,323] {dag.py:2931} INFO - Setting next_dagrun for example_external_task_marker_parent to None, run_after=None
[2022-06-17 13:27:05,650] {processor.py:161} INFO - Processing /home/jarret/data-engineering-bootcamp/workspace/airflow-code-review/venv/lib/python3.7/site-packages/airflow/example_dags/example_external_task_marker_dag.py took 1.369 seconds
[2022-06-17 13:28:07,160] {processor.py:153} INFO - Started process (PID=20226) to work on /home/jarret/data-engineering-bootcamp/workspace/airflow-code-review/venv/lib/python3.7/site-packages/airflow/example_dags/example_external_task_marker_dag.py
[2022-06-17 13:28:07,171] {processor.py:641} INFO - Processing file /home/jarret/data-engineering-bootcamp/workspace/airflow-code-review/venv/lib/python3.7/site-packages/airflow/example_dags/example_external_task_marker_dag.py for tasks to queue
[2022-06-17 13:28:07,171] {logging_mixin.py:115} INFO - [2022-06-17 13:28:07,171] {dagbag.py:507} INFO - Filling up the DagBag from /home/jarret/data-engineering-bootcamp/workspace/airflow-code-review/venv/lib/python3.7/site-packages/airflow/example_dags/example_external_task_marker_dag.py
[2022-06-17 13:28:07,175] {processor.py:651} INFO - DAG(s) dict_keys(['example_external_task_marker_parent', 'example_external_task_marker_child']) retrieved from /home/jarret/data-engineering-bootcamp/workspace/airflow-code-review/venv/lib/python3.7/site-packages/airflow/example_dags/example_external_task_marker_dag.py
[2022-06-17 13:28:07,194] {logging_mixin.py:115} INFO - [2022-06-17 13:28:07,194] {dag.py:2379} INFO - Sync 2 DAGs
[2022-06-17 13:28:07,210] {logging_mixin.py:115} INFO - [2022-06-17 13:28:07,210] {dag.py:2931} INFO - Setting next_dagrun for example_external_task_marker_child to None, run_after=None
[2022-06-17 13:28:07,210] {logging_mixin.py:115} INFO - [2022-06-17 13:28:07,210] {dag.py:2931} INFO - Setting next_dagrun for example_external_task_marker_parent to None, run_after=None
[2022-06-17 13:28:08,494] {processor.py:161} INFO - Processing /home/jarret/data-engineering-bootcamp/workspace/airflow-code-review/venv/lib/python3.7/site-packages/airflow/example_dags/example_external_task_marker_dag.py took 1.337 seconds
[2022-06-17 13:29:08,272] {processor.py:153} INFO - Started process (PID=20290) to work on /home/jarret/data-engineering-bootcamp/workspace/airflow-code-review/venv/lib/python3.7/site-packages/airflow/example_dags/example_external_task_marker_dag.py
[2022-06-17 13:29:08,274] {processor.py:641} INFO - Processing file /home/jarret/data-engineering-bootcamp/workspace/airflow-code-review/venv/lib/python3.7/site-packages/airflow/example_dags/example_external_task_marker_dag.py for tasks to queue
[2022-06-17 13:29:08,274] {logging_mixin.py:115} INFO - [2022-06-17 13:29:08,274] {dagbag.py:507} INFO - Filling up the DagBag from /home/jarret/data-engineering-bootcamp/workspace/airflow-code-review/venv/lib/python3.7/site-packages/airflow/example_dags/example_external_task_marker_dag.py
[2022-06-17 13:29:08,278] {processor.py:651} INFO - DAG(s) dict_keys(['example_external_task_marker_parent', 'example_external_task_marker_child']) retrieved from /home/jarret/data-engineering-bootcamp/workspace/airflow-code-review/venv/lib/python3.7/site-packages/airflow/example_dags/example_external_task_marker_dag.py
[2022-06-17 13:29:08,298] {logging_mixin.py:115} INFO - [2022-06-17 13:29:08,298] {dag.py:2379} INFO - Sync 2 DAGs
[2022-06-17 13:29:08,314] {logging_mixin.py:115} INFO - [2022-06-17 13:29:08,314] {dag.py:2931} INFO - Setting next_dagrun for example_external_task_marker_child to None, run_after=None
[2022-06-17 13:29:08,314] {logging_mixin.py:115} INFO - [2022-06-17 13:29:08,314] {dag.py:2931} INFO - Setting next_dagrun for example_external_task_marker_parent to None, run_after=None
[2022-06-17 13:29:08,441] {processor.py:161} INFO - Processing /home/jarret/data-engineering-bootcamp/workspace/airflow-code-review/venv/lib/python3.7/site-packages/airflow/example_dags/example_external_task_marker_dag.py took 0.172 seconds
[2022-06-17 13:30:02,955] {processor.py:153} INFO - Started process (PID=20540) to work on /home/jarret/data-engineering-bootcamp/workspace/airflow-code-review/venv/lib/python3.7/site-packages/airflow/example_dags/example_external_task_marker_dag.py
[2022-06-17 13:30:02,963] {processor.py:641} INFO - Processing file /home/jarret/data-engineering-bootcamp/workspace/airflow-code-review/venv/lib/python3.7/site-packages/airflow/example_dags/example_external_task_marker_dag.py for tasks to queue
[2022-06-17 13:30:02,964] {logging_mixin.py:115} INFO - [2022-06-17 13:30:02,963] {dagbag.py:507} INFO - Filling up the DagBag from /home/jarret/data-engineering-bootcamp/workspace/airflow-code-review/venv/lib/python3.7/site-packages/airflow/example_dags/example_external_task_marker_dag.py
[2022-06-17 13:30:02,969] {processor.py:651} INFO - DAG(s) dict_keys(['example_external_task_marker_parent', 'example_external_task_marker_child']) retrieved from /home/jarret/data-engineering-bootcamp/workspace/airflow-code-review/venv/lib/python3.7/site-packages/airflow/example_dags/example_external_task_marker_dag.py
[2022-06-17 13:30:02,997] {logging_mixin.py:115} INFO - [2022-06-17 13:30:02,997] {dag.py:2379} INFO - Sync 2 DAGs
[2022-06-17 13:30:03,013] {logging_mixin.py:115} INFO - [2022-06-17 13:30:03,013] {dag.py:2931} INFO - Setting next_dagrun for example_external_task_marker_child to None, run_after=None
[2022-06-17 13:30:03,013] {logging_mixin.py:115} INFO - [2022-06-17 13:30:03,013] {dag.py:2931} INFO - Setting next_dagrun for example_external_task_marker_parent to None, run_after=None
[2022-06-17 13:30:03,118] {processor.py:161} INFO - Processing /home/jarret/data-engineering-bootcamp/workspace/airflow-code-review/venv/lib/python3.7/site-packages/airflow/example_dags/example_external_task_marker_dag.py took 0.167 seconds
[2022-06-17 13:31:08,602] {processor.py:153} INFO - Started process (PID=20670) to work on /home/jarret/data-engineering-bootcamp/workspace/airflow-code-review/venv/lib/python3.7/site-packages/airflow/example_dags/example_external_task_marker_dag.py
[2022-06-17 13:31:08,604] {processor.py:641} INFO - Processing file /home/jarret/data-engineering-bootcamp/workspace/airflow-code-review/venv/lib/python3.7/site-packages/airflow/example_dags/example_external_task_marker_dag.py for tasks to queue
[2022-06-17 13:31:08,604] {logging_mixin.py:115} INFO - [2022-06-17 13:31:08,604] {dagbag.py:507} INFO - Filling up the DagBag from /home/jarret/data-engineering-bootcamp/workspace/airflow-code-review/venv/lib/python3.7/site-packages/airflow/example_dags/example_external_task_marker_dag.py
[2022-06-17 13:31:08,608] {processor.py:651} INFO - DAG(s) dict_keys(['example_external_task_marker_parent', 'example_external_task_marker_child']) retrieved from /home/jarret/data-engineering-bootcamp/workspace/airflow-code-review/venv/lib/python3.7/site-packages/airflow/example_dags/example_external_task_marker_dag.py
[2022-06-17 13:31:08,628] {logging_mixin.py:115} INFO - [2022-06-17 13:31:08,628] {dag.py:2379} INFO - Sync 2 DAGs
[2022-06-17 13:31:08,644] {logging_mixin.py:115} INFO - [2022-06-17 13:31:08,644] {dag.py:2931} INFO - Setting next_dagrun for example_external_task_marker_child to None, run_after=None
[2022-06-17 13:31:08,645] {logging_mixin.py:115} INFO - [2022-06-17 13:31:08,645] {dag.py:2931} INFO - Setting next_dagrun for example_external_task_marker_parent to None, run_after=None
[2022-06-17 13:31:09,027] {processor.py:161} INFO - Processing /home/jarret/data-engineering-bootcamp/workspace/airflow-code-review/venv/lib/python3.7/site-packages/airflow/example_dags/example_external_task_marker_dag.py took 0.428 seconds
[2022-06-17 13:32:02,293] {processor.py:153} INFO - Started process (PID=21546) to work on /home/jarret/data-engineering-bootcamp/workspace/airflow-code-review/venv/lib/python3.7/site-packages/airflow/example_dags/example_external_task_marker_dag.py
[2022-06-17 13:32:02,293] {processor.py:641} INFO - Processing file /home/jarret/data-engineering-bootcamp/workspace/airflow-code-review/venv/lib/python3.7/site-packages/airflow/example_dags/example_external_task_marker_dag.py for tasks to queue
[2022-06-17 13:32:02,294] {logging_mixin.py:115} INFO - [2022-06-17 13:32:02,294] {dagbag.py:507} INFO - Filling up the DagBag from /home/jarret/data-engineering-bootcamp/workspace/airflow-code-review/venv/lib/python3.7/site-packages/airflow/example_dags/example_external_task_marker_dag.py
[2022-06-17 13:32:02,296] {processor.py:651} INFO - DAG(s) dict_keys(['example_external_task_marker_parent', 'example_external_task_marker_child']) retrieved from /home/jarret/data-engineering-bootcamp/workspace/airflow-code-review/venv/lib/python3.7/site-packages/airflow/example_dags/example_external_task_marker_dag.py
[2022-06-17 13:32:02,316] {logging_mixin.py:115} INFO - [2022-06-17 13:32:02,316] {dag.py:2379} INFO - Sync 2 DAGs
[2022-06-17 13:32:02,332] {logging_mixin.py:115} INFO - [2022-06-17 13:32:02,332] {dag.py:2931} INFO - Setting next_dagrun for example_external_task_marker_child to None, run_after=None
[2022-06-17 13:32:02,333] {logging_mixin.py:115} INFO - [2022-06-17 13:32:02,332] {dag.py:2931} INFO - Setting next_dagrun for example_external_task_marker_parent to None, run_after=None
[2022-06-17 13:32:02,498] {processor.py:161} INFO - Processing /home/jarret/data-engineering-bootcamp/workspace/airflow-code-review/venv/lib/python3.7/site-packages/airflow/example_dags/example_external_task_marker_dag.py took 0.209 seconds
[2022-06-17 13:33:01,019] {processor.py:153} INFO - Started process (PID=22306) to work on /home/jarret/data-engineering-bootcamp/workspace/airflow-code-review/venv/lib/python3.7/site-packages/airflow/example_dags/example_external_task_marker_dag.py
[2022-06-17 13:33:01,020] {processor.py:641} INFO - Processing file /home/jarret/data-engineering-bootcamp/workspace/airflow-code-review/venv/lib/python3.7/site-packages/airflow/example_dags/example_external_task_marker_dag.py for tasks to queue
[2022-06-17 13:33:01,020] {logging_mixin.py:115} INFO - [2022-06-17 13:33:01,020] {dagbag.py:507} INFO - Filling up the DagBag from /home/jarret/data-engineering-bootcamp/workspace/airflow-code-review/venv/lib/python3.7/site-packages/airflow/example_dags/example_external_task_marker_dag.py
[2022-06-17 13:33:01,022] {processor.py:651} INFO - DAG(s) dict_keys(['example_external_task_marker_parent', 'example_external_task_marker_child']) retrieved from /home/jarret/data-engineering-bootcamp/workspace/airflow-code-review/venv/lib/python3.7/site-packages/airflow/example_dags/example_external_task_marker_dag.py
[2022-06-17 13:33:01,042] {logging_mixin.py:115} INFO - [2022-06-17 13:33:01,042] {dag.py:2379} INFO - Sync 2 DAGs
[2022-06-17 13:33:01,058] {logging_mixin.py:115} INFO - [2022-06-17 13:33:01,058] {dag.py:2931} INFO - Setting next_dagrun for example_external_task_marker_child to None, run_after=None
[2022-06-17 13:33:01,058] {logging_mixin.py:115} INFO - [2022-06-17 13:33:01,058] {dag.py:2931} INFO - Setting next_dagrun for example_external_task_marker_parent to None, run_after=None
[2022-06-17 13:33:03,559] {processor.py:161} INFO - Processing /home/jarret/data-engineering-bootcamp/workspace/airflow-code-review/venv/lib/python3.7/site-packages/airflow/example_dags/example_external_task_marker_dag.py took 2.542 seconds
[2022-06-17 13:34:18,434] {processor.py:153} INFO - Started process (PID=23070) to work on /home/jarret/data-engineering-bootcamp/workspace/airflow-code-review/venv/lib/python3.7/site-packages/airflow/example_dags/example_external_task_marker_dag.py
[2022-06-17 13:34:18,435] {processor.py:641} INFO - Processing file /home/jarret/data-engineering-bootcamp/workspace/airflow-code-review/venv/lib/python3.7/site-packages/airflow/example_dags/example_external_task_marker_dag.py for tasks to queue
[2022-06-17 13:34:18,435] {logging_mixin.py:115} INFO - [2022-06-17 13:34:18,435] {dagbag.py:507} INFO - Filling up the DagBag from /home/jarret/data-engineering-bootcamp/workspace/airflow-code-review/venv/lib/python3.7/site-packages/airflow/example_dags/example_external_task_marker_dag.py
[2022-06-17 13:34:18,438] {processor.py:651} INFO - DAG(s) dict_keys(['example_external_task_marker_parent', 'example_external_task_marker_child']) retrieved from /home/jarret/data-engineering-bootcamp/workspace/airflow-code-review/venv/lib/python3.7/site-packages/airflow/example_dags/example_external_task_marker_dag.py
[2022-06-17 13:34:18,458] {logging_mixin.py:115} INFO - [2022-06-17 13:34:18,458] {dag.py:2379} INFO - Sync 2 DAGs
[2022-06-17 13:34:18,474] {logging_mixin.py:115} INFO - [2022-06-17 13:34:18,474] {dag.py:2931} INFO - Setting next_dagrun for example_external_task_marker_child to None, run_after=None
[2022-06-17 13:34:18,475] {logging_mixin.py:115} INFO - [2022-06-17 13:34:18,475] {dag.py:2931} INFO - Setting next_dagrun for example_external_task_marker_parent to None, run_after=None
[2022-06-17 13:34:19,071] {processor.py:161} INFO - Processing /home/jarret/data-engineering-bootcamp/workspace/airflow-code-review/venv/lib/python3.7/site-packages/airflow/example_dags/example_external_task_marker_dag.py took 0.641 seconds
