[2022-06-17 12:37:32,800] {processor.py:153} INFO - Started process (PID=15733) to work on /home/jarret/data-engineering-bootcamp/workspace/airflow-code-review/venv/lib/python3.7/site-packages/airflow/example_dags/example_trigger_controller_dag.py
[2022-06-17 12:37:32,801] {processor.py:641} INFO - Processing file /home/jarret/data-engineering-bootcamp/workspace/airflow-code-review/venv/lib/python3.7/site-packages/airflow/example_dags/example_trigger_controller_dag.py for tasks to queue
[2022-06-17 12:37:32,801] {logging_mixin.py:115} INFO - [2022-06-17 12:37:32,801] {dagbag.py:507} INFO - Filling up the DagBag from /home/jarret/data-engineering-bootcamp/workspace/airflow-code-review/venv/lib/python3.7/site-packages/airflow/example_dags/example_trigger_controller_dag.py
[2022-06-17 12:37:32,805] {processor.py:651} INFO - DAG(s) dict_keys(['example_trigger_controller_dag']) retrieved from /home/jarret/data-engineering-bootcamp/workspace/airflow-code-review/venv/lib/python3.7/site-packages/airflow/example_dags/example_trigger_controller_dag.py
[2022-06-17 12:37:33,175] {logging_mixin.py:115} INFO - [2022-06-17 12:37:33,175] {manager.py:508} INFO - Created Permission View: can read on DAG:example_trigger_controller_dag
[2022-06-17 12:37:33,289] {logging_mixin.py:115} INFO - [2022-06-17 12:37:33,288] {manager.py:508} INFO - Created Permission View: can delete on DAG:example_trigger_controller_dag
[2022-06-17 12:37:33,914] {logging_mixin.py:115} INFO - [2022-06-17 12:37:33,913] {manager.py:508} INFO - Created Permission View: can edit on DAG:example_trigger_controller_dag
[2022-06-17 12:37:33,914] {logging_mixin.py:115} INFO - [2022-06-17 12:37:33,914] {dag.py:2379} INFO - Sync 1 DAGs
[2022-06-17 12:37:33,930] {logging_mixin.py:115} INFO - [2022-06-17 12:37:33,930] {dag.py:2398} INFO - Creating ORM DAG for example_trigger_controller_dag
[2022-06-17 12:37:33,938] {logging_mixin.py:115} INFO - [2022-06-17 12:37:33,938] {dag.py:2931} INFO - Setting next_dagrun for example_trigger_controller_dag to 2021-01-01T00:00:00+00:00, run_after=2021-01-01T00:00:00+00:00
[2022-06-17 12:37:34,095] {processor.py:161} INFO - Processing /home/jarret/data-engineering-bootcamp/workspace/airflow-code-review/venv/lib/python3.7/site-packages/airflow/example_dags/example_trigger_controller_dag.py took 1.298 seconds
[2022-06-17 12:38:46,415] {processor.py:153} INFO - Started process (PID=15797) to work on /home/jarret/data-engineering-bootcamp/workspace/airflow-code-review/venv/lib/python3.7/site-packages/airflow/example_dags/example_trigger_controller_dag.py
[2022-06-17 12:38:46,653] {processor.py:641} INFO - Processing file /home/jarret/data-engineering-bootcamp/workspace/airflow-code-review/venv/lib/python3.7/site-packages/airflow/example_dags/example_trigger_controller_dag.py for tasks to queue
[2022-06-17 12:38:46,654] {logging_mixin.py:115} INFO - [2022-06-17 12:38:46,654] {dagbag.py:507} INFO - Filling up the DagBag from /home/jarret/data-engineering-bootcamp/workspace/airflow-code-review/venv/lib/python3.7/site-packages/airflow/example_dags/example_trigger_controller_dag.py
[2022-06-17 12:38:46,657] {processor.py:651} INFO - DAG(s) dict_keys(['example_trigger_controller_dag']) retrieved from /home/jarret/data-engineering-bootcamp/workspace/airflow-code-review/venv/lib/python3.7/site-packages/airflow/example_dags/example_trigger_controller_dag.py
[2022-06-17 12:38:46,671] {logging_mixin.py:115} INFO - [2022-06-17 12:38:46,671] {dag.py:2379} INFO - Sync 1 DAGs
[2022-06-17 12:38:46,686] {logging_mixin.py:115} INFO - [2022-06-17 12:38:46,686] {dag.py:2931} INFO - Setting next_dagrun for example_trigger_controller_dag to 2021-01-01T00:00:00+00:00, run_after=2021-01-01T00:00:00+00:00
[2022-06-17 12:38:46,844] {processor.py:161} INFO - Processing /home/jarret/data-engineering-bootcamp/workspace/airflow-code-review/venv/lib/python3.7/site-packages/airflow/example_dags/example_trigger_controller_dag.py took 0.432 seconds
[2022-06-17 12:39:40,933] {processor.py:153} INFO - Started process (PID=15842) to work on /home/jarret/data-engineering-bootcamp/workspace/airflow-code-review/venv/lib/python3.7/site-packages/airflow/example_dags/example_trigger_controller_dag.py
[2022-06-17 12:39:40,934] {processor.py:641} INFO - Processing file /home/jarret/data-engineering-bootcamp/workspace/airflow-code-review/venv/lib/python3.7/site-packages/airflow/example_dags/example_trigger_controller_dag.py for tasks to queue
[2022-06-17 12:39:40,934] {logging_mixin.py:115} INFO - [2022-06-17 12:39:40,934] {dagbag.py:507} INFO - Filling up the DagBag from /home/jarret/data-engineering-bootcamp/workspace/airflow-code-review/venv/lib/python3.7/site-packages/airflow/example_dags/example_trigger_controller_dag.py
[2022-06-17 12:39:40,937] {processor.py:651} INFO - DAG(s) dict_keys(['example_trigger_controller_dag']) retrieved from /home/jarret/data-engineering-bootcamp/workspace/airflow-code-review/venv/lib/python3.7/site-packages/airflow/example_dags/example_trigger_controller_dag.py
[2022-06-17 12:39:40,950] {logging_mixin.py:115} INFO - [2022-06-17 12:39:40,950] {dag.py:2379} INFO - Sync 1 DAGs
[2022-06-17 12:39:40,965] {logging_mixin.py:115} INFO - [2022-06-17 12:39:40,965] {dag.py:2931} INFO - Setting next_dagrun for example_trigger_controller_dag to 2021-01-01T00:00:00+00:00, run_after=2021-01-01T00:00:00+00:00
[2022-06-17 12:39:42,809] {processor.py:161} INFO - Processing /home/jarret/data-engineering-bootcamp/workspace/airflow-code-review/venv/lib/python3.7/site-packages/airflow/example_dags/example_trigger_controller_dag.py took 1.880 seconds
[2022-06-17 12:40:40,928] {processor.py:153} INFO - Started process (PID=15918) to work on /home/jarret/data-engineering-bootcamp/workspace/airflow-code-review/venv/lib/python3.7/site-packages/airflow/example_dags/example_trigger_controller_dag.py
[2022-06-17 12:40:40,968] {processor.py:641} INFO - Processing file /home/jarret/data-engineering-bootcamp/workspace/airflow-code-review/venv/lib/python3.7/site-packages/airflow/example_dags/example_trigger_controller_dag.py for tasks to queue
[2022-06-17 12:40:40,969] {logging_mixin.py:115} INFO - [2022-06-17 12:40:40,969] {dagbag.py:507} INFO - Filling up the DagBag from /home/jarret/data-engineering-bootcamp/workspace/airflow-code-review/venv/lib/python3.7/site-packages/airflow/example_dags/example_trigger_controller_dag.py
[2022-06-17 12:40:40,971] {processor.py:651} INFO - DAG(s) dict_keys(['example_trigger_controller_dag']) retrieved from /home/jarret/data-engineering-bootcamp/workspace/airflow-code-review/venv/lib/python3.7/site-packages/airflow/example_dags/example_trigger_controller_dag.py
[2022-06-17 12:40:40,984] {logging_mixin.py:115} INFO - [2022-06-17 12:40:40,983] {dag.py:2379} INFO - Sync 1 DAGs
[2022-06-17 12:40:40,998] {logging_mixin.py:115} INFO - [2022-06-17 12:40:40,998] {dag.py:2931} INFO - Setting next_dagrun for example_trigger_controller_dag to 2021-01-01T00:00:00+00:00, run_after=2021-01-01T00:00:00+00:00
[2022-06-17 12:40:41,234] {processor.py:161} INFO - Processing /home/jarret/data-engineering-bootcamp/workspace/airflow-code-review/venv/lib/python3.7/site-packages/airflow/example_dags/example_trigger_controller_dag.py took 0.309 seconds
[2022-06-17 12:41:33,708] {processor.py:153} INFO - Started process (PID=15988) to work on /home/jarret/data-engineering-bootcamp/workspace/airflow-code-review/venv/lib/python3.7/site-packages/airflow/example_dags/example_trigger_controller_dag.py
[2022-06-17 12:41:33,858] {processor.py:641} INFO - Processing file /home/jarret/data-engineering-bootcamp/workspace/airflow-code-review/venv/lib/python3.7/site-packages/airflow/example_dags/example_trigger_controller_dag.py for tasks to queue
[2022-06-17 12:41:33,858] {logging_mixin.py:115} INFO - [2022-06-17 12:41:33,858] {dagbag.py:507} INFO - Filling up the DagBag from /home/jarret/data-engineering-bootcamp/workspace/airflow-code-review/venv/lib/python3.7/site-packages/airflow/example_dags/example_trigger_controller_dag.py
[2022-06-17 12:41:33,861] {processor.py:651} INFO - DAG(s) dict_keys(['example_trigger_controller_dag']) retrieved from /home/jarret/data-engineering-bootcamp/workspace/airflow-code-review/venv/lib/python3.7/site-packages/airflow/example_dags/example_trigger_controller_dag.py
[2022-06-17 12:41:33,874] {logging_mixin.py:115} INFO - [2022-06-17 12:41:33,873] {dag.py:2379} INFO - Sync 1 DAGs
[2022-06-17 12:41:33,889] {logging_mixin.py:115} INFO - [2022-06-17 12:41:33,888] {dag.py:2931} INFO - Setting next_dagrun for example_trigger_controller_dag to 2021-01-01T00:00:00+00:00, run_after=2021-01-01T00:00:00+00:00
[2022-06-17 12:41:34,876] {processor.py:161} INFO - Processing /home/jarret/data-engineering-bootcamp/workspace/airflow-code-review/venv/lib/python3.7/site-packages/airflow/example_dags/example_trigger_controller_dag.py took 1.170 seconds
[2022-06-17 12:43:18,967] {processor.py:153} INFO - Started process (PID=16127) to work on /home/jarret/data-engineering-bootcamp/workspace/airflow-code-review/venv/lib/python3.7/site-packages/airflow/example_dags/example_trigger_controller_dag.py
[2022-06-17 12:43:18,968] {processor.py:641} INFO - Processing file /home/jarret/data-engineering-bootcamp/workspace/airflow-code-review/venv/lib/python3.7/site-packages/airflow/example_dags/example_trigger_controller_dag.py for tasks to queue
[2022-06-17 12:43:18,969] {logging_mixin.py:115} INFO - [2022-06-17 12:43:18,969] {dagbag.py:507} INFO - Filling up the DagBag from /home/jarret/data-engineering-bootcamp/workspace/airflow-code-review/venv/lib/python3.7/site-packages/airflow/example_dags/example_trigger_controller_dag.py
[2022-06-17 12:43:18,973] {processor.py:651} INFO - DAG(s) dict_keys(['example_trigger_controller_dag']) retrieved from /home/jarret/data-engineering-bootcamp/workspace/airflow-code-review/venv/lib/python3.7/site-packages/airflow/example_dags/example_trigger_controller_dag.py
[2022-06-17 12:43:18,985] {logging_mixin.py:115} INFO - [2022-06-17 12:43:18,985] {dag.py:2379} INFO - Sync 1 DAGs
[2022-06-17 12:43:19,000] {logging_mixin.py:115} INFO - [2022-06-17 12:43:19,000] {dag.py:2931} INFO - Setting next_dagrun for example_trigger_controller_dag to 2021-01-01T00:00:00+00:00, run_after=2021-01-01T00:00:00+00:00
[2022-06-17 12:43:19,992] {processor.py:161} INFO - Processing /home/jarret/data-engineering-bootcamp/workspace/airflow-code-review/venv/lib/python3.7/site-packages/airflow/example_dags/example_trigger_controller_dag.py took 1.027 seconds
[2022-06-17 12:44:19,720] {processor.py:153} INFO - Started process (PID=16214) to work on /home/jarret/data-engineering-bootcamp/workspace/airflow-code-review/venv/lib/python3.7/site-packages/airflow/example_dags/example_trigger_controller_dag.py
[2022-06-17 12:44:19,721] {processor.py:641} INFO - Processing file /home/jarret/data-engineering-bootcamp/workspace/airflow-code-review/venv/lib/python3.7/site-packages/airflow/example_dags/example_trigger_controller_dag.py for tasks to queue
[2022-06-17 12:44:19,722] {logging_mixin.py:115} INFO - [2022-06-17 12:44:19,722] {dagbag.py:507} INFO - Filling up the DagBag from /home/jarret/data-engineering-bootcamp/workspace/airflow-code-review/venv/lib/python3.7/site-packages/airflow/example_dags/example_trigger_controller_dag.py
[2022-06-17 12:44:19,726] {processor.py:651} INFO - DAG(s) dict_keys(['example_trigger_controller_dag']) retrieved from /home/jarret/data-engineering-bootcamp/workspace/airflow-code-review/venv/lib/python3.7/site-packages/airflow/example_dags/example_trigger_controller_dag.py
[2022-06-17 12:44:19,737] {logging_mixin.py:115} INFO - [2022-06-17 12:44:19,737] {dag.py:2379} INFO - Sync 1 DAGs
[2022-06-17 12:44:19,752] {logging_mixin.py:115} INFO - [2022-06-17 12:44:19,752] {dag.py:2931} INFO - Setting next_dagrun for example_trigger_controller_dag to 2021-01-01T00:00:00+00:00, run_after=2021-01-01T00:00:00+00:00
[2022-06-17 12:44:20,674] {processor.py:161} INFO - Processing /home/jarret/data-engineering-bootcamp/workspace/airflow-code-review/venv/lib/python3.7/site-packages/airflow/example_dags/example_trigger_controller_dag.py took 0.957 seconds
[2022-06-17 12:45:28,864] {processor.py:153} INFO - Started process (PID=16345) to work on /home/jarret/data-engineering-bootcamp/workspace/airflow-code-review/venv/lib/python3.7/site-packages/airflow/example_dags/example_trigger_controller_dag.py
[2022-06-17 12:45:29,079] {processor.py:641} INFO - Processing file /home/jarret/data-engineering-bootcamp/workspace/airflow-code-review/venv/lib/python3.7/site-packages/airflow/example_dags/example_trigger_controller_dag.py for tasks to queue
[2022-06-17 12:45:29,079] {logging_mixin.py:115} INFO - [2022-06-17 12:45:29,079] {dagbag.py:507} INFO - Filling up the DagBag from /home/jarret/data-engineering-bootcamp/workspace/airflow-code-review/venv/lib/python3.7/site-packages/airflow/example_dags/example_trigger_controller_dag.py
[2022-06-17 12:45:29,081] {processor.py:651} INFO - DAG(s) dict_keys(['example_trigger_controller_dag']) retrieved from /home/jarret/data-engineering-bootcamp/workspace/airflow-code-review/venv/lib/python3.7/site-packages/airflow/example_dags/example_trigger_controller_dag.py
[2022-06-17 12:45:29,092] {logging_mixin.py:115} INFO - [2022-06-17 12:45:29,092] {dag.py:2379} INFO - Sync 1 DAGs
[2022-06-17 12:45:29,108] {logging_mixin.py:115} INFO - [2022-06-17 12:45:29,108] {dag.py:2931} INFO - Setting next_dagrun for example_trigger_controller_dag to 2021-01-01T00:00:00+00:00, run_after=2021-01-01T00:00:00+00:00
[2022-06-17 12:45:29,262] {processor.py:161} INFO - Processing /home/jarret/data-engineering-bootcamp/workspace/airflow-code-review/venv/lib/python3.7/site-packages/airflow/example_dags/example_trigger_controller_dag.py took 0.401 seconds
[2022-06-17 12:46:37,705] {processor.py:153} INFO - Started process (PID=16468) to work on /home/jarret/data-engineering-bootcamp/workspace/airflow-code-review/venv/lib/python3.7/site-packages/airflow/example_dags/example_trigger_controller_dag.py
[2022-06-17 12:46:37,733] {processor.py:641} INFO - Processing file /home/jarret/data-engineering-bootcamp/workspace/airflow-code-review/venv/lib/python3.7/site-packages/airflow/example_dags/example_trigger_controller_dag.py for tasks to queue
[2022-06-17 12:46:37,734] {logging_mixin.py:115} INFO - [2022-06-17 12:46:37,734] {dagbag.py:507} INFO - Filling up the DagBag from /home/jarret/data-engineering-bootcamp/workspace/airflow-code-review/venv/lib/python3.7/site-packages/airflow/example_dags/example_trigger_controller_dag.py
[2022-06-17 12:46:37,736] {processor.py:651} INFO - DAG(s) dict_keys(['example_trigger_controller_dag']) retrieved from /home/jarret/data-engineering-bootcamp/workspace/airflow-code-review/venv/lib/python3.7/site-packages/airflow/example_dags/example_trigger_controller_dag.py
[2022-06-17 12:46:37,748] {logging_mixin.py:115} INFO - [2022-06-17 12:46:37,748] {dag.py:2379} INFO - Sync 1 DAGs
[2022-06-17 12:46:37,763] {logging_mixin.py:115} INFO - [2022-06-17 12:46:37,763] {dag.py:2931} INFO - Setting next_dagrun for example_trigger_controller_dag to 2021-01-01T00:00:00+00:00, run_after=2021-01-01T00:00:00+00:00
[2022-06-17 12:46:38,116] {processor.py:161} INFO - Processing /home/jarret/data-engineering-bootcamp/workspace/airflow-code-review/venv/lib/python3.7/site-packages/airflow/example_dags/example_trigger_controller_dag.py took 0.414 seconds
[2022-06-17 12:47:39,058] {processor.py:153} INFO - Started process (PID=16511) to work on /home/jarret/data-engineering-bootcamp/workspace/airflow-code-review/venv/lib/python3.7/site-packages/airflow/example_dags/example_trigger_controller_dag.py
[2022-06-17 12:47:39,059] {processor.py:641} INFO - Processing file /home/jarret/data-engineering-bootcamp/workspace/airflow-code-review/venv/lib/python3.7/site-packages/airflow/example_dags/example_trigger_controller_dag.py for tasks to queue
[2022-06-17 12:47:39,060] {logging_mixin.py:115} INFO - [2022-06-17 12:47:39,060] {dagbag.py:507} INFO - Filling up the DagBag from /home/jarret/data-engineering-bootcamp/workspace/airflow-code-review/venv/lib/python3.7/site-packages/airflow/example_dags/example_trigger_controller_dag.py
[2022-06-17 12:47:39,062] {processor.py:651} INFO - DAG(s) dict_keys(['example_trigger_controller_dag']) retrieved from /home/jarret/data-engineering-bootcamp/workspace/airflow-code-review/venv/lib/python3.7/site-packages/airflow/example_dags/example_trigger_controller_dag.py
[2022-06-17 12:47:39,073] {logging_mixin.py:115} INFO - [2022-06-17 12:47:39,073] {dag.py:2379} INFO - Sync 1 DAGs
[2022-06-17 12:47:39,088] {logging_mixin.py:115} INFO - [2022-06-17 12:47:39,088] {dag.py:2931} INFO - Setting next_dagrun for example_trigger_controller_dag to 2021-01-01T00:00:00+00:00, run_after=2021-01-01T00:00:00+00:00
[2022-06-17 12:47:39,960] {processor.py:161} INFO - Processing /home/jarret/data-engineering-bootcamp/workspace/airflow-code-review/venv/lib/python3.7/site-packages/airflow/example_dags/example_trigger_controller_dag.py took 0.905 seconds
[2022-06-17 12:48:52,852] {processor.py:153} INFO - Started process (PID=16578) to work on /home/jarret/data-engineering-bootcamp/workspace/airflow-code-review/venv/lib/python3.7/site-packages/airflow/example_dags/example_trigger_controller_dag.py
[2022-06-17 12:48:52,854] {processor.py:641} INFO - Processing file /home/jarret/data-engineering-bootcamp/workspace/airflow-code-review/venv/lib/python3.7/site-packages/airflow/example_dags/example_trigger_controller_dag.py for tasks to queue
[2022-06-17 12:48:52,854] {logging_mixin.py:115} INFO - [2022-06-17 12:48:52,854] {dagbag.py:507} INFO - Filling up the DagBag from /home/jarret/data-engineering-bootcamp/workspace/airflow-code-review/venv/lib/python3.7/site-packages/airflow/example_dags/example_trigger_controller_dag.py
[2022-06-17 12:48:52,858] {processor.py:651} INFO - DAG(s) dict_keys(['example_trigger_controller_dag']) retrieved from /home/jarret/data-engineering-bootcamp/workspace/airflow-code-review/venv/lib/python3.7/site-packages/airflow/example_dags/example_trigger_controller_dag.py
[2022-06-17 12:48:52,871] {logging_mixin.py:115} INFO - [2022-06-17 12:48:52,871] {dag.py:2379} INFO - Sync 1 DAGs
[2022-06-17 12:48:52,886] {logging_mixin.py:115} INFO - [2022-06-17 12:48:52,886] {dag.py:2931} INFO - Setting next_dagrun for example_trigger_controller_dag to 2021-01-01T00:00:00+00:00, run_after=2021-01-01T00:00:00+00:00
[2022-06-17 12:48:54,065] {processor.py:161} INFO - Processing /home/jarret/data-engineering-bootcamp/workspace/airflow-code-review/venv/lib/python3.7/site-packages/airflow/example_dags/example_trigger_controller_dag.py took 1.216 seconds
[2022-06-17 12:50:06,932] {processor.py:153} INFO - Started process (PID=16714) to work on /home/jarret/data-engineering-bootcamp/workspace/airflow-code-review/venv/lib/python3.7/site-packages/airflow/example_dags/example_trigger_controller_dag.py
[2022-06-17 12:50:06,969] {processor.py:641} INFO - Processing file /home/jarret/data-engineering-bootcamp/workspace/airflow-code-review/venv/lib/python3.7/site-packages/airflow/example_dags/example_trigger_controller_dag.py for tasks to queue
[2022-06-17 12:50:06,970] {logging_mixin.py:115} INFO - [2022-06-17 12:50:06,970] {dagbag.py:507} INFO - Filling up the DagBag from /home/jarret/data-engineering-bootcamp/workspace/airflow-code-review/venv/lib/python3.7/site-packages/airflow/example_dags/example_trigger_controller_dag.py
[2022-06-17 12:50:06,972] {processor.py:651} INFO - DAG(s) dict_keys(['example_trigger_controller_dag']) retrieved from /home/jarret/data-engineering-bootcamp/workspace/airflow-code-review/venv/lib/python3.7/site-packages/airflow/example_dags/example_trigger_controller_dag.py
[2022-06-17 12:50:06,984] {logging_mixin.py:115} INFO - [2022-06-17 12:50:06,983] {dag.py:2379} INFO - Sync 1 DAGs
[2022-06-17 12:50:06,999] {logging_mixin.py:115} INFO - [2022-06-17 12:50:06,999] {dag.py:2931} INFO - Setting next_dagrun for example_trigger_controller_dag to 2021-01-01T00:00:00+00:00, run_after=2021-01-01T00:00:00+00:00
[2022-06-17 12:50:07,128] {processor.py:161} INFO - Processing /home/jarret/data-engineering-bootcamp/workspace/airflow-code-review/venv/lib/python3.7/site-packages/airflow/example_dags/example_trigger_controller_dag.py took 0.197 seconds
[2022-06-17 12:51:06,324] {processor.py:153} INFO - Started process (PID=16805) to work on /home/jarret/data-engineering-bootcamp/workspace/airflow-code-review/venv/lib/python3.7/site-packages/airflow/example_dags/example_trigger_controller_dag.py
[2022-06-17 12:51:06,334] {processor.py:641} INFO - Processing file /home/jarret/data-engineering-bootcamp/workspace/airflow-code-review/venv/lib/python3.7/site-packages/airflow/example_dags/example_trigger_controller_dag.py for tasks to queue
[2022-06-17 12:51:06,334] {logging_mixin.py:115} INFO - [2022-06-17 12:51:06,334] {dagbag.py:507} INFO - Filling up the DagBag from /home/jarret/data-engineering-bootcamp/workspace/airflow-code-review/venv/lib/python3.7/site-packages/airflow/example_dags/example_trigger_controller_dag.py
[2022-06-17 12:51:06,336] {processor.py:651} INFO - DAG(s) dict_keys(['example_trigger_controller_dag']) retrieved from /home/jarret/data-engineering-bootcamp/workspace/airflow-code-review/venv/lib/python3.7/site-packages/airflow/example_dags/example_trigger_controller_dag.py
[2022-06-17 12:51:06,347] {logging_mixin.py:115} INFO - [2022-06-17 12:51:06,347] {dag.py:2379} INFO - Sync 1 DAGs
[2022-06-17 12:51:06,362] {logging_mixin.py:115} INFO - [2022-06-17 12:51:06,361] {dag.py:2931} INFO - Setting next_dagrun for example_trigger_controller_dag to 2021-01-01T00:00:00+00:00, run_after=2021-01-01T00:00:00+00:00
[2022-06-17 12:51:07,082] {processor.py:161} INFO - Processing /home/jarret/data-engineering-bootcamp/workspace/airflow-code-review/venv/lib/python3.7/site-packages/airflow/example_dags/example_trigger_controller_dag.py took 0.762 seconds
[2022-06-17 12:52:15,141] {processor.py:153} INFO - Started process (PID=16934) to work on /home/jarret/data-engineering-bootcamp/workspace/airflow-code-review/venv/lib/python3.7/site-packages/airflow/example_dags/example_trigger_controller_dag.py
[2022-06-17 12:52:15,178] {processor.py:641} INFO - Processing file /home/jarret/data-engineering-bootcamp/workspace/airflow-code-review/venv/lib/python3.7/site-packages/airflow/example_dags/example_trigger_controller_dag.py for tasks to queue
[2022-06-17 12:52:15,179] {logging_mixin.py:115} INFO - [2022-06-17 12:52:15,179] {dagbag.py:507} INFO - Filling up the DagBag from /home/jarret/data-engineering-bootcamp/workspace/airflow-code-review/venv/lib/python3.7/site-packages/airflow/example_dags/example_trigger_controller_dag.py
[2022-06-17 12:52:15,183] {processor.py:651} INFO - DAG(s) dict_keys(['example_trigger_controller_dag']) retrieved from /home/jarret/data-engineering-bootcamp/workspace/airflow-code-review/venv/lib/python3.7/site-packages/airflow/example_dags/example_trigger_controller_dag.py
[2022-06-17 12:52:15,194] {logging_mixin.py:115} INFO - [2022-06-17 12:52:15,194] {dag.py:2379} INFO - Sync 1 DAGs
[2022-06-17 12:52:15,210] {logging_mixin.py:115} INFO - [2022-06-17 12:52:15,210] {dag.py:2931} INFO - Setting next_dagrun for example_trigger_controller_dag to 2021-01-01T00:00:00+00:00, run_after=2021-01-01T00:00:00+00:00
[2022-06-17 12:52:16,647] {processor.py:161} INFO - Processing /home/jarret/data-engineering-bootcamp/workspace/airflow-code-review/venv/lib/python3.7/site-packages/airflow/example_dags/example_trigger_controller_dag.py took 1.509 seconds
[2022-06-17 12:53:14,999] {processor.py:153} INFO - Started process (PID=16979) to work on /home/jarret/data-engineering-bootcamp/workspace/airflow-code-review/venv/lib/python3.7/site-packages/airflow/example_dags/example_trigger_controller_dag.py
[2022-06-17 12:53:15,031] {processor.py:641} INFO - Processing file /home/jarret/data-engineering-bootcamp/workspace/airflow-code-review/venv/lib/python3.7/site-packages/airflow/example_dags/example_trigger_controller_dag.py for tasks to queue
[2022-06-17 12:53:15,032] {logging_mixin.py:115} INFO - [2022-06-17 12:53:15,031] {dagbag.py:507} INFO - Filling up the DagBag from /home/jarret/data-engineering-bootcamp/workspace/airflow-code-review/venv/lib/python3.7/site-packages/airflow/example_dags/example_trigger_controller_dag.py
[2022-06-17 12:53:15,036] {processor.py:651} INFO - DAG(s) dict_keys(['example_trigger_controller_dag']) retrieved from /home/jarret/data-engineering-bootcamp/workspace/airflow-code-review/venv/lib/python3.7/site-packages/airflow/example_dags/example_trigger_controller_dag.py
[2022-06-17 12:53:15,053] {logging_mixin.py:115} INFO - [2022-06-17 12:53:15,053] {dag.py:2379} INFO - Sync 1 DAGs
[2022-06-17 12:53:15,068] {logging_mixin.py:115} INFO - [2022-06-17 12:53:15,068] {dag.py:2931} INFO - Setting next_dagrun for example_trigger_controller_dag to 2021-01-01T00:00:00+00:00, run_after=2021-01-01T00:00:00+00:00
[2022-06-17 12:53:16,351] {processor.py:161} INFO - Processing /home/jarret/data-engineering-bootcamp/workspace/airflow-code-review/venv/lib/python3.7/site-packages/airflow/example_dags/example_trigger_controller_dag.py took 1.354 seconds
[2022-06-17 12:54:29,933] {processor.py:153} INFO - Started process (PID=17062) to work on /home/jarret/data-engineering-bootcamp/workspace/airflow-code-review/venv/lib/python3.7/site-packages/airflow/example_dags/example_trigger_controller_dag.py
[2022-06-17 12:54:29,944] {processor.py:641} INFO - Processing file /home/jarret/data-engineering-bootcamp/workspace/airflow-code-review/venv/lib/python3.7/site-packages/airflow/example_dags/example_trigger_controller_dag.py for tasks to queue
[2022-06-17 12:54:29,944] {logging_mixin.py:115} INFO - [2022-06-17 12:54:29,944] {dagbag.py:507} INFO - Filling up the DagBag from /home/jarret/data-engineering-bootcamp/workspace/airflow-code-review/venv/lib/python3.7/site-packages/airflow/example_dags/example_trigger_controller_dag.py
[2022-06-17 12:54:29,946] {processor.py:651} INFO - DAG(s) dict_keys(['example_trigger_controller_dag']) retrieved from /home/jarret/data-engineering-bootcamp/workspace/airflow-code-review/venv/lib/python3.7/site-packages/airflow/example_dags/example_trigger_controller_dag.py
[2022-06-17 12:54:29,956] {logging_mixin.py:115} INFO - [2022-06-17 12:54:29,956] {dag.py:2379} INFO - Sync 1 DAGs
[2022-06-17 12:54:29,972] {logging_mixin.py:115} INFO - [2022-06-17 12:54:29,972] {dag.py:2931} INFO - Setting next_dagrun for example_trigger_controller_dag to 2021-01-01T00:00:00+00:00, run_after=2021-01-01T00:00:00+00:00
[2022-06-17 12:54:30,555] {processor.py:161} INFO - Processing /home/jarret/data-engineering-bootcamp/workspace/airflow-code-review/venv/lib/python3.7/site-packages/airflow/example_dags/example_trigger_controller_dag.py took 0.625 seconds
[2022-06-17 12:55:27,358] {processor.py:153} INFO - Started process (PID=17106) to work on /home/jarret/data-engineering-bootcamp/workspace/airflow-code-review/venv/lib/python3.7/site-packages/airflow/example_dags/example_trigger_controller_dag.py
[2022-06-17 12:55:27,359] {processor.py:641} INFO - Processing file /home/jarret/data-engineering-bootcamp/workspace/airflow-code-review/venv/lib/python3.7/site-packages/airflow/example_dags/example_trigger_controller_dag.py for tasks to queue
[2022-06-17 12:55:27,360] {logging_mixin.py:115} INFO - [2022-06-17 12:55:27,359] {dagbag.py:507} INFO - Filling up the DagBag from /home/jarret/data-engineering-bootcamp/workspace/airflow-code-review/venv/lib/python3.7/site-packages/airflow/example_dags/example_trigger_controller_dag.py
[2022-06-17 12:55:27,363] {processor.py:651} INFO - DAG(s) dict_keys(['example_trigger_controller_dag']) retrieved from /home/jarret/data-engineering-bootcamp/workspace/airflow-code-review/venv/lib/python3.7/site-packages/airflow/example_dags/example_trigger_controller_dag.py
[2022-06-17 12:55:27,375] {logging_mixin.py:115} INFO - [2022-06-17 12:55:27,375] {dag.py:2379} INFO - Sync 1 DAGs
[2022-06-17 12:55:27,391] {logging_mixin.py:115} INFO - [2022-06-17 12:55:27,390] {dag.py:2931} INFO - Setting next_dagrun for example_trigger_controller_dag to 2021-01-01T00:00:00+00:00, run_after=2021-01-01T00:00:00+00:00
[2022-06-17 12:55:28,184] {processor.py:161} INFO - Processing /home/jarret/data-engineering-bootcamp/workspace/airflow-code-review/venv/lib/python3.7/site-packages/airflow/example_dags/example_trigger_controller_dag.py took 0.829 seconds
[2022-06-17 12:56:46,501] {processor.py:153} INFO - Started process (PID=17224) to work on /home/jarret/data-engineering-bootcamp/workspace/airflow-code-review/venv/lib/python3.7/site-packages/airflow/example_dags/example_trigger_controller_dag.py
[2022-06-17 12:56:46,639] {processor.py:641} INFO - Processing file /home/jarret/data-engineering-bootcamp/workspace/airflow-code-review/venv/lib/python3.7/site-packages/airflow/example_dags/example_trigger_controller_dag.py for tasks to queue
[2022-06-17 12:56:46,640] {logging_mixin.py:115} INFO - [2022-06-17 12:56:46,640] {dagbag.py:507} INFO - Filling up the DagBag from /home/jarret/data-engineering-bootcamp/workspace/airflow-code-review/venv/lib/python3.7/site-packages/airflow/example_dags/example_trigger_controller_dag.py
[2022-06-17 12:56:46,643] {processor.py:651} INFO - DAG(s) dict_keys(['example_trigger_controller_dag']) retrieved from /home/jarret/data-engineering-bootcamp/workspace/airflow-code-review/venv/lib/python3.7/site-packages/airflow/example_dags/example_trigger_controller_dag.py
[2022-06-17 12:56:46,654] {logging_mixin.py:115} INFO - [2022-06-17 12:56:46,654] {dag.py:2379} INFO - Sync 1 DAGs
[2022-06-17 12:56:46,669] {logging_mixin.py:115} INFO - [2022-06-17 12:56:46,669] {dag.py:2931} INFO - Setting next_dagrun for example_trigger_controller_dag to 2021-01-01T00:00:00+00:00, run_after=2021-01-01T00:00:00+00:00
[2022-06-17 12:56:47,272] {processor.py:161} INFO - Processing /home/jarret/data-engineering-bootcamp/workspace/airflow-code-review/venv/lib/python3.7/site-packages/airflow/example_dags/example_trigger_controller_dag.py took 0.774 seconds
[2022-06-17 12:57:54,681] {processor.py:153} INFO - Started process (PID=17267) to work on /home/jarret/data-engineering-bootcamp/workspace/airflow-code-review/venv/lib/python3.7/site-packages/airflow/example_dags/example_trigger_controller_dag.py
[2022-06-17 12:57:54,682] {processor.py:641} INFO - Processing file /home/jarret/data-engineering-bootcamp/workspace/airflow-code-review/venv/lib/python3.7/site-packages/airflow/example_dags/example_trigger_controller_dag.py for tasks to queue
[2022-06-17 12:57:54,683] {logging_mixin.py:115} INFO - [2022-06-17 12:57:54,683] {dagbag.py:507} INFO - Filling up the DagBag from /home/jarret/data-engineering-bootcamp/workspace/airflow-code-review/venv/lib/python3.7/site-packages/airflow/example_dags/example_trigger_controller_dag.py
[2022-06-17 12:57:54,684] {processor.py:651} INFO - DAG(s) dict_keys(['example_trigger_controller_dag']) retrieved from /home/jarret/data-engineering-bootcamp/workspace/airflow-code-review/venv/lib/python3.7/site-packages/airflow/example_dags/example_trigger_controller_dag.py
[2022-06-17 12:57:54,695] {logging_mixin.py:115} INFO - [2022-06-17 12:57:54,695] {dag.py:2379} INFO - Sync 1 DAGs
[2022-06-17 12:57:54,710] {logging_mixin.py:115} INFO - [2022-06-17 12:57:54,710] {dag.py:2931} INFO - Setting next_dagrun for example_trigger_controller_dag to 2021-01-01T00:00:00+00:00, run_after=2021-01-01T00:00:00+00:00
[2022-06-17 12:57:54,836] {processor.py:161} INFO - Processing /home/jarret/data-engineering-bootcamp/workspace/airflow-code-review/venv/lib/python3.7/site-packages/airflow/example_dags/example_trigger_controller_dag.py took 0.158 seconds
[2022-06-17 12:58:59,705] {processor.py:153} INFO - Started process (PID=17371) to work on /home/jarret/data-engineering-bootcamp/workspace/airflow-code-review/venv/lib/python3.7/site-packages/airflow/example_dags/example_trigger_controller_dag.py
[2022-06-17 12:58:59,766] {processor.py:641} INFO - Processing file /home/jarret/data-engineering-bootcamp/workspace/airflow-code-review/venv/lib/python3.7/site-packages/airflow/example_dags/example_trigger_controller_dag.py for tasks to queue
[2022-06-17 12:58:59,767] {logging_mixin.py:115} INFO - [2022-06-17 12:58:59,767] {dagbag.py:507} INFO - Filling up the DagBag from /home/jarret/data-engineering-bootcamp/workspace/airflow-code-review/venv/lib/python3.7/site-packages/airflow/example_dags/example_trigger_controller_dag.py
[2022-06-17 12:58:59,771] {processor.py:651} INFO - DAG(s) dict_keys(['example_trigger_controller_dag']) retrieved from /home/jarret/data-engineering-bootcamp/workspace/airflow-code-review/venv/lib/python3.7/site-packages/airflow/example_dags/example_trigger_controller_dag.py
[2022-06-17 12:58:59,788] {logging_mixin.py:115} INFO - [2022-06-17 12:58:59,788] {dag.py:2379} INFO - Sync 1 DAGs
[2022-06-17 12:58:59,803] {logging_mixin.py:115} INFO - [2022-06-17 12:58:59,802] {dag.py:2931} INFO - Setting next_dagrun for example_trigger_controller_dag to 2021-01-01T00:00:00+00:00, run_after=2021-01-01T00:00:00+00:00
[2022-06-17 12:58:59,950] {processor.py:161} INFO - Processing /home/jarret/data-engineering-bootcamp/workspace/airflow-code-review/venv/lib/python3.7/site-packages/airflow/example_dags/example_trigger_controller_dag.py took 0.248 seconds
[2022-06-17 12:59:55,820] {processor.py:153} INFO - Started process (PID=17486) to work on /home/jarret/data-engineering-bootcamp/workspace/airflow-code-review/venv/lib/python3.7/site-packages/airflow/example_dags/example_trigger_controller_dag.py
[2022-06-17 12:59:55,826] {processor.py:641} INFO - Processing file /home/jarret/data-engineering-bootcamp/workspace/airflow-code-review/venv/lib/python3.7/site-packages/airflow/example_dags/example_trigger_controller_dag.py for tasks to queue
[2022-06-17 12:59:55,827] {logging_mixin.py:115} INFO - [2022-06-17 12:59:55,827] {dagbag.py:507} INFO - Filling up the DagBag from /home/jarret/data-engineering-bootcamp/workspace/airflow-code-review/venv/lib/python3.7/site-packages/airflow/example_dags/example_trigger_controller_dag.py
[2022-06-17 12:59:55,830] {processor.py:651} INFO - DAG(s) dict_keys(['example_trigger_controller_dag']) retrieved from /home/jarret/data-engineering-bootcamp/workspace/airflow-code-review/venv/lib/python3.7/site-packages/airflow/example_dags/example_trigger_controller_dag.py
[2022-06-17 12:59:55,845] {logging_mixin.py:115} INFO - [2022-06-17 12:59:55,845] {dag.py:2379} INFO - Sync 1 DAGs
[2022-06-17 12:59:55,860] {logging_mixin.py:115} INFO - [2022-06-17 12:59:55,860] {dag.py:2931} INFO - Setting next_dagrun for example_trigger_controller_dag to 2021-01-01T00:00:00+00:00, run_after=2021-01-01T00:00:00+00:00
[2022-06-17 12:59:57,282] {processor.py:161} INFO - Processing /home/jarret/data-engineering-bootcamp/workspace/airflow-code-review/venv/lib/python3.7/site-packages/airflow/example_dags/example_trigger_controller_dag.py took 1.465 seconds
[2022-06-17 13:01:18,405] {processor.py:153} INFO - Started process (PID=17598) to work on /home/jarret/data-engineering-bootcamp/workspace/airflow-code-review/venv/lib/python3.7/site-packages/airflow/example_dags/example_trigger_controller_dag.py
[2022-06-17 13:01:18,406] {processor.py:641} INFO - Processing file /home/jarret/data-engineering-bootcamp/workspace/airflow-code-review/venv/lib/python3.7/site-packages/airflow/example_dags/example_trigger_controller_dag.py for tasks to queue
[2022-06-17 13:01:18,407] {logging_mixin.py:115} INFO - [2022-06-17 13:01:18,407] {dagbag.py:507} INFO - Filling up the DagBag from /home/jarret/data-engineering-bootcamp/workspace/airflow-code-review/venv/lib/python3.7/site-packages/airflow/example_dags/example_trigger_controller_dag.py
[2022-06-17 13:01:18,411] {processor.py:651} INFO - DAG(s) dict_keys(['example_trigger_controller_dag']) retrieved from /home/jarret/data-engineering-bootcamp/workspace/airflow-code-review/venv/lib/python3.7/site-packages/airflow/example_dags/example_trigger_controller_dag.py
[2022-06-17 13:01:18,423] {logging_mixin.py:115} INFO - [2022-06-17 13:01:18,423] {dag.py:2379} INFO - Sync 1 DAGs
[2022-06-17 13:01:18,437] {logging_mixin.py:115} INFO - [2022-06-17 13:01:18,437] {dag.py:2931} INFO - Setting next_dagrun for example_trigger_controller_dag to 2021-01-01T00:00:00+00:00, run_after=2021-01-01T00:00:00+00:00
[2022-06-17 13:01:18,585] {processor.py:161} INFO - Processing /home/jarret/data-engineering-bootcamp/workspace/airflow-code-review/venv/lib/python3.7/site-packages/airflow/example_dags/example_trigger_controller_dag.py took 0.184 seconds
[2022-06-17 13:02:08,492] {processor.py:153} INFO - Started process (PID=17702) to work on /home/jarret/data-engineering-bootcamp/workspace/airflow-code-review/venv/lib/python3.7/site-packages/airflow/example_dags/example_trigger_controller_dag.py
[2022-06-17 13:02:08,784] {processor.py:641} INFO - Processing file /home/jarret/data-engineering-bootcamp/workspace/airflow-code-review/venv/lib/python3.7/site-packages/airflow/example_dags/example_trigger_controller_dag.py for tasks to queue
[2022-06-17 13:02:08,785] {logging_mixin.py:115} INFO - [2022-06-17 13:02:08,784] {dagbag.py:507} INFO - Filling up the DagBag from /home/jarret/data-engineering-bootcamp/workspace/airflow-code-review/venv/lib/python3.7/site-packages/airflow/example_dags/example_trigger_controller_dag.py
[2022-06-17 13:02:08,788] {processor.py:651} INFO - DAG(s) dict_keys(['example_trigger_controller_dag']) retrieved from /home/jarret/data-engineering-bootcamp/workspace/airflow-code-review/venv/lib/python3.7/site-packages/airflow/example_dags/example_trigger_controller_dag.py
[2022-06-17 13:02:08,805] {logging_mixin.py:115} INFO - [2022-06-17 13:02:08,805] {dag.py:2379} INFO - Sync 1 DAGs
[2022-06-17 13:02:08,821] {logging_mixin.py:115} INFO - [2022-06-17 13:02:08,821] {dag.py:2931} INFO - Setting next_dagrun for example_trigger_controller_dag to 2021-01-01T00:00:00+00:00, run_after=2021-01-01T00:00:00+00:00
[2022-06-17 13:02:09,320] {processor.py:161} INFO - Processing /home/jarret/data-engineering-bootcamp/workspace/airflow-code-review/venv/lib/python3.7/site-packages/airflow/example_dags/example_trigger_controller_dag.py took 0.832 seconds
[2022-06-17 13:03:25,268] {processor.py:153} INFO - Started process (PID=17848) to work on /home/jarret/data-engineering-bootcamp/workspace/airflow-code-review/venv/lib/python3.7/site-packages/airflow/example_dags/example_trigger_controller_dag.py
[2022-06-17 13:03:25,269] {processor.py:641} INFO - Processing file /home/jarret/data-engineering-bootcamp/workspace/airflow-code-review/venv/lib/python3.7/site-packages/airflow/example_dags/example_trigger_controller_dag.py for tasks to queue
[2022-06-17 13:03:25,270] {logging_mixin.py:115} INFO - [2022-06-17 13:03:25,270] {dagbag.py:507} INFO - Filling up the DagBag from /home/jarret/data-engineering-bootcamp/workspace/airflow-code-review/venv/lib/python3.7/site-packages/airflow/example_dags/example_trigger_controller_dag.py
[2022-06-17 13:03:25,272] {processor.py:651} INFO - DAG(s) dict_keys(['example_trigger_controller_dag']) retrieved from /home/jarret/data-engineering-bootcamp/workspace/airflow-code-review/venv/lib/python3.7/site-packages/airflow/example_dags/example_trigger_controller_dag.py
[2022-06-17 13:03:25,282] {logging_mixin.py:115} INFO - [2022-06-17 13:03:25,282] {dag.py:2379} INFO - Sync 1 DAGs
[2022-06-17 13:03:25,297] {logging_mixin.py:115} INFO - [2022-06-17 13:03:25,297] {dag.py:2931} INFO - Setting next_dagrun for example_trigger_controller_dag to 2021-01-01T00:00:00+00:00, run_after=2021-01-01T00:00:00+00:00
[2022-06-17 13:03:26,755] {processor.py:161} INFO - Processing /home/jarret/data-engineering-bootcamp/workspace/airflow-code-review/venv/lib/python3.7/site-packages/airflow/example_dags/example_trigger_controller_dag.py took 1.491 seconds
[2022-06-17 13:04:28,718] {processor.py:153} INFO - Started process (PID=17960) to work on /home/jarret/data-engineering-bootcamp/workspace/airflow-code-review/venv/lib/python3.7/site-packages/airflow/example_dags/example_trigger_controller_dag.py
[2022-06-17 13:04:28,719] {processor.py:641} INFO - Processing file /home/jarret/data-engineering-bootcamp/workspace/airflow-code-review/venv/lib/python3.7/site-packages/airflow/example_dags/example_trigger_controller_dag.py for tasks to queue
[2022-06-17 13:04:28,720] {logging_mixin.py:115} INFO - [2022-06-17 13:04:28,720] {dagbag.py:507} INFO - Filling up the DagBag from /home/jarret/data-engineering-bootcamp/workspace/airflow-code-review/venv/lib/python3.7/site-packages/airflow/example_dags/example_trigger_controller_dag.py
[2022-06-17 13:04:28,722] {processor.py:651} INFO - DAG(s) dict_keys(['example_trigger_controller_dag']) retrieved from /home/jarret/data-engineering-bootcamp/workspace/airflow-code-review/venv/lib/python3.7/site-packages/airflow/example_dags/example_trigger_controller_dag.py
[2022-06-17 13:04:28,733] {logging_mixin.py:115} INFO - [2022-06-17 13:04:28,733] {dag.py:2379} INFO - Sync 1 DAGs
[2022-06-17 13:04:28,748] {logging_mixin.py:115} INFO - [2022-06-17 13:04:28,748] {dag.py:2931} INFO - Setting next_dagrun for example_trigger_controller_dag to 2021-01-01T00:00:00+00:00, run_after=2021-01-01T00:00:00+00:00
[2022-06-17 13:04:30,533] {processor.py:161} INFO - Processing /home/jarret/data-engineering-bootcamp/workspace/airflow-code-review/venv/lib/python3.7/site-packages/airflow/example_dags/example_trigger_controller_dag.py took 1.818 seconds
[2022-06-17 13:05:27,531] {processor.py:153} INFO - Started process (PID=18006) to work on /home/jarret/data-engineering-bootcamp/workspace/airflow-code-review/venv/lib/python3.7/site-packages/airflow/example_dags/example_trigger_controller_dag.py
[2022-06-17 13:05:27,532] {processor.py:641} INFO - Processing file /home/jarret/data-engineering-bootcamp/workspace/airflow-code-review/venv/lib/python3.7/site-packages/airflow/example_dags/example_trigger_controller_dag.py for tasks to queue
[2022-06-17 13:05:27,533] {logging_mixin.py:115} INFO - [2022-06-17 13:05:27,533] {dagbag.py:507} INFO - Filling up the DagBag from /home/jarret/data-engineering-bootcamp/workspace/airflow-code-review/venv/lib/python3.7/site-packages/airflow/example_dags/example_trigger_controller_dag.py
[2022-06-17 13:05:27,537] {processor.py:651} INFO - DAG(s) dict_keys(['example_trigger_controller_dag']) retrieved from /home/jarret/data-engineering-bootcamp/workspace/airflow-code-review/venv/lib/python3.7/site-packages/airflow/example_dags/example_trigger_controller_dag.py
[2022-06-17 13:05:27,548] {logging_mixin.py:115} INFO - [2022-06-17 13:05:27,548] {dag.py:2379} INFO - Sync 1 DAGs
[2022-06-17 13:05:27,563] {logging_mixin.py:115} INFO - [2022-06-17 13:05:27,563] {dag.py:2931} INFO - Setting next_dagrun for example_trigger_controller_dag to 2021-01-01T00:00:00+00:00, run_after=2021-01-01T00:00:00+00:00
[2022-06-17 13:05:27,683] {processor.py:161} INFO - Processing /home/jarret/data-engineering-bootcamp/workspace/airflow-code-review/venv/lib/python3.7/site-packages/airflow/example_dags/example_trigger_controller_dag.py took 0.155 seconds
[2022-06-17 13:06:26,072] {processor.py:153} INFO - Started process (PID=18056) to work on /home/jarret/data-engineering-bootcamp/workspace/airflow-code-review/venv/lib/python3.7/site-packages/airflow/example_dags/example_trigger_controller_dag.py
[2022-06-17 13:06:26,089] {processor.py:641} INFO - Processing file /home/jarret/data-engineering-bootcamp/workspace/airflow-code-review/venv/lib/python3.7/site-packages/airflow/example_dags/example_trigger_controller_dag.py for tasks to queue
[2022-06-17 13:06:26,089] {logging_mixin.py:115} INFO - [2022-06-17 13:06:26,089] {dagbag.py:507} INFO - Filling up the DagBag from /home/jarret/data-engineering-bootcamp/workspace/airflow-code-review/venv/lib/python3.7/site-packages/airflow/example_dags/example_trigger_controller_dag.py
[2022-06-17 13:06:26,091] {processor.py:651} INFO - DAG(s) dict_keys(['example_trigger_controller_dag']) retrieved from /home/jarret/data-engineering-bootcamp/workspace/airflow-code-review/venv/lib/python3.7/site-packages/airflow/example_dags/example_trigger_controller_dag.py
[2022-06-17 13:06:26,103] {logging_mixin.py:115} INFO - [2022-06-17 13:06:26,103] {dag.py:2379} INFO - Sync 1 DAGs
[2022-06-17 13:06:26,118] {logging_mixin.py:115} INFO - [2022-06-17 13:06:26,118] {dag.py:2931} INFO - Setting next_dagrun for example_trigger_controller_dag to 2021-01-01T00:00:00+00:00, run_after=2021-01-01T00:00:00+00:00
[2022-06-17 13:06:26,269] {processor.py:161} INFO - Processing /home/jarret/data-engineering-bootcamp/workspace/airflow-code-review/venv/lib/python3.7/site-packages/airflow/example_dags/example_trigger_controller_dag.py took 0.199 seconds
[2022-06-17 13:07:21,205] {processor.py:153} INFO - Started process (PID=18164) to work on /home/jarret/data-engineering-bootcamp/workspace/airflow-code-review/venv/lib/python3.7/site-packages/airflow/example_dags/example_trigger_controller_dag.py
[2022-06-17 13:07:21,207] {processor.py:641} INFO - Processing file /home/jarret/data-engineering-bootcamp/workspace/airflow-code-review/venv/lib/python3.7/site-packages/airflow/example_dags/example_trigger_controller_dag.py for tasks to queue
[2022-06-17 13:07:21,207] {logging_mixin.py:115} INFO - [2022-06-17 13:07:21,207] {dagbag.py:507} INFO - Filling up the DagBag from /home/jarret/data-engineering-bootcamp/workspace/airflow-code-review/venv/lib/python3.7/site-packages/airflow/example_dags/example_trigger_controller_dag.py
[2022-06-17 13:07:21,210] {processor.py:651} INFO - DAG(s) dict_keys(['example_trigger_controller_dag']) retrieved from /home/jarret/data-engineering-bootcamp/workspace/airflow-code-review/venv/lib/python3.7/site-packages/airflow/example_dags/example_trigger_controller_dag.py
[2022-06-17 13:07:21,220] {logging_mixin.py:115} INFO - [2022-06-17 13:07:21,220] {dag.py:2379} INFO - Sync 1 DAGs
[2022-06-17 13:07:21,235] {logging_mixin.py:115} INFO - [2022-06-17 13:07:21,235] {dag.py:2931} INFO - Setting next_dagrun for example_trigger_controller_dag to 2021-01-01T00:00:00+00:00, run_after=2021-01-01T00:00:00+00:00
[2022-06-17 13:07:21,367] {processor.py:161} INFO - Processing /home/jarret/data-engineering-bootcamp/workspace/airflow-code-review/venv/lib/python3.7/site-packages/airflow/example_dags/example_trigger_controller_dag.py took 0.165 seconds
[2022-06-17 13:08:12,825] {processor.py:153} INFO - Started process (PID=18272) to work on /home/jarret/data-engineering-bootcamp/workspace/airflow-code-review/venv/lib/python3.7/site-packages/airflow/example_dags/example_trigger_controller_dag.py
[2022-06-17 13:08:12,826] {processor.py:641} INFO - Processing file /home/jarret/data-engineering-bootcamp/workspace/airflow-code-review/venv/lib/python3.7/site-packages/airflow/example_dags/example_trigger_controller_dag.py for tasks to queue
[2022-06-17 13:08:12,827] {logging_mixin.py:115} INFO - [2022-06-17 13:08:12,827] {dagbag.py:507} INFO - Filling up the DagBag from /home/jarret/data-engineering-bootcamp/workspace/airflow-code-review/venv/lib/python3.7/site-packages/airflow/example_dags/example_trigger_controller_dag.py
[2022-06-17 13:08:12,831] {processor.py:651} INFO - DAG(s) dict_keys(['example_trigger_controller_dag']) retrieved from /home/jarret/data-engineering-bootcamp/workspace/airflow-code-review/venv/lib/python3.7/site-packages/airflow/example_dags/example_trigger_controller_dag.py
[2022-06-17 13:08:12,846] {logging_mixin.py:115} INFO - [2022-06-17 13:08:12,846] {dag.py:2379} INFO - Sync 1 DAGs
[2022-06-17 13:08:12,861] {logging_mixin.py:115} INFO - [2022-06-17 13:08:12,861] {dag.py:2931} INFO - Setting next_dagrun for example_trigger_controller_dag to 2021-01-01T00:00:00+00:00, run_after=2021-01-01T00:00:00+00:00
[2022-06-17 13:08:12,988] {processor.py:161} INFO - Processing /home/jarret/data-engineering-bootcamp/workspace/airflow-code-review/venv/lib/python3.7/site-packages/airflow/example_dags/example_trigger_controller_dag.py took 0.166 seconds
[2022-06-17 13:09:05,816] {processor.py:153} INFO - Started process (PID=18391) to work on /home/jarret/data-engineering-bootcamp/workspace/airflow-code-review/venv/lib/python3.7/site-packages/airflow/example_dags/example_trigger_controller_dag.py
[2022-06-17 13:09:05,817] {processor.py:641} INFO - Processing file /home/jarret/data-engineering-bootcamp/workspace/airflow-code-review/venv/lib/python3.7/site-packages/airflow/example_dags/example_trigger_controller_dag.py for tasks to queue
[2022-06-17 13:09:05,817] {logging_mixin.py:115} INFO - [2022-06-17 13:09:05,817] {dagbag.py:507} INFO - Filling up the DagBag from /home/jarret/data-engineering-bootcamp/workspace/airflow-code-review/venv/lib/python3.7/site-packages/airflow/example_dags/example_trigger_controller_dag.py
[2022-06-17 13:09:05,819] {processor.py:651} INFO - DAG(s) dict_keys(['example_trigger_controller_dag']) retrieved from /home/jarret/data-engineering-bootcamp/workspace/airflow-code-review/venv/lib/python3.7/site-packages/airflow/example_dags/example_trigger_controller_dag.py
[2022-06-17 13:09:05,830] {logging_mixin.py:115} INFO - [2022-06-17 13:09:05,830] {dag.py:2379} INFO - Sync 1 DAGs
[2022-06-17 13:09:05,848] {logging_mixin.py:115} INFO - [2022-06-17 13:09:05,847] {dag.py:2931} INFO - Setting next_dagrun for example_trigger_controller_dag to 2021-01-01T00:00:00+00:00, run_after=2021-01-01T00:00:00+00:00
[2022-06-17 13:09:06,003] {processor.py:161} INFO - Processing /home/jarret/data-engineering-bootcamp/workspace/airflow-code-review/venv/lib/python3.7/site-packages/airflow/example_dags/example_trigger_controller_dag.py took 0.188 seconds
[2022-06-17 13:10:05,520] {processor.py:153} INFO - Started process (PID=18485) to work on /home/jarret/data-engineering-bootcamp/workspace/airflow-code-review/venv/lib/python3.7/site-packages/airflow/example_dags/example_trigger_controller_dag.py
[2022-06-17 13:10:05,521] {processor.py:641} INFO - Processing file /home/jarret/data-engineering-bootcamp/workspace/airflow-code-review/venv/lib/python3.7/site-packages/airflow/example_dags/example_trigger_controller_dag.py for tasks to queue
[2022-06-17 13:10:05,521] {logging_mixin.py:115} INFO - [2022-06-17 13:10:05,521] {dagbag.py:507} INFO - Filling up the DagBag from /home/jarret/data-engineering-bootcamp/workspace/airflow-code-review/venv/lib/python3.7/site-packages/airflow/example_dags/example_trigger_controller_dag.py
[2022-06-17 13:10:05,523] {processor.py:651} INFO - DAG(s) dict_keys(['example_trigger_controller_dag']) retrieved from /home/jarret/data-engineering-bootcamp/workspace/airflow-code-review/venv/lib/python3.7/site-packages/airflow/example_dags/example_trigger_controller_dag.py
[2022-06-17 13:10:05,533] {logging_mixin.py:115} INFO - [2022-06-17 13:10:05,533] {dag.py:2379} INFO - Sync 1 DAGs
[2022-06-17 13:10:05,548] {logging_mixin.py:115} INFO - [2022-06-17 13:10:05,548] {dag.py:2931} INFO - Setting next_dagrun for example_trigger_controller_dag to 2021-01-01T00:00:00+00:00, run_after=2021-01-01T00:00:00+00:00
[2022-06-17 13:10:05,661] {processor.py:161} INFO - Processing /home/jarret/data-engineering-bootcamp/workspace/airflow-code-review/venv/lib/python3.7/site-packages/airflow/example_dags/example_trigger_controller_dag.py took 0.143 seconds
[2022-06-17 13:10:57,939] {processor.py:153} INFO - Started process (PID=18577) to work on /home/jarret/data-engineering-bootcamp/workspace/airflow-code-review/venv/lib/python3.7/site-packages/airflow/example_dags/example_trigger_controller_dag.py
[2022-06-17 13:10:57,954] {processor.py:641} INFO - Processing file /home/jarret/data-engineering-bootcamp/workspace/airflow-code-review/venv/lib/python3.7/site-packages/airflow/example_dags/example_trigger_controller_dag.py for tasks to queue
[2022-06-17 13:10:57,955] {logging_mixin.py:115} INFO - [2022-06-17 13:10:57,955] {dagbag.py:507} INFO - Filling up the DagBag from /home/jarret/data-engineering-bootcamp/workspace/airflow-code-review/venv/lib/python3.7/site-packages/airflow/example_dags/example_trigger_controller_dag.py
[2022-06-17 13:10:57,957] {processor.py:651} INFO - DAG(s) dict_keys(['example_trigger_controller_dag']) retrieved from /home/jarret/data-engineering-bootcamp/workspace/airflow-code-review/venv/lib/python3.7/site-packages/airflow/example_dags/example_trigger_controller_dag.py
[2022-06-17 13:10:57,968] {logging_mixin.py:115} INFO - [2022-06-17 13:10:57,968] {dag.py:2379} INFO - Sync 1 DAGs
[2022-06-17 13:10:57,983] {logging_mixin.py:115} INFO - [2022-06-17 13:10:57,983] {dag.py:2931} INFO - Setting next_dagrun for example_trigger_controller_dag to 2021-01-01T00:00:00+00:00, run_after=2021-01-01T00:00:00+00:00
[2022-06-17 13:10:59,321] {processor.py:161} INFO - Processing /home/jarret/data-engineering-bootcamp/workspace/airflow-code-review/venv/lib/python3.7/site-packages/airflow/example_dags/example_trigger_controller_dag.py took 1.385 seconds
[2022-06-17 13:11:49,568] {processor.py:153} INFO - Started process (PID=18684) to work on /home/jarret/data-engineering-bootcamp/workspace/airflow-code-review/venv/lib/python3.7/site-packages/airflow/example_dags/example_trigger_controller_dag.py
[2022-06-17 13:11:49,577] {processor.py:641} INFO - Processing file /home/jarret/data-engineering-bootcamp/workspace/airflow-code-review/venv/lib/python3.7/site-packages/airflow/example_dags/example_trigger_controller_dag.py for tasks to queue
[2022-06-17 13:11:49,577] {logging_mixin.py:115} INFO - [2022-06-17 13:11:49,577] {dagbag.py:507} INFO - Filling up the DagBag from /home/jarret/data-engineering-bootcamp/workspace/airflow-code-review/venv/lib/python3.7/site-packages/airflow/example_dags/example_trigger_controller_dag.py
[2022-06-17 13:11:49,580] {processor.py:651} INFO - DAG(s) dict_keys(['example_trigger_controller_dag']) retrieved from /home/jarret/data-engineering-bootcamp/workspace/airflow-code-review/venv/lib/python3.7/site-packages/airflow/example_dags/example_trigger_controller_dag.py
[2022-06-17 13:11:49,590] {logging_mixin.py:115} INFO - [2022-06-17 13:11:49,590] {dag.py:2379} INFO - Sync 1 DAGs
[2022-06-17 13:11:49,605] {logging_mixin.py:115} INFO - [2022-06-17 13:11:49,605] {dag.py:2931} INFO - Setting next_dagrun for example_trigger_controller_dag to 2021-01-01T00:00:00+00:00, run_after=2021-01-01T00:00:00+00:00
[2022-06-17 13:11:49,738] {processor.py:161} INFO - Processing /home/jarret/data-engineering-bootcamp/workspace/airflow-code-review/venv/lib/python3.7/site-packages/airflow/example_dags/example_trigger_controller_dag.py took 0.174 seconds
[2022-06-17 13:12:50,295] {processor.py:153} INFO - Started process (PID=18803) to work on /home/jarret/data-engineering-bootcamp/workspace/airflow-code-review/venv/lib/python3.7/site-packages/airflow/example_dags/example_trigger_controller_dag.py
[2022-06-17 13:12:50,304] {processor.py:641} INFO - Processing file /home/jarret/data-engineering-bootcamp/workspace/airflow-code-review/venv/lib/python3.7/site-packages/airflow/example_dags/example_trigger_controller_dag.py for tasks to queue
[2022-06-17 13:12:50,305] {logging_mixin.py:115} INFO - [2022-06-17 13:12:50,305] {dagbag.py:507} INFO - Filling up the DagBag from /home/jarret/data-engineering-bootcamp/workspace/airflow-code-review/venv/lib/python3.7/site-packages/airflow/example_dags/example_trigger_controller_dag.py
[2022-06-17 13:12:50,308] {processor.py:651} INFO - DAG(s) dict_keys(['example_trigger_controller_dag']) retrieved from /home/jarret/data-engineering-bootcamp/workspace/airflow-code-review/venv/lib/python3.7/site-packages/airflow/example_dags/example_trigger_controller_dag.py
[2022-06-17 13:12:50,319] {logging_mixin.py:115} INFO - [2022-06-17 13:12:50,319] {dag.py:2379} INFO - Sync 1 DAGs
[2022-06-17 13:12:50,335] {logging_mixin.py:115} INFO - [2022-06-17 13:12:50,335] {dag.py:2931} INFO - Setting next_dagrun for example_trigger_controller_dag to 2021-01-01T00:00:00+00:00, run_after=2021-01-01T00:00:00+00:00
[2022-06-17 13:12:50,457] {processor.py:161} INFO - Processing /home/jarret/data-engineering-bootcamp/workspace/airflow-code-review/venv/lib/python3.7/site-packages/airflow/example_dags/example_trigger_controller_dag.py took 0.165 seconds
[2022-06-17 13:13:48,361] {processor.py:153} INFO - Started process (PID=18895) to work on /home/jarret/data-engineering-bootcamp/workspace/airflow-code-review/venv/lib/python3.7/site-packages/airflow/example_dags/example_trigger_controller_dag.py
[2022-06-17 13:13:48,374] {processor.py:641} INFO - Processing file /home/jarret/data-engineering-bootcamp/workspace/airflow-code-review/venv/lib/python3.7/site-packages/airflow/example_dags/example_trigger_controller_dag.py for tasks to queue
[2022-06-17 13:13:48,374] {logging_mixin.py:115} INFO - [2022-06-17 13:13:48,374] {dagbag.py:507} INFO - Filling up the DagBag from /home/jarret/data-engineering-bootcamp/workspace/airflow-code-review/venv/lib/python3.7/site-packages/airflow/example_dags/example_trigger_controller_dag.py
[2022-06-17 13:13:48,376] {processor.py:651} INFO - DAG(s) dict_keys(['example_trigger_controller_dag']) retrieved from /home/jarret/data-engineering-bootcamp/workspace/airflow-code-review/venv/lib/python3.7/site-packages/airflow/example_dags/example_trigger_controller_dag.py
[2022-06-17 13:13:48,387] {logging_mixin.py:115} INFO - [2022-06-17 13:13:48,387] {dag.py:2379} INFO - Sync 1 DAGs
[2022-06-17 13:13:48,402] {logging_mixin.py:115} INFO - [2022-06-17 13:13:48,402] {dag.py:2931} INFO - Setting next_dagrun for example_trigger_controller_dag to 2021-01-01T00:00:00+00:00, run_after=2021-01-01T00:00:00+00:00
[2022-06-17 13:13:49,701] {processor.py:161} INFO - Processing /home/jarret/data-engineering-bootcamp/workspace/airflow-code-review/venv/lib/python3.7/site-packages/airflow/example_dags/example_trigger_controller_dag.py took 1.342 seconds
[2022-06-17 13:14:37,790] {processor.py:153} INFO - Started process (PID=18964) to work on /home/jarret/data-engineering-bootcamp/workspace/airflow-code-review/venv/lib/python3.7/site-packages/airflow/example_dags/example_trigger_controller_dag.py
[2022-06-17 13:14:37,791] {processor.py:641} INFO - Processing file /home/jarret/data-engineering-bootcamp/workspace/airflow-code-review/venv/lib/python3.7/site-packages/airflow/example_dags/example_trigger_controller_dag.py for tasks to queue
[2022-06-17 13:14:37,792] {logging_mixin.py:115} INFO - [2022-06-17 13:14:37,792] {dagbag.py:507} INFO - Filling up the DagBag from /home/jarret/data-engineering-bootcamp/workspace/airflow-code-review/venv/lib/python3.7/site-packages/airflow/example_dags/example_trigger_controller_dag.py
[2022-06-17 13:14:37,796] {processor.py:651} INFO - DAG(s) dict_keys(['example_trigger_controller_dag']) retrieved from /home/jarret/data-engineering-bootcamp/workspace/airflow-code-review/venv/lib/python3.7/site-packages/airflow/example_dags/example_trigger_controller_dag.py
[2022-06-17 13:14:37,810] {logging_mixin.py:115} INFO - [2022-06-17 13:14:37,810] {dag.py:2379} INFO - Sync 1 DAGs
[2022-06-17 13:14:37,825] {logging_mixin.py:115} INFO - [2022-06-17 13:14:37,825] {dag.py:2931} INFO - Setting next_dagrun for example_trigger_controller_dag to 2021-01-01T00:00:00+00:00, run_after=2021-01-01T00:00:00+00:00
[2022-06-17 13:14:39,058] {processor.py:161} INFO - Processing /home/jarret/data-engineering-bootcamp/workspace/airflow-code-review/venv/lib/python3.7/site-packages/airflow/example_dags/example_trigger_controller_dag.py took 1.271 seconds
[2022-06-17 13:15:32,713] {processor.py:153} INFO - Started process (PID=19011) to work on /home/jarret/data-engineering-bootcamp/workspace/airflow-code-review/venv/lib/python3.7/site-packages/airflow/example_dags/example_trigger_controller_dag.py
[2022-06-17 13:15:32,714] {processor.py:641} INFO - Processing file /home/jarret/data-engineering-bootcamp/workspace/airflow-code-review/venv/lib/python3.7/site-packages/airflow/example_dags/example_trigger_controller_dag.py for tasks to queue
[2022-06-17 13:15:32,714] {logging_mixin.py:115} INFO - [2022-06-17 13:15:32,714] {dagbag.py:507} INFO - Filling up the DagBag from /home/jarret/data-engineering-bootcamp/workspace/airflow-code-review/venv/lib/python3.7/site-packages/airflow/example_dags/example_trigger_controller_dag.py
[2022-06-17 13:15:32,718] {processor.py:651} INFO - DAG(s) dict_keys(['example_trigger_controller_dag']) retrieved from /home/jarret/data-engineering-bootcamp/workspace/airflow-code-review/venv/lib/python3.7/site-packages/airflow/example_dags/example_trigger_controller_dag.py
[2022-06-17 13:15:32,728] {logging_mixin.py:115} INFO - [2022-06-17 13:15:32,728] {dag.py:2379} INFO - Sync 1 DAGs
[2022-06-17 13:15:32,743] {logging_mixin.py:115} INFO - [2022-06-17 13:15:32,743] {dag.py:2931} INFO - Setting next_dagrun for example_trigger_controller_dag to 2021-01-01T00:00:00+00:00, run_after=2021-01-01T00:00:00+00:00
[2022-06-17 13:15:33,087] {processor.py:161} INFO - Processing /home/jarret/data-engineering-bootcamp/workspace/airflow-code-review/venv/lib/python3.7/site-packages/airflow/example_dags/example_trigger_controller_dag.py took 0.378 seconds
[2022-06-17 13:16:16,511] {processor.py:153} INFO - Started process (PID=19050) to work on /home/jarret/data-engineering-bootcamp/workspace/airflow-code-review/venv/lib/python3.7/site-packages/airflow/example_dags/example_trigger_controller_dag.py
[2022-06-17 13:16:16,512] {processor.py:641} INFO - Processing file /home/jarret/data-engineering-bootcamp/workspace/airflow-code-review/venv/lib/python3.7/site-packages/airflow/example_dags/example_trigger_controller_dag.py for tasks to queue
[2022-06-17 13:16:16,513] {logging_mixin.py:115} INFO - [2022-06-17 13:16:16,513] {dagbag.py:507} INFO - Filling up the DagBag from /home/jarret/data-engineering-bootcamp/workspace/airflow-code-review/venv/lib/python3.7/site-packages/airflow/example_dags/example_trigger_controller_dag.py
[2022-06-17 13:16:16,517] {processor.py:651} INFO - DAG(s) dict_keys(['example_trigger_controller_dag']) retrieved from /home/jarret/data-engineering-bootcamp/workspace/airflow-code-review/venv/lib/python3.7/site-packages/airflow/example_dags/example_trigger_controller_dag.py
[2022-06-17 13:16:16,529] {logging_mixin.py:115} INFO - [2022-06-17 13:16:16,529] {dag.py:2379} INFO - Sync 1 DAGs
[2022-06-17 13:16:16,544] {logging_mixin.py:115} INFO - [2022-06-17 13:16:16,544] {dag.py:2931} INFO - Setting next_dagrun for example_trigger_controller_dag to 2021-01-01T00:00:00+00:00, run_after=2021-01-01T00:00:00+00:00
[2022-06-17 13:16:16,670] {processor.py:161} INFO - Processing /home/jarret/data-engineering-bootcamp/workspace/airflow-code-review/venv/lib/python3.7/site-packages/airflow/example_dags/example_trigger_controller_dag.py took 0.162 seconds
[2022-06-17 13:17:08,771] {processor.py:153} INFO - Started process (PID=19097) to work on /home/jarret/data-engineering-bootcamp/workspace/airflow-code-review/venv/lib/python3.7/site-packages/airflow/example_dags/example_trigger_controller_dag.py
[2022-06-17 13:17:08,771] {processor.py:641} INFO - Processing file /home/jarret/data-engineering-bootcamp/workspace/airflow-code-review/venv/lib/python3.7/site-packages/airflow/example_dags/example_trigger_controller_dag.py for tasks to queue
[2022-06-17 13:17:08,772] {logging_mixin.py:115} INFO - [2022-06-17 13:17:08,772] {dagbag.py:507} INFO - Filling up the DagBag from /home/jarret/data-engineering-bootcamp/workspace/airflow-code-review/venv/lib/python3.7/site-packages/airflow/example_dags/example_trigger_controller_dag.py
[2022-06-17 13:17:08,774] {processor.py:651} INFO - DAG(s) dict_keys(['example_trigger_controller_dag']) retrieved from /home/jarret/data-engineering-bootcamp/workspace/airflow-code-review/venv/lib/python3.7/site-packages/airflow/example_dags/example_trigger_controller_dag.py
[2022-06-17 13:17:08,786] {logging_mixin.py:115} INFO - [2022-06-17 13:17:08,786] {dag.py:2379} INFO - Sync 1 DAGs
[2022-06-17 13:17:08,803] {logging_mixin.py:115} INFO - [2022-06-17 13:17:08,803] {dag.py:2931} INFO - Setting next_dagrun for example_trigger_controller_dag to 2021-01-01T00:00:00+00:00, run_after=2021-01-01T00:00:00+00:00
[2022-06-17 13:17:08,931] {processor.py:161} INFO - Processing /home/jarret/data-engineering-bootcamp/workspace/airflow-code-review/venv/lib/python3.7/site-packages/airflow/example_dags/example_trigger_controller_dag.py took 0.163 seconds
[2022-06-17 13:18:03,346] {processor.py:153} INFO - Started process (PID=19167) to work on /home/jarret/data-engineering-bootcamp/workspace/airflow-code-review/venv/lib/python3.7/site-packages/airflow/example_dags/example_trigger_controller_dag.py
[2022-06-17 13:18:03,359] {processor.py:641} INFO - Processing file /home/jarret/data-engineering-bootcamp/workspace/airflow-code-review/venv/lib/python3.7/site-packages/airflow/example_dags/example_trigger_controller_dag.py for tasks to queue
[2022-06-17 13:18:03,359] {logging_mixin.py:115} INFO - [2022-06-17 13:18:03,359] {dagbag.py:507} INFO - Filling up the DagBag from /home/jarret/data-engineering-bootcamp/workspace/airflow-code-review/venv/lib/python3.7/site-packages/airflow/example_dags/example_trigger_controller_dag.py
[2022-06-17 13:18:03,361] {processor.py:651} INFO - DAG(s) dict_keys(['example_trigger_controller_dag']) retrieved from /home/jarret/data-engineering-bootcamp/workspace/airflow-code-review/venv/lib/python3.7/site-packages/airflow/example_dags/example_trigger_controller_dag.py
[2022-06-17 13:18:03,372] {logging_mixin.py:115} INFO - [2022-06-17 13:18:03,372] {dag.py:2379} INFO - Sync 1 DAGs
[2022-06-17 13:18:03,389] {logging_mixin.py:115} INFO - [2022-06-17 13:18:03,388] {dag.py:2931} INFO - Setting next_dagrun for example_trigger_controller_dag to 2021-01-01T00:00:00+00:00, run_after=2021-01-01T00:00:00+00:00
[2022-06-17 13:18:03,709] {processor.py:161} INFO - Processing /home/jarret/data-engineering-bootcamp/workspace/airflow-code-review/venv/lib/python3.7/site-packages/airflow/example_dags/example_trigger_controller_dag.py took 0.366 seconds
[2022-06-17 13:19:04,677] {processor.py:153} INFO - Started process (PID=19216) to work on /home/jarret/data-engineering-bootcamp/workspace/airflow-code-review/venv/lib/python3.7/site-packages/airflow/example_dags/example_trigger_controller_dag.py
[2022-06-17 13:19:04,699] {processor.py:641} INFO - Processing file /home/jarret/data-engineering-bootcamp/workspace/airflow-code-review/venv/lib/python3.7/site-packages/airflow/example_dags/example_trigger_controller_dag.py for tasks to queue
[2022-06-17 13:19:04,700] {logging_mixin.py:115} INFO - [2022-06-17 13:19:04,699] {dagbag.py:507} INFO - Filling up the DagBag from /home/jarret/data-engineering-bootcamp/workspace/airflow-code-review/venv/lib/python3.7/site-packages/airflow/example_dags/example_trigger_controller_dag.py
[2022-06-17 13:19:04,702] {processor.py:651} INFO - DAG(s) dict_keys(['example_trigger_controller_dag']) retrieved from /home/jarret/data-engineering-bootcamp/workspace/airflow-code-review/venv/lib/python3.7/site-packages/airflow/example_dags/example_trigger_controller_dag.py
[2022-06-17 13:19:04,719] {logging_mixin.py:115} INFO - [2022-06-17 13:19:04,719] {dag.py:2379} INFO - Sync 1 DAGs
[2022-06-17 13:19:04,737] {logging_mixin.py:115} INFO - [2022-06-17 13:19:04,737] {dag.py:2931} INFO - Setting next_dagrun for example_trigger_controller_dag to 2021-01-01T00:00:00+00:00, run_after=2021-01-01T00:00:00+00:00
[2022-06-17 13:19:05,141] {processor.py:161} INFO - Processing /home/jarret/data-engineering-bootcamp/workspace/airflow-code-review/venv/lib/python3.7/site-packages/airflow/example_dags/example_trigger_controller_dag.py took 0.469 seconds
[2022-06-17 13:20:10,214] {processor.py:153} INFO - Started process (PID=19302) to work on /home/jarret/data-engineering-bootcamp/workspace/airflow-code-review/venv/lib/python3.7/site-packages/airflow/example_dags/example_trigger_controller_dag.py
[2022-06-17 13:20:10,215] {processor.py:641} INFO - Processing file /home/jarret/data-engineering-bootcamp/workspace/airflow-code-review/venv/lib/python3.7/site-packages/airflow/example_dags/example_trigger_controller_dag.py for tasks to queue
[2022-06-17 13:20:10,216] {logging_mixin.py:115} INFO - [2022-06-17 13:20:10,216] {dagbag.py:507} INFO - Filling up the DagBag from /home/jarret/data-engineering-bootcamp/workspace/airflow-code-review/venv/lib/python3.7/site-packages/airflow/example_dags/example_trigger_controller_dag.py
[2022-06-17 13:20:10,219] {processor.py:651} INFO - DAG(s) dict_keys(['example_trigger_controller_dag']) retrieved from /home/jarret/data-engineering-bootcamp/workspace/airflow-code-review/venv/lib/python3.7/site-packages/airflow/example_dags/example_trigger_controller_dag.py
[2022-06-17 13:20:10,230] {logging_mixin.py:115} INFO - [2022-06-17 13:20:10,230] {dag.py:2379} INFO - Sync 1 DAGs
[2022-06-17 13:20:10,247] {logging_mixin.py:115} INFO - [2022-06-17 13:20:10,246] {dag.py:2931} INFO - Setting next_dagrun for example_trigger_controller_dag to 2021-01-01T00:00:00+00:00, run_after=2021-01-01T00:00:00+00:00
[2022-06-17 13:20:10,581] {processor.py:161} INFO - Processing /home/jarret/data-engineering-bootcamp/workspace/airflow-code-review/venv/lib/python3.7/site-packages/airflow/example_dags/example_trigger_controller_dag.py took 0.370 seconds
[2022-06-17 13:21:19,330] {processor.py:153} INFO - Started process (PID=19433) to work on /home/jarret/data-engineering-bootcamp/workspace/airflow-code-review/venv/lib/python3.7/site-packages/airflow/example_dags/example_trigger_controller_dag.py
[2022-06-17 13:21:19,331] {processor.py:641} INFO - Processing file /home/jarret/data-engineering-bootcamp/workspace/airflow-code-review/venv/lib/python3.7/site-packages/airflow/example_dags/example_trigger_controller_dag.py for tasks to queue
[2022-06-17 13:21:19,332] {logging_mixin.py:115} INFO - [2022-06-17 13:21:19,332] {dagbag.py:507} INFO - Filling up the DagBag from /home/jarret/data-engineering-bootcamp/workspace/airflow-code-review/venv/lib/python3.7/site-packages/airflow/example_dags/example_trigger_controller_dag.py
[2022-06-17 13:21:19,336] {processor.py:651} INFO - DAG(s) dict_keys(['example_trigger_controller_dag']) retrieved from /home/jarret/data-engineering-bootcamp/workspace/airflow-code-review/venv/lib/python3.7/site-packages/airflow/example_dags/example_trigger_controller_dag.py
[2022-06-17 13:21:19,349] {logging_mixin.py:115} INFO - [2022-06-17 13:21:19,349] {dag.py:2379} INFO - Sync 1 DAGs
[2022-06-17 13:21:19,368] {logging_mixin.py:115} INFO - [2022-06-17 13:21:19,368] {dag.py:2931} INFO - Setting next_dagrun for example_trigger_controller_dag to 2021-01-01T00:00:00+00:00, run_after=2021-01-01T00:00:00+00:00
[2022-06-17 13:21:19,551] {processor.py:161} INFO - Processing /home/jarret/data-engineering-bootcamp/workspace/airflow-code-review/venv/lib/python3.7/site-packages/airflow/example_dags/example_trigger_controller_dag.py took 0.224 seconds
[2022-06-17 13:22:14,965] {processor.py:153} INFO - Started process (PID=19544) to work on /home/jarret/data-engineering-bootcamp/workspace/airflow-code-review/venv/lib/python3.7/site-packages/airflow/example_dags/example_trigger_controller_dag.py
[2022-06-17 13:22:14,989] {processor.py:641} INFO - Processing file /home/jarret/data-engineering-bootcamp/workspace/airflow-code-review/venv/lib/python3.7/site-packages/airflow/example_dags/example_trigger_controller_dag.py for tasks to queue
[2022-06-17 13:22:14,990] {logging_mixin.py:115} INFO - [2022-06-17 13:22:14,990] {dagbag.py:507} INFO - Filling up the DagBag from /home/jarret/data-engineering-bootcamp/workspace/airflow-code-review/venv/lib/python3.7/site-packages/airflow/example_dags/example_trigger_controller_dag.py
[2022-06-17 13:22:14,992] {processor.py:651} INFO - DAG(s) dict_keys(['example_trigger_controller_dag']) retrieved from /home/jarret/data-engineering-bootcamp/workspace/airflow-code-review/venv/lib/python3.7/site-packages/airflow/example_dags/example_trigger_controller_dag.py
[2022-06-17 13:22:15,003] {logging_mixin.py:115} INFO - [2022-06-17 13:22:15,003] {dag.py:2379} INFO - Sync 1 DAGs
[2022-06-17 13:22:15,021] {logging_mixin.py:115} INFO - [2022-06-17 13:22:15,021] {dag.py:2931} INFO - Setting next_dagrun for example_trigger_controller_dag to 2021-01-01T00:00:00+00:00, run_after=2021-01-01T00:00:00+00:00
[2022-06-17 13:22:16,030] {processor.py:161} INFO - Processing /home/jarret/data-engineering-bootcamp/workspace/airflow-code-review/venv/lib/python3.7/site-packages/airflow/example_dags/example_trigger_controller_dag.py took 1.067 seconds
[2022-06-17 13:23:10,536] {processor.py:153} INFO - Started process (PID=19639) to work on /home/jarret/data-engineering-bootcamp/workspace/airflow-code-review/venv/lib/python3.7/site-packages/airflow/example_dags/example_trigger_controller_dag.py
[2022-06-17 13:23:10,546] {processor.py:641} INFO - Processing file /home/jarret/data-engineering-bootcamp/workspace/airflow-code-review/venv/lib/python3.7/site-packages/airflow/example_dags/example_trigger_controller_dag.py for tasks to queue
[2022-06-17 13:23:10,547] {logging_mixin.py:115} INFO - [2022-06-17 13:23:10,547] {dagbag.py:507} INFO - Filling up the DagBag from /home/jarret/data-engineering-bootcamp/workspace/airflow-code-review/venv/lib/python3.7/site-packages/airflow/example_dags/example_trigger_controller_dag.py
[2022-06-17 13:23:10,550] {processor.py:651} INFO - DAG(s) dict_keys(['example_trigger_controller_dag']) retrieved from /home/jarret/data-engineering-bootcamp/workspace/airflow-code-review/venv/lib/python3.7/site-packages/airflow/example_dags/example_trigger_controller_dag.py
[2022-06-17 13:23:10,561] {logging_mixin.py:115} INFO - [2022-06-17 13:23:10,561] {dag.py:2379} INFO - Sync 1 DAGs
[2022-06-17 13:23:10,577] {logging_mixin.py:115} INFO - [2022-06-17 13:23:10,577] {dag.py:2931} INFO - Setting next_dagrun for example_trigger_controller_dag to 2021-01-01T00:00:00+00:00, run_after=2021-01-01T00:00:00+00:00
[2022-06-17 13:23:10,689] {processor.py:161} INFO - Processing /home/jarret/data-engineering-bootcamp/workspace/airflow-code-review/venv/lib/python3.7/site-packages/airflow/example_dags/example_trigger_controller_dag.py took 0.157 seconds
[2022-06-17 13:24:21,889] {processor.py:153} INFO - Started process (PID=19779) to work on /home/jarret/data-engineering-bootcamp/workspace/airflow-code-review/venv/lib/python3.7/site-packages/airflow/example_dags/example_trigger_controller_dag.py
[2022-06-17 13:24:21,912] {processor.py:641} INFO - Processing file /home/jarret/data-engineering-bootcamp/workspace/airflow-code-review/venv/lib/python3.7/site-packages/airflow/example_dags/example_trigger_controller_dag.py for tasks to queue
[2022-06-17 13:24:21,912] {logging_mixin.py:115} INFO - [2022-06-17 13:24:21,912] {dagbag.py:507} INFO - Filling up the DagBag from /home/jarret/data-engineering-bootcamp/workspace/airflow-code-review/venv/lib/python3.7/site-packages/airflow/example_dags/example_trigger_controller_dag.py
[2022-06-17 13:24:21,915] {processor.py:651} INFO - DAG(s) dict_keys(['example_trigger_controller_dag']) retrieved from /home/jarret/data-engineering-bootcamp/workspace/airflow-code-review/venv/lib/python3.7/site-packages/airflow/example_dags/example_trigger_controller_dag.py
[2022-06-17 13:24:21,927] {logging_mixin.py:115} INFO - [2022-06-17 13:24:21,927] {dag.py:2379} INFO - Sync 1 DAGs
[2022-06-17 13:24:21,943] {logging_mixin.py:115} INFO - [2022-06-17 13:24:21,943] {dag.py:2931} INFO - Setting next_dagrun for example_trigger_controller_dag to 2021-01-01T00:00:00+00:00, run_after=2021-01-01T00:00:00+00:00
[2022-06-17 13:24:23,483] {processor.py:161} INFO - Processing /home/jarret/data-engineering-bootcamp/workspace/airflow-code-review/venv/lib/python3.7/site-packages/airflow/example_dags/example_trigger_controller_dag.py took 1.597 seconds
[2022-06-17 13:25:27,525] {processor.py:153} INFO - Started process (PID=19901) to work on /home/jarret/data-engineering-bootcamp/workspace/airflow-code-review/venv/lib/python3.7/site-packages/airflow/example_dags/example_trigger_controller_dag.py
[2022-06-17 13:25:27,527] {processor.py:641} INFO - Processing file /home/jarret/data-engineering-bootcamp/workspace/airflow-code-review/venv/lib/python3.7/site-packages/airflow/example_dags/example_trigger_controller_dag.py for tasks to queue
[2022-06-17 13:25:27,528] {logging_mixin.py:115} INFO - [2022-06-17 13:25:27,527] {dagbag.py:507} INFO - Filling up the DagBag from /home/jarret/data-engineering-bootcamp/workspace/airflow-code-review/venv/lib/python3.7/site-packages/airflow/example_dags/example_trigger_controller_dag.py
[2022-06-17 13:25:27,531] {processor.py:651} INFO - DAG(s) dict_keys(['example_trigger_controller_dag']) retrieved from /home/jarret/data-engineering-bootcamp/workspace/airflow-code-review/venv/lib/python3.7/site-packages/airflow/example_dags/example_trigger_controller_dag.py
[2022-06-17 13:25:27,543] {logging_mixin.py:115} INFO - [2022-06-17 13:25:27,543] {dag.py:2379} INFO - Sync 1 DAGs
[2022-06-17 13:25:27,560] {logging_mixin.py:115} INFO - [2022-06-17 13:25:27,560] {dag.py:2931} INFO - Setting next_dagrun for example_trigger_controller_dag to 2021-01-01T00:00:00+00:00, run_after=2021-01-01T00:00:00+00:00
[2022-06-17 13:25:28,644] {processor.py:161} INFO - Processing /home/jarret/data-engineering-bootcamp/workspace/airflow-code-review/venv/lib/python3.7/site-packages/airflow/example_dags/example_trigger_controller_dag.py took 1.123 seconds
[2022-06-17 13:26:19,718] {processor.py:153} INFO - Started process (PID=20008) to work on /home/jarret/data-engineering-bootcamp/workspace/airflow-code-review/venv/lib/python3.7/site-packages/airflow/example_dags/example_trigger_controller_dag.py
[2022-06-17 13:26:19,724] {processor.py:641} INFO - Processing file /home/jarret/data-engineering-bootcamp/workspace/airflow-code-review/venv/lib/python3.7/site-packages/airflow/example_dags/example_trigger_controller_dag.py for tasks to queue
[2022-06-17 13:26:19,724] {logging_mixin.py:115} INFO - [2022-06-17 13:26:19,724] {dagbag.py:507} INFO - Filling up the DagBag from /home/jarret/data-engineering-bootcamp/workspace/airflow-code-review/venv/lib/python3.7/site-packages/airflow/example_dags/example_trigger_controller_dag.py
[2022-06-17 13:26:19,726] {processor.py:651} INFO - DAG(s) dict_keys(['example_trigger_controller_dag']) retrieved from /home/jarret/data-engineering-bootcamp/workspace/airflow-code-review/venv/lib/python3.7/site-packages/airflow/example_dags/example_trigger_controller_dag.py
[2022-06-17 13:26:19,736] {logging_mixin.py:115} INFO - [2022-06-17 13:26:19,736] {dag.py:2379} INFO - Sync 1 DAGs
[2022-06-17 13:26:19,753] {logging_mixin.py:115} INFO - [2022-06-17 13:26:19,753] {dag.py:2931} INFO - Setting next_dagrun for example_trigger_controller_dag to 2021-01-01T00:00:00+00:00, run_after=2021-01-01T00:00:00+00:00
[2022-06-17 13:26:20,213] {processor.py:161} INFO - Processing /home/jarret/data-engineering-bootcamp/workspace/airflow-code-review/venv/lib/python3.7/site-packages/airflow/example_dags/example_trigger_controller_dag.py took 0.498 seconds
[2022-06-17 13:27:23,468] {processor.py:153} INFO - Started process (PID=20135) to work on /home/jarret/data-engineering-bootcamp/workspace/airflow-code-review/venv/lib/python3.7/site-packages/airflow/example_dags/example_trigger_controller_dag.py
[2022-06-17 13:27:23,578] {processor.py:641} INFO - Processing file /home/jarret/data-engineering-bootcamp/workspace/airflow-code-review/venv/lib/python3.7/site-packages/airflow/example_dags/example_trigger_controller_dag.py for tasks to queue
[2022-06-17 13:27:23,579] {logging_mixin.py:115} INFO - [2022-06-17 13:27:23,578] {dagbag.py:507} INFO - Filling up the DagBag from /home/jarret/data-engineering-bootcamp/workspace/airflow-code-review/venv/lib/python3.7/site-packages/airflow/example_dags/example_trigger_controller_dag.py
[2022-06-17 13:27:23,582] {processor.py:651} INFO - DAG(s) dict_keys(['example_trigger_controller_dag']) retrieved from /home/jarret/data-engineering-bootcamp/workspace/airflow-code-review/venv/lib/python3.7/site-packages/airflow/example_dags/example_trigger_controller_dag.py
[2022-06-17 13:27:23,597] {logging_mixin.py:115} INFO - [2022-06-17 13:27:23,597] {dag.py:2379} INFO - Sync 1 DAGs
[2022-06-17 13:27:23,613] {logging_mixin.py:115} INFO - [2022-06-17 13:27:23,613] {dag.py:2931} INFO - Setting next_dagrun for example_trigger_controller_dag to 2021-01-01T00:00:00+00:00, run_after=2021-01-01T00:00:00+00:00
[2022-06-17 13:27:24,078] {processor.py:161} INFO - Processing /home/jarret/data-engineering-bootcamp/workspace/airflow-code-review/venv/lib/python3.7/site-packages/airflow/example_dags/example_trigger_controller_dag.py took 0.613 seconds
[2022-06-17 13:28:23,461] {processor.py:153} INFO - Started process (PID=20253) to work on /home/jarret/data-engineering-bootcamp/workspace/airflow-code-review/venv/lib/python3.7/site-packages/airflow/example_dags/example_trigger_controller_dag.py
[2022-06-17 13:28:23,462] {processor.py:641} INFO - Processing file /home/jarret/data-engineering-bootcamp/workspace/airflow-code-review/venv/lib/python3.7/site-packages/airflow/example_dags/example_trigger_controller_dag.py for tasks to queue
[2022-06-17 13:28:23,463] {logging_mixin.py:115} INFO - [2022-06-17 13:28:23,462] {dagbag.py:507} INFO - Filling up the DagBag from /home/jarret/data-engineering-bootcamp/workspace/airflow-code-review/venv/lib/python3.7/site-packages/airflow/example_dags/example_trigger_controller_dag.py
[2022-06-17 13:28:23,466] {processor.py:651} INFO - DAG(s) dict_keys(['example_trigger_controller_dag']) retrieved from /home/jarret/data-engineering-bootcamp/workspace/airflow-code-review/venv/lib/python3.7/site-packages/airflow/example_dags/example_trigger_controller_dag.py
[2022-06-17 13:28:23,479] {logging_mixin.py:115} INFO - [2022-06-17 13:28:23,479] {dag.py:2379} INFO - Sync 1 DAGs
[2022-06-17 13:28:23,495] {logging_mixin.py:115} INFO - [2022-06-17 13:28:23,495] {dag.py:2931} INFO - Setting next_dagrun for example_trigger_controller_dag to 2021-01-01T00:00:00+00:00, run_after=2021-01-01T00:00:00+00:00
[2022-06-17 13:28:23,613] {processor.py:161} INFO - Processing /home/jarret/data-engineering-bootcamp/workspace/airflow-code-review/venv/lib/python3.7/site-packages/airflow/example_dags/example_trigger_controller_dag.py took 0.155 seconds
[2022-06-17 13:29:25,384] {processor.py:153} INFO - Started process (PID=20489) to work on /home/jarret/data-engineering-bootcamp/workspace/airflow-code-review/venv/lib/python3.7/site-packages/airflow/example_dags/example_trigger_controller_dag.py
[2022-06-17 13:29:25,385] {processor.py:641} INFO - Processing file /home/jarret/data-engineering-bootcamp/workspace/airflow-code-review/venv/lib/python3.7/site-packages/airflow/example_dags/example_trigger_controller_dag.py for tasks to queue
[2022-06-17 13:29:25,386] {logging_mixin.py:115} INFO - [2022-06-17 13:29:25,386] {dagbag.py:507} INFO - Filling up the DagBag from /home/jarret/data-engineering-bootcamp/workspace/airflow-code-review/venv/lib/python3.7/site-packages/airflow/example_dags/example_trigger_controller_dag.py
[2022-06-17 13:29:25,390] {processor.py:651} INFO - DAG(s) dict_keys(['example_trigger_controller_dag']) retrieved from /home/jarret/data-engineering-bootcamp/workspace/airflow-code-review/venv/lib/python3.7/site-packages/airflow/example_dags/example_trigger_controller_dag.py
[2022-06-17 13:29:25,402] {logging_mixin.py:115} INFO - [2022-06-17 13:29:25,402] {dag.py:2379} INFO - Sync 1 DAGs
[2022-06-17 13:29:25,418] {logging_mixin.py:115} INFO - [2022-06-17 13:29:25,418] {dag.py:2931} INFO - Setting next_dagrun for example_trigger_controller_dag to 2021-01-01T00:00:00+00:00, run_after=2021-01-01T00:00:00+00:00
[2022-06-17 13:29:25,533] {processor.py:161} INFO - Processing /home/jarret/data-engineering-bootcamp/workspace/airflow-code-review/venv/lib/python3.7/site-packages/airflow/example_dags/example_trigger_controller_dag.py took 0.152 seconds
[2022-06-17 13:30:18,808] {processor.py:153} INFO - Started process (PID=20576) to work on /home/jarret/data-engineering-bootcamp/workspace/airflow-code-review/venv/lib/python3.7/site-packages/airflow/example_dags/example_trigger_controller_dag.py
[2022-06-17 13:30:18,810] {processor.py:641} INFO - Processing file /home/jarret/data-engineering-bootcamp/workspace/airflow-code-review/venv/lib/python3.7/site-packages/airflow/example_dags/example_trigger_controller_dag.py for tasks to queue
[2022-06-17 13:30:18,810] {logging_mixin.py:115} INFO - [2022-06-17 13:30:18,810] {dagbag.py:507} INFO - Filling up the DagBag from /home/jarret/data-engineering-bootcamp/workspace/airflow-code-review/venv/lib/python3.7/site-packages/airflow/example_dags/example_trigger_controller_dag.py
[2022-06-17 13:30:18,812] {processor.py:651} INFO - DAG(s) dict_keys(['example_trigger_controller_dag']) retrieved from /home/jarret/data-engineering-bootcamp/workspace/airflow-code-review/venv/lib/python3.7/site-packages/airflow/example_dags/example_trigger_controller_dag.py
[2022-06-17 13:30:18,822] {logging_mixin.py:115} INFO - [2022-06-17 13:30:18,822] {dag.py:2379} INFO - Sync 1 DAGs
[2022-06-17 13:30:18,838] {logging_mixin.py:115} INFO - [2022-06-17 13:30:18,838] {dag.py:2931} INFO - Setting next_dagrun for example_trigger_controller_dag to 2021-01-01T00:00:00+00:00, run_after=2021-01-01T00:00:00+00:00
[2022-06-17 13:30:19,061] {processor.py:161} INFO - Processing /home/jarret/data-engineering-bootcamp/workspace/airflow-code-review/venv/lib/python3.7/site-packages/airflow/example_dags/example_trigger_controller_dag.py took 0.257 seconds
[2022-06-17 13:31:23,786] {processor.py:153} INFO - Started process (PID=20784) to work on /home/jarret/data-engineering-bootcamp/workspace/airflow-code-review/venv/lib/python3.7/site-packages/airflow/example_dags/example_trigger_controller_dag.py
[2022-06-17 13:31:23,862] {processor.py:641} INFO - Processing file /home/jarret/data-engineering-bootcamp/workspace/airflow-code-review/venv/lib/python3.7/site-packages/airflow/example_dags/example_trigger_controller_dag.py for tasks to queue
[2022-06-17 13:31:23,863] {logging_mixin.py:115} INFO - [2022-06-17 13:31:23,863] {dagbag.py:507} INFO - Filling up the DagBag from /home/jarret/data-engineering-bootcamp/workspace/airflow-code-review/venv/lib/python3.7/site-packages/airflow/example_dags/example_trigger_controller_dag.py
[2022-06-17 13:31:23,866] {processor.py:651} INFO - DAG(s) dict_keys(['example_trigger_controller_dag']) retrieved from /home/jarret/data-engineering-bootcamp/workspace/airflow-code-review/venv/lib/python3.7/site-packages/airflow/example_dags/example_trigger_controller_dag.py
[2022-06-17 13:31:23,883] {logging_mixin.py:115} INFO - [2022-06-17 13:31:23,883] {dag.py:2379} INFO - Sync 1 DAGs
[2022-06-17 13:31:23,899] {logging_mixin.py:115} INFO - [2022-06-17 13:31:23,899] {dag.py:2931} INFO - Setting next_dagrun for example_trigger_controller_dag to 2021-01-01T00:00:00+00:00, run_after=2021-01-01T00:00:00+00:00
[2022-06-17 13:31:24,820] {processor.py:161} INFO - Processing /home/jarret/data-engineering-bootcamp/workspace/airflow-code-review/venv/lib/python3.7/site-packages/airflow/example_dags/example_trigger_controller_dag.py took 1.037 seconds
[2022-06-17 13:32:18,185] {processor.py:153} INFO - Started process (PID=21656) to work on /home/jarret/data-engineering-bootcamp/workspace/airflow-code-review/venv/lib/python3.7/site-packages/airflow/example_dags/example_trigger_controller_dag.py
[2022-06-17 13:32:18,187] {processor.py:641} INFO - Processing file /home/jarret/data-engineering-bootcamp/workspace/airflow-code-review/venv/lib/python3.7/site-packages/airflow/example_dags/example_trigger_controller_dag.py for tasks to queue
[2022-06-17 13:32:18,188] {logging_mixin.py:115} INFO - [2022-06-17 13:32:18,187] {dagbag.py:507} INFO - Filling up the DagBag from /home/jarret/data-engineering-bootcamp/workspace/airflow-code-review/venv/lib/python3.7/site-packages/airflow/example_dags/example_trigger_controller_dag.py
[2022-06-17 13:32:18,191] {processor.py:651} INFO - DAG(s) dict_keys(['example_trigger_controller_dag']) retrieved from /home/jarret/data-engineering-bootcamp/workspace/airflow-code-review/venv/lib/python3.7/site-packages/airflow/example_dags/example_trigger_controller_dag.py
[2022-06-17 13:32:18,202] {logging_mixin.py:115} INFO - [2022-06-17 13:32:18,202] {dag.py:2379} INFO - Sync 1 DAGs
[2022-06-17 13:32:18,219] {logging_mixin.py:115} INFO - [2022-06-17 13:32:18,218] {dag.py:2931} INFO - Setting next_dagrun for example_trigger_controller_dag to 2021-01-01T00:00:00+00:00, run_after=2021-01-01T00:00:00+00:00
[2022-06-17 13:32:18,342] {processor.py:161} INFO - Processing /home/jarret/data-engineering-bootcamp/workspace/airflow-code-review/venv/lib/python3.7/site-packages/airflow/example_dags/example_trigger_controller_dag.py took 0.159 seconds
[2022-06-17 13:33:25,910] {processor.py:153} INFO - Started process (PID=22323) to work on /home/jarret/data-engineering-bootcamp/workspace/airflow-code-review/venv/lib/python3.7/site-packages/airflow/example_dags/example_trigger_controller_dag.py
[2022-06-17 13:33:25,921] {processor.py:641} INFO - Processing file /home/jarret/data-engineering-bootcamp/workspace/airflow-code-review/venv/lib/python3.7/site-packages/airflow/example_dags/example_trigger_controller_dag.py for tasks to queue
[2022-06-17 13:33:25,921] {logging_mixin.py:115} INFO - [2022-06-17 13:33:25,921] {dagbag.py:507} INFO - Filling up the DagBag from /home/jarret/data-engineering-bootcamp/workspace/airflow-code-review/venv/lib/python3.7/site-packages/airflow/example_dags/example_trigger_controller_dag.py
[2022-06-17 13:33:25,923] {processor.py:651} INFO - DAG(s) dict_keys(['example_trigger_controller_dag']) retrieved from /home/jarret/data-engineering-bootcamp/workspace/airflow-code-review/venv/lib/python3.7/site-packages/airflow/example_dags/example_trigger_controller_dag.py
[2022-06-17 13:33:25,934] {logging_mixin.py:115} INFO - [2022-06-17 13:33:25,934] {dag.py:2379} INFO - Sync 1 DAGs
[2022-06-17 13:33:25,950] {logging_mixin.py:115} INFO - [2022-06-17 13:33:25,950] {dag.py:2931} INFO - Setting next_dagrun for example_trigger_controller_dag to 2021-01-01T00:00:00+00:00, run_after=2021-01-01T00:00:00+00:00
[2022-06-17 13:33:26,757] {processor.py:161} INFO - Processing /home/jarret/data-engineering-bootcamp/workspace/airflow-code-review/venv/lib/python3.7/site-packages/airflow/example_dags/example_trigger_controller_dag.py took 0.850 seconds
[2022-06-17 13:34:16,640] {processor.py:153} INFO - Started process (PID=23068) to work on /home/jarret/data-engineering-bootcamp/workspace/airflow-code-review/venv/lib/python3.7/site-packages/airflow/example_dags/example_trigger_controller_dag.py
[2022-06-17 13:34:16,642] {processor.py:641} INFO - Processing file /home/jarret/data-engineering-bootcamp/workspace/airflow-code-review/venv/lib/python3.7/site-packages/airflow/example_dags/example_trigger_controller_dag.py for tasks to queue
[2022-06-17 13:34:16,643] {logging_mixin.py:115} INFO - [2022-06-17 13:34:16,642] {dagbag.py:507} INFO - Filling up the DagBag from /home/jarret/data-engineering-bootcamp/workspace/airflow-code-review/venv/lib/python3.7/site-packages/airflow/example_dags/example_trigger_controller_dag.py
[2022-06-17 13:34:16,646] {processor.py:651} INFO - DAG(s) dict_keys(['example_trigger_controller_dag']) retrieved from /home/jarret/data-engineering-bootcamp/workspace/airflow-code-review/venv/lib/python3.7/site-packages/airflow/example_dags/example_trigger_controller_dag.py
[2022-06-17 13:34:16,658] {logging_mixin.py:115} INFO - [2022-06-17 13:34:16,658] {dag.py:2379} INFO - Sync 1 DAGs
[2022-06-17 13:34:16,674] {logging_mixin.py:115} INFO - [2022-06-17 13:34:16,674] {dag.py:2931} INFO - Setting next_dagrun for example_trigger_controller_dag to 2021-01-01T00:00:00+00:00, run_after=2021-01-01T00:00:00+00:00
[2022-06-17 13:34:16,916] {processor.py:161} INFO - Processing /home/jarret/data-engineering-bootcamp/workspace/airflow-code-review/venv/lib/python3.7/site-packages/airflow/example_dags/example_trigger_controller_dag.py took 0.279 seconds
