[2022-06-17 12:37:35,250] {processor.py:153} INFO - Started process (PID=15734) to work on /home/jarret/data-engineering-bootcamp/workspace/airflow-code-review/venv/lib/python3.7/site-packages/airflow/example_dags/example_latest_only_with_trigger.py
[2022-06-17 12:37:35,250] {processor.py:641} INFO - Processing file /home/jarret/data-engineering-bootcamp/workspace/airflow-code-review/venv/lib/python3.7/site-packages/airflow/example_dags/example_latest_only_with_trigger.py for tasks to queue
[2022-06-17 12:37:35,250] {logging_mixin.py:115} INFO - [2022-06-17 12:37:35,250] {dagbag.py:507} INFO - Filling up the DagBag from /home/jarret/data-engineering-bootcamp/workspace/airflow-code-review/venv/lib/python3.7/site-packages/airflow/example_dags/example_latest_only_with_trigger.py
[2022-06-17 12:37:35,254] {processor.py:651} INFO - DAG(s) dict_keys(['latest_only_with_trigger']) retrieved from /home/jarret/data-engineering-bootcamp/workspace/airflow-code-review/venv/lib/python3.7/site-packages/airflow/example_dags/example_latest_only_with_trigger.py
[2022-06-17 12:37:35,796] {logging_mixin.py:115} INFO - [2022-06-17 12:37:35,796] {manager.py:508} INFO - Created Permission View: can read on DAG:latest_only_with_trigger
[2022-06-17 12:37:35,938] {logging_mixin.py:115} INFO - [2022-06-17 12:37:35,938] {manager.py:508} INFO - Created Permission View: can delete on DAG:latest_only_with_trigger
[2022-06-17 12:37:36,104] {logging_mixin.py:115} INFO - [2022-06-17 12:37:36,104] {manager.py:508} INFO - Created Permission View: can edit on DAG:latest_only_with_trigger
[2022-06-17 12:37:36,105] {logging_mixin.py:115} INFO - [2022-06-17 12:37:36,105] {dag.py:2379} INFO - Sync 1 DAGs
[2022-06-17 12:37:36,120] {logging_mixin.py:115} INFO - [2022-06-17 12:37:36,120] {dag.py:2398} INFO - Creating ORM DAG for latest_only_with_trigger
[2022-06-17 12:37:36,128] {logging_mixin.py:115} INFO - [2022-06-17 12:37:36,128] {dag.py:2931} INFO - Setting next_dagrun for latest_only_with_trigger to 2022-06-17T15:37:36.128382+00:00, run_after=2022-06-17T19:37:36.128382+00:00
[2022-06-17 12:37:36,270] {processor.py:161} INFO - Processing /home/jarret/data-engineering-bootcamp/workspace/airflow-code-review/venv/lib/python3.7/site-packages/airflow/example_dags/example_latest_only_with_trigger.py took 1.022 seconds
[2022-06-17 12:38:48,075] {processor.py:153} INFO - Started process (PID=15798) to work on /home/jarret/data-engineering-bootcamp/workspace/airflow-code-review/venv/lib/python3.7/site-packages/airflow/example_dags/example_latest_only_with_trigger.py
[2022-06-17 12:38:48,177] {processor.py:641} INFO - Processing file /home/jarret/data-engineering-bootcamp/workspace/airflow-code-review/venv/lib/python3.7/site-packages/airflow/example_dags/example_latest_only_with_trigger.py for tasks to queue
[2022-06-17 12:38:48,178] {logging_mixin.py:115} INFO - [2022-06-17 12:38:48,178] {dagbag.py:507} INFO - Filling up the DagBag from /home/jarret/data-engineering-bootcamp/workspace/airflow-code-review/venv/lib/python3.7/site-packages/airflow/example_dags/example_latest_only_with_trigger.py
[2022-06-17 12:38:48,185] {processor.py:651} INFO - DAG(s) dict_keys(['latest_only_with_trigger']) retrieved from /home/jarret/data-engineering-bootcamp/workspace/airflow-code-review/venv/lib/python3.7/site-packages/airflow/example_dags/example_latest_only_with_trigger.py
[2022-06-17 12:38:48,200] {logging_mixin.py:115} INFO - [2022-06-17 12:38:48,200] {dag.py:2379} INFO - Sync 1 DAGs
[2022-06-17 12:38:48,215] {logging_mixin.py:115} INFO - [2022-06-17 12:38:48,215] {dag.py:2931} INFO - Setting next_dagrun for latest_only_with_trigger to 2022-06-17T15:38:48.215516+00:00, run_after=2022-06-17T19:38:48.215516+00:00
[2022-06-17 12:38:48,359] {processor.py:161} INFO - Processing /home/jarret/data-engineering-bootcamp/workspace/airflow-code-review/venv/lib/python3.7/site-packages/airflow/example_dags/example_latest_only_with_trigger.py took 0.287 seconds
[2022-06-17 12:39:43,799] {processor.py:153} INFO - Started process (PID=15847) to work on /home/jarret/data-engineering-bootcamp/workspace/airflow-code-review/venv/lib/python3.7/site-packages/airflow/example_dags/example_latest_only_with_trigger.py
[2022-06-17 12:39:43,805] {processor.py:641} INFO - Processing file /home/jarret/data-engineering-bootcamp/workspace/airflow-code-review/venv/lib/python3.7/site-packages/airflow/example_dags/example_latest_only_with_trigger.py for tasks to queue
[2022-06-17 12:39:43,805] {logging_mixin.py:115} INFO - [2022-06-17 12:39:43,805] {dagbag.py:507} INFO - Filling up the DagBag from /home/jarret/data-engineering-bootcamp/workspace/airflow-code-review/venv/lib/python3.7/site-packages/airflow/example_dags/example_latest_only_with_trigger.py
[2022-06-17 12:39:43,808] {processor.py:651} INFO - DAG(s) dict_keys(['latest_only_with_trigger']) retrieved from /home/jarret/data-engineering-bootcamp/workspace/airflow-code-review/venv/lib/python3.7/site-packages/airflow/example_dags/example_latest_only_with_trigger.py
[2022-06-17 12:39:43,819] {logging_mixin.py:115} INFO - [2022-06-17 12:39:43,819] {dag.py:2379} INFO - Sync 1 DAGs
[2022-06-17 12:39:43,834] {logging_mixin.py:115} INFO - [2022-06-17 12:39:43,834] {dag.py:2931} INFO - Setting next_dagrun for latest_only_with_trigger to 2022-06-17T15:39:43.834455+00:00, run_after=2022-06-17T19:39:43.834455+00:00
[2022-06-17 12:39:43,973] {processor.py:161} INFO - Processing /home/jarret/data-engineering-bootcamp/workspace/airflow-code-review/venv/lib/python3.7/site-packages/airflow/example_dags/example_latest_only_with_trigger.py took 0.176 seconds
[2022-06-17 12:40:41,547] {processor.py:153} INFO - Started process (PID=15922) to work on /home/jarret/data-engineering-bootcamp/workspace/airflow-code-review/venv/lib/python3.7/site-packages/airflow/example_dags/example_latest_only_with_trigger.py
[2022-06-17 12:40:41,571] {processor.py:641} INFO - Processing file /home/jarret/data-engineering-bootcamp/workspace/airflow-code-review/venv/lib/python3.7/site-packages/airflow/example_dags/example_latest_only_with_trigger.py for tasks to queue
[2022-06-17 12:40:41,572] {logging_mixin.py:115} INFO - [2022-06-17 12:40:41,572] {dagbag.py:507} INFO - Filling up the DagBag from /home/jarret/data-engineering-bootcamp/workspace/airflow-code-review/venv/lib/python3.7/site-packages/airflow/example_dags/example_latest_only_with_trigger.py
[2022-06-17 12:40:41,580] {processor.py:651} INFO - DAG(s) dict_keys(['latest_only_with_trigger']) retrieved from /home/jarret/data-engineering-bootcamp/workspace/airflow-code-review/venv/lib/python3.7/site-packages/airflow/example_dags/example_latest_only_with_trigger.py
[2022-06-17 12:40:41,592] {logging_mixin.py:115} INFO - [2022-06-17 12:40:41,592] {dag.py:2379} INFO - Sync 1 DAGs
[2022-06-17 12:40:41,607] {logging_mixin.py:115} INFO - [2022-06-17 12:40:41,607] {dag.py:2931} INFO - Setting next_dagrun for latest_only_with_trigger to 2022-06-17T15:40:41.607172+00:00, run_after=2022-06-17T19:40:41.607172+00:00
[2022-06-17 12:40:42,388] {processor.py:161} INFO - Processing /home/jarret/data-engineering-bootcamp/workspace/airflow-code-review/venv/lib/python3.7/site-packages/airflow/example_dags/example_latest_only_with_trigger.py took 0.845 seconds
[2022-06-17 12:41:36,052] {processor.py:153} INFO - Started process (PID=15989) to work on /home/jarret/data-engineering-bootcamp/workspace/airflow-code-review/venv/lib/python3.7/site-packages/airflow/example_dags/example_latest_only_with_trigger.py
[2022-06-17 12:41:36,071] {processor.py:641} INFO - Processing file /home/jarret/data-engineering-bootcamp/workspace/airflow-code-review/venv/lib/python3.7/site-packages/airflow/example_dags/example_latest_only_with_trigger.py for tasks to queue
[2022-06-17 12:41:36,072] {logging_mixin.py:115} INFO - [2022-06-17 12:41:36,072] {dagbag.py:507} INFO - Filling up the DagBag from /home/jarret/data-engineering-bootcamp/workspace/airflow-code-review/venv/lib/python3.7/site-packages/airflow/example_dags/example_latest_only_with_trigger.py
[2022-06-17 12:41:36,076] {processor.py:651} INFO - DAG(s) dict_keys(['latest_only_with_trigger']) retrieved from /home/jarret/data-engineering-bootcamp/workspace/airflow-code-review/venv/lib/python3.7/site-packages/airflow/example_dags/example_latest_only_with_trigger.py
[2022-06-17 12:41:36,087] {logging_mixin.py:115} INFO - [2022-06-17 12:41:36,087] {dag.py:2379} INFO - Sync 1 DAGs
[2022-06-17 12:41:36,103] {logging_mixin.py:115} INFO - [2022-06-17 12:41:36,103] {dag.py:2931} INFO - Setting next_dagrun for latest_only_with_trigger to 2022-06-17T15:41:36.102841+00:00, run_after=2022-06-17T19:41:36.102841+00:00
[2022-06-17 12:41:37,401] {processor.py:161} INFO - Processing /home/jarret/data-engineering-bootcamp/workspace/airflow-code-review/venv/lib/python3.7/site-packages/airflow/example_dags/example_latest_only_with_trigger.py took 1.351 seconds
[2022-06-17 12:43:20,274] {processor.py:153} INFO - Started process (PID=16128) to work on /home/jarret/data-engineering-bootcamp/workspace/airflow-code-review/venv/lib/python3.7/site-packages/airflow/example_dags/example_latest_only_with_trigger.py
[2022-06-17 12:43:20,301] {processor.py:641} INFO - Processing file /home/jarret/data-engineering-bootcamp/workspace/airflow-code-review/venv/lib/python3.7/site-packages/airflow/example_dags/example_latest_only_with_trigger.py for tasks to queue
[2022-06-17 12:43:20,302] {logging_mixin.py:115} INFO - [2022-06-17 12:43:20,302] {dagbag.py:507} INFO - Filling up the DagBag from /home/jarret/data-engineering-bootcamp/workspace/airflow-code-review/venv/lib/python3.7/site-packages/airflow/example_dags/example_latest_only_with_trigger.py
[2022-06-17 12:43:20,310] {processor.py:651} INFO - DAG(s) dict_keys(['latest_only_with_trigger']) retrieved from /home/jarret/data-engineering-bootcamp/workspace/airflow-code-review/venv/lib/python3.7/site-packages/airflow/example_dags/example_latest_only_with_trigger.py
[2022-06-17 12:43:20,324] {logging_mixin.py:115} INFO - [2022-06-17 12:43:20,323] {dag.py:2379} INFO - Sync 1 DAGs
[2022-06-17 12:43:20,342] {logging_mixin.py:115} INFO - [2022-06-17 12:43:20,342] {dag.py:2931} INFO - Setting next_dagrun for latest_only_with_trigger to 2022-06-17T15:43:20.342274+00:00, run_after=2022-06-17T19:43:20.342274+00:00
[2022-06-17 12:43:20,699] {processor.py:161} INFO - Processing /home/jarret/data-engineering-bootcamp/workspace/airflow-code-review/venv/lib/python3.7/site-packages/airflow/example_dags/example_latest_only_with_trigger.py took 0.429 seconds
[2022-06-17 12:44:21,756] {processor.py:153} INFO - Started process (PID=16222) to work on /home/jarret/data-engineering-bootcamp/workspace/airflow-code-review/venv/lib/python3.7/site-packages/airflow/example_dags/example_latest_only_with_trigger.py
[2022-06-17 12:44:21,881] {processor.py:641} INFO - Processing file /home/jarret/data-engineering-bootcamp/workspace/airflow-code-review/venv/lib/python3.7/site-packages/airflow/example_dags/example_latest_only_with_trigger.py for tasks to queue
[2022-06-17 12:44:21,882] {logging_mixin.py:115} INFO - [2022-06-17 12:44:21,882] {dagbag.py:507} INFO - Filling up the DagBag from /home/jarret/data-engineering-bootcamp/workspace/airflow-code-review/venv/lib/python3.7/site-packages/airflow/example_dags/example_latest_only_with_trigger.py
[2022-06-17 12:44:21,888] {processor.py:651} INFO - DAG(s) dict_keys(['latest_only_with_trigger']) retrieved from /home/jarret/data-engineering-bootcamp/workspace/airflow-code-review/venv/lib/python3.7/site-packages/airflow/example_dags/example_latest_only_with_trigger.py
[2022-06-17 12:44:21,899] {logging_mixin.py:115} INFO - [2022-06-17 12:44:21,899] {dag.py:2379} INFO - Sync 1 DAGs
[2022-06-17 12:44:21,915] {logging_mixin.py:115} INFO - [2022-06-17 12:44:21,915] {dag.py:2931} INFO - Setting next_dagrun for latest_only_with_trigger to 2022-06-17T15:44:21.915539+00:00, run_after=2022-06-17T19:44:21.915539+00:00
[2022-06-17 12:44:22,418] {processor.py:161} INFO - Processing /home/jarret/data-engineering-bootcamp/workspace/airflow-code-review/venv/lib/python3.7/site-packages/airflow/example_dags/example_latest_only_with_trigger.py took 0.664 seconds
[2022-06-17 12:45:29,409] {processor.py:153} INFO - Started process (PID=16346) to work on /home/jarret/data-engineering-bootcamp/workspace/airflow-code-review/venv/lib/python3.7/site-packages/airflow/example_dags/example_latest_only_with_trigger.py
[2022-06-17 12:45:29,420] {processor.py:641} INFO - Processing file /home/jarret/data-engineering-bootcamp/workspace/airflow-code-review/venv/lib/python3.7/site-packages/airflow/example_dags/example_latest_only_with_trigger.py for tasks to queue
[2022-06-17 12:45:29,421] {logging_mixin.py:115} INFO - [2022-06-17 12:45:29,421] {dagbag.py:507} INFO - Filling up the DagBag from /home/jarret/data-engineering-bootcamp/workspace/airflow-code-review/venv/lib/python3.7/site-packages/airflow/example_dags/example_latest_only_with_trigger.py
[2022-06-17 12:45:29,429] {processor.py:651} INFO - DAG(s) dict_keys(['latest_only_with_trigger']) retrieved from /home/jarret/data-engineering-bootcamp/workspace/airflow-code-review/venv/lib/python3.7/site-packages/airflow/example_dags/example_latest_only_with_trigger.py
[2022-06-17 12:45:29,441] {logging_mixin.py:115} INFO - [2022-06-17 12:45:29,441] {dag.py:2379} INFO - Sync 1 DAGs
[2022-06-17 12:45:29,456] {logging_mixin.py:115} INFO - [2022-06-17 12:45:29,456] {dag.py:2931} INFO - Setting next_dagrun for latest_only_with_trigger to 2022-06-17T15:45:29.456574+00:00, run_after=2022-06-17T19:45:29.456574+00:00
[2022-06-17 12:45:29,566] {processor.py:161} INFO - Processing /home/jarret/data-engineering-bootcamp/workspace/airflow-code-review/venv/lib/python3.7/site-packages/airflow/example_dags/example_latest_only_with_trigger.py took 0.159 seconds
[2022-06-17 12:46:39,988] {processor.py:153} INFO - Started process (PID=16469) to work on /home/jarret/data-engineering-bootcamp/workspace/airflow-code-review/venv/lib/python3.7/site-packages/airflow/example_dags/example_latest_only_with_trigger.py
[2022-06-17 12:46:40,017] {processor.py:641} INFO - Processing file /home/jarret/data-engineering-bootcamp/workspace/airflow-code-review/venv/lib/python3.7/site-packages/airflow/example_dags/example_latest_only_with_trigger.py for tasks to queue
[2022-06-17 12:46:40,017] {logging_mixin.py:115} INFO - [2022-06-17 12:46:40,017] {dagbag.py:507} INFO - Filling up the DagBag from /home/jarret/data-engineering-bootcamp/workspace/airflow-code-review/venv/lib/python3.7/site-packages/airflow/example_dags/example_latest_only_with_trigger.py
[2022-06-17 12:46:40,021] {processor.py:651} INFO - DAG(s) dict_keys(['latest_only_with_trigger']) retrieved from /home/jarret/data-engineering-bootcamp/workspace/airflow-code-review/venv/lib/python3.7/site-packages/airflow/example_dags/example_latest_only_with_trigger.py
[2022-06-17 12:46:40,033] {logging_mixin.py:115} INFO - [2022-06-17 12:46:40,032] {dag.py:2379} INFO - Sync 1 DAGs
[2022-06-17 12:46:40,048] {logging_mixin.py:115} INFO - [2022-06-17 12:46:40,048] {dag.py:2931} INFO - Setting next_dagrun for latest_only_with_trigger to 2022-06-17T15:46:40.047875+00:00, run_after=2022-06-17T19:46:40.047875+00:00
[2022-06-17 12:46:41,183] {processor.py:161} INFO - Processing /home/jarret/data-engineering-bootcamp/workspace/airflow-code-review/venv/lib/python3.7/site-packages/airflow/example_dags/example_latest_only_with_trigger.py took 1.198 seconds
[2022-06-17 12:47:41,100] {processor.py:153} INFO - Started process (PID=16512) to work on /home/jarret/data-engineering-bootcamp/workspace/airflow-code-review/venv/lib/python3.7/site-packages/airflow/example_dags/example_latest_only_with_trigger.py
[2022-06-17 12:47:41,106] {processor.py:641} INFO - Processing file /home/jarret/data-engineering-bootcamp/workspace/airflow-code-review/venv/lib/python3.7/site-packages/airflow/example_dags/example_latest_only_with_trigger.py for tasks to queue
[2022-06-17 12:47:41,107] {logging_mixin.py:115} INFO - [2022-06-17 12:47:41,107] {dagbag.py:507} INFO - Filling up the DagBag from /home/jarret/data-engineering-bootcamp/workspace/airflow-code-review/venv/lib/python3.7/site-packages/airflow/example_dags/example_latest_only_with_trigger.py
[2022-06-17 12:47:41,111] {processor.py:651} INFO - DAG(s) dict_keys(['latest_only_with_trigger']) retrieved from /home/jarret/data-engineering-bootcamp/workspace/airflow-code-review/venv/lib/python3.7/site-packages/airflow/example_dags/example_latest_only_with_trigger.py
[2022-06-17 12:47:41,122] {logging_mixin.py:115} INFO - [2022-06-17 12:47:41,122] {dag.py:2379} INFO - Sync 1 DAGs
[2022-06-17 12:47:41,138] {logging_mixin.py:115} INFO - [2022-06-17 12:47:41,138] {dag.py:2931} INFO - Setting next_dagrun for latest_only_with_trigger to 2022-06-17T15:47:41.138357+00:00, run_after=2022-06-17T19:47:41.138357+00:00
[2022-06-17 12:47:42,242] {processor.py:161} INFO - Processing /home/jarret/data-engineering-bootcamp/workspace/airflow-code-review/venv/lib/python3.7/site-packages/airflow/example_dags/example_latest_only_with_trigger.py took 1.145 seconds
[2022-06-17 12:48:55,196] {processor.py:153} INFO - Started process (PID=16579) to work on /home/jarret/data-engineering-bootcamp/workspace/airflow-code-review/venv/lib/python3.7/site-packages/airflow/example_dags/example_latest_only_with_trigger.py
[2022-06-17 12:48:55,198] {processor.py:641} INFO - Processing file /home/jarret/data-engineering-bootcamp/workspace/airflow-code-review/venv/lib/python3.7/site-packages/airflow/example_dags/example_latest_only_with_trigger.py for tasks to queue
[2022-06-17 12:48:55,198] {logging_mixin.py:115} INFO - [2022-06-17 12:48:55,198] {dagbag.py:507} INFO - Filling up the DagBag from /home/jarret/data-engineering-bootcamp/workspace/airflow-code-review/venv/lib/python3.7/site-packages/airflow/example_dags/example_latest_only_with_trigger.py
[2022-06-17 12:48:55,203] {processor.py:651} INFO - DAG(s) dict_keys(['latest_only_with_trigger']) retrieved from /home/jarret/data-engineering-bootcamp/workspace/airflow-code-review/venv/lib/python3.7/site-packages/airflow/example_dags/example_latest_only_with_trigger.py
[2022-06-17 12:48:55,214] {logging_mixin.py:115} INFO - [2022-06-17 12:48:55,214] {dag.py:2379} INFO - Sync 1 DAGs
[2022-06-17 12:48:55,229] {logging_mixin.py:115} INFO - [2022-06-17 12:48:55,229] {dag.py:2931} INFO - Setting next_dagrun for latest_only_with_trigger to 2022-06-17T15:48:55.229502+00:00, run_after=2022-06-17T19:48:55.229502+00:00
[2022-06-17 12:48:55,915] {processor.py:161} INFO - Processing /home/jarret/data-engineering-bootcamp/workspace/airflow-code-review/venv/lib/python3.7/site-packages/airflow/example_dags/example_latest_only_with_trigger.py took 0.722 seconds
[2022-06-17 12:50:08,299] {processor.py:153} INFO - Started process (PID=16716) to work on /home/jarret/data-engineering-bootcamp/workspace/airflow-code-review/venv/lib/python3.7/site-packages/airflow/example_dags/example_latest_only_with_trigger.py
[2022-06-17 12:50:08,300] {processor.py:641} INFO - Processing file /home/jarret/data-engineering-bootcamp/workspace/airflow-code-review/venv/lib/python3.7/site-packages/airflow/example_dags/example_latest_only_with_trigger.py for tasks to queue
[2022-06-17 12:50:08,300] {logging_mixin.py:115} INFO - [2022-06-17 12:50:08,300] {dagbag.py:507} INFO - Filling up the DagBag from /home/jarret/data-engineering-bootcamp/workspace/airflow-code-review/venv/lib/python3.7/site-packages/airflow/example_dags/example_latest_only_with_trigger.py
[2022-06-17 12:50:08,304] {processor.py:651} INFO - DAG(s) dict_keys(['latest_only_with_trigger']) retrieved from /home/jarret/data-engineering-bootcamp/workspace/airflow-code-review/venv/lib/python3.7/site-packages/airflow/example_dags/example_latest_only_with_trigger.py
[2022-06-17 12:50:08,317] {logging_mixin.py:115} INFO - [2022-06-17 12:50:08,317] {dag.py:2379} INFO - Sync 1 DAGs
[2022-06-17 12:50:08,333] {logging_mixin.py:115} INFO - [2022-06-17 12:50:08,333] {dag.py:2931} INFO - Setting next_dagrun for latest_only_with_trigger to 2022-06-17T15:50:08.333494+00:00, run_after=2022-06-17T19:50:08.333494+00:00
[2022-06-17 12:50:09,104] {processor.py:161} INFO - Processing /home/jarret/data-engineering-bootcamp/workspace/airflow-code-review/venv/lib/python3.7/site-packages/airflow/example_dags/example_latest_only_with_trigger.py took 0.807 seconds
[2022-06-17 12:51:08,162] {processor.py:153} INFO - Started process (PID=16806) to work on /home/jarret/data-engineering-bootcamp/workspace/airflow-code-review/venv/lib/python3.7/site-packages/airflow/example_dags/example_latest_only_with_trigger.py
[2022-06-17 12:51:08,166] {processor.py:641} INFO - Processing file /home/jarret/data-engineering-bootcamp/workspace/airflow-code-review/venv/lib/python3.7/site-packages/airflow/example_dags/example_latest_only_with_trigger.py for tasks to queue
[2022-06-17 12:51:08,167] {logging_mixin.py:115} INFO - [2022-06-17 12:51:08,167] {dagbag.py:507} INFO - Filling up the DagBag from /home/jarret/data-engineering-bootcamp/workspace/airflow-code-review/venv/lib/python3.7/site-packages/airflow/example_dags/example_latest_only_with_trigger.py
[2022-06-17 12:51:08,175] {processor.py:651} INFO - DAG(s) dict_keys(['latest_only_with_trigger']) retrieved from /home/jarret/data-engineering-bootcamp/workspace/airflow-code-review/venv/lib/python3.7/site-packages/airflow/example_dags/example_latest_only_with_trigger.py
[2022-06-17 12:51:08,187] {logging_mixin.py:115} INFO - [2022-06-17 12:51:08,186] {dag.py:2379} INFO - Sync 1 DAGs
[2022-06-17 12:51:08,201] {logging_mixin.py:115} INFO - [2022-06-17 12:51:08,201] {dag.py:2931} INFO - Setting next_dagrun for latest_only_with_trigger to 2022-06-17T15:51:08.201712+00:00, run_after=2022-06-17T19:51:08.201712+00:00
[2022-06-17 12:51:09,764] {processor.py:161} INFO - Processing /home/jarret/data-engineering-bootcamp/workspace/airflow-code-review/venv/lib/python3.7/site-packages/airflow/example_dags/example_latest_only_with_trigger.py took 1.605 seconds
[2022-06-17 12:52:17,943] {processor.py:153} INFO - Started process (PID=16935) to work on /home/jarret/data-engineering-bootcamp/workspace/airflow-code-review/venv/lib/python3.7/site-packages/airflow/example_dags/example_latest_only_with_trigger.py
[2022-06-17 12:52:17,963] {processor.py:641} INFO - Processing file /home/jarret/data-engineering-bootcamp/workspace/airflow-code-review/venv/lib/python3.7/site-packages/airflow/example_dags/example_latest_only_with_trigger.py for tasks to queue
[2022-06-17 12:52:17,964] {logging_mixin.py:115} INFO - [2022-06-17 12:52:17,964] {dagbag.py:507} INFO - Filling up the DagBag from /home/jarret/data-engineering-bootcamp/workspace/airflow-code-review/venv/lib/python3.7/site-packages/airflow/example_dags/example_latest_only_with_trigger.py
[2022-06-17 12:52:17,968] {processor.py:651} INFO - DAG(s) dict_keys(['latest_only_with_trigger']) retrieved from /home/jarret/data-engineering-bootcamp/workspace/airflow-code-review/venv/lib/python3.7/site-packages/airflow/example_dags/example_latest_only_with_trigger.py
[2022-06-17 12:52:17,980] {logging_mixin.py:115} INFO - [2022-06-17 12:52:17,980] {dag.py:2379} INFO - Sync 1 DAGs
[2022-06-17 12:52:17,996] {logging_mixin.py:115} INFO - [2022-06-17 12:52:17,995] {dag.py:2931} INFO - Setting next_dagrun for latest_only_with_trigger to 2022-06-17T15:52:17.995713+00:00, run_after=2022-06-17T19:52:17.995713+00:00
[2022-06-17 12:52:18,884] {processor.py:161} INFO - Processing /home/jarret/data-engineering-bootcamp/workspace/airflow-code-review/venv/lib/python3.7/site-packages/airflow/example_dags/example_latest_only_with_trigger.py took 0.944 seconds
[2022-06-17 12:53:17,623] {processor.py:153} INFO - Started process (PID=16980) to work on /home/jarret/data-engineering-bootcamp/workspace/airflow-code-review/venv/lib/python3.7/site-packages/airflow/example_dags/example_latest_only_with_trigger.py
[2022-06-17 12:53:17,697] {processor.py:641} INFO - Processing file /home/jarret/data-engineering-bootcamp/workspace/airflow-code-review/venv/lib/python3.7/site-packages/airflow/example_dags/example_latest_only_with_trigger.py for tasks to queue
[2022-06-17 12:53:17,698] {logging_mixin.py:115} INFO - [2022-06-17 12:53:17,697] {dagbag.py:507} INFO - Filling up the DagBag from /home/jarret/data-engineering-bootcamp/workspace/airflow-code-review/venv/lib/python3.7/site-packages/airflow/example_dags/example_latest_only_with_trigger.py
[2022-06-17 12:53:17,705] {processor.py:651} INFO - DAG(s) dict_keys(['latest_only_with_trigger']) retrieved from /home/jarret/data-engineering-bootcamp/workspace/airflow-code-review/venv/lib/python3.7/site-packages/airflow/example_dags/example_latest_only_with_trigger.py
[2022-06-17 12:53:17,717] {logging_mixin.py:115} INFO - [2022-06-17 12:53:17,717] {dag.py:2379} INFO - Sync 1 DAGs
[2022-06-17 12:53:17,732] {logging_mixin.py:115} INFO - [2022-06-17 12:53:17,732] {dag.py:2931} INFO - Setting next_dagrun for latest_only_with_trigger to 2022-06-17T15:53:17.732576+00:00, run_after=2022-06-17T19:53:17.732576+00:00
[2022-06-17 12:53:18,691] {processor.py:161} INFO - Processing /home/jarret/data-engineering-bootcamp/workspace/airflow-code-review/venv/lib/python3.7/site-packages/airflow/example_dags/example_latest_only_with_trigger.py took 1.072 seconds
[2022-06-17 12:54:31,791] {processor.py:153} INFO - Started process (PID=17064) to work on /home/jarret/data-engineering-bootcamp/workspace/airflow-code-review/venv/lib/python3.7/site-packages/airflow/example_dags/example_latest_only_with_trigger.py
[2022-06-17 12:54:31,793] {processor.py:641} INFO - Processing file /home/jarret/data-engineering-bootcamp/workspace/airflow-code-review/venv/lib/python3.7/site-packages/airflow/example_dags/example_latest_only_with_trigger.py for tasks to queue
[2022-06-17 12:54:31,793] {logging_mixin.py:115} INFO - [2022-06-17 12:54:31,793] {dagbag.py:507} INFO - Filling up the DagBag from /home/jarret/data-engineering-bootcamp/workspace/airflow-code-review/venv/lib/python3.7/site-packages/airflow/example_dags/example_latest_only_with_trigger.py
[2022-06-17 12:54:31,797] {processor.py:651} INFO - DAG(s) dict_keys(['latest_only_with_trigger']) retrieved from /home/jarret/data-engineering-bootcamp/workspace/airflow-code-review/venv/lib/python3.7/site-packages/airflow/example_dags/example_latest_only_with_trigger.py
[2022-06-17 12:54:31,808] {logging_mixin.py:115} INFO - [2022-06-17 12:54:31,807] {dag.py:2379} INFO - Sync 1 DAGs
[2022-06-17 12:54:31,823] {logging_mixin.py:115} INFO - [2022-06-17 12:54:31,822] {dag.py:2931} INFO - Setting next_dagrun for latest_only_with_trigger to 2022-06-17T15:54:31.822759+00:00, run_after=2022-06-17T19:54:31.822759+00:00
[2022-06-17 12:54:32,211] {processor.py:161} INFO - Processing /home/jarret/data-engineering-bootcamp/workspace/airflow-code-review/venv/lib/python3.7/site-packages/airflow/example_dags/example_latest_only_with_trigger.py took 0.422 seconds
[2022-06-17 12:55:29,430] {processor.py:153} INFO - Started process (PID=17107) to work on /home/jarret/data-engineering-bootcamp/workspace/airflow-code-review/venv/lib/python3.7/site-packages/airflow/example_dags/example_latest_only_with_trigger.py
[2022-06-17 12:55:29,431] {processor.py:641} INFO - Processing file /home/jarret/data-engineering-bootcamp/workspace/airflow-code-review/venv/lib/python3.7/site-packages/airflow/example_dags/example_latest_only_with_trigger.py for tasks to queue
[2022-06-17 12:55:29,432] {logging_mixin.py:115} INFO - [2022-06-17 12:55:29,432] {dagbag.py:507} INFO - Filling up the DagBag from /home/jarret/data-engineering-bootcamp/workspace/airflow-code-review/venv/lib/python3.7/site-packages/airflow/example_dags/example_latest_only_with_trigger.py
[2022-06-17 12:55:29,438] {processor.py:651} INFO - DAG(s) dict_keys(['latest_only_with_trigger']) retrieved from /home/jarret/data-engineering-bootcamp/workspace/airflow-code-review/venv/lib/python3.7/site-packages/airflow/example_dags/example_latest_only_with_trigger.py
[2022-06-17 12:55:29,449] {logging_mixin.py:115} INFO - [2022-06-17 12:55:29,448] {dag.py:2379} INFO - Sync 1 DAGs
[2022-06-17 12:55:29,466] {logging_mixin.py:115} INFO - [2022-06-17 12:55:29,465] {dag.py:2931} INFO - Setting next_dagrun for latest_only_with_trigger to 2022-06-17T15:55:29.465789+00:00, run_after=2022-06-17T19:55:29.465789+00:00
[2022-06-17 12:55:29,856] {processor.py:161} INFO - Processing /home/jarret/data-engineering-bootcamp/workspace/airflow-code-review/venv/lib/python3.7/site-packages/airflow/example_dags/example_latest_only_with_trigger.py took 0.430 seconds
[2022-06-17 12:56:47,509] {processor.py:153} INFO - Started process (PID=17225) to work on /home/jarret/data-engineering-bootcamp/workspace/airflow-code-review/venv/lib/python3.7/site-packages/airflow/example_dags/example_latest_only_with_trigger.py
[2022-06-17 12:56:47,510] {processor.py:641} INFO - Processing file /home/jarret/data-engineering-bootcamp/workspace/airflow-code-review/venv/lib/python3.7/site-packages/airflow/example_dags/example_latest_only_with_trigger.py for tasks to queue
[2022-06-17 12:56:47,511] {logging_mixin.py:115} INFO - [2022-06-17 12:56:47,510] {dagbag.py:507} INFO - Filling up the DagBag from /home/jarret/data-engineering-bootcamp/workspace/airflow-code-review/venv/lib/python3.7/site-packages/airflow/example_dags/example_latest_only_with_trigger.py
[2022-06-17 12:56:47,515] {processor.py:651} INFO - DAG(s) dict_keys(['latest_only_with_trigger']) retrieved from /home/jarret/data-engineering-bootcamp/workspace/airflow-code-review/venv/lib/python3.7/site-packages/airflow/example_dags/example_latest_only_with_trigger.py
[2022-06-17 12:56:47,526] {logging_mixin.py:115} INFO - [2022-06-17 12:56:47,526] {dag.py:2379} INFO - Sync 1 DAGs
[2022-06-17 12:56:47,541] {logging_mixin.py:115} INFO - [2022-06-17 12:56:47,541] {dag.py:2931} INFO - Setting next_dagrun for latest_only_with_trigger to 2022-06-17T15:56:47.540820+00:00, run_after=2022-06-17T19:56:47.540820+00:00
[2022-06-17 12:56:47,657] {processor.py:161} INFO - Processing /home/jarret/data-engineering-bootcamp/workspace/airflow-code-review/venv/lib/python3.7/site-packages/airflow/example_dags/example_latest_only_with_trigger.py took 0.152 seconds
[2022-06-17 12:57:55,924] {processor.py:153} INFO - Started process (PID=17268) to work on /home/jarret/data-engineering-bootcamp/workspace/airflow-code-review/venv/lib/python3.7/site-packages/airflow/example_dags/example_latest_only_with_trigger.py
[2022-06-17 12:57:56,042] {processor.py:641} INFO - Processing file /home/jarret/data-engineering-bootcamp/workspace/airflow-code-review/venv/lib/python3.7/site-packages/airflow/example_dags/example_latest_only_with_trigger.py for tasks to queue
[2022-06-17 12:57:56,042] {logging_mixin.py:115} INFO - [2022-06-17 12:57:56,042] {dagbag.py:507} INFO - Filling up the DagBag from /home/jarret/data-engineering-bootcamp/workspace/airflow-code-review/venv/lib/python3.7/site-packages/airflow/example_dags/example_latest_only_with_trigger.py
[2022-06-17 12:57:56,046] {processor.py:651} INFO - DAG(s) dict_keys(['latest_only_with_trigger']) retrieved from /home/jarret/data-engineering-bootcamp/workspace/airflow-code-review/venv/lib/python3.7/site-packages/airflow/example_dags/example_latest_only_with_trigger.py
[2022-06-17 12:57:56,057] {logging_mixin.py:115} INFO - [2022-06-17 12:57:56,057] {dag.py:2379} INFO - Sync 1 DAGs
[2022-06-17 12:57:56,074] {logging_mixin.py:115} INFO - [2022-06-17 12:57:56,074] {dag.py:2931} INFO - Setting next_dagrun for latest_only_with_trigger to 2022-06-17T15:57:56.073798+00:00, run_after=2022-06-17T19:57:56.073798+00:00
[2022-06-17 12:57:57,056] {processor.py:161} INFO - Processing /home/jarret/data-engineering-bootcamp/workspace/airflow-code-review/venv/lib/python3.7/site-packages/airflow/example_dags/example_latest_only_with_trigger.py took 1.135 seconds
[2022-06-17 12:59:00,532] {processor.py:153} INFO - Started process (PID=17373) to work on /home/jarret/data-engineering-bootcamp/workspace/airflow-code-review/venv/lib/python3.7/site-packages/airflow/example_dags/example_latest_only_with_trigger.py
[2022-06-17 12:59:00,533] {processor.py:641} INFO - Processing file /home/jarret/data-engineering-bootcamp/workspace/airflow-code-review/venv/lib/python3.7/site-packages/airflow/example_dags/example_latest_only_with_trigger.py for tasks to queue
[2022-06-17 12:59:00,534] {logging_mixin.py:115} INFO - [2022-06-17 12:59:00,534] {dagbag.py:507} INFO - Filling up the DagBag from /home/jarret/data-engineering-bootcamp/workspace/airflow-code-review/venv/lib/python3.7/site-packages/airflow/example_dags/example_latest_only_with_trigger.py
[2022-06-17 12:59:00,541] {processor.py:651} INFO - DAG(s) dict_keys(['latest_only_with_trigger']) retrieved from /home/jarret/data-engineering-bootcamp/workspace/airflow-code-review/venv/lib/python3.7/site-packages/airflow/example_dags/example_latest_only_with_trigger.py
[2022-06-17 12:59:00,555] {logging_mixin.py:115} INFO - [2022-06-17 12:59:00,554] {dag.py:2379} INFO - Sync 1 DAGs
[2022-06-17 12:59:00,570] {logging_mixin.py:115} INFO - [2022-06-17 12:59:00,569] {dag.py:2931} INFO - Setting next_dagrun for latest_only_with_trigger to 2022-06-17T15:59:00.569695+00:00, run_after=2022-06-17T19:59:00.569695+00:00
[2022-06-17 12:59:00,703] {processor.py:161} INFO - Processing /home/jarret/data-engineering-bootcamp/workspace/airflow-code-review/venv/lib/python3.7/site-packages/airflow/example_dags/example_latest_only_with_trigger.py took 0.174 seconds
[2022-06-17 12:59:58,504] {processor.py:153} INFO - Started process (PID=17493) to work on /home/jarret/data-engineering-bootcamp/workspace/airflow-code-review/venv/lib/python3.7/site-packages/airflow/example_dags/example_latest_only_with_trigger.py
[2022-06-17 12:59:58,517] {processor.py:641} INFO - Processing file /home/jarret/data-engineering-bootcamp/workspace/airflow-code-review/venv/lib/python3.7/site-packages/airflow/example_dags/example_latest_only_with_trigger.py for tasks to queue
[2022-06-17 12:59:58,518] {logging_mixin.py:115} INFO - [2022-06-17 12:59:58,518] {dagbag.py:507} INFO - Filling up the DagBag from /home/jarret/data-engineering-bootcamp/workspace/airflow-code-review/venv/lib/python3.7/site-packages/airflow/example_dags/example_latest_only_with_trigger.py
[2022-06-17 12:59:58,524] {processor.py:651} INFO - DAG(s) dict_keys(['latest_only_with_trigger']) retrieved from /home/jarret/data-engineering-bootcamp/workspace/airflow-code-review/venv/lib/python3.7/site-packages/airflow/example_dags/example_latest_only_with_trigger.py
[2022-06-17 12:59:58,536] {logging_mixin.py:115} INFO - [2022-06-17 12:59:58,536] {dag.py:2379} INFO - Sync 1 DAGs
[2022-06-17 12:59:58,552] {logging_mixin.py:115} INFO - [2022-06-17 12:59:58,551] {dag.py:2931} INFO - Setting next_dagrun for latest_only_with_trigger to 2022-06-17T15:59:58.551696+00:00, run_after=2022-06-17T19:59:58.551696+00:00
[2022-06-17 12:59:58,764] {processor.py:161} INFO - Processing /home/jarret/data-engineering-bootcamp/workspace/airflow-code-review/venv/lib/python3.7/site-packages/airflow/example_dags/example_latest_only_with_trigger.py took 0.264 seconds
[2022-06-17 13:01:19,643] {processor.py:153} INFO - Started process (PID=17599) to work on /home/jarret/data-engineering-bootcamp/workspace/airflow-code-review/venv/lib/python3.7/site-packages/airflow/example_dags/example_latest_only_with_trigger.py
[2022-06-17 13:01:19,645] {processor.py:641} INFO - Processing file /home/jarret/data-engineering-bootcamp/workspace/airflow-code-review/venv/lib/python3.7/site-packages/airflow/example_dags/example_latest_only_with_trigger.py for tasks to queue
[2022-06-17 13:01:19,645] {logging_mixin.py:115} INFO - [2022-06-17 13:01:19,645] {dagbag.py:507} INFO - Filling up the DagBag from /home/jarret/data-engineering-bootcamp/workspace/airflow-code-review/venv/lib/python3.7/site-packages/airflow/example_dags/example_latest_only_with_trigger.py
[2022-06-17 13:01:19,652] {processor.py:651} INFO - DAG(s) dict_keys(['latest_only_with_trigger']) retrieved from /home/jarret/data-engineering-bootcamp/workspace/airflow-code-review/venv/lib/python3.7/site-packages/airflow/example_dags/example_latest_only_with_trigger.py
[2022-06-17 13:01:19,668] {logging_mixin.py:115} INFO - [2022-06-17 13:01:19,667] {dag.py:2379} INFO - Sync 1 DAGs
[2022-06-17 13:01:19,682] {logging_mixin.py:115} INFO - [2022-06-17 13:01:19,682] {dag.py:2931} INFO - Setting next_dagrun for latest_only_with_trigger to 2022-06-17T16:01:19.682703+00:00, run_after=2022-06-17T20:01:19.682703+00:00
[2022-06-17 13:01:20,692] {processor.py:161} INFO - Processing /home/jarret/data-engineering-bootcamp/workspace/airflow-code-review/venv/lib/python3.7/site-packages/airflow/example_dags/example_latest_only_with_trigger.py took 1.052 seconds
[2022-06-17 13:02:11,395] {processor.py:153} INFO - Started process (PID=17709) to work on /home/jarret/data-engineering-bootcamp/workspace/airflow-code-review/venv/lib/python3.7/site-packages/airflow/example_dags/example_latest_only_with_trigger.py
[2022-06-17 13:02:11,396] {processor.py:641} INFO - Processing file /home/jarret/data-engineering-bootcamp/workspace/airflow-code-review/venv/lib/python3.7/site-packages/airflow/example_dags/example_latest_only_with_trigger.py for tasks to queue
[2022-06-17 13:02:11,396] {logging_mixin.py:115} INFO - [2022-06-17 13:02:11,396] {dagbag.py:507} INFO - Filling up the DagBag from /home/jarret/data-engineering-bootcamp/workspace/airflow-code-review/venv/lib/python3.7/site-packages/airflow/example_dags/example_latest_only_with_trigger.py
[2022-06-17 13:02:11,403] {processor.py:651} INFO - DAG(s) dict_keys(['latest_only_with_trigger']) retrieved from /home/jarret/data-engineering-bootcamp/workspace/airflow-code-review/venv/lib/python3.7/site-packages/airflow/example_dags/example_latest_only_with_trigger.py
[2022-06-17 13:02:11,418] {logging_mixin.py:115} INFO - [2022-06-17 13:02:11,418] {dag.py:2379} INFO - Sync 1 DAGs
[2022-06-17 13:02:11,433] {logging_mixin.py:115} INFO - [2022-06-17 13:02:11,432] {dag.py:2931} INFO - Setting next_dagrun for latest_only_with_trigger to 2022-06-17T16:02:11.432788+00:00, run_after=2022-06-17T20:02:11.432788+00:00
[2022-06-17 13:02:12,665] {processor.py:161} INFO - Processing /home/jarret/data-engineering-bootcamp/workspace/airflow-code-review/venv/lib/python3.7/site-packages/airflow/example_dags/example_latest_only_with_trigger.py took 1.274 seconds
[2022-06-17 13:03:27,650] {processor.py:153} INFO - Started process (PID=17849) to work on /home/jarret/data-engineering-bootcamp/workspace/airflow-code-review/venv/lib/python3.7/site-packages/airflow/example_dags/example_latest_only_with_trigger.py
[2022-06-17 13:03:27,858] {processor.py:641} INFO - Processing file /home/jarret/data-engineering-bootcamp/workspace/airflow-code-review/venv/lib/python3.7/site-packages/airflow/example_dags/example_latest_only_with_trigger.py for tasks to queue
[2022-06-17 13:03:27,859] {logging_mixin.py:115} INFO - [2022-06-17 13:03:27,859] {dagbag.py:507} INFO - Filling up the DagBag from /home/jarret/data-engineering-bootcamp/workspace/airflow-code-review/venv/lib/python3.7/site-packages/airflow/example_dags/example_latest_only_with_trigger.py
[2022-06-17 13:03:27,867] {processor.py:651} INFO - DAG(s) dict_keys(['latest_only_with_trigger']) retrieved from /home/jarret/data-engineering-bootcamp/workspace/airflow-code-review/venv/lib/python3.7/site-packages/airflow/example_dags/example_latest_only_with_trigger.py
[2022-06-17 13:03:27,878] {logging_mixin.py:115} INFO - [2022-06-17 13:03:27,878] {dag.py:2379} INFO - Sync 1 DAGs
[2022-06-17 13:03:27,894] {logging_mixin.py:115} INFO - [2022-06-17 13:03:27,894] {dag.py:2931} INFO - Setting next_dagrun for latest_only_with_trigger to 2022-06-17T16:03:27.893781+00:00, run_after=2022-06-17T20:03:27.893781+00:00
[2022-06-17 13:03:28,183] {processor.py:161} INFO - Processing /home/jarret/data-engineering-bootcamp/workspace/airflow-code-review/venv/lib/python3.7/site-packages/airflow/example_dags/example_latest_only_with_trigger.py took 0.536 seconds
[2022-06-17 13:04:31,658] {processor.py:153} INFO - Started process (PID=17962) to work on /home/jarret/data-engineering-bootcamp/workspace/airflow-code-review/venv/lib/python3.7/site-packages/airflow/example_dags/example_latest_only_with_trigger.py
[2022-06-17 13:04:31,672] {processor.py:641} INFO - Processing file /home/jarret/data-engineering-bootcamp/workspace/airflow-code-review/venv/lib/python3.7/site-packages/airflow/example_dags/example_latest_only_with_trigger.py for tasks to queue
[2022-06-17 13:04:31,672] {logging_mixin.py:115} INFO - [2022-06-17 13:04:31,672] {dagbag.py:507} INFO - Filling up the DagBag from /home/jarret/data-engineering-bootcamp/workspace/airflow-code-review/venv/lib/python3.7/site-packages/airflow/example_dags/example_latest_only_with_trigger.py
[2022-06-17 13:04:31,675] {processor.py:651} INFO - DAG(s) dict_keys(['latest_only_with_trigger']) retrieved from /home/jarret/data-engineering-bootcamp/workspace/airflow-code-review/venv/lib/python3.7/site-packages/airflow/example_dags/example_latest_only_with_trigger.py
[2022-06-17 13:04:31,687] {logging_mixin.py:115} INFO - [2022-06-17 13:04:31,687] {dag.py:2379} INFO - Sync 1 DAGs
[2022-06-17 13:04:31,702] {logging_mixin.py:115} INFO - [2022-06-17 13:04:31,702] {dag.py:2931} INFO - Setting next_dagrun for latest_only_with_trigger to 2022-06-17T16:04:31.701926+00:00, run_after=2022-06-17T20:04:31.701926+00:00
[2022-06-17 13:04:31,895] {processor.py:161} INFO - Processing /home/jarret/data-engineering-bootcamp/workspace/airflow-code-review/venv/lib/python3.7/site-packages/airflow/example_dags/example_latest_only_with_trigger.py took 0.240 seconds
[2022-06-17 13:05:28,766] {processor.py:153} INFO - Started process (PID=18007) to work on /home/jarret/data-engineering-bootcamp/workspace/airflow-code-review/venv/lib/python3.7/site-packages/airflow/example_dags/example_latest_only_with_trigger.py
[2022-06-17 13:05:28,767] {processor.py:641} INFO - Processing file /home/jarret/data-engineering-bootcamp/workspace/airflow-code-review/venv/lib/python3.7/site-packages/airflow/example_dags/example_latest_only_with_trigger.py for tasks to queue
[2022-06-17 13:05:28,768] {logging_mixin.py:115} INFO - [2022-06-17 13:05:28,768] {dagbag.py:507} INFO - Filling up the DagBag from /home/jarret/data-engineering-bootcamp/workspace/airflow-code-review/venv/lib/python3.7/site-packages/airflow/example_dags/example_latest_only_with_trigger.py
[2022-06-17 13:05:28,771] {processor.py:651} INFO - DAG(s) dict_keys(['latest_only_with_trigger']) retrieved from /home/jarret/data-engineering-bootcamp/workspace/airflow-code-review/venv/lib/python3.7/site-packages/airflow/example_dags/example_latest_only_with_trigger.py
[2022-06-17 13:05:28,783] {logging_mixin.py:115} INFO - [2022-06-17 13:05:28,783] {dag.py:2379} INFO - Sync 1 DAGs
[2022-06-17 13:05:28,798] {logging_mixin.py:115} INFO - [2022-06-17 13:05:28,798] {dag.py:2931} INFO - Setting next_dagrun for latest_only_with_trigger to 2022-06-17T16:05:28.798170+00:00, run_after=2022-06-17T20:05:28.798170+00:00
[2022-06-17 13:05:28,982] {processor.py:161} INFO - Processing /home/jarret/data-engineering-bootcamp/workspace/airflow-code-review/venv/lib/python3.7/site-packages/airflow/example_dags/example_latest_only_with_trigger.py took 0.219 seconds
[2022-06-17 13:06:27,314] {processor.py:153} INFO - Started process (PID=18057) to work on /home/jarret/data-engineering-bootcamp/workspace/airflow-code-review/venv/lib/python3.7/site-packages/airflow/example_dags/example_latest_only_with_trigger.py
[2022-06-17 13:06:27,330] {processor.py:641} INFO - Processing file /home/jarret/data-engineering-bootcamp/workspace/airflow-code-review/venv/lib/python3.7/site-packages/airflow/example_dags/example_latest_only_with_trigger.py for tasks to queue
[2022-06-17 13:06:27,331] {logging_mixin.py:115} INFO - [2022-06-17 13:06:27,331] {dagbag.py:507} INFO - Filling up the DagBag from /home/jarret/data-engineering-bootcamp/workspace/airflow-code-review/venv/lib/python3.7/site-packages/airflow/example_dags/example_latest_only_with_trigger.py
[2022-06-17 13:06:27,340] {processor.py:651} INFO - DAG(s) dict_keys(['latest_only_with_trigger']) retrieved from /home/jarret/data-engineering-bootcamp/workspace/airflow-code-review/venv/lib/python3.7/site-packages/airflow/example_dags/example_latest_only_with_trigger.py
[2022-06-17 13:06:27,354] {logging_mixin.py:115} INFO - [2022-06-17 13:06:27,353] {dag.py:2379} INFO - Sync 1 DAGs
[2022-06-17 13:06:27,371] {logging_mixin.py:115} INFO - [2022-06-17 13:06:27,370] {dag.py:2931} INFO - Setting next_dagrun for latest_only_with_trigger to 2022-06-17T16:06:27.369382+00:00, run_after=2022-06-17T20:06:27.369382+00:00
[2022-06-17 13:06:28,143] {processor.py:161} INFO - Processing /home/jarret/data-engineering-bootcamp/workspace/airflow-code-review/venv/lib/python3.7/site-packages/airflow/example_dags/example_latest_only_with_trigger.py took 0.833 seconds
[2022-06-17 13:07:22,447] {processor.py:153} INFO - Started process (PID=18168) to work on /home/jarret/data-engineering-bootcamp/workspace/airflow-code-review/venv/lib/python3.7/site-packages/airflow/example_dags/example_latest_only_with_trigger.py
[2022-06-17 13:07:22,448] {processor.py:641} INFO - Processing file /home/jarret/data-engineering-bootcamp/workspace/airflow-code-review/venv/lib/python3.7/site-packages/airflow/example_dags/example_latest_only_with_trigger.py for tasks to queue
[2022-06-17 13:07:22,449] {logging_mixin.py:115} INFO - [2022-06-17 13:07:22,449] {dagbag.py:507} INFO - Filling up the DagBag from /home/jarret/data-engineering-bootcamp/workspace/airflow-code-review/venv/lib/python3.7/site-packages/airflow/example_dags/example_latest_only_with_trigger.py
[2022-06-17 13:07:22,455] {processor.py:651} INFO - DAG(s) dict_keys(['latest_only_with_trigger']) retrieved from /home/jarret/data-engineering-bootcamp/workspace/airflow-code-review/venv/lib/python3.7/site-packages/airflow/example_dags/example_latest_only_with_trigger.py
[2022-06-17 13:07:22,466] {logging_mixin.py:115} INFO - [2022-06-17 13:07:22,466] {dag.py:2379} INFO - Sync 1 DAGs
[2022-06-17 13:07:22,483] {logging_mixin.py:115} INFO - [2022-06-17 13:07:22,483] {dag.py:2931} INFO - Setting next_dagrun for latest_only_with_trigger to 2022-06-17T16:07:22.481712+00:00, run_after=2022-06-17T20:07:22.481712+00:00
[2022-06-17 13:07:22,916] {processor.py:161} INFO - Processing /home/jarret/data-engineering-bootcamp/workspace/airflow-code-review/venv/lib/python3.7/site-packages/airflow/example_dags/example_latest_only_with_trigger.py took 0.472 seconds
[2022-06-17 13:08:14,190] {processor.py:153} INFO - Started process (PID=18273) to work on /home/jarret/data-engineering-bootcamp/workspace/airflow-code-review/venv/lib/python3.7/site-packages/airflow/example_dags/example_latest_only_with_trigger.py
[2022-06-17 13:08:14,191] {processor.py:641} INFO - Processing file /home/jarret/data-engineering-bootcamp/workspace/airflow-code-review/venv/lib/python3.7/site-packages/airflow/example_dags/example_latest_only_with_trigger.py for tasks to queue
[2022-06-17 13:08:14,191] {logging_mixin.py:115} INFO - [2022-06-17 13:08:14,191] {dagbag.py:507} INFO - Filling up the DagBag from /home/jarret/data-engineering-bootcamp/workspace/airflow-code-review/venv/lib/python3.7/site-packages/airflow/example_dags/example_latest_only_with_trigger.py
[2022-06-17 13:08:14,195] {processor.py:651} INFO - DAG(s) dict_keys(['latest_only_with_trigger']) retrieved from /home/jarret/data-engineering-bootcamp/workspace/airflow-code-review/venv/lib/python3.7/site-packages/airflow/example_dags/example_latest_only_with_trigger.py
[2022-06-17 13:08:14,206] {logging_mixin.py:115} INFO - [2022-06-17 13:08:14,206] {dag.py:2379} INFO - Sync 1 DAGs
[2022-06-17 13:08:14,222] {logging_mixin.py:115} INFO - [2022-06-17 13:08:14,222] {dag.py:2931} INFO - Setting next_dagrun for latest_only_with_trigger to 2022-06-17T16:08:14.220835+00:00, run_after=2022-06-17T20:08:14.220835+00:00
[2022-06-17 13:08:14,353] {processor.py:161} INFO - Processing /home/jarret/data-engineering-bootcamp/workspace/airflow-code-review/venv/lib/python3.7/site-packages/airflow/example_dags/example_latest_only_with_trigger.py took 0.165 seconds
[2022-06-17 13:09:06,789] {processor.py:153} INFO - Started process (PID=18392) to work on /home/jarret/data-engineering-bootcamp/workspace/airflow-code-review/venv/lib/python3.7/site-packages/airflow/example_dags/example_latest_only_with_trigger.py
[2022-06-17 13:09:06,790] {processor.py:641} INFO - Processing file /home/jarret/data-engineering-bootcamp/workspace/airflow-code-review/venv/lib/python3.7/site-packages/airflow/example_dags/example_latest_only_with_trigger.py for tasks to queue
[2022-06-17 13:09:06,791] {logging_mixin.py:115} INFO - [2022-06-17 13:09:06,791] {dagbag.py:507} INFO - Filling up the DagBag from /home/jarret/data-engineering-bootcamp/workspace/airflow-code-review/venv/lib/python3.7/site-packages/airflow/example_dags/example_latest_only_with_trigger.py
[2022-06-17 13:09:06,798] {processor.py:651} INFO - DAG(s) dict_keys(['latest_only_with_trigger']) retrieved from /home/jarret/data-engineering-bootcamp/workspace/airflow-code-review/venv/lib/python3.7/site-packages/airflow/example_dags/example_latest_only_with_trigger.py
[2022-06-17 13:09:06,815] {logging_mixin.py:115} INFO - [2022-06-17 13:09:06,815] {dag.py:2379} INFO - Sync 1 DAGs
[2022-06-17 13:09:06,832] {logging_mixin.py:115} INFO - [2022-06-17 13:09:06,832] {dag.py:2931} INFO - Setting next_dagrun for latest_only_with_trigger to 2022-06-17T16:09:06.830611+00:00, run_after=2022-06-17T20:09:06.830611+00:00
[2022-06-17 13:09:06,958] {processor.py:161} INFO - Processing /home/jarret/data-engineering-bootcamp/workspace/airflow-code-review/venv/lib/python3.7/site-packages/airflow/example_dags/example_latest_only_with_trigger.py took 0.172 seconds
[2022-06-17 13:10:06,761] {processor.py:153} INFO - Started process (PID=18486) to work on /home/jarret/data-engineering-bootcamp/workspace/airflow-code-review/venv/lib/python3.7/site-packages/airflow/example_dags/example_latest_only_with_trigger.py
[2022-06-17 13:10:06,763] {processor.py:641} INFO - Processing file /home/jarret/data-engineering-bootcamp/workspace/airflow-code-review/venv/lib/python3.7/site-packages/airflow/example_dags/example_latest_only_with_trigger.py for tasks to queue
[2022-06-17 13:10:06,764] {logging_mixin.py:115} INFO - [2022-06-17 13:10:06,763] {dagbag.py:507} INFO - Filling up the DagBag from /home/jarret/data-engineering-bootcamp/workspace/airflow-code-review/venv/lib/python3.7/site-packages/airflow/example_dags/example_latest_only_with_trigger.py
[2022-06-17 13:10:06,768] {processor.py:651} INFO - DAG(s) dict_keys(['latest_only_with_trigger']) retrieved from /home/jarret/data-engineering-bootcamp/workspace/airflow-code-review/venv/lib/python3.7/site-packages/airflow/example_dags/example_latest_only_with_trigger.py
[2022-06-17 13:10:06,779] {logging_mixin.py:115} INFO - [2022-06-17 13:10:06,779] {dag.py:2379} INFO - Sync 1 DAGs
[2022-06-17 13:10:06,795] {logging_mixin.py:115} INFO - [2022-06-17 13:10:06,795] {dag.py:2931} INFO - Setting next_dagrun for latest_only_with_trigger to 2022-06-17T16:10:06.793837+00:00, run_after=2022-06-17T20:10:06.793837+00:00
[2022-06-17 13:10:06,910] {processor.py:161} INFO - Processing /home/jarret/data-engineering-bootcamp/workspace/airflow-code-review/venv/lib/python3.7/site-packages/airflow/example_dags/example_latest_only_with_trigger.py took 0.151 seconds
[2022-06-17 13:11:00,804] {processor.py:153} INFO - Started process (PID=18579) to work on /home/jarret/data-engineering-bootcamp/workspace/airflow-code-review/venv/lib/python3.7/site-packages/airflow/example_dags/example_latest_only_with_trigger.py
[2022-06-17 13:11:00,811] {processor.py:641} INFO - Processing file /home/jarret/data-engineering-bootcamp/workspace/airflow-code-review/venv/lib/python3.7/site-packages/airflow/example_dags/example_latest_only_with_trigger.py for tasks to queue
[2022-06-17 13:11:00,812] {logging_mixin.py:115} INFO - [2022-06-17 13:11:00,812] {dagbag.py:507} INFO - Filling up the DagBag from /home/jarret/data-engineering-bootcamp/workspace/airflow-code-review/venv/lib/python3.7/site-packages/airflow/example_dags/example_latest_only_with_trigger.py
[2022-06-17 13:11:00,815] {processor.py:651} INFO - DAG(s) dict_keys(['latest_only_with_trigger']) retrieved from /home/jarret/data-engineering-bootcamp/workspace/airflow-code-review/venv/lib/python3.7/site-packages/airflow/example_dags/example_latest_only_with_trigger.py
[2022-06-17 13:11:00,826] {logging_mixin.py:115} INFO - [2022-06-17 13:11:00,826] {dag.py:2379} INFO - Sync 1 DAGs
[2022-06-17 13:11:00,843] {logging_mixin.py:115} INFO - [2022-06-17 13:11:00,842] {dag.py:2931} INFO - Setting next_dagrun for latest_only_with_trigger to 2022-06-17T16:11:00.841505+00:00, run_after=2022-06-17T20:11:00.841505+00:00
[2022-06-17 13:11:01,215] {processor.py:161} INFO - Processing /home/jarret/data-engineering-bootcamp/workspace/airflow-code-review/venv/lib/python3.7/site-packages/airflow/example_dags/example_latest_only_with_trigger.py took 0.414 seconds
[2022-06-17 13:11:50,804] {processor.py:153} INFO - Started process (PID=18685) to work on /home/jarret/data-engineering-bootcamp/workspace/airflow-code-review/venv/lib/python3.7/site-packages/airflow/example_dags/example_latest_only_with_trigger.py
[2022-06-17 13:11:50,812] {processor.py:641} INFO - Processing file /home/jarret/data-engineering-bootcamp/workspace/airflow-code-review/venv/lib/python3.7/site-packages/airflow/example_dags/example_latest_only_with_trigger.py for tasks to queue
[2022-06-17 13:11:50,812] {logging_mixin.py:115} INFO - [2022-06-17 13:11:50,812] {dagbag.py:507} INFO - Filling up the DagBag from /home/jarret/data-engineering-bootcamp/workspace/airflow-code-review/venv/lib/python3.7/site-packages/airflow/example_dags/example_latest_only_with_trigger.py
[2022-06-17 13:11:50,816] {processor.py:651} INFO - DAG(s) dict_keys(['latest_only_with_trigger']) retrieved from /home/jarret/data-engineering-bootcamp/workspace/airflow-code-review/venv/lib/python3.7/site-packages/airflow/example_dags/example_latest_only_with_trigger.py
[2022-06-17 13:11:50,827] {logging_mixin.py:115} INFO - [2022-06-17 13:11:50,827] {dag.py:2379} INFO - Sync 1 DAGs
[2022-06-17 13:11:50,843] {logging_mixin.py:115} INFO - [2022-06-17 13:11:50,843] {dag.py:2931} INFO - Setting next_dagrun for latest_only_with_trigger to 2022-06-17T16:11:50.843027+00:00, run_after=2022-06-17T20:11:50.843027+00:00
[2022-06-17 13:11:51,266] {processor.py:161} INFO - Processing /home/jarret/data-engineering-bootcamp/workspace/airflow-code-review/venv/lib/python3.7/site-packages/airflow/example_dags/example_latest_only_with_trigger.py took 0.465 seconds
[2022-06-17 13:12:51,536] {processor.py:153} INFO - Started process (PID=18804) to work on /home/jarret/data-engineering-bootcamp/workspace/airflow-code-review/venv/lib/python3.7/site-packages/airflow/example_dags/example_latest_only_with_trigger.py
[2022-06-17 13:12:51,556] {processor.py:641} INFO - Processing file /home/jarret/data-engineering-bootcamp/workspace/airflow-code-review/venv/lib/python3.7/site-packages/airflow/example_dags/example_latest_only_with_trigger.py for tasks to queue
[2022-06-17 13:12:51,556] {logging_mixin.py:115} INFO - [2022-06-17 13:12:51,556] {dagbag.py:507} INFO - Filling up the DagBag from /home/jarret/data-engineering-bootcamp/workspace/airflow-code-review/venv/lib/python3.7/site-packages/airflow/example_dags/example_latest_only_with_trigger.py
[2022-06-17 13:12:51,560] {processor.py:651} INFO - DAG(s) dict_keys(['latest_only_with_trigger']) retrieved from /home/jarret/data-engineering-bootcamp/workspace/airflow-code-review/venv/lib/python3.7/site-packages/airflow/example_dags/example_latest_only_with_trigger.py
[2022-06-17 13:12:51,571] {logging_mixin.py:115} INFO - [2022-06-17 13:12:51,571] {dag.py:2379} INFO - Sync 1 DAGs
[2022-06-17 13:12:51,587] {logging_mixin.py:115} INFO - [2022-06-17 13:12:51,587] {dag.py:2931} INFO - Setting next_dagrun for latest_only_with_trigger to 2022-06-17T16:12:51.587656+00:00, run_after=2022-06-17T20:12:51.587656+00:00
[2022-06-17 13:12:51,715] {processor.py:161} INFO - Processing /home/jarret/data-engineering-bootcamp/workspace/airflow-code-review/venv/lib/python3.7/site-packages/airflow/example_dags/example_latest_only_with_trigger.py took 0.181 seconds
[2022-06-17 13:13:50,772] {processor.py:153} INFO - Started process (PID=18902) to work on /home/jarret/data-engineering-bootcamp/workspace/airflow-code-review/venv/lib/python3.7/site-packages/airflow/example_dags/example_latest_only_with_trigger.py
[2022-06-17 13:13:50,777] {processor.py:641} INFO - Processing file /home/jarret/data-engineering-bootcamp/workspace/airflow-code-review/venv/lib/python3.7/site-packages/airflow/example_dags/example_latest_only_with_trigger.py for tasks to queue
[2022-06-17 13:13:50,778] {logging_mixin.py:115} INFO - [2022-06-17 13:13:50,778] {dagbag.py:507} INFO - Filling up the DagBag from /home/jarret/data-engineering-bootcamp/workspace/airflow-code-review/venv/lib/python3.7/site-packages/airflow/example_dags/example_latest_only_with_trigger.py
[2022-06-17 13:13:50,781] {processor.py:651} INFO - DAG(s) dict_keys(['latest_only_with_trigger']) retrieved from /home/jarret/data-engineering-bootcamp/workspace/airflow-code-review/venv/lib/python3.7/site-packages/airflow/example_dags/example_latest_only_with_trigger.py
[2022-06-17 13:13:50,792] {logging_mixin.py:115} INFO - [2022-06-17 13:13:50,792] {dag.py:2379} INFO - Sync 1 DAGs
[2022-06-17 13:13:50,809] {logging_mixin.py:115} INFO - [2022-06-17 13:13:50,808] {dag.py:2931} INFO - Setting next_dagrun for latest_only_with_trigger to 2022-06-17T16:13:50.808798+00:00, run_after=2022-06-17T20:13:50.808798+00:00
[2022-06-17 13:13:50,984] {processor.py:161} INFO - Processing /home/jarret/data-engineering-bootcamp/workspace/airflow-code-review/venv/lib/python3.7/site-packages/airflow/example_dags/example_latest_only_with_trigger.py took 0.215 seconds
[2022-06-17 13:14:39,512] {processor.py:153} INFO - Started process (PID=18965) to work on /home/jarret/data-engineering-bootcamp/workspace/airflow-code-review/venv/lib/python3.7/site-packages/airflow/example_dags/example_latest_only_with_trigger.py
[2022-06-17 13:14:39,514] {processor.py:641} INFO - Processing file /home/jarret/data-engineering-bootcamp/workspace/airflow-code-review/venv/lib/python3.7/site-packages/airflow/example_dags/example_latest_only_with_trigger.py for tasks to queue
[2022-06-17 13:14:39,514] {logging_mixin.py:115} INFO - [2022-06-17 13:14:39,514] {dagbag.py:507} INFO - Filling up the DagBag from /home/jarret/data-engineering-bootcamp/workspace/airflow-code-review/venv/lib/python3.7/site-packages/airflow/example_dags/example_latest_only_with_trigger.py
[2022-06-17 13:14:39,521] {processor.py:651} INFO - DAG(s) dict_keys(['latest_only_with_trigger']) retrieved from /home/jarret/data-engineering-bootcamp/workspace/airflow-code-review/venv/lib/python3.7/site-packages/airflow/example_dags/example_latest_only_with_trigger.py
[2022-06-17 13:14:39,536] {logging_mixin.py:115} INFO - [2022-06-17 13:14:39,535] {dag.py:2379} INFO - Sync 1 DAGs
[2022-06-17 13:14:39,553] {logging_mixin.py:115} INFO - [2022-06-17 13:14:39,552] {dag.py:2931} INFO - Setting next_dagrun for latest_only_with_trigger to 2022-06-17T16:14:39.552728+00:00, run_after=2022-06-17T20:14:39.552728+00:00
[2022-06-17 13:14:39,849] {processor.py:161} INFO - Processing /home/jarret/data-engineering-bootcamp/workspace/airflow-code-review/venv/lib/python3.7/site-packages/airflow/example_dags/example_latest_only_with_trigger.py took 0.340 seconds
[2022-06-17 13:15:34,154] {processor.py:153} INFO - Started process (PID=19012) to work on /home/jarret/data-engineering-bootcamp/workspace/airflow-code-review/venv/lib/python3.7/site-packages/airflow/example_dags/example_latest_only_with_trigger.py
[2022-06-17 13:15:34,156] {processor.py:641} INFO - Processing file /home/jarret/data-engineering-bootcamp/workspace/airflow-code-review/venv/lib/python3.7/site-packages/airflow/example_dags/example_latest_only_with_trigger.py for tasks to queue
[2022-06-17 13:15:34,156] {logging_mixin.py:115} INFO - [2022-06-17 13:15:34,156] {dagbag.py:507} INFO - Filling up the DagBag from /home/jarret/data-engineering-bootcamp/workspace/airflow-code-review/venv/lib/python3.7/site-packages/airflow/example_dags/example_latest_only_with_trigger.py
[2022-06-17 13:15:34,161] {processor.py:651} INFO - DAG(s) dict_keys(['latest_only_with_trigger']) retrieved from /home/jarret/data-engineering-bootcamp/workspace/airflow-code-review/venv/lib/python3.7/site-packages/airflow/example_dags/example_latest_only_with_trigger.py
[2022-06-17 13:15:34,172] {logging_mixin.py:115} INFO - [2022-06-17 13:15:34,172] {dag.py:2379} INFO - Sync 1 DAGs
[2022-06-17 13:15:34,188] {logging_mixin.py:115} INFO - [2022-06-17 13:15:34,188] {dag.py:2931} INFO - Setting next_dagrun for latest_only_with_trigger to 2022-06-17T16:15:34.188184+00:00, run_after=2022-06-17T20:15:34.188184+00:00
[2022-06-17 13:15:34,460] {processor.py:161} INFO - Processing /home/jarret/data-engineering-bootcamp/workspace/airflow-code-review/venv/lib/python3.7/site-packages/airflow/example_dags/example_latest_only_with_trigger.py took 0.309 seconds
[2022-06-17 13:16:17,748] {processor.py:153} INFO - Started process (PID=19051) to work on /home/jarret/data-engineering-bootcamp/workspace/airflow-code-review/venv/lib/python3.7/site-packages/airflow/example_dags/example_latest_only_with_trigger.py
[2022-06-17 13:16:17,774] {processor.py:641} INFO - Processing file /home/jarret/data-engineering-bootcamp/workspace/airflow-code-review/venv/lib/python3.7/site-packages/airflow/example_dags/example_latest_only_with_trigger.py for tasks to queue
[2022-06-17 13:16:17,775] {logging_mixin.py:115} INFO - [2022-06-17 13:16:17,775] {dagbag.py:507} INFO - Filling up the DagBag from /home/jarret/data-engineering-bootcamp/workspace/airflow-code-review/venv/lib/python3.7/site-packages/airflow/example_dags/example_latest_only_with_trigger.py
[2022-06-17 13:16:17,780] {processor.py:651} INFO - DAG(s) dict_keys(['latest_only_with_trigger']) retrieved from /home/jarret/data-engineering-bootcamp/workspace/airflow-code-review/venv/lib/python3.7/site-packages/airflow/example_dags/example_latest_only_with_trigger.py
[2022-06-17 13:16:17,794] {logging_mixin.py:115} INFO - [2022-06-17 13:16:17,794] {dag.py:2379} INFO - Sync 1 DAGs
[2022-06-17 13:16:17,810] {logging_mixin.py:115} INFO - [2022-06-17 13:16:17,810] {dag.py:2931} INFO - Setting next_dagrun for latest_only_with_trigger to 2022-06-17T16:16:17.810543+00:00, run_after=2022-06-17T20:16:17.810543+00:00
[2022-06-17 13:16:19,160] {processor.py:161} INFO - Processing /home/jarret/data-engineering-bootcamp/workspace/airflow-code-review/venv/lib/python3.7/site-packages/airflow/example_dags/example_latest_only_with_trigger.py took 1.416 seconds
[2022-06-17 13:17:10,231] {processor.py:153} INFO - Started process (PID=19098) to work on /home/jarret/data-engineering-bootcamp/workspace/airflow-code-review/venv/lib/python3.7/site-packages/airflow/example_dags/example_latest_only_with_trigger.py
[2022-06-17 13:17:10,233] {processor.py:641} INFO - Processing file /home/jarret/data-engineering-bootcamp/workspace/airflow-code-review/venv/lib/python3.7/site-packages/airflow/example_dags/example_latest_only_with_trigger.py for tasks to queue
[2022-06-17 13:17:10,233] {logging_mixin.py:115} INFO - [2022-06-17 13:17:10,233] {dagbag.py:507} INFO - Filling up the DagBag from /home/jarret/data-engineering-bootcamp/workspace/airflow-code-review/venv/lib/python3.7/site-packages/airflow/example_dags/example_latest_only_with_trigger.py
[2022-06-17 13:17:10,237] {processor.py:651} INFO - DAG(s) dict_keys(['latest_only_with_trigger']) retrieved from /home/jarret/data-engineering-bootcamp/workspace/airflow-code-review/venv/lib/python3.7/site-packages/airflow/example_dags/example_latest_only_with_trigger.py
[2022-06-17 13:17:10,248] {logging_mixin.py:115} INFO - [2022-06-17 13:17:10,247] {dag.py:2379} INFO - Sync 1 DAGs
[2022-06-17 13:17:10,265] {logging_mixin.py:115} INFO - [2022-06-17 13:17:10,264] {dag.py:2931} INFO - Setting next_dagrun for latest_only_with_trigger to 2022-06-17T16:17:10.264720+00:00, run_after=2022-06-17T20:17:10.264720+00:00
[2022-06-17 13:17:10,384] {processor.py:161} INFO - Processing /home/jarret/data-engineering-bootcamp/workspace/airflow-code-review/venv/lib/python3.7/site-packages/airflow/example_dags/example_latest_only_with_trigger.py took 0.156 seconds
[2022-06-17 13:18:04,470] {processor.py:153} INFO - Started process (PID=19168) to work on /home/jarret/data-engineering-bootcamp/workspace/airflow-code-review/venv/lib/python3.7/site-packages/airflow/example_dags/example_latest_only_with_trigger.py
[2022-06-17 13:18:04,483] {processor.py:641} INFO - Processing file /home/jarret/data-engineering-bootcamp/workspace/airflow-code-review/venv/lib/python3.7/site-packages/airflow/example_dags/example_latest_only_with_trigger.py for tasks to queue
[2022-06-17 13:18:04,483] {logging_mixin.py:115} INFO - [2022-06-17 13:18:04,483] {dagbag.py:507} INFO - Filling up the DagBag from /home/jarret/data-engineering-bootcamp/workspace/airflow-code-review/venv/lib/python3.7/site-packages/airflow/example_dags/example_latest_only_with_trigger.py
[2022-06-17 13:18:04,487] {processor.py:651} INFO - DAG(s) dict_keys(['latest_only_with_trigger']) retrieved from /home/jarret/data-engineering-bootcamp/workspace/airflow-code-review/venv/lib/python3.7/site-packages/airflow/example_dags/example_latest_only_with_trigger.py
[2022-06-17 13:18:04,498] {logging_mixin.py:115} INFO - [2022-06-17 13:18:04,498] {dag.py:2379} INFO - Sync 1 DAGs
[2022-06-17 13:18:04,515] {logging_mixin.py:115} INFO - [2022-06-17 13:18:04,515] {dag.py:2931} INFO - Setting next_dagrun for latest_only_with_trigger to 2022-06-17T16:18:04.515322+00:00, run_after=2022-06-17T20:18:04.515322+00:00
[2022-06-17 13:18:04,638] {processor.py:161} INFO - Processing /home/jarret/data-engineering-bootcamp/workspace/airflow-code-review/venv/lib/python3.7/site-packages/airflow/example_dags/example_latest_only_with_trigger.py took 0.172 seconds
[2022-06-17 13:19:06,627] {processor.py:153} INFO - Started process (PID=19217) to work on /home/jarret/data-engineering-bootcamp/workspace/airflow-code-review/venv/lib/python3.7/site-packages/airflow/example_dags/example_latest_only_with_trigger.py
[2022-06-17 13:19:06,690] {processor.py:641} INFO - Processing file /home/jarret/data-engineering-bootcamp/workspace/airflow-code-review/venv/lib/python3.7/site-packages/airflow/example_dags/example_latest_only_with_trigger.py for tasks to queue
[2022-06-17 13:19:06,691] {logging_mixin.py:115} INFO - [2022-06-17 13:19:06,691] {dagbag.py:507} INFO - Filling up the DagBag from /home/jarret/data-engineering-bootcamp/workspace/airflow-code-review/venv/lib/python3.7/site-packages/airflow/example_dags/example_latest_only_with_trigger.py
[2022-06-17 13:19:06,696] {processor.py:651} INFO - DAG(s) dict_keys(['latest_only_with_trigger']) retrieved from /home/jarret/data-engineering-bootcamp/workspace/airflow-code-review/venv/lib/python3.7/site-packages/airflow/example_dags/example_latest_only_with_trigger.py
[2022-06-17 13:19:06,707] {logging_mixin.py:115} INFO - [2022-06-17 13:19:06,707] {dag.py:2379} INFO - Sync 1 DAGs
[2022-06-17 13:19:06,724] {logging_mixin.py:115} INFO - [2022-06-17 13:19:06,724] {dag.py:2931} INFO - Setting next_dagrun for latest_only_with_trigger to 2022-06-17T16:19:06.723912+00:00, run_after=2022-06-17T20:19:06.723912+00:00
[2022-06-17 13:19:07,032] {processor.py:161} INFO - Processing /home/jarret/data-engineering-bootcamp/workspace/airflow-code-review/venv/lib/python3.7/site-packages/airflow/example_dags/example_latest_only_with_trigger.py took 0.408 seconds
[2022-06-17 13:20:11,650] {processor.py:153} INFO - Started process (PID=19303) to work on /home/jarret/data-engineering-bootcamp/workspace/airflow-code-review/venv/lib/python3.7/site-packages/airflow/example_dags/example_latest_only_with_trigger.py
[2022-06-17 13:20:11,651] {processor.py:641} INFO - Processing file /home/jarret/data-engineering-bootcamp/workspace/airflow-code-review/venv/lib/python3.7/site-packages/airflow/example_dags/example_latest_only_with_trigger.py for tasks to queue
[2022-06-17 13:20:11,652] {logging_mixin.py:115} INFO - [2022-06-17 13:20:11,652] {dagbag.py:507} INFO - Filling up the DagBag from /home/jarret/data-engineering-bootcamp/workspace/airflow-code-review/venv/lib/python3.7/site-packages/airflow/example_dags/example_latest_only_with_trigger.py
[2022-06-17 13:20:11,660] {processor.py:651} INFO - DAG(s) dict_keys(['latest_only_with_trigger']) retrieved from /home/jarret/data-engineering-bootcamp/workspace/airflow-code-review/venv/lib/python3.7/site-packages/airflow/example_dags/example_latest_only_with_trigger.py
[2022-06-17 13:20:11,671] {logging_mixin.py:115} INFO - [2022-06-17 13:20:11,671] {dag.py:2379} INFO - Sync 1 DAGs
[2022-06-17 13:20:11,687] {logging_mixin.py:115} INFO - [2022-06-17 13:20:11,687] {dag.py:2931} INFO - Setting next_dagrun for latest_only_with_trigger to 2022-06-17T16:20:11.687155+00:00, run_after=2022-06-17T20:20:11.687155+00:00
[2022-06-17 13:20:13,055] {processor.py:161} INFO - Processing /home/jarret/data-engineering-bootcamp/workspace/airflow-code-review/venv/lib/python3.7/site-packages/airflow/example_dags/example_latest_only_with_trigger.py took 1.408 seconds
[2022-06-17 13:21:20,792] {processor.py:153} INFO - Started process (PID=19434) to work on /home/jarret/data-engineering-bootcamp/workspace/airflow-code-review/venv/lib/python3.7/site-packages/airflow/example_dags/example_latest_only_with_trigger.py
[2022-06-17 13:21:20,793] {processor.py:641} INFO - Processing file /home/jarret/data-engineering-bootcamp/workspace/airflow-code-review/venv/lib/python3.7/site-packages/airflow/example_dags/example_latest_only_with_trigger.py for tasks to queue
[2022-06-17 13:21:20,793] {logging_mixin.py:115} INFO - [2022-06-17 13:21:20,793] {dagbag.py:507} INFO - Filling up the DagBag from /home/jarret/data-engineering-bootcamp/workspace/airflow-code-review/venv/lib/python3.7/site-packages/airflow/example_dags/example_latest_only_with_trigger.py
[2022-06-17 13:21:20,798] {processor.py:651} INFO - DAG(s) dict_keys(['latest_only_with_trigger']) retrieved from /home/jarret/data-engineering-bootcamp/workspace/airflow-code-review/venv/lib/python3.7/site-packages/airflow/example_dags/example_latest_only_with_trigger.py
[2022-06-17 13:21:20,812] {logging_mixin.py:115} INFO - [2022-06-17 13:21:20,812] {dag.py:2379} INFO - Sync 1 DAGs
[2022-06-17 13:21:20,827] {logging_mixin.py:115} INFO - [2022-06-17 13:21:20,827] {dag.py:2931} INFO - Setting next_dagrun for latest_only_with_trigger to 2022-06-17T16:21:20.827611+00:00, run_after=2022-06-17T20:21:20.827611+00:00
[2022-06-17 13:21:21,147] {processor.py:161} INFO - Processing /home/jarret/data-engineering-bootcamp/workspace/airflow-code-review/venv/lib/python3.7/site-packages/airflow/example_dags/example_latest_only_with_trigger.py took 0.357 seconds
[2022-06-17 13:22:17,230] {processor.py:153} INFO - Started process (PID=19547) to work on /home/jarret/data-engineering-bootcamp/workspace/airflow-code-review/venv/lib/python3.7/site-packages/airflow/example_dags/example_latest_only_with_trigger.py
[2022-06-17 13:22:17,259] {processor.py:641} INFO - Processing file /home/jarret/data-engineering-bootcamp/workspace/airflow-code-review/venv/lib/python3.7/site-packages/airflow/example_dags/example_latest_only_with_trigger.py for tasks to queue
[2022-06-17 13:22:17,259] {logging_mixin.py:115} INFO - [2022-06-17 13:22:17,259] {dagbag.py:507} INFO - Filling up the DagBag from /home/jarret/data-engineering-bootcamp/workspace/airflow-code-review/venv/lib/python3.7/site-packages/airflow/example_dags/example_latest_only_with_trigger.py
[2022-06-17 13:22:17,263] {processor.py:651} INFO - DAG(s) dict_keys(['latest_only_with_trigger']) retrieved from /home/jarret/data-engineering-bootcamp/workspace/airflow-code-review/venv/lib/python3.7/site-packages/airflow/example_dags/example_latest_only_with_trigger.py
[2022-06-17 13:22:17,276] {logging_mixin.py:115} INFO - [2022-06-17 13:22:17,276] {dag.py:2379} INFO - Sync 1 DAGs
[2022-06-17 13:22:17,293] {logging_mixin.py:115} INFO - [2022-06-17 13:22:17,293] {dag.py:2931} INFO - Setting next_dagrun for latest_only_with_trigger to 2022-06-17T16:22:17.292991+00:00, run_after=2022-06-17T20:22:17.292991+00:00
[2022-06-17 13:22:17,450] {processor.py:161} INFO - Processing /home/jarret/data-engineering-bootcamp/workspace/airflow-code-review/venv/lib/python3.7/site-packages/airflow/example_dags/example_latest_only_with_trigger.py took 0.223 seconds
[2022-06-17 13:23:11,894] {processor.py:153} INFO - Started process (PID=19640) to work on /home/jarret/data-engineering-bootcamp/workspace/airflow-code-review/venv/lib/python3.7/site-packages/airflow/example_dags/example_latest_only_with_trigger.py
[2022-06-17 13:23:11,906] {processor.py:641} INFO - Processing file /home/jarret/data-engineering-bootcamp/workspace/airflow-code-review/venv/lib/python3.7/site-packages/airflow/example_dags/example_latest_only_with_trigger.py for tasks to queue
[2022-06-17 13:23:11,907] {logging_mixin.py:115} INFO - [2022-06-17 13:23:11,907] {dagbag.py:507} INFO - Filling up the DagBag from /home/jarret/data-engineering-bootcamp/workspace/airflow-code-review/venv/lib/python3.7/site-packages/airflow/example_dags/example_latest_only_with_trigger.py
[2022-06-17 13:23:11,911] {processor.py:651} INFO - DAG(s) dict_keys(['latest_only_with_trigger']) retrieved from /home/jarret/data-engineering-bootcamp/workspace/airflow-code-review/venv/lib/python3.7/site-packages/airflow/example_dags/example_latest_only_with_trigger.py
[2022-06-17 13:23:11,922] {logging_mixin.py:115} INFO - [2022-06-17 13:23:11,922] {dag.py:2379} INFO - Sync 1 DAGs
[2022-06-17 13:23:11,939] {logging_mixin.py:115} INFO - [2022-06-17 13:23:11,939] {dag.py:2931} INFO - Setting next_dagrun for latest_only_with_trigger to 2022-06-17T16:23:11.939033+00:00, run_after=2022-06-17T20:23:11.939033+00:00
[2022-06-17 13:23:12,256] {processor.py:161} INFO - Processing /home/jarret/data-engineering-bootcamp/workspace/airflow-code-review/venv/lib/python3.7/site-packages/airflow/example_dags/example_latest_only_with_trigger.py took 0.365 seconds
[2022-06-17 13:24:24,726] {processor.py:153} INFO - Started process (PID=19780) to work on /home/jarret/data-engineering-bootcamp/workspace/airflow-code-review/venv/lib/python3.7/site-packages/airflow/example_dags/example_latest_only_with_trigger.py
[2022-06-17 13:24:24,727] {processor.py:641} INFO - Processing file /home/jarret/data-engineering-bootcamp/workspace/airflow-code-review/venv/lib/python3.7/site-packages/airflow/example_dags/example_latest_only_with_trigger.py for tasks to queue
[2022-06-17 13:24:24,728] {logging_mixin.py:115} INFO - [2022-06-17 13:24:24,728] {dagbag.py:507} INFO - Filling up the DagBag from /home/jarret/data-engineering-bootcamp/workspace/airflow-code-review/venv/lib/python3.7/site-packages/airflow/example_dags/example_latest_only_with_trigger.py
[2022-06-17 13:24:24,732] {processor.py:651} INFO - DAG(s) dict_keys(['latest_only_with_trigger']) retrieved from /home/jarret/data-engineering-bootcamp/workspace/airflow-code-review/venv/lib/python3.7/site-packages/airflow/example_dags/example_latest_only_with_trigger.py
[2022-06-17 13:24:24,744] {logging_mixin.py:115} INFO - [2022-06-17 13:24:24,744] {dag.py:2379} INFO - Sync 1 DAGs
[2022-06-17 13:24:24,760] {logging_mixin.py:115} INFO - [2022-06-17 13:24:24,760] {dag.py:2931} INFO - Setting next_dagrun for latest_only_with_trigger to 2022-06-17T16:24:24.759888+00:00, run_after=2022-06-17T20:24:24.759888+00:00
[2022-06-17 13:24:24,878] {processor.py:161} INFO - Processing /home/jarret/data-engineering-bootcamp/workspace/airflow-code-review/venv/lib/python3.7/site-packages/airflow/example_dags/example_latest_only_with_trigger.py took 0.155 seconds
[2022-06-17 13:25:29,768] {processor.py:153} INFO - Started process (PID=19902) to work on /home/jarret/data-engineering-bootcamp/workspace/airflow-code-review/venv/lib/python3.7/site-packages/airflow/example_dags/example_latest_only_with_trigger.py
[2022-06-17 13:25:29,769] {processor.py:641} INFO - Processing file /home/jarret/data-engineering-bootcamp/workspace/airflow-code-review/venv/lib/python3.7/site-packages/airflow/example_dags/example_latest_only_with_trigger.py for tasks to queue
[2022-06-17 13:25:29,769] {logging_mixin.py:115} INFO - [2022-06-17 13:25:29,769] {dagbag.py:507} INFO - Filling up the DagBag from /home/jarret/data-engineering-bootcamp/workspace/airflow-code-review/venv/lib/python3.7/site-packages/airflow/example_dags/example_latest_only_with_trigger.py
[2022-06-17 13:25:29,773] {processor.py:651} INFO - DAG(s) dict_keys(['latest_only_with_trigger']) retrieved from /home/jarret/data-engineering-bootcamp/workspace/airflow-code-review/venv/lib/python3.7/site-packages/airflow/example_dags/example_latest_only_with_trigger.py
[2022-06-17 13:25:29,784] {logging_mixin.py:115} INFO - [2022-06-17 13:25:29,784] {dag.py:2379} INFO - Sync 1 DAGs
[2022-06-17 13:25:29,802] {logging_mixin.py:115} INFO - [2022-06-17 13:25:29,802] {dag.py:2931} INFO - Setting next_dagrun for latest_only_with_trigger to 2022-06-17T16:25:29.802573+00:00, run_after=2022-06-17T20:25:29.802573+00:00
[2022-06-17 13:25:29,935] {processor.py:161} INFO - Processing /home/jarret/data-engineering-bootcamp/workspace/airflow-code-review/venv/lib/python3.7/site-packages/airflow/example_dags/example_latest_only_with_trigger.py took 0.171 seconds
[2022-06-17 13:26:21,509] {processor.py:153} INFO - Started process (PID=20012) to work on /home/jarret/data-engineering-bootcamp/workspace/airflow-code-review/venv/lib/python3.7/site-packages/airflow/example_dags/example_latest_only_with_trigger.py
[2022-06-17 13:26:21,531] {processor.py:641} INFO - Processing file /home/jarret/data-engineering-bootcamp/workspace/airflow-code-review/venv/lib/python3.7/site-packages/airflow/example_dags/example_latest_only_with_trigger.py for tasks to queue
[2022-06-17 13:26:21,532] {logging_mixin.py:115} INFO - [2022-06-17 13:26:21,532] {dagbag.py:507} INFO - Filling up the DagBag from /home/jarret/data-engineering-bootcamp/workspace/airflow-code-review/venv/lib/python3.7/site-packages/airflow/example_dags/example_latest_only_with_trigger.py
[2022-06-17 13:26:21,535] {processor.py:651} INFO - DAG(s) dict_keys(['latest_only_with_trigger']) retrieved from /home/jarret/data-engineering-bootcamp/workspace/airflow-code-review/venv/lib/python3.7/site-packages/airflow/example_dags/example_latest_only_with_trigger.py
[2022-06-17 13:26:21,547] {logging_mixin.py:115} INFO - [2022-06-17 13:26:21,546] {dag.py:2379} INFO - Sync 1 DAGs
[2022-06-17 13:26:21,564] {logging_mixin.py:115} INFO - [2022-06-17 13:26:21,563] {dag.py:2931} INFO - Setting next_dagrun for latest_only_with_trigger to 2022-06-17T16:26:21.563704+00:00, run_after=2022-06-17T20:26:21.563704+00:00
[2022-06-17 13:26:22,400] {processor.py:161} INFO - Processing /home/jarret/data-engineering-bootcamp/workspace/airflow-code-review/venv/lib/python3.7/site-packages/airflow/example_dags/example_latest_only_with_trigger.py took 0.895 seconds
[2022-06-17 13:27:25,210] {processor.py:153} INFO - Started process (PID=20142) to work on /home/jarret/data-engineering-bootcamp/workspace/airflow-code-review/venv/lib/python3.7/site-packages/airflow/example_dags/example_latest_only_with_trigger.py
[2022-06-17 13:27:25,344] {processor.py:641} INFO - Processing file /home/jarret/data-engineering-bootcamp/workspace/airflow-code-review/venv/lib/python3.7/site-packages/airflow/example_dags/example_latest_only_with_trigger.py for tasks to queue
[2022-06-17 13:27:25,345] {logging_mixin.py:115} INFO - [2022-06-17 13:27:25,345] {dagbag.py:507} INFO - Filling up the DagBag from /home/jarret/data-engineering-bootcamp/workspace/airflow-code-review/venv/lib/python3.7/site-packages/airflow/example_dags/example_latest_only_with_trigger.py
[2022-06-17 13:27:25,353] {processor.py:651} INFO - DAG(s) dict_keys(['latest_only_with_trigger']) retrieved from /home/jarret/data-engineering-bootcamp/workspace/airflow-code-review/venv/lib/python3.7/site-packages/airflow/example_dags/example_latest_only_with_trigger.py
[2022-06-17 13:27:25,368] {logging_mixin.py:115} INFO - [2022-06-17 13:27:25,367] {dag.py:2379} INFO - Sync 1 DAGs
[2022-06-17 13:27:25,384] {logging_mixin.py:115} INFO - [2022-06-17 13:27:25,384] {dag.py:2931} INFO - Setting next_dagrun for latest_only_with_trigger to 2022-06-17T16:27:25.383987+00:00, run_after=2022-06-17T20:27:25.383987+00:00
[2022-06-17 13:27:26,718] {processor.py:161} INFO - Processing /home/jarret/data-engineering-bootcamp/workspace/airflow-code-review/venv/lib/python3.7/site-packages/airflow/example_dags/example_latest_only_with_trigger.py took 1.512 seconds
[2022-06-17 13:28:24,698] {processor.py:153} INFO - Started process (PID=20254) to work on /home/jarret/data-engineering-bootcamp/workspace/airflow-code-review/venv/lib/python3.7/site-packages/airflow/example_dags/example_latest_only_with_trigger.py
[2022-06-17 13:28:24,704] {processor.py:641} INFO - Processing file /home/jarret/data-engineering-bootcamp/workspace/airflow-code-review/venv/lib/python3.7/site-packages/airflow/example_dags/example_latest_only_with_trigger.py for tasks to queue
[2022-06-17 13:28:24,704] {logging_mixin.py:115} INFO - [2022-06-17 13:28:24,704] {dagbag.py:507} INFO - Filling up the DagBag from /home/jarret/data-engineering-bootcamp/workspace/airflow-code-review/venv/lib/python3.7/site-packages/airflow/example_dags/example_latest_only_with_trigger.py
[2022-06-17 13:28:24,708] {processor.py:651} INFO - DAG(s) dict_keys(['latest_only_with_trigger']) retrieved from /home/jarret/data-engineering-bootcamp/workspace/airflow-code-review/venv/lib/python3.7/site-packages/airflow/example_dags/example_latest_only_with_trigger.py
[2022-06-17 13:28:24,719] {logging_mixin.py:115} INFO - [2022-06-17 13:28:24,719] {dag.py:2379} INFO - Sync 1 DAGs
[2022-06-17 13:28:24,736] {logging_mixin.py:115} INFO - [2022-06-17 13:28:24,736] {dag.py:2931} INFO - Setting next_dagrun for latest_only_with_trigger to 2022-06-17T16:28:24.735860+00:00, run_after=2022-06-17T20:28:24.735860+00:00
[2022-06-17 13:28:25,488] {processor.py:161} INFO - Processing /home/jarret/data-engineering-bootcamp/workspace/airflow-code-review/venv/lib/python3.7/site-packages/airflow/example_dags/example_latest_only_with_trigger.py took 0.794 seconds
[2022-06-17 13:29:26,616] {processor.py:153} INFO - Started process (PID=20490) to work on /home/jarret/data-engineering-bootcamp/workspace/airflow-code-review/venv/lib/python3.7/site-packages/airflow/example_dags/example_latest_only_with_trigger.py
[2022-06-17 13:29:26,617] {processor.py:641} INFO - Processing file /home/jarret/data-engineering-bootcamp/workspace/airflow-code-review/venv/lib/python3.7/site-packages/airflow/example_dags/example_latest_only_with_trigger.py for tasks to queue
[2022-06-17 13:29:26,618] {logging_mixin.py:115} INFO - [2022-06-17 13:29:26,617] {dagbag.py:507} INFO - Filling up the DagBag from /home/jarret/data-engineering-bootcamp/workspace/airflow-code-review/venv/lib/python3.7/site-packages/airflow/example_dags/example_latest_only_with_trigger.py
[2022-06-17 13:29:26,625] {processor.py:651} INFO - DAG(s) dict_keys(['latest_only_with_trigger']) retrieved from /home/jarret/data-engineering-bootcamp/workspace/airflow-code-review/venv/lib/python3.7/site-packages/airflow/example_dags/example_latest_only_with_trigger.py
[2022-06-17 13:29:26,641] {logging_mixin.py:115} INFO - [2022-06-17 13:29:26,641] {dag.py:2379} INFO - Sync 1 DAGs
[2022-06-17 13:29:26,658] {logging_mixin.py:115} INFO - [2022-06-17 13:29:26,658] {dag.py:2931} INFO - Setting next_dagrun for latest_only_with_trigger to 2022-06-17T16:29:26.658490+00:00, run_after=2022-06-17T20:29:26.658490+00:00
[2022-06-17 13:29:26,848] {processor.py:161} INFO - Processing /home/jarret/data-engineering-bootcamp/workspace/airflow-code-review/venv/lib/python3.7/site-packages/airflow/example_dags/example_latest_only_with_trigger.py took 0.234 seconds
[2022-06-17 13:30:19,618] {processor.py:153} INFO - Started process (PID=20577) to work on /home/jarret/data-engineering-bootcamp/workspace/airflow-code-review/venv/lib/python3.7/site-packages/airflow/example_dags/example_latest_only_with_trigger.py
[2022-06-17 13:30:19,619] {processor.py:641} INFO - Processing file /home/jarret/data-engineering-bootcamp/workspace/airflow-code-review/venv/lib/python3.7/site-packages/airflow/example_dags/example_latest_only_with_trigger.py for tasks to queue
[2022-06-17 13:30:19,619] {logging_mixin.py:115} INFO - [2022-06-17 13:30:19,619] {dagbag.py:507} INFO - Filling up the DagBag from /home/jarret/data-engineering-bootcamp/workspace/airflow-code-review/venv/lib/python3.7/site-packages/airflow/example_dags/example_latest_only_with_trigger.py
[2022-06-17 13:30:19,623] {processor.py:651} INFO - DAG(s) dict_keys(['latest_only_with_trigger']) retrieved from /home/jarret/data-engineering-bootcamp/workspace/airflow-code-review/venv/lib/python3.7/site-packages/airflow/example_dags/example_latest_only_with_trigger.py
[2022-06-17 13:30:19,634] {logging_mixin.py:115} INFO - [2022-06-17 13:30:19,634] {dag.py:2379} INFO - Sync 1 DAGs
[2022-06-17 13:30:19,650] {logging_mixin.py:115} INFO - [2022-06-17 13:30:19,650] {dag.py:2931} INFO - Setting next_dagrun for latest_only_with_trigger to 2022-06-17T16:30:19.650668+00:00, run_after=2022-06-17T20:30:19.650668+00:00
[2022-06-17 13:30:19,828] {processor.py:161} INFO - Processing /home/jarret/data-engineering-bootcamp/workspace/airflow-code-review/venv/lib/python3.7/site-packages/airflow/example_dags/example_latest_only_with_trigger.py took 0.213 seconds
[2022-06-17 13:31:25,930] {processor.py:153} INFO - Started process (PID=20870) to work on /home/jarret/data-engineering-bootcamp/workspace/airflow-code-review/venv/lib/python3.7/site-packages/airflow/example_dags/example_latest_only_with_trigger.py
[2022-06-17 13:31:25,992] {processor.py:641} INFO - Processing file /home/jarret/data-engineering-bootcamp/workspace/airflow-code-review/venv/lib/python3.7/site-packages/airflow/example_dags/example_latest_only_with_trigger.py for tasks to queue
[2022-06-17 13:31:25,993] {logging_mixin.py:115} INFO - [2022-06-17 13:31:25,993] {dagbag.py:507} INFO - Filling up the DagBag from /home/jarret/data-engineering-bootcamp/workspace/airflow-code-review/venv/lib/python3.7/site-packages/airflow/example_dags/example_latest_only_with_trigger.py
[2022-06-17 13:31:26,001] {processor.py:651} INFO - DAG(s) dict_keys(['latest_only_with_trigger']) retrieved from /home/jarret/data-engineering-bootcamp/workspace/airflow-code-review/venv/lib/python3.7/site-packages/airflow/example_dags/example_latest_only_with_trigger.py
[2022-06-17 13:31:26,016] {logging_mixin.py:115} INFO - [2022-06-17 13:31:26,015] {dag.py:2379} INFO - Sync 1 DAGs
[2022-06-17 13:31:26,032] {logging_mixin.py:115} INFO - [2022-06-17 13:31:26,031] {dag.py:2931} INFO - Setting next_dagrun for latest_only_with_trigger to 2022-06-17T16:31:26.031812+00:00, run_after=2022-06-17T20:31:26.031812+00:00
[2022-06-17 13:31:26,486] {processor.py:161} INFO - Processing /home/jarret/data-engineering-bootcamp/workspace/airflow-code-review/venv/lib/python3.7/site-packages/airflow/example_dags/example_latest_only_with_trigger.py took 0.559 seconds
[2022-06-17 13:32:19,420] {processor.py:153} INFO - Started process (PID=21657) to work on /home/jarret/data-engineering-bootcamp/workspace/airflow-code-review/venv/lib/python3.7/site-packages/airflow/example_dags/example_latest_only_with_trigger.py
[2022-06-17 13:32:19,421] {processor.py:641} INFO - Processing file /home/jarret/data-engineering-bootcamp/workspace/airflow-code-review/venv/lib/python3.7/site-packages/airflow/example_dags/example_latest_only_with_trigger.py for tasks to queue
[2022-06-17 13:32:19,422] {logging_mixin.py:115} INFO - [2022-06-17 13:32:19,422] {dagbag.py:507} INFO - Filling up the DagBag from /home/jarret/data-engineering-bootcamp/workspace/airflow-code-review/venv/lib/python3.7/site-packages/airflow/example_dags/example_latest_only_with_trigger.py
[2022-06-17 13:32:19,429] {processor.py:651} INFO - DAG(s) dict_keys(['latest_only_with_trigger']) retrieved from /home/jarret/data-engineering-bootcamp/workspace/airflow-code-review/venv/lib/python3.7/site-packages/airflow/example_dags/example_latest_only_with_trigger.py
[2022-06-17 13:32:19,444] {logging_mixin.py:115} INFO - [2022-06-17 13:32:19,444] {dag.py:2379} INFO - Sync 1 DAGs
[2022-06-17 13:32:19,460] {logging_mixin.py:115} INFO - [2022-06-17 13:32:19,460] {dag.py:2931} INFO - Setting next_dagrun for latest_only_with_trigger to 2022-06-17T16:32:19.460618+00:00, run_after=2022-06-17T20:32:19.460618+00:00
[2022-06-17 13:32:20,574] {processor.py:161} INFO - Processing /home/jarret/data-engineering-bootcamp/workspace/airflow-code-review/venv/lib/python3.7/site-packages/airflow/example_dags/example_latest_only_with_trigger.py took 1.158 seconds
[2022-06-17 13:33:27,220] {processor.py:153} INFO - Started process (PID=22324) to work on /home/jarret/data-engineering-bootcamp/workspace/airflow-code-review/venv/lib/python3.7/site-packages/airflow/example_dags/example_latest_only_with_trigger.py
[2022-06-17 13:33:27,244] {processor.py:641} INFO - Processing file /home/jarret/data-engineering-bootcamp/workspace/airflow-code-review/venv/lib/python3.7/site-packages/airflow/example_dags/example_latest_only_with_trigger.py for tasks to queue
[2022-06-17 13:33:27,245] {logging_mixin.py:115} INFO - [2022-06-17 13:33:27,245] {dagbag.py:507} INFO - Filling up the DagBag from /home/jarret/data-engineering-bootcamp/workspace/airflow-code-review/venv/lib/python3.7/site-packages/airflow/example_dags/example_latest_only_with_trigger.py
[2022-06-17 13:33:27,249] {processor.py:651} INFO - DAG(s) dict_keys(['latest_only_with_trigger']) retrieved from /home/jarret/data-engineering-bootcamp/workspace/airflow-code-review/venv/lib/python3.7/site-packages/airflow/example_dags/example_latest_only_with_trigger.py
[2022-06-17 13:33:27,261] {logging_mixin.py:115} INFO - [2022-06-17 13:33:27,261] {dag.py:2379} INFO - Sync 1 DAGs
[2022-06-17 13:33:27,278] {logging_mixin.py:115} INFO - [2022-06-17 13:33:27,278] {dag.py:2931} INFO - Setting next_dagrun for latest_only_with_trigger to 2022-06-17T16:33:27.277941+00:00, run_after=2022-06-17T20:33:27.277941+00:00
[2022-06-17 13:33:28,856] {processor.py:161} INFO - Processing /home/jarret/data-engineering-bootcamp/workspace/airflow-code-review/venv/lib/python3.7/site-packages/airflow/example_dags/example_latest_only_with_trigger.py took 1.639 seconds
[2022-06-17 13:34:17,076] {processor.py:153} INFO - Started process (PID=23069) to work on /home/jarret/data-engineering-bootcamp/workspace/airflow-code-review/venv/lib/python3.7/site-packages/airflow/example_dags/example_latest_only_with_trigger.py
[2022-06-17 13:34:17,077] {processor.py:641} INFO - Processing file /home/jarret/data-engineering-bootcamp/workspace/airflow-code-review/venv/lib/python3.7/site-packages/airflow/example_dags/example_latest_only_with_trigger.py for tasks to queue
[2022-06-17 13:34:17,078] {logging_mixin.py:115} INFO - [2022-06-17 13:34:17,078] {dagbag.py:507} INFO - Filling up the DagBag from /home/jarret/data-engineering-bootcamp/workspace/airflow-code-review/venv/lib/python3.7/site-packages/airflow/example_dags/example_latest_only_with_trigger.py
[2022-06-17 13:34:17,085] {processor.py:651} INFO - DAG(s) dict_keys(['latest_only_with_trigger']) retrieved from /home/jarret/data-engineering-bootcamp/workspace/airflow-code-review/venv/lib/python3.7/site-packages/airflow/example_dags/example_latest_only_with_trigger.py
[2022-06-17 13:34:17,096] {logging_mixin.py:115} INFO - [2022-06-17 13:34:17,096] {dag.py:2379} INFO - Sync 1 DAGs
[2022-06-17 13:34:17,113] {logging_mixin.py:115} INFO - [2022-06-17 13:34:17,113] {dag.py:2931} INFO - Setting next_dagrun for latest_only_with_trigger to 2022-06-17T16:34:17.113137+00:00, run_after=2022-06-17T20:34:17.113137+00:00
[2022-06-17 13:34:17,263] {processor.py:161} INFO - Processing /home/jarret/data-engineering-bootcamp/workspace/airflow-code-review/venv/lib/python3.7/site-packages/airflow/example_dags/example_latest_only_with_trigger.py took 0.191 seconds
