[2022-06-17 12:37:19,245] {processor.py:153} INFO - Started process (PID=15722) to work on /home/jarret/data-engineering-bootcamp/workspace/airflow-code-review/venv/lib/python3.7/site-packages/airflow/example_dags/example_time_delta_sensor_async.py
[2022-06-17 12:37:19,245] {processor.py:641} INFO - Processing file /home/jarret/data-engineering-bootcamp/workspace/airflow-code-review/venv/lib/python3.7/site-packages/airflow/example_dags/example_time_delta_sensor_async.py for tasks to queue
[2022-06-17 12:37:19,245] {logging_mixin.py:115} INFO - [2022-06-17 12:37:19,245] {dagbag.py:507} INFO - Filling up the DagBag from /home/jarret/data-engineering-bootcamp/workspace/airflow-code-review/venv/lib/python3.7/site-packages/airflow/example_dags/example_time_delta_sensor_async.py
[2022-06-17 12:37:19,248] {processor.py:651} INFO - DAG(s) dict_keys(['example_time_delta_sensor_async']) retrieved from /home/jarret/data-engineering-bootcamp/workspace/airflow-code-review/venv/lib/python3.7/site-packages/airflow/example_dags/example_time_delta_sensor_async.py
[2022-06-17 12:37:20,035] {logging_mixin.py:115} INFO - [2022-06-17 12:37:20,035] {manager.py:508} INFO - Created Permission View: can read on DAG:example_time_delta_sensor_async
[2022-06-17 12:37:20,152] {logging_mixin.py:115} INFO - [2022-06-17 12:37:20,152] {manager.py:508} INFO - Created Permission View: can delete on DAG:example_time_delta_sensor_async
[2022-06-17 12:37:20,269] {logging_mixin.py:115} INFO - [2022-06-17 12:37:20,268] {manager.py:508} INFO - Created Permission View: can edit on DAG:example_time_delta_sensor_async
[2022-06-17 12:37:20,269] {logging_mixin.py:115} INFO - [2022-06-17 12:37:20,269] {dag.py:2379} INFO - Sync 1 DAGs
[2022-06-17 12:37:20,282] {logging_mixin.py:115} INFO - [2022-06-17 12:37:20,282] {dag.py:2398} INFO - Creating ORM DAG for example_time_delta_sensor_async
[2022-06-17 12:37:20,291] {logging_mixin.py:115} INFO - [2022-06-17 12:37:20,291] {dag.py:2931} INFO - Setting next_dagrun for example_time_delta_sensor_async to None, run_after=None
[2022-06-17 12:37:20,426] {processor.py:161} INFO - Processing /home/jarret/data-engineering-bootcamp/workspace/airflow-code-review/venv/lib/python3.7/site-packages/airflow/example_dags/example_time_delta_sensor_async.py took 1.184 seconds
[2022-06-17 12:38:34,896] {processor.py:153} INFO - Started process (PID=15789) to work on /home/jarret/data-engineering-bootcamp/workspace/airflow-code-review/venv/lib/python3.7/site-packages/airflow/example_dags/example_time_delta_sensor_async.py
[2022-06-17 12:38:34,906] {processor.py:641} INFO - Processing file /home/jarret/data-engineering-bootcamp/workspace/airflow-code-review/venv/lib/python3.7/site-packages/airflow/example_dags/example_time_delta_sensor_async.py for tasks to queue
[2022-06-17 12:38:34,906] {logging_mixin.py:115} INFO - [2022-06-17 12:38:34,906] {dagbag.py:507} INFO - Filling up the DagBag from /home/jarret/data-engineering-bootcamp/workspace/airflow-code-review/venv/lib/python3.7/site-packages/airflow/example_dags/example_time_delta_sensor_async.py
[2022-06-17 12:38:34,912] {processor.py:651} INFO - DAG(s) dict_keys(['example_time_delta_sensor_async']) retrieved from /home/jarret/data-engineering-bootcamp/workspace/airflow-code-review/venv/lib/python3.7/site-packages/airflow/example_dags/example_time_delta_sensor_async.py
[2022-06-17 12:38:34,932] {logging_mixin.py:115} INFO - [2022-06-17 12:38:34,932] {dag.py:2379} INFO - Sync 1 DAGs
[2022-06-17 12:38:34,947] {logging_mixin.py:115} INFO - [2022-06-17 12:38:34,946] {dag.py:2931} INFO - Setting next_dagrun for example_time_delta_sensor_async to None, run_after=None
[2022-06-17 12:38:35,280] {processor.py:161} INFO - Processing /home/jarret/data-engineering-bootcamp/workspace/airflow-code-review/venv/lib/python3.7/site-packages/airflow/example_dags/example_time_delta_sensor_async.py took 0.387 seconds
[2022-06-17 12:39:31,181] {processor.py:153} INFO - Started process (PID=15836) to work on /home/jarret/data-engineering-bootcamp/workspace/airflow-code-review/venv/lib/python3.7/site-packages/airflow/example_dags/example_time_delta_sensor_async.py
[2022-06-17 12:39:31,182] {processor.py:641} INFO - Processing file /home/jarret/data-engineering-bootcamp/workspace/airflow-code-review/venv/lib/python3.7/site-packages/airflow/example_dags/example_time_delta_sensor_async.py for tasks to queue
[2022-06-17 12:39:31,183] {logging_mixin.py:115} INFO - [2022-06-17 12:39:31,183] {dagbag.py:507} INFO - Filling up the DagBag from /home/jarret/data-engineering-bootcamp/workspace/airflow-code-review/venv/lib/python3.7/site-packages/airflow/example_dags/example_time_delta_sensor_async.py
[2022-06-17 12:39:31,189] {processor.py:651} INFO - DAG(s) dict_keys(['example_time_delta_sensor_async']) retrieved from /home/jarret/data-engineering-bootcamp/workspace/airflow-code-review/venv/lib/python3.7/site-packages/airflow/example_dags/example_time_delta_sensor_async.py
[2022-06-17 12:39:31,210] {logging_mixin.py:115} INFO - [2022-06-17 12:39:31,210] {dag.py:2379} INFO - Sync 1 DAGs
[2022-06-17 12:39:31,226] {logging_mixin.py:115} INFO - [2022-06-17 12:39:31,226] {dag.py:2931} INFO - Setting next_dagrun for example_time_delta_sensor_async to None, run_after=None
[2022-06-17 12:39:32,527] {processor.py:161} INFO - Processing /home/jarret/data-engineering-bootcamp/workspace/airflow-code-review/venv/lib/python3.7/site-packages/airflow/example_dags/example_time_delta_sensor_async.py took 1.350 seconds
[2022-06-17 12:40:29,535] {processor.py:153} INFO - Started process (PID=15893) to work on /home/jarret/data-engineering-bootcamp/workspace/airflow-code-review/venv/lib/python3.7/site-packages/airflow/example_dags/example_time_delta_sensor_async.py
[2022-06-17 12:40:29,558] {processor.py:641} INFO - Processing file /home/jarret/data-engineering-bootcamp/workspace/airflow-code-review/venv/lib/python3.7/site-packages/airflow/example_dags/example_time_delta_sensor_async.py for tasks to queue
[2022-06-17 12:40:29,559] {logging_mixin.py:115} INFO - [2022-06-17 12:40:29,559] {dagbag.py:507} INFO - Filling up the DagBag from /home/jarret/data-engineering-bootcamp/workspace/airflow-code-review/venv/lib/python3.7/site-packages/airflow/example_dags/example_time_delta_sensor_async.py
[2022-06-17 12:40:29,563] {processor.py:651} INFO - DAG(s) dict_keys(['example_time_delta_sensor_async']) retrieved from /home/jarret/data-engineering-bootcamp/workspace/airflow-code-review/venv/lib/python3.7/site-packages/airflow/example_dags/example_time_delta_sensor_async.py
[2022-06-17 12:40:29,581] {logging_mixin.py:115} INFO - [2022-06-17 12:40:29,581] {dag.py:2379} INFO - Sync 1 DAGs
[2022-06-17 12:40:29,596] {logging_mixin.py:115} INFO - [2022-06-17 12:40:29,596] {dag.py:2931} INFO - Setting next_dagrun for example_time_delta_sensor_async to None, run_after=None
[2022-06-17 12:40:30,289] {processor.py:161} INFO - Processing /home/jarret/data-engineering-bootcamp/workspace/airflow-code-review/venv/lib/python3.7/site-packages/airflow/example_dags/example_time_delta_sensor_async.py took 0.757 seconds
[2022-06-17 12:41:27,009] {processor.py:153} INFO - Started process (PID=15979) to work on /home/jarret/data-engineering-bootcamp/workspace/airflow-code-review/venv/lib/python3.7/site-packages/airflow/example_dags/example_time_delta_sensor_async.py
[2022-06-17 12:41:27,019] {processor.py:641} INFO - Processing file /home/jarret/data-engineering-bootcamp/workspace/airflow-code-review/venv/lib/python3.7/site-packages/airflow/example_dags/example_time_delta_sensor_async.py for tasks to queue
[2022-06-17 12:41:27,020] {logging_mixin.py:115} INFO - [2022-06-17 12:41:27,020] {dagbag.py:507} INFO - Filling up the DagBag from /home/jarret/data-engineering-bootcamp/workspace/airflow-code-review/venv/lib/python3.7/site-packages/airflow/example_dags/example_time_delta_sensor_async.py
[2022-06-17 12:41:27,026] {processor.py:651} INFO - DAG(s) dict_keys(['example_time_delta_sensor_async']) retrieved from /home/jarret/data-engineering-bootcamp/workspace/airflow-code-review/venv/lib/python3.7/site-packages/airflow/example_dags/example_time_delta_sensor_async.py
[2022-06-17 12:41:27,045] {logging_mixin.py:115} INFO - [2022-06-17 12:41:27,045] {dag.py:2379} INFO - Sync 1 DAGs
[2022-06-17 12:41:27,061] {logging_mixin.py:115} INFO - [2022-06-17 12:41:27,060] {dag.py:2931} INFO - Setting next_dagrun for example_time_delta_sensor_async to None, run_after=None
[2022-06-17 12:41:27,241] {processor.py:161} INFO - Processing /home/jarret/data-engineering-bootcamp/workspace/airflow-code-review/venv/lib/python3.7/site-packages/airflow/example_dags/example_time_delta_sensor_async.py took 0.235 seconds
[2022-06-17 12:43:04,892] {processor.py:153} INFO - Started process (PID=16103) to work on /home/jarret/data-engineering-bootcamp/workspace/airflow-code-review/venv/lib/python3.7/site-packages/airflow/example_dags/example_time_delta_sensor_async.py
[2022-06-17 12:43:04,916] {processor.py:641} INFO - Processing file /home/jarret/data-engineering-bootcamp/workspace/airflow-code-review/venv/lib/python3.7/site-packages/airflow/example_dags/example_time_delta_sensor_async.py for tasks to queue
[2022-06-17 12:43:04,916] {logging_mixin.py:115} INFO - [2022-06-17 12:43:04,916] {dagbag.py:507} INFO - Filling up the DagBag from /home/jarret/data-engineering-bootcamp/workspace/airflow-code-review/venv/lib/python3.7/site-packages/airflow/example_dags/example_time_delta_sensor_async.py
[2022-06-17 12:43:04,921] {processor.py:651} INFO - DAG(s) dict_keys(['example_time_delta_sensor_async']) retrieved from /home/jarret/data-engineering-bootcamp/workspace/airflow-code-review/venv/lib/python3.7/site-packages/airflow/example_dags/example_time_delta_sensor_async.py
[2022-06-17 12:43:04,941] {logging_mixin.py:115} INFO - [2022-06-17 12:43:04,941] {dag.py:2379} INFO - Sync 1 DAGs
[2022-06-17 12:43:04,956] {logging_mixin.py:115} INFO - [2022-06-17 12:43:04,956] {dag.py:2931} INFO - Setting next_dagrun for example_time_delta_sensor_async to None, run_after=None
[2022-06-17 12:43:08,161] {processor.py:161} INFO - Processing /home/jarret/data-engineering-bootcamp/workspace/airflow-code-review/venv/lib/python3.7/site-packages/airflow/example_dags/example_time_delta_sensor_async.py took 3.271 seconds
[2022-06-17 12:44:09,147] {processor.py:153} INFO - Started process (PID=16208) to work on /home/jarret/data-engineering-bootcamp/workspace/airflow-code-review/venv/lib/python3.7/site-packages/airflow/example_dags/example_time_delta_sensor_async.py
[2022-06-17 12:44:09,251] {processor.py:641} INFO - Processing file /home/jarret/data-engineering-bootcamp/workspace/airflow-code-review/venv/lib/python3.7/site-packages/airflow/example_dags/example_time_delta_sensor_async.py for tasks to queue
[2022-06-17 12:44:09,252] {logging_mixin.py:115} INFO - [2022-06-17 12:44:09,252] {dagbag.py:507} INFO - Filling up the DagBag from /home/jarret/data-engineering-bootcamp/workspace/airflow-code-review/venv/lib/python3.7/site-packages/airflow/example_dags/example_time_delta_sensor_async.py
[2022-06-17 12:44:09,257] {processor.py:651} INFO - DAG(s) dict_keys(['example_time_delta_sensor_async']) retrieved from /home/jarret/data-engineering-bootcamp/workspace/airflow-code-review/venv/lib/python3.7/site-packages/airflow/example_dags/example_time_delta_sensor_async.py
[2022-06-17 12:44:09,274] {logging_mixin.py:115} INFO - [2022-06-17 12:44:09,274] {dag.py:2379} INFO - Sync 1 DAGs
[2022-06-17 12:44:09,289] {logging_mixin.py:115} INFO - [2022-06-17 12:44:09,289] {dag.py:2931} INFO - Setting next_dagrun for example_time_delta_sensor_async to None, run_after=None
[2022-06-17 12:44:09,622] {processor.py:161} INFO - Processing /home/jarret/data-engineering-bootcamp/workspace/airflow-code-review/venv/lib/python3.7/site-packages/airflow/example_dags/example_time_delta_sensor_async.py took 0.478 seconds
[2022-06-17 12:45:17,095] {processor.py:153} INFO - Started process (PID=16318) to work on /home/jarret/data-engineering-bootcamp/workspace/airflow-code-review/venv/lib/python3.7/site-packages/airflow/example_dags/example_time_delta_sensor_async.py
[2022-06-17 12:45:17,101] {processor.py:641} INFO - Processing file /home/jarret/data-engineering-bootcamp/workspace/airflow-code-review/venv/lib/python3.7/site-packages/airflow/example_dags/example_time_delta_sensor_async.py for tasks to queue
[2022-06-17 12:45:17,102] {logging_mixin.py:115} INFO - [2022-06-17 12:45:17,102] {dagbag.py:507} INFO - Filling up the DagBag from /home/jarret/data-engineering-bootcamp/workspace/airflow-code-review/venv/lib/python3.7/site-packages/airflow/example_dags/example_time_delta_sensor_async.py
[2022-06-17 12:45:17,108] {processor.py:651} INFO - DAG(s) dict_keys(['example_time_delta_sensor_async']) retrieved from /home/jarret/data-engineering-bootcamp/workspace/airflow-code-review/venv/lib/python3.7/site-packages/airflow/example_dags/example_time_delta_sensor_async.py
[2022-06-17 12:45:17,129] {logging_mixin.py:115} INFO - [2022-06-17 12:45:17,129] {dag.py:2379} INFO - Sync 1 DAGs
[2022-06-17 12:45:17,144] {logging_mixin.py:115} INFO - [2022-06-17 12:45:17,143] {dag.py:2931} INFO - Setting next_dagrun for example_time_delta_sensor_async to None, run_after=None
[2022-06-17 12:45:18,673] {processor.py:161} INFO - Processing /home/jarret/data-engineering-bootcamp/workspace/airflow-code-review/venv/lib/python3.7/site-packages/airflow/example_dags/example_time_delta_sensor_async.py took 1.581 seconds
[2022-06-17 12:46:30,926] {processor.py:153} INFO - Started process (PID=16456) to work on /home/jarret/data-engineering-bootcamp/workspace/airflow-code-review/venv/lib/python3.7/site-packages/airflow/example_dags/example_time_delta_sensor_async.py
[2022-06-17 12:46:30,950] {processor.py:641} INFO - Processing file /home/jarret/data-engineering-bootcamp/workspace/airflow-code-review/venv/lib/python3.7/site-packages/airflow/example_dags/example_time_delta_sensor_async.py for tasks to queue
[2022-06-17 12:46:30,951] {logging_mixin.py:115} INFO - [2022-06-17 12:46:30,951] {dagbag.py:507} INFO - Filling up the DagBag from /home/jarret/data-engineering-bootcamp/workspace/airflow-code-review/venv/lib/python3.7/site-packages/airflow/example_dags/example_time_delta_sensor_async.py
[2022-06-17 12:46:30,959] {processor.py:651} INFO - DAG(s) dict_keys(['example_time_delta_sensor_async']) retrieved from /home/jarret/data-engineering-bootcamp/workspace/airflow-code-review/venv/lib/python3.7/site-packages/airflow/example_dags/example_time_delta_sensor_async.py
[2022-06-17 12:46:30,978] {logging_mixin.py:115} INFO - [2022-06-17 12:46:30,978] {dag.py:2379} INFO - Sync 1 DAGs
[2022-06-17 12:46:30,994] {logging_mixin.py:115} INFO - [2022-06-17 12:46:30,993] {dag.py:2931} INFO - Setting next_dagrun for example_time_delta_sensor_async to None, run_after=None
[2022-06-17 12:46:31,552] {processor.py:161} INFO - Processing /home/jarret/data-engineering-bootcamp/workspace/airflow-code-review/venv/lib/python3.7/site-packages/airflow/example_dags/example_time_delta_sensor_async.py took 0.630 seconds
[2022-06-17 12:47:29,535] {processor.py:153} INFO - Started process (PID=16504) to work on /home/jarret/data-engineering-bootcamp/workspace/airflow-code-review/venv/lib/python3.7/site-packages/airflow/example_dags/example_time_delta_sensor_async.py
[2022-06-17 12:47:29,538] {processor.py:641} INFO - Processing file /home/jarret/data-engineering-bootcamp/workspace/airflow-code-review/venv/lib/python3.7/site-packages/airflow/example_dags/example_time_delta_sensor_async.py for tasks to queue
[2022-06-17 12:47:29,538] {logging_mixin.py:115} INFO - [2022-06-17 12:47:29,538] {dagbag.py:507} INFO - Filling up the DagBag from /home/jarret/data-engineering-bootcamp/workspace/airflow-code-review/venv/lib/python3.7/site-packages/airflow/example_dags/example_time_delta_sensor_async.py
[2022-06-17 12:47:29,541] {processor.py:651} INFO - DAG(s) dict_keys(['example_time_delta_sensor_async']) retrieved from /home/jarret/data-engineering-bootcamp/workspace/airflow-code-review/venv/lib/python3.7/site-packages/airflow/example_dags/example_time_delta_sensor_async.py
[2022-06-17 12:47:29,559] {logging_mixin.py:115} INFO - [2022-06-17 12:47:29,558] {dag.py:2379} INFO - Sync 1 DAGs
[2022-06-17 12:47:29,574] {logging_mixin.py:115} INFO - [2022-06-17 12:47:29,574] {dag.py:2931} INFO - Setting next_dagrun for example_time_delta_sensor_async to None, run_after=None
[2022-06-17 12:47:31,262] {processor.py:161} INFO - Processing /home/jarret/data-engineering-bootcamp/workspace/airflow-code-review/venv/lib/python3.7/site-packages/airflow/example_dags/example_time_delta_sensor_async.py took 1.730 seconds
[2022-06-17 12:48:43,682] {processor.py:153} INFO - Started process (PID=16560) to work on /home/jarret/data-engineering-bootcamp/workspace/airflow-code-review/venv/lib/python3.7/site-packages/airflow/example_dags/example_time_delta_sensor_async.py
[2022-06-17 12:48:43,683] {processor.py:641} INFO - Processing file /home/jarret/data-engineering-bootcamp/workspace/airflow-code-review/venv/lib/python3.7/site-packages/airflow/example_dags/example_time_delta_sensor_async.py for tasks to queue
[2022-06-17 12:48:43,683] {logging_mixin.py:115} INFO - [2022-06-17 12:48:43,683] {dagbag.py:507} INFO - Filling up the DagBag from /home/jarret/data-engineering-bootcamp/workspace/airflow-code-review/venv/lib/python3.7/site-packages/airflow/example_dags/example_time_delta_sensor_async.py
[2022-06-17 12:48:43,686] {processor.py:651} INFO - DAG(s) dict_keys(['example_time_delta_sensor_async']) retrieved from /home/jarret/data-engineering-bootcamp/workspace/airflow-code-review/venv/lib/python3.7/site-packages/airflow/example_dags/example_time_delta_sensor_async.py
[2022-06-17 12:48:43,704] {logging_mixin.py:115} INFO - [2022-06-17 12:48:43,704] {dag.py:2379} INFO - Sync 1 DAGs
[2022-06-17 12:48:43,718] {logging_mixin.py:115} INFO - [2022-06-17 12:48:43,718] {dag.py:2931} INFO - Setting next_dagrun for example_time_delta_sensor_async to None, run_after=None
[2022-06-17 12:48:45,110] {processor.py:161} INFO - Processing /home/jarret/data-engineering-bootcamp/workspace/airflow-code-review/venv/lib/python3.7/site-packages/airflow/example_dags/example_time_delta_sensor_async.py took 1.430 seconds
[2022-06-17 12:49:59,625] {processor.py:153} INFO - Started process (PID=16699) to work on /home/jarret/data-engineering-bootcamp/workspace/airflow-code-review/venv/lib/python3.7/site-packages/airflow/example_dags/example_time_delta_sensor_async.py
[2022-06-17 12:49:59,829] {processor.py:641} INFO - Processing file /home/jarret/data-engineering-bootcamp/workspace/airflow-code-review/venv/lib/python3.7/site-packages/airflow/example_dags/example_time_delta_sensor_async.py for tasks to queue
[2022-06-17 12:49:59,830] {logging_mixin.py:115} INFO - [2022-06-17 12:49:59,829] {dagbag.py:507} INFO - Filling up the DagBag from /home/jarret/data-engineering-bootcamp/workspace/airflow-code-review/venv/lib/python3.7/site-packages/airflow/example_dags/example_time_delta_sensor_async.py
[2022-06-17 12:49:59,836] {processor.py:651} INFO - DAG(s) dict_keys(['example_time_delta_sensor_async']) retrieved from /home/jarret/data-engineering-bootcamp/workspace/airflow-code-review/venv/lib/python3.7/site-packages/airflow/example_dags/example_time_delta_sensor_async.py
[2022-06-17 12:49:59,853] {logging_mixin.py:115} INFO - [2022-06-17 12:49:59,853] {dag.py:2379} INFO - Sync 1 DAGs
[2022-06-17 12:49:59,868] {logging_mixin.py:115} INFO - [2022-06-17 12:49:59,868] {dag.py:2931} INFO - Setting next_dagrun for example_time_delta_sensor_async to None, run_after=None
[2022-06-17 12:49:59,999] {processor.py:161} INFO - Processing /home/jarret/data-engineering-bootcamp/workspace/airflow-code-review/venv/lib/python3.7/site-packages/airflow/example_dags/example_time_delta_sensor_async.py took 0.377 seconds
[2022-06-17 12:50:54,915] {processor.py:153} INFO - Started process (PID=16786) to work on /home/jarret/data-engineering-bootcamp/workspace/airflow-code-review/venv/lib/python3.7/site-packages/airflow/example_dags/example_time_delta_sensor_async.py
[2022-06-17 12:50:54,916] {processor.py:641} INFO - Processing file /home/jarret/data-engineering-bootcamp/workspace/airflow-code-review/venv/lib/python3.7/site-packages/airflow/example_dags/example_time_delta_sensor_async.py for tasks to queue
[2022-06-17 12:50:54,917] {logging_mixin.py:115} INFO - [2022-06-17 12:50:54,917] {dagbag.py:507} INFO - Filling up the DagBag from /home/jarret/data-engineering-bootcamp/workspace/airflow-code-review/venv/lib/python3.7/site-packages/airflow/example_dags/example_time_delta_sensor_async.py
[2022-06-17 12:50:54,920] {processor.py:651} INFO - DAG(s) dict_keys(['example_time_delta_sensor_async']) retrieved from /home/jarret/data-engineering-bootcamp/workspace/airflow-code-review/venv/lib/python3.7/site-packages/airflow/example_dags/example_time_delta_sensor_async.py
[2022-06-17 12:50:54,937] {logging_mixin.py:115} INFO - [2022-06-17 12:50:54,937] {dag.py:2379} INFO - Sync 1 DAGs
[2022-06-17 12:50:54,954] {logging_mixin.py:115} INFO - [2022-06-17 12:50:54,954] {dag.py:2931} INFO - Setting next_dagrun for example_time_delta_sensor_async to None, run_after=None
[2022-06-17 12:50:56,611] {processor.py:161} INFO - Processing /home/jarret/data-engineering-bootcamp/workspace/airflow-code-review/venv/lib/python3.7/site-packages/airflow/example_dags/example_time_delta_sensor_async.py took 1.699 seconds
[2022-06-17 12:52:06,422] {processor.py:153} INFO - Started process (PID=16916) to work on /home/jarret/data-engineering-bootcamp/workspace/airflow-code-review/venv/lib/python3.7/site-packages/airflow/example_dags/example_time_delta_sensor_async.py
[2022-06-17 12:52:06,424] {processor.py:641} INFO - Processing file /home/jarret/data-engineering-bootcamp/workspace/airflow-code-review/venv/lib/python3.7/site-packages/airflow/example_dags/example_time_delta_sensor_async.py for tasks to queue
[2022-06-17 12:52:06,424] {logging_mixin.py:115} INFO - [2022-06-17 12:52:06,424] {dagbag.py:507} INFO - Filling up the DagBag from /home/jarret/data-engineering-bootcamp/workspace/airflow-code-review/venv/lib/python3.7/site-packages/airflow/example_dags/example_time_delta_sensor_async.py
[2022-06-17 12:52:06,427] {processor.py:651} INFO - DAG(s) dict_keys(['example_time_delta_sensor_async']) retrieved from /home/jarret/data-engineering-bootcamp/workspace/airflow-code-review/venv/lib/python3.7/site-packages/airflow/example_dags/example_time_delta_sensor_async.py
[2022-06-17 12:52:06,444] {logging_mixin.py:115} INFO - [2022-06-17 12:52:06,444] {dag.py:2379} INFO - Sync 1 DAGs
[2022-06-17 12:52:06,459] {logging_mixin.py:115} INFO - [2022-06-17 12:52:06,459] {dag.py:2931} INFO - Setting next_dagrun for example_time_delta_sensor_async to None, run_after=None
[2022-06-17 12:52:06,584] {processor.py:161} INFO - Processing /home/jarret/data-engineering-bootcamp/workspace/airflow-code-review/venv/lib/python3.7/site-packages/airflow/example_dags/example_time_delta_sensor_async.py took 0.165 seconds
[2022-06-17 12:53:03,710] {processor.py:153} INFO - Started process (PID=16973) to work on /home/jarret/data-engineering-bootcamp/workspace/airflow-code-review/venv/lib/python3.7/site-packages/airflow/example_dags/example_time_delta_sensor_async.py
[2022-06-17 12:53:03,711] {processor.py:641} INFO - Processing file /home/jarret/data-engineering-bootcamp/workspace/airflow-code-review/venv/lib/python3.7/site-packages/airflow/example_dags/example_time_delta_sensor_async.py for tasks to queue
[2022-06-17 12:53:03,711] {logging_mixin.py:115} INFO - [2022-06-17 12:53:03,711] {dagbag.py:507} INFO - Filling up the DagBag from /home/jarret/data-engineering-bootcamp/workspace/airflow-code-review/venv/lib/python3.7/site-packages/airflow/example_dags/example_time_delta_sensor_async.py
[2022-06-17 12:53:03,714] {processor.py:651} INFO - DAG(s) dict_keys(['example_time_delta_sensor_async']) retrieved from /home/jarret/data-engineering-bootcamp/workspace/airflow-code-review/venv/lib/python3.7/site-packages/airflow/example_dags/example_time_delta_sensor_async.py
[2022-06-17 12:53:03,732] {logging_mixin.py:115} INFO - [2022-06-17 12:53:03,732] {dag.py:2379} INFO - Sync 1 DAGs
[2022-06-17 12:53:03,747] {logging_mixin.py:115} INFO - [2022-06-17 12:53:03,747] {dag.py:2931} INFO - Setting next_dagrun for example_time_delta_sensor_async to None, run_after=None
[2022-06-17 12:53:04,723] {processor.py:161} INFO - Processing /home/jarret/data-engineering-bootcamp/workspace/airflow-code-review/venv/lib/python3.7/site-packages/airflow/example_dags/example_time_delta_sensor_async.py took 1.015 seconds
[2022-06-17 12:54:19,852] {processor.py:153} INFO - Started process (PID=17054) to work on /home/jarret/data-engineering-bootcamp/workspace/airflow-code-review/venv/lib/python3.7/site-packages/airflow/example_dags/example_time_delta_sensor_async.py
[2022-06-17 12:54:19,852] {processor.py:641} INFO - Processing file /home/jarret/data-engineering-bootcamp/workspace/airflow-code-review/venv/lib/python3.7/site-packages/airflow/example_dags/example_time_delta_sensor_async.py for tasks to queue
[2022-06-17 12:54:19,853] {logging_mixin.py:115} INFO - [2022-06-17 12:54:19,853] {dagbag.py:507} INFO - Filling up the DagBag from /home/jarret/data-engineering-bootcamp/workspace/airflow-code-review/venv/lib/python3.7/site-packages/airflow/example_dags/example_time_delta_sensor_async.py
[2022-06-17 12:54:19,857] {processor.py:651} INFO - DAG(s) dict_keys(['example_time_delta_sensor_async']) retrieved from /home/jarret/data-engineering-bootcamp/workspace/airflow-code-review/venv/lib/python3.7/site-packages/airflow/example_dags/example_time_delta_sensor_async.py
[2022-06-17 12:54:19,876] {logging_mixin.py:115} INFO - [2022-06-17 12:54:19,876] {dag.py:2379} INFO - Sync 1 DAGs
[2022-06-17 12:54:19,891] {logging_mixin.py:115} INFO - [2022-06-17 12:54:19,891] {dag.py:2931} INFO - Setting next_dagrun for example_time_delta_sensor_async to None, run_after=None
[2022-06-17 12:54:20,311] {processor.py:161} INFO - Processing /home/jarret/data-engineering-bootcamp/workspace/airflow-code-review/venv/lib/python3.7/site-packages/airflow/example_dags/example_time_delta_sensor_async.py took 0.461 seconds
[2022-06-17 12:55:18,360] {processor.py:153} INFO - Started process (PID=17099) to work on /home/jarret/data-engineering-bootcamp/workspace/airflow-code-review/venv/lib/python3.7/site-packages/airflow/example_dags/example_time_delta_sensor_async.py
[2022-06-17 12:55:18,361] {processor.py:641} INFO - Processing file /home/jarret/data-engineering-bootcamp/workspace/airflow-code-review/venv/lib/python3.7/site-packages/airflow/example_dags/example_time_delta_sensor_async.py for tasks to queue
[2022-06-17 12:55:18,362] {logging_mixin.py:115} INFO - [2022-06-17 12:55:18,362] {dagbag.py:507} INFO - Filling up the DagBag from /home/jarret/data-engineering-bootcamp/workspace/airflow-code-review/venv/lib/python3.7/site-packages/airflow/example_dags/example_time_delta_sensor_async.py
[2022-06-17 12:55:18,367] {processor.py:651} INFO - DAG(s) dict_keys(['example_time_delta_sensor_async']) retrieved from /home/jarret/data-engineering-bootcamp/workspace/airflow-code-review/venv/lib/python3.7/site-packages/airflow/example_dags/example_time_delta_sensor_async.py
[2022-06-17 12:55:18,385] {logging_mixin.py:115} INFO - [2022-06-17 12:55:18,385] {dag.py:2379} INFO - Sync 1 DAGs
[2022-06-17 12:55:18,401] {logging_mixin.py:115} INFO - [2022-06-17 12:55:18,401] {dag.py:2931} INFO - Setting next_dagrun for example_time_delta_sensor_async to None, run_after=None
[2022-06-17 12:55:19,268] {processor.py:161} INFO - Processing /home/jarret/data-engineering-bootcamp/workspace/airflow-code-review/venv/lib/python3.7/site-packages/airflow/example_dags/example_time_delta_sensor_async.py took 0.911 seconds
[2022-06-17 12:56:12,276] {processor.py:153} INFO - Started process (PID=17161) to work on /home/jarret/data-engineering-bootcamp/workspace/airflow-code-review/venv/lib/python3.7/site-packages/airflow/example_dags/example_time_delta_sensor_async.py
[2022-06-17 12:56:12,277] {processor.py:641} INFO - Processing file /home/jarret/data-engineering-bootcamp/workspace/airflow-code-review/venv/lib/python3.7/site-packages/airflow/example_dags/example_time_delta_sensor_async.py for tasks to queue
[2022-06-17 12:56:12,277] {logging_mixin.py:115} INFO - [2022-06-17 12:56:12,277] {dagbag.py:507} INFO - Filling up the DagBag from /home/jarret/data-engineering-bootcamp/workspace/airflow-code-review/venv/lib/python3.7/site-packages/airflow/example_dags/example_time_delta_sensor_async.py
[2022-06-17 12:56:12,280] {processor.py:651} INFO - DAG(s) dict_keys(['example_time_delta_sensor_async']) retrieved from /home/jarret/data-engineering-bootcamp/workspace/airflow-code-review/venv/lib/python3.7/site-packages/airflow/example_dags/example_time_delta_sensor_async.py
[2022-06-17 12:56:12,299] {logging_mixin.py:115} INFO - [2022-06-17 12:56:12,299] {dag.py:2379} INFO - Sync 1 DAGs
[2022-06-17 12:56:12,315] {logging_mixin.py:115} INFO - [2022-06-17 12:56:12,315] {dag.py:2931} INFO - Setting next_dagrun for example_time_delta_sensor_async to None, run_after=None
[2022-06-17 12:56:12,732] {processor.py:161} INFO - Processing /home/jarret/data-engineering-bootcamp/workspace/airflow-code-review/venv/lib/python3.7/site-packages/airflow/example_dags/example_time_delta_sensor_async.py took 0.459 seconds
[2022-06-17 12:57:14,757] {processor.py:153} INFO - Started process (PID=17240) to work on /home/jarret/data-engineering-bootcamp/workspace/airflow-code-review/venv/lib/python3.7/site-packages/airflow/example_dags/example_time_delta_sensor_async.py
[2022-06-17 12:57:14,846] {processor.py:641} INFO - Processing file /home/jarret/data-engineering-bootcamp/workspace/airflow-code-review/venv/lib/python3.7/site-packages/airflow/example_dags/example_time_delta_sensor_async.py for tasks to queue
[2022-06-17 12:57:14,847] {logging_mixin.py:115} INFO - [2022-06-17 12:57:14,847] {dagbag.py:507} INFO - Filling up the DagBag from /home/jarret/data-engineering-bootcamp/workspace/airflow-code-review/venv/lib/python3.7/site-packages/airflow/example_dags/example_time_delta_sensor_async.py
[2022-06-17 12:57:14,854] {processor.py:651} INFO - DAG(s) dict_keys(['example_time_delta_sensor_async']) retrieved from /home/jarret/data-engineering-bootcamp/workspace/airflow-code-review/venv/lib/python3.7/site-packages/airflow/example_dags/example_time_delta_sensor_async.py
[2022-06-17 12:57:14,873] {logging_mixin.py:115} INFO - [2022-06-17 12:57:14,873] {dag.py:2379} INFO - Sync 1 DAGs
[2022-06-17 12:57:14,888] {logging_mixin.py:115} INFO - [2022-06-17 12:57:14,888] {dag.py:2931} INFO - Setting next_dagrun for example_time_delta_sensor_async to None, run_after=None
[2022-06-17 12:57:16,560] {processor.py:161} INFO - Processing /home/jarret/data-engineering-bootcamp/workspace/airflow-code-review/venv/lib/python3.7/site-packages/airflow/example_dags/example_time_delta_sensor_async.py took 1.806 seconds
[2022-06-17 12:58:31,568] {processor.py:153} INFO - Started process (PID=17322) to work on /home/jarret/data-engineering-bootcamp/workspace/airflow-code-review/venv/lib/python3.7/site-packages/airflow/example_dags/example_time_delta_sensor_async.py
[2022-06-17 12:58:31,577] {processor.py:641} INFO - Processing file /home/jarret/data-engineering-bootcamp/workspace/airflow-code-review/venv/lib/python3.7/site-packages/airflow/example_dags/example_time_delta_sensor_async.py for tasks to queue
[2022-06-17 12:58:31,578] {logging_mixin.py:115} INFO - [2022-06-17 12:58:31,578] {dagbag.py:507} INFO - Filling up the DagBag from /home/jarret/data-engineering-bootcamp/workspace/airflow-code-review/venv/lib/python3.7/site-packages/airflow/example_dags/example_time_delta_sensor_async.py
[2022-06-17 12:58:31,581] {processor.py:651} INFO - DAG(s) dict_keys(['example_time_delta_sensor_async']) retrieved from /home/jarret/data-engineering-bootcamp/workspace/airflow-code-review/venv/lib/python3.7/site-packages/airflow/example_dags/example_time_delta_sensor_async.py
[2022-06-17 12:58:31,597] {logging_mixin.py:115} INFO - [2022-06-17 12:58:31,597] {dag.py:2379} INFO - Sync 1 DAGs
[2022-06-17 12:58:31,612] {logging_mixin.py:115} INFO - [2022-06-17 12:58:31,612] {dag.py:2931} INFO - Setting next_dagrun for example_time_delta_sensor_async to None, run_after=None
[2022-06-17 12:58:31,763] {processor.py:161} INFO - Processing /home/jarret/data-engineering-bootcamp/workspace/airflow-code-review/venv/lib/python3.7/site-packages/airflow/example_dags/example_time_delta_sensor_async.py took 0.198 seconds
[2022-06-17 12:59:22,682] {processor.py:153} INFO - Started process (PID=17423) to work on /home/jarret/data-engineering-bootcamp/workspace/airflow-code-review/venv/lib/python3.7/site-packages/airflow/example_dags/example_time_delta_sensor_async.py
[2022-06-17 12:59:22,774] {processor.py:641} INFO - Processing file /home/jarret/data-engineering-bootcamp/workspace/airflow-code-review/venv/lib/python3.7/site-packages/airflow/example_dags/example_time_delta_sensor_async.py for tasks to queue
[2022-06-17 12:59:22,775] {logging_mixin.py:115} INFO - [2022-06-17 12:59:22,775] {dagbag.py:507} INFO - Filling up the DagBag from /home/jarret/data-engineering-bootcamp/workspace/airflow-code-review/venv/lib/python3.7/site-packages/airflow/example_dags/example_time_delta_sensor_async.py
[2022-06-17 12:59:22,781] {processor.py:651} INFO - DAG(s) dict_keys(['example_time_delta_sensor_async']) retrieved from /home/jarret/data-engineering-bootcamp/workspace/airflow-code-review/venv/lib/python3.7/site-packages/airflow/example_dags/example_time_delta_sensor_async.py
[2022-06-17 12:59:22,805] {logging_mixin.py:115} INFO - [2022-06-17 12:59:22,805] {dag.py:2379} INFO - Sync 1 DAGs
[2022-06-17 12:59:22,820] {logging_mixin.py:115} INFO - [2022-06-17 12:59:22,820] {dag.py:2931} INFO - Setting next_dagrun for example_time_delta_sensor_async to None, run_after=None
[2022-06-17 12:59:23,253] {processor.py:161} INFO - Processing /home/jarret/data-engineering-bootcamp/workspace/airflow-code-review/venv/lib/python3.7/site-packages/airflow/example_dags/example_time_delta_sensor_async.py took 0.575 seconds
[2022-06-17 13:00:18,847] {processor.py:153} INFO - Started process (PID=17527) to work on /home/jarret/data-engineering-bootcamp/workspace/airflow-code-review/venv/lib/python3.7/site-packages/airflow/example_dags/example_time_delta_sensor_async.py
[2022-06-17 13:00:18,854] {processor.py:641} INFO - Processing file /home/jarret/data-engineering-bootcamp/workspace/airflow-code-review/venv/lib/python3.7/site-packages/airflow/example_dags/example_time_delta_sensor_async.py for tasks to queue
[2022-06-17 13:00:18,854] {logging_mixin.py:115} INFO - [2022-06-17 13:00:18,854] {dagbag.py:507} INFO - Filling up the DagBag from /home/jarret/data-engineering-bootcamp/workspace/airflow-code-review/venv/lib/python3.7/site-packages/airflow/example_dags/example_time_delta_sensor_async.py
[2022-06-17 13:00:18,858] {processor.py:651} INFO - DAG(s) dict_keys(['example_time_delta_sensor_async']) retrieved from /home/jarret/data-engineering-bootcamp/workspace/airflow-code-review/venv/lib/python3.7/site-packages/airflow/example_dags/example_time_delta_sensor_async.py
[2022-06-17 13:00:18,875] {logging_mixin.py:115} INFO - [2022-06-17 13:00:18,875] {dag.py:2379} INFO - Sync 1 DAGs
[2022-06-17 13:00:18,890] {logging_mixin.py:115} INFO - [2022-06-17 13:00:18,889] {dag.py:2931} INFO - Setting next_dagrun for example_time_delta_sensor_async to None, run_after=None
[2022-06-17 13:00:19,025] {processor.py:161} INFO - Processing /home/jarret/data-engineering-bootcamp/workspace/airflow-code-review/venv/lib/python3.7/site-packages/airflow/example_dags/example_time_delta_sensor_async.py took 0.181 seconds
[2022-06-17 13:01:12,105] {processor.py:153} INFO - Started process (PID=17588) to work on /home/jarret/data-engineering-bootcamp/workspace/airflow-code-review/venv/lib/python3.7/site-packages/airflow/example_dags/example_time_delta_sensor_async.py
[2022-06-17 13:01:12,106] {processor.py:641} INFO - Processing file /home/jarret/data-engineering-bootcamp/workspace/airflow-code-review/venv/lib/python3.7/site-packages/airflow/example_dags/example_time_delta_sensor_async.py for tasks to queue
[2022-06-17 13:01:12,107] {logging_mixin.py:115} INFO - [2022-06-17 13:01:12,107] {dagbag.py:507} INFO - Filling up the DagBag from /home/jarret/data-engineering-bootcamp/workspace/airflow-code-review/venv/lib/python3.7/site-packages/airflow/example_dags/example_time_delta_sensor_async.py
[2022-06-17 13:01:12,113] {processor.py:651} INFO - DAG(s) dict_keys(['example_time_delta_sensor_async']) retrieved from /home/jarret/data-engineering-bootcamp/workspace/airflow-code-review/venv/lib/python3.7/site-packages/airflow/example_dags/example_time_delta_sensor_async.py
[2022-06-17 13:01:12,131] {logging_mixin.py:115} INFO - [2022-06-17 13:01:12,131] {dag.py:2379} INFO - Sync 1 DAGs
[2022-06-17 13:01:12,146] {logging_mixin.py:115} INFO - [2022-06-17 13:01:12,146] {dag.py:2931} INFO - Setting next_dagrun for example_time_delta_sensor_async to None, run_after=None
[2022-06-17 13:01:13,087] {processor.py:161} INFO - Processing /home/jarret/data-engineering-bootcamp/workspace/airflow-code-review/venv/lib/python3.7/site-packages/airflow/example_dags/example_time_delta_sensor_async.py took 0.985 seconds
[2022-06-17 13:02:04,490] {processor.py:153} INFO - Started process (PID=17692) to work on /home/jarret/data-engineering-bootcamp/workspace/airflow-code-review/venv/lib/python3.7/site-packages/airflow/example_dags/example_time_delta_sensor_async.py
[2022-06-17 13:02:04,492] {processor.py:641} INFO - Processing file /home/jarret/data-engineering-bootcamp/workspace/airflow-code-review/venv/lib/python3.7/site-packages/airflow/example_dags/example_time_delta_sensor_async.py for tasks to queue
[2022-06-17 13:02:04,492] {logging_mixin.py:115} INFO - [2022-06-17 13:02:04,492] {dagbag.py:507} INFO - Filling up the DagBag from /home/jarret/data-engineering-bootcamp/workspace/airflow-code-review/venv/lib/python3.7/site-packages/airflow/example_dags/example_time_delta_sensor_async.py
[2022-06-17 13:02:04,496] {processor.py:651} INFO - DAG(s) dict_keys(['example_time_delta_sensor_async']) retrieved from /home/jarret/data-engineering-bootcamp/workspace/airflow-code-review/venv/lib/python3.7/site-packages/airflow/example_dags/example_time_delta_sensor_async.py
[2022-06-17 13:02:04,514] {logging_mixin.py:115} INFO - [2022-06-17 13:02:04,514] {dag.py:2379} INFO - Sync 1 DAGs
[2022-06-17 13:02:04,529] {logging_mixin.py:115} INFO - [2022-06-17 13:02:04,529] {dag.py:2931} INFO - Setting next_dagrun for example_time_delta_sensor_async to None, run_after=None
[2022-06-17 13:02:04,648] {processor.py:161} INFO - Processing /home/jarret/data-engineering-bootcamp/workspace/airflow-code-review/venv/lib/python3.7/site-packages/airflow/example_dags/example_time_delta_sensor_async.py took 0.160 seconds
[2022-06-17 13:03:18,653] {processor.py:153} INFO - Started process (PID=17836) to work on /home/jarret/data-engineering-bootcamp/workspace/airflow-code-review/venv/lib/python3.7/site-packages/airflow/example_dags/example_time_delta_sensor_async.py
[2022-06-17 13:03:19,119] {processor.py:641} INFO - Processing file /home/jarret/data-engineering-bootcamp/workspace/airflow-code-review/venv/lib/python3.7/site-packages/airflow/example_dags/example_time_delta_sensor_async.py for tasks to queue
[2022-06-17 13:03:19,119] {logging_mixin.py:115} INFO - [2022-06-17 13:03:19,119] {dagbag.py:507} INFO - Filling up the DagBag from /home/jarret/data-engineering-bootcamp/workspace/airflow-code-review/venv/lib/python3.7/site-packages/airflow/example_dags/example_time_delta_sensor_async.py
[2022-06-17 13:03:19,126] {processor.py:651} INFO - DAG(s) dict_keys(['example_time_delta_sensor_async']) retrieved from /home/jarret/data-engineering-bootcamp/workspace/airflow-code-review/venv/lib/python3.7/site-packages/airflow/example_dags/example_time_delta_sensor_async.py
[2022-06-17 13:03:19,148] {logging_mixin.py:115} INFO - [2022-06-17 13:03:19,148] {dag.py:2379} INFO - Sync 1 DAGs
[2022-06-17 13:03:19,163] {logging_mixin.py:115} INFO - [2022-06-17 13:03:19,163] {dag.py:2931} INFO - Setting next_dagrun for example_time_delta_sensor_async to None, run_after=None
[2022-06-17 13:03:19,418] {processor.py:161} INFO - Processing /home/jarret/data-engineering-bootcamp/workspace/airflow-code-review/venv/lib/python3.7/site-packages/airflow/example_dags/example_time_delta_sensor_async.py took 0.768 seconds
[2022-06-17 13:04:10,941] {processor.py:153} INFO - Started process (PID=17935) to work on /home/jarret/data-engineering-bootcamp/workspace/airflow-code-review/venv/lib/python3.7/site-packages/airflow/example_dags/example_time_delta_sensor_async.py
[2022-06-17 13:04:10,948] {processor.py:641} INFO - Processing file /home/jarret/data-engineering-bootcamp/workspace/airflow-code-review/venv/lib/python3.7/site-packages/airflow/example_dags/example_time_delta_sensor_async.py for tasks to queue
[2022-06-17 13:04:10,948] {logging_mixin.py:115} INFO - [2022-06-17 13:04:10,948] {dagbag.py:507} INFO - Filling up the DagBag from /home/jarret/data-engineering-bootcamp/workspace/airflow-code-review/venv/lib/python3.7/site-packages/airflow/example_dags/example_time_delta_sensor_async.py
[2022-06-17 13:04:10,951] {processor.py:651} INFO - DAG(s) dict_keys(['example_time_delta_sensor_async']) retrieved from /home/jarret/data-engineering-bootcamp/workspace/airflow-code-review/venv/lib/python3.7/site-packages/airflow/example_dags/example_time_delta_sensor_async.py
[2022-06-17 13:04:10,968] {logging_mixin.py:115} INFO - [2022-06-17 13:04:10,968] {dag.py:2379} INFO - Sync 1 DAGs
[2022-06-17 13:04:10,983] {logging_mixin.py:115} INFO - [2022-06-17 13:04:10,983] {dag.py:2931} INFO - Setting next_dagrun for example_time_delta_sensor_async to None, run_after=None
[2022-06-17 13:04:11,155] {processor.py:161} INFO - Processing /home/jarret/data-engineering-bootcamp/workspace/airflow-code-review/venv/lib/python3.7/site-packages/airflow/example_dags/example_time_delta_sensor_async.py took 0.216 seconds
[2022-06-17 13:05:21,496] {processor.py:153} INFO - Started process (PID=18002) to work on /home/jarret/data-engineering-bootcamp/workspace/airflow-code-review/venv/lib/python3.7/site-packages/airflow/example_dags/example_time_delta_sensor_async.py
[2022-06-17 13:05:21,497] {processor.py:641} INFO - Processing file /home/jarret/data-engineering-bootcamp/workspace/airflow-code-review/venv/lib/python3.7/site-packages/airflow/example_dags/example_time_delta_sensor_async.py for tasks to queue
[2022-06-17 13:05:21,498] {logging_mixin.py:115} INFO - [2022-06-17 13:05:21,497] {dagbag.py:507} INFO - Filling up the DagBag from /home/jarret/data-engineering-bootcamp/workspace/airflow-code-review/venv/lib/python3.7/site-packages/airflow/example_dags/example_time_delta_sensor_async.py
[2022-06-17 13:05:21,504] {processor.py:651} INFO - DAG(s) dict_keys(['example_time_delta_sensor_async']) retrieved from /home/jarret/data-engineering-bootcamp/workspace/airflow-code-review/venv/lib/python3.7/site-packages/airflow/example_dags/example_time_delta_sensor_async.py
[2022-06-17 13:05:21,523] {logging_mixin.py:115} INFO - [2022-06-17 13:05:21,523] {dag.py:2379} INFO - Sync 1 DAGs
[2022-06-17 13:05:21,538] {logging_mixin.py:115} INFO - [2022-06-17 13:05:21,538] {dag.py:2931} INFO - Setting next_dagrun for example_time_delta_sensor_async to None, run_after=None
[2022-06-17 13:05:22,709] {processor.py:161} INFO - Processing /home/jarret/data-engineering-bootcamp/workspace/airflow-code-review/venv/lib/python3.7/site-packages/airflow/example_dags/example_time_delta_sensor_async.py took 1.217 seconds
[2022-06-17 13:06:20,792] {processor.py:153} INFO - Started process (PID=18049) to work on /home/jarret/data-engineering-bootcamp/workspace/airflow-code-review/venv/lib/python3.7/site-packages/airflow/example_dags/example_time_delta_sensor_async.py
[2022-06-17 13:06:20,808] {processor.py:641} INFO - Processing file /home/jarret/data-engineering-bootcamp/workspace/airflow-code-review/venv/lib/python3.7/site-packages/airflow/example_dags/example_time_delta_sensor_async.py for tasks to queue
[2022-06-17 13:06:20,808] {logging_mixin.py:115} INFO - [2022-06-17 13:06:20,808] {dagbag.py:507} INFO - Filling up the DagBag from /home/jarret/data-engineering-bootcamp/workspace/airflow-code-review/venv/lib/python3.7/site-packages/airflow/example_dags/example_time_delta_sensor_async.py
[2022-06-17 13:06:20,812] {processor.py:651} INFO - DAG(s) dict_keys(['example_time_delta_sensor_async']) retrieved from /home/jarret/data-engineering-bootcamp/workspace/airflow-code-review/venv/lib/python3.7/site-packages/airflow/example_dags/example_time_delta_sensor_async.py
[2022-06-17 13:06:20,830] {logging_mixin.py:115} INFO - [2022-06-17 13:06:20,830] {dag.py:2379} INFO - Sync 1 DAGs
[2022-06-17 13:06:20,846] {logging_mixin.py:115} INFO - [2022-06-17 13:06:20,845] {dag.py:2931} INFO - Setting next_dagrun for example_time_delta_sensor_async to None, run_after=None
[2022-06-17 13:06:21,045] {processor.py:161} INFO - Processing /home/jarret/data-engineering-bootcamp/workspace/airflow-code-review/venv/lib/python3.7/site-packages/airflow/example_dags/example_time_delta_sensor_async.py took 0.256 seconds
[2022-06-17 13:07:16,664] {processor.py:153} INFO - Started process (PID=18160) to work on /home/jarret/data-engineering-bootcamp/workspace/airflow-code-review/venv/lib/python3.7/site-packages/airflow/example_dags/example_time_delta_sensor_async.py
[2022-06-17 13:07:16,675] {processor.py:641} INFO - Processing file /home/jarret/data-engineering-bootcamp/workspace/airflow-code-review/venv/lib/python3.7/site-packages/airflow/example_dags/example_time_delta_sensor_async.py for tasks to queue
[2022-06-17 13:07:16,676] {logging_mixin.py:115} INFO - [2022-06-17 13:07:16,676] {dagbag.py:507} INFO - Filling up the DagBag from /home/jarret/data-engineering-bootcamp/workspace/airflow-code-review/venv/lib/python3.7/site-packages/airflow/example_dags/example_time_delta_sensor_async.py
[2022-06-17 13:07:16,679] {processor.py:651} INFO - DAG(s) dict_keys(['example_time_delta_sensor_async']) retrieved from /home/jarret/data-engineering-bootcamp/workspace/airflow-code-review/venv/lib/python3.7/site-packages/airflow/example_dags/example_time_delta_sensor_async.py
[2022-06-17 13:07:16,696] {logging_mixin.py:115} INFO - [2022-06-17 13:07:16,696] {dag.py:2379} INFO - Sync 1 DAGs
[2022-06-17 13:07:16,711] {logging_mixin.py:115} INFO - [2022-06-17 13:07:16,711] {dag.py:2931} INFO - Setting next_dagrun for example_time_delta_sensor_async to None, run_after=None
[2022-06-17 13:07:16,916] {processor.py:161} INFO - Processing /home/jarret/data-engineering-bootcamp/workspace/airflow-code-review/venv/lib/python3.7/site-packages/airflow/example_dags/example_time_delta_sensor_async.py took 0.256 seconds
[2022-06-17 13:08:08,826] {processor.py:153} INFO - Started process (PID=18262) to work on /home/jarret/data-engineering-bootcamp/workspace/airflow-code-review/venv/lib/python3.7/site-packages/airflow/example_dags/example_time_delta_sensor_async.py
[2022-06-17 13:08:08,827] {processor.py:641} INFO - Processing file /home/jarret/data-engineering-bootcamp/workspace/airflow-code-review/venv/lib/python3.7/site-packages/airflow/example_dags/example_time_delta_sensor_async.py for tasks to queue
[2022-06-17 13:08:08,828] {logging_mixin.py:115} INFO - [2022-06-17 13:08:08,827] {dagbag.py:507} INFO - Filling up the DagBag from /home/jarret/data-engineering-bootcamp/workspace/airflow-code-review/venv/lib/python3.7/site-packages/airflow/example_dags/example_time_delta_sensor_async.py
[2022-06-17 13:08:08,834] {processor.py:651} INFO - DAG(s) dict_keys(['example_time_delta_sensor_async']) retrieved from /home/jarret/data-engineering-bootcamp/workspace/airflow-code-review/venv/lib/python3.7/site-packages/airflow/example_dags/example_time_delta_sensor_async.py
[2022-06-17 13:08:08,851] {logging_mixin.py:115} INFO - [2022-06-17 13:08:08,851] {dag.py:2379} INFO - Sync 1 DAGs
[2022-06-17 13:08:08,866] {logging_mixin.py:115} INFO - [2022-06-17 13:08:08,866] {dag.py:2931} INFO - Setting next_dagrun for example_time_delta_sensor_async to None, run_after=None
[2022-06-17 13:08:08,989] {processor.py:161} INFO - Processing /home/jarret/data-engineering-bootcamp/workspace/airflow-code-review/venv/lib/python3.7/site-packages/airflow/example_dags/example_time_delta_sensor_async.py took 0.166 seconds
[2022-06-17 13:08:51,868] {processor.py:153} INFO - Started process (PID=18358) to work on /home/jarret/data-engineering-bootcamp/workspace/airflow-code-review/venv/lib/python3.7/site-packages/airflow/example_dags/example_time_delta_sensor_async.py
[2022-06-17 13:08:51,881] {processor.py:641} INFO - Processing file /home/jarret/data-engineering-bootcamp/workspace/airflow-code-review/venv/lib/python3.7/site-packages/airflow/example_dags/example_time_delta_sensor_async.py for tasks to queue
[2022-06-17 13:08:51,881] {logging_mixin.py:115} INFO - [2022-06-17 13:08:51,881] {dagbag.py:507} INFO - Filling up the DagBag from /home/jarret/data-engineering-bootcamp/workspace/airflow-code-review/venv/lib/python3.7/site-packages/airflow/example_dags/example_time_delta_sensor_async.py
[2022-06-17 13:08:51,884] {processor.py:651} INFO - DAG(s) dict_keys(['example_time_delta_sensor_async']) retrieved from /home/jarret/data-engineering-bootcamp/workspace/airflow-code-review/venv/lib/python3.7/site-packages/airflow/example_dags/example_time_delta_sensor_async.py
[2022-06-17 13:08:51,902] {logging_mixin.py:115} INFO - [2022-06-17 13:08:51,902] {dag.py:2379} INFO - Sync 1 DAGs
[2022-06-17 13:08:51,916] {logging_mixin.py:115} INFO - [2022-06-17 13:08:51,916] {dag.py:2931} INFO - Setting next_dagrun for example_time_delta_sensor_async to None, run_after=None
[2022-06-17 13:08:52,025] {processor.py:161} INFO - Processing /home/jarret/data-engineering-bootcamp/workspace/airflow-code-review/venv/lib/python3.7/site-packages/airflow/example_dags/example_time_delta_sensor_async.py took 0.161 seconds
[2022-06-17 13:09:44,518] {processor.py:153} INFO - Started process (PID=18466) to work on /home/jarret/data-engineering-bootcamp/workspace/airflow-code-review/venv/lib/python3.7/site-packages/airflow/example_dags/example_time_delta_sensor_async.py
[2022-06-17 13:09:44,906] {processor.py:641} INFO - Processing file /home/jarret/data-engineering-bootcamp/workspace/airflow-code-review/venv/lib/python3.7/site-packages/airflow/example_dags/example_time_delta_sensor_async.py for tasks to queue
[2022-06-17 13:09:44,906] {logging_mixin.py:115} INFO - [2022-06-17 13:09:44,906] {dagbag.py:507} INFO - Filling up the DagBag from /home/jarret/data-engineering-bootcamp/workspace/airflow-code-review/venv/lib/python3.7/site-packages/airflow/example_dags/example_time_delta_sensor_async.py
[2022-06-17 13:09:44,913] {processor.py:651} INFO - DAG(s) dict_keys(['example_time_delta_sensor_async']) retrieved from /home/jarret/data-engineering-bootcamp/workspace/airflow-code-review/venv/lib/python3.7/site-packages/airflow/example_dags/example_time_delta_sensor_async.py
[2022-06-17 13:09:44,936] {logging_mixin.py:115} INFO - [2022-06-17 13:09:44,936] {dag.py:2379} INFO - Sync 1 DAGs
[2022-06-17 13:09:44,952] {logging_mixin.py:115} INFO - [2022-06-17 13:09:44,951] {dag.py:2931} INFO - Setting next_dagrun for example_time_delta_sensor_async to None, run_after=None
[2022-06-17 13:09:45,064] {processor.py:161} INFO - Processing /home/jarret/data-engineering-bootcamp/workspace/airflow-code-review/venv/lib/python3.7/site-packages/airflow/example_dags/example_time_delta_sensor_async.py took 0.550 seconds
[2022-06-17 13:10:35,288] {processor.py:153} INFO - Started process (PID=18529) to work on /home/jarret/data-engineering-bootcamp/workspace/airflow-code-review/venv/lib/python3.7/site-packages/airflow/example_dags/example_time_delta_sensor_async.py
[2022-06-17 13:10:35,294] {processor.py:641} INFO - Processing file /home/jarret/data-engineering-bootcamp/workspace/airflow-code-review/venv/lib/python3.7/site-packages/airflow/example_dags/example_time_delta_sensor_async.py for tasks to queue
[2022-06-17 13:10:35,295] {logging_mixin.py:115} INFO - [2022-06-17 13:10:35,295] {dagbag.py:507} INFO - Filling up the DagBag from /home/jarret/data-engineering-bootcamp/workspace/airflow-code-review/venv/lib/python3.7/site-packages/airflow/example_dags/example_time_delta_sensor_async.py
[2022-06-17 13:10:35,298] {processor.py:651} INFO - DAG(s) dict_keys(['example_time_delta_sensor_async']) retrieved from /home/jarret/data-engineering-bootcamp/workspace/airflow-code-review/venv/lib/python3.7/site-packages/airflow/example_dags/example_time_delta_sensor_async.py
[2022-06-17 13:10:35,315] {logging_mixin.py:115} INFO - [2022-06-17 13:10:35,315] {dag.py:2379} INFO - Sync 1 DAGs
[2022-06-17 13:10:35,330] {logging_mixin.py:115} INFO - [2022-06-17 13:10:35,330] {dag.py:2931} INFO - Setting next_dagrun for example_time_delta_sensor_async to None, run_after=None
[2022-06-17 13:10:35,441] {processor.py:161} INFO - Processing /home/jarret/data-engineering-bootcamp/workspace/airflow-code-review/venv/lib/python3.7/site-packages/airflow/example_dags/example_time_delta_sensor_async.py took 0.156 seconds
[2022-06-17 13:11:31,589] {processor.py:153} INFO - Started process (PID=18644) to work on /home/jarret/data-engineering-bootcamp/workspace/airflow-code-review/venv/lib/python3.7/site-packages/airflow/example_dags/example_time_delta_sensor_async.py
[2022-06-17 13:11:31,590] {processor.py:641} INFO - Processing file /home/jarret/data-engineering-bootcamp/workspace/airflow-code-review/venv/lib/python3.7/site-packages/airflow/example_dags/example_time_delta_sensor_async.py for tasks to queue
[2022-06-17 13:11:31,591] {logging_mixin.py:115} INFO - [2022-06-17 13:11:31,590] {dagbag.py:507} INFO - Filling up the DagBag from /home/jarret/data-engineering-bootcamp/workspace/airflow-code-review/venv/lib/python3.7/site-packages/airflow/example_dags/example_time_delta_sensor_async.py
[2022-06-17 13:11:31,596] {processor.py:651} INFO - DAG(s) dict_keys(['example_time_delta_sensor_async']) retrieved from /home/jarret/data-engineering-bootcamp/workspace/airflow-code-review/venv/lib/python3.7/site-packages/airflow/example_dags/example_time_delta_sensor_async.py
[2022-06-17 13:11:31,617] {logging_mixin.py:115} INFO - [2022-06-17 13:11:31,617] {dag.py:2379} INFO - Sync 1 DAGs
[2022-06-17 13:11:31,633] {logging_mixin.py:115} INFO - [2022-06-17 13:11:31,633] {dag.py:2931} INFO - Setting next_dagrun for example_time_delta_sensor_async to None, run_after=None
[2022-06-17 13:11:31,753] {processor.py:161} INFO - Processing /home/jarret/data-engineering-bootcamp/workspace/airflow-code-review/venv/lib/python3.7/site-packages/airflow/example_dags/example_time_delta_sensor_async.py took 0.167 seconds
[2022-06-17 13:12:21,905] {processor.py:153} INFO - Started process (PID=18746) to work on /home/jarret/data-engineering-bootcamp/workspace/airflow-code-review/venv/lib/python3.7/site-packages/airflow/example_dags/example_time_delta_sensor_async.py
[2022-06-17 13:12:21,921] {processor.py:641} INFO - Processing file /home/jarret/data-engineering-bootcamp/workspace/airflow-code-review/venv/lib/python3.7/site-packages/airflow/example_dags/example_time_delta_sensor_async.py for tasks to queue
[2022-06-17 13:12:21,921] {logging_mixin.py:115} INFO - [2022-06-17 13:12:21,921] {dagbag.py:507} INFO - Filling up the DagBag from /home/jarret/data-engineering-bootcamp/workspace/airflow-code-review/venv/lib/python3.7/site-packages/airflow/example_dags/example_time_delta_sensor_async.py
[2022-06-17 13:12:21,924] {processor.py:651} INFO - DAG(s) dict_keys(['example_time_delta_sensor_async']) retrieved from /home/jarret/data-engineering-bootcamp/workspace/airflow-code-review/venv/lib/python3.7/site-packages/airflow/example_dags/example_time_delta_sensor_async.py
[2022-06-17 13:12:21,941] {logging_mixin.py:115} INFO - [2022-06-17 13:12:21,941] {dag.py:2379} INFO - Sync 1 DAGs
[2022-06-17 13:12:21,958] {logging_mixin.py:115} INFO - [2022-06-17 13:12:21,958] {dag.py:2931} INFO - Setting next_dagrun for example_time_delta_sensor_async to None, run_after=None
[2022-06-17 13:12:23,447] {processor.py:161} INFO - Processing /home/jarret/data-engineering-bootcamp/workspace/airflow-code-review/venv/lib/python3.7/site-packages/airflow/example_dags/example_time_delta_sensor_async.py took 1.545 seconds
[2022-06-17 13:13:27,165] {processor.py:153} INFO - Started process (PID=18852) to work on /home/jarret/data-engineering-bootcamp/workspace/airflow-code-review/venv/lib/python3.7/site-packages/airflow/example_dags/example_time_delta_sensor_async.py
[2022-06-17 13:13:27,166] {processor.py:641} INFO - Processing file /home/jarret/data-engineering-bootcamp/workspace/airflow-code-review/venv/lib/python3.7/site-packages/airflow/example_dags/example_time_delta_sensor_async.py for tasks to queue
[2022-06-17 13:13:27,167] {logging_mixin.py:115} INFO - [2022-06-17 13:13:27,167] {dagbag.py:507} INFO - Filling up the DagBag from /home/jarret/data-engineering-bootcamp/workspace/airflow-code-review/venv/lib/python3.7/site-packages/airflow/example_dags/example_time_delta_sensor_async.py
[2022-06-17 13:13:27,170] {processor.py:651} INFO - DAG(s) dict_keys(['example_time_delta_sensor_async']) retrieved from /home/jarret/data-engineering-bootcamp/workspace/airflow-code-review/venv/lib/python3.7/site-packages/airflow/example_dags/example_time_delta_sensor_async.py
[2022-06-17 13:13:27,186] {logging_mixin.py:115} INFO - [2022-06-17 13:13:27,186] {dag.py:2379} INFO - Sync 1 DAGs
[2022-06-17 13:13:27,202] {logging_mixin.py:115} INFO - [2022-06-17 13:13:27,202] {dag.py:2931} INFO - Setting next_dagrun for example_time_delta_sensor_async to None, run_after=None
[2022-06-17 13:13:27,327] {processor.py:161} INFO - Processing /home/jarret/data-engineering-bootcamp/workspace/airflow-code-review/venv/lib/python3.7/site-packages/airflow/example_dags/example_time_delta_sensor_async.py took 0.165 seconds
[2022-06-17 13:14:22,070] {processor.py:153} INFO - Started process (PID=18950) to work on /home/jarret/data-engineering-bootcamp/workspace/airflow-code-review/venv/lib/python3.7/site-packages/airflow/example_dags/example_time_delta_sensor_async.py
[2022-06-17 13:14:22,071] {processor.py:641} INFO - Processing file /home/jarret/data-engineering-bootcamp/workspace/airflow-code-review/venv/lib/python3.7/site-packages/airflow/example_dags/example_time_delta_sensor_async.py for tasks to queue
[2022-06-17 13:14:22,072] {logging_mixin.py:115} INFO - [2022-06-17 13:14:22,072] {dagbag.py:507} INFO - Filling up the DagBag from /home/jarret/data-engineering-bootcamp/workspace/airflow-code-review/venv/lib/python3.7/site-packages/airflow/example_dags/example_time_delta_sensor_async.py
[2022-06-17 13:14:22,078] {processor.py:651} INFO - DAG(s) dict_keys(['example_time_delta_sensor_async']) retrieved from /home/jarret/data-engineering-bootcamp/workspace/airflow-code-review/venv/lib/python3.7/site-packages/airflow/example_dags/example_time_delta_sensor_async.py
[2022-06-17 13:14:22,097] {logging_mixin.py:115} INFO - [2022-06-17 13:14:22,097] {dag.py:2379} INFO - Sync 1 DAGs
[2022-06-17 13:14:22,113] {logging_mixin.py:115} INFO - [2022-06-17 13:14:22,113] {dag.py:2931} INFO - Setting next_dagrun for example_time_delta_sensor_async to None, run_after=None
[2022-06-17 13:14:22,314] {processor.py:161} INFO - Processing /home/jarret/data-engineering-bootcamp/workspace/airflow-code-review/venv/lib/python3.7/site-packages/airflow/example_dags/example_time_delta_sensor_async.py took 0.245 seconds
[2022-06-17 13:15:12,058] {processor.py:153} INFO - Started process (PID=18994) to work on /home/jarret/data-engineering-bootcamp/workspace/airflow-code-review/venv/lib/python3.7/site-packages/airflow/example_dags/example_time_delta_sensor_async.py
[2022-06-17 13:15:12,059] {processor.py:641} INFO - Processing file /home/jarret/data-engineering-bootcamp/workspace/airflow-code-review/venv/lib/python3.7/site-packages/airflow/example_dags/example_time_delta_sensor_async.py for tasks to queue
[2022-06-17 13:15:12,060] {logging_mixin.py:115} INFO - [2022-06-17 13:15:12,060] {dagbag.py:507} INFO - Filling up the DagBag from /home/jarret/data-engineering-bootcamp/workspace/airflow-code-review/venv/lib/python3.7/site-packages/airflow/example_dags/example_time_delta_sensor_async.py
[2022-06-17 13:15:12,065] {processor.py:651} INFO - DAG(s) dict_keys(['example_time_delta_sensor_async']) retrieved from /home/jarret/data-engineering-bootcamp/workspace/airflow-code-review/venv/lib/python3.7/site-packages/airflow/example_dags/example_time_delta_sensor_async.py
[2022-06-17 13:15:12,082] {logging_mixin.py:115} INFO - [2022-06-17 13:15:12,082] {dag.py:2379} INFO - Sync 1 DAGs
[2022-06-17 13:15:12,098] {logging_mixin.py:115} INFO - [2022-06-17 13:15:12,098] {dag.py:2931} INFO - Setting next_dagrun for example_time_delta_sensor_async to None, run_after=None
[2022-06-17 13:15:12,444] {processor.py:161} INFO - Processing /home/jarret/data-engineering-bootcamp/workspace/airflow-code-review/venv/lib/python3.7/site-packages/airflow/example_dags/example_time_delta_sensor_async.py took 0.389 seconds
[2022-06-17 13:16:00,320] {processor.py:153} INFO - Started process (PID=19036) to work on /home/jarret/data-engineering-bootcamp/workspace/airflow-code-review/venv/lib/python3.7/site-packages/airflow/example_dags/example_time_delta_sensor_async.py
[2022-06-17 13:16:00,323] {processor.py:641} INFO - Processing file /home/jarret/data-engineering-bootcamp/workspace/airflow-code-review/venv/lib/python3.7/site-packages/airflow/example_dags/example_time_delta_sensor_async.py for tasks to queue
[2022-06-17 13:16:00,323] {logging_mixin.py:115} INFO - [2022-06-17 13:16:00,323] {dagbag.py:507} INFO - Filling up the DagBag from /home/jarret/data-engineering-bootcamp/workspace/airflow-code-review/venv/lib/python3.7/site-packages/airflow/example_dags/example_time_delta_sensor_async.py
[2022-06-17 13:16:00,326] {processor.py:651} INFO - DAG(s) dict_keys(['example_time_delta_sensor_async']) retrieved from /home/jarret/data-engineering-bootcamp/workspace/airflow-code-review/venv/lib/python3.7/site-packages/airflow/example_dags/example_time_delta_sensor_async.py
[2022-06-17 13:16:00,343] {logging_mixin.py:115} INFO - [2022-06-17 13:16:00,343] {dag.py:2379} INFO - Sync 1 DAGs
[2022-06-17 13:16:00,359] {logging_mixin.py:115} INFO - [2022-06-17 13:16:00,359] {dag.py:2931} INFO - Setting next_dagrun for example_time_delta_sensor_async to None, run_after=None
[2022-06-17 13:16:02,072] {processor.py:161} INFO - Processing /home/jarret/data-engineering-bootcamp/workspace/airflow-code-review/venv/lib/python3.7/site-packages/airflow/example_dags/example_time_delta_sensor_async.py took 1.756 seconds
[2022-06-17 13:16:48,828] {processor.py:153} INFO - Started process (PID=19078) to work on /home/jarret/data-engineering-bootcamp/workspace/airflow-code-review/venv/lib/python3.7/site-packages/airflow/example_dags/example_time_delta_sensor_async.py
[2022-06-17 13:16:48,833] {processor.py:641} INFO - Processing file /home/jarret/data-engineering-bootcamp/workspace/airflow-code-review/venv/lib/python3.7/site-packages/airflow/example_dags/example_time_delta_sensor_async.py for tasks to queue
[2022-06-17 13:16:48,833] {logging_mixin.py:115} INFO - [2022-06-17 13:16:48,833] {dagbag.py:507} INFO - Filling up the DagBag from /home/jarret/data-engineering-bootcamp/workspace/airflow-code-review/venv/lib/python3.7/site-packages/airflow/example_dags/example_time_delta_sensor_async.py
[2022-06-17 13:16:48,836] {processor.py:651} INFO - DAG(s) dict_keys(['example_time_delta_sensor_async']) retrieved from /home/jarret/data-engineering-bootcamp/workspace/airflow-code-review/venv/lib/python3.7/site-packages/airflow/example_dags/example_time_delta_sensor_async.py
[2022-06-17 13:16:48,853] {logging_mixin.py:115} INFO - [2022-06-17 13:16:48,853] {dag.py:2379} INFO - Sync 1 DAGs
[2022-06-17 13:16:48,870] {logging_mixin.py:115} INFO - [2022-06-17 13:16:48,870] {dag.py:2931} INFO - Setting next_dagrun for example_time_delta_sensor_async to None, run_after=None
[2022-06-17 13:16:49,003] {processor.py:161} INFO - Processing /home/jarret/data-engineering-bootcamp/workspace/airflow-code-review/venv/lib/python3.7/site-packages/airflow/example_dags/example_time_delta_sensor_async.py took 0.178 seconds
[2022-06-17 13:17:40,757] {processor.py:153} INFO - Started process (PID=19138) to work on /home/jarret/data-engineering-bootcamp/workspace/airflow-code-review/venv/lib/python3.7/site-packages/airflow/example_dags/example_time_delta_sensor_async.py
[2022-06-17 13:17:40,781] {processor.py:641} INFO - Processing file /home/jarret/data-engineering-bootcamp/workspace/airflow-code-review/venv/lib/python3.7/site-packages/airflow/example_dags/example_time_delta_sensor_async.py for tasks to queue
[2022-06-17 13:17:40,781] {logging_mixin.py:115} INFO - [2022-06-17 13:17:40,781] {dagbag.py:507} INFO - Filling up the DagBag from /home/jarret/data-engineering-bootcamp/workspace/airflow-code-review/venv/lib/python3.7/site-packages/airflow/example_dags/example_time_delta_sensor_async.py
[2022-06-17 13:17:40,785] {processor.py:651} INFO - DAG(s) dict_keys(['example_time_delta_sensor_async']) retrieved from /home/jarret/data-engineering-bootcamp/workspace/airflow-code-review/venv/lib/python3.7/site-packages/airflow/example_dags/example_time_delta_sensor_async.py
[2022-06-17 13:17:40,803] {logging_mixin.py:115} INFO - [2022-06-17 13:17:40,803] {dag.py:2379} INFO - Sync 1 DAGs
[2022-06-17 13:17:40,819] {logging_mixin.py:115} INFO - [2022-06-17 13:17:40,819] {dag.py:2931} INFO - Setting next_dagrun for example_time_delta_sensor_async to None, run_after=None
[2022-06-17 13:17:41,846] {processor.py:161} INFO - Processing /home/jarret/data-engineering-bootcamp/workspace/airflow-code-review/venv/lib/python3.7/site-packages/airflow/example_dags/example_time_delta_sensor_async.py took 1.093 seconds
[2022-06-17 13:18:43,530] {processor.py:153} INFO - Started process (PID=19201) to work on /home/jarret/data-engineering-bootcamp/workspace/airflow-code-review/venv/lib/python3.7/site-packages/airflow/example_dags/example_time_delta_sensor_async.py
[2022-06-17 13:18:43,551] {processor.py:641} INFO - Processing file /home/jarret/data-engineering-bootcamp/workspace/airflow-code-review/venv/lib/python3.7/site-packages/airflow/example_dags/example_time_delta_sensor_async.py for tasks to queue
[2022-06-17 13:18:43,552] {logging_mixin.py:115} INFO - [2022-06-17 13:18:43,552] {dagbag.py:507} INFO - Filling up the DagBag from /home/jarret/data-engineering-bootcamp/workspace/airflow-code-review/venv/lib/python3.7/site-packages/airflow/example_dags/example_time_delta_sensor_async.py
[2022-06-17 13:18:43,556] {processor.py:651} INFO - DAG(s) dict_keys(['example_time_delta_sensor_async']) retrieved from /home/jarret/data-engineering-bootcamp/workspace/airflow-code-review/venv/lib/python3.7/site-packages/airflow/example_dags/example_time_delta_sensor_async.py
[2022-06-17 13:18:43,574] {logging_mixin.py:115} INFO - [2022-06-17 13:18:43,574] {dag.py:2379} INFO - Sync 1 DAGs
[2022-06-17 13:18:43,591] {logging_mixin.py:115} INFO - [2022-06-17 13:18:43,591] {dag.py:2931} INFO - Setting next_dagrun for example_time_delta_sensor_async to None, run_after=None
[2022-06-17 13:18:43,724] {processor.py:161} INFO - Processing /home/jarret/data-engineering-bootcamp/workspace/airflow-code-review/venv/lib/python3.7/site-packages/airflow/example_dags/example_time_delta_sensor_async.py took 0.198 seconds
[2022-06-17 13:19:46,428] {processor.py:153} INFO - Started process (PID=19264) to work on /home/jarret/data-engineering-bootcamp/workspace/airflow-code-review/venv/lib/python3.7/site-packages/airflow/example_dags/example_time_delta_sensor_async.py
[2022-06-17 13:19:46,430] {processor.py:641} INFO - Processing file /home/jarret/data-engineering-bootcamp/workspace/airflow-code-review/venv/lib/python3.7/site-packages/airflow/example_dags/example_time_delta_sensor_async.py for tasks to queue
[2022-06-17 13:19:46,431] {logging_mixin.py:115} INFO - [2022-06-17 13:19:46,431] {dagbag.py:507} INFO - Filling up the DagBag from /home/jarret/data-engineering-bootcamp/workspace/airflow-code-review/venv/lib/python3.7/site-packages/airflow/example_dags/example_time_delta_sensor_async.py
[2022-06-17 13:19:46,437] {processor.py:651} INFO - DAG(s) dict_keys(['example_time_delta_sensor_async']) retrieved from /home/jarret/data-engineering-bootcamp/workspace/airflow-code-review/venv/lib/python3.7/site-packages/airflow/example_dags/example_time_delta_sensor_async.py
[2022-06-17 13:19:46,457] {logging_mixin.py:115} INFO - [2022-06-17 13:19:46,457] {dag.py:2379} INFO - Sync 1 DAGs
[2022-06-17 13:19:46,473] {logging_mixin.py:115} INFO - [2022-06-17 13:19:46,473] {dag.py:2931} INFO - Setting next_dagrun for example_time_delta_sensor_async to None, run_after=None
[2022-06-17 13:19:46,600] {processor.py:161} INFO - Processing /home/jarret/data-engineering-bootcamp/workspace/airflow-code-review/venv/lib/python3.7/site-packages/airflow/example_dags/example_time_delta_sensor_async.py took 0.175 seconds
[2022-06-17 13:20:54,821] {processor.py:153} INFO - Started process (PID=19381) to work on /home/jarret/data-engineering-bootcamp/workspace/airflow-code-review/venv/lib/python3.7/site-packages/airflow/example_dags/example_time_delta_sensor_async.py
[2022-06-17 13:20:54,830] {processor.py:641} INFO - Processing file /home/jarret/data-engineering-bootcamp/workspace/airflow-code-review/venv/lib/python3.7/site-packages/airflow/example_dags/example_time_delta_sensor_async.py for tasks to queue
[2022-06-17 13:20:54,830] {logging_mixin.py:115} INFO - [2022-06-17 13:20:54,830] {dagbag.py:507} INFO - Filling up the DagBag from /home/jarret/data-engineering-bootcamp/workspace/airflow-code-review/venv/lib/python3.7/site-packages/airflow/example_dags/example_time_delta_sensor_async.py
[2022-06-17 13:20:54,833] {processor.py:651} INFO - DAG(s) dict_keys(['example_time_delta_sensor_async']) retrieved from /home/jarret/data-engineering-bootcamp/workspace/airflow-code-review/venv/lib/python3.7/site-packages/airflow/example_dags/example_time_delta_sensor_async.py
[2022-06-17 13:20:54,851] {logging_mixin.py:115} INFO - [2022-06-17 13:20:54,851] {dag.py:2379} INFO - Sync 1 DAGs
[2022-06-17 13:20:54,869] {logging_mixin.py:115} INFO - [2022-06-17 13:20:54,868] {dag.py:2931} INFO - Setting next_dagrun for example_time_delta_sensor_async to None, run_after=None
[2022-06-17 13:20:54,990] {processor.py:161} INFO - Processing /home/jarret/data-engineering-bootcamp/workspace/airflow-code-review/venv/lib/python3.7/site-packages/airflow/example_dags/example_time_delta_sensor_async.py took 0.171 seconds
[2022-06-17 13:21:51,886] {processor.py:153} INFO - Started process (PID=19497) to work on /home/jarret/data-engineering-bootcamp/workspace/airflow-code-review/venv/lib/python3.7/site-packages/airflow/example_dags/example_time_delta_sensor_async.py
[2022-06-17 13:21:51,894] {processor.py:641} INFO - Processing file /home/jarret/data-engineering-bootcamp/workspace/airflow-code-review/venv/lib/python3.7/site-packages/airflow/example_dags/example_time_delta_sensor_async.py for tasks to queue
[2022-06-17 13:21:51,895] {logging_mixin.py:115} INFO - [2022-06-17 13:21:51,894] {dagbag.py:507} INFO - Filling up the DagBag from /home/jarret/data-engineering-bootcamp/workspace/airflow-code-review/venv/lib/python3.7/site-packages/airflow/example_dags/example_time_delta_sensor_async.py
[2022-06-17 13:21:51,898] {processor.py:651} INFO - DAG(s) dict_keys(['example_time_delta_sensor_async']) retrieved from /home/jarret/data-engineering-bootcamp/workspace/airflow-code-review/venv/lib/python3.7/site-packages/airflow/example_dags/example_time_delta_sensor_async.py
[2022-06-17 13:21:51,915] {logging_mixin.py:115} INFO - [2022-06-17 13:21:51,915] {dag.py:2379} INFO - Sync 1 DAGs
[2022-06-17 13:21:51,931] {logging_mixin.py:115} INFO - [2022-06-17 13:21:51,931] {dag.py:2931} INFO - Setting next_dagrun for example_time_delta_sensor_async to None, run_after=None
[2022-06-17 13:21:53,569] {processor.py:161} INFO - Processing /home/jarret/data-engineering-bootcamp/workspace/airflow-code-review/venv/lib/python3.7/site-packages/airflow/example_dags/example_time_delta_sensor_async.py took 1.686 seconds
[2022-06-17 13:22:52,760] {processor.py:153} INFO - Started process (PID=19599) to work on /home/jarret/data-engineering-bootcamp/workspace/airflow-code-review/venv/lib/python3.7/site-packages/airflow/example_dags/example_time_delta_sensor_async.py
[2022-06-17 13:22:52,761] {processor.py:641} INFO - Processing file /home/jarret/data-engineering-bootcamp/workspace/airflow-code-review/venv/lib/python3.7/site-packages/airflow/example_dags/example_time_delta_sensor_async.py for tasks to queue
[2022-06-17 13:22:52,761] {logging_mixin.py:115} INFO - [2022-06-17 13:22:52,761] {dagbag.py:507} INFO - Filling up the DagBag from /home/jarret/data-engineering-bootcamp/workspace/airflow-code-review/venv/lib/python3.7/site-packages/airflow/example_dags/example_time_delta_sensor_async.py
[2022-06-17 13:22:52,765] {processor.py:651} INFO - DAG(s) dict_keys(['example_time_delta_sensor_async']) retrieved from /home/jarret/data-engineering-bootcamp/workspace/airflow-code-review/venv/lib/python3.7/site-packages/airflow/example_dags/example_time_delta_sensor_async.py
[2022-06-17 13:22:52,782] {logging_mixin.py:115} INFO - [2022-06-17 13:22:52,782] {dag.py:2379} INFO - Sync 1 DAGs
[2022-06-17 13:22:52,800] {logging_mixin.py:115} INFO - [2022-06-17 13:22:52,800] {dag.py:2931} INFO - Setting next_dagrun for example_time_delta_sensor_async to None, run_after=None
[2022-06-17 13:22:52,920] {processor.py:161} INFO - Processing /home/jarret/data-engineering-bootcamp/workspace/airflow-code-review/venv/lib/python3.7/site-packages/airflow/example_dags/example_time_delta_sensor_async.py took 0.163 seconds
[2022-06-17 13:23:55,499] {processor.py:153} INFO - Started process (PID=19724) to work on /home/jarret/data-engineering-bootcamp/workspace/airflow-code-review/venv/lib/python3.7/site-packages/airflow/example_dags/example_time_delta_sensor_async.py
[2022-06-17 13:23:55,500] {processor.py:641} INFO - Processing file /home/jarret/data-engineering-bootcamp/workspace/airflow-code-review/venv/lib/python3.7/site-packages/airflow/example_dags/example_time_delta_sensor_async.py for tasks to queue
[2022-06-17 13:23:55,501] {logging_mixin.py:115} INFO - [2022-06-17 13:23:55,501] {dagbag.py:507} INFO - Filling up the DagBag from /home/jarret/data-engineering-bootcamp/workspace/airflow-code-review/venv/lib/python3.7/site-packages/airflow/example_dags/example_time_delta_sensor_async.py
[2022-06-17 13:23:55,506] {processor.py:651} INFO - DAG(s) dict_keys(['example_time_delta_sensor_async']) retrieved from /home/jarret/data-engineering-bootcamp/workspace/airflow-code-review/venv/lib/python3.7/site-packages/airflow/example_dags/example_time_delta_sensor_async.py
[2022-06-17 13:23:55,523] {logging_mixin.py:115} INFO - [2022-06-17 13:23:55,523] {dag.py:2379} INFO - Sync 1 DAGs
[2022-06-17 13:23:55,539] {logging_mixin.py:115} INFO - [2022-06-17 13:23:55,539] {dag.py:2931} INFO - Setting next_dagrun for example_time_delta_sensor_async to None, run_after=None
[2022-06-17 13:23:56,009] {processor.py:161} INFO - Processing /home/jarret/data-engineering-bootcamp/workspace/airflow-code-review/venv/lib/python3.7/site-packages/airflow/example_dags/example_time_delta_sensor_async.py took 0.513 seconds
[2022-06-17 13:24:57,117] {processor.py:153} INFO - Started process (PID=19843) to work on /home/jarret/data-engineering-bootcamp/workspace/airflow-code-review/venv/lib/python3.7/site-packages/airflow/example_dags/example_time_delta_sensor_async.py
[2022-06-17 13:24:57,118] {processor.py:641} INFO - Processing file /home/jarret/data-engineering-bootcamp/workspace/airflow-code-review/venv/lib/python3.7/site-packages/airflow/example_dags/example_time_delta_sensor_async.py for tasks to queue
[2022-06-17 13:24:57,119] {logging_mixin.py:115} INFO - [2022-06-17 13:24:57,118] {dagbag.py:507} INFO - Filling up the DagBag from /home/jarret/data-engineering-bootcamp/workspace/airflow-code-review/venv/lib/python3.7/site-packages/airflow/example_dags/example_time_delta_sensor_async.py
[2022-06-17 13:24:57,125] {processor.py:651} INFO - DAG(s) dict_keys(['example_time_delta_sensor_async']) retrieved from /home/jarret/data-engineering-bootcamp/workspace/airflow-code-review/venv/lib/python3.7/site-packages/airflow/example_dags/example_time_delta_sensor_async.py
[2022-06-17 13:24:57,143] {logging_mixin.py:115} INFO - [2022-06-17 13:24:57,143] {dag.py:2379} INFO - Sync 1 DAGs
[2022-06-17 13:24:57,159] {logging_mixin.py:115} INFO - [2022-06-17 13:24:57,159] {dag.py:2931} INFO - Setting next_dagrun for example_time_delta_sensor_async to None, run_after=None
[2022-06-17 13:24:57,299] {processor.py:161} INFO - Processing /home/jarret/data-engineering-bootcamp/workspace/airflow-code-review/venv/lib/python3.7/site-packages/airflow/example_dags/example_time_delta_sensor_async.py took 0.186 seconds
[2022-06-17 13:25:48,889] {processor.py:153} INFO - Started process (PID=19945) to work on /home/jarret/data-engineering-bootcamp/workspace/airflow-code-review/venv/lib/python3.7/site-packages/airflow/example_dags/example_time_delta_sensor_async.py
[2022-06-17 13:25:48,897] {processor.py:641} INFO - Processing file /home/jarret/data-engineering-bootcamp/workspace/airflow-code-review/venv/lib/python3.7/site-packages/airflow/example_dags/example_time_delta_sensor_async.py for tasks to queue
[2022-06-17 13:25:48,897] {logging_mixin.py:115} INFO - [2022-06-17 13:25:48,897] {dagbag.py:507} INFO - Filling up the DagBag from /home/jarret/data-engineering-bootcamp/workspace/airflow-code-review/venv/lib/python3.7/site-packages/airflow/example_dags/example_time_delta_sensor_async.py
[2022-06-17 13:25:48,900] {processor.py:651} INFO - DAG(s) dict_keys(['example_time_delta_sensor_async']) retrieved from /home/jarret/data-engineering-bootcamp/workspace/airflow-code-review/venv/lib/python3.7/site-packages/airflow/example_dags/example_time_delta_sensor_async.py
[2022-06-17 13:25:48,917] {logging_mixin.py:115} INFO - [2022-06-17 13:25:48,917] {dag.py:2379} INFO - Sync 1 DAGs
[2022-06-17 13:25:48,934] {logging_mixin.py:115} INFO - [2022-06-17 13:25:48,934] {dag.py:2931} INFO - Setting next_dagrun for example_time_delta_sensor_async to None, run_after=None
[2022-06-17 13:25:49,060] {processor.py:161} INFO - Processing /home/jarret/data-engineering-bootcamp/workspace/airflow-code-review/venv/lib/python3.7/site-packages/airflow/example_dags/example_time_delta_sensor_async.py took 0.175 seconds
[2022-06-17 13:26:42,451] {processor.py:153} INFO - Started process (PID=20054) to work on /home/jarret/data-engineering-bootcamp/workspace/airflow-code-review/venv/lib/python3.7/site-packages/airflow/example_dags/example_time_delta_sensor_async.py
[2022-06-17 13:26:42,462] {processor.py:641} INFO - Processing file /home/jarret/data-engineering-bootcamp/workspace/airflow-code-review/venv/lib/python3.7/site-packages/airflow/example_dags/example_time_delta_sensor_async.py for tasks to queue
[2022-06-17 13:26:42,463] {logging_mixin.py:115} INFO - [2022-06-17 13:26:42,463] {dagbag.py:507} INFO - Filling up the DagBag from /home/jarret/data-engineering-bootcamp/workspace/airflow-code-review/venv/lib/python3.7/site-packages/airflow/example_dags/example_time_delta_sensor_async.py
[2022-06-17 13:26:42,466] {processor.py:651} INFO - DAG(s) dict_keys(['example_time_delta_sensor_async']) retrieved from /home/jarret/data-engineering-bootcamp/workspace/airflow-code-review/venv/lib/python3.7/site-packages/airflow/example_dags/example_time_delta_sensor_async.py
[2022-06-17 13:26:42,483] {logging_mixin.py:115} INFO - [2022-06-17 13:26:42,483] {dag.py:2379} INFO - Sync 1 DAGs
[2022-06-17 13:26:42,500] {logging_mixin.py:115} INFO - [2022-06-17 13:26:42,499] {dag.py:2931} INFO - Setting next_dagrun for example_time_delta_sensor_async to None, run_after=None
[2022-06-17 13:26:42,626] {processor.py:161} INFO - Processing /home/jarret/data-engineering-bootcamp/workspace/airflow-code-review/venv/lib/python3.7/site-packages/airflow/example_dags/example_time_delta_sensor_async.py took 0.178 seconds
[2022-06-17 13:27:48,667] {processor.py:153} INFO - Started process (PID=20187) to work on /home/jarret/data-engineering-bootcamp/workspace/airflow-code-review/venv/lib/python3.7/site-packages/airflow/example_dags/example_time_delta_sensor_async.py
[2022-06-17 13:27:48,668] {processor.py:641} INFO - Processing file /home/jarret/data-engineering-bootcamp/workspace/airflow-code-review/venv/lib/python3.7/site-packages/airflow/example_dags/example_time_delta_sensor_async.py for tasks to queue
[2022-06-17 13:27:48,669] {logging_mixin.py:115} INFO - [2022-06-17 13:27:48,669] {dagbag.py:507} INFO - Filling up the DagBag from /home/jarret/data-engineering-bootcamp/workspace/airflow-code-review/venv/lib/python3.7/site-packages/airflow/example_dags/example_time_delta_sensor_async.py
[2022-06-17 13:27:48,673] {processor.py:651} INFO - DAG(s) dict_keys(['example_time_delta_sensor_async']) retrieved from /home/jarret/data-engineering-bootcamp/workspace/airflow-code-review/venv/lib/python3.7/site-packages/airflow/example_dags/example_time_delta_sensor_async.py
[2022-06-17 13:27:48,690] {logging_mixin.py:115} INFO - [2022-06-17 13:27:48,690] {dag.py:2379} INFO - Sync 1 DAGs
[2022-06-17 13:27:48,707] {logging_mixin.py:115} INFO - [2022-06-17 13:27:48,706] {dag.py:2931} INFO - Setting next_dagrun for example_time_delta_sensor_async to None, run_after=None
[2022-06-17 13:27:48,844] {processor.py:161} INFO - Processing /home/jarret/data-engineering-bootcamp/workspace/airflow-code-review/venv/lib/python3.7/site-packages/airflow/example_dags/example_time_delta_sensor_async.py took 0.180 seconds
[2022-06-17 13:28:47,226] {processor.py:153} INFO - Started process (PID=20271) to work on /home/jarret/data-engineering-bootcamp/workspace/airflow-code-review/venv/lib/python3.7/site-packages/airflow/example_dags/example_time_delta_sensor_async.py
[2022-06-17 13:28:47,227] {processor.py:641} INFO - Processing file /home/jarret/data-engineering-bootcamp/workspace/airflow-code-review/venv/lib/python3.7/site-packages/airflow/example_dags/example_time_delta_sensor_async.py for tasks to queue
[2022-06-17 13:28:47,228] {logging_mixin.py:115} INFO - [2022-06-17 13:28:47,228] {dagbag.py:507} INFO - Filling up the DagBag from /home/jarret/data-engineering-bootcamp/workspace/airflow-code-review/venv/lib/python3.7/site-packages/airflow/example_dags/example_time_delta_sensor_async.py
[2022-06-17 13:28:47,234] {processor.py:651} INFO - DAG(s) dict_keys(['example_time_delta_sensor_async']) retrieved from /home/jarret/data-engineering-bootcamp/workspace/airflow-code-review/venv/lib/python3.7/site-packages/airflow/example_dags/example_time_delta_sensor_async.py
[2022-06-17 13:28:47,257] {logging_mixin.py:115} INFO - [2022-06-17 13:28:47,256] {dag.py:2379} INFO - Sync 1 DAGs
[2022-06-17 13:28:47,272] {logging_mixin.py:115} INFO - [2022-06-17 13:28:47,272] {dag.py:2931} INFO - Setting next_dagrun for example_time_delta_sensor_async to None, run_after=None
[2022-06-17 13:28:47,387] {processor.py:161} INFO - Processing /home/jarret/data-engineering-bootcamp/workspace/airflow-code-review/venv/lib/python3.7/site-packages/airflow/example_dags/example_time_delta_sensor_async.py took 0.164 seconds
[2022-06-17 13:29:45,097] {processor.py:153} INFO - Started process (PID=20525) to work on /home/jarret/data-engineering-bootcamp/workspace/airflow-code-review/venv/lib/python3.7/site-packages/airflow/example_dags/example_time_delta_sensor_async.py
[2022-06-17 13:29:45,099] {processor.py:641} INFO - Processing file /home/jarret/data-engineering-bootcamp/workspace/airflow-code-review/venv/lib/python3.7/site-packages/airflow/example_dags/example_time_delta_sensor_async.py for tasks to queue
[2022-06-17 13:29:45,099] {logging_mixin.py:115} INFO - [2022-06-17 13:29:45,099] {dagbag.py:507} INFO - Filling up the DagBag from /home/jarret/data-engineering-bootcamp/workspace/airflow-code-review/venv/lib/python3.7/site-packages/airflow/example_dags/example_time_delta_sensor_async.py
[2022-06-17 13:29:45,103] {processor.py:651} INFO - DAG(s) dict_keys(['example_time_delta_sensor_async']) retrieved from /home/jarret/data-engineering-bootcamp/workspace/airflow-code-review/venv/lib/python3.7/site-packages/airflow/example_dags/example_time_delta_sensor_async.py
[2022-06-17 13:29:45,120] {logging_mixin.py:115} INFO - [2022-06-17 13:29:45,119] {dag.py:2379} INFO - Sync 1 DAGs
[2022-06-17 13:29:45,135] {logging_mixin.py:115} INFO - [2022-06-17 13:29:45,135] {dag.py:2931} INFO - Setting next_dagrun for example_time_delta_sensor_async to None, run_after=None
[2022-06-17 13:29:45,666] {processor.py:161} INFO - Processing /home/jarret/data-engineering-bootcamp/workspace/airflow-code-review/venv/lib/python3.7/site-packages/airflow/example_dags/example_time_delta_sensor_async.py took 0.572 seconds
[2022-06-17 13:30:41,695] {processor.py:153} INFO - Started process (PID=20634) to work on /home/jarret/data-engineering-bootcamp/workspace/airflow-code-review/venv/lib/python3.7/site-packages/airflow/example_dags/example_time_delta_sensor_async.py
[2022-06-17 13:30:41,696] {processor.py:641} INFO - Processing file /home/jarret/data-engineering-bootcamp/workspace/airflow-code-review/venv/lib/python3.7/site-packages/airflow/example_dags/example_time_delta_sensor_async.py for tasks to queue
[2022-06-17 13:30:41,697] {logging_mixin.py:115} INFO - [2022-06-17 13:30:41,697] {dagbag.py:507} INFO - Filling up the DagBag from /home/jarret/data-engineering-bootcamp/workspace/airflow-code-review/venv/lib/python3.7/site-packages/airflow/example_dags/example_time_delta_sensor_async.py
[2022-06-17 13:30:41,700] {processor.py:651} INFO - DAG(s) dict_keys(['example_time_delta_sensor_async']) retrieved from /home/jarret/data-engineering-bootcamp/workspace/airflow-code-review/venv/lib/python3.7/site-packages/airflow/example_dags/example_time_delta_sensor_async.py
[2022-06-17 13:30:41,717] {logging_mixin.py:115} INFO - [2022-06-17 13:30:41,717] {dag.py:2379} INFO - Sync 1 DAGs
[2022-06-17 13:30:41,733] {logging_mixin.py:115} INFO - [2022-06-17 13:30:41,733] {dag.py:2931} INFO - Setting next_dagrun for example_time_delta_sensor_async to None, run_after=None
[2022-06-17 13:30:43,111] {processor.py:161} INFO - Processing /home/jarret/data-engineering-bootcamp/workspace/airflow-code-review/venv/lib/python3.7/site-packages/airflow/example_dags/example_time_delta_sensor_async.py took 1.420 seconds
[2022-06-17 13:31:40,836] {processor.py:153} INFO - Started process (PID=20881) to work on /home/jarret/data-engineering-bootcamp/workspace/airflow-code-review/venv/lib/python3.7/site-packages/airflow/example_dags/example_time_delta_sensor_async.py
[2022-06-17 13:31:40,847] {processor.py:641} INFO - Processing file /home/jarret/data-engineering-bootcamp/workspace/airflow-code-review/venv/lib/python3.7/site-packages/airflow/example_dags/example_time_delta_sensor_async.py for tasks to queue
[2022-06-17 13:31:40,848] {logging_mixin.py:115} INFO - [2022-06-17 13:31:40,848] {dagbag.py:507} INFO - Filling up the DagBag from /home/jarret/data-engineering-bootcamp/workspace/airflow-code-review/venv/lib/python3.7/site-packages/airflow/example_dags/example_time_delta_sensor_async.py
[2022-06-17 13:31:40,851] {processor.py:651} INFO - DAG(s) dict_keys(['example_time_delta_sensor_async']) retrieved from /home/jarret/data-engineering-bootcamp/workspace/airflow-code-review/venv/lib/python3.7/site-packages/airflow/example_dags/example_time_delta_sensor_async.py
[2022-06-17 13:31:40,868] {logging_mixin.py:115} INFO - [2022-06-17 13:31:40,868] {dag.py:2379} INFO - Sync 1 DAGs
[2022-06-17 13:31:40,884] {logging_mixin.py:115} INFO - [2022-06-17 13:31:40,884] {dag.py:2931} INFO - Setting next_dagrun for example_time_delta_sensor_async to None, run_after=None
[2022-06-17 13:31:42,404] {processor.py:161} INFO - Processing /home/jarret/data-engineering-bootcamp/workspace/airflow-code-review/venv/lib/python3.7/site-packages/airflow/example_dags/example_time_delta_sensor_async.py took 1.570 seconds
[2022-06-17 13:32:38,115] {processor.py:153} INFO - Started process (PID=21999) to work on /home/jarret/data-engineering-bootcamp/workspace/airflow-code-review/venv/lib/python3.7/site-packages/airflow/example_dags/example_time_delta_sensor_async.py
[2022-06-17 13:32:38,116] {processor.py:641} INFO - Processing file /home/jarret/data-engineering-bootcamp/workspace/airflow-code-review/venv/lib/python3.7/site-packages/airflow/example_dags/example_time_delta_sensor_async.py for tasks to queue
[2022-06-17 13:32:38,117] {logging_mixin.py:115} INFO - [2022-06-17 13:32:38,117] {dagbag.py:507} INFO - Filling up the DagBag from /home/jarret/data-engineering-bootcamp/workspace/airflow-code-review/venv/lib/python3.7/site-packages/airflow/example_dags/example_time_delta_sensor_async.py
[2022-06-17 13:32:38,123] {processor.py:651} INFO - DAG(s) dict_keys(['example_time_delta_sensor_async']) retrieved from /home/jarret/data-engineering-bootcamp/workspace/airflow-code-review/venv/lib/python3.7/site-packages/airflow/example_dags/example_time_delta_sensor_async.py
[2022-06-17 13:32:38,143] {logging_mixin.py:115} INFO - [2022-06-17 13:32:38,143] {dag.py:2379} INFO - Sync 1 DAGs
[2022-06-17 13:32:38,160] {logging_mixin.py:115} INFO - [2022-06-17 13:32:38,160] {dag.py:2931} INFO - Setting next_dagrun for example_time_delta_sensor_async to None, run_after=None
[2022-06-17 13:32:38,318] {processor.py:161} INFO - Processing /home/jarret/data-engineering-bootcamp/workspace/airflow-code-review/venv/lib/python3.7/site-packages/airflow/example_dags/example_time_delta_sensor_async.py took 0.207 seconds
[2022-06-17 13:33:51,789] {processor.py:153} INFO - Started process (PID=23033) to work on /home/jarret/data-engineering-bootcamp/workspace/airflow-code-review/venv/lib/python3.7/site-packages/airflow/example_dags/example_time_delta_sensor_async.py
[2022-06-17 13:33:51,813] {processor.py:641} INFO - Processing file /home/jarret/data-engineering-bootcamp/workspace/airflow-code-review/venv/lib/python3.7/site-packages/airflow/example_dags/example_time_delta_sensor_async.py for tasks to queue
[2022-06-17 13:33:51,814] {logging_mixin.py:115} INFO - [2022-06-17 13:33:51,814] {dagbag.py:507} INFO - Filling up the DagBag from /home/jarret/data-engineering-bootcamp/workspace/airflow-code-review/venv/lib/python3.7/site-packages/airflow/example_dags/example_time_delta_sensor_async.py
[2022-06-17 13:33:51,818] {processor.py:651} INFO - DAG(s) dict_keys(['example_time_delta_sensor_async']) retrieved from /home/jarret/data-engineering-bootcamp/workspace/airflow-code-review/venv/lib/python3.7/site-packages/airflow/example_dags/example_time_delta_sensor_async.py
[2022-06-17 13:33:51,836] {logging_mixin.py:115} INFO - [2022-06-17 13:33:51,836] {dag.py:2379} INFO - Sync 1 DAGs
[2022-06-17 13:33:51,852] {logging_mixin.py:115} INFO - [2022-06-17 13:33:51,852] {dag.py:2931} INFO - Setting next_dagrun for example_time_delta_sensor_async to None, run_after=None
[2022-06-17 13:33:52,731] {processor.py:161} INFO - Processing /home/jarret/data-engineering-bootcamp/workspace/airflow-code-review/venv/lib/python3.7/site-packages/airflow/example_dags/example_time_delta_sensor_async.py took 0.944 seconds
