[2022-06-17 12:37:21,645] {processor.py:153} INFO - Started process (PID=15727) to work on /home/jarret/data-engineering-bootcamp/workspace/airflow-code-review/venv/lib/python3.7/site-packages/airflow/example_dags/example_bash_operator.py
[2022-06-17 12:37:21,646] {processor.py:641} INFO - Processing file /home/jarret/data-engineering-bootcamp/workspace/airflow-code-review/venv/lib/python3.7/site-packages/airflow/example_dags/example_bash_operator.py for tasks to queue
[2022-06-17 12:37:21,646] {logging_mixin.py:115} INFO - [2022-06-17 12:37:21,646] {dagbag.py:507} INFO - Filling up the DagBag from /home/jarret/data-engineering-bootcamp/workspace/airflow-code-review/venv/lib/python3.7/site-packages/airflow/example_dags/example_bash_operator.py
[2022-06-17 12:37:21,653] {processor.py:651} INFO - DAG(s) dict_keys(['example_bash_operator']) retrieved from /home/jarret/data-engineering-bootcamp/workspace/airflow-code-review/venv/lib/python3.7/site-packages/airflow/example_dags/example_bash_operator.py
[2022-06-17 12:37:23,618] {logging_mixin.py:115} INFO - [2022-06-17 12:37:23,618] {manager.py:508} INFO - Created Permission View: can read on DAG:example_bash_operator
[2022-06-17 12:37:23,734] {logging_mixin.py:115} INFO - [2022-06-17 12:37:23,734] {manager.py:508} INFO - Created Permission View: can delete on DAG:example_bash_operator
[2022-06-17 12:37:23,859] {logging_mixin.py:115} INFO - [2022-06-17 12:37:23,859] {manager.py:508} INFO - Created Permission View: can edit on DAG:example_bash_operator
[2022-06-17 12:37:23,859] {logging_mixin.py:115} INFO - [2022-06-17 12:37:23,859] {dag.py:2379} INFO - Sync 1 DAGs
[2022-06-17 12:37:23,869] {logging_mixin.py:115} INFO - [2022-06-17 12:37:23,869] {dag.py:2398} INFO - Creating ORM DAG for example_bash_operator
[2022-06-17 12:37:23,879] {logging_mixin.py:115} INFO - [2022-06-17 12:37:23,879] {dag.py:2931} INFO - Setting next_dagrun for example_bash_operator to 2022-06-16T00:00:00+00:00, run_after=2022-06-17T00:00:00+00:00
[2022-06-17 12:37:24,034] {processor.py:161} INFO - Processing /home/jarret/data-engineering-bootcamp/workspace/airflow-code-review/venv/lib/python3.7/site-packages/airflow/example_dags/example_bash_operator.py took 2.390 seconds
[2022-06-17 12:38:36,737] {processor.py:153} INFO - Started process (PID=15790) to work on /home/jarret/data-engineering-bootcamp/workspace/airflow-code-review/venv/lib/python3.7/site-packages/airflow/example_dags/example_bash_operator.py
[2022-06-17 12:38:36,770] {processor.py:641} INFO - Processing file /home/jarret/data-engineering-bootcamp/workspace/airflow-code-review/venv/lib/python3.7/site-packages/airflow/example_dags/example_bash_operator.py for tasks to queue
[2022-06-17 12:38:36,771] {logging_mixin.py:115} INFO - [2022-06-17 12:38:36,770] {dagbag.py:507} INFO - Filling up the DagBag from /home/jarret/data-engineering-bootcamp/workspace/airflow-code-review/venv/lib/python3.7/site-packages/airflow/example_dags/example_bash_operator.py
[2022-06-17 12:38:36,782] {processor.py:651} INFO - DAG(s) dict_keys(['example_bash_operator']) retrieved from /home/jarret/data-engineering-bootcamp/workspace/airflow-code-review/venv/lib/python3.7/site-packages/airflow/example_dags/example_bash_operator.py
[2022-06-17 12:38:36,793] {logging_mixin.py:115} INFO - [2022-06-17 12:38:36,793] {dag.py:2379} INFO - Sync 1 DAGs
[2022-06-17 12:38:36,809] {logging_mixin.py:115} INFO - [2022-06-17 12:38:36,809] {dag.py:2931} INFO - Setting next_dagrun for example_bash_operator to 2022-06-16T00:00:00+00:00, run_after=2022-06-17T00:00:00+00:00
[2022-06-17 12:38:38,371] {processor.py:161} INFO - Processing /home/jarret/data-engineering-bootcamp/workspace/airflow-code-review/venv/lib/python3.7/site-packages/airflow/example_dags/example_bash_operator.py took 1.637 seconds
[2022-06-17 12:39:33,747] {processor.py:153} INFO - Started process (PID=15837) to work on /home/jarret/data-engineering-bootcamp/workspace/airflow-code-review/venv/lib/python3.7/site-packages/airflow/example_dags/example_bash_operator.py
[2022-06-17 12:39:33,749] {processor.py:641} INFO - Processing file /home/jarret/data-engineering-bootcamp/workspace/airflow-code-review/venv/lib/python3.7/site-packages/airflow/example_dags/example_bash_operator.py for tasks to queue
[2022-06-17 12:39:33,749] {logging_mixin.py:115} INFO - [2022-06-17 12:39:33,749] {dagbag.py:507} INFO - Filling up the DagBag from /home/jarret/data-engineering-bootcamp/workspace/airflow-code-review/venv/lib/python3.7/site-packages/airflow/example_dags/example_bash_operator.py
[2022-06-17 12:39:33,763] {processor.py:651} INFO - DAG(s) dict_keys(['example_bash_operator']) retrieved from /home/jarret/data-engineering-bootcamp/workspace/airflow-code-review/venv/lib/python3.7/site-packages/airflow/example_dags/example_bash_operator.py
[2022-06-17 12:39:33,775] {logging_mixin.py:115} INFO - [2022-06-17 12:39:33,775] {dag.py:2379} INFO - Sync 1 DAGs
[2022-06-17 12:39:33,792] {logging_mixin.py:115} INFO - [2022-06-17 12:39:33,792] {dag.py:2931} INFO - Setting next_dagrun for example_bash_operator to 2022-06-16T00:00:00+00:00, run_after=2022-06-17T00:00:00+00:00
[2022-06-17 12:39:34,160] {processor.py:161} INFO - Processing /home/jarret/data-engineering-bootcamp/workspace/airflow-code-review/venv/lib/python3.7/site-packages/airflow/example_dags/example_bash_operator.py took 0.416 seconds
[2022-06-17 12:40:31,189] {processor.py:153} INFO - Started process (PID=15901) to work on /home/jarret/data-engineering-bootcamp/workspace/airflow-code-review/venv/lib/python3.7/site-packages/airflow/example_dags/example_bash_operator.py
[2022-06-17 12:40:31,196] {processor.py:641} INFO - Processing file /home/jarret/data-engineering-bootcamp/workspace/airflow-code-review/venv/lib/python3.7/site-packages/airflow/example_dags/example_bash_operator.py for tasks to queue
[2022-06-17 12:40:31,197] {logging_mixin.py:115} INFO - [2022-06-17 12:40:31,197] {dagbag.py:507} INFO - Filling up the DagBag from /home/jarret/data-engineering-bootcamp/workspace/airflow-code-review/venv/lib/python3.7/site-packages/airflow/example_dags/example_bash_operator.py
[2022-06-17 12:40:31,204] {processor.py:651} INFO - DAG(s) dict_keys(['example_bash_operator']) retrieved from /home/jarret/data-engineering-bootcamp/workspace/airflow-code-review/venv/lib/python3.7/site-packages/airflow/example_dags/example_bash_operator.py
[2022-06-17 12:40:31,215] {logging_mixin.py:115} INFO - [2022-06-17 12:40:31,215] {dag.py:2379} INFO - Sync 1 DAGs
[2022-06-17 12:40:31,231] {logging_mixin.py:115} INFO - [2022-06-17 12:40:31,231] {dag.py:2931} INFO - Setting next_dagrun for example_bash_operator to 2022-06-16T00:00:00+00:00, run_after=2022-06-17T00:00:00+00:00
[2022-06-17 12:40:32,588] {processor.py:161} INFO - Processing /home/jarret/data-engineering-bootcamp/workspace/airflow-code-review/venv/lib/python3.7/site-packages/airflow/example_dags/example_bash_operator.py took 1.401 seconds
[2022-06-17 12:41:28,050] {processor.py:153} INFO - Started process (PID=15980) to work on /home/jarret/data-engineering-bootcamp/workspace/airflow-code-review/venv/lib/python3.7/site-packages/airflow/example_dags/example_bash_operator.py
[2022-06-17 12:41:28,050] {processor.py:641} INFO - Processing file /home/jarret/data-engineering-bootcamp/workspace/airflow-code-review/venv/lib/python3.7/site-packages/airflow/example_dags/example_bash_operator.py for tasks to queue
[2022-06-17 12:41:28,051] {logging_mixin.py:115} INFO - [2022-06-17 12:41:28,051] {dagbag.py:507} INFO - Filling up the DagBag from /home/jarret/data-engineering-bootcamp/workspace/airflow-code-review/venv/lib/python3.7/site-packages/airflow/example_dags/example_bash_operator.py
[2022-06-17 12:41:28,058] {processor.py:651} INFO - DAG(s) dict_keys(['example_bash_operator']) retrieved from /home/jarret/data-engineering-bootcamp/workspace/airflow-code-review/venv/lib/python3.7/site-packages/airflow/example_dags/example_bash_operator.py
[2022-06-17 12:41:28,070] {logging_mixin.py:115} INFO - [2022-06-17 12:41:28,070] {dag.py:2379} INFO - Sync 1 DAGs
[2022-06-17 12:41:28,087] {logging_mixin.py:115} INFO - [2022-06-17 12:41:28,087] {dag.py:2931} INFO - Setting next_dagrun for example_bash_operator to 2022-06-16T00:00:00+00:00, run_after=2022-06-17T00:00:00+00:00
[2022-06-17 12:41:28,209] {processor.py:161} INFO - Processing /home/jarret/data-engineering-bootcamp/workspace/airflow-code-review/venv/lib/python3.7/site-packages/airflow/example_dags/example_bash_operator.py took 0.162 seconds
[2022-06-17 12:43:08,761] {processor.py:153} INFO - Started process (PID=16110) to work on /home/jarret/data-engineering-bootcamp/workspace/airflow-code-review/venv/lib/python3.7/site-packages/airflow/example_dags/example_bash_operator.py
[2022-06-17 12:43:08,762] {processor.py:641} INFO - Processing file /home/jarret/data-engineering-bootcamp/workspace/airflow-code-review/venv/lib/python3.7/site-packages/airflow/example_dags/example_bash_operator.py for tasks to queue
[2022-06-17 12:43:08,763] {logging_mixin.py:115} INFO - [2022-06-17 12:43:08,763] {dagbag.py:507} INFO - Filling up the DagBag from /home/jarret/data-engineering-bootcamp/workspace/airflow-code-review/venv/lib/python3.7/site-packages/airflow/example_dags/example_bash_operator.py
[2022-06-17 12:43:08,776] {processor.py:651} INFO - DAG(s) dict_keys(['example_bash_operator']) retrieved from /home/jarret/data-engineering-bootcamp/workspace/airflow-code-review/venv/lib/python3.7/site-packages/airflow/example_dags/example_bash_operator.py
[2022-06-17 12:43:08,787] {logging_mixin.py:115} INFO - [2022-06-17 12:43:08,787] {dag.py:2379} INFO - Sync 1 DAGs
[2022-06-17 12:43:08,803] {logging_mixin.py:115} INFO - [2022-06-17 12:43:08,803] {dag.py:2931} INFO - Setting next_dagrun for example_bash_operator to 2022-06-16T00:00:00+00:00, run_after=2022-06-17T00:00:00+00:00
[2022-06-17 12:43:09,970] {processor.py:161} INFO - Processing /home/jarret/data-engineering-bootcamp/workspace/airflow-code-review/venv/lib/python3.7/site-packages/airflow/example_dags/example_bash_operator.py took 1.211 seconds
[2022-06-17 12:44:10,603] {processor.py:153} INFO - Started process (PID=16209) to work on /home/jarret/data-engineering-bootcamp/workspace/airflow-code-review/venv/lib/python3.7/site-packages/airflow/example_dags/example_bash_operator.py
[2022-06-17 12:44:10,644] {processor.py:641} INFO - Processing file /home/jarret/data-engineering-bootcamp/workspace/airflow-code-review/venv/lib/python3.7/site-packages/airflow/example_dags/example_bash_operator.py for tasks to queue
[2022-06-17 12:44:10,645] {logging_mixin.py:115} INFO - [2022-06-17 12:44:10,644] {dagbag.py:507} INFO - Filling up the DagBag from /home/jarret/data-engineering-bootcamp/workspace/airflow-code-review/venv/lib/python3.7/site-packages/airflow/example_dags/example_bash_operator.py
[2022-06-17 12:44:10,656] {processor.py:651} INFO - DAG(s) dict_keys(['example_bash_operator']) retrieved from /home/jarret/data-engineering-bootcamp/workspace/airflow-code-review/venv/lib/python3.7/site-packages/airflow/example_dags/example_bash_operator.py
[2022-06-17 12:44:10,667] {logging_mixin.py:115} INFO - [2022-06-17 12:44:10,667] {dag.py:2379} INFO - Sync 1 DAGs
[2022-06-17 12:44:10,683] {logging_mixin.py:115} INFO - [2022-06-17 12:44:10,683] {dag.py:2931} INFO - Setting next_dagrun for example_bash_operator to 2022-06-16T00:00:00+00:00, run_after=2022-06-17T00:00:00+00:00
[2022-06-17 12:44:11,682] {processor.py:161} INFO - Processing /home/jarret/data-engineering-bootcamp/workspace/airflow-code-review/venv/lib/python3.7/site-packages/airflow/example_dags/example_bash_operator.py took 1.083 seconds
[2022-06-17 12:45:19,869] {processor.py:153} INFO - Started process (PID=16325) to work on /home/jarret/data-engineering-bootcamp/workspace/airflow-code-review/venv/lib/python3.7/site-packages/airflow/example_dags/example_bash_operator.py
[2022-06-17 12:45:20,474] {processor.py:641} INFO - Processing file /home/jarret/data-engineering-bootcamp/workspace/airflow-code-review/venv/lib/python3.7/site-packages/airflow/example_dags/example_bash_operator.py for tasks to queue
[2022-06-17 12:45:20,475] {logging_mixin.py:115} INFO - [2022-06-17 12:45:20,475] {dagbag.py:507} INFO - Filling up the DagBag from /home/jarret/data-engineering-bootcamp/workspace/airflow-code-review/venv/lib/python3.7/site-packages/airflow/example_dags/example_bash_operator.py
[2022-06-17 12:45:20,491] {processor.py:651} INFO - DAG(s) dict_keys(['example_bash_operator']) retrieved from /home/jarret/data-engineering-bootcamp/workspace/airflow-code-review/venv/lib/python3.7/site-packages/airflow/example_dags/example_bash_operator.py
[2022-06-17 12:45:20,502] {logging_mixin.py:115} INFO - [2022-06-17 12:45:20,502] {dag.py:2379} INFO - Sync 1 DAGs
[2022-06-17 12:45:20,518] {logging_mixin.py:115} INFO - [2022-06-17 12:45:20,518] {dag.py:2931} INFO - Setting next_dagrun for example_bash_operator to 2022-06-16T00:00:00+00:00, run_after=2022-06-17T00:00:00+00:00
[2022-06-17 12:45:20,662] {processor.py:161} INFO - Processing /home/jarret/data-engineering-bootcamp/workspace/airflow-code-review/venv/lib/python3.7/site-packages/airflow/example_dags/example_bash_operator.py took 0.797 seconds
[2022-06-17 12:46:31,840] {processor.py:153} INFO - Started process (PID=16457) to work on /home/jarret/data-engineering-bootcamp/workspace/airflow-code-review/venv/lib/python3.7/site-packages/airflow/example_dags/example_bash_operator.py
[2022-06-17 12:46:31,842] {processor.py:641} INFO - Processing file /home/jarret/data-engineering-bootcamp/workspace/airflow-code-review/venv/lib/python3.7/site-packages/airflow/example_dags/example_bash_operator.py for tasks to queue
[2022-06-17 12:46:31,842] {logging_mixin.py:115} INFO - [2022-06-17 12:46:31,842] {dagbag.py:507} INFO - Filling up the DagBag from /home/jarret/data-engineering-bootcamp/workspace/airflow-code-review/venv/lib/python3.7/site-packages/airflow/example_dags/example_bash_operator.py
[2022-06-17 12:46:31,857] {processor.py:651} INFO - DAG(s) dict_keys(['example_bash_operator']) retrieved from /home/jarret/data-engineering-bootcamp/workspace/airflow-code-review/venv/lib/python3.7/site-packages/airflow/example_dags/example_bash_operator.py
[2022-06-17 12:46:31,870] {logging_mixin.py:115} INFO - [2022-06-17 12:46:31,870] {dag.py:2379} INFO - Sync 1 DAGs
[2022-06-17 12:46:31,886] {logging_mixin.py:115} INFO - [2022-06-17 12:46:31,886] {dag.py:2931} INFO - Setting next_dagrun for example_bash_operator to 2022-06-16T00:00:00+00:00, run_after=2022-06-17T00:00:00+00:00
[2022-06-17 12:46:32,486] {processor.py:161} INFO - Processing /home/jarret/data-engineering-bootcamp/workspace/airflow-code-review/venv/lib/python3.7/site-packages/airflow/example_dags/example_bash_operator.py took 0.649 seconds
[2022-06-17 12:47:32,509] {processor.py:153} INFO - Started process (PID=16506) to work on /home/jarret/data-engineering-bootcamp/workspace/airflow-code-review/venv/lib/python3.7/site-packages/airflow/example_dags/example_bash_operator.py
[2022-06-17 12:47:32,510] {processor.py:641} INFO - Processing file /home/jarret/data-engineering-bootcamp/workspace/airflow-code-review/venv/lib/python3.7/site-packages/airflow/example_dags/example_bash_operator.py for tasks to queue
[2022-06-17 12:47:32,511] {logging_mixin.py:115} INFO - [2022-06-17 12:47:32,511] {dagbag.py:507} INFO - Filling up the DagBag from /home/jarret/data-engineering-bootcamp/workspace/airflow-code-review/venv/lib/python3.7/site-packages/airflow/example_dags/example_bash_operator.py
[2022-06-17 12:47:32,524] {processor.py:651} INFO - DAG(s) dict_keys(['example_bash_operator']) retrieved from /home/jarret/data-engineering-bootcamp/workspace/airflow-code-review/venv/lib/python3.7/site-packages/airflow/example_dags/example_bash_operator.py
[2022-06-17 12:47:32,535] {logging_mixin.py:115} INFO - [2022-06-17 12:47:32,535] {dag.py:2379} INFO - Sync 1 DAGs
[2022-06-17 12:47:32,552] {logging_mixin.py:115} INFO - [2022-06-17 12:47:32,552] {dag.py:2931} INFO - Setting next_dagrun for example_bash_operator to 2022-06-16T00:00:00+00:00, run_after=2022-06-17T00:00:00+00:00
[2022-06-17 12:47:33,002] {processor.py:161} INFO - Processing /home/jarret/data-engineering-bootcamp/workspace/airflow-code-review/venv/lib/python3.7/site-packages/airflow/example_dags/example_bash_operator.py took 0.497 seconds
[2022-06-17 12:48:46,006] {processor.py:153} INFO - Started process (PID=16561) to work on /home/jarret/data-engineering-bootcamp/workspace/airflow-code-review/venv/lib/python3.7/site-packages/airflow/example_dags/example_bash_operator.py
[2022-06-17 12:48:46,007] {processor.py:641} INFO - Processing file /home/jarret/data-engineering-bootcamp/workspace/airflow-code-review/venv/lib/python3.7/site-packages/airflow/example_dags/example_bash_operator.py for tasks to queue
[2022-06-17 12:48:46,008] {logging_mixin.py:115} INFO - [2022-06-17 12:48:46,008] {dagbag.py:507} INFO - Filling up the DagBag from /home/jarret/data-engineering-bootcamp/workspace/airflow-code-review/venv/lib/python3.7/site-packages/airflow/example_dags/example_bash_operator.py
[2022-06-17 12:48:46,022] {processor.py:651} INFO - DAG(s) dict_keys(['example_bash_operator']) retrieved from /home/jarret/data-engineering-bootcamp/workspace/airflow-code-review/venv/lib/python3.7/site-packages/airflow/example_dags/example_bash_operator.py
[2022-06-17 12:48:46,034] {logging_mixin.py:115} INFO - [2022-06-17 12:48:46,034] {dag.py:2379} INFO - Sync 1 DAGs
[2022-06-17 12:48:46,050] {logging_mixin.py:115} INFO - [2022-06-17 12:48:46,050] {dag.py:2931} INFO - Setting next_dagrun for example_bash_operator to 2022-06-16T00:00:00+00:00, run_after=2022-06-17T00:00:00+00:00
[2022-06-17 12:48:46,810] {processor.py:161} INFO - Processing /home/jarret/data-engineering-bootcamp/workspace/airflow-code-review/venv/lib/python3.7/site-packages/airflow/example_dags/example_bash_operator.py took 0.806 seconds
[2022-06-17 12:50:00,152] {processor.py:153} INFO - Started process (PID=16700) to work on /home/jarret/data-engineering-bootcamp/workspace/airflow-code-review/venv/lib/python3.7/site-packages/airflow/example_dags/example_bash_operator.py
[2022-06-17 12:50:00,159] {processor.py:641} INFO - Processing file /home/jarret/data-engineering-bootcamp/workspace/airflow-code-review/venv/lib/python3.7/site-packages/airflow/example_dags/example_bash_operator.py for tasks to queue
[2022-06-17 12:50:00,159] {logging_mixin.py:115} INFO - [2022-06-17 12:50:00,159] {dagbag.py:507} INFO - Filling up the DagBag from /home/jarret/data-engineering-bootcamp/workspace/airflow-code-review/venv/lib/python3.7/site-packages/airflow/example_dags/example_bash_operator.py
[2022-06-17 12:50:00,166] {processor.py:651} INFO - DAG(s) dict_keys(['example_bash_operator']) retrieved from /home/jarret/data-engineering-bootcamp/workspace/airflow-code-review/venv/lib/python3.7/site-packages/airflow/example_dags/example_bash_operator.py
[2022-06-17 12:50:00,177] {logging_mixin.py:115} INFO - [2022-06-17 12:50:00,177] {dag.py:2379} INFO - Sync 1 DAGs
[2022-06-17 12:50:00,193] {logging_mixin.py:115} INFO - [2022-06-17 12:50:00,193] {dag.py:2931} INFO - Setting next_dagrun for example_bash_operator to 2022-06-16T00:00:00+00:00, run_after=2022-06-17T00:00:00+00:00
[2022-06-17 12:50:00,316] {processor.py:161} INFO - Processing /home/jarret/data-engineering-bootcamp/workspace/airflow-code-review/venv/lib/python3.7/site-packages/airflow/example_dags/example_bash_operator.py took 0.166 seconds
[2022-06-17 12:50:57,673] {processor.py:153} INFO - Started process (PID=16787) to work on /home/jarret/data-engineering-bootcamp/workspace/airflow-code-review/venv/lib/python3.7/site-packages/airflow/example_dags/example_bash_operator.py
[2022-06-17 12:50:57,683] {processor.py:641} INFO - Processing file /home/jarret/data-engineering-bootcamp/workspace/airflow-code-review/venv/lib/python3.7/site-packages/airflow/example_dags/example_bash_operator.py for tasks to queue
[2022-06-17 12:50:57,684] {logging_mixin.py:115} INFO - [2022-06-17 12:50:57,683] {dagbag.py:507} INFO - Filling up the DagBag from /home/jarret/data-engineering-bootcamp/workspace/airflow-code-review/venv/lib/python3.7/site-packages/airflow/example_dags/example_bash_operator.py
[2022-06-17 12:50:57,691] {processor.py:651} INFO - DAG(s) dict_keys(['example_bash_operator']) retrieved from /home/jarret/data-engineering-bootcamp/workspace/airflow-code-review/venv/lib/python3.7/site-packages/airflow/example_dags/example_bash_operator.py
[2022-06-17 12:50:57,705] {logging_mixin.py:115} INFO - [2022-06-17 12:50:57,705] {dag.py:2379} INFO - Sync 1 DAGs
[2022-06-17 12:50:57,723] {logging_mixin.py:115} INFO - [2022-06-17 12:50:57,723] {dag.py:2931} INFO - Setting next_dagrun for example_bash_operator to 2022-06-16T00:00:00+00:00, run_after=2022-06-17T00:00:00+00:00
[2022-06-17 12:50:59,235] {processor.py:161} INFO - Processing /home/jarret/data-engineering-bootcamp/workspace/airflow-code-review/venv/lib/python3.7/site-packages/airflow/example_dags/example_bash_operator.py took 1.565 seconds
[2022-06-17 12:52:07,664] {processor.py:153} INFO - Started process (PID=16917) to work on /home/jarret/data-engineering-bootcamp/workspace/airflow-code-review/venv/lib/python3.7/site-packages/airflow/example_dags/example_bash_operator.py
[2022-06-17 12:52:07,704] {processor.py:641} INFO - Processing file /home/jarret/data-engineering-bootcamp/workspace/airflow-code-review/venv/lib/python3.7/site-packages/airflow/example_dags/example_bash_operator.py for tasks to queue
[2022-06-17 12:52:07,705] {logging_mixin.py:115} INFO - [2022-06-17 12:52:07,705] {dagbag.py:507} INFO - Filling up the DagBag from /home/jarret/data-engineering-bootcamp/workspace/airflow-code-review/venv/lib/python3.7/site-packages/airflow/example_dags/example_bash_operator.py
[2022-06-17 12:52:07,716] {processor.py:651} INFO - DAG(s) dict_keys(['example_bash_operator']) retrieved from /home/jarret/data-engineering-bootcamp/workspace/airflow-code-review/venv/lib/python3.7/site-packages/airflow/example_dags/example_bash_operator.py
[2022-06-17 12:52:07,727] {logging_mixin.py:115} INFO - [2022-06-17 12:52:07,727] {dag.py:2379} INFO - Sync 1 DAGs
[2022-06-17 12:52:07,743] {logging_mixin.py:115} INFO - [2022-06-17 12:52:07,743] {dag.py:2931} INFO - Setting next_dagrun for example_bash_operator to 2022-06-16T00:00:00+00:00, run_after=2022-06-17T00:00:00+00:00
[2022-06-17 12:52:07,859] {processor.py:161} INFO - Processing /home/jarret/data-engineering-bootcamp/workspace/airflow-code-review/venv/lib/python3.7/site-packages/airflow/example_dags/example_bash_operator.py took 0.198 seconds
[2022-06-17 12:53:06,000] {processor.py:153} INFO - Started process (PID=16974) to work on /home/jarret/data-engineering-bootcamp/workspace/airflow-code-review/venv/lib/python3.7/site-packages/airflow/example_dags/example_bash_operator.py
[2022-06-17 12:53:06,758] {processor.py:641} INFO - Processing file /home/jarret/data-engineering-bootcamp/workspace/airflow-code-review/venv/lib/python3.7/site-packages/airflow/example_dags/example_bash_operator.py for tasks to queue
[2022-06-17 12:53:06,759] {logging_mixin.py:115} INFO - [2022-06-17 12:53:06,759] {dagbag.py:507} INFO - Filling up the DagBag from /home/jarret/data-engineering-bootcamp/workspace/airflow-code-review/venv/lib/python3.7/site-packages/airflow/example_dags/example_bash_operator.py
[2022-06-17 12:53:06,772] {processor.py:651} INFO - DAG(s) dict_keys(['example_bash_operator']) retrieved from /home/jarret/data-engineering-bootcamp/workspace/airflow-code-review/venv/lib/python3.7/site-packages/airflow/example_dags/example_bash_operator.py
[2022-06-17 12:53:06,784] {logging_mixin.py:115} INFO - [2022-06-17 12:53:06,784] {dag.py:2379} INFO - Sync 1 DAGs
[2022-06-17 12:53:06,800] {logging_mixin.py:115} INFO - [2022-06-17 12:53:06,800] {dag.py:2931} INFO - Setting next_dagrun for example_bash_operator to 2022-06-16T00:00:00+00:00, run_after=2022-06-17T00:00:00+00:00
[2022-06-17 12:53:06,920] {processor.py:161} INFO - Processing /home/jarret/data-engineering-bootcamp/workspace/airflow-code-review/venv/lib/python3.7/site-packages/airflow/example_dags/example_bash_operator.py took 0.924 seconds
[2022-06-17 12:54:21,390] {processor.py:153} INFO - Started process (PID=17057) to work on /home/jarret/data-engineering-bootcamp/workspace/airflow-code-review/venv/lib/python3.7/site-packages/airflow/example_dags/example_bash_operator.py
[2022-06-17 12:54:21,408] {processor.py:641} INFO - Processing file /home/jarret/data-engineering-bootcamp/workspace/airflow-code-review/venv/lib/python3.7/site-packages/airflow/example_dags/example_bash_operator.py for tasks to queue
[2022-06-17 12:54:21,409] {logging_mixin.py:115} INFO - [2022-06-17 12:54:21,409] {dagbag.py:507} INFO - Filling up the DagBag from /home/jarret/data-engineering-bootcamp/workspace/airflow-code-review/venv/lib/python3.7/site-packages/airflow/example_dags/example_bash_operator.py
[2022-06-17 12:54:21,416] {processor.py:651} INFO - DAG(s) dict_keys(['example_bash_operator']) retrieved from /home/jarret/data-engineering-bootcamp/workspace/airflow-code-review/venv/lib/python3.7/site-packages/airflow/example_dags/example_bash_operator.py
[2022-06-17 12:54:21,427] {logging_mixin.py:115} INFO - [2022-06-17 12:54:21,427] {dag.py:2379} INFO - Sync 1 DAGs
[2022-06-17 12:54:21,443] {logging_mixin.py:115} INFO - [2022-06-17 12:54:21,443] {dag.py:2931} INFO - Setting next_dagrun for example_bash_operator to 2022-06-16T00:00:00+00:00, run_after=2022-06-17T00:00:00+00:00
[2022-06-17 12:54:22,957] {processor.py:161} INFO - Processing /home/jarret/data-engineering-bootcamp/workspace/airflow-code-review/venv/lib/python3.7/site-packages/airflow/example_dags/example_bash_operator.py took 1.570 seconds
[2022-06-17 12:55:20,402] {processor.py:153} INFO - Started process (PID=17100) to work on /home/jarret/data-engineering-bootcamp/workspace/airflow-code-review/venv/lib/python3.7/site-packages/airflow/example_dags/example_bash_operator.py
[2022-06-17 12:55:20,428] {processor.py:641} INFO - Processing file /home/jarret/data-engineering-bootcamp/workspace/airflow-code-review/venv/lib/python3.7/site-packages/airflow/example_dags/example_bash_operator.py for tasks to queue
[2022-06-17 12:55:20,428] {logging_mixin.py:115} INFO - [2022-06-17 12:55:20,428] {dagbag.py:507} INFO - Filling up the DagBag from /home/jarret/data-engineering-bootcamp/workspace/airflow-code-review/venv/lib/python3.7/site-packages/airflow/example_dags/example_bash_operator.py
[2022-06-17 12:55:20,437] {processor.py:651} INFO - DAG(s) dict_keys(['example_bash_operator']) retrieved from /home/jarret/data-engineering-bootcamp/workspace/airflow-code-review/venv/lib/python3.7/site-packages/airflow/example_dags/example_bash_operator.py
[2022-06-17 12:55:20,449] {logging_mixin.py:115} INFO - [2022-06-17 12:55:20,449] {dag.py:2379} INFO - Sync 1 DAGs
[2022-06-17 12:55:20,465] {logging_mixin.py:115} INFO - [2022-06-17 12:55:20,465] {dag.py:2931} INFO - Setting next_dagrun for example_bash_operator to 2022-06-16T00:00:00+00:00, run_after=2022-06-17T00:00:00+00:00
[2022-06-17 12:55:20,976] {processor.py:161} INFO - Processing /home/jarret/data-engineering-bootcamp/workspace/airflow-code-review/venv/lib/python3.7/site-packages/airflow/example_dags/example_bash_operator.py took 0.578 seconds
[2022-06-17 12:56:13,941] {processor.py:153} INFO - Started process (PID=17168) to work on /home/jarret/data-engineering-bootcamp/workspace/airflow-code-review/venv/lib/python3.7/site-packages/airflow/example_dags/example_bash_operator.py
[2022-06-17 12:56:13,952] {processor.py:641} INFO - Processing file /home/jarret/data-engineering-bootcamp/workspace/airflow-code-review/venv/lib/python3.7/site-packages/airflow/example_dags/example_bash_operator.py for tasks to queue
[2022-06-17 12:56:13,952] {logging_mixin.py:115} INFO - [2022-06-17 12:56:13,952] {dagbag.py:507} INFO - Filling up the DagBag from /home/jarret/data-engineering-bootcamp/workspace/airflow-code-review/venv/lib/python3.7/site-packages/airflow/example_dags/example_bash_operator.py
[2022-06-17 12:56:13,959] {processor.py:651} INFO - DAG(s) dict_keys(['example_bash_operator']) retrieved from /home/jarret/data-engineering-bootcamp/workspace/airflow-code-review/venv/lib/python3.7/site-packages/airflow/example_dags/example_bash_operator.py
[2022-06-17 12:56:13,970] {logging_mixin.py:115} INFO - [2022-06-17 12:56:13,970] {dag.py:2379} INFO - Sync 1 DAGs
[2022-06-17 12:56:13,987] {logging_mixin.py:115} INFO - [2022-06-17 12:56:13,987] {dag.py:2931} INFO - Setting next_dagrun for example_bash_operator to 2022-06-16T00:00:00+00:00, run_after=2022-06-17T00:00:00+00:00
[2022-06-17 12:56:14,908] {processor.py:161} INFO - Processing /home/jarret/data-engineering-bootcamp/workspace/airflow-code-review/venv/lib/python3.7/site-packages/airflow/example_dags/example_bash_operator.py took 0.969 seconds
[2022-06-17 12:57:17,702] {processor.py:153} INFO - Started process (PID=17241) to work on /home/jarret/data-engineering-bootcamp/workspace/airflow-code-review/venv/lib/python3.7/site-packages/airflow/example_dags/example_bash_operator.py
[2022-06-17 12:57:17,703] {processor.py:641} INFO - Processing file /home/jarret/data-engineering-bootcamp/workspace/airflow-code-review/venv/lib/python3.7/site-packages/airflow/example_dags/example_bash_operator.py for tasks to queue
[2022-06-17 12:57:17,704] {logging_mixin.py:115} INFO - [2022-06-17 12:57:17,704] {dagbag.py:507} INFO - Filling up the DagBag from /home/jarret/data-engineering-bootcamp/workspace/airflow-code-review/venv/lib/python3.7/site-packages/airflow/example_dags/example_bash_operator.py
[2022-06-17 12:57:17,713] {processor.py:651} INFO - DAG(s) dict_keys(['example_bash_operator']) retrieved from /home/jarret/data-engineering-bootcamp/workspace/airflow-code-review/venv/lib/python3.7/site-packages/airflow/example_dags/example_bash_operator.py
[2022-06-17 12:57:17,725] {logging_mixin.py:115} INFO - [2022-06-17 12:57:17,724] {dag.py:2379} INFO - Sync 1 DAGs
[2022-06-17 12:57:17,741] {logging_mixin.py:115} INFO - [2022-06-17 12:57:17,740] {dag.py:2931} INFO - Setting next_dagrun for example_bash_operator to 2022-06-16T00:00:00+00:00, run_after=2022-06-17T00:00:00+00:00
[2022-06-17 12:57:18,209] {processor.py:161} INFO - Processing /home/jarret/data-engineering-bootcamp/workspace/airflow-code-review/venv/lib/python3.7/site-packages/airflow/example_dags/example_bash_operator.py took 0.510 seconds
[2022-06-17 12:58:32,918] {processor.py:153} INFO - Started process (PID=17323) to work on /home/jarret/data-engineering-bootcamp/workspace/airflow-code-review/venv/lib/python3.7/site-packages/airflow/example_dags/example_bash_operator.py
[2022-06-17 12:58:32,941] {processor.py:641} INFO - Processing file /home/jarret/data-engineering-bootcamp/workspace/airflow-code-review/venv/lib/python3.7/site-packages/airflow/example_dags/example_bash_operator.py for tasks to queue
[2022-06-17 12:58:32,942] {logging_mixin.py:115} INFO - [2022-06-17 12:58:32,941] {dagbag.py:507} INFO - Filling up the DagBag from /home/jarret/data-engineering-bootcamp/workspace/airflow-code-review/venv/lib/python3.7/site-packages/airflow/example_dags/example_bash_operator.py
[2022-06-17 12:58:32,950] {processor.py:651} INFO - DAG(s) dict_keys(['example_bash_operator']) retrieved from /home/jarret/data-engineering-bootcamp/workspace/airflow-code-review/venv/lib/python3.7/site-packages/airflow/example_dags/example_bash_operator.py
[2022-06-17 12:58:32,961] {logging_mixin.py:115} INFO - [2022-06-17 12:58:32,961] {dag.py:2379} INFO - Sync 1 DAGs
[2022-06-17 12:58:32,976] {logging_mixin.py:115} INFO - [2022-06-17 12:58:32,976] {dag.py:2931} INFO - Setting next_dagrun for example_bash_operator to 2022-06-16T00:00:00+00:00, run_after=2022-06-17T00:00:00+00:00
[2022-06-17 12:58:34,419] {processor.py:161} INFO - Processing /home/jarret/data-engineering-bootcamp/workspace/airflow-code-review/venv/lib/python3.7/site-packages/airflow/example_dags/example_bash_operator.py took 1.504 seconds
[2022-06-17 12:59:24,441] {processor.py:153} INFO - Started process (PID=17424) to work on /home/jarret/data-engineering-bootcamp/workspace/airflow-code-review/venv/lib/python3.7/site-packages/airflow/example_dags/example_bash_operator.py
[2022-06-17 12:59:24,456] {processor.py:641} INFO - Processing file /home/jarret/data-engineering-bootcamp/workspace/airflow-code-review/venv/lib/python3.7/site-packages/airflow/example_dags/example_bash_operator.py for tasks to queue
[2022-06-17 12:59:24,457] {logging_mixin.py:115} INFO - [2022-06-17 12:59:24,457] {dagbag.py:507} INFO - Filling up the DagBag from /home/jarret/data-engineering-bootcamp/workspace/airflow-code-review/venv/lib/python3.7/site-packages/airflow/example_dags/example_bash_operator.py
[2022-06-17 12:59:24,466] {processor.py:651} INFO - DAG(s) dict_keys(['example_bash_operator']) retrieved from /home/jarret/data-engineering-bootcamp/workspace/airflow-code-review/venv/lib/python3.7/site-packages/airflow/example_dags/example_bash_operator.py
[2022-06-17 12:59:24,479] {logging_mixin.py:115} INFO - [2022-06-17 12:59:24,479] {dag.py:2379} INFO - Sync 1 DAGs
[2022-06-17 12:59:24,495] {logging_mixin.py:115} INFO - [2022-06-17 12:59:24,495] {dag.py:2931} INFO - Setting next_dagrun for example_bash_operator to 2022-06-16T00:00:00+00:00, run_after=2022-06-17T00:00:00+00:00
[2022-06-17 12:59:25,860] {processor.py:161} INFO - Processing /home/jarret/data-engineering-bootcamp/workspace/airflow-code-review/venv/lib/python3.7/site-packages/airflow/example_dags/example_bash_operator.py took 1.423 seconds
[2022-06-17 13:00:20,211] {processor.py:153} INFO - Started process (PID=17528) to work on /home/jarret/data-engineering-bootcamp/workspace/airflow-code-review/venv/lib/python3.7/site-packages/airflow/example_dags/example_bash_operator.py
[2022-06-17 13:00:20,228] {processor.py:641} INFO - Processing file /home/jarret/data-engineering-bootcamp/workspace/airflow-code-review/venv/lib/python3.7/site-packages/airflow/example_dags/example_bash_operator.py for tasks to queue
[2022-06-17 13:00:20,228] {logging_mixin.py:115} INFO - [2022-06-17 13:00:20,228] {dagbag.py:507} INFO - Filling up the DagBag from /home/jarret/data-engineering-bootcamp/workspace/airflow-code-review/venv/lib/python3.7/site-packages/airflow/example_dags/example_bash_operator.py
[2022-06-17 13:00:20,238] {processor.py:651} INFO - DAG(s) dict_keys(['example_bash_operator']) retrieved from /home/jarret/data-engineering-bootcamp/workspace/airflow-code-review/venv/lib/python3.7/site-packages/airflow/example_dags/example_bash_operator.py
[2022-06-17 13:00:20,250] {logging_mixin.py:115} INFO - [2022-06-17 13:00:20,250] {dag.py:2379} INFO - Sync 1 DAGs
[2022-06-17 13:00:20,266] {logging_mixin.py:115} INFO - [2022-06-17 13:00:20,266] {dag.py:2931} INFO - Setting next_dagrun for example_bash_operator to 2022-06-16T00:00:00+00:00, run_after=2022-06-17T00:00:00+00:00
[2022-06-17 13:00:20,623] {processor.py:161} INFO - Processing /home/jarret/data-engineering-bootcamp/workspace/airflow-code-review/venv/lib/python3.7/site-packages/airflow/example_dags/example_bash_operator.py took 0.415 seconds
[2022-06-17 13:01:14,149] {processor.py:153} INFO - Started process (PID=17589) to work on /home/jarret/data-engineering-bootcamp/workspace/airflow-code-review/venv/lib/python3.7/site-packages/airflow/example_dags/example_bash_operator.py
[2022-06-17 13:01:14,150] {processor.py:641} INFO - Processing file /home/jarret/data-engineering-bootcamp/workspace/airflow-code-review/venv/lib/python3.7/site-packages/airflow/example_dags/example_bash_operator.py for tasks to queue
[2022-06-17 13:01:14,151] {logging_mixin.py:115} INFO - [2022-06-17 13:01:14,151] {dagbag.py:507} INFO - Filling up the DagBag from /home/jarret/data-engineering-bootcamp/workspace/airflow-code-review/venv/lib/python3.7/site-packages/airflow/example_dags/example_bash_operator.py
[2022-06-17 13:01:14,166] {processor.py:651} INFO - DAG(s) dict_keys(['example_bash_operator']) retrieved from /home/jarret/data-engineering-bootcamp/workspace/airflow-code-review/venv/lib/python3.7/site-packages/airflow/example_dags/example_bash_operator.py
[2022-06-17 13:01:14,179] {logging_mixin.py:115} INFO - [2022-06-17 13:01:14,179] {dag.py:2379} INFO - Sync 1 DAGs
[2022-06-17 13:01:14,195] {logging_mixin.py:115} INFO - [2022-06-17 13:01:14,195] {dag.py:2931} INFO - Setting next_dagrun for example_bash_operator to 2022-06-16T00:00:00+00:00, run_after=2022-06-17T00:00:00+00:00
[2022-06-17 13:01:15,053] {processor.py:161} INFO - Processing /home/jarret/data-engineering-bootcamp/workspace/airflow-code-review/venv/lib/python3.7/site-packages/airflow/example_dags/example_bash_operator.py took 0.908 seconds
[2022-06-17 13:02:05,734] {processor.py:153} INFO - Started process (PID=17693) to work on /home/jarret/data-engineering-bootcamp/workspace/airflow-code-review/venv/lib/python3.7/site-packages/airflow/example_dags/example_bash_operator.py
[2022-06-17 13:02:05,741] {processor.py:641} INFO - Processing file /home/jarret/data-engineering-bootcamp/workspace/airflow-code-review/venv/lib/python3.7/site-packages/airflow/example_dags/example_bash_operator.py for tasks to queue
[2022-06-17 13:02:05,741] {logging_mixin.py:115} INFO - [2022-06-17 13:02:05,741] {dagbag.py:507} INFO - Filling up the DagBag from /home/jarret/data-engineering-bootcamp/workspace/airflow-code-review/venv/lib/python3.7/site-packages/airflow/example_dags/example_bash_operator.py
[2022-06-17 13:02:05,756] {processor.py:651} INFO - DAG(s) dict_keys(['example_bash_operator']) retrieved from /home/jarret/data-engineering-bootcamp/workspace/airflow-code-review/venv/lib/python3.7/site-packages/airflow/example_dags/example_bash_operator.py
[2022-06-17 13:02:05,767] {logging_mixin.py:115} INFO - [2022-06-17 13:02:05,767] {dag.py:2379} INFO - Sync 1 DAGs
[2022-06-17 13:02:05,783] {logging_mixin.py:115} INFO - [2022-06-17 13:02:05,783] {dag.py:2931} INFO - Setting next_dagrun for example_bash_operator to 2022-06-16T00:00:00+00:00, run_after=2022-06-17T00:00:00+00:00
[2022-06-17 13:02:05,934] {processor.py:161} INFO - Processing /home/jarret/data-engineering-bootcamp/workspace/airflow-code-review/venv/lib/python3.7/site-packages/airflow/example_dags/example_bash_operator.py took 0.203 seconds
[2022-06-17 13:03:20,497] {processor.py:153} INFO - Started process (PID=17837) to work on /home/jarret/data-engineering-bootcamp/workspace/airflow-code-review/venv/lib/python3.7/site-packages/airflow/example_dags/example_bash_operator.py
[2022-06-17 13:03:20,498] {processor.py:641} INFO - Processing file /home/jarret/data-engineering-bootcamp/workspace/airflow-code-review/venv/lib/python3.7/site-packages/airflow/example_dags/example_bash_operator.py for tasks to queue
[2022-06-17 13:03:20,499] {logging_mixin.py:115} INFO - [2022-06-17 13:03:20,499] {dagbag.py:507} INFO - Filling up the DagBag from /home/jarret/data-engineering-bootcamp/workspace/airflow-code-review/venv/lib/python3.7/site-packages/airflow/example_dags/example_bash_operator.py
[2022-06-17 13:03:20,507] {processor.py:651} INFO - DAG(s) dict_keys(['example_bash_operator']) retrieved from /home/jarret/data-engineering-bootcamp/workspace/airflow-code-review/venv/lib/python3.7/site-packages/airflow/example_dags/example_bash_operator.py
[2022-06-17 13:03:20,518] {logging_mixin.py:115} INFO - [2022-06-17 13:03:20,518] {dag.py:2379} INFO - Sync 1 DAGs
[2022-06-17 13:03:20,535] {logging_mixin.py:115} INFO - [2022-06-17 13:03:20,534] {dag.py:2931} INFO - Setting next_dagrun for example_bash_operator to 2022-06-16T00:00:00+00:00, run_after=2022-06-17T00:00:00+00:00
[2022-06-17 13:03:21,672] {processor.py:161} INFO - Processing /home/jarret/data-engineering-bootcamp/workspace/airflow-code-review/venv/lib/python3.7/site-packages/airflow/example_dags/example_bash_operator.py took 1.178 seconds
[2022-06-17 13:04:12,278] {processor.py:153} INFO - Started process (PID=17936) to work on /home/jarret/data-engineering-bootcamp/workspace/airflow-code-review/venv/lib/python3.7/site-packages/airflow/example_dags/example_bash_operator.py
[2022-06-17 13:04:12,301] {processor.py:641} INFO - Processing file /home/jarret/data-engineering-bootcamp/workspace/airflow-code-review/venv/lib/python3.7/site-packages/airflow/example_dags/example_bash_operator.py for tasks to queue
[2022-06-17 13:04:12,302] {logging_mixin.py:115} INFO - [2022-06-17 13:04:12,302] {dagbag.py:507} INFO - Filling up the DagBag from /home/jarret/data-engineering-bootcamp/workspace/airflow-code-review/venv/lib/python3.7/site-packages/airflow/example_dags/example_bash_operator.py
[2022-06-17 13:04:12,315] {processor.py:651} INFO - DAG(s) dict_keys(['example_bash_operator']) retrieved from /home/jarret/data-engineering-bootcamp/workspace/airflow-code-review/venv/lib/python3.7/site-packages/airflow/example_dags/example_bash_operator.py
[2022-06-17 13:04:12,326] {logging_mixin.py:115} INFO - [2022-06-17 13:04:12,326] {dag.py:2379} INFO - Sync 1 DAGs
[2022-06-17 13:04:12,342] {logging_mixin.py:115} INFO - [2022-06-17 13:04:12,342] {dag.py:2931} INFO - Setting next_dagrun for example_bash_operator to 2022-06-16T00:00:00+00:00, run_after=2022-06-17T00:00:00+00:00
[2022-06-17 13:04:15,348] {processor.py:161} INFO - Processing /home/jarret/data-engineering-bootcamp/workspace/airflow-code-review/venv/lib/python3.7/site-packages/airflow/example_dags/example_bash_operator.py took 3.073 seconds
[2022-06-17 13:05:23,256] {processor.py:153} INFO - Started process (PID=18003) to work on /home/jarret/data-engineering-bootcamp/workspace/airflow-code-review/venv/lib/python3.7/site-packages/airflow/example_dags/example_bash_operator.py
[2022-06-17 13:05:23,257] {processor.py:641} INFO - Processing file /home/jarret/data-engineering-bootcamp/workspace/airflow-code-review/venv/lib/python3.7/site-packages/airflow/example_dags/example_bash_operator.py for tasks to queue
[2022-06-17 13:05:23,258] {logging_mixin.py:115} INFO - [2022-06-17 13:05:23,258] {dagbag.py:507} INFO - Filling up the DagBag from /home/jarret/data-engineering-bootcamp/workspace/airflow-code-review/venv/lib/python3.7/site-packages/airflow/example_dags/example_bash_operator.py
[2022-06-17 13:05:23,267] {processor.py:651} INFO - DAG(s) dict_keys(['example_bash_operator']) retrieved from /home/jarret/data-engineering-bootcamp/workspace/airflow-code-review/venv/lib/python3.7/site-packages/airflow/example_dags/example_bash_operator.py
[2022-06-17 13:05:23,279] {logging_mixin.py:115} INFO - [2022-06-17 13:05:23,279] {dag.py:2379} INFO - Sync 1 DAGs
[2022-06-17 13:05:23,295] {logging_mixin.py:115} INFO - [2022-06-17 13:05:23,295] {dag.py:2931} INFO - Setting next_dagrun for example_bash_operator to 2022-06-16T00:00:00+00:00, run_after=2022-06-17T00:00:00+00:00
[2022-06-17 13:05:23,864] {processor.py:161} INFO - Processing /home/jarret/data-engineering-bootcamp/workspace/airflow-code-review/venv/lib/python3.7/site-packages/airflow/example_dags/example_bash_operator.py took 0.612 seconds
[2022-06-17 13:06:22,133] {processor.py:153} INFO - Started process (PID=18053) to work on /home/jarret/data-engineering-bootcamp/workspace/airflow-code-review/venv/lib/python3.7/site-packages/airflow/example_dags/example_bash_operator.py
[2022-06-17 13:06:22,149] {processor.py:641} INFO - Processing file /home/jarret/data-engineering-bootcamp/workspace/airflow-code-review/venv/lib/python3.7/site-packages/airflow/example_dags/example_bash_operator.py for tasks to queue
[2022-06-17 13:06:22,149] {logging_mixin.py:115} INFO - [2022-06-17 13:06:22,149] {dagbag.py:507} INFO - Filling up the DagBag from /home/jarret/data-engineering-bootcamp/workspace/airflow-code-review/venv/lib/python3.7/site-packages/airflow/example_dags/example_bash_operator.py
[2022-06-17 13:06:22,156] {processor.py:651} INFO - DAG(s) dict_keys(['example_bash_operator']) retrieved from /home/jarret/data-engineering-bootcamp/workspace/airflow-code-review/venv/lib/python3.7/site-packages/airflow/example_dags/example_bash_operator.py
[2022-06-17 13:06:22,168] {logging_mixin.py:115} INFO - [2022-06-17 13:06:22,168] {dag.py:2379} INFO - Sync 1 DAGs
[2022-06-17 13:06:22,186] {logging_mixin.py:115} INFO - [2022-06-17 13:06:22,186] {dag.py:2931} INFO - Setting next_dagrun for example_bash_operator to 2022-06-16T00:00:00+00:00, run_after=2022-06-17T00:00:00+00:00
[2022-06-17 13:06:22,320] {processor.py:161} INFO - Processing /home/jarret/data-engineering-bootcamp/workspace/airflow-code-review/venv/lib/python3.7/site-packages/airflow/example_dags/example_bash_operator.py took 0.190 seconds
[2022-06-17 13:07:17,999] {processor.py:153} INFO - Started process (PID=18161) to work on /home/jarret/data-engineering-bootcamp/workspace/airflow-code-review/venv/lib/python3.7/site-packages/airflow/example_dags/example_bash_operator.py
[2022-06-17 13:07:18,036] {processor.py:641} INFO - Processing file /home/jarret/data-engineering-bootcamp/workspace/airflow-code-review/venv/lib/python3.7/site-packages/airflow/example_dags/example_bash_operator.py for tasks to queue
[2022-06-17 13:07:18,036] {logging_mixin.py:115} INFO - [2022-06-17 13:07:18,036] {dagbag.py:507} INFO - Filling up the DagBag from /home/jarret/data-engineering-bootcamp/workspace/airflow-code-review/venv/lib/python3.7/site-packages/airflow/example_dags/example_bash_operator.py
[2022-06-17 13:07:18,048] {processor.py:651} INFO - DAG(s) dict_keys(['example_bash_operator']) retrieved from /home/jarret/data-engineering-bootcamp/workspace/airflow-code-review/venv/lib/python3.7/site-packages/airflow/example_dags/example_bash_operator.py
[2022-06-17 13:07:18,059] {logging_mixin.py:115} INFO - [2022-06-17 13:07:18,059] {dag.py:2379} INFO - Sync 1 DAGs
[2022-06-17 13:07:18,076] {logging_mixin.py:115} INFO - [2022-06-17 13:07:18,076] {dag.py:2931} INFO - Setting next_dagrun for example_bash_operator to 2022-06-16T00:00:00+00:00, run_after=2022-06-17T00:00:00+00:00
[2022-06-17 13:07:18,192] {processor.py:161} INFO - Processing /home/jarret/data-engineering-bootcamp/workspace/airflow-code-review/venv/lib/python3.7/site-packages/airflow/example_dags/example_bash_operator.py took 0.196 seconds
[2022-06-17 13:08:10,063] {processor.py:153} INFO - Started process (PID=18269) to work on /home/jarret/data-engineering-bootcamp/workspace/airflow-code-review/venv/lib/python3.7/site-packages/airflow/example_dags/example_bash_operator.py
[2022-06-17 13:08:10,064] {processor.py:641} INFO - Processing file /home/jarret/data-engineering-bootcamp/workspace/airflow-code-review/venv/lib/python3.7/site-packages/airflow/example_dags/example_bash_operator.py for tasks to queue
[2022-06-17 13:08:10,065] {logging_mixin.py:115} INFO - [2022-06-17 13:08:10,065] {dagbag.py:507} INFO - Filling up the DagBag from /home/jarret/data-engineering-bootcamp/workspace/airflow-code-review/venv/lib/python3.7/site-packages/airflow/example_dags/example_bash_operator.py
[2022-06-17 13:08:10,074] {processor.py:651} INFO - DAG(s) dict_keys(['example_bash_operator']) retrieved from /home/jarret/data-engineering-bootcamp/workspace/airflow-code-review/venv/lib/python3.7/site-packages/airflow/example_dags/example_bash_operator.py
[2022-06-17 13:08:10,090] {logging_mixin.py:115} INFO - [2022-06-17 13:08:10,090] {dag.py:2379} INFO - Sync 1 DAGs
[2022-06-17 13:08:10,113] {logging_mixin.py:115} INFO - [2022-06-17 13:08:10,113] {dag.py:2931} INFO - Setting next_dagrun for example_bash_operator to 2022-06-16T00:00:00+00:00, run_after=2022-06-17T00:00:00+00:00
[2022-06-17 13:08:10,233] {processor.py:161} INFO - Processing /home/jarret/data-engineering-bootcamp/workspace/airflow-code-review/venv/lib/python3.7/site-packages/airflow/example_dags/example_bash_operator.py took 0.174 seconds
[2022-06-17 13:08:53,110] {processor.py:153} INFO - Started process (PID=18359) to work on /home/jarret/data-engineering-bootcamp/workspace/airflow-code-review/venv/lib/python3.7/site-packages/airflow/example_dags/example_bash_operator.py
[2022-06-17 13:08:53,122] {processor.py:641} INFO - Processing file /home/jarret/data-engineering-bootcamp/workspace/airflow-code-review/venv/lib/python3.7/site-packages/airflow/example_dags/example_bash_operator.py for tasks to queue
[2022-06-17 13:08:53,122] {logging_mixin.py:115} INFO - [2022-06-17 13:08:53,122] {dagbag.py:507} INFO - Filling up the DagBag from /home/jarret/data-engineering-bootcamp/workspace/airflow-code-review/venv/lib/python3.7/site-packages/airflow/example_dags/example_bash_operator.py
[2022-06-17 13:08:53,130] {processor.py:651} INFO - DAG(s) dict_keys(['example_bash_operator']) retrieved from /home/jarret/data-engineering-bootcamp/workspace/airflow-code-review/venv/lib/python3.7/site-packages/airflow/example_dags/example_bash_operator.py
[2022-06-17 13:08:53,141] {logging_mixin.py:115} INFO - [2022-06-17 13:08:53,141] {dag.py:2379} INFO - Sync 1 DAGs
[2022-06-17 13:08:53,158] {logging_mixin.py:115} INFO - [2022-06-17 13:08:53,158] {dag.py:2931} INFO - Setting next_dagrun for example_bash_operator to 2022-06-16T00:00:00+00:00, run_after=2022-06-17T00:00:00+00:00
[2022-06-17 13:08:53,296] {processor.py:161} INFO - Processing /home/jarret/data-engineering-bootcamp/workspace/airflow-code-review/venv/lib/python3.7/site-packages/airflow/example_dags/example_bash_operator.py took 0.189 seconds
[2022-06-17 13:09:46,286] {processor.py:153} INFO - Started process (PID=18467) to work on /home/jarret/data-engineering-bootcamp/workspace/airflow-code-review/venv/lib/python3.7/site-packages/airflow/example_dags/example_bash_operator.py
[2022-06-17 13:09:46,287] {processor.py:641} INFO - Processing file /home/jarret/data-engineering-bootcamp/workspace/airflow-code-review/venv/lib/python3.7/site-packages/airflow/example_dags/example_bash_operator.py for tasks to queue
[2022-06-17 13:09:46,287] {logging_mixin.py:115} INFO - [2022-06-17 13:09:46,287] {dagbag.py:507} INFO - Filling up the DagBag from /home/jarret/data-engineering-bootcamp/workspace/airflow-code-review/venv/lib/python3.7/site-packages/airflow/example_dags/example_bash_operator.py
[2022-06-17 13:09:46,295] {processor.py:651} INFO - DAG(s) dict_keys(['example_bash_operator']) retrieved from /home/jarret/data-engineering-bootcamp/workspace/airflow-code-review/venv/lib/python3.7/site-packages/airflow/example_dags/example_bash_operator.py
[2022-06-17 13:09:46,306] {logging_mixin.py:115} INFO - [2022-06-17 13:09:46,306] {dag.py:2379} INFO - Sync 1 DAGs
[2022-06-17 13:09:46,324] {logging_mixin.py:115} INFO - [2022-06-17 13:09:46,324] {dag.py:2931} INFO - Setting next_dagrun for example_bash_operator to 2022-06-16T00:00:00+00:00, run_after=2022-06-17T00:00:00+00:00
[2022-06-17 13:09:47,185] {processor.py:161} INFO - Processing /home/jarret/data-engineering-bootcamp/workspace/airflow-code-review/venv/lib/python3.7/site-packages/airflow/example_dags/example_bash_operator.py took 0.902 seconds
[2022-06-17 13:10:36,653] {processor.py:153} INFO - Started process (PID=18530) to work on /home/jarret/data-engineering-bootcamp/workspace/airflow-code-review/venv/lib/python3.7/site-packages/airflow/example_dags/example_bash_operator.py
[2022-06-17 13:10:36,655] {processor.py:641} INFO - Processing file /home/jarret/data-engineering-bootcamp/workspace/airflow-code-review/venv/lib/python3.7/site-packages/airflow/example_dags/example_bash_operator.py for tasks to queue
[2022-06-17 13:10:36,655] {logging_mixin.py:115} INFO - [2022-06-17 13:10:36,655] {dagbag.py:507} INFO - Filling up the DagBag from /home/jarret/data-engineering-bootcamp/workspace/airflow-code-review/venv/lib/python3.7/site-packages/airflow/example_dags/example_bash_operator.py
[2022-06-17 13:10:36,666] {processor.py:651} INFO - DAG(s) dict_keys(['example_bash_operator']) retrieved from /home/jarret/data-engineering-bootcamp/workspace/airflow-code-review/venv/lib/python3.7/site-packages/airflow/example_dags/example_bash_operator.py
[2022-06-17 13:10:36,677] {logging_mixin.py:115} INFO - [2022-06-17 13:10:36,677] {dag.py:2379} INFO - Sync 1 DAGs
[2022-06-17 13:10:36,694] {logging_mixin.py:115} INFO - [2022-06-17 13:10:36,694] {dag.py:2931} INFO - Setting next_dagrun for example_bash_operator to 2022-06-16T00:00:00+00:00, run_after=2022-06-17T00:00:00+00:00
[2022-06-17 13:10:36,828] {processor.py:161} INFO - Processing /home/jarret/data-engineering-bootcamp/workspace/airflow-code-review/venv/lib/python3.7/site-packages/airflow/example_dags/example_bash_operator.py took 0.178 seconds
[2022-06-17 13:11:32,950] {processor.py:153} INFO - Started process (PID=18651) to work on /home/jarret/data-engineering-bootcamp/workspace/airflow-code-review/venv/lib/python3.7/site-packages/airflow/example_dags/example_bash_operator.py
[2022-06-17 13:11:32,968] {processor.py:641} INFO - Processing file /home/jarret/data-engineering-bootcamp/workspace/airflow-code-review/venv/lib/python3.7/site-packages/airflow/example_dags/example_bash_operator.py for tasks to queue
[2022-06-17 13:11:32,969] {logging_mixin.py:115} INFO - [2022-06-17 13:11:32,968] {dagbag.py:507} INFO - Filling up the DagBag from /home/jarret/data-engineering-bootcamp/workspace/airflow-code-review/venv/lib/python3.7/site-packages/airflow/example_dags/example_bash_operator.py
[2022-06-17 13:11:32,978] {processor.py:651} INFO - DAG(s) dict_keys(['example_bash_operator']) retrieved from /home/jarret/data-engineering-bootcamp/workspace/airflow-code-review/venv/lib/python3.7/site-packages/airflow/example_dags/example_bash_operator.py
[2022-06-17 13:11:32,991] {logging_mixin.py:115} INFO - [2022-06-17 13:11:32,991] {dag.py:2379} INFO - Sync 1 DAGs
[2022-06-17 13:11:33,009] {logging_mixin.py:115} INFO - [2022-06-17 13:11:33,008] {dag.py:2931} INFO - Setting next_dagrun for example_bash_operator to 2022-06-16T00:00:00+00:00, run_after=2022-06-17T00:00:00+00:00
[2022-06-17 13:11:33,594] {processor.py:161} INFO - Processing /home/jarret/data-engineering-bootcamp/workspace/airflow-code-review/venv/lib/python3.7/site-packages/airflow/example_dags/example_bash_operator.py took 0.647 seconds
[2022-06-17 13:12:24,552] {processor.py:153} INFO - Started process (PID=18753) to work on /home/jarret/data-engineering-bootcamp/workspace/airflow-code-review/venv/lib/python3.7/site-packages/airflow/example_dags/example_bash_operator.py
[2022-06-17 13:12:24,570] {processor.py:641} INFO - Processing file /home/jarret/data-engineering-bootcamp/workspace/airflow-code-review/venv/lib/python3.7/site-packages/airflow/example_dags/example_bash_operator.py for tasks to queue
[2022-06-17 13:12:24,570] {logging_mixin.py:115} INFO - [2022-06-17 13:12:24,570] {dagbag.py:507} INFO - Filling up the DagBag from /home/jarret/data-engineering-bootcamp/workspace/airflow-code-review/venv/lib/python3.7/site-packages/airflow/example_dags/example_bash_operator.py
[2022-06-17 13:12:24,587] {processor.py:651} INFO - DAG(s) dict_keys(['example_bash_operator']) retrieved from /home/jarret/data-engineering-bootcamp/workspace/airflow-code-review/venv/lib/python3.7/site-packages/airflow/example_dags/example_bash_operator.py
[2022-06-17 13:12:24,598] {logging_mixin.py:115} INFO - [2022-06-17 13:12:24,598] {dag.py:2379} INFO - Sync 1 DAGs
[2022-06-17 13:12:24,616] {logging_mixin.py:115} INFO - [2022-06-17 13:12:24,615] {dag.py:2931} INFO - Setting next_dagrun for example_bash_operator to 2022-06-16T00:00:00+00:00, run_after=2022-06-17T00:00:00+00:00
[2022-06-17 13:12:24,741] {processor.py:161} INFO - Processing /home/jarret/data-engineering-bootcamp/workspace/airflow-code-review/venv/lib/python3.7/site-packages/airflow/example_dags/example_bash_operator.py took 0.192 seconds
[2022-06-17 13:13:28,854] {processor.py:153} INFO - Started process (PID=18859) to work on /home/jarret/data-engineering-bootcamp/workspace/airflow-code-review/venv/lib/python3.7/site-packages/airflow/example_dags/example_bash_operator.py
[2022-06-17 13:13:28,909] {processor.py:641} INFO - Processing file /home/jarret/data-engineering-bootcamp/workspace/airflow-code-review/venv/lib/python3.7/site-packages/airflow/example_dags/example_bash_operator.py for tasks to queue
[2022-06-17 13:13:28,910] {logging_mixin.py:115} INFO - [2022-06-17 13:13:28,909] {dagbag.py:507} INFO - Filling up the DagBag from /home/jarret/data-engineering-bootcamp/workspace/airflow-code-review/venv/lib/python3.7/site-packages/airflow/example_dags/example_bash_operator.py
[2022-06-17 13:13:28,919] {processor.py:651} INFO - DAG(s) dict_keys(['example_bash_operator']) retrieved from /home/jarret/data-engineering-bootcamp/workspace/airflow-code-review/venv/lib/python3.7/site-packages/airflow/example_dags/example_bash_operator.py
[2022-06-17 13:13:28,931] {logging_mixin.py:115} INFO - [2022-06-17 13:13:28,931] {dag.py:2379} INFO - Sync 1 DAGs
[2022-06-17 13:13:28,949] {logging_mixin.py:115} INFO - [2022-06-17 13:13:28,949] {dag.py:2931} INFO - Setting next_dagrun for example_bash_operator to 2022-06-16T00:00:00+00:00, run_after=2022-06-17T00:00:00+00:00
[2022-06-17 13:13:29,176] {processor.py:161} INFO - Processing /home/jarret/data-engineering-bootcamp/workspace/airflow-code-review/venv/lib/python3.7/site-packages/airflow/example_dags/example_bash_operator.py took 0.325 seconds
[2022-06-17 13:14:22,549] {processor.py:153} INFO - Started process (PID=18951) to work on /home/jarret/data-engineering-bootcamp/workspace/airflow-code-review/venv/lib/python3.7/site-packages/airflow/example_dags/example_bash_operator.py
[2022-06-17 13:14:22,556] {processor.py:641} INFO - Processing file /home/jarret/data-engineering-bootcamp/workspace/airflow-code-review/venv/lib/python3.7/site-packages/airflow/example_dags/example_bash_operator.py for tasks to queue
[2022-06-17 13:14:22,556] {logging_mixin.py:115} INFO - [2022-06-17 13:14:22,556] {dagbag.py:507} INFO - Filling up the DagBag from /home/jarret/data-engineering-bootcamp/workspace/airflow-code-review/venv/lib/python3.7/site-packages/airflow/example_dags/example_bash_operator.py
[2022-06-17 13:14:22,564] {processor.py:651} INFO - DAG(s) dict_keys(['example_bash_operator']) retrieved from /home/jarret/data-engineering-bootcamp/workspace/airflow-code-review/venv/lib/python3.7/site-packages/airflow/example_dags/example_bash_operator.py
[2022-06-17 13:14:22,575] {logging_mixin.py:115} INFO - [2022-06-17 13:14:22,575] {dag.py:2379} INFO - Sync 1 DAGs
[2022-06-17 13:14:22,594] {logging_mixin.py:115} INFO - [2022-06-17 13:14:22,593] {dag.py:2931} INFO - Setting next_dagrun for example_bash_operator to 2022-06-16T00:00:00+00:00, run_after=2022-06-17T00:00:00+00:00
[2022-06-17 13:14:22,728] {processor.py:161} INFO - Processing /home/jarret/data-engineering-bootcamp/workspace/airflow-code-review/venv/lib/python3.7/site-packages/airflow/example_dags/example_bash_operator.py took 0.181 seconds
[2022-06-17 13:15:13,765] {processor.py:153} INFO - Started process (PID=18995) to work on /home/jarret/data-engineering-bootcamp/workspace/airflow-code-review/venv/lib/python3.7/site-packages/airflow/example_dags/example_bash_operator.py
[2022-06-17 13:15:13,772] {processor.py:641} INFO - Processing file /home/jarret/data-engineering-bootcamp/workspace/airflow-code-review/venv/lib/python3.7/site-packages/airflow/example_dags/example_bash_operator.py for tasks to queue
[2022-06-17 13:15:13,773] {logging_mixin.py:115} INFO - [2022-06-17 13:15:13,773] {dagbag.py:507} INFO - Filling up the DagBag from /home/jarret/data-engineering-bootcamp/workspace/airflow-code-review/venv/lib/python3.7/site-packages/airflow/example_dags/example_bash_operator.py
[2022-06-17 13:15:13,780] {processor.py:651} INFO - DAG(s) dict_keys(['example_bash_operator']) retrieved from /home/jarret/data-engineering-bootcamp/workspace/airflow-code-review/venv/lib/python3.7/site-packages/airflow/example_dags/example_bash_operator.py
[2022-06-17 13:15:13,791] {logging_mixin.py:115} INFO - [2022-06-17 13:15:13,791] {dag.py:2379} INFO - Sync 1 DAGs
[2022-06-17 13:15:13,808] {logging_mixin.py:115} INFO - [2022-06-17 13:15:13,808] {dag.py:2931} INFO - Setting next_dagrun for example_bash_operator to 2022-06-16T00:00:00+00:00, run_after=2022-06-17T00:00:00+00:00
[2022-06-17 13:15:13,953] {processor.py:161} INFO - Processing /home/jarret/data-engineering-bootcamp/workspace/airflow-code-review/venv/lib/python3.7/site-packages/airflow/example_dags/example_bash_operator.py took 0.191 seconds
[2022-06-17 13:16:03,090] {processor.py:153} INFO - Started process (PID=19038) to work on /home/jarret/data-engineering-bootcamp/workspace/airflow-code-review/venv/lib/python3.7/site-packages/airflow/example_dags/example_bash_operator.py
[2022-06-17 13:16:03,097] {processor.py:641} INFO - Processing file /home/jarret/data-engineering-bootcamp/workspace/airflow-code-review/venv/lib/python3.7/site-packages/airflow/example_dags/example_bash_operator.py for tasks to queue
[2022-06-17 13:16:03,098] {logging_mixin.py:115} INFO - [2022-06-17 13:16:03,098] {dagbag.py:507} INFO - Filling up the DagBag from /home/jarret/data-engineering-bootcamp/workspace/airflow-code-review/venv/lib/python3.7/site-packages/airflow/example_dags/example_bash_operator.py
[2022-06-17 13:16:03,106] {processor.py:651} INFO - DAG(s) dict_keys(['example_bash_operator']) retrieved from /home/jarret/data-engineering-bootcamp/workspace/airflow-code-review/venv/lib/python3.7/site-packages/airflow/example_dags/example_bash_operator.py
[2022-06-17 13:16:03,117] {logging_mixin.py:115} INFO - [2022-06-17 13:16:03,117] {dag.py:2379} INFO - Sync 1 DAGs
[2022-06-17 13:16:03,135] {logging_mixin.py:115} INFO - [2022-06-17 13:16:03,134] {dag.py:2931} INFO - Setting next_dagrun for example_bash_operator to 2022-06-16T00:00:00+00:00, run_after=2022-06-17T00:00:00+00:00
[2022-06-17 13:16:03,259] {processor.py:161} INFO - Processing /home/jarret/data-engineering-bootcamp/workspace/airflow-code-review/venv/lib/python3.7/site-packages/airflow/example_dags/example_bash_operator.py took 0.172 seconds
[2022-06-17 13:16:50,068] {processor.py:153} INFO - Started process (PID=19079) to work on /home/jarret/data-engineering-bootcamp/workspace/airflow-code-review/venv/lib/python3.7/site-packages/airflow/example_dags/example_bash_operator.py
[2022-06-17 13:16:50,077] {processor.py:641} INFO - Processing file /home/jarret/data-engineering-bootcamp/workspace/airflow-code-review/venv/lib/python3.7/site-packages/airflow/example_dags/example_bash_operator.py for tasks to queue
[2022-06-17 13:16:50,077] {logging_mixin.py:115} INFO - [2022-06-17 13:16:50,077] {dagbag.py:507} INFO - Filling up the DagBag from /home/jarret/data-engineering-bootcamp/workspace/airflow-code-review/venv/lib/python3.7/site-packages/airflow/example_dags/example_bash_operator.py
[2022-06-17 13:16:50,084] {processor.py:651} INFO - DAG(s) dict_keys(['example_bash_operator']) retrieved from /home/jarret/data-engineering-bootcamp/workspace/airflow-code-review/venv/lib/python3.7/site-packages/airflow/example_dags/example_bash_operator.py
[2022-06-17 13:16:50,096] {logging_mixin.py:115} INFO - [2022-06-17 13:16:50,096] {dag.py:2379} INFO - Sync 1 DAGs
[2022-06-17 13:16:50,113] {logging_mixin.py:115} INFO - [2022-06-17 13:16:50,113] {dag.py:2931} INFO - Setting next_dagrun for example_bash_operator to 2022-06-16T00:00:00+00:00, run_after=2022-06-17T00:00:00+00:00
[2022-06-17 13:16:50,435] {processor.py:161} INFO - Processing /home/jarret/data-engineering-bootcamp/workspace/airflow-code-review/venv/lib/python3.7/site-packages/airflow/example_dags/example_bash_operator.py took 0.369 seconds
[2022-06-17 13:17:42,902] {processor.py:153} INFO - Started process (PID=19141) to work on /home/jarret/data-engineering-bootcamp/workspace/airflow-code-review/venv/lib/python3.7/site-packages/airflow/example_dags/example_bash_operator.py
[2022-06-17 13:17:42,910] {processor.py:641} INFO - Processing file /home/jarret/data-engineering-bootcamp/workspace/airflow-code-review/venv/lib/python3.7/site-packages/airflow/example_dags/example_bash_operator.py for tasks to queue
[2022-06-17 13:17:42,911] {logging_mixin.py:115} INFO - [2022-06-17 13:17:42,910] {dagbag.py:507} INFO - Filling up the DagBag from /home/jarret/data-engineering-bootcamp/workspace/airflow-code-review/venv/lib/python3.7/site-packages/airflow/example_dags/example_bash_operator.py
[2022-06-17 13:17:42,924] {processor.py:651} INFO - DAG(s) dict_keys(['example_bash_operator']) retrieved from /home/jarret/data-engineering-bootcamp/workspace/airflow-code-review/venv/lib/python3.7/site-packages/airflow/example_dags/example_bash_operator.py
[2022-06-17 13:17:42,938] {logging_mixin.py:115} INFO - [2022-06-17 13:17:42,938] {dag.py:2379} INFO - Sync 1 DAGs
[2022-06-17 13:17:42,957] {logging_mixin.py:115} INFO - [2022-06-17 13:17:42,957] {dag.py:2931} INFO - Setting next_dagrun for example_bash_operator to 2022-06-16T00:00:00+00:00, run_after=2022-06-17T00:00:00+00:00
[2022-06-17 13:17:43,097] {processor.py:161} INFO - Processing /home/jarret/data-engineering-bootcamp/workspace/airflow-code-review/venv/lib/python3.7/site-packages/airflow/example_dags/example_bash_operator.py took 0.200 seconds
[2022-06-17 13:18:44,866] {processor.py:153} INFO - Started process (PID=19202) to work on /home/jarret/data-engineering-bootcamp/workspace/airflow-code-review/venv/lib/python3.7/site-packages/airflow/example_dags/example_bash_operator.py
[2022-06-17 13:18:44,876] {processor.py:641} INFO - Processing file /home/jarret/data-engineering-bootcamp/workspace/airflow-code-review/venv/lib/python3.7/site-packages/airflow/example_dags/example_bash_operator.py for tasks to queue
[2022-06-17 13:18:44,877] {logging_mixin.py:115} INFO - [2022-06-17 13:18:44,877] {dagbag.py:507} INFO - Filling up the DagBag from /home/jarret/data-engineering-bootcamp/workspace/airflow-code-review/venv/lib/python3.7/site-packages/airflow/example_dags/example_bash_operator.py
[2022-06-17 13:18:44,884] {processor.py:651} INFO - DAG(s) dict_keys(['example_bash_operator']) retrieved from /home/jarret/data-engineering-bootcamp/workspace/airflow-code-review/venv/lib/python3.7/site-packages/airflow/example_dags/example_bash_operator.py
[2022-06-17 13:18:44,895] {logging_mixin.py:115} INFO - [2022-06-17 13:18:44,895] {dag.py:2379} INFO - Sync 1 DAGs
[2022-06-17 13:18:44,913] {logging_mixin.py:115} INFO - [2022-06-17 13:18:44,913] {dag.py:2931} INFO - Setting next_dagrun for example_bash_operator to 2022-06-16T00:00:00+00:00, run_after=2022-06-17T00:00:00+00:00
[2022-06-17 13:18:45,303] {processor.py:161} INFO - Processing /home/jarret/data-engineering-bootcamp/workspace/airflow-code-review/venv/lib/python3.7/site-packages/airflow/example_dags/example_bash_operator.py took 0.440 seconds
[2022-06-17 13:19:47,671] {processor.py:153} INFO - Started process (PID=19265) to work on /home/jarret/data-engineering-bootcamp/workspace/airflow-code-review/venv/lib/python3.7/site-packages/airflow/example_dags/example_bash_operator.py
[2022-06-17 13:19:47,673] {processor.py:641} INFO - Processing file /home/jarret/data-engineering-bootcamp/workspace/airflow-code-review/venv/lib/python3.7/site-packages/airflow/example_dags/example_bash_operator.py for tasks to queue
[2022-06-17 13:19:47,674] {logging_mixin.py:115} INFO - [2022-06-17 13:19:47,673] {dagbag.py:507} INFO - Filling up the DagBag from /home/jarret/data-engineering-bootcamp/workspace/airflow-code-review/venv/lib/python3.7/site-packages/airflow/example_dags/example_bash_operator.py
[2022-06-17 13:19:47,681] {processor.py:651} INFO - DAG(s) dict_keys(['example_bash_operator']) retrieved from /home/jarret/data-engineering-bootcamp/workspace/airflow-code-review/venv/lib/python3.7/site-packages/airflow/example_dags/example_bash_operator.py
[2022-06-17 13:19:47,692] {logging_mixin.py:115} INFO - [2022-06-17 13:19:47,692] {dag.py:2379} INFO - Sync 1 DAGs
[2022-06-17 13:19:47,710] {logging_mixin.py:115} INFO - [2022-06-17 13:19:47,710] {dag.py:2931} INFO - Setting next_dagrun for example_bash_operator to 2022-06-16T00:00:00+00:00, run_after=2022-06-17T00:00:00+00:00
[2022-06-17 13:19:48,783] {processor.py:161} INFO - Processing /home/jarret/data-engineering-bootcamp/workspace/airflow-code-review/venv/lib/python3.7/site-packages/airflow/example_dags/example_bash_operator.py took 1.114 seconds
[2022-06-17 13:20:56,059] {processor.py:153} INFO - Started process (PID=19382) to work on /home/jarret/data-engineering-bootcamp/workspace/airflow-code-review/venv/lib/python3.7/site-packages/airflow/example_dags/example_bash_operator.py
[2022-06-17 13:20:56,063] {processor.py:641} INFO - Processing file /home/jarret/data-engineering-bootcamp/workspace/airflow-code-review/venv/lib/python3.7/site-packages/airflow/example_dags/example_bash_operator.py for tasks to queue
[2022-06-17 13:20:56,063] {logging_mixin.py:115} INFO - [2022-06-17 13:20:56,063] {dagbag.py:507} INFO - Filling up the DagBag from /home/jarret/data-engineering-bootcamp/workspace/airflow-code-review/venv/lib/python3.7/site-packages/airflow/example_dags/example_bash_operator.py
[2022-06-17 13:20:56,071] {processor.py:651} INFO - DAG(s) dict_keys(['example_bash_operator']) retrieved from /home/jarret/data-engineering-bootcamp/workspace/airflow-code-review/venv/lib/python3.7/site-packages/airflow/example_dags/example_bash_operator.py
[2022-06-17 13:20:56,083] {logging_mixin.py:115} INFO - [2022-06-17 13:20:56,083] {dag.py:2379} INFO - Sync 1 DAGs
[2022-06-17 13:20:56,102] {logging_mixin.py:115} INFO - [2022-06-17 13:20:56,102] {dag.py:2931} INFO - Setting next_dagrun for example_bash_operator to 2022-06-16T00:00:00+00:00, run_after=2022-06-17T00:00:00+00:00
[2022-06-17 13:20:58,040] {processor.py:161} INFO - Processing /home/jarret/data-engineering-bootcamp/workspace/airflow-code-review/venv/lib/python3.7/site-packages/airflow/example_dags/example_bash_operator.py took 1.983 seconds
[2022-06-17 13:21:54,779] {processor.py:153} INFO - Started process (PID=19504) to work on /home/jarret/data-engineering-bootcamp/workspace/airflow-code-review/venv/lib/python3.7/site-packages/airflow/example_dags/example_bash_operator.py
[2022-06-17 13:21:54,785] {processor.py:641} INFO - Processing file /home/jarret/data-engineering-bootcamp/workspace/airflow-code-review/venv/lib/python3.7/site-packages/airflow/example_dags/example_bash_operator.py for tasks to queue
[2022-06-17 13:21:54,786] {logging_mixin.py:115} INFO - [2022-06-17 13:21:54,786] {dagbag.py:507} INFO - Filling up the DagBag from /home/jarret/data-engineering-bootcamp/workspace/airflow-code-review/venv/lib/python3.7/site-packages/airflow/example_dags/example_bash_operator.py
[2022-06-17 13:21:54,793] {processor.py:651} INFO - DAG(s) dict_keys(['example_bash_operator']) retrieved from /home/jarret/data-engineering-bootcamp/workspace/airflow-code-review/venv/lib/python3.7/site-packages/airflow/example_dags/example_bash_operator.py
[2022-06-17 13:21:54,805] {logging_mixin.py:115} INFO - [2022-06-17 13:21:54,805] {dag.py:2379} INFO - Sync 1 DAGs
[2022-06-17 13:21:54,824] {logging_mixin.py:115} INFO - [2022-06-17 13:21:54,824] {dag.py:2931} INFO - Setting next_dagrun for example_bash_operator to 2022-06-16T00:00:00+00:00, run_after=2022-06-17T00:00:00+00:00
[2022-06-17 13:21:54,935] {processor.py:161} INFO - Processing /home/jarret/data-engineering-bootcamp/workspace/airflow-code-review/venv/lib/python3.7/site-packages/airflow/example_dags/example_bash_operator.py took 0.160 seconds
[2022-06-17 13:22:53,891] {processor.py:153} INFO - Started process (PID=19600) to work on /home/jarret/data-engineering-bootcamp/workspace/airflow-code-review/venv/lib/python3.7/site-packages/airflow/example_dags/example_bash_operator.py
[2022-06-17 13:22:53,900] {processor.py:641} INFO - Processing file /home/jarret/data-engineering-bootcamp/workspace/airflow-code-review/venv/lib/python3.7/site-packages/airflow/example_dags/example_bash_operator.py for tasks to queue
[2022-06-17 13:22:53,901] {logging_mixin.py:115} INFO - [2022-06-17 13:22:53,901] {dagbag.py:507} INFO - Filling up the DagBag from /home/jarret/data-engineering-bootcamp/workspace/airflow-code-review/venv/lib/python3.7/site-packages/airflow/example_dags/example_bash_operator.py
[2022-06-17 13:22:53,909] {processor.py:651} INFO - DAG(s) dict_keys(['example_bash_operator']) retrieved from /home/jarret/data-engineering-bootcamp/workspace/airflow-code-review/venv/lib/python3.7/site-packages/airflow/example_dags/example_bash_operator.py
[2022-06-17 13:22:53,920] {logging_mixin.py:115} INFO - [2022-06-17 13:22:53,920] {dag.py:2379} INFO - Sync 1 DAGs
[2022-06-17 13:22:53,938] {logging_mixin.py:115} INFO - [2022-06-17 13:22:53,938] {dag.py:2931} INFO - Setting next_dagrun for example_bash_operator to 2022-06-16T00:00:00+00:00, run_after=2022-06-17T00:00:00+00:00
[2022-06-17 13:22:54,073] {processor.py:161} INFO - Processing /home/jarret/data-engineering-bootcamp/workspace/airflow-code-review/venv/lib/python3.7/site-packages/airflow/example_dags/example_bash_operator.py took 0.186 seconds
[2022-06-17 13:23:57,136] {processor.py:153} INFO - Started process (PID=19731) to work on /home/jarret/data-engineering-bootcamp/workspace/airflow-code-review/venv/lib/python3.7/site-packages/airflow/example_dags/example_bash_operator.py
[2022-06-17 13:23:57,142] {processor.py:641} INFO - Processing file /home/jarret/data-engineering-bootcamp/workspace/airflow-code-review/venv/lib/python3.7/site-packages/airflow/example_dags/example_bash_operator.py for tasks to queue
[2022-06-17 13:23:57,143] {logging_mixin.py:115} INFO - [2022-06-17 13:23:57,143] {dagbag.py:507} INFO - Filling up the DagBag from /home/jarret/data-engineering-bootcamp/workspace/airflow-code-review/venv/lib/python3.7/site-packages/airflow/example_dags/example_bash_operator.py
[2022-06-17 13:23:57,150] {processor.py:651} INFO - DAG(s) dict_keys(['example_bash_operator']) retrieved from /home/jarret/data-engineering-bootcamp/workspace/airflow-code-review/venv/lib/python3.7/site-packages/airflow/example_dags/example_bash_operator.py
[2022-06-17 13:23:57,161] {logging_mixin.py:115} INFO - [2022-06-17 13:23:57,161] {dag.py:2379} INFO - Sync 1 DAGs
[2022-06-17 13:23:57,179] {logging_mixin.py:115} INFO - [2022-06-17 13:23:57,178] {dag.py:2931} INFO - Setting next_dagrun for example_bash_operator to 2022-06-16T00:00:00+00:00, run_after=2022-06-17T00:00:00+00:00
[2022-06-17 13:23:57,322] {processor.py:161} INFO - Processing /home/jarret/data-engineering-bootcamp/workspace/airflow-code-review/venv/lib/python3.7/site-packages/airflow/example_dags/example_bash_operator.py took 0.189 seconds
[2022-06-17 13:24:58,357] {processor.py:153} INFO - Started process (PID=19844) to work on /home/jarret/data-engineering-bootcamp/workspace/airflow-code-review/venv/lib/python3.7/site-packages/airflow/example_dags/example_bash_operator.py
[2022-06-17 13:24:58,367] {processor.py:641} INFO - Processing file /home/jarret/data-engineering-bootcamp/workspace/airflow-code-review/venv/lib/python3.7/site-packages/airflow/example_dags/example_bash_operator.py for tasks to queue
[2022-06-17 13:24:58,368] {logging_mixin.py:115} INFO - [2022-06-17 13:24:58,367] {dagbag.py:507} INFO - Filling up the DagBag from /home/jarret/data-engineering-bootcamp/workspace/airflow-code-review/venv/lib/python3.7/site-packages/airflow/example_dags/example_bash_operator.py
[2022-06-17 13:24:58,375] {processor.py:651} INFO - DAG(s) dict_keys(['example_bash_operator']) retrieved from /home/jarret/data-engineering-bootcamp/workspace/airflow-code-review/venv/lib/python3.7/site-packages/airflow/example_dags/example_bash_operator.py
[2022-06-17 13:24:58,386] {logging_mixin.py:115} INFO - [2022-06-17 13:24:58,385] {dag.py:2379} INFO - Sync 1 DAGs
[2022-06-17 13:24:58,402] {logging_mixin.py:115} INFO - [2022-06-17 13:24:58,402] {dag.py:2931} INFO - Setting next_dagrun for example_bash_operator to 2022-06-16T00:00:00+00:00, run_after=2022-06-17T00:00:00+00:00
[2022-06-17 13:24:59,790] {processor.py:161} INFO - Processing /home/jarret/data-engineering-bootcamp/workspace/airflow-code-review/venv/lib/python3.7/site-packages/airflow/example_dags/example_bash_operator.py took 1.437 seconds
[2022-06-17 13:25:50,135] {processor.py:153} INFO - Started process (PID=19946) to work on /home/jarret/data-engineering-bootcamp/workspace/airflow-code-review/venv/lib/python3.7/site-packages/airflow/example_dags/example_bash_operator.py
[2022-06-17 13:25:50,147] {processor.py:641} INFO - Processing file /home/jarret/data-engineering-bootcamp/workspace/airflow-code-review/venv/lib/python3.7/site-packages/airflow/example_dags/example_bash_operator.py for tasks to queue
[2022-06-17 13:25:50,148] {logging_mixin.py:115} INFO - [2022-06-17 13:25:50,147] {dagbag.py:507} INFO - Filling up the DagBag from /home/jarret/data-engineering-bootcamp/workspace/airflow-code-review/venv/lib/python3.7/site-packages/airflow/example_dags/example_bash_operator.py
[2022-06-17 13:25:50,157] {processor.py:651} INFO - DAG(s) dict_keys(['example_bash_operator']) retrieved from /home/jarret/data-engineering-bootcamp/workspace/airflow-code-review/venv/lib/python3.7/site-packages/airflow/example_dags/example_bash_operator.py
[2022-06-17 13:25:50,169] {logging_mixin.py:115} INFO - [2022-06-17 13:25:50,169] {dag.py:2379} INFO - Sync 1 DAGs
[2022-06-17 13:25:50,187] {logging_mixin.py:115} INFO - [2022-06-17 13:25:50,187] {dag.py:2931} INFO - Setting next_dagrun for example_bash_operator to 2022-06-16T00:00:00+00:00, run_after=2022-06-17T00:00:00+00:00
[2022-06-17 13:25:50,314] {processor.py:161} INFO - Processing /home/jarret/data-engineering-bootcamp/workspace/airflow-code-review/venv/lib/python3.7/site-packages/airflow/example_dags/example_bash_operator.py took 0.182 seconds
[2022-06-17 13:26:43,818] {processor.py:153} INFO - Started process (PID=20061) to work on /home/jarret/data-engineering-bootcamp/workspace/airflow-code-review/venv/lib/python3.7/site-packages/airflow/example_dags/example_bash_operator.py
[2022-06-17 13:26:43,828] {processor.py:641} INFO - Processing file /home/jarret/data-engineering-bootcamp/workspace/airflow-code-review/venv/lib/python3.7/site-packages/airflow/example_dags/example_bash_operator.py for tasks to queue
[2022-06-17 13:26:43,829] {logging_mixin.py:115} INFO - [2022-06-17 13:26:43,828] {dagbag.py:507} INFO - Filling up the DagBag from /home/jarret/data-engineering-bootcamp/workspace/airflow-code-review/venv/lib/python3.7/site-packages/airflow/example_dags/example_bash_operator.py
[2022-06-17 13:26:43,836] {processor.py:651} INFO - DAG(s) dict_keys(['example_bash_operator']) retrieved from /home/jarret/data-engineering-bootcamp/workspace/airflow-code-review/venv/lib/python3.7/site-packages/airflow/example_dags/example_bash_operator.py
[2022-06-17 13:26:43,847] {logging_mixin.py:115} INFO - [2022-06-17 13:26:43,847] {dag.py:2379} INFO - Sync 1 DAGs
[2022-06-17 13:26:43,865] {logging_mixin.py:115} INFO - [2022-06-17 13:26:43,865] {dag.py:2931} INFO - Setting next_dagrun for example_bash_operator to 2022-06-16T00:00:00+00:00, run_after=2022-06-17T00:00:00+00:00
[2022-06-17 13:26:44,359] {processor.py:161} INFO - Processing /home/jarret/data-engineering-bootcamp/workspace/airflow-code-review/venv/lib/python3.7/site-packages/airflow/example_dags/example_bash_operator.py took 0.545 seconds
[2022-06-17 13:27:49,567] {processor.py:153} INFO - Started process (PID=20194) to work on /home/jarret/data-engineering-bootcamp/workspace/airflow-code-review/venv/lib/python3.7/site-packages/airflow/example_dags/example_bash_operator.py
[2022-06-17 13:27:49,580] {processor.py:641} INFO - Processing file /home/jarret/data-engineering-bootcamp/workspace/airflow-code-review/venv/lib/python3.7/site-packages/airflow/example_dags/example_bash_operator.py for tasks to queue
[2022-06-17 13:27:49,580] {logging_mixin.py:115} INFO - [2022-06-17 13:27:49,580] {dagbag.py:507} INFO - Filling up the DagBag from /home/jarret/data-engineering-bootcamp/workspace/airflow-code-review/venv/lib/python3.7/site-packages/airflow/example_dags/example_bash_operator.py
[2022-06-17 13:27:49,587] {processor.py:651} INFO - DAG(s) dict_keys(['example_bash_operator']) retrieved from /home/jarret/data-engineering-bootcamp/workspace/airflow-code-review/venv/lib/python3.7/site-packages/airflow/example_dags/example_bash_operator.py
[2022-06-17 13:27:49,599] {logging_mixin.py:115} INFO - [2022-06-17 13:27:49,599] {dag.py:2379} INFO - Sync 1 DAGs
[2022-06-17 13:27:49,617] {logging_mixin.py:115} INFO - [2022-06-17 13:27:49,616] {dag.py:2931} INFO - Setting next_dagrun for example_bash_operator to 2022-06-16T00:00:00+00:00, run_after=2022-06-17T00:00:00+00:00
[2022-06-17 13:27:49,809] {processor.py:161} INFO - Processing /home/jarret/data-engineering-bootcamp/workspace/airflow-code-review/venv/lib/python3.7/site-packages/airflow/example_dags/example_bash_operator.py took 0.246 seconds
[2022-06-17 13:28:47,689] {processor.py:153} INFO - Started process (PID=20272) to work on /home/jarret/data-engineering-bootcamp/workspace/airflow-code-review/venv/lib/python3.7/site-packages/airflow/example_dags/example_bash_operator.py
[2022-06-17 13:28:47,697] {processor.py:641} INFO - Processing file /home/jarret/data-engineering-bootcamp/workspace/airflow-code-review/venv/lib/python3.7/site-packages/airflow/example_dags/example_bash_operator.py for tasks to queue
[2022-06-17 13:28:47,698] {logging_mixin.py:115} INFO - [2022-06-17 13:28:47,698] {dagbag.py:507} INFO - Filling up the DagBag from /home/jarret/data-engineering-bootcamp/workspace/airflow-code-review/venv/lib/python3.7/site-packages/airflow/example_dags/example_bash_operator.py
[2022-06-17 13:28:47,711] {processor.py:651} INFO - DAG(s) dict_keys(['example_bash_operator']) retrieved from /home/jarret/data-engineering-bootcamp/workspace/airflow-code-review/venv/lib/python3.7/site-packages/airflow/example_dags/example_bash_operator.py
[2022-06-17 13:28:47,723] {logging_mixin.py:115} INFO - [2022-06-17 13:28:47,723] {dag.py:2379} INFO - Sync 1 DAGs
[2022-06-17 13:28:47,740] {logging_mixin.py:115} INFO - [2022-06-17 13:28:47,740] {dag.py:2931} INFO - Setting next_dagrun for example_bash_operator to 2022-06-16T00:00:00+00:00, run_after=2022-06-17T00:00:00+00:00
[2022-06-17 13:28:47,854] {processor.py:161} INFO - Processing /home/jarret/data-engineering-bootcamp/workspace/airflow-code-review/venv/lib/python3.7/site-packages/airflow/example_dags/example_bash_operator.py took 0.169 seconds
[2022-06-17 13:29:46,221] {processor.py:153} INFO - Started process (PID=20526) to work on /home/jarret/data-engineering-bootcamp/workspace/airflow-code-review/venv/lib/python3.7/site-packages/airflow/example_dags/example_bash_operator.py
[2022-06-17 13:29:46,236] {processor.py:641} INFO - Processing file /home/jarret/data-engineering-bootcamp/workspace/airflow-code-review/venv/lib/python3.7/site-packages/airflow/example_dags/example_bash_operator.py for tasks to queue
[2022-06-17 13:29:46,237] {logging_mixin.py:115} INFO - [2022-06-17 13:29:46,236] {dagbag.py:507} INFO - Filling up the DagBag from /home/jarret/data-engineering-bootcamp/workspace/airflow-code-review/venv/lib/python3.7/site-packages/airflow/example_dags/example_bash_operator.py
[2022-06-17 13:29:46,244] {processor.py:651} INFO - DAG(s) dict_keys(['example_bash_operator']) retrieved from /home/jarret/data-engineering-bootcamp/workspace/airflow-code-review/venv/lib/python3.7/site-packages/airflow/example_dags/example_bash_operator.py
[2022-06-17 13:29:46,255] {logging_mixin.py:115} INFO - [2022-06-17 13:29:46,255] {dag.py:2379} INFO - Sync 1 DAGs
[2022-06-17 13:29:46,273] {logging_mixin.py:115} INFO - [2022-06-17 13:29:46,273] {dag.py:2931} INFO - Setting next_dagrun for example_bash_operator to 2022-06-16T00:00:00+00:00, run_after=2022-06-17T00:00:00+00:00
[2022-06-17 13:29:46,584] {processor.py:161} INFO - Processing /home/jarret/data-engineering-bootcamp/workspace/airflow-code-review/venv/lib/python3.7/site-packages/airflow/example_dags/example_bash_operator.py took 0.366 seconds
[2022-06-17 13:30:44,374] {processor.py:153} INFO - Started process (PID=20635) to work on /home/jarret/data-engineering-bootcamp/workspace/airflow-code-review/venv/lib/python3.7/site-packages/airflow/example_dags/example_bash_operator.py
[2022-06-17 13:30:44,379] {processor.py:641} INFO - Processing file /home/jarret/data-engineering-bootcamp/workspace/airflow-code-review/venv/lib/python3.7/site-packages/airflow/example_dags/example_bash_operator.py for tasks to queue
[2022-06-17 13:30:44,380] {logging_mixin.py:115} INFO - [2022-06-17 13:30:44,379] {dagbag.py:507} INFO - Filling up the DagBag from /home/jarret/data-engineering-bootcamp/workspace/airflow-code-review/venv/lib/python3.7/site-packages/airflow/example_dags/example_bash_operator.py
[2022-06-17 13:30:44,394] {processor.py:651} INFO - DAG(s) dict_keys(['example_bash_operator']) retrieved from /home/jarret/data-engineering-bootcamp/workspace/airflow-code-review/venv/lib/python3.7/site-packages/airflow/example_dags/example_bash_operator.py
[2022-06-17 13:30:44,407] {logging_mixin.py:115} INFO - [2022-06-17 13:30:44,407] {dag.py:2379} INFO - Sync 1 DAGs
[2022-06-17 13:30:44,425] {logging_mixin.py:115} INFO - [2022-06-17 13:30:44,424] {dag.py:2931} INFO - Setting next_dagrun for example_bash_operator to 2022-06-16T00:00:00+00:00, run_after=2022-06-17T00:00:00+00:00
[2022-06-17 13:30:45,785] {processor.py:161} INFO - Processing /home/jarret/data-engineering-bootcamp/workspace/airflow-code-review/venv/lib/python3.7/site-packages/airflow/example_dags/example_bash_operator.py took 1.415 seconds
[2022-06-17 13:31:43,102] {processor.py:153} INFO - Started process (PID=20885) to work on /home/jarret/data-engineering-bootcamp/workspace/airflow-code-review/venv/lib/python3.7/site-packages/airflow/example_dags/example_bash_operator.py
[2022-06-17 13:31:43,109] {processor.py:641} INFO - Processing file /home/jarret/data-engineering-bootcamp/workspace/airflow-code-review/venv/lib/python3.7/site-packages/airflow/example_dags/example_bash_operator.py for tasks to queue
[2022-06-17 13:31:43,110] {logging_mixin.py:115} INFO - [2022-06-17 13:31:43,110] {dagbag.py:507} INFO - Filling up the DagBag from /home/jarret/data-engineering-bootcamp/workspace/airflow-code-review/venv/lib/python3.7/site-packages/airflow/example_dags/example_bash_operator.py
[2022-06-17 13:31:43,123] {processor.py:651} INFO - DAG(s) dict_keys(['example_bash_operator']) retrieved from /home/jarret/data-engineering-bootcamp/workspace/airflow-code-review/venv/lib/python3.7/site-packages/airflow/example_dags/example_bash_operator.py
[2022-06-17 13:31:43,134] {logging_mixin.py:115} INFO - [2022-06-17 13:31:43,134] {dag.py:2379} INFO - Sync 1 DAGs
[2022-06-17 13:31:43,152] {logging_mixin.py:115} INFO - [2022-06-17 13:31:43,152] {dag.py:2931} INFO - Setting next_dagrun for example_bash_operator to 2022-06-16T00:00:00+00:00, run_after=2022-06-17T00:00:00+00:00
[2022-06-17 13:31:43,287] {processor.py:161} INFO - Processing /home/jarret/data-engineering-bootcamp/workspace/airflow-code-review/venv/lib/python3.7/site-packages/airflow/example_dags/example_bash_operator.py took 0.189 seconds
[2022-06-17 13:32:39,597] {processor.py:153} INFO - Started process (PID=22288) to work on /home/jarret/data-engineering-bootcamp/workspace/airflow-code-review/venv/lib/python3.7/site-packages/airflow/example_dags/example_bash_operator.py
[2022-06-17 13:32:39,604] {processor.py:641} INFO - Processing file /home/jarret/data-engineering-bootcamp/workspace/airflow-code-review/venv/lib/python3.7/site-packages/airflow/example_dags/example_bash_operator.py for tasks to queue
[2022-06-17 13:32:39,605] {logging_mixin.py:115} INFO - [2022-06-17 13:32:39,604] {dagbag.py:507} INFO - Filling up the DagBag from /home/jarret/data-engineering-bootcamp/workspace/airflow-code-review/venv/lib/python3.7/site-packages/airflow/example_dags/example_bash_operator.py
[2022-06-17 13:32:39,612] {processor.py:651} INFO - DAG(s) dict_keys(['example_bash_operator']) retrieved from /home/jarret/data-engineering-bootcamp/workspace/airflow-code-review/venv/lib/python3.7/site-packages/airflow/example_dags/example_bash_operator.py
[2022-06-17 13:32:39,623] {logging_mixin.py:115} INFO - [2022-06-17 13:32:39,623] {dag.py:2379} INFO - Sync 1 DAGs
[2022-06-17 13:32:39,640] {logging_mixin.py:115} INFO - [2022-06-17 13:32:39,640] {dag.py:2931} INFO - Setting next_dagrun for example_bash_operator to 2022-06-16T00:00:00+00:00, run_after=2022-06-17T00:00:00+00:00
[2022-06-17 13:32:40,092] {processor.py:161} INFO - Processing /home/jarret/data-engineering-bootcamp/workspace/airflow-code-review/venv/lib/python3.7/site-packages/airflow/example_dags/example_bash_operator.py took 0.498 seconds
[2022-06-17 13:33:53,834] {processor.py:153} INFO - Started process (PID=23035) to work on /home/jarret/data-engineering-bootcamp/workspace/airflow-code-review/venv/lib/python3.7/site-packages/airflow/example_dags/example_bash_operator.py
[2022-06-17 13:33:53,844] {processor.py:641} INFO - Processing file /home/jarret/data-engineering-bootcamp/workspace/airflow-code-review/venv/lib/python3.7/site-packages/airflow/example_dags/example_bash_operator.py for tasks to queue
[2022-06-17 13:33:53,845] {logging_mixin.py:115} INFO - [2022-06-17 13:33:53,845] {dagbag.py:507} INFO - Filling up the DagBag from /home/jarret/data-engineering-bootcamp/workspace/airflow-code-review/venv/lib/python3.7/site-packages/airflow/example_dags/example_bash_operator.py
[2022-06-17 13:33:53,853] {processor.py:651} INFO - DAG(s) dict_keys(['example_bash_operator']) retrieved from /home/jarret/data-engineering-bootcamp/workspace/airflow-code-review/venv/lib/python3.7/site-packages/airflow/example_dags/example_bash_operator.py
[2022-06-17 13:33:53,865] {logging_mixin.py:115} INFO - [2022-06-17 13:33:53,865] {dag.py:2379} INFO - Sync 1 DAGs
[2022-06-17 13:33:53,882] {logging_mixin.py:115} INFO - [2022-06-17 13:33:53,882] {dag.py:2931} INFO - Setting next_dagrun for example_bash_operator to 2022-06-16T00:00:00+00:00, run_after=2022-06-17T00:00:00+00:00
[2022-06-17 13:33:54,404] {processor.py:161} INFO - Processing /home/jarret/data-engineering-bootcamp/workspace/airflow-code-review/venv/lib/python3.7/site-packages/airflow/example_dags/example_bash_operator.py took 0.573 seconds
