[2022-06-17 12:37:29,628] {processor.py:153} INFO - Started process (PID=15730) to work on /home/jarret/data-engineering-bootcamp/workspace/airflow-code-review/venv/lib/python3.7/site-packages/airflow/example_dags/example_branch_python_dop_operator_3.py
[2022-06-17 12:37:29,628] {processor.py:641} INFO - Processing file /home/jarret/data-engineering-bootcamp/workspace/airflow-code-review/venv/lib/python3.7/site-packages/airflow/example_dags/example_branch_python_dop_operator_3.py for tasks to queue
[2022-06-17 12:37:29,629] {logging_mixin.py:115} INFO - [2022-06-17 12:37:29,629] {dagbag.py:507} INFO - Filling up the DagBag from /home/jarret/data-engineering-bootcamp/workspace/airflow-code-review/venv/lib/python3.7/site-packages/airflow/example_dags/example_branch_python_dop_operator_3.py
[2022-06-17 12:37:29,641] {processor.py:651} INFO - DAG(s) dict_keys(['example_branch_dop_operator_v3']) retrieved from /home/jarret/data-engineering-bootcamp/workspace/airflow-code-review/venv/lib/python3.7/site-packages/airflow/example_dags/example_branch_python_dop_operator_3.py
[2022-06-17 12:37:30,148] {logging_mixin.py:115} INFO - [2022-06-17 12:37:30,148] {manager.py:508} INFO - Created Permission View: can read on DAG:example_branch_dop_operator_v3
[2022-06-17 12:37:30,265] {logging_mixin.py:115} INFO - [2022-06-17 12:37:30,265] {manager.py:508} INFO - Created Permission View: can delete on DAG:example_branch_dop_operator_v3
[2022-06-17 12:37:30,381] {logging_mixin.py:115} INFO - [2022-06-17 12:37:30,381] {manager.py:508} INFO - Created Permission View: can edit on DAG:example_branch_dop_operator_v3
[2022-06-17 12:37:30,382] {logging_mixin.py:115} INFO - [2022-06-17 12:37:30,382] {dag.py:2379} INFO - Sync 1 DAGs
[2022-06-17 12:37:30,393] {logging_mixin.py:115} INFO - [2022-06-17 12:37:30,393] {dag.py:2398} INFO - Creating ORM DAG for example_branch_dop_operator_v3
[2022-06-17 12:37:30,406] {logging_mixin.py:115} INFO - [2022-06-17 12:37:30,406] {dag.py:2931} INFO - Setting next_dagrun for example_branch_dop_operator_v3 to 2022-06-17T19:36:00+00:00, run_after=2022-06-17T19:37:00+00:00
[2022-06-17 12:37:30,581] {processor.py:161} INFO - Processing /home/jarret/data-engineering-bootcamp/workspace/airflow-code-review/venv/lib/python3.7/site-packages/airflow/example_dags/example_branch_python_dop_operator_3.py took 0.957 seconds
[2022-06-17 12:38:42,338] {processor.py:153} INFO - Started process (PID=15795) to work on /home/jarret/data-engineering-bootcamp/workspace/airflow-code-review/venv/lib/python3.7/site-packages/airflow/example_dags/example_branch_python_dop_operator_3.py
[2022-06-17 12:38:42,388] {processor.py:641} INFO - Processing file /home/jarret/data-engineering-bootcamp/workspace/airflow-code-review/venv/lib/python3.7/site-packages/airflow/example_dags/example_branch_python_dop_operator_3.py for tasks to queue
[2022-06-17 12:38:42,389] {logging_mixin.py:115} INFO - [2022-06-17 12:38:42,388] {dagbag.py:507} INFO - Filling up the DagBag from /home/jarret/data-engineering-bootcamp/workspace/airflow-code-review/venv/lib/python3.7/site-packages/airflow/example_dags/example_branch_python_dop_operator_3.py
[2022-06-17 12:38:42,403] {processor.py:651} INFO - DAG(s) dict_keys(['example_branch_dop_operator_v3']) retrieved from /home/jarret/data-engineering-bootcamp/workspace/airflow-code-review/venv/lib/python3.7/site-packages/airflow/example_dags/example_branch_python_dop_operator_3.py
[2022-06-17 12:38:42,414] {logging_mixin.py:115} INFO - [2022-06-17 12:38:42,414] {dag.py:2379} INFO - Sync 1 DAGs
[2022-06-17 12:38:42,433] {logging_mixin.py:115} INFO - [2022-06-17 12:38:42,433] {dag.py:2931} INFO - Setting next_dagrun for example_branch_dop_operator_v3 to 2022-06-17T19:37:00+00:00, run_after=2022-06-17T19:38:00+00:00
[2022-06-17 12:38:44,190] {processor.py:161} INFO - Processing /home/jarret/data-engineering-bootcamp/workspace/airflow-code-review/venv/lib/python3.7/site-packages/airflow/example_dags/example_branch_python_dop_operator_3.py took 1.854 seconds
[2022-06-17 12:39:37,744] {processor.py:153} INFO - Started process (PID=15840) to work on /home/jarret/data-engineering-bootcamp/workspace/airflow-code-review/venv/lib/python3.7/site-packages/airflow/example_dags/example_branch_python_dop_operator_3.py
[2022-06-17 12:39:37,795] {processor.py:641} INFO - Processing file /home/jarret/data-engineering-bootcamp/workspace/airflow-code-review/venv/lib/python3.7/site-packages/airflow/example_dags/example_branch_python_dop_operator_3.py for tasks to queue
[2022-06-17 12:39:37,795] {logging_mixin.py:115} INFO - [2022-06-17 12:39:37,795] {dagbag.py:507} INFO - Filling up the DagBag from /home/jarret/data-engineering-bootcamp/workspace/airflow-code-review/venv/lib/python3.7/site-packages/airflow/example_dags/example_branch_python_dop_operator_3.py
[2022-06-17 12:39:37,804] {processor.py:651} INFO - DAG(s) dict_keys(['example_branch_dop_operator_v3']) retrieved from /home/jarret/data-engineering-bootcamp/workspace/airflow-code-review/venv/lib/python3.7/site-packages/airflow/example_dags/example_branch_python_dop_operator_3.py
[2022-06-17 12:39:37,817] {logging_mixin.py:115} INFO - [2022-06-17 12:39:37,817] {dag.py:2379} INFO - Sync 1 DAGs
[2022-06-17 12:39:37,837] {logging_mixin.py:115} INFO - [2022-06-17 12:39:37,837] {dag.py:2931} INFO - Setting next_dagrun for example_branch_dop_operator_v3 to 2022-06-17T19:38:00+00:00, run_after=2022-06-17T19:39:00+00:00
[2022-06-17 12:39:38,615] {processor.py:161} INFO - Processing /home/jarret/data-engineering-bootcamp/workspace/airflow-code-review/venv/lib/python3.7/site-packages/airflow/example_dags/example_branch_python_dop_operator_3.py took 0.874 seconds
[2022-06-17 12:40:37,548] {processor.py:153} INFO - Started process (PID=15910) to work on /home/jarret/data-engineering-bootcamp/workspace/airflow-code-review/venv/lib/python3.7/site-packages/airflow/example_dags/example_branch_python_dop_operator_3.py
[2022-06-17 12:40:37,549] {processor.py:641} INFO - Processing file /home/jarret/data-engineering-bootcamp/workspace/airflow-code-review/venv/lib/python3.7/site-packages/airflow/example_dags/example_branch_python_dop_operator_3.py for tasks to queue
[2022-06-17 12:40:37,550] {logging_mixin.py:115} INFO - [2022-06-17 12:40:37,550] {dagbag.py:507} INFO - Filling up the DagBag from /home/jarret/data-engineering-bootcamp/workspace/airflow-code-review/venv/lib/python3.7/site-packages/airflow/example_dags/example_branch_python_dop_operator_3.py
[2022-06-17 12:40:37,561] {processor.py:651} INFO - DAG(s) dict_keys(['example_branch_dop_operator_v3']) retrieved from /home/jarret/data-engineering-bootcamp/workspace/airflow-code-review/venv/lib/python3.7/site-packages/airflow/example_dags/example_branch_python_dop_operator_3.py
[2022-06-17 12:40:37,571] {logging_mixin.py:115} INFO - [2022-06-17 12:40:37,571] {dag.py:2379} INFO - Sync 1 DAGs
[2022-06-17 12:40:37,591] {logging_mixin.py:115} INFO - [2022-06-17 12:40:37,591] {dag.py:2931} INFO - Setting next_dagrun for example_branch_dop_operator_v3 to 2022-06-17T19:39:00+00:00, run_after=2022-06-17T19:40:00+00:00
[2022-06-17 12:40:38,727] {processor.py:161} INFO - Processing /home/jarret/data-engineering-bootcamp/workspace/airflow-code-review/venv/lib/python3.7/site-packages/airflow/example_dags/example_branch_python_dop_operator_3.py took 1.182 seconds
[2022-06-17 12:41:31,225] {processor.py:153} INFO - Started process (PID=15984) to work on /home/jarret/data-engineering-bootcamp/workspace/airflow-code-review/venv/lib/python3.7/site-packages/airflow/example_dags/example_branch_python_dop_operator_3.py
[2022-06-17 12:41:31,226] {processor.py:641} INFO - Processing file /home/jarret/data-engineering-bootcamp/workspace/airflow-code-review/venv/lib/python3.7/site-packages/airflow/example_dags/example_branch_python_dop_operator_3.py for tasks to queue
[2022-06-17 12:41:31,227] {logging_mixin.py:115} INFO - [2022-06-17 12:41:31,227] {dagbag.py:507} INFO - Filling up the DagBag from /home/jarret/data-engineering-bootcamp/workspace/airflow-code-review/venv/lib/python3.7/site-packages/airflow/example_dags/example_branch_python_dop_operator_3.py
[2022-06-17 12:41:31,235] {processor.py:651} INFO - DAG(s) dict_keys(['example_branch_dop_operator_v3']) retrieved from /home/jarret/data-engineering-bootcamp/workspace/airflow-code-review/venv/lib/python3.7/site-packages/airflow/example_dags/example_branch_python_dop_operator_3.py
[2022-06-17 12:41:31,245] {logging_mixin.py:115} INFO - [2022-06-17 12:41:31,245] {dag.py:2379} INFO - Sync 1 DAGs
[2022-06-17 12:41:31,265] {logging_mixin.py:115} INFO - [2022-06-17 12:41:31,265] {dag.py:2931} INFO - Setting next_dagrun for example_branch_dop_operator_v3 to 2022-06-17T19:40:00+00:00, run_after=2022-06-17T19:41:00+00:00
[2022-06-17 12:41:31,499] {processor.py:161} INFO - Processing /home/jarret/data-engineering-bootcamp/workspace/airflow-code-review/venv/lib/python3.7/site-packages/airflow/example_dags/example_branch_python_dop_operator_3.py took 0.278 seconds
[2022-06-17 12:43:15,275] {processor.py:153} INFO - Started process (PID=16119) to work on /home/jarret/data-engineering-bootcamp/workspace/airflow-code-review/venv/lib/python3.7/site-packages/airflow/example_dags/example_branch_python_dop_operator_3.py
[2022-06-17 12:43:15,296] {processor.py:641} INFO - Processing file /home/jarret/data-engineering-bootcamp/workspace/airflow-code-review/venv/lib/python3.7/site-packages/airflow/example_dags/example_branch_python_dop_operator_3.py for tasks to queue
[2022-06-17 12:43:15,297] {logging_mixin.py:115} INFO - [2022-06-17 12:43:15,297] {dagbag.py:507} INFO - Filling up the DagBag from /home/jarret/data-engineering-bootcamp/workspace/airflow-code-review/venv/lib/python3.7/site-packages/airflow/example_dags/example_branch_python_dop_operator_3.py
[2022-06-17 12:43:15,305] {processor.py:651} INFO - DAG(s) dict_keys(['example_branch_dop_operator_v3']) retrieved from /home/jarret/data-engineering-bootcamp/workspace/airflow-code-review/venv/lib/python3.7/site-packages/airflow/example_dags/example_branch_python_dop_operator_3.py
[2022-06-17 12:43:15,315] {logging_mixin.py:115} INFO - [2022-06-17 12:43:15,315] {dag.py:2379} INFO - Sync 1 DAGs
[2022-06-17 12:43:15,334] {logging_mixin.py:115} INFO - [2022-06-17 12:43:15,334] {dag.py:2931} INFO - Setting next_dagrun for example_branch_dop_operator_v3 to 2022-06-17T19:42:00+00:00, run_after=2022-06-17T19:43:00+00:00
[2022-06-17 12:43:16,666] {processor.py:161} INFO - Processing /home/jarret/data-engineering-bootcamp/workspace/airflow-code-review/venv/lib/python3.7/site-packages/airflow/example_dags/example_branch_python_dop_operator_3.py took 1.394 seconds
[2022-06-17 12:44:16,514] {processor.py:153} INFO - Started process (PID=16212) to work on /home/jarret/data-engineering-bootcamp/workspace/airflow-code-review/venv/lib/python3.7/site-packages/airflow/example_dags/example_branch_python_dop_operator_3.py
[2022-06-17 12:44:16,515] {processor.py:641} INFO - Processing file /home/jarret/data-engineering-bootcamp/workspace/airflow-code-review/venv/lib/python3.7/site-packages/airflow/example_dags/example_branch_python_dop_operator_3.py for tasks to queue
[2022-06-17 12:44:16,516] {logging_mixin.py:115} INFO - [2022-06-17 12:44:16,516] {dagbag.py:507} INFO - Filling up the DagBag from /home/jarret/data-engineering-bootcamp/workspace/airflow-code-review/venv/lib/python3.7/site-packages/airflow/example_dags/example_branch_python_dop_operator_3.py
[2022-06-17 12:44:16,522] {processor.py:651} INFO - DAG(s) dict_keys(['example_branch_dop_operator_v3']) retrieved from /home/jarret/data-engineering-bootcamp/workspace/airflow-code-review/venv/lib/python3.7/site-packages/airflow/example_dags/example_branch_python_dop_operator_3.py
[2022-06-17 12:44:16,533] {logging_mixin.py:115} INFO - [2022-06-17 12:44:16,533] {dag.py:2379} INFO - Sync 1 DAGs
[2022-06-17 12:44:16,553] {logging_mixin.py:115} INFO - [2022-06-17 12:44:16,553] {dag.py:2931} INFO - Setting next_dagrun for example_branch_dop_operator_v3 to 2022-06-17T19:43:00+00:00, run_after=2022-06-17T19:44:00+00:00
[2022-06-17 12:44:17,327] {processor.py:161} INFO - Processing /home/jarret/data-engineering-bootcamp/workspace/airflow-code-review/venv/lib/python3.7/site-packages/airflow/example_dags/example_branch_python_dop_operator_3.py took 0.816 seconds
[2022-06-17 12:45:25,421] {processor.py:153} INFO - Started process (PID=16337) to work on /home/jarret/data-engineering-bootcamp/workspace/airflow-code-review/venv/lib/python3.7/site-packages/airflow/example_dags/example_branch_python_dop_operator_3.py
[2022-06-17 12:45:25,432] {processor.py:641} INFO - Processing file /home/jarret/data-engineering-bootcamp/workspace/airflow-code-review/venv/lib/python3.7/site-packages/airflow/example_dags/example_branch_python_dop_operator_3.py for tasks to queue
[2022-06-17 12:45:25,433] {logging_mixin.py:115} INFO - [2022-06-17 12:45:25,432] {dagbag.py:507} INFO - Filling up the DagBag from /home/jarret/data-engineering-bootcamp/workspace/airflow-code-review/venv/lib/python3.7/site-packages/airflow/example_dags/example_branch_python_dop_operator_3.py
[2022-06-17 12:45:25,439] {processor.py:651} INFO - DAG(s) dict_keys(['example_branch_dop_operator_v3']) retrieved from /home/jarret/data-engineering-bootcamp/workspace/airflow-code-review/venv/lib/python3.7/site-packages/airflow/example_dags/example_branch_python_dop_operator_3.py
[2022-06-17 12:45:25,448] {logging_mixin.py:115} INFO - [2022-06-17 12:45:25,448] {dag.py:2379} INFO - Sync 1 DAGs
[2022-06-17 12:45:25,467] {logging_mixin.py:115} INFO - [2022-06-17 12:45:25,467] {dag.py:2931} INFO - Setting next_dagrun for example_branch_dop_operator_v3 to 2022-06-17T19:44:00+00:00, run_after=2022-06-17T19:45:00+00:00
[2022-06-17 12:45:26,697] {processor.py:161} INFO - Processing /home/jarret/data-engineering-bootcamp/workspace/airflow-code-review/venv/lib/python3.7/site-packages/airflow/example_dags/example_branch_python_dop_operator_3.py took 1.280 seconds
[2022-06-17 12:46:35,529] {processor.py:153} INFO - Started process (PID=16466) to work on /home/jarret/data-engineering-bootcamp/workspace/airflow-code-review/venv/lib/python3.7/site-packages/airflow/example_dags/example_branch_python_dop_operator_3.py
[2022-06-17 12:46:35,539] {processor.py:641} INFO - Processing file /home/jarret/data-engineering-bootcamp/workspace/airflow-code-review/venv/lib/python3.7/site-packages/airflow/example_dags/example_branch_python_dop_operator_3.py for tasks to queue
[2022-06-17 12:46:35,540] {logging_mixin.py:115} INFO - [2022-06-17 12:46:35,540] {dagbag.py:507} INFO - Filling up the DagBag from /home/jarret/data-engineering-bootcamp/workspace/airflow-code-review/venv/lib/python3.7/site-packages/airflow/example_dags/example_branch_python_dop_operator_3.py
[2022-06-17 12:46:35,551] {processor.py:651} INFO - DAG(s) dict_keys(['example_branch_dop_operator_v3']) retrieved from /home/jarret/data-engineering-bootcamp/workspace/airflow-code-review/venv/lib/python3.7/site-packages/airflow/example_dags/example_branch_python_dop_operator_3.py
[2022-06-17 12:46:35,562] {logging_mixin.py:115} INFO - [2022-06-17 12:46:35,562] {dag.py:2379} INFO - Sync 1 DAGs
[2022-06-17 12:46:35,582] {logging_mixin.py:115} INFO - [2022-06-17 12:46:35,581] {dag.py:2931} INFO - Setting next_dagrun for example_branch_dop_operator_v3 to 2022-06-17T19:45:00+00:00, run_after=2022-06-17T19:46:00+00:00
[2022-06-17 12:46:35,710] {processor.py:161} INFO - Processing /home/jarret/data-engineering-bootcamp/workspace/airflow-code-review/venv/lib/python3.7/site-packages/airflow/example_dags/example_branch_python_dop_operator_3.py took 0.184 seconds
[2022-06-17 12:47:36,871] {processor.py:153} INFO - Started process (PID=16509) to work on /home/jarret/data-engineering-bootcamp/workspace/airflow-code-review/venv/lib/python3.7/site-packages/airflow/example_dags/example_branch_python_dop_operator_3.py
[2022-06-17 12:47:36,877] {processor.py:641} INFO - Processing file /home/jarret/data-engineering-bootcamp/workspace/airflow-code-review/venv/lib/python3.7/site-packages/airflow/example_dags/example_branch_python_dop_operator_3.py for tasks to queue
[2022-06-17 12:47:36,878] {logging_mixin.py:115} INFO - [2022-06-17 12:47:36,877] {dagbag.py:507} INFO - Filling up the DagBag from /home/jarret/data-engineering-bootcamp/workspace/airflow-code-review/venv/lib/python3.7/site-packages/airflow/example_dags/example_branch_python_dop_operator_3.py
[2022-06-17 12:47:36,884] {processor.py:651} INFO - DAG(s) dict_keys(['example_branch_dop_operator_v3']) retrieved from /home/jarret/data-engineering-bootcamp/workspace/airflow-code-review/venv/lib/python3.7/site-packages/airflow/example_dags/example_branch_python_dop_operator_3.py
[2022-06-17 12:47:36,895] {logging_mixin.py:115} INFO - [2022-06-17 12:47:36,894] {dag.py:2379} INFO - Sync 1 DAGs
[2022-06-17 12:47:36,914] {logging_mixin.py:115} INFO - [2022-06-17 12:47:36,914] {dag.py:2931} INFO - Setting next_dagrun for example_branch_dop_operator_v3 to 2022-06-17T19:46:00+00:00, run_after=2022-06-17T19:47:00+00:00
[2022-06-17 12:47:37,419] {processor.py:161} INFO - Processing /home/jarret/data-engineering-bootcamp/workspace/airflow-code-review/venv/lib/python3.7/site-packages/airflow/example_dags/example_branch_python_dop_operator_3.py took 0.551 seconds
[2022-06-17 12:48:50,346] {processor.py:153} INFO - Started process (PID=16570) to work on /home/jarret/data-engineering-bootcamp/workspace/airflow-code-review/venv/lib/python3.7/site-packages/airflow/example_dags/example_branch_python_dop_operator_3.py
[2022-06-17 12:48:50,347] {processor.py:641} INFO - Processing file /home/jarret/data-engineering-bootcamp/workspace/airflow-code-review/venv/lib/python3.7/site-packages/airflow/example_dags/example_branch_python_dop_operator_3.py for tasks to queue
[2022-06-17 12:48:50,348] {logging_mixin.py:115} INFO - [2022-06-17 12:48:50,348] {dagbag.py:507} INFO - Filling up the DagBag from /home/jarret/data-engineering-bootcamp/workspace/airflow-code-review/venv/lib/python3.7/site-packages/airflow/example_dags/example_branch_python_dop_operator_3.py
[2022-06-17 12:48:50,358] {processor.py:651} INFO - DAG(s) dict_keys(['example_branch_dop_operator_v3']) retrieved from /home/jarret/data-engineering-bootcamp/workspace/airflow-code-review/venv/lib/python3.7/site-packages/airflow/example_dags/example_branch_python_dop_operator_3.py
[2022-06-17 12:48:50,369] {logging_mixin.py:115} INFO - [2022-06-17 12:48:50,369] {dag.py:2379} INFO - Sync 1 DAGs
[2022-06-17 12:48:50,389] {logging_mixin.py:115} INFO - [2022-06-17 12:48:50,389] {dag.py:2931} INFO - Setting next_dagrun for example_branch_dop_operator_v3 to 2022-06-17T19:47:00+00:00, run_after=2022-06-17T19:48:00+00:00
[2022-06-17 12:48:50,523] {processor.py:161} INFO - Processing /home/jarret/data-engineering-bootcamp/workspace/airflow-code-review/venv/lib/python3.7/site-packages/airflow/example_dags/example_branch_python_dop_operator_3.py took 0.180 seconds
[2022-06-17 12:50:04,779] {processor.py:153} INFO - Started process (PID=16712) to work on /home/jarret/data-engineering-bootcamp/workspace/airflow-code-review/venv/lib/python3.7/site-packages/airflow/example_dags/example_branch_python_dop_operator_3.py
[2022-06-17 12:50:04,780] {processor.py:641} INFO - Processing file /home/jarret/data-engineering-bootcamp/workspace/airflow-code-review/venv/lib/python3.7/site-packages/airflow/example_dags/example_branch_python_dop_operator_3.py for tasks to queue
[2022-06-17 12:50:04,781] {logging_mixin.py:115} INFO - [2022-06-17 12:50:04,781] {dagbag.py:507} INFO - Filling up the DagBag from /home/jarret/data-engineering-bootcamp/workspace/airflow-code-review/venv/lib/python3.7/site-packages/airflow/example_dags/example_branch_python_dop_operator_3.py
[2022-06-17 12:50:04,790] {processor.py:651} INFO - DAG(s) dict_keys(['example_branch_dop_operator_v3']) retrieved from /home/jarret/data-engineering-bootcamp/workspace/airflow-code-review/venv/lib/python3.7/site-packages/airflow/example_dags/example_branch_python_dop_operator_3.py
[2022-06-17 12:50:04,801] {logging_mixin.py:115} INFO - [2022-06-17 12:50:04,801] {dag.py:2379} INFO - Sync 1 DAGs
[2022-06-17 12:50:04,822] {logging_mixin.py:115} INFO - [2022-06-17 12:50:04,822] {dag.py:2931} INFO - Setting next_dagrun for example_branch_dop_operator_v3 to 2022-06-17T19:49:00+00:00, run_after=2022-06-17T19:50:00+00:00
[2022-06-17 12:50:05,334] {processor.py:161} INFO - Processing /home/jarret/data-engineering-bootcamp/workspace/airflow-code-review/venv/lib/python3.7/site-packages/airflow/example_dags/example_branch_python_dop_operator_3.py took 0.558 seconds
[2022-06-17 12:51:03,623] {processor.py:153} INFO - Started process (PID=16797) to work on /home/jarret/data-engineering-bootcamp/workspace/airflow-code-review/venv/lib/python3.7/site-packages/airflow/example_dags/example_branch_python_dop_operator_3.py
[2022-06-17 12:51:03,628] {processor.py:641} INFO - Processing file /home/jarret/data-engineering-bootcamp/workspace/airflow-code-review/venv/lib/python3.7/site-packages/airflow/example_dags/example_branch_python_dop_operator_3.py for tasks to queue
[2022-06-17 12:51:03,629] {logging_mixin.py:115} INFO - [2022-06-17 12:51:03,629] {dagbag.py:507} INFO - Filling up the DagBag from /home/jarret/data-engineering-bootcamp/workspace/airflow-code-review/venv/lib/python3.7/site-packages/airflow/example_dags/example_branch_python_dop_operator_3.py
[2022-06-17 12:51:03,636] {processor.py:651} INFO - DAG(s) dict_keys(['example_branch_dop_operator_v3']) retrieved from /home/jarret/data-engineering-bootcamp/workspace/airflow-code-review/venv/lib/python3.7/site-packages/airflow/example_dags/example_branch_python_dop_operator_3.py
[2022-06-17 12:51:03,647] {logging_mixin.py:115} INFO - [2022-06-17 12:51:03,646] {dag.py:2379} INFO - Sync 1 DAGs
[2022-06-17 12:51:03,671] {logging_mixin.py:115} INFO - [2022-06-17 12:51:03,671] {dag.py:2931} INFO - Setting next_dagrun for example_branch_dop_operator_v3 to 2022-06-17T19:50:00+00:00, run_after=2022-06-17T19:51:00+00:00
[2022-06-17 12:51:04,067] {processor.py:161} INFO - Processing /home/jarret/data-engineering-bootcamp/workspace/airflow-code-review/venv/lib/python3.7/site-packages/airflow/example_dags/example_branch_python_dop_operator_3.py took 0.445 seconds
[2022-06-17 12:52:12,079] {processor.py:153} INFO - Started process (PID=16926) to work on /home/jarret/data-engineering-bootcamp/workspace/airflow-code-review/venv/lib/python3.7/site-packages/airflow/example_dags/example_branch_python_dop_operator_3.py
[2022-06-17 12:52:12,253] {processor.py:641} INFO - Processing file /home/jarret/data-engineering-bootcamp/workspace/airflow-code-review/venv/lib/python3.7/site-packages/airflow/example_dags/example_branch_python_dop_operator_3.py for tasks to queue
[2022-06-17 12:52:12,254] {logging_mixin.py:115} INFO - [2022-06-17 12:52:12,254] {dagbag.py:507} INFO - Filling up the DagBag from /home/jarret/data-engineering-bootcamp/workspace/airflow-code-review/venv/lib/python3.7/site-packages/airflow/example_dags/example_branch_python_dop_operator_3.py
[2022-06-17 12:52:12,263] {processor.py:651} INFO - DAG(s) dict_keys(['example_branch_dop_operator_v3']) retrieved from /home/jarret/data-engineering-bootcamp/workspace/airflow-code-review/venv/lib/python3.7/site-packages/airflow/example_dags/example_branch_python_dop_operator_3.py
[2022-06-17 12:52:12,273] {logging_mixin.py:115} INFO - [2022-06-17 12:52:12,273] {dag.py:2379} INFO - Sync 1 DAGs
[2022-06-17 12:52:12,292] {logging_mixin.py:115} INFO - [2022-06-17 12:52:12,292] {dag.py:2931} INFO - Setting next_dagrun for example_branch_dop_operator_v3 to 2022-06-17T19:51:00+00:00, run_after=2022-06-17T19:52:00+00:00
[2022-06-17 12:52:13,639] {processor.py:161} INFO - Processing /home/jarret/data-engineering-bootcamp/workspace/airflow-code-review/venv/lib/python3.7/site-packages/airflow/example_dags/example_branch_python_dop_operator_3.py took 1.562 seconds
[2022-06-17 12:53:11,456] {processor.py:153} INFO - Started process (PID=16977) to work on /home/jarret/data-engineering-bootcamp/workspace/airflow-code-review/venv/lib/python3.7/site-packages/airflow/example_dags/example_branch_python_dop_operator_3.py
[2022-06-17 12:53:11,464] {processor.py:641} INFO - Processing file /home/jarret/data-engineering-bootcamp/workspace/airflow-code-review/venv/lib/python3.7/site-packages/airflow/example_dags/example_branch_python_dop_operator_3.py for tasks to queue
[2022-06-17 12:53:11,465] {logging_mixin.py:115} INFO - [2022-06-17 12:53:11,465] {dagbag.py:507} INFO - Filling up the DagBag from /home/jarret/data-engineering-bootcamp/workspace/airflow-code-review/venv/lib/python3.7/site-packages/airflow/example_dags/example_branch_python_dop_operator_3.py
[2022-06-17 12:53:11,471] {processor.py:651} INFO - DAG(s) dict_keys(['example_branch_dop_operator_v3']) retrieved from /home/jarret/data-engineering-bootcamp/workspace/airflow-code-review/venv/lib/python3.7/site-packages/airflow/example_dags/example_branch_python_dop_operator_3.py
[2022-06-17 12:53:11,481] {logging_mixin.py:115} INFO - [2022-06-17 12:53:11,481] {dag.py:2379} INFO - Sync 1 DAGs
[2022-06-17 12:53:11,501] {logging_mixin.py:115} INFO - [2022-06-17 12:53:11,501] {dag.py:2931} INFO - Setting next_dagrun for example_branch_dop_operator_v3 to 2022-06-17T19:52:00+00:00, run_after=2022-06-17T19:53:00+00:00
[2022-06-17 12:53:12,816] {processor.py:161} INFO - Processing /home/jarret/data-engineering-bootcamp/workspace/airflow-code-review/venv/lib/python3.7/site-packages/airflow/example_dags/example_branch_python_dop_operator_3.py took 1.364 seconds
[2022-06-17 12:54:27,408] {processor.py:153} INFO - Started process (PID=17060) to work on /home/jarret/data-engineering-bootcamp/workspace/airflow-code-review/venv/lib/python3.7/site-packages/airflow/example_dags/example_branch_python_dop_operator_3.py
[2022-06-17 12:54:27,409] {processor.py:641} INFO - Processing file /home/jarret/data-engineering-bootcamp/workspace/airflow-code-review/venv/lib/python3.7/site-packages/airflow/example_dags/example_branch_python_dop_operator_3.py for tasks to queue
[2022-06-17 12:54:27,410] {logging_mixin.py:115} INFO - [2022-06-17 12:54:27,410] {dagbag.py:507} INFO - Filling up the DagBag from /home/jarret/data-engineering-bootcamp/workspace/airflow-code-review/venv/lib/python3.7/site-packages/airflow/example_dags/example_branch_python_dop_operator_3.py
[2022-06-17 12:54:27,416] {processor.py:651} INFO - DAG(s) dict_keys(['example_branch_dop_operator_v3']) retrieved from /home/jarret/data-engineering-bootcamp/workspace/airflow-code-review/venv/lib/python3.7/site-packages/airflow/example_dags/example_branch_python_dop_operator_3.py
[2022-06-17 12:54:27,427] {logging_mixin.py:115} INFO - [2022-06-17 12:54:27,427] {dag.py:2379} INFO - Sync 1 DAGs
[2022-06-17 12:54:27,446] {logging_mixin.py:115} INFO - [2022-06-17 12:54:27,446] {dag.py:2931} INFO - Setting next_dagrun for example_branch_dop_operator_v3 to 2022-06-17T19:53:00+00:00, run_after=2022-06-17T19:54:00+00:00
[2022-06-17 12:54:28,023] {processor.py:161} INFO - Processing /home/jarret/data-engineering-bootcamp/workspace/airflow-code-review/venv/lib/python3.7/site-packages/airflow/example_dags/example_branch_python_dop_operator_3.py took 0.619 seconds
[2022-06-17 12:55:25,348] {processor.py:153} INFO - Started process (PID=17104) to work on /home/jarret/data-engineering-bootcamp/workspace/airflow-code-review/venv/lib/python3.7/site-packages/airflow/example_dags/example_branch_python_dop_operator_3.py
[2022-06-17 12:55:25,381] {processor.py:641} INFO - Processing file /home/jarret/data-engineering-bootcamp/workspace/airflow-code-review/venv/lib/python3.7/site-packages/airflow/example_dags/example_branch_python_dop_operator_3.py for tasks to queue
[2022-06-17 12:55:25,381] {logging_mixin.py:115} INFO - [2022-06-17 12:55:25,381] {dagbag.py:507} INFO - Filling up the DagBag from /home/jarret/data-engineering-bootcamp/workspace/airflow-code-review/venv/lib/python3.7/site-packages/airflow/example_dags/example_branch_python_dop_operator_3.py
[2022-06-17 12:55:25,391] {processor.py:651} INFO - DAG(s) dict_keys(['example_branch_dop_operator_v3']) retrieved from /home/jarret/data-engineering-bootcamp/workspace/airflow-code-review/venv/lib/python3.7/site-packages/airflow/example_dags/example_branch_python_dop_operator_3.py
[2022-06-17 12:55:25,405] {logging_mixin.py:115} INFO - [2022-06-17 12:55:25,405] {dag.py:2379} INFO - Sync 1 DAGs
[2022-06-17 12:55:25,425] {logging_mixin.py:115} INFO - [2022-06-17 12:55:25,425] {dag.py:2931} INFO - Setting next_dagrun for example_branch_dop_operator_v3 to 2022-06-17T19:54:00+00:00, run_after=2022-06-17T19:55:00+00:00
[2022-06-17 12:55:25,709] {processor.py:161} INFO - Processing /home/jarret/data-engineering-bootcamp/workspace/airflow-code-review/venv/lib/python3.7/site-packages/airflow/example_dags/example_branch_python_dop_operator_3.py took 0.365 seconds
[2022-06-17 12:56:19,380] {processor.py:153} INFO - Started process (PID=17177) to work on /home/jarret/data-engineering-bootcamp/workspace/airflow-code-review/venv/lib/python3.7/site-packages/airflow/example_dags/example_branch_python_dop_operator_3.py
[2022-06-17 12:56:19,383] {processor.py:641} INFO - Processing file /home/jarret/data-engineering-bootcamp/workspace/airflow-code-review/venv/lib/python3.7/site-packages/airflow/example_dags/example_branch_python_dop_operator_3.py for tasks to queue
[2022-06-17 12:56:19,384] {logging_mixin.py:115} INFO - [2022-06-17 12:56:19,384] {dagbag.py:507} INFO - Filling up the DagBag from /home/jarret/data-engineering-bootcamp/workspace/airflow-code-review/venv/lib/python3.7/site-packages/airflow/example_dags/example_branch_python_dop_operator_3.py
[2022-06-17 12:56:19,392] {processor.py:651} INFO - DAG(s) dict_keys(['example_branch_dop_operator_v3']) retrieved from /home/jarret/data-engineering-bootcamp/workspace/airflow-code-review/venv/lib/python3.7/site-packages/airflow/example_dags/example_branch_python_dop_operator_3.py
[2022-06-17 12:56:19,403] {logging_mixin.py:115} INFO - [2022-06-17 12:56:19,403] {dag.py:2379} INFO - Sync 1 DAGs
[2022-06-17 12:56:19,422] {logging_mixin.py:115} INFO - [2022-06-17 12:56:19,422] {dag.py:2931} INFO - Setting next_dagrun for example_branch_dop_operator_v3 to 2022-06-17T19:55:00+00:00, run_after=2022-06-17T19:56:00+00:00
[2022-06-17 12:56:19,997] {processor.py:161} INFO - Processing /home/jarret/data-engineering-bootcamp/workspace/airflow-code-review/venv/lib/python3.7/site-packages/airflow/example_dags/example_branch_python_dop_operator_3.py took 0.621 seconds
[2022-06-17 12:57:52,608] {processor.py:153} INFO - Started process (PID=17265) to work on /home/jarret/data-engineering-bootcamp/workspace/airflow-code-review/venv/lib/python3.7/site-packages/airflow/example_dags/example_branch_python_dop_operator_3.py
[2022-06-17 12:57:52,615] {processor.py:641} INFO - Processing file /home/jarret/data-engineering-bootcamp/workspace/airflow-code-review/venv/lib/python3.7/site-packages/airflow/example_dags/example_branch_python_dop_operator_3.py for tasks to queue
[2022-06-17 12:57:52,615] {logging_mixin.py:115} INFO - [2022-06-17 12:57:52,615] {dagbag.py:507} INFO - Filling up the DagBag from /home/jarret/data-engineering-bootcamp/workspace/airflow-code-review/venv/lib/python3.7/site-packages/airflow/example_dags/example_branch_python_dop_operator_3.py
[2022-06-17 12:57:52,621] {processor.py:651} INFO - DAG(s) dict_keys(['example_branch_dop_operator_v3']) retrieved from /home/jarret/data-engineering-bootcamp/workspace/airflow-code-review/venv/lib/python3.7/site-packages/airflow/example_dags/example_branch_python_dop_operator_3.py
[2022-06-17 12:57:52,632] {logging_mixin.py:115} INFO - [2022-06-17 12:57:52,632] {dag.py:2379} INFO - Sync 1 DAGs
[2022-06-17 12:57:52,652] {logging_mixin.py:115} INFO - [2022-06-17 12:57:52,652] {dag.py:2931} INFO - Setting next_dagrun for example_branch_dop_operator_v3 to 2022-06-17T19:56:00+00:00, run_after=2022-06-17T19:57:00+00:00
[2022-06-17 12:57:54,078] {processor.py:161} INFO - Processing /home/jarret/data-engineering-bootcamp/workspace/airflow-code-review/venv/lib/python3.7/site-packages/airflow/example_dags/example_branch_python_dop_operator_3.py took 1.474 seconds
[2022-06-17 12:58:57,332] {processor.py:153} INFO - Started process (PID=17369) to work on /home/jarret/data-engineering-bootcamp/workspace/airflow-code-review/venv/lib/python3.7/site-packages/airflow/example_dags/example_branch_python_dop_operator_3.py
[2022-06-17 12:58:57,344] {processor.py:641} INFO - Processing file /home/jarret/data-engineering-bootcamp/workspace/airflow-code-review/venv/lib/python3.7/site-packages/airflow/example_dags/example_branch_python_dop_operator_3.py for tasks to queue
[2022-06-17 12:58:57,345] {logging_mixin.py:115} INFO - [2022-06-17 12:58:57,345] {dagbag.py:507} INFO - Filling up the DagBag from /home/jarret/data-engineering-bootcamp/workspace/airflow-code-review/venv/lib/python3.7/site-packages/airflow/example_dags/example_branch_python_dop_operator_3.py
[2022-06-17 12:58:57,355] {processor.py:651} INFO - DAG(s) dict_keys(['example_branch_dop_operator_v3']) retrieved from /home/jarret/data-engineering-bootcamp/workspace/airflow-code-review/venv/lib/python3.7/site-packages/airflow/example_dags/example_branch_python_dop_operator_3.py
[2022-06-17 12:58:57,365] {logging_mixin.py:115} INFO - [2022-06-17 12:58:57,365] {dag.py:2379} INFO - Sync 1 DAGs
[2022-06-17 12:58:57,384] {logging_mixin.py:115} INFO - [2022-06-17 12:58:57,384] {dag.py:2931} INFO - Setting next_dagrun for example_branch_dop_operator_v3 to 2022-06-17T19:57:00+00:00, run_after=2022-06-17T19:58:00+00:00
[2022-06-17 12:58:57,512] {processor.py:161} INFO - Processing /home/jarret/data-engineering-bootcamp/workspace/airflow-code-review/venv/lib/python3.7/site-packages/airflow/example_dags/example_branch_python_dop_operator_3.py took 0.184 seconds
[2022-06-17 12:59:53,341] {processor.py:153} INFO - Started process (PID=17484) to work on /home/jarret/data-engineering-bootcamp/workspace/airflow-code-review/venv/lib/python3.7/site-packages/airflow/example_dags/example_branch_python_dop_operator_3.py
[2022-06-17 12:59:53,353] {processor.py:641} INFO - Processing file /home/jarret/data-engineering-bootcamp/workspace/airflow-code-review/venv/lib/python3.7/site-packages/airflow/example_dags/example_branch_python_dop_operator_3.py for tasks to queue
[2022-06-17 12:59:53,353] {logging_mixin.py:115} INFO - [2022-06-17 12:59:53,353] {dagbag.py:507} INFO - Filling up the DagBag from /home/jarret/data-engineering-bootcamp/workspace/airflow-code-review/venv/lib/python3.7/site-packages/airflow/example_dags/example_branch_python_dop_operator_3.py
[2022-06-17 12:59:53,366] {processor.py:651} INFO - DAG(s) dict_keys(['example_branch_dop_operator_v3']) retrieved from /home/jarret/data-engineering-bootcamp/workspace/airflow-code-review/venv/lib/python3.7/site-packages/airflow/example_dags/example_branch_python_dop_operator_3.py
[2022-06-17 12:59:53,378] {logging_mixin.py:115} INFO - [2022-06-17 12:59:53,378] {dag.py:2379} INFO - Sync 1 DAGs
[2022-06-17 12:59:53,398] {logging_mixin.py:115} INFO - [2022-06-17 12:59:53,398] {dag.py:2931} INFO - Setting next_dagrun for example_branch_dop_operator_v3 to 2022-06-17T19:58:00+00:00, run_after=2022-06-17T19:59:00+00:00
[2022-06-17 12:59:53,575] {processor.py:161} INFO - Processing /home/jarret/data-engineering-bootcamp/workspace/airflow-code-review/venv/lib/python3.7/site-packages/airflow/example_dags/example_branch_python_dop_operator_3.py took 0.237 seconds
[2022-06-17 13:01:16,100] {processor.py:153} INFO - Started process (PID=17596) to work on /home/jarret/data-engineering-bootcamp/workspace/airflow-code-review/venv/lib/python3.7/site-packages/airflow/example_dags/example_branch_python_dop_operator_3.py
[2022-06-17 13:01:16,187] {processor.py:641} INFO - Processing file /home/jarret/data-engineering-bootcamp/workspace/airflow-code-review/venv/lib/python3.7/site-packages/airflow/example_dags/example_branch_python_dop_operator_3.py for tasks to queue
[2022-06-17 13:01:16,188] {logging_mixin.py:115} INFO - [2022-06-17 13:01:16,188] {dagbag.py:507} INFO - Filling up the DagBag from /home/jarret/data-engineering-bootcamp/workspace/airflow-code-review/venv/lib/python3.7/site-packages/airflow/example_dags/example_branch_python_dop_operator_3.py
[2022-06-17 13:01:16,198] {processor.py:651} INFO - DAG(s) dict_keys(['example_branch_dop_operator_v3']) retrieved from /home/jarret/data-engineering-bootcamp/workspace/airflow-code-review/venv/lib/python3.7/site-packages/airflow/example_dags/example_branch_python_dop_operator_3.py
[2022-06-17 13:01:16,209] {logging_mixin.py:115} INFO - [2022-06-17 13:01:16,209] {dag.py:2379} INFO - Sync 1 DAGs
[2022-06-17 13:01:16,228] {logging_mixin.py:115} INFO - [2022-06-17 13:01:16,228] {dag.py:2931} INFO - Setting next_dagrun for example_branch_dop_operator_v3 to 2022-06-17T20:00:00+00:00, run_after=2022-06-17T20:01:00+00:00
[2022-06-17 13:01:16,450] {processor.py:161} INFO - Processing /home/jarret/data-engineering-bootcamp/workspace/airflow-code-review/venv/lib/python3.7/site-packages/airflow/example_dags/example_branch_python_dop_operator_3.py took 0.354 seconds
[2022-06-17 13:02:06,264] {processor.py:153} INFO - Started process (PID=17700) to work on /home/jarret/data-engineering-bootcamp/workspace/airflow-code-review/venv/lib/python3.7/site-packages/airflow/example_dags/example_branch_python_dop_operator_3.py
[2022-06-17 13:02:06,265] {processor.py:641} INFO - Processing file /home/jarret/data-engineering-bootcamp/workspace/airflow-code-review/venv/lib/python3.7/site-packages/airflow/example_dags/example_branch_python_dop_operator_3.py for tasks to queue
[2022-06-17 13:02:06,266] {logging_mixin.py:115} INFO - [2022-06-17 13:02:06,266] {dagbag.py:507} INFO - Filling up the DagBag from /home/jarret/data-engineering-bootcamp/workspace/airflow-code-review/venv/lib/python3.7/site-packages/airflow/example_dags/example_branch_python_dop_operator_3.py
[2022-06-17 13:02:06,278] {processor.py:651} INFO - DAG(s) dict_keys(['example_branch_dop_operator_v3']) retrieved from /home/jarret/data-engineering-bootcamp/workspace/airflow-code-review/venv/lib/python3.7/site-packages/airflow/example_dags/example_branch_python_dop_operator_3.py
[2022-06-17 13:02:06,289] {logging_mixin.py:115} INFO - [2022-06-17 13:02:06,289] {dag.py:2379} INFO - Sync 1 DAGs
[2022-06-17 13:02:06,309] {logging_mixin.py:115} INFO - [2022-06-17 13:02:06,308] {dag.py:2931} INFO - Setting next_dagrun for example_branch_dop_operator_v3 to 2022-06-17T20:01:00+00:00, run_after=2022-06-17T20:02:00+00:00
[2022-06-17 13:02:06,450] {processor.py:161} INFO - Processing /home/jarret/data-engineering-bootcamp/workspace/airflow-code-review/venv/lib/python3.7/site-packages/airflow/example_dags/example_branch_python_dop_operator_3.py took 0.190 seconds
[2022-06-17 13:03:22,651] {processor.py:153} INFO - Started process (PID=17840) to work on /home/jarret/data-engineering-bootcamp/workspace/airflow-code-review/venv/lib/python3.7/site-packages/airflow/example_dags/example_branch_python_dop_operator_3.py
[2022-06-17 13:03:22,659] {processor.py:641} INFO - Processing file /home/jarret/data-engineering-bootcamp/workspace/airflow-code-review/venv/lib/python3.7/site-packages/airflow/example_dags/example_branch_python_dop_operator_3.py for tasks to queue
[2022-06-17 13:03:22,659] {logging_mixin.py:115} INFO - [2022-06-17 13:03:22,659] {dagbag.py:507} INFO - Filling up the DagBag from /home/jarret/data-engineering-bootcamp/workspace/airflow-code-review/venv/lib/python3.7/site-packages/airflow/example_dags/example_branch_python_dop_operator_3.py
[2022-06-17 13:03:22,667] {processor.py:651} INFO - DAG(s) dict_keys(['example_branch_dop_operator_v3']) retrieved from /home/jarret/data-engineering-bootcamp/workspace/airflow-code-review/venv/lib/python3.7/site-packages/airflow/example_dags/example_branch_python_dop_operator_3.py
[2022-06-17 13:03:22,677] {logging_mixin.py:115} INFO - [2022-06-17 13:03:22,677] {dag.py:2379} INFO - Sync 1 DAGs
[2022-06-17 13:03:22,697] {logging_mixin.py:115} INFO - [2022-06-17 13:03:22,697] {dag.py:2931} INFO - Setting next_dagrun for example_branch_dop_operator_v3 to 2022-06-17T20:02:00+00:00, run_after=2022-06-17T20:03:00+00:00
[2022-06-17 13:03:22,895] {processor.py:161} INFO - Processing /home/jarret/data-engineering-bootcamp/workspace/airflow-code-review/venv/lib/python3.7/site-packages/airflow/example_dags/example_branch_python_dop_operator_3.py took 0.248 seconds
[2022-06-17 13:04:22,937] {processor.py:153} INFO - Started process (PID=17952) to work on /home/jarret/data-engineering-bootcamp/workspace/airflow-code-review/venv/lib/python3.7/site-packages/airflow/example_dags/example_branch_python_dop_operator_3.py
[2022-06-17 13:04:22,939] {processor.py:641} INFO - Processing file /home/jarret/data-engineering-bootcamp/workspace/airflow-code-review/venv/lib/python3.7/site-packages/airflow/example_dags/example_branch_python_dop_operator_3.py for tasks to queue
[2022-06-17 13:04:22,939] {logging_mixin.py:115} INFO - [2022-06-17 13:04:22,939] {dagbag.py:507} INFO - Filling up the DagBag from /home/jarret/data-engineering-bootcamp/workspace/airflow-code-review/venv/lib/python3.7/site-packages/airflow/example_dags/example_branch_python_dop_operator_3.py
[2022-06-17 13:04:22,949] {processor.py:651} INFO - DAG(s) dict_keys(['example_branch_dop_operator_v3']) retrieved from /home/jarret/data-engineering-bootcamp/workspace/airflow-code-review/venv/lib/python3.7/site-packages/airflow/example_dags/example_branch_python_dop_operator_3.py
[2022-06-17 13:04:22,960] {logging_mixin.py:115} INFO - [2022-06-17 13:04:22,959] {dag.py:2379} INFO - Sync 1 DAGs
[2022-06-17 13:04:22,979] {logging_mixin.py:115} INFO - [2022-06-17 13:04:22,979] {dag.py:2931} INFO - Setting next_dagrun for example_branch_dop_operator_v3 to 2022-06-17T20:03:00+00:00, run_after=2022-06-17T20:04:00+00:00
[2022-06-17 13:04:25,670] {processor.py:161} INFO - Processing /home/jarret/data-engineering-bootcamp/workspace/airflow-code-review/venv/lib/python3.7/site-packages/airflow/example_dags/example_branch_python_dop_operator_3.py took 2.736 seconds
[2022-06-17 13:05:25,145] {processor.py:153} INFO - Started process (PID=18004) to work on /home/jarret/data-engineering-bootcamp/workspace/airflow-code-review/venv/lib/python3.7/site-packages/airflow/example_dags/example_branch_python_dop_operator_3.py
[2022-06-17 13:05:25,147] {processor.py:641} INFO - Processing file /home/jarret/data-engineering-bootcamp/workspace/airflow-code-review/venv/lib/python3.7/site-packages/airflow/example_dags/example_branch_python_dop_operator_3.py for tasks to queue
[2022-06-17 13:05:25,148] {logging_mixin.py:115} INFO - [2022-06-17 13:05:25,148] {dagbag.py:507} INFO - Filling up the DagBag from /home/jarret/data-engineering-bootcamp/workspace/airflow-code-review/venv/lib/python3.7/site-packages/airflow/example_dags/example_branch_python_dop_operator_3.py
[2022-06-17 13:05:25,156] {processor.py:651} INFO - DAG(s) dict_keys(['example_branch_dop_operator_v3']) retrieved from /home/jarret/data-engineering-bootcamp/workspace/airflow-code-review/venv/lib/python3.7/site-packages/airflow/example_dags/example_branch_python_dop_operator_3.py
[2022-06-17 13:05:25,167] {logging_mixin.py:115} INFO - [2022-06-17 13:05:25,167] {dag.py:2379} INFO - Sync 1 DAGs
[2022-06-17 13:05:25,187] {logging_mixin.py:115} INFO - [2022-06-17 13:05:25,187] {dag.py:2931} INFO - Setting next_dagrun for example_branch_dop_operator_v3 to 2022-06-17T20:04:00+00:00, run_after=2022-06-17T20:05:00+00:00
[2022-06-17 13:05:25,317] {processor.py:161} INFO - Processing /home/jarret/data-engineering-bootcamp/workspace/airflow-code-review/venv/lib/python3.7/site-packages/airflow/example_dags/example_branch_python_dop_operator_3.py took 0.175 seconds
[2022-06-17 13:06:23,376] {processor.py:153} INFO - Started process (PID=18054) to work on /home/jarret/data-engineering-bootcamp/workspace/airflow-code-review/venv/lib/python3.7/site-packages/airflow/example_dags/example_branch_python_dop_operator_3.py
[2022-06-17 13:06:23,390] {processor.py:641} INFO - Processing file /home/jarret/data-engineering-bootcamp/workspace/airflow-code-review/venv/lib/python3.7/site-packages/airflow/example_dags/example_branch_python_dop_operator_3.py for tasks to queue
[2022-06-17 13:06:23,390] {logging_mixin.py:115} INFO - [2022-06-17 13:06:23,390] {dagbag.py:507} INFO - Filling up the DagBag from /home/jarret/data-engineering-bootcamp/workspace/airflow-code-review/venv/lib/python3.7/site-packages/airflow/example_dags/example_branch_python_dop_operator_3.py
[2022-06-17 13:06:23,396] {processor.py:651} INFO - DAG(s) dict_keys(['example_branch_dop_operator_v3']) retrieved from /home/jarret/data-engineering-bootcamp/workspace/airflow-code-review/venv/lib/python3.7/site-packages/airflow/example_dags/example_branch_python_dop_operator_3.py
[2022-06-17 13:06:23,407] {logging_mixin.py:115} INFO - [2022-06-17 13:06:23,407] {dag.py:2379} INFO - Sync 1 DAGs
[2022-06-17 13:06:23,429] {logging_mixin.py:115} INFO - [2022-06-17 13:06:23,428] {dag.py:2931} INFO - Setting next_dagrun for example_branch_dop_operator_v3 to 2022-06-17T20:05:00+00:00, run_after=2022-06-17T20:06:00+00:00
[2022-06-17 13:06:23,580] {processor.py:161} INFO - Processing /home/jarret/data-engineering-bootcamp/workspace/airflow-code-review/venv/lib/python3.7/site-packages/airflow/example_dags/example_branch_python_dop_operator_3.py took 0.207 seconds
[2022-06-17 13:07:19,239] {processor.py:153} INFO - Started process (PID=18162) to work on /home/jarret/data-engineering-bootcamp/workspace/airflow-code-review/venv/lib/python3.7/site-packages/airflow/example_dags/example_branch_python_dop_operator_3.py
[2022-06-17 13:07:19,252] {processor.py:641} INFO - Processing file /home/jarret/data-engineering-bootcamp/workspace/airflow-code-review/venv/lib/python3.7/site-packages/airflow/example_dags/example_branch_python_dop_operator_3.py for tasks to queue
[2022-06-17 13:07:19,252] {logging_mixin.py:115} INFO - [2022-06-17 13:07:19,252] {dagbag.py:507} INFO - Filling up the DagBag from /home/jarret/data-engineering-bootcamp/workspace/airflow-code-review/venv/lib/python3.7/site-packages/airflow/example_dags/example_branch_python_dop_operator_3.py
[2022-06-17 13:07:19,258] {processor.py:651} INFO - DAG(s) dict_keys(['example_branch_dop_operator_v3']) retrieved from /home/jarret/data-engineering-bootcamp/workspace/airflow-code-review/venv/lib/python3.7/site-packages/airflow/example_dags/example_branch_python_dop_operator_3.py
[2022-06-17 13:07:19,269] {logging_mixin.py:115} INFO - [2022-06-17 13:07:19,269] {dag.py:2379} INFO - Sync 1 DAGs
[2022-06-17 13:07:19,290] {logging_mixin.py:115} INFO - [2022-06-17 13:07:19,289] {dag.py:2931} INFO - Setting next_dagrun for example_branch_dop_operator_v3 to 2022-06-17T20:06:00+00:00, run_after=2022-06-17T20:07:00+00:00
[2022-06-17 13:07:19,424] {processor.py:161} INFO - Processing /home/jarret/data-engineering-bootcamp/workspace/airflow-code-review/venv/lib/python3.7/site-packages/airflow/example_dags/example_branch_python_dop_operator_3.py took 0.188 seconds
[2022-06-17 13:08:11,295] {processor.py:153} INFO - Started process (PID=18270) to work on /home/jarret/data-engineering-bootcamp/workspace/airflow-code-review/venv/lib/python3.7/site-packages/airflow/example_dags/example_branch_python_dop_operator_3.py
[2022-06-17 13:08:11,296] {processor.py:641} INFO - Processing file /home/jarret/data-engineering-bootcamp/workspace/airflow-code-review/venv/lib/python3.7/site-packages/airflow/example_dags/example_branch_python_dop_operator_3.py for tasks to queue
[2022-06-17 13:08:11,296] {logging_mixin.py:115} INFO - [2022-06-17 13:08:11,296] {dagbag.py:507} INFO - Filling up the DagBag from /home/jarret/data-engineering-bootcamp/workspace/airflow-code-review/venv/lib/python3.7/site-packages/airflow/example_dags/example_branch_python_dop_operator_3.py
[2022-06-17 13:08:11,302] {processor.py:651} INFO - DAG(s) dict_keys(['example_branch_dop_operator_v3']) retrieved from /home/jarret/data-engineering-bootcamp/workspace/airflow-code-review/venv/lib/python3.7/site-packages/airflow/example_dags/example_branch_python_dop_operator_3.py
[2022-06-17 13:08:11,313] {logging_mixin.py:115} INFO - [2022-06-17 13:08:11,313] {dag.py:2379} INFO - Sync 1 DAGs
[2022-06-17 13:08:11,333] {logging_mixin.py:115} INFO - [2022-06-17 13:08:11,333] {dag.py:2931} INFO - Setting next_dagrun for example_branch_dop_operator_v3 to 2022-06-17T20:07:00+00:00, run_after=2022-06-17T20:08:00+00:00
[2022-06-17 13:08:11,670] {processor.py:161} INFO - Processing /home/jarret/data-engineering-bootcamp/workspace/airflow-code-review/venv/lib/python3.7/site-packages/airflow/example_dags/example_branch_python_dop_operator_3.py took 0.377 seconds
[2022-06-17 13:08:54,353] {processor.py:153} INFO - Started process (PID=18360) to work on /home/jarret/data-engineering-bootcamp/workspace/airflow-code-review/venv/lib/python3.7/site-packages/airflow/example_dags/example_branch_python_dop_operator_3.py
[2022-06-17 13:08:54,355] {processor.py:641} INFO - Processing file /home/jarret/data-engineering-bootcamp/workspace/airflow-code-review/venv/lib/python3.7/site-packages/airflow/example_dags/example_branch_python_dop_operator_3.py for tasks to queue
[2022-06-17 13:08:54,355] {logging_mixin.py:115} INFO - [2022-06-17 13:08:54,355] {dagbag.py:507} INFO - Filling up the DagBag from /home/jarret/data-engineering-bootcamp/workspace/airflow-code-review/venv/lib/python3.7/site-packages/airflow/example_dags/example_branch_python_dop_operator_3.py
[2022-06-17 13:08:54,363] {processor.py:651} INFO - DAG(s) dict_keys(['example_branch_dop_operator_v3']) retrieved from /home/jarret/data-engineering-bootcamp/workspace/airflow-code-review/venv/lib/python3.7/site-packages/airflow/example_dags/example_branch_python_dop_operator_3.py
[2022-06-17 13:08:54,374] {logging_mixin.py:115} INFO - [2022-06-17 13:08:54,374] {dag.py:2379} INFO - Sync 1 DAGs
[2022-06-17 13:08:54,394] {logging_mixin.py:115} INFO - [2022-06-17 13:08:54,394] {dag.py:2931} INFO - Setting next_dagrun for example_branch_dop_operator_v3 to 2022-06-17T20:07:00+00:00, run_after=2022-06-17T20:08:00+00:00
[2022-06-17 13:08:54,521] {processor.py:161} INFO - Processing /home/jarret/data-engineering-bootcamp/workspace/airflow-code-review/venv/lib/python3.7/site-packages/airflow/example_dags/example_branch_python_dop_operator_3.py took 0.171 seconds
[2022-06-17 13:09:48,325] {processor.py:153} INFO - Started process (PID=18468) to work on /home/jarret/data-engineering-bootcamp/workspace/airflow-code-review/venv/lib/python3.7/site-packages/airflow/example_dags/example_branch_python_dop_operator_3.py
[2022-06-17 13:09:48,326] {processor.py:641} INFO - Processing file /home/jarret/data-engineering-bootcamp/workspace/airflow-code-review/venv/lib/python3.7/site-packages/airflow/example_dags/example_branch_python_dop_operator_3.py for tasks to queue
[2022-06-17 13:09:48,327] {logging_mixin.py:115} INFO - [2022-06-17 13:09:48,326] {dagbag.py:507} INFO - Filling up the DagBag from /home/jarret/data-engineering-bootcamp/workspace/airflow-code-review/venv/lib/python3.7/site-packages/airflow/example_dags/example_branch_python_dop_operator_3.py
[2022-06-17 13:09:48,334] {processor.py:651} INFO - DAG(s) dict_keys(['example_branch_dop_operator_v3']) retrieved from /home/jarret/data-engineering-bootcamp/workspace/airflow-code-review/venv/lib/python3.7/site-packages/airflow/example_dags/example_branch_python_dop_operator_3.py
[2022-06-17 13:09:48,345] {logging_mixin.py:115} INFO - [2022-06-17 13:09:48,344] {dag.py:2379} INFO - Sync 1 DAGs
[2022-06-17 13:09:48,366] {logging_mixin.py:115} INFO - [2022-06-17 13:09:48,366] {dag.py:2931} INFO - Setting next_dagrun for example_branch_dop_operator_v3 to 2022-06-17T20:08:00+00:00, run_after=2022-06-17T20:09:00+00:00
[2022-06-17 13:09:48,492] {processor.py:161} INFO - Processing /home/jarret/data-engineering-bootcamp/workspace/airflow-code-review/venv/lib/python3.7/site-packages/airflow/example_dags/example_branch_python_dop_operator_3.py took 0.171 seconds
[2022-06-17 13:10:37,888] {processor.py:153} INFO - Started process (PID=18537) to work on /home/jarret/data-engineering-bootcamp/workspace/airflow-code-review/venv/lib/python3.7/site-packages/airflow/example_dags/example_branch_python_dop_operator_3.py
[2022-06-17 13:10:37,899] {processor.py:641} INFO - Processing file /home/jarret/data-engineering-bootcamp/workspace/airflow-code-review/venv/lib/python3.7/site-packages/airflow/example_dags/example_branch_python_dop_operator_3.py for tasks to queue
[2022-06-17 13:10:37,900] {logging_mixin.py:115} INFO - [2022-06-17 13:10:37,900] {dagbag.py:507} INFO - Filling up the DagBag from /home/jarret/data-engineering-bootcamp/workspace/airflow-code-review/venv/lib/python3.7/site-packages/airflow/example_dags/example_branch_python_dop_operator_3.py
[2022-06-17 13:10:37,906] {processor.py:651} INFO - DAG(s) dict_keys(['example_branch_dop_operator_v3']) retrieved from /home/jarret/data-engineering-bootcamp/workspace/airflow-code-review/venv/lib/python3.7/site-packages/airflow/example_dags/example_branch_python_dop_operator_3.py
[2022-06-17 13:10:37,916] {logging_mixin.py:115} INFO - [2022-06-17 13:10:37,916] {dag.py:2379} INFO - Sync 1 DAGs
[2022-06-17 13:10:37,937] {logging_mixin.py:115} INFO - [2022-06-17 13:10:37,937] {dag.py:2931} INFO - Setting next_dagrun for example_branch_dop_operator_v3 to 2022-06-17T20:09:00+00:00, run_after=2022-06-17T20:10:00+00:00
[2022-06-17 13:10:39,422] {processor.py:161} INFO - Processing /home/jarret/data-engineering-bootcamp/workspace/airflow-code-review/venv/lib/python3.7/site-packages/airflow/example_dags/example_branch_python_dop_operator_3.py took 1.536 seconds
[2022-06-17 13:11:34,684] {processor.py:153} INFO - Started process (PID=18652) to work on /home/jarret/data-engineering-bootcamp/workspace/airflow-code-review/venv/lib/python3.7/site-packages/airflow/example_dags/example_branch_python_dop_operator_3.py
[2022-06-17 13:11:34,685] {processor.py:641} INFO - Processing file /home/jarret/data-engineering-bootcamp/workspace/airflow-code-review/venv/lib/python3.7/site-packages/airflow/example_dags/example_branch_python_dop_operator_3.py for tasks to queue
[2022-06-17 13:11:34,686] {logging_mixin.py:115} INFO - [2022-06-17 13:11:34,686] {dagbag.py:507} INFO - Filling up the DagBag from /home/jarret/data-engineering-bootcamp/workspace/airflow-code-review/venv/lib/python3.7/site-packages/airflow/example_dags/example_branch_python_dop_operator_3.py
[2022-06-17 13:11:34,697] {processor.py:651} INFO - DAG(s) dict_keys(['example_branch_dop_operator_v3']) retrieved from /home/jarret/data-engineering-bootcamp/workspace/airflow-code-review/venv/lib/python3.7/site-packages/airflow/example_dags/example_branch_python_dop_operator_3.py
[2022-06-17 13:11:34,707] {logging_mixin.py:115} INFO - [2022-06-17 13:11:34,707] {dag.py:2379} INFO - Sync 1 DAGs
[2022-06-17 13:11:34,727] {logging_mixin.py:115} INFO - [2022-06-17 13:11:34,727] {dag.py:2931} INFO - Setting next_dagrun for example_branch_dop_operator_v3 to 2022-06-17T20:10:00+00:00, run_after=2022-06-17T20:11:00+00:00
[2022-06-17 13:11:35,521] {processor.py:161} INFO - Processing /home/jarret/data-engineering-bootcamp/workspace/airflow-code-review/venv/lib/python3.7/site-packages/airflow/example_dags/example_branch_python_dop_operator_3.py took 0.841 seconds
[2022-06-17 13:12:25,795] {processor.py:153} INFO - Started process (PID=18754) to work on /home/jarret/data-engineering-bootcamp/workspace/airflow-code-review/venv/lib/python3.7/site-packages/airflow/example_dags/example_branch_python_dop_operator_3.py
[2022-06-17 13:12:25,807] {processor.py:641} INFO - Processing file /home/jarret/data-engineering-bootcamp/workspace/airflow-code-review/venv/lib/python3.7/site-packages/airflow/example_dags/example_branch_python_dop_operator_3.py for tasks to queue
[2022-06-17 13:12:25,808] {logging_mixin.py:115} INFO - [2022-06-17 13:12:25,808] {dagbag.py:507} INFO - Filling up the DagBag from /home/jarret/data-engineering-bootcamp/workspace/airflow-code-review/venv/lib/python3.7/site-packages/airflow/example_dags/example_branch_python_dop_operator_3.py
[2022-06-17 13:12:25,814] {processor.py:651} INFO - DAG(s) dict_keys(['example_branch_dop_operator_v3']) retrieved from /home/jarret/data-engineering-bootcamp/workspace/airflow-code-review/venv/lib/python3.7/site-packages/airflow/example_dags/example_branch_python_dop_operator_3.py
[2022-06-17 13:12:25,825] {logging_mixin.py:115} INFO - [2022-06-17 13:12:25,825] {dag.py:2379} INFO - Sync 1 DAGs
[2022-06-17 13:12:25,847] {logging_mixin.py:115} INFO - [2022-06-17 13:12:25,847] {dag.py:2931} INFO - Setting next_dagrun for example_branch_dop_operator_v3 to 2022-06-17T20:11:00+00:00, run_after=2022-06-17T20:12:00+00:00
[2022-06-17 13:12:26,083] {processor.py:161} INFO - Processing /home/jarret/data-engineering-bootcamp/workspace/airflow-code-review/venv/lib/python3.7/site-packages/airflow/example_dags/example_branch_python_dop_operator_3.py took 0.292 seconds
[2022-06-17 13:13:30,295] {processor.py:153} INFO - Started process (PID=18861) to work on /home/jarret/data-engineering-bootcamp/workspace/airflow-code-review/venv/lib/python3.7/site-packages/airflow/example_dags/example_branch_python_dop_operator_3.py
[2022-06-17 13:13:30,308] {processor.py:641} INFO - Processing file /home/jarret/data-engineering-bootcamp/workspace/airflow-code-review/venv/lib/python3.7/site-packages/airflow/example_dags/example_branch_python_dop_operator_3.py for tasks to queue
[2022-06-17 13:13:30,309] {logging_mixin.py:115} INFO - [2022-06-17 13:13:30,309] {dagbag.py:507} INFO - Filling up the DagBag from /home/jarret/data-engineering-bootcamp/workspace/airflow-code-review/venv/lib/python3.7/site-packages/airflow/example_dags/example_branch_python_dop_operator_3.py
[2022-06-17 13:13:30,315] {processor.py:651} INFO - DAG(s) dict_keys(['example_branch_dop_operator_v3']) retrieved from /home/jarret/data-engineering-bootcamp/workspace/airflow-code-review/venv/lib/python3.7/site-packages/airflow/example_dags/example_branch_python_dop_operator_3.py
[2022-06-17 13:13:30,326] {logging_mixin.py:115} INFO - [2022-06-17 13:13:30,326] {dag.py:2379} INFO - Sync 1 DAGs
[2022-06-17 13:13:30,347] {logging_mixin.py:115} INFO - [2022-06-17 13:13:30,347] {dag.py:2931} INFO - Setting next_dagrun for example_branch_dop_operator_v3 to 2022-06-17T20:12:00+00:00, run_after=2022-06-17T20:13:00+00:00
[2022-06-17 13:13:30,467] {processor.py:161} INFO - Processing /home/jarret/data-engineering-bootcamp/workspace/airflow-code-review/venv/lib/python3.7/site-packages/airflow/example_dags/example_branch_python_dop_operator_3.py took 0.175 seconds
[2022-06-17 13:14:23,497] {processor.py:153} INFO - Started process (PID=18952) to work on /home/jarret/data-engineering-bootcamp/workspace/airflow-code-review/venv/lib/python3.7/site-packages/airflow/example_dags/example_branch_python_dop_operator_3.py
[2022-06-17 13:14:23,503] {processor.py:641} INFO - Processing file /home/jarret/data-engineering-bootcamp/workspace/airflow-code-review/venv/lib/python3.7/site-packages/airflow/example_dags/example_branch_python_dop_operator_3.py for tasks to queue
[2022-06-17 13:14:23,503] {logging_mixin.py:115} INFO - [2022-06-17 13:14:23,503] {dagbag.py:507} INFO - Filling up the DagBag from /home/jarret/data-engineering-bootcamp/workspace/airflow-code-review/venv/lib/python3.7/site-packages/airflow/example_dags/example_branch_python_dop_operator_3.py
[2022-06-17 13:14:23,509] {processor.py:651} INFO - DAG(s) dict_keys(['example_branch_dop_operator_v3']) retrieved from /home/jarret/data-engineering-bootcamp/workspace/airflow-code-review/venv/lib/python3.7/site-packages/airflow/example_dags/example_branch_python_dop_operator_3.py
[2022-06-17 13:14:23,519] {logging_mixin.py:115} INFO - [2022-06-17 13:14:23,519] {dag.py:2379} INFO - Sync 1 DAGs
[2022-06-17 13:14:23,539] {logging_mixin.py:115} INFO - [2022-06-17 13:14:23,539] {dag.py:2931} INFO - Setting next_dagrun for example_branch_dop_operator_v3 to 2022-06-17T20:13:00+00:00, run_after=2022-06-17T20:14:00+00:00
[2022-06-17 13:14:23,663] {processor.py:161} INFO - Processing /home/jarret/data-engineering-bootcamp/workspace/airflow-code-review/venv/lib/python3.7/site-packages/airflow/example_dags/example_branch_python_dop_operator_3.py took 0.167 seconds
[2022-06-17 13:15:15,000] {processor.py:153} INFO - Started process (PID=18996) to work on /home/jarret/data-engineering-bootcamp/workspace/airflow-code-review/venv/lib/python3.7/site-packages/airflow/example_dags/example_branch_python_dop_operator_3.py
[2022-06-17 13:15:15,001] {processor.py:641} INFO - Processing file /home/jarret/data-engineering-bootcamp/workspace/airflow-code-review/venv/lib/python3.7/site-packages/airflow/example_dags/example_branch_python_dop_operator_3.py for tasks to queue
[2022-06-17 13:15:15,002] {logging_mixin.py:115} INFO - [2022-06-17 13:15:15,002] {dagbag.py:507} INFO - Filling up the DagBag from /home/jarret/data-engineering-bootcamp/workspace/airflow-code-review/venv/lib/python3.7/site-packages/airflow/example_dags/example_branch_python_dop_operator_3.py
[2022-06-17 13:15:15,009] {processor.py:651} INFO - DAG(s) dict_keys(['example_branch_dop_operator_v3']) retrieved from /home/jarret/data-engineering-bootcamp/workspace/airflow-code-review/venv/lib/python3.7/site-packages/airflow/example_dags/example_branch_python_dop_operator_3.py
[2022-06-17 13:15:15,019] {logging_mixin.py:115} INFO - [2022-06-17 13:15:15,019] {dag.py:2379} INFO - Sync 1 DAGs
[2022-06-17 13:15:15,039] {logging_mixin.py:115} INFO - [2022-06-17 13:15:15,039] {dag.py:2931} INFO - Setting next_dagrun for example_branch_dop_operator_v3 to 2022-06-17T20:14:00+00:00, run_after=2022-06-17T20:15:00+00:00
[2022-06-17 13:15:15,187] {processor.py:161} INFO - Processing /home/jarret/data-engineering-bootcamp/workspace/airflow-code-review/venv/lib/python3.7/site-packages/airflow/example_dags/example_branch_python_dop_operator_3.py took 0.190 seconds
[2022-06-17 13:16:04,443] {processor.py:153} INFO - Started process (PID=19039) to work on /home/jarret/data-engineering-bootcamp/workspace/airflow-code-review/venv/lib/python3.7/site-packages/airflow/example_dags/example_branch_python_dop_operator_3.py
[2022-06-17 13:16:04,463] {processor.py:641} INFO - Processing file /home/jarret/data-engineering-bootcamp/workspace/airflow-code-review/venv/lib/python3.7/site-packages/airflow/example_dags/example_branch_python_dop_operator_3.py for tasks to queue
[2022-06-17 13:16:04,464] {logging_mixin.py:115} INFO - [2022-06-17 13:16:04,464] {dagbag.py:507} INFO - Filling up the DagBag from /home/jarret/data-engineering-bootcamp/workspace/airflow-code-review/venv/lib/python3.7/site-packages/airflow/example_dags/example_branch_python_dop_operator_3.py
[2022-06-17 13:16:04,476] {processor.py:651} INFO - DAG(s) dict_keys(['example_branch_dop_operator_v3']) retrieved from /home/jarret/data-engineering-bootcamp/workspace/airflow-code-review/venv/lib/python3.7/site-packages/airflow/example_dags/example_branch_python_dop_operator_3.py
[2022-06-17 13:16:04,486] {logging_mixin.py:115} INFO - [2022-06-17 13:16:04,486] {dag.py:2379} INFO - Sync 1 DAGs
[2022-06-17 13:16:04,507] {logging_mixin.py:115} INFO - [2022-06-17 13:16:04,507] {dag.py:2931} INFO - Setting next_dagrun for example_branch_dop_operator_v3 to 2022-06-17T20:15:00+00:00, run_after=2022-06-17T20:16:00+00:00
[2022-06-17 13:16:04,634] {processor.py:161} INFO - Processing /home/jarret/data-engineering-bootcamp/workspace/airflow-code-review/venv/lib/python3.7/site-packages/airflow/example_dags/example_branch_python_dop_operator_3.py took 0.193 seconds
[2022-06-17 13:16:51,505] {processor.py:153} INFO - Started process (PID=19080) to work on /home/jarret/data-engineering-bootcamp/workspace/airflow-code-review/venv/lib/python3.7/site-packages/airflow/example_dags/example_branch_python_dop_operator_3.py
[2022-06-17 13:16:51,518] {processor.py:641} INFO - Processing file /home/jarret/data-engineering-bootcamp/workspace/airflow-code-review/venv/lib/python3.7/site-packages/airflow/example_dags/example_branch_python_dop_operator_3.py for tasks to queue
[2022-06-17 13:16:51,519] {logging_mixin.py:115} INFO - [2022-06-17 13:16:51,518] {dagbag.py:507} INFO - Filling up the DagBag from /home/jarret/data-engineering-bootcamp/workspace/airflow-code-review/venv/lib/python3.7/site-packages/airflow/example_dags/example_branch_python_dop_operator_3.py
[2022-06-17 13:16:51,524] {processor.py:651} INFO - DAG(s) dict_keys(['example_branch_dop_operator_v3']) retrieved from /home/jarret/data-engineering-bootcamp/workspace/airflow-code-review/venv/lib/python3.7/site-packages/airflow/example_dags/example_branch_python_dop_operator_3.py
[2022-06-17 13:16:51,535] {logging_mixin.py:115} INFO - [2022-06-17 13:16:51,535] {dag.py:2379} INFO - Sync 1 DAGs
[2022-06-17 13:16:51,556] {logging_mixin.py:115} INFO - [2022-06-17 13:16:51,556] {dag.py:2931} INFO - Setting next_dagrun for example_branch_dop_operator_v3 to 2022-06-17T20:15:00+00:00, run_after=2022-06-17T20:16:00+00:00
[2022-06-17 13:16:51,676] {processor.py:161} INFO - Processing /home/jarret/data-engineering-bootcamp/workspace/airflow-code-review/venv/lib/python3.7/site-packages/airflow/example_dags/example_branch_python_dop_operator_3.py took 0.174 seconds
[2022-06-17 13:17:43,881] {processor.py:153} INFO - Started process (PID=19142) to work on /home/jarret/data-engineering-bootcamp/workspace/airflow-code-review/venv/lib/python3.7/site-packages/airflow/example_dags/example_branch_python_dop_operator_3.py
[2022-06-17 13:17:43,884] {processor.py:641} INFO - Processing file /home/jarret/data-engineering-bootcamp/workspace/airflow-code-review/venv/lib/python3.7/site-packages/airflow/example_dags/example_branch_python_dop_operator_3.py for tasks to queue
[2022-06-17 13:17:43,884] {logging_mixin.py:115} INFO - [2022-06-17 13:17:43,884] {dagbag.py:507} INFO - Filling up the DagBag from /home/jarret/data-engineering-bootcamp/workspace/airflow-code-review/venv/lib/python3.7/site-packages/airflow/example_dags/example_branch_python_dop_operator_3.py
[2022-06-17 13:17:43,890] {processor.py:651} INFO - DAG(s) dict_keys(['example_branch_dop_operator_v3']) retrieved from /home/jarret/data-engineering-bootcamp/workspace/airflow-code-review/venv/lib/python3.7/site-packages/airflow/example_dags/example_branch_python_dop_operator_3.py
[2022-06-17 13:17:43,901] {logging_mixin.py:115} INFO - [2022-06-17 13:17:43,901] {dag.py:2379} INFO - Sync 1 DAGs
[2022-06-17 13:17:43,921] {logging_mixin.py:115} INFO - [2022-06-17 13:17:43,921] {dag.py:2931} INFO - Setting next_dagrun for example_branch_dop_operator_v3 to 2022-06-17T20:16:00+00:00, run_after=2022-06-17T20:17:00+00:00
[2022-06-17 13:17:44,045] {processor.py:161} INFO - Processing /home/jarret/data-engineering-bootcamp/workspace/airflow-code-review/venv/lib/python3.7/site-packages/airflow/example_dags/example_branch_python_dop_operator_3.py took 0.165 seconds
[2022-06-17 13:18:46,296] {processor.py:153} INFO - Started process (PID=19203) to work on /home/jarret/data-engineering-bootcamp/workspace/airflow-code-review/venv/lib/python3.7/site-packages/airflow/example_dags/example_branch_python_dop_operator_3.py
[2022-06-17 13:18:46,307] {processor.py:641} INFO - Processing file /home/jarret/data-engineering-bootcamp/workspace/airflow-code-review/venv/lib/python3.7/site-packages/airflow/example_dags/example_branch_python_dop_operator_3.py for tasks to queue
[2022-06-17 13:18:46,308] {logging_mixin.py:115} INFO - [2022-06-17 13:18:46,308] {dagbag.py:507} INFO - Filling up the DagBag from /home/jarret/data-engineering-bootcamp/workspace/airflow-code-review/venv/lib/python3.7/site-packages/airflow/example_dags/example_branch_python_dop_operator_3.py
[2022-06-17 13:18:46,314] {processor.py:651} INFO - DAG(s) dict_keys(['example_branch_dop_operator_v3']) retrieved from /home/jarret/data-engineering-bootcamp/workspace/airflow-code-review/venv/lib/python3.7/site-packages/airflow/example_dags/example_branch_python_dop_operator_3.py
[2022-06-17 13:18:46,324] {logging_mixin.py:115} INFO - [2022-06-17 13:18:46,324] {dag.py:2379} INFO - Sync 1 DAGs
[2022-06-17 13:18:46,344] {logging_mixin.py:115} INFO - [2022-06-17 13:18:46,344] {dag.py:2931} INFO - Setting next_dagrun for example_branch_dop_operator_v3 to 2022-06-17T20:17:00+00:00, run_after=2022-06-17T20:18:00+00:00
[2022-06-17 13:18:46,468] {processor.py:161} INFO - Processing /home/jarret/data-engineering-bootcamp/workspace/airflow-code-review/venv/lib/python3.7/site-packages/airflow/example_dags/example_branch_python_dop_operator_3.py took 0.175 seconds
[2022-06-17 13:19:49,477] {processor.py:153} INFO - Started process (PID=19266) to work on /home/jarret/data-engineering-bootcamp/workspace/airflow-code-review/venv/lib/python3.7/site-packages/airflow/example_dags/example_branch_python_dop_operator_3.py
[2022-06-17 13:19:49,479] {processor.py:641} INFO - Processing file /home/jarret/data-engineering-bootcamp/workspace/airflow-code-review/venv/lib/python3.7/site-packages/airflow/example_dags/example_branch_python_dop_operator_3.py for tasks to queue
[2022-06-17 13:19:49,479] {logging_mixin.py:115} INFO - [2022-06-17 13:19:49,479] {dagbag.py:507} INFO - Filling up the DagBag from /home/jarret/data-engineering-bootcamp/workspace/airflow-code-review/venv/lib/python3.7/site-packages/airflow/example_dags/example_branch_python_dop_operator_3.py
[2022-06-17 13:19:49,491] {processor.py:651} INFO - DAG(s) dict_keys(['example_branch_dop_operator_v3']) retrieved from /home/jarret/data-engineering-bootcamp/workspace/airflow-code-review/venv/lib/python3.7/site-packages/airflow/example_dags/example_branch_python_dop_operator_3.py
[2022-06-17 13:19:49,501] {logging_mixin.py:115} INFO - [2022-06-17 13:19:49,501] {dag.py:2379} INFO - Sync 1 DAGs
[2022-06-17 13:19:49,522] {logging_mixin.py:115} INFO - [2022-06-17 13:19:49,522] {dag.py:2931} INFO - Setting next_dagrun for example_branch_dop_operator_v3 to 2022-06-17T20:18:00+00:00, run_after=2022-06-17T20:19:00+00:00
[2022-06-17 13:19:49,639] {processor.py:161} INFO - Processing /home/jarret/data-engineering-bootcamp/workspace/airflow-code-review/venv/lib/python3.7/site-packages/airflow/example_dags/example_branch_python_dop_operator_3.py took 0.165 seconds
[2022-06-17 13:20:59,344] {processor.py:153} INFO - Started process (PID=19389) to work on /home/jarret/data-engineering-bootcamp/workspace/airflow-code-review/venv/lib/python3.7/site-packages/airflow/example_dags/example_branch_python_dop_operator_3.py
[2022-06-17 13:20:59,353] {processor.py:641} INFO - Processing file /home/jarret/data-engineering-bootcamp/workspace/airflow-code-review/venv/lib/python3.7/site-packages/airflow/example_dags/example_branch_python_dop_operator_3.py for tasks to queue
[2022-06-17 13:20:59,354] {logging_mixin.py:115} INFO - [2022-06-17 13:20:59,354] {dagbag.py:507} INFO - Filling up the DagBag from /home/jarret/data-engineering-bootcamp/workspace/airflow-code-review/venv/lib/python3.7/site-packages/airflow/example_dags/example_branch_python_dop_operator_3.py
[2022-06-17 13:20:59,360] {processor.py:651} INFO - DAG(s) dict_keys(['example_branch_dop_operator_v3']) retrieved from /home/jarret/data-engineering-bootcamp/workspace/airflow-code-review/venv/lib/python3.7/site-packages/airflow/example_dags/example_branch_python_dop_operator_3.py
[2022-06-17 13:20:59,370] {logging_mixin.py:115} INFO - [2022-06-17 13:20:59,370] {dag.py:2379} INFO - Sync 1 DAGs
[2022-06-17 13:20:59,390] {logging_mixin.py:115} INFO - [2022-06-17 13:20:59,390] {dag.py:2931} INFO - Setting next_dagrun for example_branch_dop_operator_v3 to 2022-06-17T20:19:00+00:00, run_after=2022-06-17T20:20:00+00:00
[2022-06-17 13:20:59,495] {processor.py:161} INFO - Processing /home/jarret/data-engineering-bootcamp/workspace/airflow-code-review/venv/lib/python3.7/site-packages/airflow/example_dags/example_branch_python_dop_operator_3.py took 0.155 seconds
[2022-06-17 13:21:56,014] {processor.py:153} INFO - Started process (PID=19505) to work on /home/jarret/data-engineering-bootcamp/workspace/airflow-code-review/venv/lib/python3.7/site-packages/airflow/example_dags/example_branch_python_dop_operator_3.py
[2022-06-17 13:21:56,018] {processor.py:641} INFO - Processing file /home/jarret/data-engineering-bootcamp/workspace/airflow-code-review/venv/lib/python3.7/site-packages/airflow/example_dags/example_branch_python_dop_operator_3.py for tasks to queue
[2022-06-17 13:21:56,018] {logging_mixin.py:115} INFO - [2022-06-17 13:21:56,018] {dagbag.py:507} INFO - Filling up the DagBag from /home/jarret/data-engineering-bootcamp/workspace/airflow-code-review/venv/lib/python3.7/site-packages/airflow/example_dags/example_branch_python_dop_operator_3.py
[2022-06-17 13:21:56,025] {processor.py:651} INFO - DAG(s) dict_keys(['example_branch_dop_operator_v3']) retrieved from /home/jarret/data-engineering-bootcamp/workspace/airflow-code-review/venv/lib/python3.7/site-packages/airflow/example_dags/example_branch_python_dop_operator_3.py
[2022-06-17 13:21:56,035] {logging_mixin.py:115} INFO - [2022-06-17 13:21:56,035] {dag.py:2379} INFO - Sync 1 DAGs
[2022-06-17 13:21:56,056] {logging_mixin.py:115} INFO - [2022-06-17 13:21:56,056] {dag.py:2931} INFO - Setting next_dagrun for example_branch_dop_operator_v3 to 2022-06-17T20:20:00+00:00, run_after=2022-06-17T20:21:00+00:00
[2022-06-17 13:21:57,434] {processor.py:161} INFO - Processing /home/jarret/data-engineering-bootcamp/workspace/airflow-code-review/venv/lib/python3.7/site-packages/airflow/example_dags/example_branch_python_dop_operator_3.py took 1.424 seconds
[2022-06-17 13:22:55,248] {processor.py:153} INFO - Started process (PID=19607) to work on /home/jarret/data-engineering-bootcamp/workspace/airflow-code-review/venv/lib/python3.7/site-packages/airflow/example_dags/example_branch_python_dop_operator_3.py
[2022-06-17 13:22:55,261] {processor.py:641} INFO - Processing file /home/jarret/data-engineering-bootcamp/workspace/airflow-code-review/venv/lib/python3.7/site-packages/airflow/example_dags/example_branch_python_dop_operator_3.py for tasks to queue
[2022-06-17 13:22:55,261] {logging_mixin.py:115} INFO - [2022-06-17 13:22:55,261] {dagbag.py:507} INFO - Filling up the DagBag from /home/jarret/data-engineering-bootcamp/workspace/airflow-code-review/venv/lib/python3.7/site-packages/airflow/example_dags/example_branch_python_dop_operator_3.py
[2022-06-17 13:22:55,267] {processor.py:651} INFO - DAG(s) dict_keys(['example_branch_dop_operator_v3']) retrieved from /home/jarret/data-engineering-bootcamp/workspace/airflow-code-review/venv/lib/python3.7/site-packages/airflow/example_dags/example_branch_python_dop_operator_3.py
[2022-06-17 13:22:55,278] {logging_mixin.py:115} INFO - [2022-06-17 13:22:55,278] {dag.py:2379} INFO - Sync 1 DAGs
[2022-06-17 13:22:55,299] {logging_mixin.py:115} INFO - [2022-06-17 13:22:55,299] {dag.py:2931} INFO - Setting next_dagrun for example_branch_dop_operator_v3 to 2022-06-17T20:21:00+00:00, run_after=2022-06-17T20:22:00+00:00
[2022-06-17 13:22:55,418] {processor.py:161} INFO - Processing /home/jarret/data-engineering-bootcamp/workspace/airflow-code-review/venv/lib/python3.7/site-packages/airflow/example_dags/example_branch_python_dop_operator_3.py took 0.171 seconds
[2022-06-17 13:23:58,384] {processor.py:153} INFO - Started process (PID=19732) to work on /home/jarret/data-engineering-bootcamp/workspace/airflow-code-review/venv/lib/python3.7/site-packages/airflow/example_dags/example_branch_python_dop_operator_3.py
[2022-06-17 13:23:58,385] {processor.py:641} INFO - Processing file /home/jarret/data-engineering-bootcamp/workspace/airflow-code-review/venv/lib/python3.7/site-packages/airflow/example_dags/example_branch_python_dop_operator_3.py for tasks to queue
[2022-06-17 13:23:58,385] {logging_mixin.py:115} INFO - [2022-06-17 13:23:58,385] {dagbag.py:507} INFO - Filling up the DagBag from /home/jarret/data-engineering-bootcamp/workspace/airflow-code-review/venv/lib/python3.7/site-packages/airflow/example_dags/example_branch_python_dop_operator_3.py
[2022-06-17 13:23:58,392] {processor.py:651} INFO - DAG(s) dict_keys(['example_branch_dop_operator_v3']) retrieved from /home/jarret/data-engineering-bootcamp/workspace/airflow-code-review/venv/lib/python3.7/site-packages/airflow/example_dags/example_branch_python_dop_operator_3.py
[2022-06-17 13:23:58,403] {logging_mixin.py:115} INFO - [2022-06-17 13:23:58,403] {dag.py:2379} INFO - Sync 1 DAGs
[2022-06-17 13:23:58,424] {logging_mixin.py:115} INFO - [2022-06-17 13:23:58,424] {dag.py:2931} INFO - Setting next_dagrun for example_branch_dop_operator_v3 to 2022-06-17T20:22:00+00:00, run_after=2022-06-17T20:23:00+00:00
[2022-06-17 13:23:58,563] {processor.py:161} INFO - Processing /home/jarret/data-engineering-bootcamp/workspace/airflow-code-review/venv/lib/python3.7/site-packages/airflow/example_dags/example_branch_python_dop_operator_3.py took 0.183 seconds
[2022-06-17 13:25:25,325] {processor.py:153} INFO - Started process (PID=19893) to work on /home/jarret/data-engineering-bootcamp/workspace/airflow-code-review/venv/lib/python3.7/site-packages/airflow/example_dags/example_branch_python_dop_operator_3.py
[2022-06-17 13:25:25,332] {processor.py:641} INFO - Processing file /home/jarret/data-engineering-bootcamp/workspace/airflow-code-review/venv/lib/python3.7/site-packages/airflow/example_dags/example_branch_python_dop_operator_3.py for tasks to queue
[2022-06-17 13:25:25,333] {logging_mixin.py:115} INFO - [2022-06-17 13:25:25,333] {dagbag.py:507} INFO - Filling up the DagBag from /home/jarret/data-engineering-bootcamp/workspace/airflow-code-review/venv/lib/python3.7/site-packages/airflow/example_dags/example_branch_python_dop_operator_3.py
[2022-06-17 13:25:25,340] {processor.py:651} INFO - DAG(s) dict_keys(['example_branch_dop_operator_v3']) retrieved from /home/jarret/data-engineering-bootcamp/workspace/airflow-code-review/venv/lib/python3.7/site-packages/airflow/example_dags/example_branch_python_dop_operator_3.py
[2022-06-17 13:25:25,351] {logging_mixin.py:115} INFO - [2022-06-17 13:25:25,351] {dag.py:2379} INFO - Sync 1 DAGs
[2022-06-17 13:25:25,373] {logging_mixin.py:115} INFO - [2022-06-17 13:25:25,373] {dag.py:2931} INFO - Setting next_dagrun for example_branch_dop_operator_v3 to 2022-06-17T20:24:00+00:00, run_after=2022-06-17T20:25:00+00:00
[2022-06-17 13:25:25,500] {processor.py:161} INFO - Processing /home/jarret/data-engineering-bootcamp/workspace/airflow-code-review/venv/lib/python3.7/site-packages/airflow/example_dags/example_branch_python_dop_operator_3.py took 0.179 seconds
[2022-06-17 13:26:17,297] {processor.py:153} INFO - Started process (PID=20000) to work on /home/jarret/data-engineering-bootcamp/workspace/airflow-code-review/venv/lib/python3.7/site-packages/airflow/example_dags/example_branch_python_dop_operator_3.py
[2022-06-17 13:26:17,298] {processor.py:641} INFO - Processing file /home/jarret/data-engineering-bootcamp/workspace/airflow-code-review/venv/lib/python3.7/site-packages/airflow/example_dags/example_branch_python_dop_operator_3.py for tasks to queue
[2022-06-17 13:26:17,299] {logging_mixin.py:115} INFO - [2022-06-17 13:26:17,299] {dagbag.py:507} INFO - Filling up the DagBag from /home/jarret/data-engineering-bootcamp/workspace/airflow-code-review/venv/lib/python3.7/site-packages/airflow/example_dags/example_branch_python_dop_operator_3.py
[2022-06-17 13:26:17,305] {processor.py:651} INFO - DAG(s) dict_keys(['example_branch_dop_operator_v3']) retrieved from /home/jarret/data-engineering-bootcamp/workspace/airflow-code-review/venv/lib/python3.7/site-packages/airflow/example_dags/example_branch_python_dop_operator_3.py
[2022-06-17 13:26:17,316] {logging_mixin.py:115} INFO - [2022-06-17 13:26:17,316] {dag.py:2379} INFO - Sync 1 DAGs
[2022-06-17 13:26:17,337] {logging_mixin.py:115} INFO - [2022-06-17 13:26:17,337] {dag.py:2931} INFO - Setting next_dagrun for example_branch_dop_operator_v3 to 2022-06-17T20:25:00+00:00, run_after=2022-06-17T20:26:00+00:00
[2022-06-17 13:26:18,165] {processor.py:161} INFO - Processing /home/jarret/data-engineering-bootcamp/workspace/airflow-code-review/venv/lib/python3.7/site-packages/airflow/example_dags/example_branch_python_dop_operator_3.py took 0.869 seconds
[2022-06-17 13:27:21,484] {processor.py:153} INFO - Started process (PID=20133) to work on /home/jarret/data-engineering-bootcamp/workspace/airflow-code-review/venv/lib/python3.7/site-packages/airflow/example_dags/example_branch_python_dop_operator_3.py
[2022-06-17 13:27:21,496] {processor.py:641} INFO - Processing file /home/jarret/data-engineering-bootcamp/workspace/airflow-code-review/venv/lib/python3.7/site-packages/airflow/example_dags/example_branch_python_dop_operator_3.py for tasks to queue
[2022-06-17 13:27:21,497] {logging_mixin.py:115} INFO - [2022-06-17 13:27:21,496] {dagbag.py:507} INFO - Filling up the DagBag from /home/jarret/data-engineering-bootcamp/workspace/airflow-code-review/venv/lib/python3.7/site-packages/airflow/example_dags/example_branch_python_dop_operator_3.py
[2022-06-17 13:27:21,503] {processor.py:651} INFO - DAG(s) dict_keys(['example_branch_dop_operator_v3']) retrieved from /home/jarret/data-engineering-bootcamp/workspace/airflow-code-review/venv/lib/python3.7/site-packages/airflow/example_dags/example_branch_python_dop_operator_3.py
[2022-06-17 13:27:21,514] {logging_mixin.py:115} INFO - [2022-06-17 13:27:21,514] {dag.py:2379} INFO - Sync 1 DAGs
[2022-06-17 13:27:21,534] {logging_mixin.py:115} INFO - [2022-06-17 13:27:21,534] {dag.py:2931} INFO - Setting next_dagrun for example_branch_dop_operator_v3 to 2022-06-17T20:26:00+00:00, run_after=2022-06-17T20:27:00+00:00
[2022-06-17 13:27:21,894] {processor.py:161} INFO - Processing /home/jarret/data-engineering-bootcamp/workspace/airflow-code-review/venv/lib/python3.7/site-packages/airflow/example_dags/example_branch_python_dop_operator_3.py took 0.414 seconds
[2022-06-17 13:28:21,160] {processor.py:153} INFO - Started process (PID=20247) to work on /home/jarret/data-engineering-bootcamp/workspace/airflow-code-review/venv/lib/python3.7/site-packages/airflow/example_dags/example_branch_python_dop_operator_3.py
[2022-06-17 13:28:21,161] {processor.py:641} INFO - Processing file /home/jarret/data-engineering-bootcamp/workspace/airflow-code-review/venv/lib/python3.7/site-packages/airflow/example_dags/example_branch_python_dop_operator_3.py for tasks to queue
[2022-06-17 13:28:21,161] {logging_mixin.py:115} INFO - [2022-06-17 13:28:21,161] {dagbag.py:507} INFO - Filling up the DagBag from /home/jarret/data-engineering-bootcamp/workspace/airflow-code-review/venv/lib/python3.7/site-packages/airflow/example_dags/example_branch_python_dop_operator_3.py
[2022-06-17 13:28:21,167] {processor.py:651} INFO - DAG(s) dict_keys(['example_branch_dop_operator_v3']) retrieved from /home/jarret/data-engineering-bootcamp/workspace/airflow-code-review/venv/lib/python3.7/site-packages/airflow/example_dags/example_branch_python_dop_operator_3.py
[2022-06-17 13:28:21,178] {logging_mixin.py:115} INFO - [2022-06-17 13:28:21,178] {dag.py:2379} INFO - Sync 1 DAGs
[2022-06-17 13:28:21,198] {logging_mixin.py:115} INFO - [2022-06-17 13:28:21,198] {dag.py:2931} INFO - Setting next_dagrun for example_branch_dop_operator_v3 to 2022-06-17T20:27:00+00:00, run_after=2022-06-17T20:28:00+00:00
[2022-06-17 13:28:21,323] {processor.py:161} INFO - Processing /home/jarret/data-engineering-bootcamp/workspace/airflow-code-review/venv/lib/python3.7/site-packages/airflow/example_dags/example_branch_python_dop_operator_3.py took 0.167 seconds
[2022-06-17 13:29:22,586] {processor.py:153} INFO - Started process (PID=20487) to work on /home/jarret/data-engineering-bootcamp/workspace/airflow-code-review/venv/lib/python3.7/site-packages/airflow/example_dags/example_branch_python_dop_operator_3.py
[2022-06-17 13:29:22,587] {processor.py:641} INFO - Processing file /home/jarret/data-engineering-bootcamp/workspace/airflow-code-review/venv/lib/python3.7/site-packages/airflow/example_dags/example_branch_python_dop_operator_3.py for tasks to queue
[2022-06-17 13:29:22,588] {logging_mixin.py:115} INFO - [2022-06-17 13:29:22,588] {dagbag.py:507} INFO - Filling up the DagBag from /home/jarret/data-engineering-bootcamp/workspace/airflow-code-review/venv/lib/python3.7/site-packages/airflow/example_dags/example_branch_python_dop_operator_3.py
[2022-06-17 13:29:22,601] {processor.py:651} INFO - DAG(s) dict_keys(['example_branch_dop_operator_v3']) retrieved from /home/jarret/data-engineering-bootcamp/workspace/airflow-code-review/venv/lib/python3.7/site-packages/airflow/example_dags/example_branch_python_dop_operator_3.py
[2022-06-17 13:29:22,612] {logging_mixin.py:115} INFO - [2022-06-17 13:29:22,611] {dag.py:2379} INFO - Sync 1 DAGs
[2022-06-17 13:29:22,632] {logging_mixin.py:115} INFO - [2022-06-17 13:29:22,632] {dag.py:2931} INFO - Setting next_dagrun for example_branch_dop_operator_v3 to 2022-06-17T20:28:00+00:00, run_after=2022-06-17T20:29:00+00:00
[2022-06-17 13:29:23,258] {processor.py:161} INFO - Processing /home/jarret/data-engineering-bootcamp/workspace/airflow-code-review/venv/lib/python3.7/site-packages/airflow/example_dags/example_branch_python_dop_operator_3.py took 0.674 seconds
[2022-06-17 13:30:17,363] {processor.py:153} INFO - Started process (PID=20574) to work on /home/jarret/data-engineering-bootcamp/workspace/airflow-code-review/venv/lib/python3.7/site-packages/airflow/example_dags/example_branch_python_dop_operator_3.py
[2022-06-17 13:30:17,372] {processor.py:641} INFO - Processing file /home/jarret/data-engineering-bootcamp/workspace/airflow-code-review/venv/lib/python3.7/site-packages/airflow/example_dags/example_branch_python_dop_operator_3.py for tasks to queue
[2022-06-17 13:30:17,373] {logging_mixin.py:115} INFO - [2022-06-17 13:30:17,372] {dagbag.py:507} INFO - Filling up the DagBag from /home/jarret/data-engineering-bootcamp/workspace/airflow-code-review/venv/lib/python3.7/site-packages/airflow/example_dags/example_branch_python_dop_operator_3.py
[2022-06-17 13:30:17,384] {processor.py:651} INFO - DAG(s) dict_keys(['example_branch_dop_operator_v3']) retrieved from /home/jarret/data-engineering-bootcamp/workspace/airflow-code-review/venv/lib/python3.7/site-packages/airflow/example_dags/example_branch_python_dop_operator_3.py
[2022-06-17 13:30:17,394] {logging_mixin.py:115} INFO - [2022-06-17 13:30:17,394] {dag.py:2379} INFO - Sync 1 DAGs
[2022-06-17 13:30:17,415] {logging_mixin.py:115} INFO - [2022-06-17 13:30:17,415] {dag.py:2931} INFO - Setting next_dagrun for example_branch_dop_operator_v3 to 2022-06-17T20:29:00+00:00, run_after=2022-06-17T20:30:00+00:00
[2022-06-17 13:30:17,554] {processor.py:161} INFO - Processing /home/jarret/data-engineering-bootcamp/workspace/airflow-code-review/venv/lib/python3.7/site-packages/airflow/example_dags/example_branch_python_dop_operator_3.py took 0.195 seconds
[2022-06-17 13:31:21,284] {processor.py:153} INFO - Started process (PID=20780) to work on /home/jarret/data-engineering-bootcamp/workspace/airflow-code-review/venv/lib/python3.7/site-packages/airflow/example_dags/example_branch_python_dop_operator_3.py
[2022-06-17 13:31:21,288] {processor.py:641} INFO - Processing file /home/jarret/data-engineering-bootcamp/workspace/airflow-code-review/venv/lib/python3.7/site-packages/airflow/example_dags/example_branch_python_dop_operator_3.py for tasks to queue
[2022-06-17 13:31:21,288] {logging_mixin.py:115} INFO - [2022-06-17 13:31:21,288] {dagbag.py:507} INFO - Filling up the DagBag from /home/jarret/data-engineering-bootcamp/workspace/airflow-code-review/venv/lib/python3.7/site-packages/airflow/example_dags/example_branch_python_dop_operator_3.py
[2022-06-17 13:31:21,299] {processor.py:651} INFO - DAG(s) dict_keys(['example_branch_dop_operator_v3']) retrieved from /home/jarret/data-engineering-bootcamp/workspace/airflow-code-review/venv/lib/python3.7/site-packages/airflow/example_dags/example_branch_python_dop_operator_3.py
[2022-06-17 13:31:21,310] {logging_mixin.py:115} INFO - [2022-06-17 13:31:21,310] {dag.py:2379} INFO - Sync 1 DAGs
[2022-06-17 13:31:21,331] {logging_mixin.py:115} INFO - [2022-06-17 13:31:21,331] {dag.py:2931} INFO - Setting next_dagrun for example_branch_dop_operator_v3 to 2022-06-17T20:30:00+00:00, run_after=2022-06-17T20:31:00+00:00
[2022-06-17 13:31:21,462] {processor.py:161} INFO - Processing /home/jarret/data-engineering-bootcamp/workspace/airflow-code-review/venv/lib/python3.7/site-packages/airflow/example_dags/example_branch_python_dop_operator_3.py took 0.181 seconds
[2022-06-17 13:32:15,517] {processor.py:153} INFO - Started process (PID=21654) to work on /home/jarret/data-engineering-bootcamp/workspace/airflow-code-review/venv/lib/python3.7/site-packages/airflow/example_dags/example_branch_python_dop_operator_3.py
[2022-06-17 13:32:15,524] {processor.py:641} INFO - Processing file /home/jarret/data-engineering-bootcamp/workspace/airflow-code-review/venv/lib/python3.7/site-packages/airflow/example_dags/example_branch_python_dop_operator_3.py for tasks to queue
[2022-06-17 13:32:15,524] {logging_mixin.py:115} INFO - [2022-06-17 13:32:15,524] {dagbag.py:507} INFO - Filling up the DagBag from /home/jarret/data-engineering-bootcamp/workspace/airflow-code-review/venv/lib/python3.7/site-packages/airflow/example_dags/example_branch_python_dop_operator_3.py
[2022-06-17 13:32:15,531] {processor.py:651} INFO - DAG(s) dict_keys(['example_branch_dop_operator_v3']) retrieved from /home/jarret/data-engineering-bootcamp/workspace/airflow-code-review/venv/lib/python3.7/site-packages/airflow/example_dags/example_branch_python_dop_operator_3.py
[2022-06-17 13:32:15,541] {logging_mixin.py:115} INFO - [2022-06-17 13:32:15,541] {dag.py:2379} INFO - Sync 1 DAGs
[2022-06-17 13:32:15,563] {logging_mixin.py:115} INFO - [2022-06-17 13:32:15,563] {dag.py:2931} INFO - Setting next_dagrun for example_branch_dop_operator_v3 to 2022-06-17T20:31:00+00:00, run_after=2022-06-17T20:32:00+00:00
[2022-06-17 13:32:15,714] {processor.py:161} INFO - Processing /home/jarret/data-engineering-bootcamp/workspace/airflow-code-review/venv/lib/python3.7/site-packages/airflow/example_dags/example_branch_python_dop_operator_3.py took 0.202 seconds
[2022-06-17 13:33:23,226] {processor.py:153} INFO - Started process (PID=22321) to work on /home/jarret/data-engineering-bootcamp/workspace/airflow-code-review/venv/lib/python3.7/site-packages/airflow/example_dags/example_branch_python_dop_operator_3.py
[2022-06-17 13:33:23,227] {processor.py:641} INFO - Processing file /home/jarret/data-engineering-bootcamp/workspace/airflow-code-review/venv/lib/python3.7/site-packages/airflow/example_dags/example_branch_python_dop_operator_3.py for tasks to queue
[2022-06-17 13:33:23,228] {logging_mixin.py:115} INFO - [2022-06-17 13:33:23,227] {dagbag.py:507} INFO - Filling up the DagBag from /home/jarret/data-engineering-bootcamp/workspace/airflow-code-review/venv/lib/python3.7/site-packages/airflow/example_dags/example_branch_python_dop_operator_3.py
[2022-06-17 13:33:23,240] {processor.py:651} INFO - DAG(s) dict_keys(['example_branch_dop_operator_v3']) retrieved from /home/jarret/data-engineering-bootcamp/workspace/airflow-code-review/venv/lib/python3.7/site-packages/airflow/example_dags/example_branch_python_dop_operator_3.py
[2022-06-17 13:33:23,254] {logging_mixin.py:115} INFO - [2022-06-17 13:33:23,254] {dag.py:2379} INFO - Sync 1 DAGs
[2022-06-17 13:33:23,274] {logging_mixin.py:115} INFO - [2022-06-17 13:33:23,274] {dag.py:2931} INFO - Setting next_dagrun for example_branch_dop_operator_v3 to 2022-06-17T20:32:00+00:00, run_after=2022-06-17T20:33:00+00:00
[2022-06-17 13:33:23,708] {processor.py:161} INFO - Processing /home/jarret/data-engineering-bootcamp/workspace/airflow-code-review/venv/lib/python3.7/site-packages/airflow/example_dags/example_branch_python_dop_operator_3.py took 0.486 seconds
[2022-06-17 13:34:14,255] {processor.py:153} INFO - Started process (PID=23066) to work on /home/jarret/data-engineering-bootcamp/workspace/airflow-code-review/venv/lib/python3.7/site-packages/airflow/example_dags/example_branch_python_dop_operator_3.py
[2022-06-17 13:34:14,256] {processor.py:641} INFO - Processing file /home/jarret/data-engineering-bootcamp/workspace/airflow-code-review/venv/lib/python3.7/site-packages/airflow/example_dags/example_branch_python_dop_operator_3.py for tasks to queue
[2022-06-17 13:34:14,257] {logging_mixin.py:115} INFO - [2022-06-17 13:34:14,256] {dagbag.py:507} INFO - Filling up the DagBag from /home/jarret/data-engineering-bootcamp/workspace/airflow-code-review/venv/lib/python3.7/site-packages/airflow/example_dags/example_branch_python_dop_operator_3.py
[2022-06-17 13:34:14,266] {processor.py:651} INFO - DAG(s) dict_keys(['example_branch_dop_operator_v3']) retrieved from /home/jarret/data-engineering-bootcamp/workspace/airflow-code-review/venv/lib/python3.7/site-packages/airflow/example_dags/example_branch_python_dop_operator_3.py
[2022-06-17 13:34:14,276] {logging_mixin.py:115} INFO - [2022-06-17 13:34:14,276] {dag.py:2379} INFO - Sync 1 DAGs
[2022-06-17 13:34:14,297] {logging_mixin.py:115} INFO - [2022-06-17 13:34:14,297] {dag.py:2931} INFO - Setting next_dagrun for example_branch_dop_operator_v3 to 2022-06-17T20:33:00+00:00, run_after=2022-06-17T20:34:00+00:00
[2022-06-17 13:34:14,422] {processor.py:161} INFO - Processing /home/jarret/data-engineering-bootcamp/workspace/airflow-code-review/venv/lib/python3.7/site-packages/airflow/example_dags/example_branch_python_dop_operator_3.py took 0.171 seconds
