[2022-06-17 12:37:09,967] {processor.py:153} INFO - Started process (PID=15718) to work on /home/jarret/data-engineering-bootcamp/workspace/airflow-code-review/venv/lib/python3.7/site-packages/airflow/example_dags/example_python_operator.py
[2022-06-17 12:37:09,967] {processor.py:641} INFO - Processing file /home/jarret/data-engineering-bootcamp/workspace/airflow-code-review/venv/lib/python3.7/site-packages/airflow/example_dags/example_python_operator.py for tasks to queue
[2022-06-17 12:37:09,968] {logging_mixin.py:115} INFO - [2022-06-17 12:37:09,968] {dagbag.py:507} INFO - Filling up the DagBag from /home/jarret/data-engineering-bootcamp/workspace/airflow-code-review/venv/lib/python3.7/site-packages/airflow/example_dags/example_python_operator.py
[2022-06-17 12:37:09,983] {processor.py:651} INFO - DAG(s) dict_keys(['example_python_operator']) retrieved from /home/jarret/data-engineering-bootcamp/workspace/airflow-code-review/venv/lib/python3.7/site-packages/airflow/example_dags/example_python_operator.py
[2022-06-17 12:37:10,706] {logging_mixin.py:115} INFO - [2022-06-17 12:37:10,706] {manager.py:508} INFO - Created Permission View: can read on DAG:example_python_operator
[2022-06-17 12:37:10,864] {logging_mixin.py:115} INFO - [2022-06-17 12:37:10,864] {manager.py:508} INFO - Created Permission View: can delete on DAG:example_python_operator
[2022-06-17 12:37:10,997] {logging_mixin.py:115} INFO - [2022-06-17 12:37:10,997] {manager.py:508} INFO - Created Permission View: can edit on DAG:example_python_operator
[2022-06-17 12:37:10,998] {logging_mixin.py:115} INFO - [2022-06-17 12:37:10,998] {dag.py:2379} INFO - Sync 1 DAGs
[2022-06-17 12:37:11,011] {logging_mixin.py:115} INFO - [2022-06-17 12:37:11,011] {dag.py:2398} INFO - Creating ORM DAG for example_python_operator
[2022-06-17 12:37:11,019] {logging_mixin.py:115} INFO - [2022-06-17 12:37:11,019] {dag.py:2931} INFO - Setting next_dagrun for example_python_operator to None, run_after=None
[2022-06-17 12:37:11,177] {processor.py:161} INFO - Processing /home/jarret/data-engineering-bootcamp/workspace/airflow-code-review/venv/lib/python3.7/site-packages/airflow/example_dags/example_python_operator.py took 1.213 seconds
[2022-06-17 12:38:18,118] {processor.py:153} INFO - Started process (PID=15776) to work on /home/jarret/data-engineering-bootcamp/workspace/airflow-code-review/venv/lib/python3.7/site-packages/airflow/example_dags/example_python_operator.py
[2022-06-17 12:38:18,139] {processor.py:641} INFO - Processing file /home/jarret/data-engineering-bootcamp/workspace/airflow-code-review/venv/lib/python3.7/site-packages/airflow/example_dags/example_python_operator.py for tasks to queue
[2022-06-17 12:38:18,139] {logging_mixin.py:115} INFO - [2022-06-17 12:38:18,139] {dagbag.py:507} INFO - Filling up the DagBag from /home/jarret/data-engineering-bootcamp/workspace/airflow-code-review/venv/lib/python3.7/site-packages/airflow/example_dags/example_python_operator.py
[2022-06-17 12:38:18,152] {processor.py:651} INFO - DAG(s) dict_keys(['example_python_operator']) retrieved from /home/jarret/data-engineering-bootcamp/workspace/airflow-code-review/venv/lib/python3.7/site-packages/airflow/example_dags/example_python_operator.py
[2022-06-17 12:38:18,164] {logging_mixin.py:115} INFO - [2022-06-17 12:38:18,164] {dag.py:2379} INFO - Sync 1 DAGs
[2022-06-17 12:38:18,187] {logging_mixin.py:115} INFO - [2022-06-17 12:38:18,187] {dag.py:2931} INFO - Setting next_dagrun for example_python_operator to None, run_after=None
[2022-06-17 12:38:19,238] {processor.py:161} INFO - Processing /home/jarret/data-engineering-bootcamp/workspace/airflow-code-review/venv/lib/python3.7/site-packages/airflow/example_dags/example_python_operator.py took 1.122 seconds
[2022-06-17 12:39:17,056] {processor.py:153} INFO - Started process (PID=15827) to work on /home/jarret/data-engineering-bootcamp/workspace/airflow-code-review/venv/lib/python3.7/site-packages/airflow/example_dags/example_python_operator.py
[2022-06-17 12:39:17,057] {processor.py:641} INFO - Processing file /home/jarret/data-engineering-bootcamp/workspace/airflow-code-review/venv/lib/python3.7/site-packages/airflow/example_dags/example_python_operator.py for tasks to queue
[2022-06-17 12:39:17,057] {logging_mixin.py:115} INFO - [2022-06-17 12:39:17,057] {dagbag.py:507} INFO - Filling up the DagBag from /home/jarret/data-engineering-bootcamp/workspace/airflow-code-review/venv/lib/python3.7/site-packages/airflow/example_dags/example_python_operator.py
[2022-06-17 12:39:17,069] {processor.py:651} INFO - DAG(s) dict_keys(['example_python_operator']) retrieved from /home/jarret/data-engineering-bootcamp/workspace/airflow-code-review/venv/lib/python3.7/site-packages/airflow/example_dags/example_python_operator.py
[2022-06-17 12:39:17,079] {logging_mixin.py:115} INFO - [2022-06-17 12:39:17,079] {dag.py:2379} INFO - Sync 1 DAGs
[2022-06-17 12:39:17,094] {logging_mixin.py:115} INFO - [2022-06-17 12:39:17,094] {dag.py:2931} INFO - Setting next_dagrun for example_python_operator to None, run_after=None
[2022-06-17 12:39:17,819] {processor.py:161} INFO - Processing /home/jarret/data-engineering-bootcamp/workspace/airflow-code-review/venv/lib/python3.7/site-packages/airflow/example_dags/example_python_operator.py took 0.764 seconds
[2022-06-17 12:40:22,327] {processor.py:153} INFO - Started process (PID=15880) to work on /home/jarret/data-engineering-bootcamp/workspace/airflow-code-review/venv/lib/python3.7/site-packages/airflow/example_dags/example_python_operator.py
[2022-06-17 12:40:22,328] {processor.py:641} INFO - Processing file /home/jarret/data-engineering-bootcamp/workspace/airflow-code-review/venv/lib/python3.7/site-packages/airflow/example_dags/example_python_operator.py for tasks to queue
[2022-06-17 12:40:22,329] {logging_mixin.py:115} INFO - [2022-06-17 12:40:22,329] {dagbag.py:507} INFO - Filling up the DagBag from /home/jarret/data-engineering-bootcamp/workspace/airflow-code-review/venv/lib/python3.7/site-packages/airflow/example_dags/example_python_operator.py
[2022-06-17 12:40:22,343] {processor.py:651} INFO - DAG(s) dict_keys(['example_python_operator']) retrieved from /home/jarret/data-engineering-bootcamp/workspace/airflow-code-review/venv/lib/python3.7/site-packages/airflow/example_dags/example_python_operator.py
[2022-06-17 12:40:22,354] {logging_mixin.py:115} INFO - [2022-06-17 12:40:22,354] {dag.py:2379} INFO - Sync 1 DAGs
[2022-06-17 12:40:22,369] {logging_mixin.py:115} INFO - [2022-06-17 12:40:22,369] {dag.py:2931} INFO - Setting next_dagrun for example_python_operator to None, run_after=None
[2022-06-17 12:40:22,771] {processor.py:161} INFO - Processing /home/jarret/data-engineering-bootcamp/workspace/airflow-code-review/venv/lib/python3.7/site-packages/airflow/example_dags/example_python_operator.py took 0.448 seconds
[2022-06-17 12:41:22,493] {processor.py:153} INFO - Started process (PID=15975) to work on /home/jarret/data-engineering-bootcamp/workspace/airflow-code-review/venv/lib/python3.7/site-packages/airflow/example_dags/example_python_operator.py
[2022-06-17 12:41:22,504] {processor.py:641} INFO - Processing file /home/jarret/data-engineering-bootcamp/workspace/airflow-code-review/venv/lib/python3.7/site-packages/airflow/example_dags/example_python_operator.py for tasks to queue
[2022-06-17 12:41:22,505] {logging_mixin.py:115} INFO - [2022-06-17 12:41:22,505] {dagbag.py:507} INFO - Filling up the DagBag from /home/jarret/data-engineering-bootcamp/workspace/airflow-code-review/venv/lib/python3.7/site-packages/airflow/example_dags/example_python_operator.py
[2022-06-17 12:41:22,517] {processor.py:651} INFO - DAG(s) dict_keys(['example_python_operator']) retrieved from /home/jarret/data-engineering-bootcamp/workspace/airflow-code-review/venv/lib/python3.7/site-packages/airflow/example_dags/example_python_operator.py
[2022-06-17 12:41:22,529] {logging_mixin.py:115} INFO - [2022-06-17 12:41:22,529] {dag.py:2379} INFO - Sync 1 DAGs
[2022-06-17 12:41:22,544] {logging_mixin.py:115} INFO - [2022-06-17 12:41:22,544] {dag.py:2931} INFO - Setting next_dagrun for example_python_operator to None, run_after=None
[2022-06-17 12:41:22,692] {processor.py:161} INFO - Processing /home/jarret/data-engineering-bootcamp/workspace/airflow-code-review/venv/lib/python3.7/site-packages/airflow/example_dags/example_python_operator.py took 0.202 seconds
[2022-06-17 12:42:15,402] {processor.py:153} INFO - Started process (PID=16021) to work on /home/jarret/data-engineering-bootcamp/workspace/airflow-code-review/venv/lib/python3.7/site-packages/airflow/example_dags/example_python_operator.py
[2022-06-17 12:42:15,411] {processor.py:641} INFO - Processing file /home/jarret/data-engineering-bootcamp/workspace/airflow-code-review/venv/lib/python3.7/site-packages/airflow/example_dags/example_python_operator.py for tasks to queue
[2022-06-17 12:42:15,411] {logging_mixin.py:115} INFO - [2022-06-17 12:42:15,411] {dagbag.py:507} INFO - Filling up the DagBag from /home/jarret/data-engineering-bootcamp/workspace/airflow-code-review/venv/lib/python3.7/site-packages/airflow/example_dags/example_python_operator.py
[2022-06-17 12:42:15,423] {processor.py:651} INFO - DAG(s) dict_keys(['example_python_operator']) retrieved from /home/jarret/data-engineering-bootcamp/workspace/airflow-code-review/venv/lib/python3.7/site-packages/airflow/example_dags/example_python_operator.py
[2022-06-17 12:42:15,434] {logging_mixin.py:115} INFO - [2022-06-17 12:42:15,434] {dag.py:2379} INFO - Sync 1 DAGs
[2022-06-17 12:42:15,449] {logging_mixin.py:115} INFO - [2022-06-17 12:42:15,448] {dag.py:2931} INFO - Setting next_dagrun for example_python_operator to None, run_after=None
[2022-06-17 12:42:16,676] {processor.py:161} INFO - Processing /home/jarret/data-engineering-bootcamp/workspace/airflow-code-review/venv/lib/python3.7/site-packages/airflow/example_dags/example_python_operator.py took 1.278 seconds
[2022-06-17 12:43:45,617] {processor.py:153} INFO - Started process (PID=16181) to work on /home/jarret/data-engineering-bootcamp/workspace/airflow-code-review/venv/lib/python3.7/site-packages/airflow/example_dags/example_python_operator.py
[2022-06-17 12:43:45,617] {processor.py:641} INFO - Processing file /home/jarret/data-engineering-bootcamp/workspace/airflow-code-review/venv/lib/python3.7/site-packages/airflow/example_dags/example_python_operator.py for tasks to queue
[2022-06-17 12:43:45,618] {logging_mixin.py:115} INFO - [2022-06-17 12:43:45,618] {dagbag.py:507} INFO - Filling up the DagBag from /home/jarret/data-engineering-bootcamp/workspace/airflow-code-review/venv/lib/python3.7/site-packages/airflow/example_dags/example_python_operator.py
[2022-06-17 12:43:45,629] {processor.py:651} INFO - DAG(s) dict_keys(['example_python_operator']) retrieved from /home/jarret/data-engineering-bootcamp/workspace/airflow-code-review/venv/lib/python3.7/site-packages/airflow/example_dags/example_python_operator.py
[2022-06-17 12:43:45,641] {logging_mixin.py:115} INFO - [2022-06-17 12:43:45,640] {dag.py:2379} INFO - Sync 1 DAGs
[2022-06-17 12:43:45,655] {logging_mixin.py:115} INFO - [2022-06-17 12:43:45,655] {dag.py:2931} INFO - Setting next_dagrun for example_python_operator to None, run_after=None
[2022-06-17 12:43:46,903] {processor.py:161} INFO - Processing /home/jarret/data-engineering-bootcamp/workspace/airflow-code-review/venv/lib/python3.7/site-packages/airflow/example_dags/example_python_operator.py took 1.288 seconds
[2022-06-17 12:44:50,743] {processor.py:153} INFO - Started process (PID=16272) to work on /home/jarret/data-engineering-bootcamp/workspace/airflow-code-review/venv/lib/python3.7/site-packages/airflow/example_dags/example_python_operator.py
[2022-06-17 12:44:50,770] {processor.py:641} INFO - Processing file /home/jarret/data-engineering-bootcamp/workspace/airflow-code-review/venv/lib/python3.7/site-packages/airflow/example_dags/example_python_operator.py for tasks to queue
[2022-06-17 12:44:50,770] {logging_mixin.py:115} INFO - [2022-06-17 12:44:50,770] {dagbag.py:507} INFO - Filling up the DagBag from /home/jarret/data-engineering-bootcamp/workspace/airflow-code-review/venv/lib/python3.7/site-packages/airflow/example_dags/example_python_operator.py
[2022-06-17 12:44:50,784] {processor.py:651} INFO - DAG(s) dict_keys(['example_python_operator']) retrieved from /home/jarret/data-engineering-bootcamp/workspace/airflow-code-review/venv/lib/python3.7/site-packages/airflow/example_dags/example_python_operator.py
[2022-06-17 12:44:50,796] {logging_mixin.py:115} INFO - [2022-06-17 12:44:50,796] {dag.py:2379} INFO - Sync 1 DAGs
[2022-06-17 12:44:50,811] {logging_mixin.py:115} INFO - [2022-06-17 12:44:50,811] {dag.py:2931} INFO - Setting next_dagrun for example_python_operator to None, run_after=None
[2022-06-17 12:44:52,016] {processor.py:161} INFO - Processing /home/jarret/data-engineering-bootcamp/workspace/airflow-code-review/venv/lib/python3.7/site-packages/airflow/example_dags/example_python_operator.py took 1.276 seconds
[2022-06-17 12:45:54,953] {processor.py:153} INFO - Started process (PID=16394) to work on /home/jarret/data-engineering-bootcamp/workspace/airflow-code-review/venv/lib/python3.7/site-packages/airflow/example_dags/example_python_operator.py
[2022-06-17 12:45:54,954] {processor.py:641} INFO - Processing file /home/jarret/data-engineering-bootcamp/workspace/airflow-code-review/venv/lib/python3.7/site-packages/airflow/example_dags/example_python_operator.py for tasks to queue
[2022-06-17 12:45:54,955] {logging_mixin.py:115} INFO - [2022-06-17 12:45:54,955] {dagbag.py:507} INFO - Filling up the DagBag from /home/jarret/data-engineering-bootcamp/workspace/airflow-code-review/venv/lib/python3.7/site-packages/airflow/example_dags/example_python_operator.py
[2022-06-17 12:45:54,970] {processor.py:651} INFO - DAG(s) dict_keys(['example_python_operator']) retrieved from /home/jarret/data-engineering-bootcamp/workspace/airflow-code-review/venv/lib/python3.7/site-packages/airflow/example_dags/example_python_operator.py
[2022-06-17 12:45:54,981] {logging_mixin.py:115} INFO - [2022-06-17 12:45:54,981] {dag.py:2379} INFO - Sync 1 DAGs
[2022-06-17 12:45:54,996] {logging_mixin.py:115} INFO - [2022-06-17 12:45:54,996] {dag.py:2931} INFO - Setting next_dagrun for example_python_operator to None, run_after=None
[2022-06-17 12:45:55,659] {processor.py:161} INFO - Processing /home/jarret/data-engineering-bootcamp/workspace/airflow-code-review/venv/lib/python3.7/site-packages/airflow/example_dags/example_python_operator.py took 0.709 seconds
[2022-06-17 12:47:06,727] {processor.py:153} INFO - Started process (PID=16488) to work on /home/jarret/data-engineering-bootcamp/workspace/airflow-code-review/venv/lib/python3.7/site-packages/airflow/example_dags/example_python_operator.py
[2022-06-17 12:47:06,801] {processor.py:641} INFO - Processing file /home/jarret/data-engineering-bootcamp/workspace/airflow-code-review/venv/lib/python3.7/site-packages/airflow/example_dags/example_python_operator.py for tasks to queue
[2022-06-17 12:47:06,802] {logging_mixin.py:115} INFO - [2022-06-17 12:47:06,802] {dagbag.py:507} INFO - Filling up the DagBag from /home/jarret/data-engineering-bootcamp/workspace/airflow-code-review/venv/lib/python3.7/site-packages/airflow/example_dags/example_python_operator.py
[2022-06-17 12:47:06,818] {processor.py:651} INFO - DAG(s) dict_keys(['example_python_operator']) retrieved from /home/jarret/data-engineering-bootcamp/workspace/airflow-code-review/venv/lib/python3.7/site-packages/airflow/example_dags/example_python_operator.py
[2022-06-17 12:47:06,830] {logging_mixin.py:115} INFO - [2022-06-17 12:47:06,830] {dag.py:2379} INFO - Sync 1 DAGs
[2022-06-17 12:47:06,845] {logging_mixin.py:115} INFO - [2022-06-17 12:47:06,845] {dag.py:2931} INFO - Setting next_dagrun for example_python_operator to None, run_after=None
[2022-06-17 12:47:08,398] {processor.py:161} INFO - Processing /home/jarret/data-engineering-bootcamp/workspace/airflow-code-review/venv/lib/python3.7/site-packages/airflow/example_dags/example_python_operator.py took 1.674 seconds
[2022-06-17 12:48:11,187] {processor.py:153} INFO - Started process (PID=16531) to work on /home/jarret/data-engineering-bootcamp/workspace/airflow-code-review/venv/lib/python3.7/site-packages/airflow/example_dags/example_python_operator.py
[2022-06-17 12:48:11,214] {processor.py:641} INFO - Processing file /home/jarret/data-engineering-bootcamp/workspace/airflow-code-review/venv/lib/python3.7/site-packages/airflow/example_dags/example_python_operator.py for tasks to queue
[2022-06-17 12:48:11,215] {logging_mixin.py:115} INFO - [2022-06-17 12:48:11,215] {dagbag.py:507} INFO - Filling up the DagBag from /home/jarret/data-engineering-bootcamp/workspace/airflow-code-review/venv/lib/python3.7/site-packages/airflow/example_dags/example_python_operator.py
[2022-06-17 12:48:11,231] {processor.py:651} INFO - DAG(s) dict_keys(['example_python_operator']) retrieved from /home/jarret/data-engineering-bootcamp/workspace/airflow-code-review/venv/lib/python3.7/site-packages/airflow/example_dags/example_python_operator.py
[2022-06-17 12:48:11,243] {logging_mixin.py:115} INFO - [2022-06-17 12:48:11,242] {dag.py:2379} INFO - Sync 1 DAGs
[2022-06-17 12:48:11,258] {logging_mixin.py:115} INFO - [2022-06-17 12:48:11,258] {dag.py:2931} INFO - Setting next_dagrun for example_python_operator to None, run_after=None
[2022-06-17 12:48:12,299] {processor.py:161} INFO - Processing /home/jarret/data-engineering-bootcamp/workspace/airflow-code-review/venv/lib/python3.7/site-packages/airflow/example_dags/example_python_operator.py took 1.116 seconds
[2022-06-17 12:49:31,456] {processor.py:153} INFO - Started process (PID=16644) to work on /home/jarret/data-engineering-bootcamp/workspace/airflow-code-review/venv/lib/python3.7/site-packages/airflow/example_dags/example_python_operator.py
[2022-06-17 12:49:32,554] {processor.py:641} INFO - Processing file /home/jarret/data-engineering-bootcamp/workspace/airflow-code-review/venv/lib/python3.7/site-packages/airflow/example_dags/example_python_operator.py for tasks to queue
[2022-06-17 12:49:32,555] {logging_mixin.py:115} INFO - [2022-06-17 12:49:32,555] {dagbag.py:507} INFO - Filling up the DagBag from /home/jarret/data-engineering-bootcamp/workspace/airflow-code-review/venv/lib/python3.7/site-packages/airflow/example_dags/example_python_operator.py
[2022-06-17 12:49:32,567] {processor.py:651} INFO - DAG(s) dict_keys(['example_python_operator']) retrieved from /home/jarret/data-engineering-bootcamp/workspace/airflow-code-review/venv/lib/python3.7/site-packages/airflow/example_dags/example_python_operator.py
[2022-06-17 12:49:32,578] {logging_mixin.py:115} INFO - [2022-06-17 12:49:32,578] {dag.py:2379} INFO - Sync 1 DAGs
[2022-06-17 12:49:32,592] {logging_mixin.py:115} INFO - [2022-06-17 12:49:32,592] {dag.py:2931} INFO - Setting next_dagrun for example_python_operator to None, run_after=None
[2022-06-17 12:49:32,717] {processor.py:161} INFO - Processing /home/jarret/data-engineering-bootcamp/workspace/airflow-code-review/venv/lib/python3.7/site-packages/airflow/example_dags/example_python_operator.py took 1.263 seconds
[2022-06-17 12:50:32,437] {processor.py:153} INFO - Started process (PID=16744) to work on /home/jarret/data-engineering-bootcamp/workspace/airflow-code-review/venv/lib/python3.7/site-packages/airflow/example_dags/example_python_operator.py
[2022-06-17 12:50:32,446] {processor.py:641} INFO - Processing file /home/jarret/data-engineering-bootcamp/workspace/airflow-code-review/venv/lib/python3.7/site-packages/airflow/example_dags/example_python_operator.py for tasks to queue
[2022-06-17 12:50:32,446] {logging_mixin.py:115} INFO - [2022-06-17 12:50:32,446] {dagbag.py:507} INFO - Filling up the DagBag from /home/jarret/data-engineering-bootcamp/workspace/airflow-code-review/venv/lib/python3.7/site-packages/airflow/example_dags/example_python_operator.py
[2022-06-17 12:50:32,458] {processor.py:651} INFO - DAG(s) dict_keys(['example_python_operator']) retrieved from /home/jarret/data-engineering-bootcamp/workspace/airflow-code-review/venv/lib/python3.7/site-packages/airflow/example_dags/example_python_operator.py
[2022-06-17 12:50:32,469] {logging_mixin.py:115} INFO - [2022-06-17 12:50:32,469] {dag.py:2379} INFO - Sync 1 DAGs
[2022-06-17 12:50:32,483] {logging_mixin.py:115} INFO - [2022-06-17 12:50:32,483] {dag.py:2931} INFO - Setting next_dagrun for example_python_operator to None, run_after=None
[2022-06-17 12:50:33,402] {processor.py:161} INFO - Processing /home/jarret/data-engineering-bootcamp/workspace/airflow-code-review/venv/lib/python3.7/site-packages/airflow/example_dags/example_python_operator.py took 0.968 seconds
[2022-06-17 12:51:37,464] {processor.py:153} INFO - Started process (PID=16859) to work on /home/jarret/data-engineering-bootcamp/workspace/airflow-code-review/venv/lib/python3.7/site-packages/airflow/example_dags/example_python_operator.py
[2022-06-17 12:51:37,489] {processor.py:641} INFO - Processing file /home/jarret/data-engineering-bootcamp/workspace/airflow-code-review/venv/lib/python3.7/site-packages/airflow/example_dags/example_python_operator.py for tasks to queue
[2022-06-17 12:51:37,490] {logging_mixin.py:115} INFO - [2022-06-17 12:51:37,490] {dagbag.py:507} INFO - Filling up the DagBag from /home/jarret/data-engineering-bootcamp/workspace/airflow-code-review/venv/lib/python3.7/site-packages/airflow/example_dags/example_python_operator.py
[2022-06-17 12:51:37,509] {processor.py:651} INFO - DAG(s) dict_keys(['example_python_operator']) retrieved from /home/jarret/data-engineering-bootcamp/workspace/airflow-code-review/venv/lib/python3.7/site-packages/airflow/example_dags/example_python_operator.py
[2022-06-17 12:51:37,520] {logging_mixin.py:115} INFO - [2022-06-17 12:51:37,520] {dag.py:2379} INFO - Sync 1 DAGs
[2022-06-17 12:51:37,536] {logging_mixin.py:115} INFO - [2022-06-17 12:51:37,536] {dag.py:2931} INFO - Setting next_dagrun for example_python_operator to None, run_after=None
[2022-06-17 12:51:38,628] {processor.py:161} INFO - Processing /home/jarret/data-engineering-bootcamp/workspace/airflow-code-review/venv/lib/python3.7/site-packages/airflow/example_dags/example_python_operator.py took 1.167 seconds
[2022-06-17 12:52:39,412] {processor.py:153} INFO - Started process (PID=16953) to work on /home/jarret/data-engineering-bootcamp/workspace/airflow-code-review/venv/lib/python3.7/site-packages/airflow/example_dags/example_python_operator.py
[2022-06-17 12:52:39,559] {processor.py:641} INFO - Processing file /home/jarret/data-engineering-bootcamp/workspace/airflow-code-review/venv/lib/python3.7/site-packages/airflow/example_dags/example_python_operator.py for tasks to queue
[2022-06-17 12:52:39,559] {logging_mixin.py:115} INFO - [2022-06-17 12:52:39,559] {dagbag.py:507} INFO - Filling up the DagBag from /home/jarret/data-engineering-bootcamp/workspace/airflow-code-review/venv/lib/python3.7/site-packages/airflow/example_dags/example_python_operator.py
[2022-06-17 12:52:39,580] {processor.py:651} INFO - DAG(s) dict_keys(['example_python_operator']) retrieved from /home/jarret/data-engineering-bootcamp/workspace/airflow-code-review/venv/lib/python3.7/site-packages/airflow/example_dags/example_python_operator.py
[2022-06-17 12:52:39,591] {logging_mixin.py:115} INFO - [2022-06-17 12:52:39,591] {dag.py:2379} INFO - Sync 1 DAGs
[2022-06-17 12:52:39,608] {logging_mixin.py:115} INFO - [2022-06-17 12:52:39,608] {dag.py:2931} INFO - Setting next_dagrun for example_python_operator to None, run_after=None
[2022-06-17 12:52:40,648] {processor.py:161} INFO - Processing /home/jarret/data-engineering-bootcamp/workspace/airflow-code-review/venv/lib/python3.7/site-packages/airflow/example_dags/example_python_operator.py took 1.239 seconds
[2022-06-17 12:53:44,704] {processor.py:153} INFO - Started process (PID=17011) to work on /home/jarret/data-engineering-bootcamp/workspace/airflow-code-review/venv/lib/python3.7/site-packages/airflow/example_dags/example_python_operator.py
[2022-06-17 12:53:44,705] {processor.py:641} INFO - Processing file /home/jarret/data-engineering-bootcamp/workspace/airflow-code-review/venv/lib/python3.7/site-packages/airflow/example_dags/example_python_operator.py for tasks to queue
[2022-06-17 12:53:44,705] {logging_mixin.py:115} INFO - [2022-06-17 12:53:44,705] {dagbag.py:507} INFO - Filling up the DagBag from /home/jarret/data-engineering-bootcamp/workspace/airflow-code-review/venv/lib/python3.7/site-packages/airflow/example_dags/example_python_operator.py
[2022-06-17 12:53:44,717] {processor.py:651} INFO - DAG(s) dict_keys(['example_python_operator']) retrieved from /home/jarret/data-engineering-bootcamp/workspace/airflow-code-review/venv/lib/python3.7/site-packages/airflow/example_dags/example_python_operator.py
[2022-06-17 12:53:44,728] {logging_mixin.py:115} INFO - [2022-06-17 12:53:44,728] {dag.py:2379} INFO - Sync 1 DAGs
[2022-06-17 12:53:44,746] {logging_mixin.py:115} INFO - [2022-06-17 12:53:44,745] {dag.py:2931} INFO - Setting next_dagrun for example_python_operator to None, run_after=None
[2022-06-17 12:53:45,846] {processor.py:161} INFO - Processing /home/jarret/data-engineering-bootcamp/workspace/airflow-code-review/venv/lib/python3.7/site-packages/airflow/example_dags/example_python_operator.py took 1.145 seconds
[2022-06-17 12:54:55,727] {processor.py:153} INFO - Started process (PID=17081) to work on /home/jarret/data-engineering-bootcamp/workspace/airflow-code-review/venv/lib/python3.7/site-packages/airflow/example_dags/example_python_operator.py
[2022-06-17 12:54:55,728] {processor.py:641} INFO - Processing file /home/jarret/data-engineering-bootcamp/workspace/airflow-code-review/venv/lib/python3.7/site-packages/airflow/example_dags/example_python_operator.py for tasks to queue
[2022-06-17 12:54:55,729] {logging_mixin.py:115} INFO - [2022-06-17 12:54:55,728] {dagbag.py:507} INFO - Filling up the DagBag from /home/jarret/data-engineering-bootcamp/workspace/airflow-code-review/venv/lib/python3.7/site-packages/airflow/example_dags/example_python_operator.py
[2022-06-17 12:54:55,741] {processor.py:651} INFO - DAG(s) dict_keys(['example_python_operator']) retrieved from /home/jarret/data-engineering-bootcamp/workspace/airflow-code-review/venv/lib/python3.7/site-packages/airflow/example_dags/example_python_operator.py
[2022-06-17 12:54:55,753] {logging_mixin.py:115} INFO - [2022-06-17 12:54:55,752] {dag.py:2379} INFO - Sync 1 DAGs
[2022-06-17 12:54:55,769] {logging_mixin.py:115} INFO - [2022-06-17 12:54:55,769] {dag.py:2931} INFO - Setting next_dagrun for example_python_operator to None, run_after=None
[2022-06-17 12:54:56,061] {processor.py:161} INFO - Processing /home/jarret/data-engineering-bootcamp/workspace/airflow-code-review/venv/lib/python3.7/site-packages/airflow/example_dags/example_python_operator.py took 0.338 seconds
[2022-06-17 12:55:52,292] {processor.py:153} INFO - Started process (PID=17123) to work on /home/jarret/data-engineering-bootcamp/workspace/airflow-code-review/venv/lib/python3.7/site-packages/airflow/example_dags/example_python_operator.py
[2022-06-17 12:55:52,293] {processor.py:641} INFO - Processing file /home/jarret/data-engineering-bootcamp/workspace/airflow-code-review/venv/lib/python3.7/site-packages/airflow/example_dags/example_python_operator.py for tasks to queue
[2022-06-17 12:55:52,294] {logging_mixin.py:115} INFO - [2022-06-17 12:55:52,294] {dagbag.py:507} INFO - Filling up the DagBag from /home/jarret/data-engineering-bootcamp/workspace/airflow-code-review/venv/lib/python3.7/site-packages/airflow/example_dags/example_python_operator.py
[2022-06-17 12:55:52,310] {processor.py:651} INFO - DAG(s) dict_keys(['example_python_operator']) retrieved from /home/jarret/data-engineering-bootcamp/workspace/airflow-code-review/venv/lib/python3.7/site-packages/airflow/example_dags/example_python_operator.py
[2022-06-17 12:55:52,327] {logging_mixin.py:115} INFO - [2022-06-17 12:55:52,327] {dag.py:2379} INFO - Sync 1 DAGs
[2022-06-17 12:55:52,349] {logging_mixin.py:115} INFO - [2022-06-17 12:55:52,349] {dag.py:2931} INFO - Setting next_dagrun for example_python_operator to None, run_after=None
[2022-06-17 12:55:53,016] {processor.py:161} INFO - Processing /home/jarret/data-engineering-bootcamp/workspace/airflow-code-review/venv/lib/python3.7/site-packages/airflow/example_dags/example_python_operator.py took 0.726 seconds
[2022-06-17 12:56:45,257] {processor.py:153} INFO - Started process (PID=17223) to work on /home/jarret/data-engineering-bootcamp/workspace/airflow-code-review/venv/lib/python3.7/site-packages/airflow/example_dags/example_python_operator.py
[2022-06-17 12:56:45,258] {processor.py:641} INFO - Processing file /home/jarret/data-engineering-bootcamp/workspace/airflow-code-review/venv/lib/python3.7/site-packages/airflow/example_dags/example_python_operator.py for tasks to queue
[2022-06-17 12:56:45,258] {logging_mixin.py:115} INFO - [2022-06-17 12:56:45,258] {dagbag.py:507} INFO - Filling up the DagBag from /home/jarret/data-engineering-bootcamp/workspace/airflow-code-review/venv/lib/python3.7/site-packages/airflow/example_dags/example_python_operator.py
[2022-06-17 12:56:45,279] {processor.py:651} INFO - DAG(s) dict_keys(['example_python_operator']) retrieved from /home/jarret/data-engineering-bootcamp/workspace/airflow-code-review/venv/lib/python3.7/site-packages/airflow/example_dags/example_python_operator.py
[2022-06-17 12:56:45,291] {logging_mixin.py:115} INFO - [2022-06-17 12:56:45,291] {dag.py:2379} INFO - Sync 1 DAGs
[2022-06-17 12:56:45,308] {logging_mixin.py:115} INFO - [2022-06-17 12:56:45,307] {dag.py:2931} INFO - Setting next_dagrun for example_python_operator to None, run_after=None
[2022-06-17 12:56:45,438] {processor.py:161} INFO - Processing /home/jarret/data-engineering-bootcamp/workspace/airflow-code-review/venv/lib/python3.7/site-packages/airflow/example_dags/example_python_operator.py took 0.185 seconds
[2022-06-17 12:57:50,264] {processor.py:153} INFO - Started process (PID=17264) to work on /home/jarret/data-engineering-bootcamp/workspace/airflow-code-review/venv/lib/python3.7/site-packages/airflow/example_dags/example_python_operator.py
[2022-06-17 12:57:50,359] {processor.py:641} INFO - Processing file /home/jarret/data-engineering-bootcamp/workspace/airflow-code-review/venv/lib/python3.7/site-packages/airflow/example_dags/example_python_operator.py for tasks to queue
[2022-06-17 12:57:50,360] {logging_mixin.py:115} INFO - [2022-06-17 12:57:50,359] {dagbag.py:507} INFO - Filling up the DagBag from /home/jarret/data-engineering-bootcamp/workspace/airflow-code-review/venv/lib/python3.7/site-packages/airflow/example_dags/example_python_operator.py
[2022-06-17 12:57:50,381] {processor.py:651} INFO - DAG(s) dict_keys(['example_python_operator']) retrieved from /home/jarret/data-engineering-bootcamp/workspace/airflow-code-review/venv/lib/python3.7/site-packages/airflow/example_dags/example_python_operator.py
[2022-06-17 12:57:50,392] {logging_mixin.py:115} INFO - [2022-06-17 12:57:50,392] {dag.py:2379} INFO - Sync 1 DAGs
[2022-06-17 12:57:50,409] {logging_mixin.py:115} INFO - [2022-06-17 12:57:50,409] {dag.py:2931} INFO - Setting next_dagrun for example_python_operator to None, run_after=None
[2022-06-17 12:57:51,513] {processor.py:161} INFO - Processing /home/jarret/data-engineering-bootcamp/workspace/airflow-code-review/venv/lib/python3.7/site-packages/airflow/example_dags/example_python_operator.py took 1.252 seconds
[2022-06-17 12:58:55,910] {processor.py:153} INFO - Started process (PID=17362) to work on /home/jarret/data-engineering-bootcamp/workspace/airflow-code-review/venv/lib/python3.7/site-packages/airflow/example_dags/example_python_operator.py
[2022-06-17 12:58:55,911] {processor.py:641} INFO - Processing file /home/jarret/data-engineering-bootcamp/workspace/airflow-code-review/venv/lib/python3.7/site-packages/airflow/example_dags/example_python_operator.py for tasks to queue
[2022-06-17 12:58:55,912] {logging_mixin.py:115} INFO - [2022-06-17 12:58:55,911] {dagbag.py:507} INFO - Filling up the DagBag from /home/jarret/data-engineering-bootcamp/workspace/airflow-code-review/venv/lib/python3.7/site-packages/airflow/example_dags/example_python_operator.py
[2022-06-17 12:58:55,924] {processor.py:651} INFO - DAG(s) dict_keys(['example_python_operator']) retrieved from /home/jarret/data-engineering-bootcamp/workspace/airflow-code-review/venv/lib/python3.7/site-packages/airflow/example_dags/example_python_operator.py
[2022-06-17 12:58:55,934] {logging_mixin.py:115} INFO - [2022-06-17 12:58:55,934] {dag.py:2379} INFO - Sync 1 DAGs
[2022-06-17 12:58:55,950] {logging_mixin.py:115} INFO - [2022-06-17 12:58:55,950] {dag.py:2931} INFO - Setting next_dagrun for example_python_operator to None, run_after=None
[2022-06-17 12:58:56,094] {processor.py:161} INFO - Processing /home/jarret/data-engineering-bootcamp/workspace/airflow-code-review/venv/lib/python3.7/site-packages/airflow/example_dags/example_python_operator.py took 0.188 seconds
[2022-06-17 12:59:39,159] {processor.py:153} INFO - Started process (PID=17453) to work on /home/jarret/data-engineering-bootcamp/workspace/airflow-code-review/venv/lib/python3.7/site-packages/airflow/example_dags/example_python_operator.py
[2022-06-17 12:59:39,164] {processor.py:641} INFO - Processing file /home/jarret/data-engineering-bootcamp/workspace/airflow-code-review/venv/lib/python3.7/site-packages/airflow/example_dags/example_python_operator.py for tasks to queue
[2022-06-17 12:59:39,164] {logging_mixin.py:115} INFO - [2022-06-17 12:59:39,164] {dagbag.py:507} INFO - Filling up the DagBag from /home/jarret/data-engineering-bootcamp/workspace/airflow-code-review/venv/lib/python3.7/site-packages/airflow/example_dags/example_python_operator.py
[2022-06-17 12:59:39,176] {processor.py:651} INFO - DAG(s) dict_keys(['example_python_operator']) retrieved from /home/jarret/data-engineering-bootcamp/workspace/airflow-code-review/venv/lib/python3.7/site-packages/airflow/example_dags/example_python_operator.py
[2022-06-17 12:59:39,187] {logging_mixin.py:115} INFO - [2022-06-17 12:59:39,186] {dag.py:2379} INFO - Sync 1 DAGs
[2022-06-17 12:59:39,202] {logging_mixin.py:115} INFO - [2022-06-17 12:59:39,202] {dag.py:2931} INFO - Setting next_dagrun for example_python_operator to None, run_after=None
[2022-06-17 12:59:39,405] {processor.py:161} INFO - Processing /home/jarret/data-engineering-bootcamp/workspace/airflow-code-review/venv/lib/python3.7/site-packages/airflow/example_dags/example_python_operator.py took 0.248 seconds
[2022-06-17 13:00:46,862] {processor.py:153} INFO - Started process (PID=17549) to work on /home/jarret/data-engineering-bootcamp/workspace/airflow-code-review/venv/lib/python3.7/site-packages/airflow/example_dags/example_python_operator.py
[2022-06-17 13:00:46,864] {processor.py:641} INFO - Processing file /home/jarret/data-engineering-bootcamp/workspace/airflow-code-review/venv/lib/python3.7/site-packages/airflow/example_dags/example_python_operator.py for tasks to queue
[2022-06-17 13:00:46,864] {logging_mixin.py:115} INFO - [2022-06-17 13:00:46,864] {dagbag.py:507} INFO - Filling up the DagBag from /home/jarret/data-engineering-bootcamp/workspace/airflow-code-review/venv/lib/python3.7/site-packages/airflow/example_dags/example_python_operator.py
[2022-06-17 13:00:46,879] {processor.py:651} INFO - DAG(s) dict_keys(['example_python_operator']) retrieved from /home/jarret/data-engineering-bootcamp/workspace/airflow-code-review/venv/lib/python3.7/site-packages/airflow/example_dags/example_python_operator.py
[2022-06-17 13:00:46,890] {logging_mixin.py:115} INFO - [2022-06-17 13:00:46,890] {dag.py:2379} INFO - Sync 1 DAGs
[2022-06-17 13:00:46,907] {logging_mixin.py:115} INFO - [2022-06-17 13:00:46,907] {dag.py:2931} INFO - Setting next_dagrun for example_python_operator to None, run_after=None
[2022-06-17 13:00:48,133] {processor.py:161} INFO - Processing /home/jarret/data-engineering-bootcamp/workspace/airflow-code-review/venv/lib/python3.7/site-packages/airflow/example_dags/example_python_operator.py took 1.274 seconds
[2022-06-17 13:01:46,063] {processor.py:153} INFO - Started process (PID=17659) to work on /home/jarret/data-engineering-bootcamp/workspace/airflow-code-review/venv/lib/python3.7/site-packages/airflow/example_dags/example_python_operator.py
[2022-06-17 13:01:46,064] {processor.py:641} INFO - Processing file /home/jarret/data-engineering-bootcamp/workspace/airflow-code-review/venv/lib/python3.7/site-packages/airflow/example_dags/example_python_operator.py for tasks to queue
[2022-06-17 13:01:46,065] {logging_mixin.py:115} INFO - [2022-06-17 13:01:46,064] {dagbag.py:507} INFO - Filling up the DagBag from /home/jarret/data-engineering-bootcamp/workspace/airflow-code-review/venv/lib/python3.7/site-packages/airflow/example_dags/example_python_operator.py
[2022-06-17 13:01:46,083] {processor.py:651} INFO - DAG(s) dict_keys(['example_python_operator']) retrieved from /home/jarret/data-engineering-bootcamp/workspace/airflow-code-review/venv/lib/python3.7/site-packages/airflow/example_dags/example_python_operator.py
[2022-06-17 13:01:46,094] {logging_mixin.py:115} INFO - [2022-06-17 13:01:46,094] {dag.py:2379} INFO - Sync 1 DAGs
[2022-06-17 13:01:46,110] {logging_mixin.py:115} INFO - [2022-06-17 13:01:46,110] {dag.py:2931} INFO - Setting next_dagrun for example_python_operator to None, run_after=None
[2022-06-17 13:01:46,249] {processor.py:161} INFO - Processing /home/jarret/data-engineering-bootcamp/workspace/airflow-code-review/venv/lib/python3.7/site-packages/airflow/example_dags/example_python_operator.py took 0.190 seconds
[2022-06-17 13:02:47,590] {processor.py:153} INFO - Started process (PID=17782) to work on /home/jarret/data-engineering-bootcamp/workspace/airflow-code-review/venv/lib/python3.7/site-packages/airflow/example_dags/example_python_operator.py
[2022-06-17 13:02:47,591] {processor.py:641} INFO - Processing file /home/jarret/data-engineering-bootcamp/workspace/airflow-code-review/venv/lib/python3.7/site-packages/airflow/example_dags/example_python_operator.py for tasks to queue
[2022-06-17 13:02:47,591] {logging_mixin.py:115} INFO - [2022-06-17 13:02:47,591] {dagbag.py:507} INFO - Filling up the DagBag from /home/jarret/data-engineering-bootcamp/workspace/airflow-code-review/venv/lib/python3.7/site-packages/airflow/example_dags/example_python_operator.py
[2022-06-17 13:02:47,603] {processor.py:651} INFO - DAG(s) dict_keys(['example_python_operator']) retrieved from /home/jarret/data-engineering-bootcamp/workspace/airflow-code-review/venv/lib/python3.7/site-packages/airflow/example_dags/example_python_operator.py
[2022-06-17 13:02:47,614] {logging_mixin.py:115} INFO - [2022-06-17 13:02:47,614] {dag.py:2379} INFO - Sync 1 DAGs
[2022-06-17 13:02:47,631] {logging_mixin.py:115} INFO - [2022-06-17 13:02:47,631] {dag.py:2931} INFO - Setting next_dagrun for example_python_operator to None, run_after=None
[2022-06-17 13:02:47,828] {processor.py:161} INFO - Processing /home/jarret/data-engineering-bootcamp/workspace/airflow-code-review/venv/lib/python3.7/site-packages/airflow/example_dags/example_python_operator.py took 0.241 seconds
[2022-06-17 13:03:52,343] {processor.py:153} INFO - Started process (PID=17894) to work on /home/jarret/data-engineering-bootcamp/workspace/airflow-code-review/venv/lib/python3.7/site-packages/airflow/example_dags/example_python_operator.py
[2022-06-17 13:03:52,344] {processor.py:641} INFO - Processing file /home/jarret/data-engineering-bootcamp/workspace/airflow-code-review/venv/lib/python3.7/site-packages/airflow/example_dags/example_python_operator.py for tasks to queue
[2022-06-17 13:03:52,345] {logging_mixin.py:115} INFO - [2022-06-17 13:03:52,345] {dagbag.py:507} INFO - Filling up the DagBag from /home/jarret/data-engineering-bootcamp/workspace/airflow-code-review/venv/lib/python3.7/site-packages/airflow/example_dags/example_python_operator.py
[2022-06-17 13:03:52,357] {processor.py:651} INFO - DAG(s) dict_keys(['example_python_operator']) retrieved from /home/jarret/data-engineering-bootcamp/workspace/airflow-code-review/venv/lib/python3.7/site-packages/airflow/example_dags/example_python_operator.py
[2022-06-17 13:03:52,368] {logging_mixin.py:115} INFO - [2022-06-17 13:03:52,368] {dag.py:2379} INFO - Sync 1 DAGs
[2022-06-17 13:03:52,384] {logging_mixin.py:115} INFO - [2022-06-17 13:03:52,384] {dag.py:2931} INFO - Setting next_dagrun for example_python_operator to None, run_after=None
[2022-06-17 13:03:52,701] {processor.py:161} INFO - Processing /home/jarret/data-engineering-bootcamp/workspace/airflow-code-review/venv/lib/python3.7/site-packages/airflow/example_dags/example_python_operator.py took 0.361 seconds
[2022-06-17 13:04:57,297] {processor.py:153} INFO - Started process (PID=17981) to work on /home/jarret/data-engineering-bootcamp/workspace/airflow-code-review/venv/lib/python3.7/site-packages/airflow/example_dags/example_python_operator.py
[2022-06-17 13:04:57,318] {processor.py:641} INFO - Processing file /home/jarret/data-engineering-bootcamp/workspace/airflow-code-review/venv/lib/python3.7/site-packages/airflow/example_dags/example_python_operator.py for tasks to queue
[2022-06-17 13:04:57,318] {logging_mixin.py:115} INFO - [2022-06-17 13:04:57,318] {dagbag.py:507} INFO - Filling up the DagBag from /home/jarret/data-engineering-bootcamp/workspace/airflow-code-review/venv/lib/python3.7/site-packages/airflow/example_dags/example_python_operator.py
[2022-06-17 13:04:57,330] {processor.py:651} INFO - DAG(s) dict_keys(['example_python_operator']) retrieved from /home/jarret/data-engineering-bootcamp/workspace/airflow-code-review/venv/lib/python3.7/site-packages/airflow/example_dags/example_python_operator.py
[2022-06-17 13:04:57,341] {logging_mixin.py:115} INFO - [2022-06-17 13:04:57,341] {dag.py:2379} INFO - Sync 1 DAGs
[2022-06-17 13:04:57,357] {logging_mixin.py:115} INFO - [2022-06-17 13:04:57,357] {dag.py:2931} INFO - Setting next_dagrun for example_python_operator to None, run_after=None
[2022-06-17 13:04:58,352] {processor.py:161} INFO - Processing /home/jarret/data-engineering-bootcamp/workspace/airflow-code-review/venv/lib/python3.7/site-packages/airflow/example_dags/example_python_operator.py took 1.057 seconds
[2022-06-17 13:05:44,233] {processor.py:153} INFO - Started process (PID=18024) to work on /home/jarret/data-engineering-bootcamp/workspace/airflow-code-review/venv/lib/python3.7/site-packages/airflow/example_dags/example_python_operator.py
[2022-06-17 13:05:44,234] {processor.py:641} INFO - Processing file /home/jarret/data-engineering-bootcamp/workspace/airflow-code-review/venv/lib/python3.7/site-packages/airflow/example_dags/example_python_operator.py for tasks to queue
[2022-06-17 13:05:44,235] {logging_mixin.py:115} INFO - [2022-06-17 13:05:44,235] {dagbag.py:507} INFO - Filling up the DagBag from /home/jarret/data-engineering-bootcamp/workspace/airflow-code-review/venv/lib/python3.7/site-packages/airflow/example_dags/example_python_operator.py
[2022-06-17 13:05:44,253] {processor.py:651} INFO - DAG(s) dict_keys(['example_python_operator']) retrieved from /home/jarret/data-engineering-bootcamp/workspace/airflow-code-review/venv/lib/python3.7/site-packages/airflow/example_dags/example_python_operator.py
[2022-06-17 13:05:44,264] {logging_mixin.py:115} INFO - [2022-06-17 13:05:44,264] {dag.py:2379} INFO - Sync 1 DAGs
[2022-06-17 13:05:44,281] {logging_mixin.py:115} INFO - [2022-06-17 13:05:44,281] {dag.py:2931} INFO - Setting next_dagrun for example_python_operator to None, run_after=None
[2022-06-17 13:05:45,667] {processor.py:161} INFO - Processing /home/jarret/data-engineering-bootcamp/workspace/airflow-code-review/venv/lib/python3.7/site-packages/airflow/example_dags/example_python_operator.py took 1.437 seconds
[2022-06-17 13:06:45,097] {processor.py:153} INFO - Started process (PID=18093) to work on /home/jarret/data-engineering-bootcamp/workspace/airflow-code-review/venv/lib/python3.7/site-packages/airflow/example_dags/example_python_operator.py
[2022-06-17 13:06:45,104] {processor.py:641} INFO - Processing file /home/jarret/data-engineering-bootcamp/workspace/airflow-code-review/venv/lib/python3.7/site-packages/airflow/example_dags/example_python_operator.py for tasks to queue
[2022-06-17 13:06:45,105] {logging_mixin.py:115} INFO - [2022-06-17 13:06:45,105] {dagbag.py:507} INFO - Filling up the DagBag from /home/jarret/data-engineering-bootcamp/workspace/airflow-code-review/venv/lib/python3.7/site-packages/airflow/example_dags/example_python_operator.py
[2022-06-17 13:06:45,116] {processor.py:651} INFO - DAG(s) dict_keys(['example_python_operator']) retrieved from /home/jarret/data-engineering-bootcamp/workspace/airflow-code-review/venv/lib/python3.7/site-packages/airflow/example_dags/example_python_operator.py
[2022-06-17 13:06:45,127] {logging_mixin.py:115} INFO - [2022-06-17 13:06:45,127] {dag.py:2379} INFO - Sync 1 DAGs
[2022-06-17 13:06:45,143] {logging_mixin.py:115} INFO - [2022-06-17 13:06:45,143] {dag.py:2931} INFO - Setting next_dagrun for example_python_operator to None, run_after=None
[2022-06-17 13:06:45,525] {processor.py:161} INFO - Processing /home/jarret/data-engineering-bootcamp/workspace/airflow-code-review/venv/lib/python3.7/site-packages/airflow/example_dags/example_python_operator.py took 0.431 seconds
[2022-06-17 13:07:37,824] {processor.py:153} INFO - Started process (PID=18200) to work on /home/jarret/data-engineering-bootcamp/workspace/airflow-code-review/venv/lib/python3.7/site-packages/airflow/example_dags/example_python_operator.py
[2022-06-17 13:07:37,825] {processor.py:641} INFO - Processing file /home/jarret/data-engineering-bootcamp/workspace/airflow-code-review/venv/lib/python3.7/site-packages/airflow/example_dags/example_python_operator.py for tasks to queue
[2022-06-17 13:07:37,826] {logging_mixin.py:115} INFO - [2022-06-17 13:07:37,826] {dagbag.py:507} INFO - Filling up the DagBag from /home/jarret/data-engineering-bootcamp/workspace/airflow-code-review/venv/lib/python3.7/site-packages/airflow/example_dags/example_python_operator.py
[2022-06-17 13:07:37,847] {processor.py:651} INFO - DAG(s) dict_keys(['example_python_operator']) retrieved from /home/jarret/data-engineering-bootcamp/workspace/airflow-code-review/venv/lib/python3.7/site-packages/airflow/example_dags/example_python_operator.py
[2022-06-17 13:07:37,858] {logging_mixin.py:115} INFO - [2022-06-17 13:07:37,858] {dag.py:2379} INFO - Sync 1 DAGs
[2022-06-17 13:07:37,873] {logging_mixin.py:115} INFO - [2022-06-17 13:07:37,873] {dag.py:2931} INFO - Setting next_dagrun for example_python_operator to None, run_after=None
[2022-06-17 13:07:38,209] {processor.py:161} INFO - Processing /home/jarret/data-engineering-bootcamp/workspace/airflow-code-review/venv/lib/python3.7/site-packages/airflow/example_dags/example_python_operator.py took 0.389 seconds
[2022-06-17 13:08:27,268] {processor.py:153} INFO - Started process (PID=18306) to work on /home/jarret/data-engineering-bootcamp/workspace/airflow-code-review/venv/lib/python3.7/site-packages/airflow/example_dags/example_python_operator.py
[2022-06-17 13:08:27,269] {processor.py:641} INFO - Processing file /home/jarret/data-engineering-bootcamp/workspace/airflow-code-review/venv/lib/python3.7/site-packages/airflow/example_dags/example_python_operator.py for tasks to queue
[2022-06-17 13:08:27,270] {logging_mixin.py:115} INFO - [2022-06-17 13:08:27,269] {dagbag.py:507} INFO - Filling up the DagBag from /home/jarret/data-engineering-bootcamp/workspace/airflow-code-review/venv/lib/python3.7/site-packages/airflow/example_dags/example_python_operator.py
[2022-06-17 13:08:27,281] {processor.py:651} INFO - DAG(s) dict_keys(['example_python_operator']) retrieved from /home/jarret/data-engineering-bootcamp/workspace/airflow-code-review/venv/lib/python3.7/site-packages/airflow/example_dags/example_python_operator.py
[2022-06-17 13:08:27,292] {logging_mixin.py:115} INFO - [2022-06-17 13:08:27,292] {dag.py:2379} INFO - Sync 1 DAGs
[2022-06-17 13:08:27,308] {logging_mixin.py:115} INFO - [2022-06-17 13:08:27,308] {dag.py:2931} INFO - Setting next_dagrun for example_python_operator to None, run_after=None
[2022-06-17 13:08:27,723] {processor.py:161} INFO - Processing /home/jarret/data-engineering-bootcamp/workspace/airflow-code-review/venv/lib/python3.7/site-packages/airflow/example_dags/example_python_operator.py took 0.458 seconds
[2022-06-17 13:09:15,313] {processor.py:153} INFO - Started process (PID=18404) to work on /home/jarret/data-engineering-bootcamp/workspace/airflow-code-review/venv/lib/python3.7/site-packages/airflow/example_dags/example_python_operator.py
[2022-06-17 13:09:15,314] {processor.py:641} INFO - Processing file /home/jarret/data-engineering-bootcamp/workspace/airflow-code-review/venv/lib/python3.7/site-packages/airflow/example_dags/example_python_operator.py for tasks to queue
[2022-06-17 13:09:15,314] {logging_mixin.py:115} INFO - [2022-06-17 13:09:15,314] {dagbag.py:507} INFO - Filling up the DagBag from /home/jarret/data-engineering-bootcamp/workspace/airflow-code-review/venv/lib/python3.7/site-packages/airflow/example_dags/example_python_operator.py
[2022-06-17 13:09:15,326] {processor.py:651} INFO - DAG(s) dict_keys(['example_python_operator']) retrieved from /home/jarret/data-engineering-bootcamp/workspace/airflow-code-review/venv/lib/python3.7/site-packages/airflow/example_dags/example_python_operator.py
[2022-06-17 13:09:15,337] {logging_mixin.py:115} INFO - [2022-06-17 13:09:15,337] {dag.py:2379} INFO - Sync 1 DAGs
[2022-06-17 13:09:15,354] {logging_mixin.py:115} INFO - [2022-06-17 13:09:15,354] {dag.py:2931} INFO - Setting next_dagrun for example_python_operator to None, run_after=None
[2022-06-17 13:09:15,505] {processor.py:161} INFO - Processing /home/jarret/data-engineering-bootcamp/workspace/airflow-code-review/venv/lib/python3.7/site-packages/airflow/example_dags/example_python_operator.py took 0.196 seconds
[2022-06-17 13:10:02,558] {processor.py:153} INFO - Started process (PID=18482) to work on /home/jarret/data-engineering-bootcamp/workspace/airflow-code-review/venv/lib/python3.7/site-packages/airflow/example_dags/example_python_operator.py
[2022-06-17 13:10:02,569] {processor.py:641} INFO - Processing file /home/jarret/data-engineering-bootcamp/workspace/airflow-code-review/venv/lib/python3.7/site-packages/airflow/example_dags/example_python_operator.py for tasks to queue
[2022-06-17 13:10:02,569] {logging_mixin.py:115} INFO - [2022-06-17 13:10:02,569] {dagbag.py:507} INFO - Filling up the DagBag from /home/jarret/data-engineering-bootcamp/workspace/airflow-code-review/venv/lib/python3.7/site-packages/airflow/example_dags/example_python_operator.py
[2022-06-17 13:10:02,581] {processor.py:651} INFO - DAG(s) dict_keys(['example_python_operator']) retrieved from /home/jarret/data-engineering-bootcamp/workspace/airflow-code-review/venv/lib/python3.7/site-packages/airflow/example_dags/example_python_operator.py
[2022-06-17 13:10:02,592] {logging_mixin.py:115} INFO - [2022-06-17 13:10:02,592] {dag.py:2379} INFO - Sync 1 DAGs
[2022-06-17 13:10:02,608] {logging_mixin.py:115} INFO - [2022-06-17 13:10:02,608] {dag.py:2931} INFO - Setting next_dagrun for example_python_operator to None, run_after=None
[2022-06-17 13:10:02,728] {processor.py:161} INFO - Processing /home/jarret/data-engineering-bootcamp/workspace/airflow-code-review/venv/lib/python3.7/site-packages/airflow/example_dags/example_python_operator.py took 0.174 seconds
[2022-06-17 13:10:53,939] {processor.py:153} INFO - Started process (PID=18568) to work on /home/jarret/data-engineering-bootcamp/workspace/airflow-code-review/venv/lib/python3.7/site-packages/airflow/example_dags/example_python_operator.py
[2022-06-17 13:10:53,958] {processor.py:641} INFO - Processing file /home/jarret/data-engineering-bootcamp/workspace/airflow-code-review/venv/lib/python3.7/site-packages/airflow/example_dags/example_python_operator.py for tasks to queue
[2022-06-17 13:10:53,958] {logging_mixin.py:115} INFO - [2022-06-17 13:10:53,958] {dagbag.py:507} INFO - Filling up the DagBag from /home/jarret/data-engineering-bootcamp/workspace/airflow-code-review/venv/lib/python3.7/site-packages/airflow/example_dags/example_python_operator.py
[2022-06-17 13:10:53,973] {processor.py:651} INFO - DAG(s) dict_keys(['example_python_operator']) retrieved from /home/jarret/data-engineering-bootcamp/workspace/airflow-code-review/venv/lib/python3.7/site-packages/airflow/example_dags/example_python_operator.py
[2022-06-17 13:10:53,984] {logging_mixin.py:115} INFO - [2022-06-17 13:10:53,984] {dag.py:2379} INFO - Sync 1 DAGs
[2022-06-17 13:10:54,000] {logging_mixin.py:115} INFO - [2022-06-17 13:10:54,000] {dag.py:2931} INFO - Setting next_dagrun for example_python_operator to None, run_after=None
[2022-06-17 13:10:54,143] {processor.py:161} INFO - Processing /home/jarret/data-engineering-bootcamp/workspace/airflow-code-review/venv/lib/python3.7/site-packages/airflow/example_dags/example_python_operator.py took 0.208 seconds
[2022-06-17 13:11:45,462] {processor.py:153} INFO - Started process (PID=18675) to work on /home/jarret/data-engineering-bootcamp/workspace/airflow-code-review/venv/lib/python3.7/site-packages/airflow/example_dags/example_python_operator.py
[2022-06-17 13:11:45,471] {processor.py:641} INFO - Processing file /home/jarret/data-engineering-bootcamp/workspace/airflow-code-review/venv/lib/python3.7/site-packages/airflow/example_dags/example_python_operator.py for tasks to queue
[2022-06-17 13:11:45,471] {logging_mixin.py:115} INFO - [2022-06-17 13:11:45,471] {dagbag.py:507} INFO - Filling up the DagBag from /home/jarret/data-engineering-bootcamp/workspace/airflow-code-review/venv/lib/python3.7/site-packages/airflow/example_dags/example_python_operator.py
[2022-06-17 13:11:45,483] {processor.py:651} INFO - DAG(s) dict_keys(['example_python_operator']) retrieved from /home/jarret/data-engineering-bootcamp/workspace/airflow-code-review/venv/lib/python3.7/site-packages/airflow/example_dags/example_python_operator.py
[2022-06-17 13:11:45,494] {logging_mixin.py:115} INFO - [2022-06-17 13:11:45,494] {dag.py:2379} INFO - Sync 1 DAGs
[2022-06-17 13:11:45,510] {logging_mixin.py:115} INFO - [2022-06-17 13:11:45,510] {dag.py:2931} INFO - Setting next_dagrun for example_python_operator to None, run_after=None
[2022-06-17 13:11:45,848] {processor.py:161} INFO - Processing /home/jarret/data-engineering-bootcamp/workspace/airflow-code-review/venv/lib/python3.7/site-packages/airflow/example_dags/example_python_operator.py took 0.389 seconds
[2022-06-17 13:12:46,543] {processor.py:153} INFO - Started process (PID=18794) to work on /home/jarret/data-engineering-bootcamp/workspace/airflow-code-review/venv/lib/python3.7/site-packages/airflow/example_dags/example_python_operator.py
[2022-06-17 13:12:46,595] {processor.py:641} INFO - Processing file /home/jarret/data-engineering-bootcamp/workspace/airflow-code-review/venv/lib/python3.7/site-packages/airflow/example_dags/example_python_operator.py for tasks to queue
[2022-06-17 13:12:46,596] {logging_mixin.py:115} INFO - [2022-06-17 13:12:46,596] {dagbag.py:507} INFO - Filling up the DagBag from /home/jarret/data-engineering-bootcamp/workspace/airflow-code-review/venv/lib/python3.7/site-packages/airflow/example_dags/example_python_operator.py
[2022-06-17 13:12:46,614] {processor.py:651} INFO - DAG(s) dict_keys(['example_python_operator']) retrieved from /home/jarret/data-engineering-bootcamp/workspace/airflow-code-review/venv/lib/python3.7/site-packages/airflow/example_dags/example_python_operator.py
[2022-06-17 13:12:46,625] {logging_mixin.py:115} INFO - [2022-06-17 13:12:46,625] {dag.py:2379} INFO - Sync 1 DAGs
[2022-06-17 13:12:46,641] {logging_mixin.py:115} INFO - [2022-06-17 13:12:46,641] {dag.py:2931} INFO - Setting next_dagrun for example_python_operator to None, run_after=None
[2022-06-17 13:12:48,074] {processor.py:161} INFO - Processing /home/jarret/data-engineering-bootcamp/workspace/airflow-code-review/venv/lib/python3.7/site-packages/airflow/example_dags/example_python_operator.py took 1.535 seconds
[2022-06-17 13:13:43,683] {processor.py:153} INFO - Started process (PID=18886) to work on /home/jarret/data-engineering-bootcamp/workspace/airflow-code-review/venv/lib/python3.7/site-packages/airflow/example_dags/example_python_operator.py
[2022-06-17 13:13:43,685] {processor.py:641} INFO - Processing file /home/jarret/data-engineering-bootcamp/workspace/airflow-code-review/venv/lib/python3.7/site-packages/airflow/example_dags/example_python_operator.py for tasks to queue
[2022-06-17 13:13:43,685] {logging_mixin.py:115} INFO - [2022-06-17 13:13:43,685] {dagbag.py:507} INFO - Filling up the DagBag from /home/jarret/data-engineering-bootcamp/workspace/airflow-code-review/venv/lib/python3.7/site-packages/airflow/example_dags/example_python_operator.py
[2022-06-17 13:13:43,703] {processor.py:651} INFO - DAG(s) dict_keys(['example_python_operator']) retrieved from /home/jarret/data-engineering-bootcamp/workspace/airflow-code-review/venv/lib/python3.7/site-packages/airflow/example_dags/example_python_operator.py
[2022-06-17 13:13:43,714] {logging_mixin.py:115} INFO - [2022-06-17 13:13:43,714] {dag.py:2379} INFO - Sync 1 DAGs
[2022-06-17 13:13:43,731] {logging_mixin.py:115} INFO - [2022-06-17 13:13:43,731] {dag.py:2931} INFO - Setting next_dagrun for example_python_operator to None, run_after=None
[2022-06-17 13:13:45,340] {processor.py:161} INFO - Processing /home/jarret/data-engineering-bootcamp/workspace/airflow-code-review/venv/lib/python3.7/site-packages/airflow/example_dags/example_python_operator.py took 1.660 seconds
[2022-06-17 13:14:34,140] {processor.py:153} INFO - Started process (PID=18961) to work on /home/jarret/data-engineering-bootcamp/workspace/airflow-code-review/venv/lib/python3.7/site-packages/airflow/example_dags/example_python_operator.py
[2022-06-17 13:14:34,148] {processor.py:641} INFO - Processing file /home/jarret/data-engineering-bootcamp/workspace/airflow-code-review/venv/lib/python3.7/site-packages/airflow/example_dags/example_python_operator.py for tasks to queue
[2022-06-17 13:14:34,148] {logging_mixin.py:115} INFO - [2022-06-17 13:14:34,148] {dagbag.py:507} INFO - Filling up the DagBag from /home/jarret/data-engineering-bootcamp/workspace/airflow-code-review/venv/lib/python3.7/site-packages/airflow/example_dags/example_python_operator.py
[2022-06-17 13:14:34,160] {processor.py:651} INFO - DAG(s) dict_keys(['example_python_operator']) retrieved from /home/jarret/data-engineering-bootcamp/workspace/airflow-code-review/venv/lib/python3.7/site-packages/airflow/example_dags/example_python_operator.py
[2022-06-17 13:14:34,171] {logging_mixin.py:115} INFO - [2022-06-17 13:14:34,171] {dag.py:2379} INFO - Sync 1 DAGs
[2022-06-17 13:14:34,187] {logging_mixin.py:115} INFO - [2022-06-17 13:14:34,187] {dag.py:2931} INFO - Setting next_dagrun for example_python_operator to None, run_after=None
[2022-06-17 13:14:34,317] {processor.py:161} INFO - Processing /home/jarret/data-engineering-bootcamp/workspace/airflow-code-review/venv/lib/python3.7/site-packages/airflow/example_dags/example_python_operator.py took 0.180 seconds
[2022-06-17 13:15:28,471] {processor.py:153} INFO - Started process (PID=19007) to work on /home/jarret/data-engineering-bootcamp/workspace/airflow-code-review/venv/lib/python3.7/site-packages/airflow/example_dags/example_python_operator.py
[2022-06-17 13:15:28,473] {processor.py:641} INFO - Processing file /home/jarret/data-engineering-bootcamp/workspace/airflow-code-review/venv/lib/python3.7/site-packages/airflow/example_dags/example_python_operator.py for tasks to queue
[2022-06-17 13:15:28,473] {logging_mixin.py:115} INFO - [2022-06-17 13:15:28,473] {dagbag.py:507} INFO - Filling up the DagBag from /home/jarret/data-engineering-bootcamp/workspace/airflow-code-review/venv/lib/python3.7/site-packages/airflow/example_dags/example_python_operator.py
[2022-06-17 13:15:28,485] {processor.py:651} INFO - DAG(s) dict_keys(['example_python_operator']) retrieved from /home/jarret/data-engineering-bootcamp/workspace/airflow-code-review/venv/lib/python3.7/site-packages/airflow/example_dags/example_python_operator.py
[2022-06-17 13:15:28,496] {logging_mixin.py:115} INFO - [2022-06-17 13:15:28,496] {dag.py:2379} INFO - Sync 1 DAGs
[2022-06-17 13:15:28,513] {logging_mixin.py:115} INFO - [2022-06-17 13:15:28,513] {dag.py:2931} INFO - Setting next_dagrun for example_python_operator to None, run_after=None
[2022-06-17 13:15:28,638] {processor.py:161} INFO - Processing /home/jarret/data-engineering-bootcamp/workspace/airflow-code-review/venv/lib/python3.7/site-packages/airflow/example_dags/example_python_operator.py took 0.170 seconds
[2022-06-17 13:16:13,508] {processor.py:153} INFO - Started process (PID=19047) to work on /home/jarret/data-engineering-bootcamp/workspace/airflow-code-review/venv/lib/python3.7/site-packages/airflow/example_dags/example_python_operator.py
[2022-06-17 13:16:13,514] {processor.py:641} INFO - Processing file /home/jarret/data-engineering-bootcamp/workspace/airflow-code-review/venv/lib/python3.7/site-packages/airflow/example_dags/example_python_operator.py for tasks to queue
[2022-06-17 13:16:13,515] {logging_mixin.py:115} INFO - [2022-06-17 13:16:13,515] {dagbag.py:507} INFO - Filling up the DagBag from /home/jarret/data-engineering-bootcamp/workspace/airflow-code-review/venv/lib/python3.7/site-packages/airflow/example_dags/example_python_operator.py
[2022-06-17 13:16:13,529] {processor.py:651} INFO - DAG(s) dict_keys(['example_python_operator']) retrieved from /home/jarret/data-engineering-bootcamp/workspace/airflow-code-review/venv/lib/python3.7/site-packages/airflow/example_dags/example_python_operator.py
[2022-06-17 13:16:13,540] {logging_mixin.py:115} INFO - [2022-06-17 13:16:13,540] {dag.py:2379} INFO - Sync 1 DAGs
[2022-06-17 13:16:13,556] {logging_mixin.py:115} INFO - [2022-06-17 13:16:13,556] {dag.py:2931} INFO - Setting next_dagrun for example_python_operator to None, run_after=None
[2022-06-17 13:16:13,674] {processor.py:161} INFO - Processing /home/jarret/data-engineering-bootcamp/workspace/airflow-code-review/venv/lib/python3.7/site-packages/airflow/example_dags/example_python_operator.py took 0.170 seconds
[2022-06-17 13:17:05,578] {processor.py:153} INFO - Started process (PID=19094) to work on /home/jarret/data-engineering-bootcamp/workspace/airflow-code-review/venv/lib/python3.7/site-packages/airflow/example_dags/example_python_operator.py
[2022-06-17 13:17:05,583] {processor.py:641} INFO - Processing file /home/jarret/data-engineering-bootcamp/workspace/airflow-code-review/venv/lib/python3.7/site-packages/airflow/example_dags/example_python_operator.py for tasks to queue
[2022-06-17 13:17:05,584] {logging_mixin.py:115} INFO - [2022-06-17 13:17:05,584] {dagbag.py:507} INFO - Filling up the DagBag from /home/jarret/data-engineering-bootcamp/workspace/airflow-code-review/venv/lib/python3.7/site-packages/airflow/example_dags/example_python_operator.py
[2022-06-17 13:17:05,596] {processor.py:651} INFO - DAG(s) dict_keys(['example_python_operator']) retrieved from /home/jarret/data-engineering-bootcamp/workspace/airflow-code-review/venv/lib/python3.7/site-packages/airflow/example_dags/example_python_operator.py
[2022-06-17 13:17:05,607] {logging_mixin.py:115} INFO - [2022-06-17 13:17:05,607] {dag.py:2379} INFO - Sync 1 DAGs
[2022-06-17 13:17:05,624] {logging_mixin.py:115} INFO - [2022-06-17 13:17:05,624] {dag.py:2931} INFO - Setting next_dagrun for example_python_operator to None, run_after=None
[2022-06-17 13:17:05,740] {processor.py:161} INFO - Processing /home/jarret/data-engineering-bootcamp/workspace/airflow-code-review/venv/lib/python3.7/site-packages/airflow/example_dags/example_python_operator.py took 0.164 seconds
[2022-06-17 13:17:59,104] {processor.py:153} INFO - Started process (PID=19162) to work on /home/jarret/data-engineering-bootcamp/workspace/airflow-code-review/venv/lib/python3.7/site-packages/airflow/example_dags/example_python_operator.py
[2022-06-17 13:17:59,105] {processor.py:641} INFO - Processing file /home/jarret/data-engineering-bootcamp/workspace/airflow-code-review/venv/lib/python3.7/site-packages/airflow/example_dags/example_python_operator.py for tasks to queue
[2022-06-17 13:17:59,106] {logging_mixin.py:115} INFO - [2022-06-17 13:17:59,106] {dagbag.py:507} INFO - Filling up the DagBag from /home/jarret/data-engineering-bootcamp/workspace/airflow-code-review/venv/lib/python3.7/site-packages/airflow/example_dags/example_python_operator.py
[2022-06-17 13:17:59,125] {processor.py:651} INFO - DAG(s) dict_keys(['example_python_operator']) retrieved from /home/jarret/data-engineering-bootcamp/workspace/airflow-code-review/venv/lib/python3.7/site-packages/airflow/example_dags/example_python_operator.py
[2022-06-17 13:17:59,136] {logging_mixin.py:115} INFO - [2022-06-17 13:17:59,136] {dag.py:2379} INFO - Sync 1 DAGs
[2022-06-17 13:17:59,152] {logging_mixin.py:115} INFO - [2022-06-17 13:17:59,151] {dag.py:2931} INFO - Setting next_dagrun for example_python_operator to None, run_after=None
[2022-06-17 13:17:59,282] {processor.py:161} INFO - Processing /home/jarret/data-engineering-bootcamp/workspace/airflow-code-review/venv/lib/python3.7/site-packages/airflow/example_dags/example_python_operator.py took 0.182 seconds
[2022-06-17 13:19:00,410] {processor.py:153} INFO - Started process (PID=19213) to work on /home/jarret/data-engineering-bootcamp/workspace/airflow-code-review/venv/lib/python3.7/site-packages/airflow/example_dags/example_python_operator.py
[2022-06-17 13:19:00,417] {processor.py:641} INFO - Processing file /home/jarret/data-engineering-bootcamp/workspace/airflow-code-review/venv/lib/python3.7/site-packages/airflow/example_dags/example_python_operator.py for tasks to queue
[2022-06-17 13:19:00,418] {logging_mixin.py:115} INFO - [2022-06-17 13:19:00,418] {dagbag.py:507} INFO - Filling up the DagBag from /home/jarret/data-engineering-bootcamp/workspace/airflow-code-review/venv/lib/python3.7/site-packages/airflow/example_dags/example_python_operator.py
[2022-06-17 13:19:00,429] {processor.py:651} INFO - DAG(s) dict_keys(['example_python_operator']) retrieved from /home/jarret/data-engineering-bootcamp/workspace/airflow-code-review/venv/lib/python3.7/site-packages/airflow/example_dags/example_python_operator.py
[2022-06-17 13:19:00,441] {logging_mixin.py:115} INFO - [2022-06-17 13:19:00,440] {dag.py:2379} INFO - Sync 1 DAGs
[2022-06-17 13:19:00,457] {logging_mixin.py:115} INFO - [2022-06-17 13:19:00,457] {dag.py:2931} INFO - Setting next_dagrun for example_python_operator to None, run_after=None
[2022-06-17 13:19:00,835] {processor.py:161} INFO - Processing /home/jarret/data-engineering-bootcamp/workspace/airflow-code-review/venv/lib/python3.7/site-packages/airflow/example_dags/example_python_operator.py took 0.428 seconds
[2022-06-17 13:20:02,381] {processor.py:153} INFO - Started process (PID=19285) to work on /home/jarret/data-engineering-bootcamp/workspace/airflow-code-review/venv/lib/python3.7/site-packages/airflow/example_dags/example_python_operator.py
[2022-06-17 13:20:02,382] {processor.py:641} INFO - Processing file /home/jarret/data-engineering-bootcamp/workspace/airflow-code-review/venv/lib/python3.7/site-packages/airflow/example_dags/example_python_operator.py for tasks to queue
[2022-06-17 13:20:02,383] {logging_mixin.py:115} INFO - [2022-06-17 13:20:02,383] {dagbag.py:507} INFO - Filling up the DagBag from /home/jarret/data-engineering-bootcamp/workspace/airflow-code-review/venv/lib/python3.7/site-packages/airflow/example_dags/example_python_operator.py
[2022-06-17 13:20:02,398] {processor.py:651} INFO - DAG(s) dict_keys(['example_python_operator']) retrieved from /home/jarret/data-engineering-bootcamp/workspace/airflow-code-review/venv/lib/python3.7/site-packages/airflow/example_dags/example_python_operator.py
[2022-06-17 13:20:02,409] {logging_mixin.py:115} INFO - [2022-06-17 13:20:02,409] {dag.py:2379} INFO - Sync 1 DAGs
[2022-06-17 13:20:02,425] {logging_mixin.py:115} INFO - [2022-06-17 13:20:02,425] {dag.py:2931} INFO - Setting next_dagrun for example_python_operator to None, run_after=None
[2022-06-17 13:20:02,552] {processor.py:161} INFO - Processing /home/jarret/data-engineering-bootcamp/workspace/airflow-code-review/venv/lib/python3.7/site-packages/airflow/example_dags/example_python_operator.py took 0.174 seconds
[2022-06-17 13:20:52,850] {processor.py:153} INFO - Started process (PID=19380) to work on /home/jarret/data-engineering-bootcamp/workspace/airflow-code-review/venv/lib/python3.7/site-packages/airflow/example_dags/example_python_operator.py
[2022-06-17 13:20:52,856] {processor.py:641} INFO - Processing file /home/jarret/data-engineering-bootcamp/workspace/airflow-code-review/venv/lib/python3.7/site-packages/airflow/example_dags/example_python_operator.py for tasks to queue
[2022-06-17 13:20:52,857] {logging_mixin.py:115} INFO - [2022-06-17 13:20:52,857] {dagbag.py:507} INFO - Filling up the DagBag from /home/jarret/data-engineering-bootcamp/workspace/airflow-code-review/venv/lib/python3.7/site-packages/airflow/example_dags/example_python_operator.py
[2022-06-17 13:20:52,869] {processor.py:651} INFO - DAG(s) dict_keys(['example_python_operator']) retrieved from /home/jarret/data-engineering-bootcamp/workspace/airflow-code-review/venv/lib/python3.7/site-packages/airflow/example_dags/example_python_operator.py
[2022-06-17 13:20:52,880] {logging_mixin.py:115} INFO - [2022-06-17 13:20:52,880] {dag.py:2379} INFO - Sync 1 DAGs
[2022-06-17 13:20:52,896] {logging_mixin.py:115} INFO - [2022-06-17 13:20:52,896] {dag.py:2931} INFO - Setting next_dagrun for example_python_operator to None, run_after=None
[2022-06-17 13:20:54,360] {processor.py:161} INFO - Processing /home/jarret/data-engineering-bootcamp/workspace/airflow-code-review/venv/lib/python3.7/site-packages/airflow/example_dags/example_python_operator.py took 1.512 seconds
[2022-06-17 13:21:50,645] {processor.py:153} INFO - Started process (PID=19496) to work on /home/jarret/data-engineering-bootcamp/workspace/airflow-code-review/venv/lib/python3.7/site-packages/airflow/example_dags/example_python_operator.py
[2022-06-17 13:21:50,653] {processor.py:641} INFO - Processing file /home/jarret/data-engineering-bootcamp/workspace/airflow-code-review/venv/lib/python3.7/site-packages/airflow/example_dags/example_python_operator.py for tasks to queue
[2022-06-17 13:21:50,654] {logging_mixin.py:115} INFO - [2022-06-17 13:21:50,653] {dagbag.py:507} INFO - Filling up the DagBag from /home/jarret/data-engineering-bootcamp/workspace/airflow-code-review/venv/lib/python3.7/site-packages/airflow/example_dags/example_python_operator.py
[2022-06-17 13:21:50,665] {processor.py:651} INFO - DAG(s) dict_keys(['example_python_operator']) retrieved from /home/jarret/data-engineering-bootcamp/workspace/airflow-code-review/venv/lib/python3.7/site-packages/airflow/example_dags/example_python_operator.py
[2022-06-17 13:21:50,677] {logging_mixin.py:115} INFO - [2022-06-17 13:21:50,677] {dag.py:2379} INFO - Sync 1 DAGs
[2022-06-17 13:21:50,693] {logging_mixin.py:115} INFO - [2022-06-17 13:21:50,693] {dag.py:2931} INFO - Setting next_dagrun for example_python_operator to None, run_after=None
[2022-06-17 13:21:50,826] {processor.py:161} INFO - Processing /home/jarret/data-engineering-bootcamp/workspace/airflow-code-review/venv/lib/python3.7/site-packages/airflow/example_dags/example_python_operator.py took 0.183 seconds
[2022-06-17 13:22:50,287] {processor.py:153} INFO - Started process (PID=19597) to work on /home/jarret/data-engineering-bootcamp/workspace/airflow-code-review/venv/lib/python3.7/site-packages/airflow/example_dags/example_python_operator.py
[2022-06-17 13:22:50,288] {processor.py:641} INFO - Processing file /home/jarret/data-engineering-bootcamp/workspace/airflow-code-review/venv/lib/python3.7/site-packages/airflow/example_dags/example_python_operator.py for tasks to queue
[2022-06-17 13:22:50,289] {logging_mixin.py:115} INFO - [2022-06-17 13:22:50,289] {dagbag.py:507} INFO - Filling up the DagBag from /home/jarret/data-engineering-bootcamp/workspace/airflow-code-review/venv/lib/python3.7/site-packages/airflow/example_dags/example_python_operator.py
[2022-06-17 13:22:50,309] {processor.py:651} INFO - DAG(s) dict_keys(['example_python_operator']) retrieved from /home/jarret/data-engineering-bootcamp/workspace/airflow-code-review/venv/lib/python3.7/site-packages/airflow/example_dags/example_python_operator.py
[2022-06-17 13:22:50,320] {logging_mixin.py:115} INFO - [2022-06-17 13:22:50,320] {dag.py:2379} INFO - Sync 1 DAGs
[2022-06-17 13:22:50,337] {logging_mixin.py:115} INFO - [2022-06-17 13:22:50,337] {dag.py:2931} INFO - Setting next_dagrun for example_python_operator to None, run_after=None
[2022-06-17 13:22:50,464] {processor.py:161} INFO - Processing /home/jarret/data-engineering-bootcamp/workspace/airflow-code-review/venv/lib/python3.7/site-packages/airflow/example_dags/example_python_operator.py took 0.180 seconds
[2022-06-17 13:23:50,178] {processor.py:153} INFO - Started process (PID=19714) to work on /home/jarret/data-engineering-bootcamp/workspace/airflow-code-review/venv/lib/python3.7/site-packages/airflow/example_dags/example_python_operator.py
[2022-06-17 13:23:50,180] {processor.py:641} INFO - Processing file /home/jarret/data-engineering-bootcamp/workspace/airflow-code-review/venv/lib/python3.7/site-packages/airflow/example_dags/example_python_operator.py for tasks to queue
[2022-06-17 13:23:50,180] {logging_mixin.py:115} INFO - [2022-06-17 13:23:50,180] {dagbag.py:507} INFO - Filling up the DagBag from /home/jarret/data-engineering-bootcamp/workspace/airflow-code-review/venv/lib/python3.7/site-packages/airflow/example_dags/example_python_operator.py
[2022-06-17 13:23:50,201] {processor.py:651} INFO - DAG(s) dict_keys(['example_python_operator']) retrieved from /home/jarret/data-engineering-bootcamp/workspace/airflow-code-review/venv/lib/python3.7/site-packages/airflow/example_dags/example_python_operator.py
[2022-06-17 13:23:50,212] {logging_mixin.py:115} INFO - [2022-06-17 13:23:50,212] {dag.py:2379} INFO - Sync 1 DAGs
[2022-06-17 13:23:50,228] {logging_mixin.py:115} INFO - [2022-06-17 13:23:50,228] {dag.py:2931} INFO - Setting next_dagrun for example_python_operator to None, run_after=None
[2022-06-17 13:23:50,362] {processor.py:161} INFO - Processing /home/jarret/data-engineering-bootcamp/workspace/airflow-code-review/venv/lib/python3.7/site-packages/airflow/example_dags/example_python_operator.py took 0.187 seconds
[2022-06-17 13:24:51,264] {processor.py:153} INFO - Started process (PID=19827) to work on /home/jarret/data-engineering-bootcamp/workspace/airflow-code-review/venv/lib/python3.7/site-packages/airflow/example_dags/example_python_operator.py
[2022-06-17 13:24:51,265] {processor.py:641} INFO - Processing file /home/jarret/data-engineering-bootcamp/workspace/airflow-code-review/venv/lib/python3.7/site-packages/airflow/example_dags/example_python_operator.py for tasks to queue
[2022-06-17 13:24:51,265] {logging_mixin.py:115} INFO - [2022-06-17 13:24:51,265] {dagbag.py:507} INFO - Filling up the DagBag from /home/jarret/data-engineering-bootcamp/workspace/airflow-code-review/venv/lib/python3.7/site-packages/airflow/example_dags/example_python_operator.py
[2022-06-17 13:24:51,277] {processor.py:651} INFO - DAG(s) dict_keys(['example_python_operator']) retrieved from /home/jarret/data-engineering-bootcamp/workspace/airflow-code-review/venv/lib/python3.7/site-packages/airflow/example_dags/example_python_operator.py
[2022-06-17 13:24:51,288] {logging_mixin.py:115} INFO - [2022-06-17 13:24:51,288] {dag.py:2379} INFO - Sync 1 DAGs
[2022-06-17 13:24:51,304] {logging_mixin.py:115} INFO - [2022-06-17 13:24:51,304] {dag.py:2931} INFO - Setting next_dagrun for example_python_operator to None, run_after=None
[2022-06-17 13:24:51,443] {processor.py:161} INFO - Processing /home/jarret/data-engineering-bootcamp/workspace/airflow-code-review/venv/lib/python3.7/site-packages/airflow/example_dags/example_python_operator.py took 0.182 seconds
[2022-06-17 13:25:43,753] {processor.py:153} INFO - Started process (PID=19935) to work on /home/jarret/data-engineering-bootcamp/workspace/airflow-code-review/venv/lib/python3.7/site-packages/airflow/example_dags/example_python_operator.py
[2022-06-17 13:25:43,778] {processor.py:641} INFO - Processing file /home/jarret/data-engineering-bootcamp/workspace/airflow-code-review/venv/lib/python3.7/site-packages/airflow/example_dags/example_python_operator.py for tasks to queue
[2022-06-17 13:25:43,778] {logging_mixin.py:115} INFO - [2022-06-17 13:25:43,778] {dagbag.py:507} INFO - Filling up the DagBag from /home/jarret/data-engineering-bootcamp/workspace/airflow-code-review/venv/lib/python3.7/site-packages/airflow/example_dags/example_python_operator.py
[2022-06-17 13:25:43,794] {processor.py:651} INFO - DAG(s) dict_keys(['example_python_operator']) retrieved from /home/jarret/data-engineering-bootcamp/workspace/airflow-code-review/venv/lib/python3.7/site-packages/airflow/example_dags/example_python_operator.py
[2022-06-17 13:25:43,805] {logging_mixin.py:115} INFO - [2022-06-17 13:25:43,804] {dag.py:2379} INFO - Sync 1 DAGs
[2022-06-17 13:25:43,820] {logging_mixin.py:115} INFO - [2022-06-17 13:25:43,820] {dag.py:2931} INFO - Setting next_dagrun for example_python_operator to None, run_after=None
[2022-06-17 13:25:45,008] {processor.py:161} INFO - Processing /home/jarret/data-engineering-bootcamp/workspace/airflow-code-review/venv/lib/python3.7/site-packages/airflow/example_dags/example_python_operator.py took 1.257 seconds
[2022-06-17 13:26:36,545] {processor.py:153} INFO - Started process (PID=20040) to work on /home/jarret/data-engineering-bootcamp/workspace/airflow-code-review/venv/lib/python3.7/site-packages/airflow/example_dags/example_python_operator.py
[2022-06-17 13:26:36,548] {processor.py:641} INFO - Processing file /home/jarret/data-engineering-bootcamp/workspace/airflow-code-review/venv/lib/python3.7/site-packages/airflow/example_dags/example_python_operator.py for tasks to queue
[2022-06-17 13:26:36,549] {logging_mixin.py:115} INFO - [2022-06-17 13:26:36,549] {dagbag.py:507} INFO - Filling up the DagBag from /home/jarret/data-engineering-bootcamp/workspace/airflow-code-review/venv/lib/python3.7/site-packages/airflow/example_dags/example_python_operator.py
[2022-06-17 13:26:36,561] {processor.py:651} INFO - DAG(s) dict_keys(['example_python_operator']) retrieved from /home/jarret/data-engineering-bootcamp/workspace/airflow-code-review/venv/lib/python3.7/site-packages/airflow/example_dags/example_python_operator.py
[2022-06-17 13:26:36,574] {logging_mixin.py:115} INFO - [2022-06-17 13:26:36,574] {dag.py:2379} INFO - Sync 1 DAGs
[2022-06-17 13:26:36,588] {logging_mixin.py:115} INFO - [2022-06-17 13:26:36,588] {dag.py:2931} INFO - Setting next_dagrun for example_python_operator to None, run_after=None
[2022-06-17 13:26:37,360] {processor.py:161} INFO - Processing /home/jarret/data-engineering-bootcamp/workspace/airflow-code-review/venv/lib/python3.7/site-packages/airflow/example_dags/example_python_operator.py took 0.819 seconds
[2022-06-17 13:27:44,109] {processor.py:153} INFO - Started process (PID=20177) to work on /home/jarret/data-engineering-bootcamp/workspace/airflow-code-review/venv/lib/python3.7/site-packages/airflow/example_dags/example_python_operator.py
[2022-06-17 13:27:44,121] {processor.py:641} INFO - Processing file /home/jarret/data-engineering-bootcamp/workspace/airflow-code-review/venv/lib/python3.7/site-packages/airflow/example_dags/example_python_operator.py for tasks to queue
[2022-06-17 13:27:44,121] {logging_mixin.py:115} INFO - [2022-06-17 13:27:44,121] {dagbag.py:507} INFO - Filling up the DagBag from /home/jarret/data-engineering-bootcamp/workspace/airflow-code-review/venv/lib/python3.7/site-packages/airflow/example_dags/example_python_operator.py
[2022-06-17 13:27:44,133] {processor.py:651} INFO - DAG(s) dict_keys(['example_python_operator']) retrieved from /home/jarret/data-engineering-bootcamp/workspace/airflow-code-review/venv/lib/python3.7/site-packages/airflow/example_dags/example_python_operator.py
[2022-06-17 13:27:44,145] {logging_mixin.py:115} INFO - [2022-06-17 13:27:44,145] {dag.py:2379} INFO - Sync 1 DAGs
[2022-06-17 13:27:44,160] {logging_mixin.py:115} INFO - [2022-06-17 13:27:44,160] {dag.py:2931} INFO - Setting next_dagrun for example_python_operator to None, run_after=None
[2022-06-17 13:27:44,345] {processor.py:161} INFO - Processing /home/jarret/data-engineering-bootcamp/workspace/airflow-code-review/venv/lib/python3.7/site-packages/airflow/example_dags/example_python_operator.py took 0.239 seconds
[2022-06-17 13:28:38,246] {processor.py:153} INFO - Started process (PID=20264) to work on /home/jarret/data-engineering-bootcamp/workspace/airflow-code-review/venv/lib/python3.7/site-packages/airflow/example_dags/example_python_operator.py
[2022-06-17 13:28:38,272] {processor.py:641} INFO - Processing file /home/jarret/data-engineering-bootcamp/workspace/airflow-code-review/venv/lib/python3.7/site-packages/airflow/example_dags/example_python_operator.py for tasks to queue
[2022-06-17 13:28:38,273] {logging_mixin.py:115} INFO - [2022-06-17 13:28:38,273] {dagbag.py:507} INFO - Filling up the DagBag from /home/jarret/data-engineering-bootcamp/workspace/airflow-code-review/venv/lib/python3.7/site-packages/airflow/example_dags/example_python_operator.py
[2022-06-17 13:28:38,295] {processor.py:651} INFO - DAG(s) dict_keys(['example_python_operator']) retrieved from /home/jarret/data-engineering-bootcamp/workspace/airflow-code-review/venv/lib/python3.7/site-packages/airflow/example_dags/example_python_operator.py
[2022-06-17 13:28:38,308] {logging_mixin.py:115} INFO - [2022-06-17 13:28:38,308] {dag.py:2379} INFO - Sync 1 DAGs
[2022-06-17 13:28:38,323] {logging_mixin.py:115} INFO - [2022-06-17 13:28:38,322] {dag.py:2931} INFO - Setting next_dagrun for example_python_operator to None, run_after=None
[2022-06-17 13:28:38,500] {processor.py:161} INFO - Processing /home/jarret/data-engineering-bootcamp/workspace/airflow-code-review/venv/lib/python3.7/site-packages/airflow/example_dags/example_python_operator.py took 0.257 seconds
[2022-06-17 13:29:21,356] {processor.py:153} INFO - Started process (PID=20484) to work on /home/jarret/data-engineering-bootcamp/workspace/airflow-code-review/venv/lib/python3.7/site-packages/airflow/example_dags/example_python_operator.py
[2022-06-17 13:29:21,365] {processor.py:641} INFO - Processing file /home/jarret/data-engineering-bootcamp/workspace/airflow-code-review/venv/lib/python3.7/site-packages/airflow/example_dags/example_python_operator.py for tasks to queue
[2022-06-17 13:29:21,366] {logging_mixin.py:115} INFO - [2022-06-17 13:29:21,366] {dagbag.py:507} INFO - Filling up the DagBag from /home/jarret/data-engineering-bootcamp/workspace/airflow-code-review/venv/lib/python3.7/site-packages/airflow/example_dags/example_python_operator.py
[2022-06-17 13:29:21,380] {processor.py:651} INFO - DAG(s) dict_keys(['example_python_operator']) retrieved from /home/jarret/data-engineering-bootcamp/workspace/airflow-code-review/venv/lib/python3.7/site-packages/airflow/example_dags/example_python_operator.py
[2022-06-17 13:29:21,393] {logging_mixin.py:115} INFO - [2022-06-17 13:29:21,393] {dag.py:2379} INFO - Sync 1 DAGs
[2022-06-17 13:29:21,408] {logging_mixin.py:115} INFO - [2022-06-17 13:29:21,408] {dag.py:2931} INFO - Setting next_dagrun for example_python_operator to None, run_after=None
[2022-06-17 13:29:21,540] {processor.py:161} INFO - Processing /home/jarret/data-engineering-bootcamp/workspace/airflow-code-review/venv/lib/python3.7/site-packages/airflow/example_dags/example_python_operator.py took 0.188 seconds
[2022-06-17 13:30:15,619] {processor.py:153} INFO - Started process (PID=20570) to work on /home/jarret/data-engineering-bootcamp/workspace/airflow-code-review/venv/lib/python3.7/site-packages/airflow/example_dags/example_python_operator.py
[2022-06-17 13:30:15,621] {processor.py:641} INFO - Processing file /home/jarret/data-engineering-bootcamp/workspace/airflow-code-review/venv/lib/python3.7/site-packages/airflow/example_dags/example_python_operator.py for tasks to queue
[2022-06-17 13:30:15,621] {logging_mixin.py:115} INFO - [2022-06-17 13:30:15,621] {dagbag.py:507} INFO - Filling up the DagBag from /home/jarret/data-engineering-bootcamp/workspace/airflow-code-review/venv/lib/python3.7/site-packages/airflow/example_dags/example_python_operator.py
[2022-06-17 13:30:15,636] {processor.py:651} INFO - DAG(s) dict_keys(['example_python_operator']) retrieved from /home/jarret/data-engineering-bootcamp/workspace/airflow-code-review/venv/lib/python3.7/site-packages/airflow/example_dags/example_python_operator.py
[2022-06-17 13:30:15,649] {logging_mixin.py:115} INFO - [2022-06-17 13:30:15,649] {dag.py:2379} INFO - Sync 1 DAGs
[2022-06-17 13:30:15,664] {logging_mixin.py:115} INFO - [2022-06-17 13:30:15,663] {dag.py:2931} INFO - Setting next_dagrun for example_python_operator to None, run_after=None
[2022-06-17 13:30:16,228] {processor.py:161} INFO - Processing /home/jarret/data-engineering-bootcamp/workspace/airflow-code-review/venv/lib/python3.7/site-packages/airflow/example_dags/example_python_operator.py took 0.612 seconds
[2022-06-17 13:31:04,180] {processor.py:153} INFO - Started process (PID=20667) to work on /home/jarret/data-engineering-bootcamp/workspace/airflow-code-review/venv/lib/python3.7/site-packages/airflow/example_dags/example_python_operator.py
[2022-06-17 13:31:04,186] {processor.py:641} INFO - Processing file /home/jarret/data-engineering-bootcamp/workspace/airflow-code-review/venv/lib/python3.7/site-packages/airflow/example_dags/example_python_operator.py for tasks to queue
[2022-06-17 13:31:04,186] {logging_mixin.py:115} INFO - [2022-06-17 13:31:04,186] {dagbag.py:507} INFO - Filling up the DagBag from /home/jarret/data-engineering-bootcamp/workspace/airflow-code-review/venv/lib/python3.7/site-packages/airflow/example_dags/example_python_operator.py
[2022-06-17 13:31:04,198] {processor.py:651} INFO - DAG(s) dict_keys(['example_python_operator']) retrieved from /home/jarret/data-engineering-bootcamp/workspace/airflow-code-review/venv/lib/python3.7/site-packages/airflow/example_dags/example_python_operator.py
[2022-06-17 13:31:04,211] {logging_mixin.py:115} INFO - [2022-06-17 13:31:04,211] {dag.py:2379} INFO - Sync 1 DAGs
[2022-06-17 13:31:04,227] {logging_mixin.py:115} INFO - [2022-06-17 13:31:04,227] {dag.py:2931} INFO - Setting next_dagrun for example_python_operator to None, run_after=None
[2022-06-17 13:31:04,345] {processor.py:161} INFO - Processing /home/jarret/data-engineering-bootcamp/workspace/airflow-code-review/venv/lib/python3.7/site-packages/airflow/example_dags/example_python_operator.py took 0.167 seconds
[2022-06-17 13:31:57,681] {processor.py:153} INFO - Started process (PID=21541) to work on /home/jarret/data-engineering-bootcamp/workspace/airflow-code-review/venv/lib/python3.7/site-packages/airflow/example_dags/example_python_operator.py
[2022-06-17 13:31:57,696] {processor.py:641} INFO - Processing file /home/jarret/data-engineering-bootcamp/workspace/airflow-code-review/venv/lib/python3.7/site-packages/airflow/example_dags/example_python_operator.py for tasks to queue
[2022-06-17 13:31:57,697] {logging_mixin.py:115} INFO - [2022-06-17 13:31:57,697] {dagbag.py:507} INFO - Filling up the DagBag from /home/jarret/data-engineering-bootcamp/workspace/airflow-code-review/venv/lib/python3.7/site-packages/airflow/example_dags/example_python_operator.py
[2022-06-17 13:31:57,711] {processor.py:651} INFO - DAG(s) dict_keys(['example_python_operator']) retrieved from /home/jarret/data-engineering-bootcamp/workspace/airflow-code-review/venv/lib/python3.7/site-packages/airflow/example_dags/example_python_operator.py
[2022-06-17 13:31:57,724] {logging_mixin.py:115} INFO - [2022-06-17 13:31:57,724] {dag.py:2379} INFO - Sync 1 DAGs
[2022-06-17 13:31:57,738] {logging_mixin.py:115} INFO - [2022-06-17 13:31:57,738] {dag.py:2931} INFO - Setting next_dagrun for example_python_operator to None, run_after=None
[2022-06-17 13:31:58,461] {processor.py:161} INFO - Processing /home/jarret/data-engineering-bootcamp/workspace/airflow-code-review/venv/lib/python3.7/site-packages/airflow/example_dags/example_python_operator.py took 0.784 seconds
[2022-06-17 13:32:57,021] {processor.py:153} INFO - Started process (PID=22302) to work on /home/jarret/data-engineering-bootcamp/workspace/airflow-code-review/venv/lib/python3.7/site-packages/airflow/example_dags/example_python_operator.py
[2022-06-17 13:32:57,023] {processor.py:641} INFO - Processing file /home/jarret/data-engineering-bootcamp/workspace/airflow-code-review/venv/lib/python3.7/site-packages/airflow/example_dags/example_python_operator.py for tasks to queue
[2022-06-17 13:32:57,024] {logging_mixin.py:115} INFO - [2022-06-17 13:32:57,023] {dagbag.py:507} INFO - Filling up the DagBag from /home/jarret/data-engineering-bootcamp/workspace/airflow-code-review/venv/lib/python3.7/site-packages/airflow/example_dags/example_python_operator.py
[2022-06-17 13:32:57,045] {processor.py:651} INFO - DAG(s) dict_keys(['example_python_operator']) retrieved from /home/jarret/data-engineering-bootcamp/workspace/airflow-code-review/venv/lib/python3.7/site-packages/airflow/example_dags/example_python_operator.py
[2022-06-17 13:32:57,058] {logging_mixin.py:115} INFO - [2022-06-17 13:32:57,057] {dag.py:2379} INFO - Sync 1 DAGs
[2022-06-17 13:32:57,072] {logging_mixin.py:115} INFO - [2022-06-17 13:32:57,072] {dag.py:2931} INFO - Setting next_dagrun for example_python_operator to None, run_after=None
[2022-06-17 13:32:57,912] {processor.py:161} INFO - Processing /home/jarret/data-engineering-bootcamp/workspace/airflow-code-review/venv/lib/python3.7/site-packages/airflow/example_dags/example_python_operator.py took 0.894 seconds
[2022-06-17 13:33:49,433] {processor.py:153} INFO - Started process (PID=23021) to work on /home/jarret/data-engineering-bootcamp/workspace/airflow-code-review/venv/lib/python3.7/site-packages/airflow/example_dags/example_python_operator.py
[2022-06-17 13:33:49,443] {processor.py:641} INFO - Processing file /home/jarret/data-engineering-bootcamp/workspace/airflow-code-review/venv/lib/python3.7/site-packages/airflow/example_dags/example_python_operator.py for tasks to queue
[2022-06-17 13:33:49,443] {logging_mixin.py:115} INFO - [2022-06-17 13:33:49,443] {dagbag.py:507} INFO - Filling up the DagBag from /home/jarret/data-engineering-bootcamp/workspace/airflow-code-review/venv/lib/python3.7/site-packages/airflow/example_dags/example_python_operator.py
[2022-06-17 13:33:49,455] {processor.py:651} INFO - DAG(s) dict_keys(['example_python_operator']) retrieved from /home/jarret/data-engineering-bootcamp/workspace/airflow-code-review/venv/lib/python3.7/site-packages/airflow/example_dags/example_python_operator.py
[2022-06-17 13:33:49,468] {logging_mixin.py:115} INFO - [2022-06-17 13:33:49,468] {dag.py:2379} INFO - Sync 1 DAGs
[2022-06-17 13:33:49,483] {logging_mixin.py:115} INFO - [2022-06-17 13:33:49,483] {dag.py:2931} INFO - Setting next_dagrun for example_python_operator to None, run_after=None
[2022-06-17 13:33:49,615] {processor.py:161} INFO - Processing /home/jarret/data-engineering-bootcamp/workspace/airflow-code-review/venv/lib/python3.7/site-packages/airflow/example_dags/example_python_operator.py took 0.185 seconds
