[2022-06-17 12:37:00,633] {processor.py:153} INFO - Started process (PID=15712) to work on /home/jarret/data-engineering-bootcamp/workspace/airflow-code-review/venv/lib/python3.7/site-packages/airflow/example_dags/example_complex.py
[2022-06-17 12:37:00,633] {processor.py:641} INFO - Processing file /home/jarret/data-engineering-bootcamp/workspace/airflow-code-review/venv/lib/python3.7/site-packages/airflow/example_dags/example_complex.py for tasks to queue
[2022-06-17 12:37:00,634] {logging_mixin.py:115} INFO - [2022-06-17 12:37:00,634] {dagbag.py:507} INFO - Filling up the DagBag from /home/jarret/data-engineering-bootcamp/workspace/airflow-code-review/venv/lib/python3.7/site-packages/airflow/example_dags/example_complex.py
[2022-06-17 12:37:00,649] {processor.py:651} INFO - DAG(s) dict_keys(['example_complex']) retrieved from /home/jarret/data-engineering-bootcamp/workspace/airflow-code-review/venv/lib/python3.7/site-packages/airflow/example_dags/example_complex.py
[2022-06-17 12:37:01,252] {logging_mixin.py:115} INFO - [2022-06-17 12:37:01,251] {manager.py:508} INFO - Created Permission View: can read on DAG:example_complex
[2022-06-17 12:37:01,426] {logging_mixin.py:115} INFO - [2022-06-17 12:37:01,426] {manager.py:508} INFO - Created Permission View: can delete on DAG:example_complex
[2022-06-17 12:37:01,551] {logging_mixin.py:115} INFO - [2022-06-17 12:37:01,551] {manager.py:508} INFO - Created Permission View: can edit on DAG:example_complex
[2022-06-17 12:37:01,551] {logging_mixin.py:115} INFO - [2022-06-17 12:37:01,551] {dag.py:2379} INFO - Sync 1 DAGs
[2022-06-17 12:37:01,562] {logging_mixin.py:115} INFO - [2022-06-17 12:37:01,562] {dag.py:2398} INFO - Creating ORM DAG for example_complex
[2022-06-17 12:37:01,571] {logging_mixin.py:115} INFO - [2022-06-17 12:37:01,571] {dag.py:2931} INFO - Setting next_dagrun for example_complex to None, run_after=None
[2022-06-17 12:37:01,724] {processor.py:161} INFO - Processing /home/jarret/data-engineering-bootcamp/workspace/airflow-code-review/venv/lib/python3.7/site-packages/airflow/example_dags/example_complex.py took 1.095 seconds
[2022-06-17 12:38:08,040] {processor.py:153} INFO - Started process (PID=15764) to work on /home/jarret/data-engineering-bootcamp/workspace/airflow-code-review/venv/lib/python3.7/site-packages/airflow/example_dags/example_complex.py
[2022-06-17 12:38:08,229] {processor.py:641} INFO - Processing file /home/jarret/data-engineering-bootcamp/workspace/airflow-code-review/venv/lib/python3.7/site-packages/airflow/example_dags/example_complex.py for tasks to queue
[2022-06-17 12:38:08,230] {logging_mixin.py:115} INFO - [2022-06-17 12:38:08,230] {dagbag.py:507} INFO - Filling up the DagBag from /home/jarret/data-engineering-bootcamp/workspace/airflow-code-review/venv/lib/python3.7/site-packages/airflow/example_dags/example_complex.py
[2022-06-17 12:38:08,242] {processor.py:651} INFO - DAG(s) dict_keys(['example_complex']) retrieved from /home/jarret/data-engineering-bootcamp/workspace/airflow-code-review/venv/lib/python3.7/site-packages/airflow/example_dags/example_complex.py
[2022-06-17 12:38:08,258] {logging_mixin.py:115} INFO - [2022-06-17 12:38:08,258] {dag.py:2379} INFO - Sync 1 DAGs
[2022-06-17 12:38:08,273] {logging_mixin.py:115} INFO - [2022-06-17 12:38:08,273] {dag.py:2931} INFO - Setting next_dagrun for example_complex to None, run_after=None
[2022-06-17 12:38:10,811] {processor.py:161} INFO - Processing /home/jarret/data-engineering-bootcamp/workspace/airflow-code-review/venv/lib/python3.7/site-packages/airflow/example_dags/example_complex.py took 2.774 seconds
[2022-06-17 12:39:11,394] {processor.py:153} INFO - Started process (PID=15823) to work on /home/jarret/data-engineering-bootcamp/workspace/airflow-code-review/venv/lib/python3.7/site-packages/airflow/example_dags/example_complex.py
[2022-06-17 12:39:11,535] {processor.py:641} INFO - Processing file /home/jarret/data-engineering-bootcamp/workspace/airflow-code-review/venv/lib/python3.7/site-packages/airflow/example_dags/example_complex.py for tasks to queue
[2022-06-17 12:39:11,536] {logging_mixin.py:115} INFO - [2022-06-17 12:39:11,536] {dagbag.py:507} INFO - Filling up the DagBag from /home/jarret/data-engineering-bootcamp/workspace/airflow-code-review/venv/lib/python3.7/site-packages/airflow/example_dags/example_complex.py
[2022-06-17 12:39:11,554] {processor.py:651} INFO - DAG(s) dict_keys(['example_complex']) retrieved from /home/jarret/data-engineering-bootcamp/workspace/airflow-code-review/venv/lib/python3.7/site-packages/airflow/example_dags/example_complex.py
[2022-06-17 12:39:11,569] {logging_mixin.py:115} INFO - [2022-06-17 12:39:11,569] {dag.py:2379} INFO - Sync 1 DAGs
[2022-06-17 12:39:11,584] {logging_mixin.py:115} INFO - [2022-06-17 12:39:11,584] {dag.py:2931} INFO - Setting next_dagrun for example_complex to None, run_after=None
[2022-06-17 12:39:12,643] {processor.py:161} INFO - Processing /home/jarret/data-engineering-bootcamp/workspace/airflow-code-review/venv/lib/python3.7/site-packages/airflow/example_dags/example_complex.py took 1.251 seconds
[2022-06-17 12:40:09,176] {processor.py:153} INFO - Started process (PID=15862) to work on /home/jarret/data-engineering-bootcamp/workspace/airflow-code-review/venv/lib/python3.7/site-packages/airflow/example_dags/example_complex.py
[2022-06-17 12:40:09,177] {processor.py:641} INFO - Processing file /home/jarret/data-engineering-bootcamp/workspace/airflow-code-review/venv/lib/python3.7/site-packages/airflow/example_dags/example_complex.py for tasks to queue
[2022-06-17 12:40:09,178] {logging_mixin.py:115} INFO - [2022-06-17 12:40:09,178] {dagbag.py:507} INFO - Filling up the DagBag from /home/jarret/data-engineering-bootcamp/workspace/airflow-code-review/venv/lib/python3.7/site-packages/airflow/example_dags/example_complex.py
[2022-06-17 12:40:09,198] {processor.py:651} INFO - DAG(s) dict_keys(['example_complex']) retrieved from /home/jarret/data-engineering-bootcamp/workspace/airflow-code-review/venv/lib/python3.7/site-packages/airflow/example_dags/example_complex.py
[2022-06-17 12:40:09,212] {logging_mixin.py:115} INFO - [2022-06-17 12:40:09,212] {dag.py:2379} INFO - Sync 1 DAGs
[2022-06-17 12:40:09,227] {logging_mixin.py:115} INFO - [2022-06-17 12:40:09,227] {dag.py:2931} INFO - Setting next_dagrun for example_complex to None, run_after=None
[2022-06-17 12:40:09,655] {processor.py:161} INFO - Processing /home/jarret/data-engineering-bootcamp/workspace/airflow-code-review/venv/lib/python3.7/site-packages/airflow/example_dags/example_complex.py took 0.483 seconds
[2022-06-17 12:41:12,507] {processor.py:153} INFO - Started process (PID=15963) to work on /home/jarret/data-engineering-bootcamp/workspace/airflow-code-review/venv/lib/python3.7/site-packages/airflow/example_dags/example_complex.py
[2022-06-17 12:41:12,518] {processor.py:641} INFO - Processing file /home/jarret/data-engineering-bootcamp/workspace/airflow-code-review/venv/lib/python3.7/site-packages/airflow/example_dags/example_complex.py for tasks to queue
[2022-06-17 12:41:12,518] {logging_mixin.py:115} INFO - [2022-06-17 12:41:12,518] {dagbag.py:507} INFO - Filling up the DagBag from /home/jarret/data-engineering-bootcamp/workspace/airflow-code-review/venv/lib/python3.7/site-packages/airflow/example_dags/example_complex.py
[2022-06-17 12:41:12,528] {processor.py:651} INFO - DAG(s) dict_keys(['example_complex']) retrieved from /home/jarret/data-engineering-bootcamp/workspace/airflow-code-review/venv/lib/python3.7/site-packages/airflow/example_dags/example_complex.py
[2022-06-17 12:41:12,544] {logging_mixin.py:115} INFO - [2022-06-17 12:41:12,544] {dag.py:2379} INFO - Sync 1 DAGs
[2022-06-17 12:41:12,560] {logging_mixin.py:115} INFO - [2022-06-17 12:41:12,560] {dag.py:2931} INFO - Setting next_dagrun for example_complex to None, run_after=None
[2022-06-17 12:41:12,681] {processor.py:161} INFO - Processing /home/jarret/data-engineering-bootcamp/workspace/airflow-code-review/venv/lib/python3.7/site-packages/airflow/example_dags/example_complex.py took 0.177 seconds
[2022-06-17 12:42:05,792] {processor.py:153} INFO - Started process (PID=16011) to work on /home/jarret/data-engineering-bootcamp/workspace/airflow-code-review/venv/lib/python3.7/site-packages/airflow/example_dags/example_complex.py
[2022-06-17 12:42:05,823] {processor.py:641} INFO - Processing file /home/jarret/data-engineering-bootcamp/workspace/airflow-code-review/venv/lib/python3.7/site-packages/airflow/example_dags/example_complex.py for tasks to queue
[2022-06-17 12:42:05,824] {logging_mixin.py:115} INFO - [2022-06-17 12:42:05,823] {dagbag.py:507} INFO - Filling up the DagBag from /home/jarret/data-engineering-bootcamp/workspace/airflow-code-review/venv/lib/python3.7/site-packages/airflow/example_dags/example_complex.py
[2022-06-17 12:42:05,839] {processor.py:651} INFO - DAG(s) dict_keys(['example_complex']) retrieved from /home/jarret/data-engineering-bootcamp/workspace/airflow-code-review/venv/lib/python3.7/site-packages/airflow/example_dags/example_complex.py
[2022-06-17 12:42:05,855] {logging_mixin.py:115} INFO - [2022-06-17 12:42:05,855] {dag.py:2379} INFO - Sync 1 DAGs
[2022-06-17 12:42:05,869] {logging_mixin.py:115} INFO - [2022-06-17 12:42:05,869] {dag.py:2931} INFO - Setting next_dagrun for example_complex to None, run_after=None
[2022-06-17 12:42:07,276] {processor.py:161} INFO - Processing /home/jarret/data-engineering-bootcamp/workspace/airflow-code-review/venv/lib/python3.7/site-packages/airflow/example_dags/example_complex.py took 1.488 seconds
[2022-06-17 12:43:39,059] {processor.py:153} INFO - Started process (PID=16168) to work on /home/jarret/data-engineering-bootcamp/workspace/airflow-code-review/venv/lib/python3.7/site-packages/airflow/example_dags/example_complex.py
[2022-06-17 12:43:39,069] {processor.py:641} INFO - Processing file /home/jarret/data-engineering-bootcamp/workspace/airflow-code-review/venv/lib/python3.7/site-packages/airflow/example_dags/example_complex.py for tasks to queue
[2022-06-17 12:43:39,070] {logging_mixin.py:115} INFO - [2022-06-17 12:43:39,070] {dagbag.py:507} INFO - Filling up the DagBag from /home/jarret/data-engineering-bootcamp/workspace/airflow-code-review/venv/lib/python3.7/site-packages/airflow/example_dags/example_complex.py
[2022-06-17 12:43:39,080] {processor.py:651} INFO - DAG(s) dict_keys(['example_complex']) retrieved from /home/jarret/data-engineering-bootcamp/workspace/airflow-code-review/venv/lib/python3.7/site-packages/airflow/example_dags/example_complex.py
[2022-06-17 12:43:39,096] {logging_mixin.py:115} INFO - [2022-06-17 12:43:39,096] {dag.py:2379} INFO - Sync 1 DAGs
[2022-06-17 12:43:39,112] {logging_mixin.py:115} INFO - [2022-06-17 12:43:39,112] {dag.py:2931} INFO - Setting next_dagrun for example_complex to None, run_after=None
[2022-06-17 12:43:40,208] {processor.py:161} INFO - Processing /home/jarret/data-engineering-bootcamp/workspace/airflow-code-review/venv/lib/python3.7/site-packages/airflow/example_dags/example_complex.py took 1.153 seconds
[2022-06-17 12:44:42,665] {processor.py:153} INFO - Started process (PID=16262) to work on /home/jarret/data-engineering-bootcamp/workspace/airflow-code-review/venv/lib/python3.7/site-packages/airflow/example_dags/example_complex.py
[2022-06-17 12:44:42,699] {processor.py:641} INFO - Processing file /home/jarret/data-engineering-bootcamp/workspace/airflow-code-review/venv/lib/python3.7/site-packages/airflow/example_dags/example_complex.py for tasks to queue
[2022-06-17 12:44:42,700] {logging_mixin.py:115} INFO - [2022-06-17 12:44:42,700] {dagbag.py:507} INFO - Filling up the DagBag from /home/jarret/data-engineering-bootcamp/workspace/airflow-code-review/venv/lib/python3.7/site-packages/airflow/example_dags/example_complex.py
[2022-06-17 12:44:42,713] {processor.py:651} INFO - DAG(s) dict_keys(['example_complex']) retrieved from /home/jarret/data-engineering-bootcamp/workspace/airflow-code-review/venv/lib/python3.7/site-packages/airflow/example_dags/example_complex.py
[2022-06-17 12:44:42,729] {logging_mixin.py:115} INFO - [2022-06-17 12:44:42,729] {dag.py:2379} INFO - Sync 1 DAGs
[2022-06-17 12:44:42,744] {logging_mixin.py:115} INFO - [2022-06-17 12:44:42,744] {dag.py:2931} INFO - Setting next_dagrun for example_complex to None, run_after=None
[2022-06-17 12:44:44,064] {processor.py:161} INFO - Processing /home/jarret/data-engineering-bootcamp/workspace/airflow-code-review/venv/lib/python3.7/site-packages/airflow/example_dags/example_complex.py took 1.402 seconds
[2022-06-17 12:45:48,875] {processor.py:153} INFO - Started process (PID=16384) to work on /home/jarret/data-engineering-bootcamp/workspace/airflow-code-review/venv/lib/python3.7/site-packages/airflow/example_dags/example_complex.py
[2022-06-17 12:45:48,875] {processor.py:641} INFO - Processing file /home/jarret/data-engineering-bootcamp/workspace/airflow-code-review/venv/lib/python3.7/site-packages/airflow/example_dags/example_complex.py for tasks to queue
[2022-06-17 12:45:48,876] {logging_mixin.py:115} INFO - [2022-06-17 12:45:48,876] {dagbag.py:507} INFO - Filling up the DagBag from /home/jarret/data-engineering-bootcamp/workspace/airflow-code-review/venv/lib/python3.7/site-packages/airflow/example_dags/example_complex.py
[2022-06-17 12:45:48,886] {processor.py:651} INFO - DAG(s) dict_keys(['example_complex']) retrieved from /home/jarret/data-engineering-bootcamp/workspace/airflow-code-review/venv/lib/python3.7/site-packages/airflow/example_dags/example_complex.py
[2022-06-17 12:45:48,903] {logging_mixin.py:115} INFO - [2022-06-17 12:45:48,903] {dag.py:2379} INFO - Sync 1 DAGs
[2022-06-17 12:45:48,918] {logging_mixin.py:115} INFO - [2022-06-17 12:45:48,918] {dag.py:2931} INFO - Setting next_dagrun for example_complex to None, run_after=None
[2022-06-17 12:45:49,189] {processor.py:161} INFO - Processing /home/jarret/data-engineering-bootcamp/workspace/airflow-code-review/venv/lib/python3.7/site-packages/airflow/example_dags/example_complex.py took 0.316 seconds
[2022-06-17 12:46:59,362] {processor.py:153} INFO - Started process (PID=16483) to work on /home/jarret/data-engineering-bootcamp/workspace/airflow-code-review/venv/lib/python3.7/site-packages/airflow/example_dags/example_complex.py
[2022-06-17 12:46:59,435] {processor.py:641} INFO - Processing file /home/jarret/data-engineering-bootcamp/workspace/airflow-code-review/venv/lib/python3.7/site-packages/airflow/example_dags/example_complex.py for tasks to queue
[2022-06-17 12:46:59,435] {logging_mixin.py:115} INFO - [2022-06-17 12:46:59,435] {dagbag.py:507} INFO - Filling up the DagBag from /home/jarret/data-engineering-bootcamp/workspace/airflow-code-review/venv/lib/python3.7/site-packages/airflow/example_dags/example_complex.py
[2022-06-17 12:46:59,448] {processor.py:651} INFO - DAG(s) dict_keys(['example_complex']) retrieved from /home/jarret/data-engineering-bootcamp/workspace/airflow-code-review/venv/lib/python3.7/site-packages/airflow/example_dags/example_complex.py
[2022-06-17 12:46:59,463] {logging_mixin.py:115} INFO - [2022-06-17 12:46:59,463] {dag.py:2379} INFO - Sync 1 DAGs
[2022-06-17 12:46:59,478] {logging_mixin.py:115} INFO - [2022-06-17 12:46:59,478] {dag.py:2931} INFO - Setting next_dagrun for example_complex to None, run_after=None
[2022-06-17 12:47:00,401] {processor.py:161} INFO - Processing /home/jarret/data-engineering-bootcamp/workspace/airflow-code-review/venv/lib/python3.7/site-packages/airflow/example_dags/example_complex.py took 1.040 seconds
[2022-06-17 12:48:03,075] {processor.py:153} INFO - Started process (PID=16527) to work on /home/jarret/data-engineering-bootcamp/workspace/airflow-code-review/venv/lib/python3.7/site-packages/airflow/example_dags/example_complex.py
[2022-06-17 12:48:03,081] {processor.py:641} INFO - Processing file /home/jarret/data-engineering-bootcamp/workspace/airflow-code-review/venv/lib/python3.7/site-packages/airflow/example_dags/example_complex.py for tasks to queue
[2022-06-17 12:48:03,082] {logging_mixin.py:115} INFO - [2022-06-17 12:48:03,082] {dagbag.py:507} INFO - Filling up the DagBag from /home/jarret/data-engineering-bootcamp/workspace/airflow-code-review/venv/lib/python3.7/site-packages/airflow/example_dags/example_complex.py
[2022-06-17 12:48:03,092] {processor.py:651} INFO - DAG(s) dict_keys(['example_complex']) retrieved from /home/jarret/data-engineering-bootcamp/workspace/airflow-code-review/venv/lib/python3.7/site-packages/airflow/example_dags/example_complex.py
[2022-06-17 12:48:03,107] {logging_mixin.py:115} INFO - [2022-06-17 12:48:03,107] {dag.py:2379} INFO - Sync 1 DAGs
[2022-06-17 12:48:03,122] {logging_mixin.py:115} INFO - [2022-06-17 12:48:03,122] {dag.py:2931} INFO - Setting next_dagrun for example_complex to None, run_after=None
[2022-06-17 12:48:03,401] {processor.py:161} INFO - Processing /home/jarret/data-engineering-bootcamp/workspace/airflow-code-review/venv/lib/python3.7/site-packages/airflow/example_dags/example_complex.py took 0.329 seconds
[2022-06-17 12:49:22,469] {processor.py:153} INFO - Started process (PID=16627) to work on /home/jarret/data-engineering-bootcamp/workspace/airflow-code-review/venv/lib/python3.7/site-packages/airflow/example_dags/example_complex.py
[2022-06-17 12:49:22,471] {processor.py:641} INFO - Processing file /home/jarret/data-engineering-bootcamp/workspace/airflow-code-review/venv/lib/python3.7/site-packages/airflow/example_dags/example_complex.py for tasks to queue
[2022-06-17 12:49:22,472] {logging_mixin.py:115} INFO - [2022-06-17 12:49:22,471] {dagbag.py:507} INFO - Filling up the DagBag from /home/jarret/data-engineering-bootcamp/workspace/airflow-code-review/venv/lib/python3.7/site-packages/airflow/example_dags/example_complex.py
[2022-06-17 12:49:22,489] {processor.py:651} INFO - DAG(s) dict_keys(['example_complex']) retrieved from /home/jarret/data-engineering-bootcamp/workspace/airflow-code-review/venv/lib/python3.7/site-packages/airflow/example_dags/example_complex.py
[2022-06-17 12:49:22,504] {logging_mixin.py:115} INFO - [2022-06-17 12:49:22,504] {dag.py:2379} INFO - Sync 1 DAGs
[2022-06-17 12:49:22,518] {logging_mixin.py:115} INFO - [2022-06-17 12:49:22,518] {dag.py:2931} INFO - Setting next_dagrun for example_complex to None, run_after=None
[2022-06-17 12:49:23,788] {processor.py:161} INFO - Processing /home/jarret/data-engineering-bootcamp/workspace/airflow-code-review/venv/lib/python3.7/site-packages/airflow/example_dags/example_complex.py took 1.321 seconds
[2022-06-17 12:50:23,745] {processor.py:153} INFO - Started process (PID=16739) to work on /home/jarret/data-engineering-bootcamp/workspace/airflow-code-review/venv/lib/python3.7/site-packages/airflow/example_dags/example_complex.py
[2022-06-17 12:50:23,771] {processor.py:641} INFO - Processing file /home/jarret/data-engineering-bootcamp/workspace/airflow-code-review/venv/lib/python3.7/site-packages/airflow/example_dags/example_complex.py for tasks to queue
[2022-06-17 12:50:23,771] {logging_mixin.py:115} INFO - [2022-06-17 12:50:23,771] {dagbag.py:507} INFO - Filling up the DagBag from /home/jarret/data-engineering-bootcamp/workspace/airflow-code-review/venv/lib/python3.7/site-packages/airflow/example_dags/example_complex.py
[2022-06-17 12:50:23,782] {processor.py:651} INFO - DAG(s) dict_keys(['example_complex']) retrieved from /home/jarret/data-engineering-bootcamp/workspace/airflow-code-review/venv/lib/python3.7/site-packages/airflow/example_dags/example_complex.py
[2022-06-17 12:50:23,798] {logging_mixin.py:115} INFO - [2022-06-17 12:50:23,798] {dag.py:2379} INFO - Sync 1 DAGs
[2022-06-17 12:50:23,813] {logging_mixin.py:115} INFO - [2022-06-17 12:50:23,813] {dag.py:2931} INFO - Setting next_dagrun for example_complex to None, run_after=None
[2022-06-17 12:50:24,448] {processor.py:161} INFO - Processing /home/jarret/data-engineering-bootcamp/workspace/airflow-code-review/venv/lib/python3.7/site-packages/airflow/example_dags/example_complex.py took 0.706 seconds
[2022-06-17 12:51:27,873] {processor.py:153} INFO - Started process (PID=16842) to work on /home/jarret/data-engineering-bootcamp/workspace/airflow-code-review/venv/lib/python3.7/site-packages/airflow/example_dags/example_complex.py
[2022-06-17 12:51:27,881] {processor.py:641} INFO - Processing file /home/jarret/data-engineering-bootcamp/workspace/airflow-code-review/venv/lib/python3.7/site-packages/airflow/example_dags/example_complex.py for tasks to queue
[2022-06-17 12:51:27,882] {logging_mixin.py:115} INFO - [2022-06-17 12:51:27,882] {dagbag.py:507} INFO - Filling up the DagBag from /home/jarret/data-engineering-bootcamp/workspace/airflow-code-review/venv/lib/python3.7/site-packages/airflow/example_dags/example_complex.py
[2022-06-17 12:51:27,892] {processor.py:651} INFO - DAG(s) dict_keys(['example_complex']) retrieved from /home/jarret/data-engineering-bootcamp/workspace/airflow-code-review/venv/lib/python3.7/site-packages/airflow/example_dags/example_complex.py
[2022-06-17 12:51:27,907] {logging_mixin.py:115} INFO - [2022-06-17 12:51:27,907] {dag.py:2379} INFO - Sync 1 DAGs
[2022-06-17 12:51:27,922] {logging_mixin.py:115} INFO - [2022-06-17 12:51:27,922] {dag.py:2931} INFO - Setting next_dagrun for example_complex to None, run_after=None
[2022-06-17 12:51:29,581] {processor.py:161} INFO - Processing /home/jarret/data-engineering-bootcamp/workspace/airflow-code-review/venv/lib/python3.7/site-packages/airflow/example_dags/example_complex.py took 1.711 seconds
[2022-06-17 12:52:32,522] {processor.py:153} INFO - Started process (PID=16949) to work on /home/jarret/data-engineering-bootcamp/workspace/airflow-code-review/venv/lib/python3.7/site-packages/airflow/example_dags/example_complex.py
[2022-06-17 12:52:32,547] {processor.py:641} INFO - Processing file /home/jarret/data-engineering-bootcamp/workspace/airflow-code-review/venv/lib/python3.7/site-packages/airflow/example_dags/example_complex.py for tasks to queue
[2022-06-17 12:52:32,548] {logging_mixin.py:115} INFO - [2022-06-17 12:52:32,548] {dagbag.py:507} INFO - Filling up the DagBag from /home/jarret/data-engineering-bootcamp/workspace/airflow-code-review/venv/lib/python3.7/site-packages/airflow/example_dags/example_complex.py
[2022-06-17 12:52:32,559] {processor.py:651} INFO - DAG(s) dict_keys(['example_complex']) retrieved from /home/jarret/data-engineering-bootcamp/workspace/airflow-code-review/venv/lib/python3.7/site-packages/airflow/example_dags/example_complex.py
[2022-06-17 12:52:32,575] {logging_mixin.py:115} INFO - [2022-06-17 12:52:32,575] {dag.py:2379} INFO - Sync 1 DAGs
[2022-06-17 12:52:32,590] {logging_mixin.py:115} INFO - [2022-06-17 12:52:32,590] {dag.py:2931} INFO - Setting next_dagrun for example_complex to None, run_after=None
[2022-06-17 12:52:32,745] {processor.py:161} INFO - Processing /home/jarret/data-engineering-bootcamp/workspace/airflow-code-review/venv/lib/python3.7/site-packages/airflow/example_dags/example_complex.py took 0.226 seconds
[2022-06-17 12:53:37,381] {processor.py:153} INFO - Started process (PID=16992) to work on /home/jarret/data-engineering-bootcamp/workspace/airflow-code-review/venv/lib/python3.7/site-packages/airflow/example_dags/example_complex.py
[2022-06-17 12:53:37,465] {processor.py:641} INFO - Processing file /home/jarret/data-engineering-bootcamp/workspace/airflow-code-review/venv/lib/python3.7/site-packages/airflow/example_dags/example_complex.py for tasks to queue
[2022-06-17 12:53:37,466] {logging_mixin.py:115} INFO - [2022-06-17 12:53:37,466] {dagbag.py:507} INFO - Filling up the DagBag from /home/jarret/data-engineering-bootcamp/workspace/airflow-code-review/venv/lib/python3.7/site-packages/airflow/example_dags/example_complex.py
[2022-06-17 12:53:37,480] {processor.py:651} INFO - DAG(s) dict_keys(['example_complex']) retrieved from /home/jarret/data-engineering-bootcamp/workspace/airflow-code-review/venv/lib/python3.7/site-packages/airflow/example_dags/example_complex.py
[2022-06-17 12:53:37,496] {logging_mixin.py:115} INFO - [2022-06-17 12:53:37,495] {dag.py:2379} INFO - Sync 1 DAGs
[2022-06-17 12:53:37,510] {logging_mixin.py:115} INFO - [2022-06-17 12:53:37,510] {dag.py:2931} INFO - Setting next_dagrun for example_complex to None, run_after=None
[2022-06-17 12:53:39,433] {processor.py:161} INFO - Processing /home/jarret/data-engineering-bootcamp/workspace/airflow-code-review/venv/lib/python3.7/site-packages/airflow/example_dags/example_complex.py took 2.055 seconds
[2022-06-17 12:54:50,518] {processor.py:153} INFO - Started process (PID=17077) to work on /home/jarret/data-engineering-bootcamp/workspace/airflow-code-review/venv/lib/python3.7/site-packages/airflow/example_dags/example_complex.py
[2022-06-17 12:54:50,582] {processor.py:641} INFO - Processing file /home/jarret/data-engineering-bootcamp/workspace/airflow-code-review/venv/lib/python3.7/site-packages/airflow/example_dags/example_complex.py for tasks to queue
[2022-06-17 12:54:50,583] {logging_mixin.py:115} INFO - [2022-06-17 12:54:50,583] {dagbag.py:507} INFO - Filling up the DagBag from /home/jarret/data-engineering-bootcamp/workspace/airflow-code-review/venv/lib/python3.7/site-packages/airflow/example_dags/example_complex.py
[2022-06-17 12:54:50,603] {processor.py:651} INFO - DAG(s) dict_keys(['example_complex']) retrieved from /home/jarret/data-engineering-bootcamp/workspace/airflow-code-review/venv/lib/python3.7/site-packages/airflow/example_dags/example_complex.py
[2022-06-17 12:54:50,619] {logging_mixin.py:115} INFO - [2022-06-17 12:54:50,619] {dag.py:2379} INFO - Sync 1 DAGs
[2022-06-17 12:54:50,634] {logging_mixin.py:115} INFO - [2022-06-17 12:54:50,634] {dag.py:2931} INFO - Setting next_dagrun for example_complex to None, run_after=None
[2022-06-17 12:54:50,781] {processor.py:161} INFO - Processing /home/jarret/data-engineering-bootcamp/workspace/airflow-code-review/venv/lib/python3.7/site-packages/airflow/example_dags/example_complex.py took 0.266 seconds
[2022-06-17 12:55:46,707] {processor.py:153} INFO - Started process (PID=17119) to work on /home/jarret/data-engineering-bootcamp/workspace/airflow-code-review/venv/lib/python3.7/site-packages/airflow/example_dags/example_complex.py
[2022-06-17 12:55:46,737] {processor.py:641} INFO - Processing file /home/jarret/data-engineering-bootcamp/workspace/airflow-code-review/venv/lib/python3.7/site-packages/airflow/example_dags/example_complex.py for tasks to queue
[2022-06-17 12:55:46,738] {logging_mixin.py:115} INFO - [2022-06-17 12:55:46,738] {dagbag.py:507} INFO - Filling up the DagBag from /home/jarret/data-engineering-bootcamp/workspace/airflow-code-review/venv/lib/python3.7/site-packages/airflow/example_dags/example_complex.py
[2022-06-17 12:55:46,750] {processor.py:651} INFO - DAG(s) dict_keys(['example_complex']) retrieved from /home/jarret/data-engineering-bootcamp/workspace/airflow-code-review/venv/lib/python3.7/site-packages/airflow/example_dags/example_complex.py
[2022-06-17 12:55:46,766] {logging_mixin.py:115} INFO - [2022-06-17 12:55:46,765] {dag.py:2379} INFO - Sync 1 DAGs
[2022-06-17 12:55:46,781] {logging_mixin.py:115} INFO - [2022-06-17 12:55:46,780] {dag.py:2931} INFO - Setting next_dagrun for example_complex to None, run_after=None
[2022-06-17 12:55:47,592] {processor.py:161} INFO - Processing /home/jarret/data-engineering-bootcamp/workspace/airflow-code-review/venv/lib/python3.7/site-packages/airflow/example_dags/example_complex.py took 0.888 seconds
[2022-06-17 12:56:36,970] {processor.py:153} INFO - Started process (PID=17212) to work on /home/jarret/data-engineering-bootcamp/workspace/airflow-code-review/venv/lib/python3.7/site-packages/airflow/example_dags/example_complex.py
[2022-06-17 12:56:36,987] {processor.py:641} INFO - Processing file /home/jarret/data-engineering-bootcamp/workspace/airflow-code-review/venv/lib/python3.7/site-packages/airflow/example_dags/example_complex.py for tasks to queue
[2022-06-17 12:56:36,987] {logging_mixin.py:115} INFO - [2022-06-17 12:56:36,987] {dagbag.py:507} INFO - Filling up the DagBag from /home/jarret/data-engineering-bootcamp/workspace/airflow-code-review/venv/lib/python3.7/site-packages/airflow/example_dags/example_complex.py
[2022-06-17 12:56:37,003] {processor.py:651} INFO - DAG(s) dict_keys(['example_complex']) retrieved from /home/jarret/data-engineering-bootcamp/workspace/airflow-code-review/venv/lib/python3.7/site-packages/airflow/example_dags/example_complex.py
[2022-06-17 12:56:37,018] {logging_mixin.py:115} INFO - [2022-06-17 12:56:37,018] {dag.py:2379} INFO - Sync 1 DAGs
[2022-06-17 12:56:37,033] {logging_mixin.py:115} INFO - [2022-06-17 12:56:37,033] {dag.py:2931} INFO - Setting next_dagrun for example_complex to None, run_after=None
[2022-06-17 12:56:38,149] {processor.py:161} INFO - Processing /home/jarret/data-engineering-bootcamp/workspace/airflow-code-review/venv/lib/python3.7/site-packages/airflow/example_dags/example_complex.py took 1.182 seconds
[2022-06-17 12:57:42,138] {processor.py:153} INFO - Started process (PID=17260) to work on /home/jarret/data-engineering-bootcamp/workspace/airflow-code-review/venv/lib/python3.7/site-packages/airflow/example_dags/example_complex.py
[2022-06-17 12:57:42,140] {processor.py:641} INFO - Processing file /home/jarret/data-engineering-bootcamp/workspace/airflow-code-review/venv/lib/python3.7/site-packages/airflow/example_dags/example_complex.py for tasks to queue
[2022-06-17 12:57:42,140] {logging_mixin.py:115} INFO - [2022-06-17 12:57:42,140] {dagbag.py:507} INFO - Filling up the DagBag from /home/jarret/data-engineering-bootcamp/workspace/airflow-code-review/venv/lib/python3.7/site-packages/airflow/example_dags/example_complex.py
[2022-06-17 12:57:42,152] {processor.py:651} INFO - DAG(s) dict_keys(['example_complex']) retrieved from /home/jarret/data-engineering-bootcamp/workspace/airflow-code-review/venv/lib/python3.7/site-packages/airflow/example_dags/example_complex.py
[2022-06-17 12:57:42,167] {logging_mixin.py:115} INFO - [2022-06-17 12:57:42,167] {dag.py:2379} INFO - Sync 1 DAGs
[2022-06-17 12:57:42,183] {logging_mixin.py:115} INFO - [2022-06-17 12:57:42,183] {dag.py:2931} INFO - Setting next_dagrun for example_complex to None, run_after=None
[2022-06-17 12:57:43,072] {processor.py:161} INFO - Processing /home/jarret/data-engineering-bootcamp/workspace/airflow-code-review/venv/lib/python3.7/site-packages/airflow/example_dags/example_complex.py took 0.937 seconds
[2022-06-17 12:58:51,911] {processor.py:153} INFO - Started process (PID=17358) to work on /home/jarret/data-engineering-bootcamp/workspace/airflow-code-review/venv/lib/python3.7/site-packages/airflow/example_dags/example_complex.py
[2022-06-17 12:58:51,918] {processor.py:641} INFO - Processing file /home/jarret/data-engineering-bootcamp/workspace/airflow-code-review/venv/lib/python3.7/site-packages/airflow/example_dags/example_complex.py for tasks to queue
[2022-06-17 12:58:51,919] {logging_mixin.py:115} INFO - [2022-06-17 12:58:51,918] {dagbag.py:507} INFO - Filling up the DagBag from /home/jarret/data-engineering-bootcamp/workspace/airflow-code-review/venv/lib/python3.7/site-packages/airflow/example_dags/example_complex.py
[2022-06-17 12:58:51,930] {processor.py:651} INFO - DAG(s) dict_keys(['example_complex']) retrieved from /home/jarret/data-engineering-bootcamp/workspace/airflow-code-review/venv/lib/python3.7/site-packages/airflow/example_dags/example_complex.py
[2022-06-17 12:58:51,945] {logging_mixin.py:115} INFO - [2022-06-17 12:58:51,945] {dag.py:2379} INFO - Sync 1 DAGs
[2022-06-17 12:58:51,961] {logging_mixin.py:115} INFO - [2022-06-17 12:58:51,961] {dag.py:2931} INFO - Setting next_dagrun for example_complex to None, run_after=None
[2022-06-17 12:58:52,372] {processor.py:161} INFO - Processing /home/jarret/data-engineering-bootcamp/workspace/airflow-code-review/venv/lib/python3.7/site-packages/airflow/example_dags/example_complex.py took 0.465 seconds
[2022-06-17 12:59:33,699] {processor.py:153} INFO - Started process (PID=17443) to work on /home/jarret/data-engineering-bootcamp/workspace/airflow-code-review/venv/lib/python3.7/site-packages/airflow/example_dags/example_complex.py
[2022-06-17 12:59:33,708] {processor.py:641} INFO - Processing file /home/jarret/data-engineering-bootcamp/workspace/airflow-code-review/venv/lib/python3.7/site-packages/airflow/example_dags/example_complex.py for tasks to queue
[2022-06-17 12:59:33,708] {logging_mixin.py:115} INFO - [2022-06-17 12:59:33,708] {dagbag.py:507} INFO - Filling up the DagBag from /home/jarret/data-engineering-bootcamp/workspace/airflow-code-review/venv/lib/python3.7/site-packages/airflow/example_dags/example_complex.py
[2022-06-17 12:59:33,718] {processor.py:651} INFO - DAG(s) dict_keys(['example_complex']) retrieved from /home/jarret/data-engineering-bootcamp/workspace/airflow-code-review/venv/lib/python3.7/site-packages/airflow/example_dags/example_complex.py
[2022-06-17 12:59:33,733] {logging_mixin.py:115} INFO - [2022-06-17 12:59:33,733] {dag.py:2379} INFO - Sync 1 DAGs
[2022-06-17 12:59:33,748] {logging_mixin.py:115} INFO - [2022-06-17 12:59:33,748] {dag.py:2931} INFO - Setting next_dagrun for example_complex to None, run_after=None
[2022-06-17 12:59:34,949] {processor.py:161} INFO - Processing /home/jarret/data-engineering-bootcamp/workspace/airflow-code-review/venv/lib/python3.7/site-packages/airflow/example_dags/example_complex.py took 1.253 seconds
[2022-06-17 13:00:38,562] {processor.py:153} INFO - Started process (PID=17542) to work on /home/jarret/data-engineering-bootcamp/workspace/airflow-code-review/venv/lib/python3.7/site-packages/airflow/example_dags/example_complex.py
[2022-06-17 13:00:38,584] {processor.py:641} INFO - Processing file /home/jarret/data-engineering-bootcamp/workspace/airflow-code-review/venv/lib/python3.7/site-packages/airflow/example_dags/example_complex.py for tasks to queue
[2022-06-17 13:00:38,585] {logging_mixin.py:115} INFO - [2022-06-17 13:00:38,584] {dagbag.py:507} INFO - Filling up the DagBag from /home/jarret/data-engineering-bootcamp/workspace/airflow-code-review/venv/lib/python3.7/site-packages/airflow/example_dags/example_complex.py
[2022-06-17 13:00:38,598] {processor.py:651} INFO - DAG(s) dict_keys(['example_complex']) retrieved from /home/jarret/data-engineering-bootcamp/workspace/airflow-code-review/venv/lib/python3.7/site-packages/airflow/example_dags/example_complex.py
[2022-06-17 13:00:38,614] {logging_mixin.py:115} INFO - [2022-06-17 13:00:38,614] {dag.py:2379} INFO - Sync 1 DAGs
[2022-06-17 13:00:38,630] {logging_mixin.py:115} INFO - [2022-06-17 13:00:38,630] {dag.py:2931} INFO - Setting next_dagrun for example_complex to None, run_after=None
[2022-06-17 13:00:40,030] {processor.py:161} INFO - Processing /home/jarret/data-engineering-bootcamp/workspace/airflow-code-review/venv/lib/python3.7/site-packages/airflow/example_dags/example_complex.py took 1.471 seconds
[2022-06-17 13:01:39,606] {processor.py:153} INFO - Started process (PID=17641) to work on /home/jarret/data-engineering-bootcamp/workspace/airflow-code-review/venv/lib/python3.7/site-packages/airflow/example_dags/example_complex.py
[2022-06-17 13:01:39,616] {processor.py:641} INFO - Processing file /home/jarret/data-engineering-bootcamp/workspace/airflow-code-review/venv/lib/python3.7/site-packages/airflow/example_dags/example_complex.py for tasks to queue
[2022-06-17 13:01:39,616] {logging_mixin.py:115} INFO - [2022-06-17 13:01:39,616] {dagbag.py:507} INFO - Filling up the DagBag from /home/jarret/data-engineering-bootcamp/workspace/airflow-code-review/venv/lib/python3.7/site-packages/airflow/example_dags/example_complex.py
[2022-06-17 13:01:39,626] {processor.py:651} INFO - DAG(s) dict_keys(['example_complex']) retrieved from /home/jarret/data-engineering-bootcamp/workspace/airflow-code-review/venv/lib/python3.7/site-packages/airflow/example_dags/example_complex.py
[2022-06-17 13:01:39,642] {logging_mixin.py:115} INFO - [2022-06-17 13:01:39,642] {dag.py:2379} INFO - Sync 1 DAGs
[2022-06-17 13:01:39,659] {logging_mixin.py:115} INFO - [2022-06-17 13:01:39,659] {dag.py:2931} INFO - Setting next_dagrun for example_complex to None, run_after=None
[2022-06-17 13:01:40,726] {processor.py:161} INFO - Processing /home/jarret/data-engineering-bootcamp/workspace/airflow-code-review/venv/lib/python3.7/site-packages/airflow/example_dags/example_complex.py took 1.124 seconds
[2022-06-17 13:02:26,214] {processor.py:153} INFO - Started process (PID=17735) to work on /home/jarret/data-engineering-bootcamp/workspace/airflow-code-review/venv/lib/python3.7/site-packages/airflow/example_dags/example_complex.py
[2022-06-17 13:02:26,226] {processor.py:641} INFO - Processing file /home/jarret/data-engineering-bootcamp/workspace/airflow-code-review/venv/lib/python3.7/site-packages/airflow/example_dags/example_complex.py for tasks to queue
[2022-06-17 13:02:26,227] {logging_mixin.py:115} INFO - [2022-06-17 13:02:26,227] {dagbag.py:507} INFO - Filling up the DagBag from /home/jarret/data-engineering-bootcamp/workspace/airflow-code-review/venv/lib/python3.7/site-packages/airflow/example_dags/example_complex.py
[2022-06-17 13:02:26,239] {processor.py:651} INFO - DAG(s) dict_keys(['example_complex']) retrieved from /home/jarret/data-engineering-bootcamp/workspace/airflow-code-review/venv/lib/python3.7/site-packages/airflow/example_dags/example_complex.py
[2022-06-17 13:02:26,254] {logging_mixin.py:115} INFO - [2022-06-17 13:02:26,254] {dag.py:2379} INFO - Sync 1 DAGs
[2022-06-17 13:02:26,270] {logging_mixin.py:115} INFO - [2022-06-17 13:02:26,270] {dag.py:2931} INFO - Setting next_dagrun for example_complex to None, run_after=None
[2022-06-17 13:02:26,392] {processor.py:161} INFO - Processing /home/jarret/data-engineering-bootcamp/workspace/airflow-code-review/venv/lib/python3.7/site-packages/airflow/example_dags/example_complex.py took 0.181 seconds
[2022-06-17 13:03:47,966] {processor.py:153} INFO - Started process (PID=17884) to work on /home/jarret/data-engineering-bootcamp/workspace/airflow-code-review/venv/lib/python3.7/site-packages/airflow/example_dags/example_complex.py
[2022-06-17 13:03:47,967] {processor.py:641} INFO - Processing file /home/jarret/data-engineering-bootcamp/workspace/airflow-code-review/venv/lib/python3.7/site-packages/airflow/example_dags/example_complex.py for tasks to queue
[2022-06-17 13:03:47,968] {logging_mixin.py:115} INFO - [2022-06-17 13:03:47,968] {dagbag.py:507} INFO - Filling up the DagBag from /home/jarret/data-engineering-bootcamp/workspace/airflow-code-review/venv/lib/python3.7/site-packages/airflow/example_dags/example_complex.py
[2022-06-17 13:03:47,977] {processor.py:651} INFO - DAG(s) dict_keys(['example_complex']) retrieved from /home/jarret/data-engineering-bootcamp/workspace/airflow-code-review/venv/lib/python3.7/site-packages/airflow/example_dags/example_complex.py
[2022-06-17 13:03:47,992] {logging_mixin.py:115} INFO - [2022-06-17 13:03:47,992] {dag.py:2379} INFO - Sync 1 DAGs
[2022-06-17 13:03:48,008] {logging_mixin.py:115} INFO - [2022-06-17 13:03:48,008] {dag.py:2931} INFO - Setting next_dagrun for example_complex to None, run_after=None
[2022-06-17 13:03:48,135] {processor.py:161} INFO - Processing /home/jarret/data-engineering-bootcamp/workspace/airflow-code-review/venv/lib/python3.7/site-packages/airflow/example_dags/example_complex.py took 0.172 seconds
[2022-06-17 13:04:48,924] {processor.py:153} INFO - Started process (PID=17977) to work on /home/jarret/data-engineering-bootcamp/workspace/airflow-code-review/venv/lib/python3.7/site-packages/airflow/example_dags/example_complex.py
[2022-06-17 13:04:49,022] {processor.py:641} INFO - Processing file /home/jarret/data-engineering-bootcamp/workspace/airflow-code-review/venv/lib/python3.7/site-packages/airflow/example_dags/example_complex.py for tasks to queue
[2022-06-17 13:04:49,022] {logging_mixin.py:115} INFO - [2022-06-17 13:04:49,022] {dagbag.py:507} INFO - Filling up the DagBag from /home/jarret/data-engineering-bootcamp/workspace/airflow-code-review/venv/lib/python3.7/site-packages/airflow/example_dags/example_complex.py
[2022-06-17 13:04:49,032] {processor.py:651} INFO - DAG(s) dict_keys(['example_complex']) retrieved from /home/jarret/data-engineering-bootcamp/workspace/airflow-code-review/venv/lib/python3.7/site-packages/airflow/example_dags/example_complex.py
[2022-06-17 13:04:49,048] {logging_mixin.py:115} INFO - [2022-06-17 13:04:49,048] {dag.py:2379} INFO - Sync 1 DAGs
[2022-06-17 13:04:49,064] {logging_mixin.py:115} INFO - [2022-06-17 13:04:49,064] {dag.py:2931} INFO - Setting next_dagrun for example_complex to None, run_after=None
[2022-06-17 13:04:49,887] {processor.py:161} INFO - Processing /home/jarret/data-engineering-bootcamp/workspace/airflow-code-review/venv/lib/python3.7/site-packages/airflow/example_dags/example_complex.py took 0.965 seconds
[2022-06-17 13:05:38,873] {processor.py:153} INFO - Started process (PID=18017) to work on /home/jarret/data-engineering-bootcamp/workspace/airflow-code-review/venv/lib/python3.7/site-packages/airflow/example_dags/example_complex.py
[2022-06-17 13:05:38,874] {processor.py:641} INFO - Processing file /home/jarret/data-engineering-bootcamp/workspace/airflow-code-review/venv/lib/python3.7/site-packages/airflow/example_dags/example_complex.py for tasks to queue
[2022-06-17 13:05:38,875] {logging_mixin.py:115} INFO - [2022-06-17 13:05:38,874] {dagbag.py:507} INFO - Filling up the DagBag from /home/jarret/data-engineering-bootcamp/workspace/airflow-code-review/venv/lib/python3.7/site-packages/airflow/example_dags/example_complex.py
[2022-06-17 13:05:38,887] {processor.py:651} INFO - DAG(s) dict_keys(['example_complex']) retrieved from /home/jarret/data-engineering-bootcamp/workspace/airflow-code-review/venv/lib/python3.7/site-packages/airflow/example_dags/example_complex.py
[2022-06-17 13:05:38,902] {logging_mixin.py:115} INFO - [2022-06-17 13:05:38,902] {dag.py:2379} INFO - Sync 1 DAGs
[2022-06-17 13:05:38,919] {logging_mixin.py:115} INFO - [2022-06-17 13:05:38,919] {dag.py:2931} INFO - Setting next_dagrun for example_complex to None, run_after=None
[2022-06-17 13:05:39,245] {processor.py:161} INFO - Processing /home/jarret/data-engineering-bootcamp/workspace/airflow-code-review/venv/lib/python3.7/site-packages/airflow/example_dags/example_complex.py took 0.375 seconds
[2022-06-17 13:06:40,073] {processor.py:153} INFO - Started process (PID=18079) to work on /home/jarret/data-engineering-bootcamp/workspace/airflow-code-review/venv/lib/python3.7/site-packages/airflow/example_dags/example_complex.py
[2022-06-17 13:06:40,081] {processor.py:641} INFO - Processing file /home/jarret/data-engineering-bootcamp/workspace/airflow-code-review/venv/lib/python3.7/site-packages/airflow/example_dags/example_complex.py for tasks to queue
[2022-06-17 13:06:40,082] {logging_mixin.py:115} INFO - [2022-06-17 13:06:40,082] {dagbag.py:507} INFO - Filling up the DagBag from /home/jarret/data-engineering-bootcamp/workspace/airflow-code-review/venv/lib/python3.7/site-packages/airflow/example_dags/example_complex.py
[2022-06-17 13:06:40,092] {processor.py:651} INFO - DAG(s) dict_keys(['example_complex']) retrieved from /home/jarret/data-engineering-bootcamp/workspace/airflow-code-review/venv/lib/python3.7/site-packages/airflow/example_dags/example_complex.py
[2022-06-17 13:06:40,107] {logging_mixin.py:115} INFO - [2022-06-17 13:06:40,107] {dag.py:2379} INFO - Sync 1 DAGs
[2022-06-17 13:06:40,124] {logging_mixin.py:115} INFO - [2022-06-17 13:06:40,123] {dag.py:2931} INFO - Setting next_dagrun for example_complex to None, run_after=None
[2022-06-17 13:06:40,245] {processor.py:161} INFO - Processing /home/jarret/data-engineering-bootcamp/workspace/airflow-code-review/venv/lib/python3.7/site-packages/airflow/example_dags/example_complex.py took 0.175 seconds
[2022-06-17 13:07:32,574] {processor.py:153} INFO - Started process (PID=18190) to work on /home/jarret/data-engineering-bootcamp/workspace/airflow-code-review/venv/lib/python3.7/site-packages/airflow/example_dags/example_complex.py
[2022-06-17 13:07:32,596] {processor.py:641} INFO - Processing file /home/jarret/data-engineering-bootcamp/workspace/airflow-code-review/venv/lib/python3.7/site-packages/airflow/example_dags/example_complex.py for tasks to queue
[2022-06-17 13:07:32,596] {logging_mixin.py:115} INFO - [2022-06-17 13:07:32,596] {dagbag.py:507} INFO - Filling up the DagBag from /home/jarret/data-engineering-bootcamp/workspace/airflow-code-review/venv/lib/python3.7/site-packages/airflow/example_dags/example_complex.py
[2022-06-17 13:07:32,614] {processor.py:651} INFO - DAG(s) dict_keys(['example_complex']) retrieved from /home/jarret/data-engineering-bootcamp/workspace/airflow-code-review/venv/lib/python3.7/site-packages/airflow/example_dags/example_complex.py
[2022-06-17 13:07:32,630] {logging_mixin.py:115} INFO - [2022-06-17 13:07:32,630] {dag.py:2379} INFO - Sync 1 DAGs
[2022-06-17 13:07:32,648] {logging_mixin.py:115} INFO - [2022-06-17 13:07:32,648] {dag.py:2931} INFO - Setting next_dagrun for example_complex to None, run_after=None
[2022-06-17 13:07:32,776] {processor.py:161} INFO - Processing /home/jarret/data-engineering-bootcamp/workspace/airflow-code-review/venv/lib/python3.7/site-packages/airflow/example_dags/example_complex.py took 0.205 seconds
[2022-06-17 13:08:23,079] {processor.py:153} INFO - Started process (PID=18296) to work on /home/jarret/data-engineering-bootcamp/workspace/airflow-code-review/venv/lib/python3.7/site-packages/airflow/example_dags/example_complex.py
[2022-06-17 13:08:23,080] {processor.py:641} INFO - Processing file /home/jarret/data-engineering-bootcamp/workspace/airflow-code-review/venv/lib/python3.7/site-packages/airflow/example_dags/example_complex.py for tasks to queue
[2022-06-17 13:08:23,081] {logging_mixin.py:115} INFO - [2022-06-17 13:08:23,081] {dagbag.py:507} INFO - Filling up the DagBag from /home/jarret/data-engineering-bootcamp/workspace/airflow-code-review/venv/lib/python3.7/site-packages/airflow/example_dags/example_complex.py
[2022-06-17 13:08:23,092] {processor.py:651} INFO - DAG(s) dict_keys(['example_complex']) retrieved from /home/jarret/data-engineering-bootcamp/workspace/airflow-code-review/venv/lib/python3.7/site-packages/airflow/example_dags/example_complex.py
[2022-06-17 13:08:23,108] {logging_mixin.py:115} INFO - [2022-06-17 13:08:23,108] {dag.py:2379} INFO - Sync 1 DAGs
[2022-06-17 13:08:23,124] {logging_mixin.py:115} INFO - [2022-06-17 13:08:23,124] {dag.py:2931} INFO - Setting next_dagrun for example_complex to None, run_after=None
[2022-06-17 13:08:23,259] {processor.py:161} INFO - Processing /home/jarret/data-engineering-bootcamp/workspace/airflow-code-review/venv/lib/python3.7/site-packages/airflow/example_dags/example_complex.py took 0.184 seconds
[2022-06-17 13:09:02,789] {processor.py:153} INFO - Started process (PID=18382) to work on /home/jarret/data-engineering-bootcamp/workspace/airflow-code-review/venv/lib/python3.7/site-packages/airflow/example_dags/example_complex.py
[2022-06-17 13:09:02,797] {processor.py:641} INFO - Processing file /home/jarret/data-engineering-bootcamp/workspace/airflow-code-review/venv/lib/python3.7/site-packages/airflow/example_dags/example_complex.py for tasks to queue
[2022-06-17 13:09:02,798] {logging_mixin.py:115} INFO - [2022-06-17 13:09:02,798] {dagbag.py:507} INFO - Filling up the DagBag from /home/jarret/data-engineering-bootcamp/workspace/airflow-code-review/venv/lib/python3.7/site-packages/airflow/example_dags/example_complex.py
[2022-06-17 13:09:02,808] {processor.py:651} INFO - DAG(s) dict_keys(['example_complex']) retrieved from /home/jarret/data-engineering-bootcamp/workspace/airflow-code-review/venv/lib/python3.7/site-packages/airflow/example_dags/example_complex.py
[2022-06-17 13:09:02,823] {logging_mixin.py:115} INFO - [2022-06-17 13:09:02,823] {dag.py:2379} INFO - Sync 1 DAGs
[2022-06-17 13:09:02,839] {logging_mixin.py:115} INFO - [2022-06-17 13:09:02,839] {dag.py:2931} INFO - Setting next_dagrun for example_complex to None, run_after=None
[2022-06-17 13:09:02,968] {processor.py:161} INFO - Processing /home/jarret/data-engineering-bootcamp/workspace/airflow-code-review/venv/lib/python3.7/site-packages/airflow/example_dags/example_complex.py took 0.182 seconds
[2022-06-17 13:09:57,257] {processor.py:153} INFO - Started process (PID=18475) to work on /home/jarret/data-engineering-bootcamp/workspace/airflow-code-review/venv/lib/python3.7/site-packages/airflow/example_dags/example_complex.py
[2022-06-17 13:09:57,269] {processor.py:641} INFO - Processing file /home/jarret/data-engineering-bootcamp/workspace/airflow-code-review/venv/lib/python3.7/site-packages/airflow/example_dags/example_complex.py for tasks to queue
[2022-06-17 13:09:57,270] {logging_mixin.py:115} INFO - [2022-06-17 13:09:57,270] {dagbag.py:507} INFO - Filling up the DagBag from /home/jarret/data-engineering-bootcamp/workspace/airflow-code-review/venv/lib/python3.7/site-packages/airflow/example_dags/example_complex.py
[2022-06-17 13:09:57,288] {processor.py:651} INFO - DAG(s) dict_keys(['example_complex']) retrieved from /home/jarret/data-engineering-bootcamp/workspace/airflow-code-review/venv/lib/python3.7/site-packages/airflow/example_dags/example_complex.py
[2022-06-17 13:09:57,303] {logging_mixin.py:115} INFO - [2022-06-17 13:09:57,303] {dag.py:2379} INFO - Sync 1 DAGs
[2022-06-17 13:09:57,319] {logging_mixin.py:115} INFO - [2022-06-17 13:09:57,319] {dag.py:2931} INFO - Setting next_dagrun for example_complex to None, run_after=None
[2022-06-17 13:09:57,432] {processor.py:161} INFO - Processing /home/jarret/data-engineering-bootcamp/workspace/airflow-code-review/venv/lib/python3.7/site-packages/airflow/example_dags/example_complex.py took 0.177 seconds
[2022-06-17 13:10:49,535] {processor.py:153} INFO - Started process (PID=18558) to work on /home/jarret/data-engineering-bootcamp/workspace/airflow-code-review/venv/lib/python3.7/site-packages/airflow/example_dags/example_complex.py
[2022-06-17 13:10:49,543] {processor.py:641} INFO - Processing file /home/jarret/data-engineering-bootcamp/workspace/airflow-code-review/venv/lib/python3.7/site-packages/airflow/example_dags/example_complex.py for tasks to queue
[2022-06-17 13:10:49,544] {logging_mixin.py:115} INFO - [2022-06-17 13:10:49,543] {dagbag.py:507} INFO - Filling up the DagBag from /home/jarret/data-engineering-bootcamp/workspace/airflow-code-review/venv/lib/python3.7/site-packages/airflow/example_dags/example_complex.py
[2022-06-17 13:10:49,562] {processor.py:651} INFO - DAG(s) dict_keys(['example_complex']) retrieved from /home/jarret/data-engineering-bootcamp/workspace/airflow-code-review/venv/lib/python3.7/site-packages/airflow/example_dags/example_complex.py
[2022-06-17 13:10:49,578] {logging_mixin.py:115} INFO - [2022-06-17 13:10:49,578] {dag.py:2379} INFO - Sync 1 DAGs
[2022-06-17 13:10:49,596] {logging_mixin.py:115} INFO - [2022-06-17 13:10:49,595] {dag.py:2931} INFO - Setting next_dagrun for example_complex to None, run_after=None
[2022-06-17 13:10:49,703] {processor.py:161} INFO - Processing /home/jarret/data-engineering-bootcamp/workspace/airflow-code-review/venv/lib/python3.7/site-packages/airflow/example_dags/example_complex.py took 0.171 seconds
[2022-06-17 13:11:28,888] {processor.py:153} INFO - Started process (PID=18641) to work on /home/jarret/data-engineering-bootcamp/workspace/airflow-code-review/venv/lib/python3.7/site-packages/airflow/example_dags/example_complex.py
[2022-06-17 13:11:28,902] {processor.py:641} INFO - Processing file /home/jarret/data-engineering-bootcamp/workspace/airflow-code-review/venv/lib/python3.7/site-packages/airflow/example_dags/example_complex.py for tasks to queue
[2022-06-17 13:11:28,902] {logging_mixin.py:115} INFO - [2022-06-17 13:11:28,902] {dagbag.py:507} INFO - Filling up the DagBag from /home/jarret/data-engineering-bootcamp/workspace/airflow-code-review/venv/lib/python3.7/site-packages/airflow/example_dags/example_complex.py
[2022-06-17 13:11:28,912] {processor.py:651} INFO - DAG(s) dict_keys(['example_complex']) retrieved from /home/jarret/data-engineering-bootcamp/workspace/airflow-code-review/venv/lib/python3.7/site-packages/airflow/example_dags/example_complex.py
[2022-06-17 13:11:28,927] {logging_mixin.py:115} INFO - [2022-06-17 13:11:28,927] {dag.py:2379} INFO - Sync 1 DAGs
[2022-06-17 13:11:28,943] {logging_mixin.py:115} INFO - [2022-06-17 13:11:28,943] {dag.py:2931} INFO - Setting next_dagrun for example_complex to None, run_after=None
[2022-06-17 13:11:29,071] {processor.py:161} INFO - Processing /home/jarret/data-engineering-bootcamp/workspace/airflow-code-review/venv/lib/python3.7/site-packages/airflow/example_dags/example_complex.py took 0.186 seconds
[2022-06-17 13:12:19,588] {processor.py:153} INFO - Started process (PID=18743) to work on /home/jarret/data-engineering-bootcamp/workspace/airflow-code-review/venv/lib/python3.7/site-packages/airflow/example_dags/example_complex.py
[2022-06-17 13:12:19,596] {processor.py:641} INFO - Processing file /home/jarret/data-engineering-bootcamp/workspace/airflow-code-review/venv/lib/python3.7/site-packages/airflow/example_dags/example_complex.py for tasks to queue
[2022-06-17 13:12:19,597] {logging_mixin.py:115} INFO - [2022-06-17 13:12:19,597] {dagbag.py:507} INFO - Filling up the DagBag from /home/jarret/data-engineering-bootcamp/workspace/airflow-code-review/venv/lib/python3.7/site-packages/airflow/example_dags/example_complex.py
[2022-06-17 13:12:19,607] {processor.py:651} INFO - DAG(s) dict_keys(['example_complex']) retrieved from /home/jarret/data-engineering-bootcamp/workspace/airflow-code-review/venv/lib/python3.7/site-packages/airflow/example_dags/example_complex.py
[2022-06-17 13:12:19,622] {logging_mixin.py:115} INFO - [2022-06-17 13:12:19,622] {dag.py:2379} INFO - Sync 1 DAGs
[2022-06-17 13:12:19,638] {logging_mixin.py:115} INFO - [2022-06-17 13:12:19,638] {dag.py:2931} INFO - Setting next_dagrun for example_complex to None, run_after=None
[2022-06-17 13:12:19,768] {processor.py:161} INFO - Processing /home/jarret/data-engineering-bootcamp/workspace/airflow-code-review/venv/lib/python3.7/site-packages/airflow/example_dags/example_complex.py took 0.184 seconds
[2022-06-17 13:13:03,778] {processor.py:153} INFO - Started process (PID=18829) to work on /home/jarret/data-engineering-bootcamp/workspace/airflow-code-review/venv/lib/python3.7/site-packages/airflow/example_dags/example_complex.py
[2022-06-17 13:13:03,938] {processor.py:641} INFO - Processing file /home/jarret/data-engineering-bootcamp/workspace/airflow-code-review/venv/lib/python3.7/site-packages/airflow/example_dags/example_complex.py for tasks to queue
[2022-06-17 13:13:03,939] {logging_mixin.py:115} INFO - [2022-06-17 13:13:03,938] {dagbag.py:507} INFO - Filling up the DagBag from /home/jarret/data-engineering-bootcamp/workspace/airflow-code-review/venv/lib/python3.7/site-packages/airflow/example_dags/example_complex.py
[2022-06-17 13:13:03,952] {processor.py:651} INFO - DAG(s) dict_keys(['example_complex']) retrieved from /home/jarret/data-engineering-bootcamp/workspace/airflow-code-review/venv/lib/python3.7/site-packages/airflow/example_dags/example_complex.py
[2022-06-17 13:13:03,969] {logging_mixin.py:115} INFO - [2022-06-17 13:13:03,968] {dag.py:2379} INFO - Sync 1 DAGs
[2022-06-17 13:13:03,985] {logging_mixin.py:115} INFO - [2022-06-17 13:13:03,985] {dag.py:2931} INFO - Setting next_dagrun for example_complex to None, run_after=None
[2022-06-17 13:13:06,062] {processor.py:161} INFO - Processing /home/jarret/data-engineering-bootcamp/workspace/airflow-code-review/venv/lib/python3.7/site-packages/airflow/example_dags/example_complex.py took 2.287 seconds
[2022-06-17 13:14:00,981] {processor.py:153} INFO - Started process (PID=18923) to work on /home/jarret/data-engineering-bootcamp/workspace/airflow-code-review/venv/lib/python3.7/site-packages/airflow/example_dags/example_complex.py
[2022-06-17 13:14:00,987] {processor.py:641} INFO - Processing file /home/jarret/data-engineering-bootcamp/workspace/airflow-code-review/venv/lib/python3.7/site-packages/airflow/example_dags/example_complex.py for tasks to queue
[2022-06-17 13:14:00,988] {logging_mixin.py:115} INFO - [2022-06-17 13:14:00,988] {dagbag.py:507} INFO - Filling up the DagBag from /home/jarret/data-engineering-bootcamp/workspace/airflow-code-review/venv/lib/python3.7/site-packages/airflow/example_dags/example_complex.py
[2022-06-17 13:14:00,998] {processor.py:651} INFO - DAG(s) dict_keys(['example_complex']) retrieved from /home/jarret/data-engineering-bootcamp/workspace/airflow-code-review/venv/lib/python3.7/site-packages/airflow/example_dags/example_complex.py
[2022-06-17 13:14:01,013] {logging_mixin.py:115} INFO - [2022-06-17 13:14:01,013] {dag.py:2379} INFO - Sync 1 DAGs
[2022-06-17 13:14:01,029] {logging_mixin.py:115} INFO - [2022-06-17 13:14:01,029] {dag.py:2931} INFO - Setting next_dagrun for example_complex to None, run_after=None
[2022-06-17 13:14:01,147] {processor.py:161} INFO - Processing /home/jarret/data-engineering-bootcamp/workspace/airflow-code-review/venv/lib/python3.7/site-packages/airflow/example_dags/example_complex.py took 0.168 seconds
[2022-06-17 13:14:50,224] {processor.py:153} INFO - Started process (PID=18975) to work on /home/jarret/data-engineering-bootcamp/workspace/airflow-code-review/venv/lib/python3.7/site-packages/airflow/example_dags/example_complex.py
[2022-06-17 13:14:50,235] {processor.py:641} INFO - Processing file /home/jarret/data-engineering-bootcamp/workspace/airflow-code-review/venv/lib/python3.7/site-packages/airflow/example_dags/example_complex.py for tasks to queue
[2022-06-17 13:14:50,236] {logging_mixin.py:115} INFO - [2022-06-17 13:14:50,236] {dagbag.py:507} INFO - Filling up the DagBag from /home/jarret/data-engineering-bootcamp/workspace/airflow-code-review/venv/lib/python3.7/site-packages/airflow/example_dags/example_complex.py
[2022-06-17 13:14:50,246] {processor.py:651} INFO - DAG(s) dict_keys(['example_complex']) retrieved from /home/jarret/data-engineering-bootcamp/workspace/airflow-code-review/venv/lib/python3.7/site-packages/airflow/example_dags/example_complex.py
[2022-06-17 13:14:50,261] {logging_mixin.py:115} INFO - [2022-06-17 13:14:50,261] {dag.py:2379} INFO - Sync 1 DAGs
[2022-06-17 13:14:50,277] {logging_mixin.py:115} INFO - [2022-06-17 13:14:50,277] {dag.py:2931} INFO - Setting next_dagrun for example_complex to None, run_after=None
[2022-06-17 13:14:50,402] {processor.py:161} INFO - Processing /home/jarret/data-engineering-bootcamp/workspace/airflow-code-review/venv/lib/python3.7/site-packages/airflow/example_dags/example_complex.py took 0.181 seconds
[2022-06-17 13:15:42,347] {processor.py:153} INFO - Started process (PID=19021) to work on /home/jarret/data-engineering-bootcamp/workspace/airflow-code-review/venv/lib/python3.7/site-packages/airflow/example_dags/example_complex.py
[2022-06-17 13:15:42,354] {processor.py:641} INFO - Processing file /home/jarret/data-engineering-bootcamp/workspace/airflow-code-review/venv/lib/python3.7/site-packages/airflow/example_dags/example_complex.py for tasks to queue
[2022-06-17 13:15:42,354] {logging_mixin.py:115} INFO - [2022-06-17 13:15:42,354] {dagbag.py:507} INFO - Filling up the DagBag from /home/jarret/data-engineering-bootcamp/workspace/airflow-code-review/venv/lib/python3.7/site-packages/airflow/example_dags/example_complex.py
[2022-06-17 13:15:42,369] {processor.py:651} INFO - DAG(s) dict_keys(['example_complex']) retrieved from /home/jarret/data-engineering-bootcamp/workspace/airflow-code-review/venv/lib/python3.7/site-packages/airflow/example_dags/example_complex.py
[2022-06-17 13:15:42,384] {logging_mixin.py:115} INFO - [2022-06-17 13:15:42,384] {dag.py:2379} INFO - Sync 1 DAGs
[2022-06-17 13:15:42,401] {logging_mixin.py:115} INFO - [2022-06-17 13:15:42,401] {dag.py:2931} INFO - Setting next_dagrun for example_complex to None, run_after=None
[2022-06-17 13:15:42,551] {processor.py:161} INFO - Processing /home/jarret/data-engineering-bootcamp/workspace/airflow-code-review/venv/lib/python3.7/site-packages/airflow/example_dags/example_complex.py took 0.207 seconds
[2022-06-17 13:16:26,748] {processor.py:153} INFO - Started process (PID=19061) to work on /home/jarret/data-engineering-bootcamp/workspace/airflow-code-review/venv/lib/python3.7/site-packages/airflow/example_dags/example_complex.py
[2022-06-17 13:16:26,749] {processor.py:641} INFO - Processing file /home/jarret/data-engineering-bootcamp/workspace/airflow-code-review/venv/lib/python3.7/site-packages/airflow/example_dags/example_complex.py for tasks to queue
[2022-06-17 13:16:26,749] {logging_mixin.py:115} INFO - [2022-06-17 13:16:26,749] {dagbag.py:507} INFO - Filling up the DagBag from /home/jarret/data-engineering-bootcamp/workspace/airflow-code-review/venv/lib/python3.7/site-packages/airflow/example_dags/example_complex.py
[2022-06-17 13:16:26,759] {processor.py:651} INFO - DAG(s) dict_keys(['example_complex']) retrieved from /home/jarret/data-engineering-bootcamp/workspace/airflow-code-review/venv/lib/python3.7/site-packages/airflow/example_dags/example_complex.py
[2022-06-17 13:16:26,774] {logging_mixin.py:115} INFO - [2022-06-17 13:16:26,774] {dag.py:2379} INFO - Sync 1 DAGs
[2022-06-17 13:16:26,790] {logging_mixin.py:115} INFO - [2022-06-17 13:16:26,790] {dag.py:2931} INFO - Setting next_dagrun for example_complex to None, run_after=None
[2022-06-17 13:16:26,909] {processor.py:161} INFO - Processing /home/jarret/data-engineering-bootcamp/workspace/airflow-code-review/venv/lib/python3.7/site-packages/airflow/example_dags/example_complex.py took 0.164 seconds
[2022-06-17 13:17:15,814] {processor.py:153} INFO - Started process (PID=19103) to work on /home/jarret/data-engineering-bootcamp/workspace/airflow-code-review/venv/lib/python3.7/site-packages/airflow/example_dags/example_complex.py
[2022-06-17 13:17:15,824] {processor.py:641} INFO - Processing file /home/jarret/data-engineering-bootcamp/workspace/airflow-code-review/venv/lib/python3.7/site-packages/airflow/example_dags/example_complex.py for tasks to queue
[2022-06-17 13:17:15,824] {logging_mixin.py:115} INFO - [2022-06-17 13:17:15,824] {dagbag.py:507} INFO - Filling up the DagBag from /home/jarret/data-engineering-bootcamp/workspace/airflow-code-review/venv/lib/python3.7/site-packages/airflow/example_dags/example_complex.py
[2022-06-17 13:17:15,845] {processor.py:651} INFO - DAG(s) dict_keys(['example_complex']) retrieved from /home/jarret/data-engineering-bootcamp/workspace/airflow-code-review/venv/lib/python3.7/site-packages/airflow/example_dags/example_complex.py
[2022-06-17 13:17:15,861] {logging_mixin.py:115} INFO - [2022-06-17 13:17:15,860] {dag.py:2379} INFO - Sync 1 DAGs
[2022-06-17 13:17:15,877] {logging_mixin.py:115} INFO - [2022-06-17 13:17:15,877] {dag.py:2931} INFO - Setting next_dagrun for example_complex to None, run_after=None
[2022-06-17 13:17:16,281] {processor.py:161} INFO - Processing /home/jarret/data-engineering-bootcamp/workspace/airflow-code-review/venv/lib/python3.7/site-packages/airflow/example_dags/example_complex.py took 0.470 seconds
[2022-06-17 13:18:15,574] {processor.py:153} INFO - Started process (PID=19175) to work on /home/jarret/data-engineering-bootcamp/workspace/airflow-code-review/venv/lib/python3.7/site-packages/airflow/example_dags/example_complex.py
[2022-06-17 13:18:15,659] {processor.py:641} INFO - Processing file /home/jarret/data-engineering-bootcamp/workspace/airflow-code-review/venv/lib/python3.7/site-packages/airflow/example_dags/example_complex.py for tasks to queue
[2022-06-17 13:18:15,660] {logging_mixin.py:115} INFO - [2022-06-17 13:18:15,660] {dagbag.py:507} INFO - Filling up the DagBag from /home/jarret/data-engineering-bootcamp/workspace/airflow-code-review/venv/lib/python3.7/site-packages/airflow/example_dags/example_complex.py
[2022-06-17 13:18:15,671] {processor.py:651} INFO - DAG(s) dict_keys(['example_complex']) retrieved from /home/jarret/data-engineering-bootcamp/workspace/airflow-code-review/venv/lib/python3.7/site-packages/airflow/example_dags/example_complex.py
[2022-06-17 13:18:15,687] {logging_mixin.py:115} INFO - [2022-06-17 13:18:15,687] {dag.py:2379} INFO - Sync 1 DAGs
[2022-06-17 13:18:15,704] {logging_mixin.py:115} INFO - [2022-06-17 13:18:15,704] {dag.py:2931} INFO - Setting next_dagrun for example_complex to None, run_after=None
[2022-06-17 13:18:17,134] {processor.py:161} INFO - Processing /home/jarret/data-engineering-bootcamp/workspace/airflow-code-review/venv/lib/python3.7/site-packages/airflow/example_dags/example_complex.py took 1.563 seconds
[2022-06-17 13:18:58,493] {processor.py:153} INFO - Started process (PID=19211) to work on /home/jarret/data-engineering-bootcamp/workspace/airflow-code-review/venv/lib/python3.7/site-packages/airflow/example_dags/example_complex.py
[2022-06-17 13:18:58,502] {processor.py:641} INFO - Processing file /home/jarret/data-engineering-bootcamp/workspace/airflow-code-review/venv/lib/python3.7/site-packages/airflow/example_dags/example_complex.py for tasks to queue
[2022-06-17 13:18:58,502] {logging_mixin.py:115} INFO - [2022-06-17 13:18:58,502] {dagbag.py:507} INFO - Filling up the DagBag from /home/jarret/data-engineering-bootcamp/workspace/airflow-code-review/venv/lib/python3.7/site-packages/airflow/example_dags/example_complex.py
[2022-06-17 13:18:58,513] {processor.py:651} INFO - DAG(s) dict_keys(['example_complex']) retrieved from /home/jarret/data-engineering-bootcamp/workspace/airflow-code-review/venv/lib/python3.7/site-packages/airflow/example_dags/example_complex.py
[2022-06-17 13:18:58,528] {logging_mixin.py:115} INFO - [2022-06-17 13:18:58,528] {dag.py:2379} INFO - Sync 1 DAGs
[2022-06-17 13:18:58,544] {logging_mixin.py:115} INFO - [2022-06-17 13:18:58,544] {dag.py:2931} INFO - Setting next_dagrun for example_complex to None, run_after=None
[2022-06-17 13:18:58,970] {processor.py:161} INFO - Processing /home/jarret/data-engineering-bootcamp/workspace/airflow-code-review/venv/lib/python3.7/site-packages/airflow/example_dags/example_complex.py took 0.480 seconds
[2022-06-17 13:19:39,965] {processor.py:153} INFO - Started process (PID=19245) to work on /home/jarret/data-engineering-bootcamp/workspace/airflow-code-review/venv/lib/python3.7/site-packages/airflow/example_dags/example_complex.py
[2022-06-17 13:19:39,966] {processor.py:641} INFO - Processing file /home/jarret/data-engineering-bootcamp/workspace/airflow-code-review/venv/lib/python3.7/site-packages/airflow/example_dags/example_complex.py for tasks to queue
[2022-06-17 13:19:39,966] {logging_mixin.py:115} INFO - [2022-06-17 13:19:39,966] {dagbag.py:507} INFO - Filling up the DagBag from /home/jarret/data-engineering-bootcamp/workspace/airflow-code-review/venv/lib/python3.7/site-packages/airflow/example_dags/example_complex.py
[2022-06-17 13:19:39,977] {processor.py:651} INFO - DAG(s) dict_keys(['example_complex']) retrieved from /home/jarret/data-engineering-bootcamp/workspace/airflow-code-review/venv/lib/python3.7/site-packages/airflow/example_dags/example_complex.py
[2022-06-17 13:19:39,992] {logging_mixin.py:115} INFO - [2022-06-17 13:19:39,992] {dag.py:2379} INFO - Sync 1 DAGs
[2022-06-17 13:19:40,008] {logging_mixin.py:115} INFO - [2022-06-17 13:19:40,008] {dag.py:2931} INFO - Setting next_dagrun for example_complex to None, run_after=None
[2022-06-17 13:19:40,586] {processor.py:161} INFO - Processing /home/jarret/data-engineering-bootcamp/workspace/airflow-code-review/venv/lib/python3.7/site-packages/airflow/example_dags/example_complex.py took 0.625 seconds
[2022-06-17 13:20:27,824] {processor.py:153} INFO - Started process (PID=19331) to work on /home/jarret/data-engineering-bootcamp/workspace/airflow-code-review/venv/lib/python3.7/site-packages/airflow/example_dags/example_complex.py
[2022-06-17 13:20:27,850] {processor.py:641} INFO - Processing file /home/jarret/data-engineering-bootcamp/workspace/airflow-code-review/venv/lib/python3.7/site-packages/airflow/example_dags/example_complex.py for tasks to queue
[2022-06-17 13:20:27,850] {logging_mixin.py:115} INFO - [2022-06-17 13:20:27,850] {dagbag.py:507} INFO - Filling up the DagBag from /home/jarret/data-engineering-bootcamp/workspace/airflow-code-review/venv/lib/python3.7/site-packages/airflow/example_dags/example_complex.py
[2022-06-17 13:20:27,863] {processor.py:651} INFO - DAG(s) dict_keys(['example_complex']) retrieved from /home/jarret/data-engineering-bootcamp/workspace/airflow-code-review/venv/lib/python3.7/site-packages/airflow/example_dags/example_complex.py
[2022-06-17 13:20:27,878] {logging_mixin.py:115} INFO - [2022-06-17 13:20:27,878] {dag.py:2379} INFO - Sync 1 DAGs
[2022-06-17 13:20:27,893] {logging_mixin.py:115} INFO - [2022-06-17 13:20:27,893] {dag.py:2931} INFO - Setting next_dagrun for example_complex to None, run_after=None
[2022-06-17 13:20:28,094] {processor.py:161} INFO - Processing /home/jarret/data-engineering-bootcamp/workspace/airflow-code-review/venv/lib/python3.7/site-packages/airflow/example_dags/example_complex.py took 0.273 seconds
[2022-06-17 13:21:10,062] {processor.py:153} INFO - Started process (PID=19414) to work on /home/jarret/data-engineering-bootcamp/workspace/airflow-code-review/venv/lib/python3.7/site-packages/airflow/example_dags/example_complex.py
[2022-06-17 13:21:10,067] {processor.py:641} INFO - Processing file /home/jarret/data-engineering-bootcamp/workspace/airflow-code-review/venv/lib/python3.7/site-packages/airflow/example_dags/example_complex.py for tasks to queue
[2022-06-17 13:21:10,068] {logging_mixin.py:115} INFO - [2022-06-17 13:21:10,068] {dagbag.py:507} INFO - Filling up the DagBag from /home/jarret/data-engineering-bootcamp/workspace/airflow-code-review/venv/lib/python3.7/site-packages/airflow/example_dags/example_complex.py
[2022-06-17 13:21:10,087] {processor.py:651} INFO - DAG(s) dict_keys(['example_complex']) retrieved from /home/jarret/data-engineering-bootcamp/workspace/airflow-code-review/venv/lib/python3.7/site-packages/airflow/example_dags/example_complex.py
[2022-06-17 13:21:10,102] {logging_mixin.py:115} INFO - [2022-06-17 13:21:10,102] {dag.py:2379} INFO - Sync 1 DAGs
[2022-06-17 13:21:10,118] {logging_mixin.py:115} INFO - [2022-06-17 13:21:10,118] {dag.py:2931} INFO - Setting next_dagrun for example_complex to None, run_after=None
[2022-06-17 13:21:10,250] {processor.py:161} INFO - Processing /home/jarret/data-engineering-bootcamp/workspace/airflow-code-review/venv/lib/python3.7/site-packages/airflow/example_dags/example_complex.py took 0.191 seconds
[2022-06-17 13:22:05,481] {processor.py:153} INFO - Started process (PID=19527) to work on /home/jarret/data-engineering-bootcamp/workspace/airflow-code-review/venv/lib/python3.7/site-packages/airflow/example_dags/example_complex.py
[2022-06-17 13:22:05,481] {processor.py:641} INFO - Processing file /home/jarret/data-engineering-bootcamp/workspace/airflow-code-review/venv/lib/python3.7/site-packages/airflow/example_dags/example_complex.py for tasks to queue
[2022-06-17 13:22:05,482] {logging_mixin.py:115} INFO - [2022-06-17 13:22:05,482] {dagbag.py:507} INFO - Filling up the DagBag from /home/jarret/data-engineering-bootcamp/workspace/airflow-code-review/venv/lib/python3.7/site-packages/airflow/example_dags/example_complex.py
[2022-06-17 13:22:05,492] {processor.py:651} INFO - DAG(s) dict_keys(['example_complex']) retrieved from /home/jarret/data-engineering-bootcamp/workspace/airflow-code-review/venv/lib/python3.7/site-packages/airflow/example_dags/example_complex.py
[2022-06-17 13:22:05,508] {logging_mixin.py:115} INFO - [2022-06-17 13:22:05,508] {dag.py:2379} INFO - Sync 1 DAGs
[2022-06-17 13:22:05,525] {logging_mixin.py:115} INFO - [2022-06-17 13:22:05,525] {dag.py:2931} INFO - Setting next_dagrun for example_complex to None, run_after=None
[2022-06-17 13:22:05,657] {processor.py:161} INFO - Processing /home/jarret/data-engineering-bootcamp/workspace/airflow-code-review/venv/lib/python3.7/site-packages/airflow/example_dags/example_complex.py took 0.178 seconds
[2022-06-17 13:22:48,032] {processor.py:153} INFO - Started process (PID=19589) to work on /home/jarret/data-engineering-bootcamp/workspace/airflow-code-review/venv/lib/python3.7/site-packages/airflow/example_dags/example_complex.py
[2022-06-17 13:22:48,039] {processor.py:641} INFO - Processing file /home/jarret/data-engineering-bootcamp/workspace/airflow-code-review/venv/lib/python3.7/site-packages/airflow/example_dags/example_complex.py for tasks to queue
[2022-06-17 13:22:48,039] {logging_mixin.py:115} INFO - [2022-06-17 13:22:48,039] {dagbag.py:507} INFO - Filling up the DagBag from /home/jarret/data-engineering-bootcamp/workspace/airflow-code-review/venv/lib/python3.7/site-packages/airflow/example_dags/example_complex.py
[2022-06-17 13:22:48,049] {processor.py:651} INFO - DAG(s) dict_keys(['example_complex']) retrieved from /home/jarret/data-engineering-bootcamp/workspace/airflow-code-review/venv/lib/python3.7/site-packages/airflow/example_dags/example_complex.py
[2022-06-17 13:22:48,065] {logging_mixin.py:115} INFO - [2022-06-17 13:22:48,064] {dag.py:2379} INFO - Sync 1 DAGs
[2022-06-17 13:22:48,081] {logging_mixin.py:115} INFO - [2022-06-17 13:22:48,081] {dag.py:2931} INFO - Setting next_dagrun for example_complex to None, run_after=None
[2022-06-17 13:22:48,706] {processor.py:161} INFO - Processing /home/jarret/data-engineering-bootcamp/workspace/airflow-code-review/venv/lib/python3.7/site-packages/airflow/example_dags/example_complex.py took 0.678 seconds
[2022-06-17 13:23:45,587] {processor.py:153} INFO - Started process (PID=19706) to work on /home/jarret/data-engineering-bootcamp/workspace/airflow-code-review/venv/lib/python3.7/site-packages/airflow/example_dags/example_complex.py
[2022-06-17 13:23:45,588] {processor.py:641} INFO - Processing file /home/jarret/data-engineering-bootcamp/workspace/airflow-code-review/venv/lib/python3.7/site-packages/airflow/example_dags/example_complex.py for tasks to queue
[2022-06-17 13:23:45,588] {logging_mixin.py:115} INFO - [2022-06-17 13:23:45,588] {dagbag.py:507} INFO - Filling up the DagBag from /home/jarret/data-engineering-bootcamp/workspace/airflow-code-review/venv/lib/python3.7/site-packages/airflow/example_dags/example_complex.py
[2022-06-17 13:23:45,600] {processor.py:651} INFO - DAG(s) dict_keys(['example_complex']) retrieved from /home/jarret/data-engineering-bootcamp/workspace/airflow-code-review/venv/lib/python3.7/site-packages/airflow/example_dags/example_complex.py
[2022-06-17 13:23:45,617] {logging_mixin.py:115} INFO - [2022-06-17 13:23:45,616] {dag.py:2379} INFO - Sync 1 DAGs
[2022-06-17 13:23:45,634] {logging_mixin.py:115} INFO - [2022-06-17 13:23:45,633] {dag.py:2931} INFO - Setting next_dagrun for example_complex to None, run_after=None
[2022-06-17 13:23:45,752] {processor.py:161} INFO - Processing /home/jarret/data-engineering-bootcamp/workspace/airflow-code-review/venv/lib/python3.7/site-packages/airflow/example_dags/example_complex.py took 0.167 seconds
[2022-06-17 13:24:46,876] {processor.py:153} INFO - Started process (PID=19823) to work on /home/jarret/data-engineering-bootcamp/workspace/airflow-code-review/venv/lib/python3.7/site-packages/airflow/example_dags/example_complex.py
[2022-06-17 13:24:46,889] {processor.py:641} INFO - Processing file /home/jarret/data-engineering-bootcamp/workspace/airflow-code-review/venv/lib/python3.7/site-packages/airflow/example_dags/example_complex.py for tasks to queue
[2022-06-17 13:24:46,889] {logging_mixin.py:115} INFO - [2022-06-17 13:24:46,889] {dagbag.py:507} INFO - Filling up the DagBag from /home/jarret/data-engineering-bootcamp/workspace/airflow-code-review/venv/lib/python3.7/site-packages/airflow/example_dags/example_complex.py
[2022-06-17 13:24:46,899] {processor.py:651} INFO - DAG(s) dict_keys(['example_complex']) retrieved from /home/jarret/data-engineering-bootcamp/workspace/airflow-code-review/venv/lib/python3.7/site-packages/airflow/example_dags/example_complex.py
[2022-06-17 13:24:46,914] {logging_mixin.py:115} INFO - [2022-06-17 13:24:46,914] {dag.py:2379} INFO - Sync 1 DAGs
[2022-06-17 13:24:46,930] {logging_mixin.py:115} INFO - [2022-06-17 13:24:46,930] {dag.py:2931} INFO - Setting next_dagrun for example_complex to None, run_after=None
[2022-06-17 13:24:47,062] {processor.py:161} INFO - Processing /home/jarret/data-engineering-bootcamp/workspace/airflow-code-review/venv/lib/python3.7/site-packages/airflow/example_dags/example_complex.py took 0.190 seconds
[2022-06-17 13:25:39,889] {processor.py:153} INFO - Started process (PID=19923) to work on /home/jarret/data-engineering-bootcamp/workspace/airflow-code-review/venv/lib/python3.7/site-packages/airflow/example_dags/example_complex.py
[2022-06-17 13:25:39,890] {processor.py:641} INFO - Processing file /home/jarret/data-engineering-bootcamp/workspace/airflow-code-review/venv/lib/python3.7/site-packages/airflow/example_dags/example_complex.py for tasks to queue
[2022-06-17 13:25:39,891] {logging_mixin.py:115} INFO - [2022-06-17 13:25:39,891] {dagbag.py:507} INFO - Filling up the DagBag from /home/jarret/data-engineering-bootcamp/workspace/airflow-code-review/venv/lib/python3.7/site-packages/airflow/example_dags/example_complex.py
[2022-06-17 13:25:39,902] {processor.py:651} INFO - DAG(s) dict_keys(['example_complex']) retrieved from /home/jarret/data-engineering-bootcamp/workspace/airflow-code-review/venv/lib/python3.7/site-packages/airflow/example_dags/example_complex.py
[2022-06-17 13:25:39,918] {logging_mixin.py:115} INFO - [2022-06-17 13:25:39,918] {dag.py:2379} INFO - Sync 1 DAGs
[2022-06-17 13:25:39,934] {logging_mixin.py:115} INFO - [2022-06-17 13:25:39,934] {dag.py:2931} INFO - Setting next_dagrun for example_complex to None, run_after=None
[2022-06-17 13:25:40,050] {processor.py:161} INFO - Processing /home/jarret/data-engineering-bootcamp/workspace/airflow-code-review/venv/lib/python3.7/site-packages/airflow/example_dags/example_complex.py took 0.165 seconds
[2022-06-17 13:26:29,059] {processor.py:153} INFO - Started process (PID=20029) to work on /home/jarret/data-engineering-bootcamp/workspace/airflow-code-review/venv/lib/python3.7/site-packages/airflow/example_dags/example_complex.py
[2022-06-17 13:26:29,062] {processor.py:641} INFO - Processing file /home/jarret/data-engineering-bootcamp/workspace/airflow-code-review/venv/lib/python3.7/site-packages/airflow/example_dags/example_complex.py for tasks to queue
[2022-06-17 13:26:29,063] {logging_mixin.py:115} INFO - [2022-06-17 13:26:29,063] {dagbag.py:507} INFO - Filling up the DagBag from /home/jarret/data-engineering-bootcamp/workspace/airflow-code-review/venv/lib/python3.7/site-packages/airflow/example_dags/example_complex.py
[2022-06-17 13:26:29,073] {processor.py:651} INFO - DAG(s) dict_keys(['example_complex']) retrieved from /home/jarret/data-engineering-bootcamp/workspace/airflow-code-review/venv/lib/python3.7/site-packages/airflow/example_dags/example_complex.py
[2022-06-17 13:26:29,089] {logging_mixin.py:115} INFO - [2022-06-17 13:26:29,089] {dag.py:2379} INFO - Sync 1 DAGs
[2022-06-17 13:26:29,105] {logging_mixin.py:115} INFO - [2022-06-17 13:26:29,105] {dag.py:2931} INFO - Setting next_dagrun for example_complex to None, run_after=None
[2022-06-17 13:26:29,389] {processor.py:161} INFO - Processing /home/jarret/data-engineering-bootcamp/workspace/airflow-code-review/venv/lib/python3.7/site-packages/airflow/example_dags/example_complex.py took 0.334 seconds
[2022-06-17 13:27:12,124] {processor.py:153} INFO - Started process (PID=20113) to work on /home/jarret/data-engineering-bootcamp/workspace/airflow-code-review/venv/lib/python3.7/site-packages/airflow/example_dags/example_complex.py
[2022-06-17 13:27:12,130] {processor.py:641} INFO - Processing file /home/jarret/data-engineering-bootcamp/workspace/airflow-code-review/venv/lib/python3.7/site-packages/airflow/example_dags/example_complex.py for tasks to queue
[2022-06-17 13:27:12,131] {logging_mixin.py:115} INFO - [2022-06-17 13:27:12,131] {dagbag.py:507} INFO - Filling up the DagBag from /home/jarret/data-engineering-bootcamp/workspace/airflow-code-review/venv/lib/python3.7/site-packages/airflow/example_dags/example_complex.py
[2022-06-17 13:27:12,152] {processor.py:651} INFO - DAG(s) dict_keys(['example_complex']) retrieved from /home/jarret/data-engineering-bootcamp/workspace/airflow-code-review/venv/lib/python3.7/site-packages/airflow/example_dags/example_complex.py
[2022-06-17 13:27:12,170] {logging_mixin.py:115} INFO - [2022-06-17 13:27:12,170] {dag.py:2379} INFO - Sync 1 DAGs
[2022-06-17 13:27:12,188] {logging_mixin.py:115} INFO - [2022-06-17 13:27:12,188] {dag.py:2931} INFO - Setting next_dagrun for example_complex to None, run_after=None
[2022-06-17 13:27:13,336] {processor.py:161} INFO - Processing /home/jarret/data-engineering-bootcamp/workspace/airflow-code-review/venv/lib/python3.7/site-packages/airflow/example_dags/example_complex.py took 1.218 seconds
[2022-06-17 13:27:59,571] {processor.py:153} INFO - Started process (PID=20213) to work on /home/jarret/data-engineering-bootcamp/workspace/airflow-code-review/venv/lib/python3.7/site-packages/airflow/example_dags/example_complex.py
[2022-06-17 13:27:59,580] {processor.py:641} INFO - Processing file /home/jarret/data-engineering-bootcamp/workspace/airflow-code-review/venv/lib/python3.7/site-packages/airflow/example_dags/example_complex.py for tasks to queue
[2022-06-17 13:27:59,580] {logging_mixin.py:115} INFO - [2022-06-17 13:27:59,580] {dagbag.py:507} INFO - Filling up the DagBag from /home/jarret/data-engineering-bootcamp/workspace/airflow-code-review/venv/lib/python3.7/site-packages/airflow/example_dags/example_complex.py
[2022-06-17 13:27:59,597] {processor.py:651} INFO - DAG(s) dict_keys(['example_complex']) retrieved from /home/jarret/data-engineering-bootcamp/workspace/airflow-code-review/venv/lib/python3.7/site-packages/airflow/example_dags/example_complex.py
[2022-06-17 13:27:59,612] {logging_mixin.py:115} INFO - [2022-06-17 13:27:59,612] {dag.py:2379} INFO - Sync 1 DAGs
[2022-06-17 13:27:59,629] {logging_mixin.py:115} INFO - [2022-06-17 13:27:59,629] {dag.py:2931} INFO - Setting next_dagrun for example_complex to None, run_after=None
[2022-06-17 13:27:59,799] {processor.py:161} INFO - Processing /home/jarret/data-engineering-bootcamp/workspace/airflow-code-review/venv/lib/python3.7/site-packages/airflow/example_dags/example_complex.py took 0.231 seconds
[2022-06-17 13:29:01,226] {processor.py:153} INFO - Started process (PID=20283) to work on /home/jarret/data-engineering-bootcamp/workspace/airflow-code-review/venv/lib/python3.7/site-packages/airflow/example_dags/example_complex.py
[2022-06-17 13:29:01,238] {processor.py:641} INFO - Processing file /home/jarret/data-engineering-bootcamp/workspace/airflow-code-review/venv/lib/python3.7/site-packages/airflow/example_dags/example_complex.py for tasks to queue
[2022-06-17 13:29:01,238] {logging_mixin.py:115} INFO - [2022-06-17 13:29:01,238] {dagbag.py:507} INFO - Filling up the DagBag from /home/jarret/data-engineering-bootcamp/workspace/airflow-code-review/venv/lib/python3.7/site-packages/airflow/example_dags/example_complex.py
[2022-06-17 13:29:01,252] {processor.py:651} INFO - DAG(s) dict_keys(['example_complex']) retrieved from /home/jarret/data-engineering-bootcamp/workspace/airflow-code-review/venv/lib/python3.7/site-packages/airflow/example_dags/example_complex.py
[2022-06-17 13:29:01,268] {logging_mixin.py:115} INFO - [2022-06-17 13:29:01,268] {dag.py:2379} INFO - Sync 1 DAGs
[2022-06-17 13:29:01,285] {logging_mixin.py:115} INFO - [2022-06-17 13:29:01,285] {dag.py:2931} INFO - Setting next_dagrun for example_complex to None, run_after=None
[2022-06-17 13:29:01,399] {processor.py:161} INFO - Processing /home/jarret/data-engineering-bootcamp/workspace/airflow-code-review/venv/lib/python3.7/site-packages/airflow/example_dags/example_complex.py took 0.176 seconds
[2022-06-17 13:29:53,313] {processor.py:153} INFO - Started process (PID=20532) to work on /home/jarret/data-engineering-bootcamp/workspace/airflow-code-review/venv/lib/python3.7/site-packages/airflow/example_dags/example_complex.py
[2022-06-17 13:29:53,416] {processor.py:641} INFO - Processing file /home/jarret/data-engineering-bootcamp/workspace/airflow-code-review/venv/lib/python3.7/site-packages/airflow/example_dags/example_complex.py for tasks to queue
[2022-06-17 13:29:53,416] {logging_mixin.py:115} INFO - [2022-06-17 13:29:53,416] {dagbag.py:507} INFO - Filling up the DagBag from /home/jarret/data-engineering-bootcamp/workspace/airflow-code-review/venv/lib/python3.7/site-packages/airflow/example_dags/example_complex.py
[2022-06-17 13:29:53,432] {processor.py:651} INFO - DAG(s) dict_keys(['example_complex']) retrieved from /home/jarret/data-engineering-bootcamp/workspace/airflow-code-review/venv/lib/python3.7/site-packages/airflow/example_dags/example_complex.py
[2022-06-17 13:29:53,447] {logging_mixin.py:115} INFO - [2022-06-17 13:29:53,447] {dag.py:2379} INFO - Sync 1 DAGs
[2022-06-17 13:29:53,463] {logging_mixin.py:115} INFO - [2022-06-17 13:29:53,463] {dag.py:2931} INFO - Setting next_dagrun for example_complex to None, run_after=None
[2022-06-17 13:29:53,747] {processor.py:161} INFO - Processing /home/jarret/data-engineering-bootcamp/workspace/airflow-code-review/venv/lib/python3.7/site-packages/airflow/example_dags/example_complex.py took 0.436 seconds
[2022-06-17 13:30:59,560] {processor.py:153} INFO - Started process (PID=20661) to work on /home/jarret/data-engineering-bootcamp/workspace/airflow-code-review/venv/lib/python3.7/site-packages/airflow/example_dags/example_complex.py
[2022-06-17 13:30:59,561] {processor.py:641} INFO - Processing file /home/jarret/data-engineering-bootcamp/workspace/airflow-code-review/venv/lib/python3.7/site-packages/airflow/example_dags/example_complex.py for tasks to queue
[2022-06-17 13:30:59,562] {logging_mixin.py:115} INFO - [2022-06-17 13:30:59,562] {dagbag.py:507} INFO - Filling up the DagBag from /home/jarret/data-engineering-bootcamp/workspace/airflow-code-review/venv/lib/python3.7/site-packages/airflow/example_dags/example_complex.py
[2022-06-17 13:30:59,580] {processor.py:651} INFO - DAG(s) dict_keys(['example_complex']) retrieved from /home/jarret/data-engineering-bootcamp/workspace/airflow-code-review/venv/lib/python3.7/site-packages/airflow/example_dags/example_complex.py
[2022-06-17 13:30:59,596] {logging_mixin.py:115} INFO - [2022-06-17 13:30:59,595] {dag.py:2379} INFO - Sync 1 DAGs
[2022-06-17 13:30:59,612] {logging_mixin.py:115} INFO - [2022-06-17 13:30:59,612] {dag.py:2931} INFO - Setting next_dagrun for example_complex to None, run_after=None
[2022-06-17 13:30:59,974] {processor.py:161} INFO - Processing /home/jarret/data-engineering-bootcamp/workspace/airflow-code-review/venv/lib/python3.7/site-packages/airflow/example_dags/example_complex.py took 0.417 seconds
[2022-06-17 13:31:52,971] {processor.py:153} INFO - Started process (PID=21065) to work on /home/jarret/data-engineering-bootcamp/workspace/airflow-code-review/venv/lib/python3.7/site-packages/airflow/example_dags/example_complex.py
[2022-06-17 13:31:52,972] {processor.py:641} INFO - Processing file /home/jarret/data-engineering-bootcamp/workspace/airflow-code-review/venv/lib/python3.7/site-packages/airflow/example_dags/example_complex.py for tasks to queue
[2022-06-17 13:31:52,973] {logging_mixin.py:115} INFO - [2022-06-17 13:31:52,973] {dagbag.py:507} INFO - Filling up the DagBag from /home/jarret/data-engineering-bootcamp/workspace/airflow-code-review/venv/lib/python3.7/site-packages/airflow/example_dags/example_complex.py
[2022-06-17 13:31:52,985] {processor.py:651} INFO - DAG(s) dict_keys(['example_complex']) retrieved from /home/jarret/data-engineering-bootcamp/workspace/airflow-code-review/venv/lib/python3.7/site-packages/airflow/example_dags/example_complex.py
[2022-06-17 13:31:53,001] {logging_mixin.py:115} INFO - [2022-06-17 13:31:53,001] {dag.py:2379} INFO - Sync 1 DAGs
[2022-06-17 13:31:53,016] {logging_mixin.py:115} INFO - [2022-06-17 13:31:53,016] {dag.py:2931} INFO - Setting next_dagrun for example_complex to None, run_after=None
[2022-06-17 13:31:53,698] {processor.py:161} INFO - Processing /home/jarret/data-engineering-bootcamp/workspace/airflow-code-review/venv/lib/python3.7/site-packages/airflow/example_dags/example_complex.py took 0.730 seconds
[2022-06-17 13:32:50,315] {processor.py:153} INFO - Started process (PID=22298) to work on /home/jarret/data-engineering-bootcamp/workspace/airflow-code-review/venv/lib/python3.7/site-packages/airflow/example_dags/example_complex.py
[2022-06-17 13:32:50,316] {processor.py:641} INFO - Processing file /home/jarret/data-engineering-bootcamp/workspace/airflow-code-review/venv/lib/python3.7/site-packages/airflow/example_dags/example_complex.py for tasks to queue
[2022-06-17 13:32:50,317] {logging_mixin.py:115} INFO - [2022-06-17 13:32:50,317] {dagbag.py:507} INFO - Filling up the DagBag from /home/jarret/data-engineering-bootcamp/workspace/airflow-code-review/venv/lib/python3.7/site-packages/airflow/example_dags/example_complex.py
[2022-06-17 13:32:50,329] {processor.py:651} INFO - DAG(s) dict_keys(['example_complex']) retrieved from /home/jarret/data-engineering-bootcamp/workspace/airflow-code-review/venv/lib/python3.7/site-packages/airflow/example_dags/example_complex.py
[2022-06-17 13:32:50,346] {logging_mixin.py:115} INFO - [2022-06-17 13:32:50,346] {dag.py:2379} INFO - Sync 1 DAGs
[2022-06-17 13:32:50,360] {logging_mixin.py:115} INFO - [2022-06-17 13:32:50,360] {dag.py:2931} INFO - Setting next_dagrun for example_complex to None, run_after=None
[2022-06-17 13:32:50,487] {processor.py:161} INFO - Processing /home/jarret/data-engineering-bootcamp/workspace/airflow-code-review/venv/lib/python3.7/site-packages/airflow/example_dags/example_complex.py took 0.176 seconds
[2022-06-17 13:33:42,823] {processor.py:153} INFO - Started process (PID=23017) to work on /home/jarret/data-engineering-bootcamp/workspace/airflow-code-review/venv/lib/python3.7/site-packages/airflow/example_dags/example_complex.py
[2022-06-17 13:33:42,830] {processor.py:641} INFO - Processing file /home/jarret/data-engineering-bootcamp/workspace/airflow-code-review/venv/lib/python3.7/site-packages/airflow/example_dags/example_complex.py for tasks to queue
[2022-06-17 13:33:42,831] {logging_mixin.py:115} INFO - [2022-06-17 13:33:42,831] {dagbag.py:507} INFO - Filling up the DagBag from /home/jarret/data-engineering-bootcamp/workspace/airflow-code-review/venv/lib/python3.7/site-packages/airflow/example_dags/example_complex.py
[2022-06-17 13:33:42,844] {processor.py:651} INFO - DAG(s) dict_keys(['example_complex']) retrieved from /home/jarret/data-engineering-bootcamp/workspace/airflow-code-review/venv/lib/python3.7/site-packages/airflow/example_dags/example_complex.py
[2022-06-17 13:33:42,861] {logging_mixin.py:115} INFO - [2022-06-17 13:33:42,861] {dag.py:2379} INFO - Sync 1 DAGs
[2022-06-17 13:33:42,876] {logging_mixin.py:115} INFO - [2022-06-17 13:33:42,876] {dag.py:2931} INFO - Setting next_dagrun for example_complex to None, run_after=None
[2022-06-17 13:33:44,355] {processor.py:161} INFO - Processing /home/jarret/data-engineering-bootcamp/workspace/airflow-code-review/venv/lib/python3.7/site-packages/airflow/example_dags/example_complex.py took 1.535 seconds
[2022-06-17 13:34:29,230] {processor.py:153} INFO - Started process (PID=23082) to work on /home/jarret/data-engineering-bootcamp/workspace/airflow-code-review/venv/lib/python3.7/site-packages/airflow/example_dags/example_complex.py
[2022-06-17 13:34:29,242] {processor.py:641} INFO - Processing file /home/jarret/data-engineering-bootcamp/workspace/airflow-code-review/venv/lib/python3.7/site-packages/airflow/example_dags/example_complex.py for tasks to queue
[2022-06-17 13:34:29,242] {logging_mixin.py:115} INFO - [2022-06-17 13:34:29,242] {dagbag.py:507} INFO - Filling up the DagBag from /home/jarret/data-engineering-bootcamp/workspace/airflow-code-review/venv/lib/python3.7/site-packages/airflow/example_dags/example_complex.py
[2022-06-17 13:34:29,252] {processor.py:651} INFO - DAG(s) dict_keys(['example_complex']) retrieved from /home/jarret/data-engineering-bootcamp/workspace/airflow-code-review/venv/lib/python3.7/site-packages/airflow/example_dags/example_complex.py
[2022-06-17 13:34:29,269] {logging_mixin.py:115} INFO - [2022-06-17 13:34:29,269] {dag.py:2379} INFO - Sync 1 DAGs
[2022-06-17 13:34:29,284] {logging_mixin.py:115} INFO - [2022-06-17 13:34:29,284] {dag.py:2931} INFO - Setting next_dagrun for example_complex to None, run_after=None
[2022-06-17 13:34:29,404] {processor.py:161} INFO - Processing /home/jarret/data-engineering-bootcamp/workspace/airflow-code-review/venv/lib/python3.7/site-packages/airflow/example_dags/example_complex.py took 0.177 seconds
